2025-02-11T00:37:09.3299681Z ##[group]Run npm run build
2025-02-11T00:37:09.3299973Z [36;1mnpm run build[0m
2025-02-11T00:37:09.3329823Z shell: /usr/bin/bash -e {0}
2025-02-11T00:37:09.3330068Z ##[endgroup]
2025-02-11T00:37:09.4589099Z 
2025-02-11T00:37:09.4589450Z > build
2025-02-11T00:37:09.5152397Z âœ˜ [ERROR] Invalid option in build() call: "watch"
2025-02-11T00:37:09.5153363Z > node ./scripts/build.js
2025-02-11T00:37:09.5153650Z 
2025-02-11T00:37:09.5153721Z 
2025-02-11T00:37:09.5154200Z     /home/runner/work/alpine/alpine/node_modules/esbuild/lib/main.js:254:12:
2025-02-11T00:37:09.5155284Z       254 â”‚       throw new Error(`Invalid option ${where}: ${quote(key)}`);
2025-02-11T00:37:09.5155955Z           â•µ             ^
2025-02-11T00:37:09.5156201Z 
2025-02-11T00:37:09.5156835Z     at checkForInvalidFlags (/home/runner/work/alpine/alpine/node_modules/esbuild/lib/main.js:254:13)
2025-02-11T00:37:09.5158153Z     at flagsForBuildOptions (/home/runner/work/alpine/alpine/node_modules/esbuild/lib/main.js:427:3)
2025-02-11T00:37:09.5159921Z     at buildOrContextContinue (/home/runner/work/alpine/alpine/node_modules/esbuild/lib/main.js:914:9)
2025-02-11T00:37:09.5161178Z     at buildOrContextImpl (/home/runner/work/alpine/alpine/node_modules/esbuild/lib/main.js:898:5)
2025-02-11T00:37:09.5162440Z     at Object.buildOrContext (/home/runner/work/alpine/alpine/node_modules/esbuild/lib/main.js:700:5)
2025-02-11T00:37:09.5163785Z     at /home/runner/work/alpine/alpine/node_modules/esbuild/lib/main.js:2030:15
2025-02-11T00:37:09.5164549Z     at new Promise (<anonymous>)
2025-02-11T00:37:09.5165416Z     at Object.build (/home/runner/work/alpine/alpine/node_modules/esbuild/lib/main.js:2029:25)
2025-02-11T00:37:09.5166605Z     at Object.build (/home/runner/work/alpine/alpine/node_modules/esbuild/lib/main.js:1880:51)
2025-02-11T00:37:09.5167617Z     at build (/home/runner/work/alpine/alpine/scripts/build.js:91:31)
2025-02-11T00:37:09.5168098Z 
2025-02-11T00:37:09.5168653Z âœ˜ [ERROR] Invalid option in build() call: "watch"
2025-02-11T00:37:09.5169039Z 
2025-02-11T00:37:09.5169499Z     /home/runner/work/alpine/alpine/node_modules/esbuild/lib/main.js:254:12:
2025-02-11T00:37:09.5170496Z       254 â”‚       throw new Error(`Invalid option ${where}: ${quote(key)}`);
2025-02-11T00:37:09.5171102Z           â•µ             ^
2025-02-11T00:37:09.5171336Z 
2025-02-11T00:37:09.5171943Z     at checkForInvalidFlags (/home/runner/work/alpine/alpine/node_modules/esbuild/lib/main.js:254:13)
2025-02-11T00:37:09.5173429Z     at flagsForBuildOptions (/home/runner/work/alpine/alpine/node_modules/esbuild/lib/main.js:427:3)
2025-02-11T00:37:09.5174734Z     at buildOrContextContinue (/home/runner/work/alpine/alpine/node_modules/esbuild/lib/main.js:914:9)
2025-02-11T00:37:09.5175978Z     at buildOrContextImpl (/home/runner/work/alpine/alpine/node_modules/esbuild/lib/main.js:898:5)
2025-02-11T00:37:09.5177197Z     at Object.buildOrContext (/home/runner/work/alpine/alpine/node_modules/esbuild/lib/main.js:700:5)
2025-02-11T00:37:09.5178299Z     at /home/runner/work/alpine/alpine/node_modules/esbuild/lib/main.js:2030:15
2025-02-11T00:37:09.5178991Z     at new Promise (<anonymous>)
2025-02-11T00:37:09.5179786Z     at Object.build (/home/runner/work/alpine/alpine/node_modules/esbuild/lib/main.js:2029:25)
2025-02-11T00:37:09.5180918Z     at Object.build (/home/runner/work/alpine/alpine/node_modules/esbuild/lib/main.js:1880:51)
2025-02-11T00:37:09.5181921Z     at build (/home/runner/work/alpine/alpine/scripts/build.js:91:31)
2025-02-11T00:37:09.5182410Z 
2025-02-11T00:37:09.5182972Z âœ˜ [ERROR] Invalid option in build() call: "watch"
2025-02-11T00:37:09.5183586Z 
2025-02-11T00:37:09.5184054Z     /home/runner/work/alpine/alpine/node_modules/esbuild/lib/main.js:254:12:
2025-02-11T00:37:09.5185110Z       254 â”‚       throw new Error(`Invalid option ${where}: ${quote(key)}`);
2025-02-11T00:37:09.5185807Z           â•µ             ^
2025-02-11T00:37:09.5186079Z 
2025-02-11T00:37:09.5186712Z     at checkForInvalidFlags (/home/runner/work/alpine/alpine/node_modules/esbuild/lib/main.js:254:13)
2025-02-11T00:37:09.5188256Z     at flagsForBuildOptions (/home/runner/work/alpine/alpine/node_modules/esbuild/lib/main.js:427:3)
2025-02-11T00:37:09.5189503Z     at buildOrContextContinue (/home/runner/work/alpine/alpine/node_modules/esbuild/lib/main.js:914:9)
2025-02-11T00:37:09.5190776Z     at buildOrContextImpl (/home/runner/work/alpine/alpine/node_modules/esbuild/lib/main.js:898:5)
2025-02-11T00:37:09.5192005Z     at Object.buildOrContext (/home/runner/work/alpine/alpine/node_modules/esbuild/lib/main.js:700:5)
2025-02-11T00:37:09.5193385Z     at /home/runner/work/alpine/alpine/node_modules/esbuild/lib/main.js:2030:15
2025-02-11T00:37:09.5194138Z     at new Promise (<anonymous>)
2025-02-11T00:37:09.5194958Z     at Object.build (/home/runner/work/alpine/alpine/node_modules/esbuild/lib/main.js:2029:25)
2025-02-11T00:37:09.5196124Z     at Object.build (/home/runner/work/alpine/alpine/node_modules/esbuild/lib/main.js:1880:51)
2025-02-11T00:37:09.5197101Z     at build (/home/runner/work/alpine/alpine/scripts/build.js:91:31)
2025-02-11T00:37:09.5197782Z 
2025-02-11T00:37:09.5198291Z âœ˜ [ERROR] Invalid option in build() call: "watch"
2025-02-11T00:37:09.5198637Z 
2025-02-11T00:37:09.5199066Z     /home/runner/work/alpine/alpine/node_modules/esbuild/lib/main.js:254:12:
2025-02-11T00:37:09.5200003Z       254 â”‚       throw new Error(`Invalid option ${where}: ${quote(key)}`);
2025-02-11T00:37:09.5200650Z           â•µ             ^
2025-02-11T00:37:09.5200894Z 
2025-02-11T00:37:09.5201519Z     at checkForInvalidFlags (/home/runner/work/alpine/alpine/node_modules/esbuild/lib/main.js:254:13)
2025-02-11T00:37:09.5202845Z     at flagsForBuildOptions (/home/runner/work/alpine/alpine/node_modules/esbuild/lib/main.js:427:3)
2025-02-11T00:37:09.5204398Z     at buildOrContextContinue (/home/runner/work/alpine/alpine/node_modules/esbuild/lib/main.js:914:9)
2025-02-11T00:37:09.5205661Z     at buildOrContextImpl (/home/runner/work/alpine/alpine/node_modules/esbuild/lib/main.js:898:5)
2025-02-11T00:37:09.5206884Z     at Object.buildOrContext (/home/runner/work/alpine/alpine/node_modules/esbuild/lib/main.js:700:5)
2025-02-11T00:37:09.5207939Z     at /home/runner/work/alpine/alpine/node_modules/esbuild/lib/main.js:2030:15
2025-02-11T00:37:09.5208603Z     at new Promise (<anonymous>)
2025-02-11T00:37:09.5209383Z     at Object.build (/home/runner/work/alpine/alpine/node_modules/esbuild/lib/main.js:2029:25)
2025-02-11T00:37:09.5210523Z     at Object.build (/home/runner/work/alpine/alpine/node_modules/esbuild/lib/main.js:1880:51)
2025-02-11T00:37:09.5211518Z     at build (/home/runner/work/alpine/alpine/scripts/build.js:91:31)
2025-02-11T00:37:09.5211994Z 
2025-02-11T00:37:09.5212564Z âœ˜ [ERROR] Invalid option in build() call: "watch"
2025-02-11T00:37:09.5212953Z 
2025-02-11T00:37:09.5213615Z     /home/runner/work/alpine/alpine/node_modules/esbuild/lib/main.js:254:12:
2025-02-11T00:37:09.5214663Z       254 â”‚       throw new Error(`Invalid option ${where}: ${quote(key)}`);
2025-02-11T00:37:09.5215297Z           â•µ             ^
2025-02-11T00:37:09.5215527Z 
2025-02-11T00:37:09.5216140Z     at checkForInvalidFlags (/home/runner/work/alpine/alpine/node_modules/esbuild/lib/main.js:254:13)
2025-02-11T00:37:09.5217373Z     at flagsForBuildOptions (/home/runner/work/alpine/alpine/node_modules/esbuild/lib/main.js:427:3)
2025-02-11T00:37:09.5218597Z     at buildOrContextContinue (/home/runner/work/alpine/alpine/node_modules/esbuild/lib/main.js:914:9)
2025-02-11T00:37:09.5219849Z     at buildOrContextImpl (/home/runner/work/alpine/alpine/node_modules/esbuild/lib/main.js:898:5)
2025-02-11T00:37:09.5221127Z     at Object.buildOrContext (/home/runner/work/alpine/alpine/node_modules/esbuild/lib/main.js:700:5)
2025-02-11T00:37:09.5222265Z     at /home/runner/work/alpine/alpine/node_modules/esbuild/lib/main.js:2030:15
2025-02-11T00:37:09.5223025Z     at new Promise (<anonymous>)
2025-02-11T00:37:09.5224075Z     at Object.build (/home/runner/work/alpine/alpine/node_modules/esbuild/lib/main.js:2029:25)
2025-02-11T00:37:09.5225246Z     at Object.build (/home/runner/work/alpine/alpine/node_modules/esbuild/lib/main.js:1880:51)
2025-02-11T00:37:09.5226464Z     at build (/home/runner/work/alpine/alpine/scripts/build.js:91:31)
2025-02-11T00:37:09.5226903Z 
2025-02-11T00:37:09.5227364Z âœ˜ [ERROR] Invalid option in build() call: "watch"
2025-02-11T00:37:09.5227710Z 
2025-02-11T00:37:09.5228138Z     /home/runner/work/alpine/alpine/node_modules/esbuild/lib/main.js:254:12:
2025-02-11T00:37:09.5229147Z       254 â”‚       throw new Error(`Invalid option ${where}: ${quote(key)}`);
2025-02-11T00:37:09.5229725Z           â•µ             ^
2025-02-11T00:37:09.5229957Z 
2025-02-11T00:37:09.5230597Z     at checkForInvalidFlags (/home/runner/work/alpine/alpine/node_modules/esbuild/lib/main.js:254:13)
2025-02-11T00:37:09.5231903Z     at flagsForBuildOptions (/home/runner/work/alpine/alpine/node_modules/esbuild/lib/main.js:427:3)
2025-02-11T00:37:09.5233406Z     at buildOrContextContinue (/home/runner/work/alpine/alpine/node_modules/esbuild/lib/main.js:914:9)
2025-02-11T00:37:09.5234950Z     at buildOrContextImpl (/home/runner/work/alpine/alpine/node_modules/esbuild/lib/main.js:898:5)
2025-02-11T00:37:09.5236261Z     at Object.buildOrContext (/home/runner/work/alpine/alpine/node_modules/esbuild/lib/main.js:700:5)
2025-02-11T00:37:09.5237402Z     at /home/runner/work/alpine/alpine/node_modules/esbuild/lib/main.js:2030:15
2025-02-11T00:37:09.5238100Z     at new Promise (<anonymous>)
2025-02-11T00:37:09.5238838Z     at Object.build (/home/runner/work/alpine/alpine/node_modules/esbuild/lib/main.js:2029:25)
2025-02-11T00:37:09.5239922Z     at Object.build (/home/runner/work/alpine/alpine/node_modules/esbuild/lib/main.js:1880:51)
2025-02-11T00:37:09.5240843Z     at build (/home/runner/work/alpine/alpine/scripts/build.js:91:31)
2025-02-11T00:37:09.5241270Z 
2025-02-11T00:37:09.5241771Z âœ˜ [ERROR] Invalid option in build() call: "watch"
2025-02-11T00:37:09.5242126Z 
2025-02-11T00:37:09.5242560Z     /home/runner/work/alpine/alpine/node_modules/esbuild/lib/main.js:254:12:
2025-02-11T00:37:09.5243802Z       254 â”‚       throw new Error(`Invalid option ${where}: ${quote(key)}`);
2025-02-11T00:37:09.5244473Z           â•µ             ^
2025-02-11T00:37:09.5244714Z 
2025-02-11T00:37:09.5245337Z     at checkForInvalidFlags (/home/runner/work/alpine/alpine/node_modules/esbuild/lib/main.js:254:13)
2025-02-11T00:37:09.5246630Z     at flagsForBuildOptions (/home/runner/work/alpine/alpine/node_modules/esbuild/lib/main.js:427:3)
2025-02-11T00:37:09.5247957Z     at buildOrContextContinue (/home/runner/work/alpine/alpine/node_modules/esbuild/lib/main.js:914:9)
2025-02-11T00:37:09.5249282Z     at buildOrContextImpl (/home/runner/work/alpine/alpine/node_modules/esbuild/lib/main.js:898:5)
2025-02-11T00:37:09.5250569Z     at Object.buildOrContext (/home/runner/work/alpine/alpine/node_modules/esbuild/lib/main.js:700:5)
2025-02-11T00:37:09.5251663Z     at /home/runner/work/alpine/alpine/node_modules/esbuild/lib/main.js:2030:15
2025-02-11T00:37:09.5252361Z     at new Promise (<anonymous>)
2025-02-11T00:37:09.5253316Z     at Object.build (/home/runner/work/alpine/alpine/node_modules/esbuild/lib/main.js:2029:25)
2025-02-11T00:37:09.5254460Z     at Object.build (/home/runner/work/alpine/alpine/node_modules/esbuild/lib/main.js:1880:51)
2025-02-11T00:37:09.5255374Z     at build (/home/runner/work/alpine/alpine/scripts/build.js:91:31)
2025-02-11T00:37:09.5255804Z 
2025-02-11T00:37:09.5256279Z âœ˜ [ERROR] Invalid option in build() call: "watch"
2025-02-11T00:37:09.5256626Z 
2025-02-11T00:37:09.5257054Z     /home/runner/work/alpine/alpine/node_modules/esbuild/lib/main.js:254:12:
2025-02-11T00:37:09.5258060Z       254 â”‚       throw new Error(`Invalid option ${where}: ${quote(key)}`);
2025-02-11T00:37:09.5258723Z           â•µ             ^
2025-02-11T00:37:09.5258967Z 
2025-02-11T00:37:09.5259572Z     at checkForInvalidFlags (/home/runner/work/alpine/alpine/node_modules/esbuild/lib/main.js:254:13)
2025-02-11T00:37:09.5260898Z     at flagsForBuildOptions (/home/runner/work/alpine/alpine/node_modules/esbuild/lib/main.js:427:3)
2025-02-11T00:37:09.5262263Z     at buildOrContextContinue (/home/runner/work/alpine/alpine/node_modules/esbuild/lib/main.js:914:9)
2025-02-11T00:37:09.5264069Z     at buildOrContextImpl (/home/runner/work/alpine/alpine/node_modules/esbuild/lib/main.js:898:5)
2025-02-11T00:37:09.5265286Z     at Object.buildOrContext (/home/runner/work/alpine/alpine/node_modules/esbuild/lib/main.js:700:5)
2025-02-11T00:37:09.5266346Z     at /home/runner/work/alpine/alpine/node_modules/esbuild/lib/main.js:2030:15
2025-02-11T00:37:09.5267068Z     at new Promise (<anonymous>)
2025-02-11T00:37:09.5267894Z     at Object.build (/home/runner/work/alpine/alpine/node_modules/esbuild/lib/main.js:2029:25)
2025-02-11T00:37:09.5269081Z     at Object.build (/home/runner/work/alpine/alpine/node_modules/esbuild/lib/main.js:1880:51)
2025-02-11T00:37:09.5270093Z     at build (/home/runner/work/alpine/alpine/scripts/build.js:91:31)
2025-02-11T00:37:09.5270571Z 
2025-02-11T00:37:09.5271127Z âœ˜ [ERROR] Invalid option in build() call: "watch"
2025-02-11T00:37:09.5271746Z 
2025-02-11T00:37:09.5272182Z     /home/runner/work/alpine/alpine/node_modules/esbuild/lib/main.js:254:12:
2025-02-11T00:37:09.5273337Z       254 â”‚       throw new Error(`Invalid option ${where}: ${quote(key)}`);
2025-02-11T00:37:09.5273925Z           â•µ             ^
2025-02-11T00:37:09.5274141Z 
2025-02-11T00:37:09.5274748Z     at checkForInvalidFlags (/home/runner/work/alpine/alpine/node_modules/esbuild/lib/main.js:254:13)
2025-02-11T00:37:09.5276032Z     at flagsForBuildOptions (/home/runner/work/alpine/alpine/node_modules/esbuild/lib/main.js:427:3)
2025-02-11T00:37:09.5277311Z     at buildOrContextContinue (/home/runner/work/alpine/alpine/node_modules/esbuild/lib/main.js:914:9)
2025-02-11T00:37:09.5278539Z     at buildOrContextImpl (/home/runner/work/alpine/alpine/node_modules/esbuild/lib/main.js:898:5)
2025-02-11T00:37:09.5279832Z     at Object.buildOrContext (/home/runner/work/alpine/alpine/node_modules/esbuild/lib/main.js:700:5)
2025-02-11T00:37:09.5280942Z     at /home/runner/work/alpine/alpine/node_modules/esbuild/lib/main.js:2030:15
2025-02-11T00:37:09.5281713Z     at new Promise (<anonymous>)
2025-02-11T00:37:09.5282553Z     at Object.build (/home/runner/work/alpine/alpine/node_modules/esbuild/lib/main.js:2029:25)
2025-02-11T00:37:09.5283877Z     at Object.build (/home/runner/work/alpine/alpine/node_modules/esbuild/lib/main.js:1880:51)
2025-02-11T00:37:09.5284805Z     at build (/home/runner/work/alpine/alpine/scripts/build.js:91:31)
2025-02-11T00:37:09.5285233Z 
2025-02-11T00:37:09.5285731Z âœ˜ [ERROR] Invalid option in build() call: "watch"
2025-02-11T00:37:09.5286086Z 
2025-02-11T00:37:09.5286509Z     /home/runner/work/alpine/alpine/node_modules/esbuild/lib/main.js:254:12:
2025-02-11T00:37:09.5287501Z       254 â”‚       throw new Error(`Invalid option ${where}: ${quote(key)}`);
2025-02-11T00:37:09.5288177Z           â•µ             ^
2025-02-11T00:37:09.5288422Z 
2025-02-11T00:37:09.5289066Z     at checkForInvalidFlags (/home/runner/work/alpine/alpine/node_modules/esbuild/lib/main.js:254:13)
2025-02-11T00:37:09.5290398Z     at flagsForBuildOptions (/home/runner/work/alpine/alpine/node_modules/esbuild/lib/main.js:427:3)
2025-02-11T00:37:09.5291693Z     at buildOrContextContinue (/home/runner/work/alpine/alpine/node_modules/esbuild/lib/main.js:914:9)
2025-02-11T00:37:09.5292922Z     at buildOrContextImpl (/home/runner/work/alpine/alpine/node_modules/esbuild/lib/main.js:898:5)
2025-02-11T00:37:09.5294328Z     at Object.buildOrContext (/home/runner/work/alpine/alpine/node_modules/esbuild/lib/main.js:700:5)
2025-02-11T00:37:09.5295380Z     at /home/runner/work/alpine/alpine/node_modules/esbuild/lib/main.js:2030:15
2025-02-11T00:37:09.5327355Z     at new Promise (<anonymous>)
2025-02-11T00:37:09.5328266Z     at Object.build (/home/runner/work/alpine/alpine/node_modules/esbuild/lib/main.js:2029:25)
2025-02-11T00:37:09.5329855Z     at Object.build (/home/runner/work/alpine/alpine/node_modules/esbuild/lib/main.js:1880:51)
2025-02-11T00:37:09.5330882Z     at build (/home/runner/work/alpine/alpine/scripts/build.js:91:31)
2025-02-11T00:37:09.5331626Z 
2025-02-11T00:37:09.5332142Z âœ˜ [ERROR] Invalid option in build() call: "watch"
2025-02-11T00:37:09.5332544Z 
2025-02-11T00:37:09.5333009Z     /home/runner/work/alpine/alpine/node_modules/esbuild/lib/main.js:254:12:
2025-02-11T00:37:09.5334236Z       254 â”‚       throw new Error(`Invalid option ${where}: ${quote(key)}`);
2025-02-11T00:37:09.5334828Z           â•µ             ^
2025-02-11T00:37:09.5335046Z 
2025-02-11T00:37:09.5335649Z     at checkForInvalidFlags (/home/runner/work/alpine/alpine/node_modules/esbuild/lib/main.js:254:13)
2025-02-11T00:37:09.5336909Z     at flagsForBuildOptions (/home/runner/work/alpine/alpine/node_modules/esbuild/lib/main.js:427:3)
2025-02-11T00:37:09.5338412Z     at buildOrContextContinue (/home/runner/work/alpine/alpine/node_modules/esbuild/lib/main.js:914:9)
2025-02-11T00:37:09.5339785Z     at buildOrContextImpl (/home/runner/work/alpine/alpine/node_modules/esbuild/lib/main.js:898:5)
2025-02-11T00:37:09.5342008Z     at Object.buildOrContext (/home/runner/work/alpine/alpine/node_modules/esbuild/lib/main.js:700:5)
2025-02-11T00:37:09.5343293Z     at /home/runner/work/alpine/alpine/node_modules/esbuild/lib/main.js:2030:15
2025-02-11T00:37:09.5343983Z     at new Promise (<anonymous>)
2025-02-11T00:37:09.5344762Z     at Object.build (/home/runner/work/alpine/alpine/node_modules/esbuild/lib/main.js:2029:25)
2025-02-11T00:37:09.5345888Z     at Object.build (/home/runner/work/alpine/alpine/node_modules/esbuild/lib/main.js:1880:51)
2025-02-11T00:37:09.5346887Z     at build (/home/runner/work/alpine/alpine/scripts/build.js:91:31)
2025-02-11T00:37:09.5347358Z 
2025-02-11T00:37:09.5347955Z âœ˜ [ERROR] Invalid option in build() call: "watch"
2025-02-11T00:37:09.5348348Z 
2025-02-11T00:37:09.5348803Z     /home/runner/work/alpine/alpine/node_modules/esbuild/lib/main.js:254:12:
2025-02-11T00:37:09.5349790Z       254 â”‚       throw new Error(`Invalid option ${where}: ${quote(key)}`);
2025-02-11T00:37:09.5350371Z           â•µ             ^
2025-02-11T00:37:09.5350610Z 
2025-02-11T00:37:09.5351224Z     at checkForInvalidFlags (/home/runner/work/alpine/alpine/node_modules/esbuild/lib/main.js:254:13)
2025-02-11T00:37:09.5352462Z     at flagsForBuildOptions (/home/runner/work/alpine/alpine/node_modules/esbuild/lib/main.js:427:3)
2025-02-11T00:37:09.5353954Z     at buildOrContextContinue (/home/runner/work/alpine/alpine/node_modules/esbuild/lib/main.js:914:9)
2025-02-11T00:37:09.5355280Z     at buildOrContextImpl (/home/runner/work/alpine/alpine/node_modules/esbuild/lib/main.js:898:5)
2025-02-11T00:37:09.5356563Z     at Object.buildOrContext (/home/runner/work/alpine/alpine/node_modules/esbuild/lib/main.js:700:5)
2025-02-11T00:37:09.5357647Z     at /home/runner/work/alpine/alpine/node_modules/esbuild/lib/main.js:2030:15
2025-02-11T00:37:09.5358336Z     at new Promise (<anonymous>)
2025-02-11T00:37:09.5359108Z     at Object.build (/home/runner/work/alpine/alpine/node_modules/esbuild/lib/main.js:2029:25)
2025-02-11T00:37:09.5360181Z     at Object.build (/home/runner/work/alpine/alpine/node_modules/esbuild/lib/main.js:1880:51)
2025-02-11T00:37:09.5361175Z     at build (/home/runner/work/alpine/alpine/scripts/build.js:91:31)
2025-02-11T00:37:09.5361651Z 
2025-02-11T00:37:09.5362160Z âœ˜ [ERROR] Invalid option in build() call: "watch"
2025-02-11T00:37:09.5362542Z 
2025-02-11T00:37:09.5362987Z     /home/runner/work/alpine/alpine/node_modules/esbuild/lib/main.js:254:12:
2025-02-11T00:37:09.5364226Z       254 â”‚       throw new Error(`Invalid option ${where}: ${quote(key)}`);
2025-02-11T00:37:09.5364871Z           â•µ             ^
2025-02-11T00:37:09.5365097Z 
2025-02-11T00:37:09.5365692Z     at checkForInvalidFlags (/home/runner/work/alpine/alpine/node_modules/esbuild/lib/main.js:254:13)
2025-02-11T00:37:09.5366908Z     at flagsForBuildOptions (/home/runner/work/alpine/alpine/node_modules/esbuild/lib/main.js:427:3)
2025-02-11T00:37:09.5368132Z     at buildOrContextContinue (/home/runner/work/alpine/alpine/node_modules/esbuild/lib/main.js:914:9)
2025-02-11T00:37:09.5369417Z     at buildOrContextImpl (/home/runner/work/alpine/alpine/node_modules/esbuild/lib/main.js:898:5)
2025-02-11T00:37:09.5370989Z     at Object.buildOrContext (/home/runner/work/alpine/alpine/node_modules/esbuild/lib/main.js:700:5)
2025-02-11T00:37:09.5372113Z     at /home/runner/work/alpine/alpine/node_modules/esbuild/lib/main.js:2030:15
2025-02-11T00:37:09.5372784Z     at new Promise (<anonymous>)
2025-02-11T00:37:09.5373757Z     at Object.build (/home/runner/work/alpine/alpine/node_modules/esbuild/lib/main.js:2029:25)
2025-02-11T00:37:09.5374843Z     at Object.build (/home/runner/work/alpine/alpine/node_modules/esbuild/lib/main.js:1880:51)
2025-02-11T00:37:09.5375793Z     at build (/home/runner/work/alpine/alpine/scripts/build.js:91:31)
2025-02-11T00:37:09.5376259Z 
2025-02-11T00:37:09.5376766Z âœ˜ [ERROR] Invalid option in build() call: "watch"
2025-02-11T00:37:09.5377154Z 
2025-02-11T00:37:09.5377602Z     /home/runner/work/alpine/alpine/node_modules/esbuild/lib/main.js:254:12:
2025-02-11T00:37:09.5378917Z       254 â”‚       throw new Error(`Invalid option ${where}: ${quote(key)}`);
2025-02-11T00:37:09.5379537Z           â•µ             ^
2025-02-11T00:37:09.5379769Z 
2025-02-11T00:37:09.5380347Z     at checkForInvalidFlags (/home/runner/work/alpine/alpine/node_modules/esbuild/lib/main.js:254:13)
2025-02-11T00:37:09.5381353Z     at flagsForBuildOptions (/home/runner/work/alpine/alpine/node_modules/esbuild/lib/main.js:427:3)
2025-02-11T00:37:09.5382573Z     at buildOrContextContinue (/home/runner/work/alpine/alpine/node_modules/esbuild/lib/main.js:914:9)
2025-02-11T00:37:09.5383946Z     at buildOrContextImpl (/home/runner/work/alpine/alpine/node_modules/esbuild/lib/main.js:898:5)
2025-02-11T00:37:09.5385138Z     at Object.buildOrContext (/home/runner/work/alpine/alpine/node_modules/esbuild/lib/main.js:700:5)
2025-02-11T00:37:09.5386247Z     at /home/runner/work/alpine/alpine/node_modules/esbuild/lib/main.js:2030:15
2025-02-11T00:37:09.5386982Z     at new Promise (<anonymous>)
2025-02-11T00:37:09.5387835Z     at Object.build (/home/runner/work/alpine/alpine/node_modules/esbuild/lib/main.js:2029:25)
2025-02-11T00:37:09.5389011Z     at Object.build (/home/runner/work/alpine/alpine/node_modules/esbuild/lib/main.js:1880:51)
2025-02-11T00:37:09.5389964Z     at build (/home/runner/work/alpine/alpine/scripts/build.js:91:31)
2025-02-11T00:37:09.5390393Z 
2025-02-11T00:37:09.5390909Z âœ˜ [ERROR] Invalid option in build() call: "watch"
2025-02-11T00:37:09.5391252Z 
2025-02-11T00:37:09.5391672Z     /home/runner/work/alpine/alpine/node_modules/esbuild/lib/main.js:254:12:
2025-02-11T00:37:09.5392634Z       254 â”‚       throw new Error(`Invalid option ${where}: ${quote(key)}`);
2025-02-11T00:37:09.5393468Z           â•µ             ^
2025-02-11T00:37:09.5393726Z 
2025-02-11T00:37:09.5394358Z     at checkForInvalidFlags (/home/runner/work/alpine/alpine/node_modules/esbuild/lib/main.js:254:13)
2025-02-11T00:37:09.5395677Z     at flagsForBuildOptions (/home/runner/work/alpine/alpine/node_modules/esbuild/lib/main.js:427:3)
2025-02-11T00:37:09.5397008Z     at buildOrContextContinue (/home/runner/work/alpine/alpine/node_modules/esbuild/lib/main.js:914:9)
2025-02-11T00:37:09.5398251Z     at buildOrContextImpl (/home/runner/work/alpine/alpine/node_modules/esbuild/lib/main.js:898:5)
2025-02-11T00:37:09.5399424Z     at Object.buildOrContext (/home/runner/work/alpine/alpine/node_modules/esbuild/lib/main.js:700:5)
2025-02-11T00:37:09.5400495Z     at /home/runner/work/alpine/alpine/node_modules/esbuild/lib/main.js:2030:15
2025-02-11T00:37:09.5401222Z     at new Promise (<anonymous>)
2025-02-11T00:37:09.5402079Z     at Object.build (/home/runner/work/alpine/alpine/node_modules/esbuild/lib/main.js:2029:25)
2025-02-11T00:37:09.5403429Z     at Object.build (/home/runner/work/alpine/alpine/node_modules/esbuild/lib/main.js:1880:51)
2025-02-11T00:37:09.5404387Z     at build (/home/runner/work/alpine/alpine/scripts/build.js:91:31)
2025-02-11T00:37:09.5404812Z 
2025-02-11T00:37:09.5405272Z âœ˜ [ERROR] Invalid option in build() call: "watch"
2025-02-11T00:37:09.5405624Z 
2025-02-11T00:37:09.5406041Z     /home/runner/work/alpine/alpine/node_modules/esbuild/lib/main.js:254:12:
2025-02-11T00:37:09.5407235Z       254 â”‚       throw new Error(`Invalid option ${where}: ${quote(key)}`);
2025-02-11T00:37:09.5407889Z           â•µ             ^
2025-02-11T00:37:09.5408142Z 
2025-02-11T00:37:09.5408764Z     at checkForInvalidFlags (/home/runner/work/alpine/alpine/node_modules/esbuild/lib/main.js:254:13)
2025-02-11T00:37:09.5410091Z     at flagsForBuildOptions (/home/runner/work/alpine/alpine/node_modules/esbuild/lib/main.js:427:3)
2025-02-11T00:37:09.5411358Z     at buildOrContextContinue (/home/runner/work/alpine/alpine/node_modules/esbuild/lib/main.js:914:9)
2025-02-11T00:37:09.5412560Z     at buildOrContextImpl (/home/runner/work/alpine/alpine/node_modules/esbuild/lib/main.js:898:5)
2025-02-11T00:37:09.5413937Z     at Object.buildOrContext (/home/runner/work/alpine/alpine/node_modules/esbuild/lib/main.js:700:5)
2025-02-11T00:37:09.5415042Z     at /home/runner/work/alpine/alpine/node_modules/esbuild/lib/main.js:2030:15
2025-02-11T00:37:09.5416021Z     at new Promise (<anonymous>)
2025-02-11T00:37:09.5416869Z     at Object.build (/home/runner/work/alpine/alpine/node_modules/esbuild/lib/main.js:2029:25)
2025-02-11T00:37:09.5418035Z     at Object.build (/home/runner/work/alpine/alpine/node_modules/esbuild/lib/main.js:1880:51)
2025-02-11T00:37:09.5418961Z     at build (/home/runner/work/alpine/alpine/scripts/build.js:91:31)
2025-02-11T00:37:09.5419388Z 
2025-02-11T00:37:09.5419840Z âœ˜ [ERROR] Invalid option in build() call: "watch"
2025-02-11T00:37:09.5420180Z 
2025-02-11T00:37:09.5420591Z     /home/runner/work/alpine/alpine/node_modules/esbuild/lib/main.js:254:12:
2025-02-11T00:37:09.5421559Z       254 â”‚       throw new Error(`Invalid option ${where}: ${quote(key)}`);
2025-02-11T00:37:09.5422223Z           â•µ             ^
2025-02-11T00:37:09.5422474Z 
2025-02-11T00:37:09.5423290Z     at checkForInvalidFlags (/home/runner/work/alpine/alpine/node_modules/esbuild/lib/main.js:254:13)
2025-02-11T00:37:09.5424618Z     at flagsForBuildOptions (/home/runner/work/alpine/alpine/node_modules/esbuild/lib/main.js:427:3)
2025-02-11T00:37:09.5425888Z     at buildOrContextContinue (/home/runner/work/alpine/alpine/node_modules/esbuild/lib/main.js:914:9)
2025-02-11T00:37:09.5427099Z     at buildOrContextImpl (/home/runner/work/alpine/alpine/node_modules/esbuild/lib/main.js:898:5)
2025-02-11T00:37:09.5428284Z     at Object.buildOrContext (/home/runner/work/alpine/alpine/node_modules/esbuild/lib/main.js:700:5)
2025-02-11T00:37:09.5429464Z     at /home/runner/work/alpine/alpine/node_modules/esbuild/lib/main.js:2030:15
2025-02-11T00:37:09.5430220Z     at new Promise (<anonymous>)
2025-02-11T00:37:09.5431046Z     at Object.build (/home/runner/work/alpine/alpine/node_modules/esbuild/lib/main.js:2029:25)
2025-02-11T00:37:09.5432153Z     at Object.build (/home/runner/work/alpine/alpine/node_modules/esbuild/lib/main.js:1880:51)
2025-02-11T00:37:09.5432975Z     at build (/home/runner/work/alpine/alpine/scripts/build.js:91:31)
2025-02-11T00:37:09.5433476Z 
2025-02-11T00:37:09.5433978Z âœ˜ [ERROR] Invalid option in build() call: "watch"
2025-02-11T00:37:09.5434336Z 
2025-02-11T00:37:09.5434757Z     /home/runner/work/alpine/alpine/node_modules/esbuild/lib/main.js:254:12:
2025-02-11T00:37:09.5435698Z       254 â”‚       throw new Error(`Invalid option ${where}: ${quote(key)}`);
2025-02-11T00:37:09.5436283Z           â•µ             ^
2025-02-11T00:37:09.5436504Z 
2025-02-11T00:37:09.5437101Z     at checkForInvalidFlags (/home/runner/work/alpine/alpine/node_modules/esbuild/lib/main.js:254:13)
2025-02-11T00:37:09.5438377Z     at flagsForBuildOptions (/home/runner/work/alpine/alpine/node_modules/esbuild/lib/main.js:427:3)
2025-02-11T00:37:09.5439716Z     at buildOrContextContinue (/home/runner/work/alpine/alpine/node_modules/esbuild/lib/main.js:914:9)
2025-02-11T00:37:09.5441013Z     at buildOrContextImpl (/home/runner/work/alpine/alpine/node_modules/esbuild/lib/main.js:898:5)
2025-02-11T00:37:09.5442209Z     at Object.buildOrContext (/home/runner/work/alpine/alpine/node_modules/esbuild/lib/main.js:700:5)
2025-02-11T00:37:09.5443765Z     at /home/runner/work/alpine/alpine/node_modules/esbuild/lib/main.js:2030:15
2025-02-11T00:37:09.5444477Z     at new Promise (<anonymous>)
2025-02-11T00:37:09.5445298Z     at Object.build (/home/runner/work/alpine/alpine/node_modules/esbuild/lib/main.js:2029:25)
2025-02-11T00:37:09.5446450Z     at Object.build (/home/runner/work/alpine/alpine/node_modules/esbuild/lib/main.js:1880:51)
2025-02-11T00:37:09.5447454Z     at build (/home/runner/work/alpine/alpine/scripts/build.js:91:31)
2025-02-11T00:37:09.5447930Z 
2025-02-11T00:37:09.5448431Z âœ˜ [ERROR] Invalid option in build() call: "watch"
2025-02-11T00:37:09.5448788Z 
2025-02-11T00:37:09.5449208Z     /home/runner/work/alpine/alpine/node_modules/esbuild/lib/main.js:254:12:
2025-02-11T00:37:09.5450144Z       254 â”‚       throw new Error(`Invalid option ${where}: ${quote(key)}`);
2025-02-11T00:37:09.5450753Z           â•µ             ^
2025-02-11T00:37:09.5451246Z 
2025-02-11T00:37:09.5451860Z     at checkForInvalidFlags (/home/runner/work/alpine/alpine/node_modules/esbuild/lib/main.js:254:13)
2025-02-11T00:37:09.5453347Z     at flagsForBuildOptions (/home/runner/work/alpine/alpine/node_modules/esbuild/lib/main.js:427:3)
2025-02-11T00:37:09.5454693Z     at buildOrContextContinue (/home/runner/work/alpine/alpine/node_modules/esbuild/lib/main.js:914:9)
2025-02-11T00:37:09.5455987Z     at buildOrContextImpl (/home/runner/work/alpine/alpine/node_modules/esbuild/lib/main.js:898:5)
2025-02-11T00:37:09.5457170Z     at Object.buildOrContext (/home/runner/work/alpine/alpine/node_modules/esbuild/lib/main.js:700:5)
2025-02-11T00:37:09.5458216Z     at /home/runner/work/alpine/alpine/node_modules/esbuild/lib/main.js:2030:15
2025-02-11T00:37:09.5458939Z     at new Promise (<anonymous>)
2025-02-11T00:37:09.5459764Z     at Object.build (/home/runner/work/alpine/alpine/node_modules/esbuild/lib/main.js:2029:25)
2025-02-11T00:37:09.5460936Z     at Object.build (/home/runner/work/alpine/alpine/node_modules/esbuild/lib/main.js:1880:51)
2025-02-11T00:37:09.5461930Z     at build (/home/runner/work/alpine/alpine/scripts/build.js:91:31)
2025-02-11T00:37:09.5462368Z 
2025-02-11T00:37:09.5462969Z âœ˜ [ERROR] Invalid option in build() call: "watch"
2025-02-11T00:37:09.5463531Z 
2025-02-11T00:37:09.5463956Z     /home/runner/work/alpine/alpine/node_modules/esbuild/lib/main.js:254:12:
2025-02-11T00:37:09.5464897Z       254 â”‚       throw new Error(`Invalid option ${where}: ${quote(key)}`);
2025-02-11T00:37:09.5465522Z           â•µ             ^
2025-02-11T00:37:09.5465775Z 
2025-02-11T00:37:09.5466405Z     at checkForInvalidFlags (/home/runner/work/alpine/alpine/node_modules/esbuild/lib/main.js:254:13)
2025-02-11T00:37:09.5467723Z     at flagsForBuildOptions (/home/runner/work/alpine/alpine/node_modules/esbuild/lib/main.js:427:3)
2025-02-11T00:37:09.5469020Z     at buildOrContextContinue (/home/runner/work/alpine/alpine/node_modules/esbuild/lib/main.js:914:9)
2025-02-11T00:37:09.5470229Z     at buildOrContextImpl (/home/runner/work/alpine/alpine/node_modules/esbuild/lib/main.js:898:5)
2025-02-11T00:37:09.5471455Z     at Object.buildOrContext (/home/runner/work/alpine/alpine/node_modules/esbuild/lib/main.js:700:5)
2025-02-11T00:37:09.5472570Z     at /home/runner/work/alpine/alpine/node_modules/esbuild/lib/main.js:2030:15
2025-02-11T00:37:09.5473496Z     at new Promise (<anonymous>)
2025-02-11T00:37:09.5474327Z     at Object.build (/home/runner/work/alpine/alpine/node_modules/esbuild/lib/main.js:2029:25)
2025-02-11T00:37:09.5475490Z     at Object.build (/home/runner/work/alpine/alpine/node_modules/esbuild/lib/main.js:1880:51)
2025-02-11T00:37:09.5476476Z     at build (/home/runner/work/alpine/alpine/scripts/build.js:91:31)
2025-02-11T00:37:09.5476956Z 
2025-02-11T00:37:09.5477419Z âœ˜ [ERROR] Invalid option in build() call: "watch"
2025-02-11T00:37:09.5477771Z 
2025-02-11T00:37:09.5478191Z     /home/runner/work/alpine/alpine/node_modules/esbuild/lib/main.js:254:12:
2025-02-11T00:37:09.5479115Z       254 â”‚       throw new Error(`Invalid option ${where}: ${quote(key)}`);
2025-02-11T00:37:09.5479929Z           â•µ             ^
2025-02-11T00:37:09.5480157Z 
2025-02-11T00:37:09.5480784Z     at checkForInvalidFlags (/home/runner/work/alpine/alpine/node_modules/esbuild/lib/main.js:254:13)
2025-02-11T00:37:09.5482085Z     at flagsForBuildOptions (/home/runner/work/alpine/alpine/node_modules/esbuild/lib/main.js:427:3)
2025-02-11T00:37:09.5483591Z     at buildOrContextContinue (/home/runner/work/alpine/alpine/node_modules/esbuild/lib/main.js:914:9)
2025-02-11T00:37:09.5484868Z     at buildOrContextImpl (/home/runner/work/alpine/alpine/node_modules/esbuild/lib/main.js:898:5)
2025-02-11T00:37:09.5485961Z     at Object.buildOrContext (/home/runner/work/alpine/alpine/node_modules/esbuild/lib/main.js:700:5)
2025-02-11T00:37:09.5487011Z     at /home/runner/work/alpine/alpine/node_modules/esbuild/lib/main.js:2030:15
2025-02-11T00:37:09.5487701Z     at new Promise (<anonymous>)
2025-02-11T00:37:09.5488473Z     at Object.build (/home/runner/work/alpine/alpine/node_modules/esbuild/lib/main.js:2029:25)
2025-02-11T00:37:09.5489857Z     at Object.build (/home/runner/work/alpine/alpine/node_modules/esbuild/lib/main.js:1880:51)
2025-02-11T00:37:09.5490841Z     at build (/home/runner/work/alpine/alpine/scripts/build.js:91:31)
2025-02-11T00:37:09.5491319Z 
2025-02-11T00:37:09.5491828Z âœ˜ [ERROR] Invalid option in build() call: "watch"
2025-02-11T00:37:09.5492217Z 
2025-02-11T00:37:09.5492670Z     /home/runner/work/alpine/alpine/node_modules/esbuild/lib/main.js:254:12:
2025-02-11T00:37:09.5493934Z       254 â”‚       throw new Error(`Invalid option ${where}: ${quote(key)}`);
2025-02-11T00:37:09.5494539Z           â•µ             ^
2025-02-11T00:37:09.5494764Z 
2025-02-11T00:37:09.5495466Z     at checkForInvalidFlags (/home/runner/work/alpine/alpine/node_modules/esbuild/lib/main.js:254:13)
2025-02-11T00:37:09.5496683Z     at flagsForBuildOptions (/home/runner/work/alpine/alpine/node_modules/esbuild/lib/main.js:427:3)
2025-02-11T00:37:09.5497988Z     at buildOrContextContinue (/home/runner/work/alpine/alpine/node_modules/esbuild/lib/main.js:914:9)
2025-02-11T00:37:09.5499352Z     at buildOrContextImpl (/home/runner/work/alpine/alpine/node_modules/esbuild/lib/main.js:898:5)
2025-02-11T00:37:09.5500632Z     at Object.buildOrContext (/home/runner/work/alpine/alpine/node_modules/esbuild/lib/main.js:700:5)
2025-02-11T00:37:09.5501705Z     at /home/runner/work/alpine/alpine/node_modules/esbuild/lib/main.js:2030:15
2025-02-11T00:37:09.5502392Z     at new Promise (<anonymous>)
2025-02-11T00:37:09.5503359Z     at Object.build (/home/runner/work/alpine/alpine/node_modules/esbuild/lib/main.js:2029:25)
2025-02-11T00:37:09.5504483Z     at Object.build (/home/runner/work/alpine/alpine/node_modules/esbuild/lib/main.js:1880:51)
2025-02-11T00:37:09.5505463Z     at build (/home/runner/work/alpine/alpine/scripts/build.js:91:31)
2025-02-11T00:37:09.5505931Z 
2025-02-11T00:37:09.5506443Z âœ˜ [ERROR] Invalid option in build() call: "watch"
2025-02-11T00:37:09.5506828Z 
2025-02-11T00:37:09.5507295Z     /home/runner/work/alpine/alpine/node_modules/esbuild/lib/main.js:254:12:
2025-02-11T00:37:09.5508339Z       254 â”‚       throw new Error(`Invalid option ${where}: ${quote(key)}`);
2025-02-11T00:37:09.5508940Z           â•µ             ^
2025-02-11T00:37:09.5509164Z 
2025-02-11T00:37:09.5509772Z     at checkForInvalidFlags (/home/runner/work/alpine/alpine/node_modules/esbuild/lib/main.js:254:13)
2025-02-11T00:37:09.5510992Z     at flagsForBuildOptions (/home/runner/work/alpine/alpine/node_modules/esbuild/lib/main.js:427:3)
2025-02-11T00:37:09.5512269Z     at buildOrContextContinue (/home/runner/work/alpine/alpine/node_modules/esbuild/lib/main.js:914:9)
2025-02-11T00:37:09.5513782Z     at buildOrContextImpl (/home/runner/work/alpine/alpine/node_modules/esbuild/lib/main.js:898:5)
2025-02-11T00:37:09.5515076Z     at Object.buildOrContext (/home/runner/work/alpine/alpine/node_modules/esbuild/lib/main.js:700:5)
2025-02-11T00:37:09.5516150Z     at /home/runner/work/alpine/alpine/node_modules/esbuild/lib/main.js:2030:15
2025-02-11T00:37:09.5516846Z     at new Promise (<anonymous>)
2025-02-11T00:37:09.5517854Z     at Object.build (/home/runner/work/alpine/alpine/node_modules/esbuild/lib/main.js:2029:25)
2025-02-11T00:37:09.5518985Z     at Object.build (/home/runner/work/alpine/alpine/node_modules/esbuild/lib/main.js:1880:51)
2025-02-11T00:37:09.5519974Z     at build (/home/runner/work/alpine/alpine/scripts/build.js:91:31)
2025-02-11T00:37:09.5520452Z 
2025-02-11T00:37:09.5520961Z âœ˜ [ERROR] Invalid option in build() call: "watch"
2025-02-11T00:37:09.5521344Z 
2025-02-11T00:37:09.5521771Z     /home/runner/work/alpine/alpine/node_modules/esbuild/lib/main.js:254:12:
2025-02-11T00:37:09.5522719Z       254 â”‚       throw new Error(`Invalid option ${where}: ${quote(key)}`);
2025-02-11T00:37:09.5523502Z           â•µ             ^
2025-02-11T00:37:09.5523722Z 
2025-02-11T00:37:09.5524316Z     at checkForInvalidFlags (/home/runner/work/alpine/alpine/node_modules/esbuild/lib/main.js:254:13)
2025-02-11T00:37:09.5525867Z     at flagsForBuildOptions (/home/runner/work/alpine/alpine/node_modules/esbuild/lib/main.js:427:3)
2025-02-11T00:37:09.5527221Z     at buildOrContextContinue (/home/runner/work/alpine/alpine/node_modules/esbuild/lib/main.js:914:9)
2025-02-11T00:37:09.5528496Z     at buildOrContextImpl (/home/runner/work/alpine/alpine/node_modules/esbuild/lib/main.js:898:5)
2025-02-11T00:37:09.5529753Z     at Object.buildOrContext (/home/runner/work/alpine/alpine/node_modules/esbuild/lib/main.js:700:5)
2025-02-11T00:37:09.5530801Z     at /home/runner/work/alpine/alpine/node_modules/esbuild/lib/main.js:2030:15
2025-02-11T00:37:09.5531510Z     at new Promise (<anonymous>)
2025-02-11T00:37:09.5532326Z     at Object.build (/home/runner/work/alpine/alpine/node_modules/esbuild/lib/main.js:2029:25)
2025-02-11T00:37:09.5533664Z     at Object.build (/home/runner/work/alpine/alpine/node_modules/esbuild/lib/main.js:1880:51)
2025-02-11T00:37:09.5534658Z     at build (/home/runner/work/alpine/alpine/scripts/build.js:91:31)
2025-02-11T00:37:09.5535152Z 
2025-02-11T00:37:09.5535641Z âœ˜ [ERROR] Invalid option in build() call: "watch"
2025-02-11T00:37:09.5536049Z 
2025-02-11T00:37:09.5536499Z     /home/runner/work/alpine/alpine/node_modules/esbuild/lib/main.js:254:12:
2025-02-11T00:37:09.5537484Z       254 â”‚       throw new Error(`Invalid option ${where}: ${quote(key)}`);
2025-02-11T00:37:09.5538117Z           â•µ             ^
2025-02-11T00:37:09.5538343Z 
2025-02-11T00:37:09.5538954Z     at checkForInvalidFlags (/home/runner/work/alpine/alpine/node_modules/esbuild/lib/main.js:254:13)
2025-02-11T00:37:09.5540218Z     at flagsForBuildOptions (/home/runner/work/alpine/alpine/node_modules/esbuild/lib/main.js:427:3)
2025-02-11T00:37:09.5541439Z     at buildOrContextContinue (/home/runner/work/alpine/alpine/node_modules/esbuild/lib/main.js:914:9)
2025-02-11T00:37:09.5542663Z     at buildOrContextImpl (/home/runner/work/alpine/alpine/node_modules/esbuild/lib/main.js:898:5)
2025-02-11T00:37:09.5544164Z     at Object.buildOrContext (/home/runner/work/alpine/alpine/node_modules/esbuild/lib/main.js:700:5)
2025-02-11T00:37:09.5545363Z     at /home/runner/work/alpine/alpine/node_modules/esbuild/lib/main.js:2030:15
2025-02-11T00:37:09.5546116Z     at new Promise (<anonymous>)
2025-02-11T00:37:09.5546909Z     at Object.build (/home/runner/work/alpine/alpine/node_modules/esbuild/lib/main.js:2029:25)
2025-02-11T00:37:09.5547992Z     at Object.build (/home/runner/work/alpine/alpine/node_modules/esbuild/lib/main.js:1880:51)
2025-02-11T00:37:09.5548890Z     at build (/home/runner/work/alpine/alpine/scripts/build.js:91:31)
2025-02-11T00:37:09.5549337Z 
2025-02-11T00:37:09.5549813Z âœ˜ [ERROR] Invalid option in build() call: "watch"
2025-02-11T00:37:09.5550197Z 
2025-02-11T00:37:09.5550650Z     /home/runner/work/alpine/alpine/node_modules/esbuild/lib/main.js:254:12:
2025-02-11T00:37:09.5551717Z       254 â”‚       throw new Error(`Invalid option ${where}: ${quote(key)}`);
2025-02-11T00:37:09.5552413Z           â•µ             ^
2025-02-11T00:37:09.5552657Z 
2025-02-11T00:37:09.5553472Z     at checkForInvalidFlags (/home/runner/work/alpine/alpine/node_modules/esbuild/lib/main.js:254:13)
2025-02-11T00:37:09.5554974Z     at flagsForBuildOptions (/home/runner/work/alpine/alpine/node_modules/esbuild/lib/main.js:427:3)
2025-02-11T00:37:09.5556203Z     at buildOrContextContinue (/home/runner/work/alpine/alpine/node_modules/esbuild/lib/main.js:914:9)
2025-02-11T00:37:09.5557486Z     at buildOrContextImpl (/home/runner/work/alpine/alpine/node_modules/esbuild/lib/main.js:898:5)
2025-02-11T00:37:09.5558798Z     at Object.buildOrContext (/home/runner/work/alpine/alpine/node_modules/esbuild/lib/main.js:700:5)
2025-02-11T00:37:09.5559910Z     at /home/runner/work/alpine/alpine/node_modules/esbuild/lib/main.js:2030:15
2025-02-11T00:37:09.5560588Z     at new Promise (<anonymous>)
2025-02-11T00:37:09.5561364Z     at Object.build (/home/runner/work/alpine/alpine/node_modules/esbuild/lib/main.js:2029:25)
2025-02-11T00:37:09.5562450Z     at Object.build (/home/runner/work/alpine/alpine/node_modules/esbuild/lib/main.js:1880:51)
2025-02-11T00:37:09.5563783Z     at build (/home/runner/work/alpine/alpine/scripts/build.js:91:31)
2025-02-11T00:37:09.5564224Z 
2025-02-11T00:37:09.5564683Z âœ˜ [ERROR] Invalid option in build() call: "watch"
2025-02-11T00:37:09.5565058Z 
2025-02-11T00:37:09.5565503Z     /home/runner/work/alpine/alpine/node_modules/esbuild/lib/main.js:254:12:
2025-02-11T00:37:09.5566546Z       254 â”‚       throw new Error(`Invalid option ${where}: ${quote(key)}`);
2025-02-11T00:37:09.5567212Z           â•µ             ^
2025-02-11T00:37:09.5567458Z 
2025-02-11T00:37:09.5568083Z     at checkForInvalidFlags (/home/runner/work/alpine/alpine/node_modules/esbuild/lib/main.js:254:13)
2025-02-11T00:37:09.5569383Z     at flagsForBuildOptions (/home/runner/work/alpine/alpine/node_modules/esbuild/lib/main.js:427:3)
2025-02-11T00:37:09.5570688Z     at buildOrContextContinue (/home/runner/work/alpine/alpine/node_modules/esbuild/lib/main.js:914:9)
2025-02-11T00:37:09.5571969Z     at buildOrContextImpl (/home/runner/work/alpine/alpine/node_modules/esbuild/lib/main.js:898:5)
2025-02-11T00:37:09.5573427Z     at Object.buildOrContext (/home/runner/work/alpine/alpine/node_modules/esbuild/lib/main.js:700:5)
2025-02-11T00:37:09.5574521Z     at /home/runner/work/alpine/alpine/node_modules/esbuild/lib/main.js:2030:15
2025-02-11T00:37:09.5575218Z     at new Promise (<anonymous>)
2025-02-11T00:37:09.5576031Z     at Object.build (/home/runner/work/alpine/alpine/node_modules/esbuild/lib/main.js:2029:25)
2025-02-11T00:37:09.5577190Z     at Object.build (/home/runner/work/alpine/alpine/node_modules/esbuild/lib/main.js:1880:51)
2025-02-11T00:37:09.5578164Z     at build (/home/runner/work/alpine/alpine/scripts/build.js:91:31)
2025-02-11T00:37:09.5578647Z 
2025-02-11T00:37:09.5579131Z âœ˜ [ERROR] Invalid option in build() call: "watch"
2025-02-11T00:37:09.5579513Z 
2025-02-11T00:37:09.5579949Z     /home/runner/work/alpine/alpine/node_modules/esbuild/lib/main.js:254:12:
2025-02-11T00:37:09.5581004Z       254 â”‚       throw new Error(`Invalid option ${where}: ${quote(key)}`);
2025-02-11T00:37:09.5581707Z           â•µ             ^
2025-02-11T00:37:09.5581955Z 
2025-02-11T00:37:09.5582576Z     at checkForInvalidFlags (/home/runner/work/alpine/alpine/node_modules/esbuild/lib/main.js:254:13)
2025-02-11T00:37:09.5584083Z     at flagsForBuildOptions (/home/runner/work/alpine/alpine/node_modules/esbuild/lib/main.js:427:3)
2025-02-11T00:37:09.5585408Z     at buildOrContextContinue (/home/runner/work/alpine/alpine/node_modules/esbuild/lib/main.js:914:9)
2025-02-11T00:37:09.5586676Z     at buildOrContextImpl (/home/runner/work/alpine/alpine/node_modules/esbuild/lib/main.js:898:5)
2025-02-11T00:37:09.5587934Z     at Object.buildOrContext (/home/runner/work/alpine/alpine/node_modules/esbuild/lib/main.js:700:5)
2025-02-11T00:37:09.5589065Z     at /home/runner/work/alpine/alpine/node_modules/esbuild/lib/main.js:2030:15
2025-02-11T00:37:09.5589809Z     at new Promise (<anonymous>)
2025-02-11T00:37:09.5590646Z     at Object.build (/home/runner/work/alpine/alpine/node_modules/esbuild/lib/main.js:2029:25)
2025-02-11T00:37:09.5592077Z     at Object.build (/home/runner/work/alpine/alpine/node_modules/esbuild/lib/main.js:1880:51)
2025-02-11T00:37:09.5593065Z     at build (/home/runner/work/alpine/alpine/scripts/build.js:91:31)
2025-02-11T00:37:09.5593760Z 
2025-02-11T00:37:09.5594255Z âœ˜ [ERROR] Invalid option in build() call: "watch"
2025-02-11T00:37:09.5594637Z 
2025-02-11T00:37:09.5595086Z     /home/runner/work/alpine/alpine/node_modules/esbuild/lib/main.js:254:12:
2025-02-11T00:37:09.5596103Z       254 â”‚       throw new Error(`Invalid option ${where}: ${quote(key)}`);
2025-02-11T00:37:09.5596745Z           â•µ             ^
2025-02-11T00:37:09.5596987Z 
2025-02-11T00:37:09.5597634Z     at checkForInvalidFlags (/home/runner/work/alpine/alpine/node_modules/esbuild/lib/main.js:254:13)
2025-02-11T00:37:09.5598911Z     at flagsForBuildOptions (/home/runner/work/alpine/alpine/node_modules/esbuild/lib/main.js:427:3)
2025-02-11T00:37:09.5600177Z     at buildOrContextContinue (/home/runner/work/alpine/alpine/node_modules/esbuild/lib/main.js:914:9)
2025-02-11T00:37:09.5601726Z     at buildOrContextImpl (/home/runner/work/alpine/alpine/node_modules/esbuild/lib/main.js:898:5)
2025-02-11T00:37:09.5602929Z     at Object.buildOrContext (/home/runner/work/alpine/alpine/node_modules/esbuild/lib/main.js:700:5)
2025-02-11T00:37:09.5604067Z     at /home/runner/work/alpine/alpine/node_modules/esbuild/lib/main.js:2030:15
2025-02-11T00:37:09.5604710Z     at new Promise (<anonymous>)
2025-02-11T00:37:09.5605416Z     at Object.build (/home/runner/work/alpine/alpine/node_modules/esbuild/lib/main.js:2029:25)
2025-02-11T00:37:09.5606433Z     at Object.build (/home/runner/work/alpine/alpine/node_modules/esbuild/lib/main.js:1880:51)
2025-02-11T00:37:09.5607248Z     at build (/home/runner/work/alpine/alpine/scripts/build.js:91:31)
2025-02-11T00:37:09.5607650Z 
2025-02-11T00:37:09.5608076Z âœ˜ [ERROR] Invalid option in build() call: "watch"
2025-02-11T00:37:09.5608403Z 
2025-02-11T00:37:09.5608800Z     /home/runner/work/alpine/alpine/node_modules/esbuild/lib/main.js:254:12:
2025-02-11T00:37:09.5609689Z       254 â”‚       throw new Error(`Invalid option ${where}: ${quote(key)}`);
2025-02-11T00:37:09.5610282Z           â•µ             ^
2025-02-11T00:37:09.5610491Z 
2025-02-11T00:37:09.5611043Z     at checkForInvalidFlags (/home/runner/work/alpine/alpine/node_modules/esbuild/lib/main.js:254:13)
2025-02-11T00:37:09.5612116Z     at flagsForBuildOptions (/home/runner/work/alpine/alpine/node_modules/esbuild/lib/main.js:427:3)
2025-02-11T00:37:09.5613369Z     at buildOrContextContinue (/home/runner/work/alpine/alpine/node_modules/esbuild/lib/main.js:914:9)
2025-02-11T00:37:09.5614524Z     at buildOrContextImpl (/home/runner/work/alpine/alpine/node_modules/esbuild/lib/main.js:898:5)
2025-02-11T00:37:09.5615661Z     at Object.buildOrContext (/home/runner/work/alpine/alpine/node_modules/esbuild/lib/main.js:700:5)
2025-02-11T00:37:09.5616666Z     at /home/runner/work/alpine/alpine/node_modules/esbuild/lib/main.js:2030:15
2025-02-11T00:37:09.5617334Z     at new Promise (<anonymous>)
2025-02-11T00:37:09.5618097Z     at Object.build (/home/runner/work/alpine/alpine/node_modules/esbuild/lib/main.js:2029:25)
2025-02-11T00:37:09.5619140Z     at Object.build (/home/runner/work/alpine/alpine/node_modules/esbuild/lib/main.js:1880:51)
2025-02-11T00:37:09.5620026Z     at build (/home/runner/work/alpine/alpine/scripts/build.js:91:31)
2025-02-11T00:37:09.5620440Z 
2025-02-11T00:37:09.5620832Z âœ˜ [ERROR] Invalid option in build() call: "watch"
2025-02-11T00:37:09.5621170Z 
2025-02-11T00:37:09.5621569Z     /home/runner/work/alpine/alpine/node_modules/esbuild/lib/main.js:254:12:
2025-02-11T00:37:09.5622444Z       254 â”‚       throw new Error(`Invalid option ${where}: ${quote(key)}`);
2025-02-11T00:37:09.5623003Z           â•µ             ^
2025-02-11T00:37:09.5623366Z 
2025-02-11T00:37:09.5623949Z     at checkForInvalidFlags (/home/runner/work/alpine/alpine/node_modules/esbuild/lib/main.js:254:13)
2025-02-11T00:37:09.5625174Z     at flagsForBuildOptions (/home/runner/work/alpine/alpine/node_modules/esbuild/lib/main.js:427:3)
2025-02-11T00:37:09.5626633Z     at buildOrContextContinue (/home/runner/work/alpine/alpine/node_modules/esbuild/lib/main.js:914:9)
2025-02-11T00:37:09.5627796Z     at buildOrContextImpl (/home/runner/work/alpine/alpine/node_modules/esbuild/lib/main.js:898:5)
2025-02-11T00:37:09.5628973Z     at Object.buildOrContext (/home/runner/work/alpine/alpine/node_modules/esbuild/lib/main.js:700:5)
2025-02-11T00:37:09.5629979Z     at /home/runner/work/alpine/alpine/node_modules/esbuild/lib/main.js:2030:15
2025-02-11T00:37:09.5630617Z     at new Promise (<anonymous>)
2025-02-11T00:37:09.5631356Z     at Object.build (/home/runner/work/alpine/alpine/node_modules/esbuild/lib/main.js:2029:25)
2025-02-11T00:37:09.5632390Z     at Object.build (/home/runner/work/alpine/alpine/node_modules/esbuild/lib/main.js:1880:51)
2025-02-11T00:37:09.5633343Z     at build (/home/runner/work/alpine/alpine/scripts/build.js:91:31)
2025-02-11T00:37:09.5633913Z 
2025-02-11T00:37:09.5634298Z âœ˜ [ERROR] Invalid option in build() call: "watch"
2025-02-11T00:37:09.5634616Z 
2025-02-11T00:37:09.5635030Z     /home/runner/work/alpine/alpine/node_modules/esbuild/lib/main.js:254:12:
2025-02-11T00:37:09.5635945Z       254 â”‚       throw new Error(`Invalid option ${where}: ${quote(key)}`);
2025-02-11T00:37:09.5636526Z           â•µ             ^
2025-02-11T00:37:09.5636738Z 
2025-02-11T00:37:09.5637327Z     at checkForInvalidFlags (/home/runner/work/alpine/alpine/node_modules/esbuild/lib/main.js:254:13)
2025-02-11T00:37:09.5638517Z     at flagsForBuildOptions (/home/runner/work/alpine/alpine/node_modules/esbuild/lib/main.js:427:3)
2025-02-11T00:37:09.5639718Z     at buildOrContextContinue (/home/runner/work/alpine/alpine/node_modules/esbuild/lib/main.js:914:9)
2025-02-11T00:37:09.5640883Z     at buildOrContextImpl (/home/runner/work/alpine/alpine/node_modules/esbuild/lib/main.js:898:5)
2025-02-11T00:37:09.5641996Z     at Object.buildOrContext (/home/runner/work/alpine/alpine/node_modules/esbuild/lib/main.js:700:5)
2025-02-11T00:37:09.5643056Z     at /home/runner/work/alpine/alpine/node_modules/esbuild/lib/main.js:2030:15
2025-02-11T00:37:09.5643761Z     at new Promise (<anonymous>)
2025-02-11T00:37:09.5644220Z     at Object.build (/home/runner/work/alpine/alpine/node_modules/esbuild/lib/main.js:2029:25)
2025-02-11T00:37:09.5644838Z     at Object.build (/home/runner/work/alpine/alpine/node_modules/esbuild/lib/main.js:1880:51)
2025-02-11T00:37:09.5645344Z     at build (/home/runner/work/alpine/alpine/scripts/build.js:91:31)
2025-02-11T00:37:09.5645595Z 
2025-02-11T00:37:09.5645855Z âœ˜ [ERROR] Invalid option in build() call: "watch"
2025-02-11T00:37:09.5646067Z 
2025-02-11T00:37:09.5646304Z     /home/runner/work/alpine/alpine/node_modules/esbuild/lib/main.js:254:12:
2025-02-11T00:37:09.5646829Z       254 â”‚       throw new Error(`Invalid option ${where}: ${quote(key)}`);
2025-02-11T00:37:09.5647166Z           â•µ             ^
2025-02-11T00:37:09.5647292Z 
2025-02-11T00:37:09.5647630Z     at checkForInvalidFlags (/home/runner/work/alpine/alpine/node_modules/esbuild/lib/main.js:254:13)
2025-02-11T00:37:09.5648310Z     at flagsForBuildOptions (/home/runner/work/alpine/alpine/node_modules/esbuild/lib/main.js:427:3)
2025-02-11T00:37:09.5648989Z     at buildOrContextContinue (/home/runner/work/alpine/alpine/node_modules/esbuild/lib/main.js:914:9)
2025-02-11T00:37:09.5649657Z     at buildOrContextImpl (/home/runner/work/alpine/alpine/node_modules/esbuild/lib/main.js:898:5)
2025-02-11T00:37:09.5650313Z     at Object.buildOrContext (/home/runner/work/alpine/alpine/node_modules/esbuild/lib/main.js:700:5)
2025-02-11T00:37:09.5650895Z     at /home/runner/work/alpine/alpine/node_modules/esbuild/lib/main.js:2030:15
2025-02-11T00:37:09.5651286Z     at new Promise (<anonymous>)
2025-02-11T00:37:09.5651717Z     at Object.build (/home/runner/work/alpine/alpine/node_modules/esbuild/lib/main.js:2029:25)
2025-02-11T00:37:09.5652312Z     at Object.build (/home/runner/work/alpine/alpine/node_modules/esbuild/lib/main.js:1880:51)
2025-02-11T00:37:09.5652818Z     at build (/home/runner/work/alpine/alpine/scripts/build.js:91:31)
2025-02-11T00:37:09.5653461Z 
2025-02-11T00:37:09.5653715Z âœ˜ [ERROR] Invalid option in build() call: "watch"
2025-02-11T00:37:09.5653913Z 
2025-02-11T00:37:09.5654148Z     /home/runner/work/alpine/alpine/node_modules/esbuild/lib/main.js:254:12:
2025-02-11T00:37:09.5654661Z       254 â”‚       throw new Error(`Invalid option ${where}: ${quote(key)}`);
2025-02-11T00:37:09.5654990Z           â•µ             ^
2025-02-11T00:37:09.5655121Z 
2025-02-11T00:37:09.5655454Z     at checkForInvalidFlags (/home/runner/work/alpine/alpine/node_modules/esbuild/lib/main.js:254:13)
2025-02-11T00:37:09.5656113Z     at flagsForBuildOptions (/home/runner/work/alpine/alpine/node_modules/esbuild/lib/main.js:427:3)
2025-02-11T00:37:09.5656779Z     at buildOrContextContinue (/home/runner/work/alpine/alpine/node_modules/esbuild/lib/main.js:914:9)
2025-02-11T00:37:09.5657435Z     at buildOrContextImpl (/home/runner/work/alpine/alpine/node_modules/esbuild/lib/main.js:898:5)
2025-02-11T00:37:09.5658450Z     at Object.buildOrContext (/home/runner/work/alpine/alpine/node_modules/esbuild/lib/main.js:700:5)
2025-02-11T00:37:09.5659036Z     at /home/runner/work/alpine/alpine/node_modules/esbuild/lib/main.js:2030:15
2025-02-11T00:37:09.5659415Z     at new Promise (<anonymous>)
2025-02-11T00:37:09.5659846Z     at Object.build (/home/runner/work/alpine/alpine/node_modules/esbuild/lib/main.js:2029:25)
2025-02-11T00:37:09.5660435Z     at Object.build (/home/runner/work/alpine/alpine/node_modules/esbuild/lib/main.js:1880:51)
2025-02-11T00:37:09.5660936Z     at build (/home/runner/work/alpine/alpine/scripts/build.js:91:31)
2025-02-11T00:37:09.5661173Z 
2025-02-11T00:37:09.5661509Z âœ˜ [ERROR] Invalid option in build() call: "watch"
2025-02-11T00:37:09.5661711Z 
2025-02-11T00:37:09.5661939Z     /home/runner/work/alpine/alpine/node_modules/esbuild/lib/main.js:254:12:
2025-02-11T00:37:09.5662446Z       254 â”‚       throw new Error(`Invalid option ${where}: ${quote(key)}`);
2025-02-11T00:37:09.5662789Z           â•µ             ^
2025-02-11T00:37:09.5662918Z 
2025-02-11T00:37:09.5663433Z     at checkForInvalidFlags (/home/runner/work/alpine/alpine/node_modules/esbuild/lib/main.js:254:13)
2025-02-11T00:37:09.5664101Z     at flagsForBuildOptions (/home/runner/work/alpine/alpine/node_modules/esbuild/lib/main.js:427:3)
2025-02-11T00:37:09.5664759Z     at buildOrContextContinue (/home/runner/work/alpine/alpine/node_modules/esbuild/lib/main.js:914:9)
2025-02-11T00:37:09.5665415Z     at buildOrContextImpl (/home/runner/work/alpine/alpine/node_modules/esbuild/lib/main.js:898:5)
2025-02-11T00:37:09.5666064Z     at Object.buildOrContext (/home/runner/work/alpine/alpine/node_modules/esbuild/lib/main.js:700:5)
2025-02-11T00:37:09.5666637Z     at /home/runner/work/alpine/alpine/node_modules/esbuild/lib/main.js:2030:15
2025-02-11T00:37:09.5667015Z     at new Promise (<anonymous>)
2025-02-11T00:37:09.5667440Z     at Object.build (/home/runner/work/alpine/alpine/node_modules/esbuild/lib/main.js:2029:25)
2025-02-11T00:37:09.5668038Z     at Object.build (/home/runner/work/alpine/alpine/node_modules/esbuild/lib/main.js:1880:51)
2025-02-11T00:37:09.5668539Z     at build (/home/runner/work/alpine/alpine/scripts/build.js:91:31)
2025-02-11T00:37:09.5668781Z 
2025-02-11T00:37:09.5669000Z âœ˜ [ERROR] Invalid option in build() call: "watch"
2025-02-11T00:37:09.5669195Z 
2025-02-11T00:37:09.5669420Z     /home/runner/work/alpine/alpine/node_modules/esbuild/lib/main.js:254:12:
2025-02-11T00:37:09.5669927Z       254 â”‚       throw new Error(`Invalid option ${where}: ${quote(key)}`);
2025-02-11T00:37:09.5670257Z           â•µ             ^
2025-02-11T00:37:09.5670379Z 
2025-02-11T00:37:09.5670697Z     at checkForInvalidFlags (/home/runner/work/alpine/alpine/node_modules/esbuild/lib/main.js:254:13)
2025-02-11T00:37:09.5671355Z     at flagsForBuildOptions (/home/runner/work/alpine/alpine/node_modules/esbuild/lib/main.js:427:3)
2025-02-11T00:37:09.5672016Z     at buildOrContextContinue (/home/runner/work/alpine/alpine/node_modules/esbuild/lib/main.js:914:9)
2025-02-11T00:37:09.5672843Z     at buildOrContextImpl (/home/runner/work/alpine/alpine/node_modules/esbuild/lib/main.js:898:5)
2025-02-11T00:37:09.5673655Z     at Object.buildOrContext (/home/runner/work/alpine/alpine/node_modules/esbuild/lib/main.js:700:5)
2025-02-11T00:37:09.5674232Z     at /home/runner/work/alpine/alpine/node_modules/esbuild/lib/main.js:2030:15
2025-02-11T00:37:09.5674610Z     at new Promise (<anonymous>)
2025-02-11T00:37:09.5675047Z     at Object.build (/home/runner/work/alpine/alpine/node_modules/esbuild/lib/main.js:2029:25)
2025-02-11T00:37:09.5675637Z     at Object.build (/home/runner/work/alpine/alpine/node_modules/esbuild/lib/main.js:1880:51)
2025-02-11T00:37:09.5676135Z     at build (/home/runner/work/alpine/alpine/scripts/build.js:91:31)
2025-02-11T00:37:09.5676402Z 
2025-02-11T00:37:09.5676632Z âœ˜ [ERROR] Invalid option in build() call: "watch"
2025-02-11T00:37:09.5676838Z 
2025-02-11T00:37:09.5677073Z     /home/runner/work/alpine/alpine/node_modules/esbuild/lib/main.js:254:12:
2025-02-11T00:37:09.5677753Z       254 â”‚       throw new Error(`Invalid option ${where}: ${quote(key)}`);
2025-02-11T00:37:09.5678088Z           â•µ             ^
2025-02-11T00:37:09.5678216Z 
2025-02-11T00:37:09.5678546Z     at checkForInvalidFlags (/home/runner/work/alpine/alpine/node_modules/esbuild/lib/main.js:254:13)
2025-02-11T00:37:09.5679221Z     at flagsForBuildOptions (/home/runner/work/alpine/alpine/node_modules/esbuild/lib/main.js:427:3)
2025-02-11T00:37:09.5679886Z     at buildOrContextContinue (/home/runner/work/alpine/alpine/node_modules/esbuild/lib/main.js:914:9)
2025-02-11T00:37:09.5680545Z     at buildOrContextImpl (/home/runner/work/alpine/alpine/node_modules/esbuild/lib/main.js:898:5)
2025-02-11T00:37:09.5681194Z     at Object.buildOrContext (/home/runner/work/alpine/alpine/node_modules/esbuild/lib/main.js:700:5)
2025-02-11T00:37:09.5681775Z     at /home/runner/work/alpine/alpine/node_modules/esbuild/lib/main.js:2030:15
2025-02-11T00:37:09.5682167Z     at new Promise (<anonymous>)
2025-02-11T00:37:09.5682610Z     at Object.build (/home/runner/work/alpine/alpine/node_modules/esbuild/lib/main.js:2029:25)
2025-02-11T00:37:09.5683643Z     at Object.build (/home/runner/work/alpine/alpine/node_modules/esbuild/lib/main.js:1880:51)
2025-02-11T00:37:09.5684547Z     at build (/home/runner/work/alpine/alpine/scripts/build.js:91:31)
2025-02-11T00:37:09.5684979Z 
2025-02-11T00:37:09.5685416Z âœ˜ [ERROR] Invalid option in build() call: "watch"
2025-02-11T00:37:09.5685788Z 
2025-02-11T00:37:09.5686209Z     /home/runner/work/alpine/alpine/node_modules/esbuild/lib/main.js:254:12:
2025-02-11T00:37:09.5687109Z       254 â”‚       throw new Error(`Invalid option ${where}: ${quote(key)}`);
2025-02-11T00:37:09.5687642Z           â•µ             ^
2025-02-11T00:37:09.5687841Z 
2025-02-11T00:37:09.5688395Z     at checkForInvalidFlags (/home/runner/work/alpine/alpine/node_modules/esbuild/lib/main.js:254:13)
2025-02-11T00:37:09.5689543Z     at flagsForBuildOptions (/home/runner/work/alpine/alpine/node_modules/esbuild/lib/main.js:427:3)
2025-02-11T00:37:09.5690655Z     at buildOrContextContinue (/home/runner/work/alpine/alpine/node_modules/esbuild/lib/main.js:914:9)
2025-02-11T00:37:09.5691762Z     at buildOrContextImpl (/home/runner/work/alpine/alpine/node_modules/esbuild/lib/main.js:898:5)
2025-02-11T00:37:09.5692862Z     at Object.buildOrContext (/home/runner/work/alpine/alpine/node_modules/esbuild/lib/main.js:700:5)
2025-02-11T00:37:09.5694052Z     at /home/runner/work/alpine/alpine/node_modules/esbuild/lib/main.js:2030:15
2025-02-11T00:37:09.5694712Z     at new Promise (<anonymous>)
2025-02-11T00:37:09.5695429Z     at Object.build (/home/runner/work/alpine/alpine/node_modules/esbuild/lib/main.js:2029:25)
2025-02-11T00:37:09.5696383Z     at Object.build (/home/runner/work/alpine/alpine/node_modules/esbuild/lib/main.js:1880:51)
2025-02-11T00:37:09.5697211Z     at build (/home/runner/work/alpine/alpine/scripts/build.js:91:31)
2025-02-11T00:37:09.5697469Z 
2025-02-11T00:37:09.5697734Z âœ˜ [ERROR] Invalid option in build() call: "watch"
2025-02-11T00:37:09.5698135Z 
2025-02-11T00:37:09.5698369Z     /home/runner/work/alpine/alpine/node_modules/esbuild/lib/main.js:254:12:
2025-02-11T00:37:09.5698892Z       254 â”‚       throw new Error(`Invalid option ${where}: ${quote(key)}`);
2025-02-11T00:37:09.5699229Z           â•µ             ^
2025-02-11T00:37:09.5699356Z 
2025-02-11T00:37:09.5699680Z     at checkForInvalidFlags (/home/runner/work/alpine/alpine/node_modules/esbuild/lib/main.js:254:13)
2025-02-11T00:37:09.5700348Z     at flagsForBuildOptions (/home/runner/work/alpine/alpine/node_modules/esbuild/lib/main.js:427:3)
2025-02-11T00:37:09.5701013Z     at buildOrContextContinue (/home/runner/work/alpine/alpine/node_modules/esbuild/lib/main.js:914:9)
2025-02-11T00:37:09.5701673Z     at buildOrContextImpl (/home/runner/work/alpine/alpine/node_modules/esbuild/lib/main.js:898:5)
2025-02-11T00:37:09.5702323Z     at Object.buildOrContext (/home/runner/work/alpine/alpine/node_modules/esbuild/lib/main.js:700:5)
2025-02-11T00:37:09.5703031Z     at /home/runner/work/alpine/alpine/node_modules/esbuild/lib/main.js:2030:15
2025-02-11T00:37:09.5703676Z     at new Promise (<anonymous>)
2025-02-11T00:37:09.5704115Z     at Object.build (/home/runner/work/alpine/alpine/node_modules/esbuild/lib/main.js:2029:25)
2025-02-11T00:37:09.5704729Z     at Object.build (/home/runner/work/alpine/alpine/node_modules/esbuild/lib/main.js:1880:51)
2025-02-11T00:37:09.5705241Z     at build (/home/runner/work/alpine/alpine/scripts/build.js:91:31)
2025-02-11T00:37:09.5705487Z 
2025-02-11T00:37:09.5705726Z âœ˜ [ERROR] Invalid option in build() call: "watch"
2025-02-11T00:37:09.5705933Z 
2025-02-11T00:37:09.5706171Z     /home/runner/work/alpine/alpine/node_modules/esbuild/lib/main.js:254:12:
2025-02-11T00:37:09.5706691Z       254 â”‚       throw new Error(`Invalid option ${where}: ${quote(key)}`);
2025-02-11T00:37:09.5707027Z           â•µ             ^
2025-02-11T00:37:09.5707155Z 
2025-02-11T00:37:09.5707480Z     at checkForInvalidFlags (/home/runner/work/alpine/alpine/node_modules/esbuild/lib/main.js:254:13)
2025-02-11T00:37:09.5708170Z     at flagsForBuildOptions (/home/runner/work/alpine/alpine/node_modules/esbuild/lib/main.js:427:3)
2025-02-11T00:37:09.5708840Z     at buildOrContextContinue (/home/runner/work/alpine/alpine/node_modules/esbuild/lib/main.js:914:9)
2025-02-11T00:37:09.5709505Z     at buildOrContextImpl (/home/runner/work/alpine/alpine/node_modules/esbuild/lib/main.js:898:5)
2025-02-11T00:37:09.5710156Z     at Object.buildOrContext (/home/runner/work/alpine/alpine/node_modules/esbuild/lib/main.js:700:5)
2025-02-11T00:37:09.5710732Z     at /home/runner/work/alpine/alpine/node_modules/esbuild/lib/main.js:2030:15
2025-02-11T00:37:09.5711116Z     at new Promise (<anonymous>)
2025-02-11T00:37:09.5711555Z     at Object.build (/home/runner/work/alpine/alpine/node_modules/esbuild/lib/main.js:2029:25)
2025-02-11T00:37:09.5712151Z     at Object.build (/home/runner/work/alpine/alpine/node_modules/esbuild/lib/main.js:1880:51)
2025-02-11T00:37:09.5712661Z     at build (/home/runner/work/alpine/alpine/scripts/build.js:91:31)
2025-02-11T00:37:09.5712913Z 
2025-02-11T00:37:09.5713313Z âœ˜ [ERROR] Invalid option in build() call: "watch"
2025-02-11T00:37:09.5713552Z 
2025-02-11T00:37:09.5713791Z     /home/runner/work/alpine/alpine/node_modules/esbuild/lib/main.js:254:12:
2025-02-11T00:37:09.5714317Z       254 â”‚       throw new Error(`Invalid option ${where}: ${quote(key)}`);
2025-02-11T00:37:09.5714658Z           â•µ             ^
2025-02-11T00:37:09.5714783Z 
2025-02-11T00:37:09.5715106Z     at checkForInvalidFlags (/home/runner/work/alpine/alpine/node_modules/esbuild/lib/main.js:254:13)
2025-02-11T00:37:09.5715775Z     at flagsForBuildOptions (/home/runner/work/alpine/alpine/node_modules/esbuild/lib/main.js:427:3)
2025-02-11T00:37:09.5716438Z     at buildOrContextContinue (/home/runner/work/alpine/alpine/node_modules/esbuild/lib/main.js:914:9)
2025-02-11T00:37:09.5717093Z     at buildOrContextImpl (/home/runner/work/alpine/alpine/node_modules/esbuild/lib/main.js:898:5)
2025-02-11T00:37:09.5717751Z     at Object.buildOrContext (/home/runner/work/alpine/alpine/node_modules/esbuild/lib/main.js:700:5)
2025-02-11T00:37:09.5718503Z     at /home/runner/work/alpine/alpine/node_modules/esbuild/lib/main.js:2030:15
2025-02-11T00:37:09.5718884Z     at new Promise (<anonymous>)
2025-02-11T00:37:09.5719317Z     at Object.build (/home/runner/work/alpine/alpine/node_modules/esbuild/lib/main.js:2029:25)
2025-02-11T00:37:09.5719919Z     at Object.build (/home/runner/work/alpine/alpine/node_modules/esbuild/lib/main.js:1880:51)
2025-02-11T00:37:09.5720416Z     at build (/home/runner/work/alpine/alpine/scripts/build.js:91:31)
2025-02-11T00:37:09.5720658Z 
2025-02-11T00:37:09.5720884Z âœ˜ [ERROR] Invalid option in build() call: "watch"
2025-02-11T00:37:09.5721086Z 
2025-02-11T00:37:09.5721315Z     /home/runner/work/alpine/alpine/node_modules/esbuild/lib/main.js:254:12:
2025-02-11T00:37:09.5721827Z       254 â”‚       throw new Error(`Invalid option ${where}: ${quote(key)}`);
2025-02-11T00:37:09.5722286Z           â•µ             ^
2025-02-11T00:37:09.5722419Z 
2025-02-11T00:37:09.5722742Z     at checkForInvalidFlags (/home/runner/work/alpine/alpine/node_modules/esbuild/lib/main.js:254:13)
2025-02-11T00:37:09.5723619Z     at flagsForBuildOptions (/home/runner/work/alpine/alpine/node_modules/esbuild/lib/main.js:427:3)
2025-02-11T00:37:09.5724306Z     at buildOrContextContinue (/home/runner/work/alpine/alpine/node_modules/esbuild/lib/main.js:914:9)
2025-02-11T00:37:09.5724970Z     at buildOrContextImpl (/home/runner/work/alpine/alpine/node_modules/esbuild/lib/main.js:898:5)
2025-02-11T00:37:09.5725631Z     at Object.buildOrContext (/home/runner/work/alpine/alpine/node_modules/esbuild/lib/main.js:700:5)
2025-02-11T00:37:09.5726207Z     at /home/runner/work/alpine/alpine/node_modules/esbuild/lib/main.js:2030:15
2025-02-11T00:37:09.5726585Z     at new Promise (<anonymous>)
2025-02-11T00:37:09.5727015Z     at Object.build (/home/runner/work/alpine/alpine/node_modules/esbuild/lib/main.js:2029:25)
2025-02-11T00:37:09.5727612Z     at Object.build (/home/runner/work/alpine/alpine/node_modules/esbuild/lib/main.js:1880:51)
2025-02-11T00:37:09.5728115Z     at build (/home/runner/work/alpine/alpine/scripts/build.js:91:31)
2025-02-11T00:37:09.5728357Z 
2025-02-11T00:37:09.5728576Z âœ˜ [ERROR] Invalid option in build() call: "watch"
2025-02-11T00:37:09.5728806Z 
2025-02-11T00:37:09.5729118Z     /home/runner/work/alpine/alpine/node_modules/esbuild/lib/main.js:254:12:
2025-02-11T00:37:09.5730024Z       254 â”‚       throw new Error(`Invalid option ${where}: ${quote(key)}`);
2025-02-11T00:37:09.5730638Z           â•µ             ^
2025-02-11T00:37:09.5730850Z 
2025-02-11T00:37:09.5731322Z     at checkForInvalidFlags (/home/runner/work/alpine/alpine/node_modules/esbuild/lib/main.js:254:13)
2025-02-11T00:37:09.5731998Z     at flagsForBuildOptions (/home/runner/work/alpine/alpine/node_modules/esbuild/lib/main.js:427:3)
2025-02-11T00:37:09.5732668Z     at buildOrContextContinue (/home/runner/work/alpine/alpine/node_modules/esbuild/lib/main.js:914:9)
2025-02-11T00:37:09.5733600Z     at buildOrContextImpl (/home/runner/work/alpine/alpine/node_modules/esbuild/lib/main.js:898:5)
2025-02-11T00:37:09.5734273Z     at Object.buildOrContext (/home/runner/work/alpine/alpine/node_modules/esbuild/lib/main.js:700:5)
2025-02-11T00:37:09.5734856Z     at /home/runner/work/alpine/alpine/node_modules/esbuild/lib/main.js:2030:15
2025-02-11T00:37:09.5735246Z     at new Promise (<anonymous>)
2025-02-11T00:37:09.5735687Z     at Object.build (/home/runner/work/alpine/alpine/node_modules/esbuild/lib/main.js:2029:25)
2025-02-11T00:37:09.5736289Z     at Object.build (/home/runner/work/alpine/alpine/node_modules/esbuild/lib/main.js:1880:51)
2025-02-11T00:37:09.5736796Z     at build (/home/runner/work/alpine/alpine/scripts/build.js:91:31)
2025-02-11T00:37:09.5737041Z 
2025-02-11T00:37:09.5737291Z âœ˜ [ERROR] Invalid option in build() call: "watch"
2025-02-11T00:37:09.5737503Z 
2025-02-11T00:37:09.5737740Z     /home/runner/work/alpine/alpine/node_modules/esbuild/lib/main.js:254:12:
2025-02-11T00:37:09.5738440Z       254 â”‚       throw new Error(`Invalid option ${where}: ${quote(key)}`);
2025-02-11T00:37:09.5738781Z           â•µ             ^
2025-02-11T00:37:09.5738910Z 
2025-02-11T00:37:09.5739239Z     at checkForInvalidFlags (/home/runner/work/alpine/alpine/node_modules/esbuild/lib/main.js:254:13)
2025-02-11T00:37:09.5739913Z     at flagsForBuildOptions (/home/runner/work/alpine/alpine/node_modules/esbuild/lib/main.js:427:3)
2025-02-11T00:37:09.5740577Z     at buildOrContextContinue (/home/runner/work/alpine/alpine/node_modules/esbuild/lib/main.js:914:9)
2025-02-11T00:37:09.5741235Z     at buildOrContextImpl (/home/runner/work/alpine/alpine/node_modules/esbuild/lib/main.js:898:5)
2025-02-11T00:37:09.5741878Z     at Object.buildOrContext (/home/runner/work/alpine/alpine/node_modules/esbuild/lib/main.js:700:5)
2025-02-11T00:37:09.5742453Z     at /home/runner/work/alpine/alpine/node_modules/esbuild/lib/main.js:2030:15
2025-02-11T00:37:09.5742841Z     at new Promise (<anonymous>)
2025-02-11T00:37:09.5743817Z     at Object.build (/home/runner/work/alpine/alpine/node_modules/esbuild/lib/main.js:2029:25)
2025-02-11T00:37:09.5744458Z     at Object.build (/home/runner/work/alpine/alpine/node_modules/esbuild/lib/main.js:1880:51)
2025-02-11T00:37:09.5744978Z     at build (/home/runner/work/alpine/alpine/scripts/build.js:91:31)
2025-02-11T00:37:09.5745233Z 
2025-02-11T00:37:09.5745482Z âœ˜ [ERROR] Invalid option in build() call: "watch"
2025-02-11T00:37:09.5745683Z 
2025-02-11T00:37:09.5745916Z     /home/runner/work/alpine/alpine/node_modules/esbuild/lib/main.js:254:12:
2025-02-11T00:37:09.5746431Z       254 â”‚       throw new Error(`Invalid option ${where}: ${quote(key)}`);
2025-02-11T00:37:09.5746763Z           â•µ             ^
2025-02-11T00:37:09.5746891Z 
2025-02-11T00:37:09.5747219Z     at checkForInvalidFlags (/home/runner/work/alpine/alpine/node_modules/esbuild/lib/main.js:254:13)
2025-02-11T00:37:09.5747889Z     at flagsForBuildOptions (/home/runner/work/alpine/alpine/node_modules/esbuild/lib/main.js:427:3)
2025-02-11T00:37:09.5748566Z     at buildOrContextContinue (/home/runner/work/alpine/alpine/node_modules/esbuild/lib/main.js:914:9)
2025-02-11T00:37:09.5749227Z     at buildOrContextImpl (/home/runner/work/alpine/alpine/node_modules/esbuild/lib/main.js:898:5)
2025-02-11T00:37:09.5749877Z     at Object.buildOrContext (/home/runner/work/alpine/alpine/node_modules/esbuild/lib/main.js:700:5)
2025-02-11T00:37:09.5750450Z     at /home/runner/work/alpine/alpine/node_modules/esbuild/lib/main.js:2030:15
2025-02-11T00:37:09.5750834Z     at new Promise (<anonymous>)
2025-02-11T00:37:09.5751264Z     at Object.build (/home/runner/work/alpine/alpine/node_modules/esbuild/lib/main.js:2029:25)
2025-02-11T00:37:09.5751854Z     at Object.build (/home/runner/work/alpine/alpine/node_modules/esbuild/lib/main.js:1880:51)
2025-02-11T00:37:09.5752351Z     at build (/home/runner/work/alpine/alpine/scripts/build.js:91:31)
2025-02-11T00:37:09.5752591Z 
2025-02-11T00:37:09.5752801Z âœ˜ [ERROR] Invalid option in build() call: "watch"
2025-02-11T00:37:09.5753006Z 
2025-02-11T00:37:09.5753482Z     /home/runner/work/alpine/alpine/node_modules/esbuild/lib/main.js:254:12:
2025-02-11T00:37:09.5754019Z       254 â”‚       throw new Error(`Invalid option ${where}: ${quote(key)}`);
2025-02-11T00:37:09.5754358Z           â•µ             ^
2025-02-11T00:37:09.5754485Z 
2025-02-11T00:37:09.5754811Z     at checkForInvalidFlags (/home/runner/work/alpine/alpine/node_modules/esbuild/lib/main.js:254:13)
2025-02-11T00:37:09.5755480Z     at flagsForBuildOptions (/home/runner/work/alpine/alpine/node_modules/esbuild/lib/main.js:427:3)
2025-02-11T00:37:09.5756142Z     at buildOrContextContinue (/home/runner/work/alpine/alpine/node_modules/esbuild/lib/main.js:914:9)
2025-02-11T00:37:09.5756809Z     at buildOrContextImpl (/home/runner/work/alpine/alpine/node_modules/esbuild/lib/main.js:898:5)
2025-02-11T00:37:09.5757455Z     at Object.buildOrContext (/home/runner/work/alpine/alpine/node_modules/esbuild/lib/main.js:700:5)
2025-02-11T00:37:09.5758053Z     at /home/runner/work/alpine/alpine/node_modules/esbuild/lib/main.js:2030:15
2025-02-11T00:37:09.5758595Z     at new Promise (<anonymous>)
2025-02-11T00:37:09.5759027Z     at Object.build (/home/runner/work/alpine/alpine/node_modules/esbuild/lib/main.js:2029:25)
2025-02-11T00:37:09.5759622Z     at Object.build (/home/runner/work/alpine/alpine/node_modules/esbuild/lib/main.js:1880:51)
2025-02-11T00:37:09.5760123Z     at build (/home/runner/work/alpine/alpine/scripts/build.js:91:31)
2025-02-11T00:37:09.5760367Z 
2025-02-11T00:37:09.5760588Z âœ˜ [ERROR] Invalid option in build() call: "watch"
2025-02-11T00:37:09.5760783Z 
2025-02-11T00:37:09.5761009Z     /home/runner/work/alpine/alpine/node_modules/esbuild/lib/main.js:254:12:
2025-02-11T00:37:09.5761521Z       254 â”‚       throw new Error(`Invalid option ${where}: ${quote(key)}`);
2025-02-11T00:37:09.5761848Z           â•µ             ^
2025-02-11T00:37:09.5761970Z 
2025-02-11T00:37:09.5762293Z     at checkForInvalidFlags (/home/runner/work/alpine/alpine/node_modules/esbuild/lib/main.js:254:13)
2025-02-11T00:37:09.5763303Z     at flagsForBuildOptions (/home/runner/work/alpine/alpine/node_modules/esbuild/lib/main.js:427:3)
2025-02-11T00:37:09.5763994Z     at buildOrContextContinue (/home/runner/work/alpine/alpine/node_modules/esbuild/lib/main.js:914:9)
2025-02-11T00:37:09.5764654Z     at buildOrContextImpl (/home/runner/work/alpine/alpine/node_modules/esbuild/lib/main.js:898:5)
2025-02-11T00:37:09.5765308Z     at Object.buildOrContext (/home/runner/work/alpine/alpine/node_modules/esbuild/lib/main.js:700:5)
2025-02-11T00:37:09.5765888Z     at /home/runner/work/alpine/alpine/node_modules/esbuild/lib/main.js:2030:15
2025-02-11T00:37:09.5766266Z     at new Promise (<anonymous>)
2025-02-11T00:37:09.5766691Z     at Object.build (/home/runner/work/alpine/alpine/node_modules/esbuild/lib/main.js:2029:25)
2025-02-11T00:37:09.5767282Z     at Object.build (/home/runner/work/alpine/alpine/node_modules/esbuild/lib/main.js:1880:51)
2025-02-11T00:37:09.5767787Z     at build (/home/runner/work/alpine/alpine/scripts/build.js:91:31)
2025-02-11T00:37:09.5768031Z 
2025-02-11T00:37:09.5768255Z âœ˜ [ERROR] Invalid option in build() call: "watch"
2025-02-11T00:37:09.5768450Z 
2025-02-11T00:37:09.5768676Z     /home/runner/work/alpine/alpine/node_modules/esbuild/lib/main.js:254:12:
2025-02-11T00:37:09.5769183Z       254 â”‚       throw new Error(`Invalid option ${where}: ${quote(key)}`);
2025-02-11T00:37:09.5769510Z           â•µ             ^
2025-02-11T00:37:09.5769632Z 
2025-02-11T00:37:09.5769957Z     at checkForInvalidFlags (/home/runner/work/alpine/alpine/node_modules/esbuild/lib/main.js:254:13)
2025-02-11T00:37:09.5770616Z     at flagsForBuildOptions (/home/runner/work/alpine/alpine/node_modules/esbuild/lib/main.js:427:3)
2025-02-11T00:37:09.5771283Z     at buildOrContextContinue (/home/runner/work/alpine/alpine/node_modules/esbuild/lib/main.js:914:9)
2025-02-11T00:37:09.5771946Z     at buildOrContextImpl (/home/runner/work/alpine/alpine/node_modules/esbuild/lib/main.js:898:5)
2025-02-11T00:37:09.5772604Z     at Object.buildOrContext (/home/runner/work/alpine/alpine/node_modules/esbuild/lib/main.js:700:5)
2025-02-11T00:37:09.5773453Z     at /home/runner/work/alpine/alpine/node_modules/esbuild/lib/main.js:2030:15
2025-02-11T00:37:09.5773862Z     at new Promise (<anonymous>)
2025-02-11T00:37:09.5774321Z     at Object.build (/home/runner/work/alpine/alpine/node_modules/esbuild/lib/main.js:2029:25)
2025-02-11T00:37:09.5774933Z     at Object.build (/home/runner/work/alpine/alpine/node_modules/esbuild/lib/main.js:1880:51)
2025-02-11T00:37:09.5775446Z     at build (/home/runner/work/alpine/alpine/scripts/build.js:91:31)
2025-02-11T00:37:09.5775692Z 
2025-02-11T00:37:09.5786060Z ##[error]Process completed with exit code 1.
