2025-04-10T18:23:45.8615064Z ##[group]Run ./gradlew check -PandroidBuild=true -PgraalBuild=true -x test -x test
2025-04-10T18:23:45.8616037Z [36;1m./gradlew check -PandroidBuild=true -PgraalBuild=true -x test -x test[0m
2025-04-10T18:23:45.8666756Z shell: /usr/bin/bash -e {0}
2025-04-10T18:23:45.8667066Z env:
2025-04-10T18:23:45.8667514Z   GRADLE_OPTS: -Dorg.gradle.jvmargs=-Xmx4g -Dorg.gradle.daemon=false -Dkotlin.incremental=false
2025-04-10T18:23:45.8668204Z   JAVA_HOME: /opt/hostedtoolcache/graalvm-jdk-21_linux-x64_bin/21.0.0/x64/graalvm-jdk-21.0.6+8.1
2025-04-10T18:23:45.8668786Z   JAVA_HOME_11_X64: /opt/hostedtoolcache/Java_Zulu_jdk/11.0.26-4/x64
2025-04-10T18:23:45.8669238Z   JAVA_HOME_17_X64: /opt/hostedtoolcache/Java_Zulu_jdk/17.0.14-7/x64
2025-04-10T18:23:45.8669806Z   GRAALVM_HOME: /opt/hostedtoolcache/graalvm-jdk-21_linux-x64_bin/21.0.0/x64/graalvm-jdk-21.0.6+8.1
2025-04-10T18:23:45.8670421Z   NATIVE_IMAGE_CONFIG_FILE: /tmp/native-image-options.properties
2025-04-10T18:23:45.8671142Z   GRADLE_ACTION_ID: gradle/actions/setup-gradle
2025-04-10T18:23:45.8671545Z   GRADLE_USER_HOME: /home/runner/.gradle
2025-04-10T18:23:45.8671880Z   GRADLE_BUILD_ACTION_SETUP_COMPLETED: true
2025-04-10T18:23:45.8672212Z   GRADLE_BUILD_ACTION_CACHE_RESTORED: true
2025-04-10T18:23:45.8672672Z   DEVELOCITY_INJECTION_INIT_SCRIPT_NAME: gradle-actions.inject-develocity.init.gradle
2025-04-10T18:23:45.8673196Z   DEVELOCITY_AUTO_INJECTION_CUSTOM_VALUE: gradle-actions
2025-04-10T18:23:45.8673560Z   GITHUB_DEPENDENCY_GRAPH_ENABLED: false
2025-04-10T18:23:45.8673868Z ##[endgroup]
2025-04-10T18:23:46.6122063Z To honour the JVM settings for this build a single-use Daemon process will be forked. For more on this, please refer to https://docs.gradle.org/8.13/userguide/gradle_daemon.html#sec:disabling_the_daemon in the Gradle documentation.
2025-04-10T18:23:47.8097883Z Daemon will be stopped at the end of the build 
2025-04-10T18:23:51.9089440Z Type-safe project accessors is an incubating feature.
2025-04-10T18:23:54.1132391Z > Task :buildSrc:checkKotlinGradlePluginConfigurationErrors SKIPPED
2025-04-10T18:23:54.3089763Z > Task :buildSrc:compileKotlin FROM-CACHE
2025-04-10T18:23:54.3101770Z > Task :buildSrc:compileJava NO-SOURCE
2025-04-10T18:23:54.3102545Z > Task :buildSrc:compileGroovy NO-SOURCE
2025-04-10T18:23:54.3105100Z > Task :buildSrc:pluginDescriptors
2025-04-10T18:23:54.3105672Z > Task :buildSrc:processResources NO-SOURCE
2025-04-10T18:23:54.3106253Z > Task :buildSrc:classes UP-TO-DATE
2025-04-10T18:23:54.4096465Z 
2025-04-10T18:23:54.4100768Z > Task :buildSrc:jar
2025-04-10T18:23:54.4101846Z :jar: No valid plugin descriptors were found in META-INF/gradle-plugins
2025-04-10T18:24:10.0087589Z 
2025-04-10T18:24:10.0097037Z > Configure project :
2025-04-10T18:24:10.0100222Z warning: Dokka Gradle plugin V1 is deprecated
2025-04-10T18:24:10.0102637Z     
2025-04-10T18:24:10.0103803Z     Dokka Gradle plugin V1 is deprecated, and will be removed in Dokka version 2.1.0
2025-04-10T18:24:10.0104851Z     Please migrate to Dokka Gradle plugin V2. This will require updating your project.
2025-04-10T18:24:10.0105942Z     To learn about migrating read the migration guide https://kotl.in/dokka-gradle-migration
2025-04-10T18:24:10.0106722Z     
2025-04-10T18:24:10.0107183Z     To start migrating to Dokka Gradle plugin V2 add
2025-04-10T18:24:10.0112054Z         org.jetbrains.dokka.experimental.gradle.pluginMode=V2EnabledWithHelpers
2025-04-10T18:24:10.0112985Z     into your project's `gradle.properties` file.
2025-04-10T18:24:10.0113607Z     
2025-04-10T18:24:10.0114023Z     We would appreciate your feedback!
2025-04-10T18:24:10.0114776Z      - Please report any feedback or problems https://kotl.in/dokka-issues
2025-04-10T18:24:10.0116009Z      - Chat with the community visit #dokka in https://kotlinlang.slack.com/ (To sign up visit https://kotl.in/slack)
2025-04-10T18:24:10.0117017Z     
2025-04-10T18:24:29.8088481Z 
2025-04-10T18:24:29.8091833Z > Configure project :regression-test
2025-04-10T18:24:29.8094237Z w: file:///home/runner/work/okhttp/okhttp/regression-test/build.gradle.kts:13:5: 'targetSdk: Int?' is deprecated. Will be removed from library DSL in v9.0. Use testOptions.targetSdk or/and lint.targetSdk instead
2025-04-10T18:24:45.7124074Z 
2025-04-10T18:24:45.7125466Z > Task :okhttp-idna-mapping-table:checkKotlinGradlePluginConfigurationErrors SKIPPED
2025-04-10T18:24:45.7126897Z > Task :okhttp:checkKotlinGradlePluginConfigurationErrors SKIPPED
2025-04-10T18:24:45.7127944Z > Task :android-test:preBuild UP-TO-DATE
2025-04-10T18:24:45.7128917Z > Task :android-test:preDebugBuild UP-TO-DATE
2025-04-10T18:24:45.7129843Z > Task :spotlessInternalRegisterDependencies
2025-04-10T18:24:45.8094249Z > Task :android-test:mergeDebugJniLibFolders
2025-04-10T18:24:45.8095039Z > Task :android-test:mergeDebugNativeLibs NO-SOURCE
2025-04-10T18:24:45.8095771Z > Task :android-test:stripDebugDebugSymbols NO-SOURCE
2025-04-10T18:24:45.9129958Z > Task :android-test:copyDebugJniLibsProjectAndLocalJars
2025-04-10T18:24:45.9131322Z > Task :android-test:checkKotlinGradlePluginConfigurationErrors SKIPPED
2025-04-10T18:24:45.9132296Z > Task :android-test:generateDebugResValues
2025-04-10T18:24:45.9132917Z > Task :android-test:generateDebugResources
2025-04-10T18:24:46.0090550Z > Task :android-test:packageDebugResources
2025-04-10T18:24:46.2091369Z > Task :okhttp:copyKotlinTemplates
2025-04-10T18:24:46.2108517Z > Task :okhttp:preBuild UP-TO-DATE
2025-04-10T18:24:46.2109160Z > Task :okhttp:preDebugBuild UP-TO-DATE
2025-04-10T18:24:46.2109916Z > Task :okhttp:generateDebugResValues FROM-CACHE
2025-04-10T18:24:46.2110570Z > Task :okhttp:generateDebugResources
2025-04-10T18:24:46.2111375Z > Task :okhttp:packageDebugResources
2025-04-10T18:24:46.7127145Z > Task :okhttp:parseDebugLocalResources
2025-04-10T18:24:46.7132308Z > Task :android-test:parseDebugLocalResources
2025-04-10T18:24:46.7133506Z > Task :okhttp:generateDebugRFile
2025-04-10T18:24:46.7134216Z > Task :android-test:generateDebugRFile
2025-04-10T18:24:46.7134846Z > Task :android-test:extractDeepLinksForAarDebug
2025-04-10T18:24:46.7135470Z > Task :android-test:mergeDebugShaders
2025-04-10T18:24:46.7136053Z > Task :okhttp:javaPreCompileDebug
2025-04-10T18:24:46.7136663Z > Task :android-test:compileDebugShaders NO-SOURCE
2025-04-10T18:24:46.7137328Z > Task :android-test:generateDebugAssets UP-TO-DATE
2025-04-10T18:24:46.7137941Z > Task :okhttp:mergeDebugJniLibFolders
2025-04-10T18:24:46.7138510Z > Task :android-test:mergeDebugAssets
2025-04-10T18:24:46.7139121Z > Task :okhttp:mergeDebugNativeLibs NO-SOURCE
2025-04-10T18:24:46.7139780Z > Task :android-test:javaPreCompileDebug FROM-CACHE
2025-04-10T18:24:46.7153277Z > Task :okhttp:stripDebugDebugSymbols NO-SOURCE
2025-04-10T18:24:46.7157034Z > Task :android-test:prepareDebugArtProfile
2025-04-10T18:24:46.8093907Z > Task :okhttp:copyDebugJniLibsProjectAndLocalJars
2025-04-10T18:24:46.8095039Z > Task :okhttp:extractDeepLinksForAarDebug FROM-CACHE
2025-04-10T18:24:46.8096679Z > Task :android-test:prepareLintJarForPublish
2025-04-10T18:24:46.8097425Z > Task :okhttp:mergeDebugShaders
2025-04-10T18:24:46.8098131Z > Task :okhttp:compileDebugShaders NO-SOURCE
2025-04-10T18:24:46.8098903Z > Task :android-test:writeDebugAarMetadata
2025-04-10T18:24:46.8099630Z > Task :okhttp:debugAssetsCopyForAGP NO-SOURCE
2025-04-10T18:24:46.8111686Z > Task :okhttp:generateDebugAssets UP-TO-DATE
2025-04-10T18:24:46.9098146Z > Task :okhttp:mergeDebugAssets
2025-04-10T18:24:46.9099193Z > Task :okhttp:prepareDebugArtProfile
2025-04-10T18:24:46.9124493Z > Task :okhttp:prepareLintJarForPublish
2025-04-10T18:24:46.9125136Z 
2025-04-10T18:24:46.9125545Z > Task :android-test:processDebugManifest
2025-04-10T18:24:46.9126955Z package="okhttp.android.test" found in source AndroidManifest.xml: /home/runner/work/okhttp/okhttp/android-test/src/main/AndroidManifest.xml.
2025-04-10T18:24:46.9128782Z Setting the namespace via the package attribute in the source AndroidManifest.xml is no longer supported, and the value is ignored.
2025-04-10T18:24:46.9131024Z Recommendation: remove package="okhttp.android.test" from the source AndroidManifest.xml: /home/runner/work/okhttp/okhttp/android-test/src/main/AndroidManifest.xml.
2025-04-10T18:24:46.9137764Z 
2025-04-10T18:24:46.9143243Z > Task :android-test:preDebugAndroidTestBuild UP-TO-DATE
2025-04-10T18:24:46.9146457Z > Task :android-test:generateDebugAndroidTestResValues FROM-CACHE
2025-04-10T18:24:46.9154180Z > Task :android-test:writeDebugLintModelMetadata
2025-04-10T18:24:46.9155352Z > Task :okhttp:writeDebugAarMetadata
2025-04-10T18:24:46.9165624Z > Task :android-test:writeFiltersDebugAndroidTest
2025-04-10T18:24:46.9166073Z 
2025-04-10T18:24:46.9166295Z > Task :okhttp:processDebugManifest
2025-04-10T18:24:46.9167443Z package="okhttp.okhttp3" found in source AndroidManifest.xml: /home/runner/work/okhttp/okhttp/okhttp/src/androidMain/AndroidManifest.xml.
2025-04-10T18:24:46.9169092Z Setting the namespace via the package attribute in the source AndroidManifest.xml is no longer supported, and the value is ignored.
2025-04-10T18:24:46.9171047Z Recommendation: remove package="okhttp.okhttp3" from the source AndroidManifest.xml: /home/runner/work/okhttp/okhttp/okhttp/src/androidMain/AndroidManifest.xml.
2025-04-10T18:24:46.9172093Z 
2025-04-10T18:24:46.9172562Z > Task :logging-interceptor:checkKotlinGradlePluginConfigurationErrors SKIPPED
2025-04-10T18:24:46.9173499Z > Task :logging-interceptor:processResources NO-SOURCE
2025-04-10T18:24:46.9174181Z > Task :logging-interceptor:writeJvmLintModelMetadata
2025-04-10T18:24:46.9174996Z > Task :mockwebserver3:checkKotlinGradlePluginConfigurationErrors SKIPPED
2025-04-10T18:24:46.9175847Z > Task :mockwebserver3:processResources NO-SOURCE
2025-04-10T18:24:47.0112684Z > Task :mockwebserver3:writeJvmLintModelMetadata
2025-04-10T18:24:47.0115721Z > Task :mockwebserver3-junit4:checkKotlinGradlePluginConfigurationErrors SKIPPED
2025-04-10T18:24:47.0117975Z > Task :mockwebserver3-junit4:processResources NO-SOURCE
2025-04-10T18:24:47.0127403Z > Task :okhttp:jvmProcessResources
2025-04-10T18:24:47.0128476Z > Task :okhttp:processJvmMainResources SKIPPED
2025-04-10T18:24:47.0129159Z > Task :mockwebserver3-junit4:writeJvmLintModelMetadata
2025-04-10T18:24:47.0130034Z > Task :mockwebserver3-junit5:checkKotlinGradlePluginConfigurationErrors SKIPPED
2025-04-10T18:24:47.0149473Z > Task :okhttp:writeDebugLintModelMetadata
2025-04-10T18:24:47.0158752Z > Task :okhttp-brotli:checkKotlinGradlePluginConfigurationErrors SKIPPED
2025-04-10T18:24:47.0159709Z > Task :okhttp-brotli:processResources NO-SOURCE
2025-04-10T18:24:47.0160397Z > Task :mockwebserver3-junit5:processResources
2025-04-10T18:24:47.0161293Z > Task :okhttp-brotli:writeJvmLintModelMetadata
2025-04-10T18:24:47.0162170Z > Task :okhttp-dnsoverhttps:checkKotlinGradlePluginConfigurationErrors SKIPPED
2025-04-10T18:24:47.0163081Z > Task :okhttp-dnsoverhttps:processResources NO-SOURCE
2025-04-10T18:24:47.0163851Z > Task :mockwebserver3-junit5:writeJvmLintModelMetadata
2025-04-10T18:24:47.0165101Z > Task :okhttp-sse:checkKotlinGradlePluginConfigurationErrors SKIPPED
2025-04-10T18:24:47.0165918Z > Task :okhttp-sse:processResources NO-SOURCE
2025-04-10T18:24:47.0166627Z > Task :okhttp-dnsoverhttps:writeJvmLintModelMetadata
2025-04-10T18:24:47.0167564Z > Task :okhttp-testing-support:checkKotlinGradlePluginConfigurationErrors SKIPPED
2025-04-10T18:24:47.0168595Z > Task :okhttp-tls:checkKotlinGradlePluginConfigurationErrors SKIPPED
2025-04-10T18:24:47.0169398Z > Task :okhttp-tls:processResources NO-SOURCE
2025-04-10T18:24:47.0170009Z > Task :okhttp-sse:writeJvmLintModelMetadata
2025-04-10T18:24:47.0184446Z > Task :okhttp-tls:writeJvmLintModelMetadata
2025-04-10T18:24:47.0185194Z > Task :okhttp-testing-support:processResources
2025-04-10T18:24:47.0185926Z > Task :okhttp-testing-support:writeJvmLintModelMetadata
2025-04-10T18:24:47.0186616Z > Task :android-test:extractProguardFiles
2025-04-10T18:24:47.0187296Z > Task :android-test:preDebugUnitTestBuild UP-TO-DATE
2025-04-10T18:24:47.0187977Z > Task :okhttp:extractProguardFiles
2025-04-10T18:24:47.0188601Z > Task :okhttp:preDebugAndroidTestBuild UP-TO-DATE
2025-04-10T18:24:47.0189343Z > Task :okhttp:generateDebugAndroidTestResValues FROM-CACHE
2025-04-10T18:24:47.0190363Z > Task :okhttp:preDebugUnitTestBuild UP-TO-DATE
2025-04-10T18:24:47.0191224Z > Task :okhttp:preReleaseBuild UP-TO-DATE
2025-04-10T18:24:47.1113578Z > Task :okhttp:mergeReleaseJniLibFolders
2025-04-10T18:24:47.1127077Z > Task :okhttp:mergeReleaseNativeLibs NO-SOURCE
2025-04-10T18:24:47.1127790Z > Task :okhttp:stripReleaseDebugSymbols NO-SOURCE
2025-04-10T18:24:47.1128484Z > Task :okhttp:copyReleaseJniLibsProjectAndLocalJars
2025-04-10T18:24:47.1129254Z > Task :okhttp:generateReleaseResValues FROM-CACHE
2025-04-10T18:24:47.1130023Z > Task :okhttp:extractDeepLinksForAarRelease FROM-CACHE
2025-04-10T18:24:47.1130950Z > Task :okhttp:generateReleaseResources
2025-04-10T18:24:47.1131609Z > Task :okhttp:packageReleaseResources
2025-04-10T18:24:47.1132297Z > Task :android-test-app:buildKotlinToolingMetadata
2025-04-10T18:24:47.1133196Z > Task :android-test-app:checkKotlinGradlePluginConfigurationErrors SKIPPED
2025-04-10T18:24:47.1134066Z > Task :android-test-app:preBuild UP-TO-DATE
2025-04-10T18:24:47.1134796Z > Task :android-test-app:preReleaseBuild UP-TO-DATE
2025-04-10T18:24:47.1135590Z > Task :android-test-app:generateReleaseResValues FROM-CACHE
2025-04-10T18:24:47.1136369Z > Task :okhttp:parseReleaseLocalResources FROM-CACHE
2025-04-10T18:24:47.1137085Z > Task :okhttp:generateReleaseRFile FROM-CACHE
2025-04-10T18:24:47.1137656Z > Task :okhttp:mergeReleaseShaders
2025-04-10T18:24:47.2114843Z > Task :okhttp:compileReleaseShaders NO-SOURCE
2025-04-10T18:24:47.2115597Z > Task :okhttp:generateReleaseAssets UP-TO-DATE
2025-04-10T18:24:47.2116284Z > Task :okhttp:releaseAssetsCopyForAGP NO-SOURCE
2025-04-10T18:24:47.2117966Z > Task :okhttp:mergeReleaseAssets
2025-04-10T18:24:47.2118971Z > Task :okhttp:javaPreCompileRelease FROM-CACHE
2025-04-10T18:24:47.2120110Z > Task :okhttp:prepareReleaseArtProfile
2025-04-10T18:24:47.2121584Z > Task :okhttp:processReleaseManifest FROM-CACHE
2025-04-10T18:24:47.2122511Z > Task :okhttp:writeReleaseAarMetadata
2025-04-10T18:24:47.2123924Z > Task :okhttp:extractDeepLinksRelease
2025-04-10T18:24:47.2125938Z > Task :okhttp:writeReleaseLintModelMetadata
2025-04-10T18:24:47.2130117Z > Task :okhttp:preReleaseUnitTestBuild UP-TO-DATE
2025-04-10T18:24:47.2131422Z > Task :container-tests:check
2025-04-10T18:24:47.2132693Z > Task :logging-interceptor:sympathyForMrMaven
2025-04-10T18:24:47.2133819Z > Task :mockwebserver:checkKotlinGradlePluginConfigurationErrors SKIPPED
2025-04-10T18:24:47.2135414Z > Task :mockwebserver:processResources NO-SOURCE
2025-04-10T18:24:47.2136353Z > Task :mockwebserver:sympathyForMrMaven
2025-04-10T18:24:47.2137701Z > Task :mockwebserver3:sympathyForMrMaven
2025-04-10T18:24:47.3089252Z > Task :mockwebserver3-junit4:sympathyForMrMaven
2025-04-10T18:24:47.3096319Z > Task :mockwebserver3-junit5:sympathyForMrMaven
2025-04-10T18:24:47.3098052Z > Task :native-image-tests:checkKotlinGradlePluginConfigurationErrors SKIPPED
2025-04-10T18:24:47.3100456Z > Task :okhttp-java-net-cookiejar:checkKotlinGradlePluginConfigurationErrors SKIPPED
2025-04-10T18:24:47.3101734Z > Task :okhttp-java-net-cookiejar:processResources NO-SOURCE
2025-04-10T18:24:47.3102523Z > Task :native-image-tests:processResources NO-SOURCE
2025-04-10T18:24:47.3103246Z > Task :mockwebserver:writeJvmLintModelMetadata
2025-04-10T18:24:47.3106633Z > Task :okhttp-java-net-cookiejar:writeJvmLintModelMetadata
2025-04-10T18:24:48.0132196Z > Task :native-image-tests:sympathyForMrMaven
2025-04-10T18:24:48.0156112Z > Task :okcurl:checkKotlinGradlePluginConfigurationErrors SKIPPED
2025-04-10T18:24:48.1132250Z > Task :android-test-app:mapReleaseSourceSetPaths
2025-04-10T18:24:48.1164049Z > Task :okcurl:copyResourcesTemplates
2025-04-10T18:24:48.1164936Z > Task :okcurl:processResources
2025-04-10T18:24:48.1165537Z > Task :okcurl:sympathyForMrMaven
2025-04-10T18:24:48.1166414Z > Task :okhttp-coroutines:checkKotlinGradlePluginConfigurationErrors SKIPPED
2025-04-10T18:24:48.1167310Z > Task :okhttp-coroutines:processResources NO-SOURCE
2025-04-10T18:24:48.1168225Z > Task :okhttp-urlconnection:checkKotlinGradlePluginConfigurationErrors SKIPPED
2025-04-10T18:24:48.1169495Z > Task :okhttp-urlconnection:processResources NO-SOURCE
2025-04-10T18:24:48.2087515Z > Task :okhttp:jvmTestProcessResources
2025-04-10T18:24:48.2088762Z > Task :okhttp:processJvmTestResources SKIPPED
2025-04-10T18:24:48.3101854Z > Task :android-test-app:checkReleaseAarMetadata
2025-04-10T18:24:48.3102866Z > Task :okhttp:checkDebugUnitTestAarMetadata
2025-04-10T18:24:48.3103648Z > Task :android-test-app:generateReleaseResources
2025-04-10T18:24:48.6088194Z > Task :okhttp:compileDebugLibraryResources
2025-04-10T18:24:48.6089411Z > Task :okhttp:generateDebugUnitTestResValues FROM-CACHE
2025-04-10T18:24:48.6090354Z > Task :okhttp:mapDebugUnitTestSourceSetPaths
2025-04-10T18:24:48.6096339Z > Task :okhttp:generateDebugUnitTestResources
2025-04-10T18:24:49.1087531Z > Task :okhttp:mergeDebugUnitTestResources
2025-04-10T18:24:49.1088622Z > Task :okhttp:extractDeepLinksDebug FROM-CACHE
2025-04-10T18:24:49.3087199Z > Task :okhttp:processDebugUnitTestManifest
2025-04-10T18:24:50.4088363Z > Task :android-test-app:mergeReleaseResources
2025-04-10T18:24:50.5088664Z > Task :android-test-app:packageReleaseResources
2025-04-10T18:24:50.6107148Z > Task :okhttp:processDebugUnitTestResources
2025-04-10T18:24:50.6113012Z > Task :android-test-app:createReleaseCompatibleScreenManifests
2025-04-10T18:24:50.7088132Z > Task :android-test-app:extractDeepLinksRelease FROM-CACHE
2025-04-10T18:24:50.8102246Z > Task :android-test-app:parseReleaseLocalResources
2025-04-10T18:24:50.8103060Z > Task :okhttp:javaPreCompileDebugUnitTest FROM-CACHE
2025-04-10T18:24:50.8105558Z > Task :okhttp:generateDebugUnitTestAssets UP-TO-DATE
2025-04-10T18:24:50.9087701Z > Task :okhttp:mergeDebugUnitTestAssets
2025-04-10T18:24:51.0106947Z > Task :okhttp:packageDebugUnitTestForUnitTest
2025-04-10T18:24:51.0112279Z > Task :okhttp:generateDebugUnitTestConfig
2025-04-10T18:24:51.0113058Z 
2025-04-10T18:24:51.0124981Z > Task :android-test-app:processReleaseMainManifest
2025-04-10T18:24:51.0140108Z package="okhttp.android.testapp" found in source AndroidManifest.xml: /home/runner/work/okhttp/okhttp/android-test-app/src/main/AndroidManifest.xml.
2025-04-10T18:24:51.0142131Z Setting the namespace via the package attribute in the source AndroidManifest.xml is no longer supported, and the value is ignored.
2025-04-10T18:24:51.0144017Z Recommendation: remove package="okhttp.android.testapp" from the source AndroidManifest.xml: /home/runner/work/okhttp/okhttp/android-test-app/src/main/AndroidManifest.xml.
2025-04-10T18:24:51.0145145Z 
2025-04-10T18:24:51.0145409Z > Task :okhttp:checkReleaseUnitTestAarMetadata
2025-04-10T18:24:51.1093785Z > Task :okhttp:compileReleaseLibraryResources
2025-04-10T18:24:51.1094812Z > Task :android-test-app:processReleaseManifest
2025-04-10T18:24:51.1096569Z > Task :okhttp:generateReleaseUnitTestResValues FROM-CACHE
2025-04-10T18:24:51.1097697Z > Task :okhttp:mapReleaseUnitTestSourceSetPaths
2025-04-10T18:24:51.1164302Z > Task :android-test-app:javaPreCompileRelease FROM-CACHE
2025-04-10T18:24:51.1165237Z > Task :android-test-app:preReleaseAndroidTestBuild SKIPPED
2025-04-10T18:24:51.1166100Z > Task :android-test-app:generateReleaseAndroidTestResValues FROM-CACHE
2025-04-10T18:24:51.1166980Z > Task :android-test-app:processReleaseManifestForPackage
2025-04-10T18:24:51.1167677Z > Task :okhttp:generateReleaseUnitTestResources
2025-04-10T18:24:51.3093953Z > Task :okhttp:mergeReleaseUnitTestResources
2025-04-10T18:24:51.3095493Z > Task :okhttp:processReleaseUnitTestManifest
2025-04-10T18:24:51.3096109Z > Task :android-test-app:extractProguardFiles
2025-04-10T18:24:51.3096771Z > Task :android-test-app:preReleaseUnitTestBuild UP-TO-DATE
2025-04-10T18:24:51.5088105Z > Task :okhttp:processReleaseUnitTestResources
2025-04-10T18:24:51.6094298Z > Task :okhttp:javaPreCompileReleaseUnitTest FROM-CACHE
2025-04-10T18:24:51.6095321Z > Task :okhttp:generateReleaseUnitTestAssets UP-TO-DATE
2025-04-10T18:24:51.6096079Z > Task :okhttp:mergeReleaseUnitTestAssets
2025-04-10T18:24:51.6102132Z > Task :okhttp:packageReleaseUnitTestForUnitTest
2025-04-10T18:24:51.6102825Z > Task :okhttp:generateReleaseUnitTestConfig
2025-04-10T18:24:51.6103414Z > Task :okhttp:compileJava NO-SOURCE
2025-04-10T18:24:51.6105151Z > Task :okhttp:processResources
2025-04-10T18:24:51.6105700Z > Task :okhttp:classes
2025-04-10T18:24:51.6106262Z > Task :android-test-app:processReleaseResources
2025-04-10T18:24:51.6106884Z > Task :okhttp-bom:check UP-TO-DATE
2025-04-10T18:24:51.6107443Z > Task :okhttp-brotli:sympathyForMrMaven
2025-04-10T18:24:51.7092658Z > Task :okhttp-coroutines:sympathyForMrMaven
2025-04-10T18:24:51.7093417Z > Task :okhttp-dnsoverhttps:sympathyForMrMaven
2025-04-10T18:24:51.7094262Z > Task :okhttp-hpacktests:checkKotlinGradlePluginConfigurationErrors SKIPPED
2025-04-10T18:24:51.7095098Z > Task :okhttp-hpacktests:compileKotlin NO-SOURCE
2025-04-10T18:24:51.7131520Z > Task :okhttp-hpacktests:compileJava NO-SOURCE
2025-04-10T18:24:51.7132255Z > Task :okhttp-hpacktests:processResources NO-SOURCE
2025-04-10T18:24:51.7132934Z > Task :okhttp-hpacktests:classes UP-TO-DATE
2025-04-10T18:24:51.7133584Z > Task :okhttp-hpacktests:animalsnifferMain SKIPPED
2025-04-10T18:24:51.7134255Z > Task :okhttp-hpacktests:checkstyleMain NO-SOURCE
2025-04-10T18:24:51.8121928Z > Task :okhttp-hpacktests:generateJvmMainLintModel
2025-04-10T18:24:52.4089401Z > Task :okhttp-hpacktests:jar
2025-04-10T18:24:53.6098759Z 
2025-04-10T18:24:53.6107311Z > Task :okhttp:animalsnifferMain
2025-04-10T18:24:53.6108892Z [/home/runner/work/okhttp/okhttp/okhttp/src/androidDebug/kotlin, /home/runner/work/okhttp/okhttp/okhttp/src/debug/java, /home/runner/work/okhttp/okhttp/okhttp/src/debug/kotlin]
2025-04-10T18:24:53.6111675Z [/home/runner/work/okhttp/okhttp/okhttp/src/androidInstrumentedTest/kotlin, /home/runner/work/okhttp/okhttp/okhttp/src/androidTest/java, /home/runner/work/okhttp/okhttp/okhttp/src/androidTest/kotlin]
2025-04-10T18:24:53.6114817Z [/home/runner/work/okhttp/okhttp/okhttp/src/androidInstrumentedTestDebug/kotlin, /home/runner/work/okhttp/okhttp/okhttp/src/androidTestDebug/java, /home/runner/work/okhttp/okhttp/okhttp/src/androidTestDebug/kotlin]
2025-04-10T18:24:53.6117716Z [/home/runner/work/okhttp/okhttp/okhttp/src/androidMain/kotlin, /home/runner/work/okhttp/okhttp/okhttp/src/main/java, /home/runner/work/okhttp/okhttp/okhttp/src/main/kotlin]
2025-04-10T18:24:53.6120298Z [/home/runner/work/okhttp/okhttp/okhttp/src/androidRelease/kotlin, /home/runner/work/okhttp/okhttp/okhttp/src/release/java, /home/runner/work/okhttp/okhttp/okhttp/src/release/kotlin]
2025-04-10T18:24:53.6123056Z [/home/runner/work/okhttp/okhttp/okhttp/src/androidUnitTest/kotlin, /home/runner/work/okhttp/okhttp/okhttp/src/test/java, /home/runner/work/okhttp/okhttp/okhttp/src/test/kotlin]
2025-04-10T18:24:53.6125734Z [/home/runner/work/okhttp/okhttp/okhttp/src/androidUnitTestDebug/kotlin, /home/runner/work/okhttp/okhttp/okhttp/src/testDebug/java, /home/runner/work/okhttp/okhttp/okhttp/src/testDebug/kotlin]
2025-04-10T18:24:53.6129083Z [/home/runner/work/okhttp/okhttp/okhttp/src/androidUnitTestRelease/kotlin, /home/runner/work/okhttp/okhttp/okhttp/src/testRelease/java, /home/runner/work/okhttp/okhttp/okhttp/src/testRelease/kotlin]
2025-04-10T18:24:53.6147380Z [/home/runner/work/okhttp/okhttp/okhttp/src/commonJvmAndroid/kotlin, /home/runner/work/okhttp/okhttp/okhttp/build/generated/sources/kotlinTemplates, /home/runner/work/okhttp/okhttp/okhttp/build/generated/sources/idnaMappingTable]
2025-04-10T18:24:53.6149506Z [/home/runner/work/okhttp/okhttp/okhttp/src/commonMain/kotlin]
2025-04-10T18:24:53.6150360Z [/home/runner/work/okhttp/okhttp/okhttp/src/commonTest/kotlin]
2025-04-10T18:24:53.6171836Z [/home/runner/work/okhttp/okhttp/okhttp/src/jvmMain/kotlin, /home/runner/work/okhttp/okhttp/okhttp/src/jvmMain/java]
2025-04-10T18:24:53.6173419Z [/home/runner/work/okhttp/okhttp/okhttp/src/jvmTest/kotlin, /home/runner/work/okhttp/okhttp/okhttp/src/jvmTest/java]
2025-04-10T18:24:56.0089351Z 
2025-04-10T18:24:56.0090367Z > Task :okhttp-idna-mapping-table:processResources
2025-04-10T18:24:56.0092254Z > Task :okhttp:klibApiExtractForValidation SKIPPED
2025-04-10T18:24:56.0093206Z > Task :okhttp:klibApiMerge SKIPPED
2025-04-10T18:24:56.0093845Z > Task :okhttp:klibApiCheck SKIPPED
2025-04-10T18:24:56.0094423Z > Task :okhttp:checkstyleMain NO-SOURCE
2025-04-10T18:24:56.0095074Z 
2025-04-10T18:24:56.0095294Z > Task :okhttp:sympathyForMrMaven
2025-04-10T18:24:56.0095880Z [maven-sympathy] No configurations detected!
2025-04-10T18:24:56.3089092Z 
2025-04-10T18:24:56.3089763Z > Task :okhttp-hpacktests:sympathyForMrMaven
2025-04-10T18:24:56.4101752Z > Task :okhttp-idna-mapping-table:sympathyForMrMaven
2025-04-10T18:24:56.4102564Z > Task :okhttp-java-net-cookiejar:sympathyForMrMaven
2025-04-10T18:24:56.4103419Z > Task :okhttp-osgi-tests:checkKotlinGradlePluginConfigurationErrors SKIPPED
2025-04-10T18:24:56.4104311Z > Task :okhttp-osgi-tests:processResources NO-SOURCE
2025-04-10T18:24:56.4104984Z > Task :okhttp-coroutines:writeJvmLintModelMetadata
2025-04-10T18:24:56.4105668Z > Task :okhttp-urlconnection:writeJvmLintModelMetadata
2025-04-10T18:24:56.8089408Z > Task :okhttp-osgi-tests:sympathyForMrMaven
2025-04-10T18:24:56.9089813Z > Task :okhttp-sse:sympathyForMrMaven
2025-04-10T18:24:57.0122385Z > Task :okhttp-testing-support:sympathyForMrMaven
2025-04-10T18:24:57.0123105Z > Task :okhttp-tls:sympathyForMrMaven
2025-04-10T18:24:57.0123700Z > Task :okhttp-urlconnection:sympathyForMrMaven
2025-04-10T18:24:57.0124311Z > Task :regression-test:preBuild UP-TO-DATE
2025-04-10T18:24:57.0124950Z > Task :regression-test:preDebugBuild UP-TO-DATE
2025-04-10T18:24:57.0125618Z > Task :regression-test:mergeDebugJniLibFolders
2025-04-10T18:24:57.1103830Z > Task :regression-test:mergeDebugNativeLibs NO-SOURCE
2025-04-10T18:24:57.1107822Z > Task :regression-test:stripDebugDebugSymbols NO-SOURCE
2025-04-10T18:24:57.1108680Z > Task :regression-test:copyDebugJniLibsProjectAndLocalJars
2025-04-10T18:24:57.1109625Z > Task :regression-test:checkKotlinGradlePluginConfigurationErrors SKIPPED
2025-04-10T18:24:57.1110504Z > Task :regression-test:generateDebugResValues FROM-CACHE
2025-04-10T18:24:57.1111464Z > Task :regression-test:generateDebugResources
2025-04-10T18:24:57.1112176Z > Task :regression-test:packageDebugResources
2025-04-10T18:24:57.2131861Z > Task :regression-test:parseDebugLocalResources
2025-04-10T18:24:57.2132782Z > Task :regression-test:generateDebugRFile
2025-04-10T18:24:57.2133533Z > Task :regression-test:compileDebugKotlin NO-SOURCE
2025-04-10T18:24:59.2087759Z > Task :regression-test:extractDebugAnnotations
2025-04-10T18:24:59.3101160Z > Task :regression-test:extractDeepLinksForAarDebug FROM-CACHE
2025-04-10T18:24:59.3106392Z > Task :regression-test:mergeDebugShaders
2025-04-10T18:24:59.3112793Z > Task :regression-test:compileDebugShaders NO-SOURCE
2025-04-10T18:24:59.3117410Z > Task :regression-test:generateDebugAssets UP-TO-DATE
2025-04-10T18:24:59.3142474Z > Task :regression-test:mergeDebugAssets
2025-04-10T18:24:59.3143146Z > Task :regression-test:javaPreCompileDebug FROM-CACHE
2025-04-10T18:24:59.3143886Z > Task :regression-test:compileDebugJavaWithJavac NO-SOURCE
2025-04-10T18:24:59.3144680Z > Task :regression-test:mergeDebugGeneratedProguardFiles
2025-04-10T18:24:59.3145414Z > Task :regression-test:mergeDebugConsumerProguardFiles
2025-04-10T18:24:59.3146083Z > Task :regression-test:prepareDebugArtProfile
2025-04-10T18:24:59.3146730Z > Task :regression-test:prepareLintJarForPublish
2025-04-10T18:24:59.4087494Z 
2025-04-10T18:24:59.4126641Z > Task :regression-test:processDebugManifest
2025-04-10T18:24:59.4128027Z package="okhttp.android.regression" found in source AndroidManifest.xml: /home/runner/work/okhttp/okhttp/regression-test/src/main/AndroidManifest.xml.
2025-04-10T18:24:59.4129803Z Setting the namespace via the package attribute in the source AndroidManifest.xml is no longer supported, and the value is ignored.
2025-04-10T18:24:59.4136159Z Recommendation: remove package="okhttp.android.regression" from the source AndroidManifest.xml: /home/runner/work/okhttp/okhttp/regression-test/src/main/AndroidManifest.xml.
2025-04-10T18:24:59.4148165Z 
2025-04-10T18:24:59.4148462Z > Task :regression-test:processDebugJavaRes NO-SOURCE
2025-04-10T18:24:59.7087642Z > Task :regression-test:mergeDebugJavaResource
2025-04-10T18:24:59.7092043Z > Task :regression-test:syncDebugLibJars
2025-04-10T18:24:59.7092648Z > Task :regression-test:writeDebugAarMetadata
2025-04-10T18:24:59.7093300Z > Task :regression-test:bundleDebugLocalLintAar
2025-04-10T18:24:59.9087779Z > Task :regression-test:bundleLibRuntimeToJarDebug
2025-04-10T18:24:59.9092566Z > Task :regression-test:createFullJarDebug
2025-04-10T18:24:59.9097149Z > Task :regression-test:preDebugAndroidTestBuild UP-TO-DATE
2025-04-10T18:24:59.9098344Z > Task :regression-test:generateDebugAndroidTestResValues FROM-CACHE
2025-04-10T18:24:59.9103047Z > Task :regression-test:writeDebugLintModelMetadata
2025-04-10T18:25:02.4086722Z > Task :regression-test:generateDebugAndroidTestLintModel
2025-04-10T18:25:02.4091506Z > Task :regression-test:extractProguardFiles
2025-04-10T18:25:02.5086559Z > Task :regression-test:generateDebugLintReportModel
2025-04-10T18:25:02.5091560Z > Task :regression-test:preDebugUnitTestBuild UP-TO-DATE
2025-04-10T18:25:02.5095788Z > Task :regression-test:generateDebugUnitTestLintModel
2025-04-10T18:25:07.5112136Z > Task :okhttp-hpacktests:lintAnalyzeJvmMain
2025-04-10T18:25:07.9086200Z 
2025-04-10T18:25:07.9087237Z > Task :okhttp-idna-mapping-table:compileKotlin
2025-04-10T18:25:07.9088635Z w: Opt-in requirement marker okhttp3.ExperimentalOkHttpApi is unresolved. Please make sure it's present in the module dependencies
2025-04-10T18:25:08.0101523Z 
2025-04-10T18:25:08.0102587Z > Task :okhttp-idna-mapping-table:compileJava NO-SOURCE
2025-04-10T18:25:08.0103575Z > Task :okhttp-idna-mapping-table:classes
2025-04-10T18:25:08.5113543Z > Task :okhttp-idna-mapping-table:jar
2025-04-10T18:25:09.4086403Z > Task :okhttp:generateIdnaMappingTable
2025-04-10T18:25:10.3086963Z > Task :regression-test:lintAnalyzeDebug
2025-04-10T18:25:11.9094117Z 
2025-04-10T18:25:11.9095183Z > Task :okhttp-idna-mapping-table:animalsnifferMain
2025-04-10T18:25:11.9104775Z 
2025-04-10T18:25:11.9106087Z 7 AnimalSniffer violations were found in 4 files. See the report at: file:////home/runner/work/okhttp/okhttp/okhttp-idna-mapping-table/build/reports/animalsniffer/main.text
2025-04-10T18:25:11.9111195Z 
2025-04-10T18:25:11.9112094Z [Undefined reference | android-api-level-21-5.0.1_r2] okhttp3.internal.idn.(GenerateIdnaMappingTableCode.kt:86)
2025-04-10T18:25:11.9152474Z   >> java.util.stream.IntStream String.codePoints()
2025-04-10T18:25:11.9153481Z 
2025-04-10T18:25:11.9155620Z [Undefined reference | android-api-level-21-5.0.1_r2] okhttp3.internal.idn.(GenerateIdnaMappingTableCode.kt:86)
2025-04-10T18:25:11.9157336Z   >> java.util.PrimitiveIterator.OfInt java.util.stream.IntStream.iterator()
2025-04-10T18:25:11.9160399Z 
2025-04-10T18:25:11.9161269Z [Undefined reference | android-api-level-21-5.0.1_r2] okhttp3.internal.idn.(GenerateIdnaMappingTableCode.kt:86)
2025-04-10T18:25:11.9162370Z   >> boolean java.util.PrimitiveIterator.OfInt.hasNext()
2025-04-10T18:25:11.9162852Z 
2025-04-10T18:25:11.9163469Z [Undefined reference | android-api-level-21-5.0.1_r2] okhttp3.internal.idn.(GenerateIdnaMappingTableCode.kt:86)
2025-04-10T18:25:11.9164537Z   >> Integer java.util.PrimitiveIterator.OfInt.next()
2025-04-10T18:25:11.9164988Z 
2025-04-10T18:25:11.9165499Z [Undefined reference | android-api-level-21-5.0.1_r2] okhttp3.internal.idn.(MappedRange.kt:1)
2025-04-10T18:25:11.9166385Z   >> int Integer.hashCode(int)
2025-04-10T18:25:11.9166706Z 
2025-04-10T18:25:11.9167248Z [Undefined reference | android-api-level-21-5.0.1_r2] okhttp3.internal.idn.(SimpleIdnaMappingTable.kt:1)
2025-04-10T18:25:11.9168152Z   >> int Integer.hashCode(int)
2025-04-10T18:25:11.9168489Z 
2025-04-10T18:25:11.9169012Z [Undefined reference | android-api-level-21-5.0.1_r2] okhttp3.internal.idn.(MappingTables.kt:116)
2025-04-10T18:25:11.9169910Z   >> java.util.stream.IntStream String.codePoints()
2025-04-10T18:25:11.9170335Z 
2025-04-10T18:25:15.2088238Z 
2025-04-10T18:25:15.2093575Z > Task :regression-test:lintAnalyzeDebugAndroidTest
2025-04-10T18:25:15.7086488Z > Task :spotlessKotlin
2025-04-10T18:25:39.4088349Z > Task :okhttp:compileDebugKotlinAndroid
2025-04-10T18:25:41.8086850Z > Task :spotlessKotlinCheck
2025-04-10T18:25:41.8088623Z > Task :spotlessCheck
2025-04-10T18:25:41.8090584Z > Task :check
2025-04-10T18:25:41.8091347Z > Task :okhttp-idna-mapping-table:checkstyleMain NO-SOURCE
2025-04-10T18:25:41.9090053Z > Task :okhttp-idna-mapping-table:generateJvmMainLintModel
2025-04-10T18:25:41.9091058Z > Task :okhttp-idna-mapping-table:generateJvmTestLintModel
2025-04-10T18:25:41.9091684Z > Task :okhttp:compileKotlinJvm
2025-04-10T18:25:45.2087797Z > Task :okhttp:compileReleaseKotlinAndroid
2025-04-10T18:25:51.4087055Z > Task :okhttp-idna-mapping-table:lintAnalyzeJvmMain
2025-04-10T18:25:56.3086748Z > Task :okhttp-idna-mapping-table:lintAnalyzeJvmTest
2025-04-10T18:25:56.5087164Z > Task :okhttp-idna-mapping-table:lintReportJvm
2025-04-10T18:25:56.5092407Z > Task :okhttp-idna-mapping-table:lintJvm
2025-04-10T18:25:56.5093433Z > Task :okhttp-idna-mapping-table:lint
2025-04-10T18:25:56.5097887Z > Task :okhttp-idna-mapping-table:check
2025-04-10T18:25:57.0133486Z > Task :regression-test:lintAnalyzeDebugUnitTest
2025-04-10T18:25:57.2111639Z 
2025-04-10T18:25:57.2113033Z > Task :regression-test:lintReportDebug
2025-04-10T18:25:57.2114559Z Wrote HTML report to file:///home/runner/work/okhttp/okhttp/regression-test/build/reports/lint-results-debug.html
2025-04-10T18:25:57.2118008Z 
2025-04-10T18:25:57.2118685Z > Task :regression-test:lintDebug
2025-04-10T18:25:57.2119480Z > Task :regression-test:lint
2025-04-10T18:25:57.2201457Z > Task :regression-test:check
2025-04-10T18:25:57.2202600Z > Task :samples:compileJava NO-SOURCE
2025-04-10T18:25:57.2208667Z > Task :samples:processResources NO-SOURCE
2025-04-10T18:25:57.2209517Z > Task :samples:classes UP-TO-DATE
2025-04-10T18:25:57.2210393Z > Task :samples:animalsnifferMain SKIPPED
2025-04-10T18:25:57.3142062Z > Task :samples:checkstyleMain NO-SOURCE
2025-04-10T18:25:57.5111376Z > Task :samples:sympathyForMrMaven
2025-04-10T18:25:57.5116498Z > Task :samples:check
2025-04-10T18:25:57.5117564Z > Task :samples:compare:checkKotlinGradlePluginConfigurationErrors SKIPPED
2025-04-10T18:25:57.5122567Z > Task :samples:compare:compileKotlin NO-SOURCE
2025-04-10T18:25:57.5123191Z > Task :samples:compare:compileJava NO-SOURCE
2025-04-10T18:25:57.5123787Z > Task :samples:compare:processResources NO-SOURCE
2025-04-10T18:25:57.5124389Z > Task :samples:compare:classes UP-TO-DATE
2025-04-10T18:25:57.5124958Z > Task :samples:compare:animalsnifferMain SKIPPED
2025-04-10T18:25:57.5125580Z > Task :samples:compare:checkstyleMain NO-SOURCE
2025-04-10T18:25:57.6086555Z > Task :samples:compare:generateJvmMainLintModel
2025-04-10T18:25:57.6091273Z > Task :samples:compare:jar
2025-04-10T18:25:59.6086631Z > Task :samples:compare:lintAnalyzeJvmMain
2025-04-10T18:25:59.9102166Z > Task :samples:compare:sympathyForMrMaven
2025-04-10T18:25:59.9107036Z > Task :samples:crawler:checkKotlinGradlePluginConfigurationErrors SKIPPED
2025-04-10T18:25:59.9108382Z > Task :samples:crawler:processResources NO-SOURCE
2025-04-10T18:26:00.2087211Z > Task :samples:crawler:sympathyForMrMaven
2025-04-10T18:26:00.2088548Z > Task :samples:guide:checkKotlinGradlePluginConfigurationErrors SKIPPED
2025-04-10T18:26:00.7087272Z > Task :samples:guide:sympathyForMrMaven
2025-04-10T18:26:00.7088683Z > Task :samples:simple-client:checkKotlinGradlePluginConfigurationErrors SKIPPED
2025-04-10T18:26:00.7089963Z > Task :samples:simple-client:processResources NO-SOURCE
2025-04-10T18:26:00.9142190Z > Task :samples:simple-client:sympathyForMrMaven
2025-04-10T18:26:00.9143622Z > Task :samples:slack:checkKotlinGradlePluginConfigurationErrors SKIPPED
2025-04-10T18:26:00.9144853Z > Task :samples:slack:processResources NO-SOURCE
2025-04-10T18:26:01.2087145Z > Task :samples:slack:sympathyForMrMaven
2025-04-10T18:26:01.2088469Z > Task :samples:static-server:checkKotlinGradlePluginConfigurationErrors SKIPPED
2025-04-10T18:26:01.2090146Z > Task :samples:static-server:processResources NO-SOURCE
2025-04-10T18:26:01.4087976Z > Task :samples:static-server:sympathyForMrMaven
2025-04-10T18:26:01.4089547Z > Task :samples:tlssurvey:checkKotlinGradlePluginConfigurationErrors SKIPPED
2025-04-10T18:26:01.7086955Z > Task :samples:tlssurvey:sympathyForMrMaven
2025-04-10T18:26:01.7088224Z > Task :samples:unixdomainsockets:checkKotlinGradlePluginConfigurationErrors SKIPPED
2025-04-10T18:26:01.7089313Z > Task :samples:unixdomainsockets:processResources NO-SOURCE
2025-04-10T18:26:01.9086379Z > Task :samples:unixdomainsockets:sympathyForMrMaven
2025-04-10T18:26:05.8087712Z 
2025-04-10T18:26:05.8090818Z > Task :okhttp:compileDebugKotlinAndroid
2025-04-10T18:26:05.8093400Z w: file:///home/runner/work/okhttp/okhttp/okhttp/src/androidMain/kotlin/okhttp3/internal/platform/PlatformRegistry.kt:21:1 'expect'/'actual' classes (including interfaces, objects, annotations, enums, and 'actual' typealiases) are in Beta. Consider using the '-Xexpect-actual-classes' flag to suppress this warning. Also see: https://youtrack.jetbrains.com/issue/KT-61573
2025-04-10T18:26:05.8097845Z w: file:///home/runner/work/okhttp/okhttp/okhttp/src/androidMain/kotlin/okhttp3/internal/platform/android/BouncyCastleSocketAdapter.kt:69:89 The resulting type of this 'javaClass' call is 'Class<BouncyCastleSocketAdapter.Companion>' and not 'Class<BouncyCastleSocketAdapter>'. Use '::class.java' to access type 'Class<BouncyCastleSocketAdapter>'.
2025-04-10T18:26:05.8102331Z w: file:///home/runner/work/okhttp/okhttp/okhttp/src/androidMain/kotlin/okhttp3/internal/platform/android/ConscryptSocketAdapter.kt:65:66 The resulting type of this 'javaClass' call is 'Class<ConscryptSocketAdapter.Companion>' and not 'Class<ConscryptSocketAdapter>'. Use '::class.java' to access type 'Class<ConscryptSocketAdapter>'.
2025-04-10T18:26:05.8105468Z w: file:///home/runner/work/okhttp/okhttp/okhttp/src/commonJvmAndroid/kotlin/okhttp3/internal/-HeadersCommon.kt:176:13 Condition is always 'true'.
2025-04-10T18:26:05.8107672Z w: file:///home/runner/work/okhttp/okhttp/okhttp/src/commonJvmAndroid/kotlin/okhttp3/internal/-HeadersCommon.kt:205:33 Unchecked cast of 'Array<String?>' to 'Array<String>'.
2025-04-10T18:26:05.8110082Z w: file:///home/runner/work/okhttp/okhttp/okhttp/src/commonJvmAndroid/kotlin/okhttp3/internal/-ResponseCommon.kt:83:1 '@JvmOverloads' annotation has no effect for methods without default arguments.
2025-04-10T18:26:05.8112977Z w: file:///home/runner/work/okhttp/okhttp/okhttp/src/commonJvmAndroid/kotlin/okhttp3/internal/SuppressSignatureCheck.kt:25:1 This annotation is deprecated in Kotlin. Use '@kotlin.annotation.MustBeDocumented' instead.
2025-04-10T18:26:05.8115481Z w: file:///home/runner/work/okhttp/okhttp/okhttp/src/commonJvmAndroid/kotlin/okhttp3/internal/http/BridgeInterceptor.kt:99:11 Condition is always 'true'.
2025-04-10T18:26:05.8119151Z w: file:///home/runner/work/okhttp/okhttp/okhttp/src/commonJvmAndroid/kotlin/okhttp3/internal/platform/PlatformRegistry.kt:3:1 'expect'/'actual' classes (including interfaces, objects, annotations, enums, and 'actual' typealiases) are in Beta. Consider using the '-Xexpect-actual-classes' flag to suppress this warning. Also see: https://youtrack.jetbrains.com/issue/KT-61573
2025-04-10T18:26:06.0088793Z 
2025-04-10T18:26:06.0093581Z > Task :okhttp:compileReleaseKotlinAndroid
2025-04-10T18:26:06.0100126Z w: file:///home/runner/work/okhttp/okhttp/okhttp/src/androidMain/kotlin/okhttp3/internal/platform/PlatformRegistry.kt:21:1 'expect'/'actual' classes (including interfaces, objects, annotations, enums, and 'actual' typealiases) are in Beta. Consider using the '-Xexpect-actual-classes' flag to suppress this warning. Also see: https://youtrack.jetbrains.com/issue/KT-61573
2025-04-10T18:26:06.0108683Z w: file:///home/runner/work/okhttp/okhttp/okhttp/src/androidMain/kotlin/okhttp3/internal/platform/android/BouncyCastleSocketAdapter.kt:69:89 The resulting type of this 'javaClass' call is 'Class<BouncyCastleSocketAdapter.Companion>' and not 'Class<BouncyCastleSocketAdapter>'. Use '::class.java' to access type 'Class<BouncyCastleSocketAdapter>'.
2025-04-10T18:26:06.0117441Z w: file:///home/runner/work/okhttp/okhttp/okhttp/src/androidMain/kotlin/okhttp3/internal/platform/android/ConscryptSocketAdapter.kt:65:66 The resulting type of this 'javaClass' call is 'Class<ConscryptSocketAdapter.Companion>' and not 'Class<ConscryptSocketAdapter>'. Use '::class.java' to access type 'Class<ConscryptSocketAdapter>'.
2025-04-10T18:26:06.0123916Z w: file:///home/runner/work/okhttp/okhttp/okhttp/src/commonJvmAndroid/kotlin/okhttp3/internal/-HeadersCommon.kt:176:13 Condition is always 'true'.
2025-04-10T18:26:06.0136478Z w: file:///home/runner/work/okhttp/okhttp/okhttp/src/commonJvmAndroid/kotlin/okhttp3/internal/-HeadersCommon.kt:205:33 Unchecked cast of 'Array<String?>' to 'Array<String>'.
2025-04-10T18:26:06.0138988Z w: file:///home/runner/work/okhttp/okhttp/okhttp/src/commonJvmAndroid/kotlin/okhttp3/internal/-ResponseCommon.kt:83:1 '@JvmOverloads' annotation has no effect for methods without default arguments.
2025-04-10T18:26:06.0141967Z w: file:///home/runner/work/okhttp/okhttp/okhttp/src/commonJvmAndroid/kotlin/okhttp3/internal/SuppressSignatureCheck.kt:25:1 This annotation is deprecated in Kotlin. Use '@kotlin.annotation.MustBeDocumented' instead.
2025-04-10T18:26:06.0144586Z w: file:///home/runner/work/okhttp/okhttp/okhttp/src/commonJvmAndroid/kotlin/okhttp3/internal/http/BridgeInterceptor.kt:99:11 Condition is always 'true'.
2025-04-10T18:26:06.0148049Z w: file:///home/runner/work/okhttp/okhttp/okhttp/src/commonJvmAndroid/kotlin/okhttp3/internal/platform/PlatformRegistry.kt:3:1 'expect'/'actual' classes (including interfaces, objects, annotations, enums, and 'actual' typealiases) are in Beta. Consider using the '-Xexpect-actual-classes' flag to suppress this warning. Also see: https://youtrack.jetbrains.com/issue/KT-61573
2025-04-10T18:26:06.0150493Z 
2025-04-10T18:26:06.0154289Z > Task :okhttp:compileKotlinJvm
2025-04-10T18:26:06.0155660Z w: file:///home/runner/work/okhttp/okhttp/okhttp/src/commonJvmAndroid/kotlin/okhttp3/internal/-HeadersCommon.kt:176:13 Condition is always 'true'.
2025-04-10T18:26:06.0157893Z w: file:///home/runner/work/okhttp/okhttp/okhttp/src/commonJvmAndroid/kotlin/okhttp3/internal/-HeadersCommon.kt:205:33 Unchecked cast of 'Array<String?>' to 'Array<String>'.
2025-04-10T18:26:06.0160344Z w: file:///home/runner/work/okhttp/okhttp/okhttp/src/commonJvmAndroid/kotlin/okhttp3/internal/-ResponseCommon.kt:83:1 '@JvmOverloads' annotation has no effect for methods without default arguments.
2025-04-10T18:26:06.0165735Z w: file:///home/runner/work/okhttp/okhttp/okhttp/src/commonJvmAndroid/kotlin/okhttp3/internal/SuppressSignatureCheck.kt:25:1 This annotation is deprecated in Kotlin. Use '@kotlin.annotation.MustBeDocumented' instead.
2025-04-10T18:26:06.0179981Z w: file:///home/runner/work/okhttp/okhttp/okhttp/src/commonJvmAndroid/kotlin/okhttp3/internal/http/BridgeInterceptor.kt:99:11 Condition is always 'true'.
2025-04-10T18:26:06.0184690Z w: file:///home/runner/work/okhttp/okhttp/okhttp/src/commonJvmAndroid/kotlin/okhttp3/internal/platform/PlatformRegistry.kt:3:1 'expect'/'actual' classes (including interfaces, objects, annotations, enums, and 'actual' typealiases) are in Beta. Consider using the '-Xexpect-actual-classes' flag to suppress this warning. Also see: https://youtrack.jetbrains.com/issue/KT-61573
2025-04-10T18:26:06.0189085Z w: file:///home/runner/work/okhttp/okhttp/okhttp/src/jvmMain/kotlin/okhttp3/internal/platform/BouncyCastlePlatform.kt:91:89 The resulting type of this 'javaClass' call is 'Class<BouncyCastlePlatform.Companion>' and not 'Class<BouncyCastlePlatform>'. Use '::class.java' to access type 'Class<BouncyCastlePlatform>'.
2025-04-10T18:26:06.0193501Z w: file:///home/runner/work/okhttp/okhttp/okhttp/src/jvmMain/kotlin/okhttp3/internal/platform/ConscryptPlatform.kt:111:66 The resulting type of this 'javaClass' call is 'Class<ConscryptPlatform.Companion>' and not 'Class<ConscryptPlatform>'. Use '::class.java' to access type 'Class<ConscryptPlatform>'.
2025-04-10T18:26:06.0197584Z w: file:///home/runner/work/okhttp/okhttp/okhttp/src/jvmMain/kotlin/okhttp3/internal/platform/OpenJSSEPlatform.kt:97:63 The resulting type of this 'javaClass' call is 'Class<OpenJSSEPlatform.Companion>' and not 'Class<OpenJSSEPlatform>'. Use '::class.java' to access type 'Class<OpenJSSEPlatform>'.
2025-04-10T18:26:06.0201917Z w: file:///home/runner/work/okhttp/okhttp/okhttp/src/jvmMain/kotlin/okhttp3/internal/platform/PlatformRegistry.kt:5:1 'expect'/'actual' classes (including interfaces, objects, annotations, enums, and 'actual' typealiases) are in Beta. Consider using the '-Xexpect-actual-classes' flag to suppress this warning. Also see: https://youtrack.jetbrains.com/issue/KT-61573
2025-04-10T18:26:06.1103280Z 
2025-04-10T18:26:06.1104174Z > Task :okhttp:extractReleaseAnnotations
2025-04-10T18:26:06.1106273Z > Task :okhttp:compileDebugJavaWithJavac NO-SOURCE
2025-04-10T18:26:06.2111658Z > Task :okhttp:bundleLibCompileToJarDebug
2025-04-10T18:26:06.2114016Z > Task :okhttp:extractDebugAnnotations
2025-04-10T18:26:06.2115513Z > Task :android-test:compileDebugKotlin NO-SOURCE
2025-04-10T18:26:06.2117535Z > Task :okhttp:mergeDebugGeneratedProguardFiles
2025-04-10T18:26:06.2121741Z > Task :okhttp:mergeDebugConsumerProguardFiles
2025-04-10T18:26:06.2131350Z > Task :okhttp:processDebugJavaRes
2025-04-10T18:26:06.2133361Z > Task :okhttp:compileJvmMainJava NO-SOURCE
2025-04-10T18:26:06.2138579Z > Task :okhttp:jvmMainClasses
2025-04-10T18:26:06.3086598Z > Task :android-test:extractDebugAnnotations
2025-04-10T18:26:06.3090860Z > Task :android-test:compileDebugJavaWithJavac NO-SOURCE
2025-04-10T18:26:06.3091653Z > Task :android-test:mergeDebugGeneratedProguardFiles
2025-04-10T18:26:06.3092367Z > Task :android-test:mergeDebugConsumerProguardFiles
2025-04-10T18:26:06.3094750Z > Task :android-test:processDebugJavaRes NO-SOURCE
2025-04-10T18:26:06.3095996Z > Task :android-test:mergeDebugJavaResource
2025-04-10T18:26:06.3097147Z > Task :android-test:bundleLibRuntimeToJarDebug
2025-04-10T18:26:06.3098292Z > Task :android-test:syncDebugLibJars
2025-04-10T18:26:06.3099033Z > Task :okhttp:mergeDebugJavaResource
2025-04-10T18:26:06.3100176Z > Task :android-test:bundleDebugLocalLintAar
2025-04-10T18:26:06.3101153Z > Task :android-test:createFullJarDebug
2025-04-10T18:26:07.5090191Z > Task :okhttp:jvmJar
2025-04-10T18:26:07.7133203Z > Task :okhttp:syncDebugLibJars
2025-04-10T18:26:07.7133839Z > Task :okhttp:bundleDebugLocalLintAar
2025-04-10T18:26:07.8088123Z > Task :okhttp:bundleLibRuntimeToJarDebug
2025-04-10T18:26:07.8111837Z > Task :okhttp:createFullJarDebug
2025-04-10T18:26:08.9087216Z > Task :okhttp-brotli:compileKotlin
2025-04-10T18:26:08.9087907Z > Task :okhttp-brotli:compileJava NO-SOURCE
2025-04-10T18:26:08.9088530Z > Task :okhttp-brotli:classes UP-TO-DATE
2025-04-10T18:26:09.4094911Z 
2025-04-10T18:26:09.4095520Z > Task :okhttp-brotli:jar
2025-04-10T18:26:09.4096494Z warning: Unused -privatepackage instructions , no such package(s) on the class path: [okhttp3.brotli.internal]
2025-04-10T18:26:10.0091360Z 
2025-04-10T18:26:10.0091897Z > Task :okhttp-dnsoverhttps:compileKotlin
2025-04-10T18:26:10.0092349Z 
2025-04-10T18:26:10.0092575Z > Task :logging-interceptor:compileKotlin
2025-04-10T18:26:10.0095128Z w: file:///home/runner/work/okhttp/okhttp/okhttp-logging-interceptor/src/main/kotlin/okhttp3/logging/HttpLoggingInterceptor.kt:16:36 This code uses error suppression for 'INVISIBLE_REFERENCE'. While it might compile and work, the compiler behavior is UNSPECIFIED and WILL NOT BE PRESERVED. Please report your use case to the Kotlin issue tracker instead: https://kotl.in/issue
2025-04-10T18:26:10.1087441Z 
2025-04-10T18:26:10.1088070Z > Task :okhttp-dnsoverhttps:compileJava NO-SOURCE
2025-04-10T18:26:10.1088820Z > Task :okhttp-dnsoverhttps:classes UP-TO-DATE
2025-04-10T18:26:10.1089482Z > Task :logging-interceptor:compileJava NO-SOURCE
2025-04-10T18:26:10.1090198Z > Task :logging-interceptor:classes UP-TO-DATE
2025-04-10T18:26:10.3113205Z > Task :okhttp-dnsoverhttps:jar
2025-04-10T18:26:10.3118251Z 
2025-04-10T18:26:10.3118523Z > Task :logging-interceptor:jar
2025-04-10T18:26:10.3119488Z warning: Unused -privatepackage instructions , no such package(s) on the class path: [okhttp3.logging.internal]
2025-04-10T18:26:10.4088039Z 
2025-04-10T18:26:10.4091603Z > Task :okhttp:generateDebugLintModel
2025-04-10T18:26:10.4092336Z > Task :android-test:generateDebugLintReportModel
2025-04-10T18:26:10.8086675Z > Task :okhttp-sse:compileKotlin
2025-04-10T18:26:10.8087540Z > Task :okhttp-sse:compileJava NO-SOURCE
2025-04-10T18:26:10.8088250Z > Task :okhttp-sse:classes UP-TO-DATE
2025-04-10T18:26:11.1087830Z 
2025-04-10T18:26:11.1088380Z > Task :okhttp-sse:jar
2025-04-10T18:26:11.1089330Z warning: Unused -privatepackage instructions , no such package(s) on the class path: [okhttp3.sse.internal]
2025-04-10T18:26:11.1090125Z 
2025-04-10T18:26:11.1090393Z > Task :okhttp:generateDebugAndroidTestLintModel
2025-04-10T18:26:13.3086019Z 
2025-04-10T18:26:13.3086610Z > Task :mockwebserver3:compileKotlin
2025-04-10T18:26:13.3089207Z w: file:///home/runner/work/okhttp/okhttp/mockwebserver/src/main/kotlin/mockwebserver3/MockResponse.kt:16:36 This code uses error suppression for 'INVISIBLE_REFERENCE'. While it might compile and work, the compiler behavior is UNSPECIFIED and WILL NOT BE PRESERVED. Please report your use case to the Kotlin issue tracker instead: https://kotl.in/issue
2025-04-10T18:26:13.3093596Z w: file:///home/runner/work/okhttp/okhttp/mockwebserver/src/main/kotlin/mockwebserver3/MockWebServer.kt:17:36 This code uses error suppression for 'INVISIBLE_REFERENCE'. While it might compile and work, the compiler behavior is UNSPECIFIED and WILL NOT BE PRESERVED. Please report your use case to the Kotlin issue tracker instead: https://kotl.in/issue
2025-04-10T18:26:13.5086701Z 
2025-04-10T18:26:13.5087350Z > Task :mockwebserver3:compileJava NO-SOURCE
2025-04-10T18:26:13.5088186Z > Task :mockwebserver3:classes UP-TO-DATE
2025-04-10T18:26:13.8098710Z > Task :mockwebserver3:jar
2025-04-10T18:26:14.7089898Z > Task :mockwebserver3-junit4:compileKotlin
2025-04-10T18:26:14.7091414Z > Task :mockwebserver3-junit4:compileJava NO-SOURCE
2025-04-10T18:26:14.7092386Z > Task :mockwebserver3-junit4:classes UP-TO-DATE
2025-04-10T18:26:14.8127103Z > Task :mockwebserver3-junit4:jar
2025-04-10T18:26:16.0106022Z > Task :mockwebserver3-junit5:compileKotlin
2025-04-10T18:26:16.0107199Z > Task :mockwebserver3-junit5:compileJava NO-SOURCE
2025-04-10T18:26:16.0108072Z > Task :mockwebserver3-junit5:classes
2025-04-10T18:26:16.1087347Z > Task :mockwebserver3-junit5:jar
2025-04-10T18:26:16.1092415Z > Task :okhttp:compileReleaseJavaWithJavac NO-SOURCE
2025-04-10T18:26:16.1093501Z > Task :okhttp:mergeReleaseGeneratedProguardFiles
2025-04-10T18:26:16.1096584Z > Task :okhttp:mergeReleaseConsumerProguardFiles
2025-04-10T18:26:16.1097672Z > Task :okhttp:processReleaseJavaRes
2025-04-10T18:26:16.2086818Z > Task :okhttp:mergeReleaseJavaResource
2025-04-10T18:26:16.4094378Z 
2025-04-10T18:26:16.4095431Z > Task :okhttp-tls:compileKotlin
2025-04-10T18:26:16.4098270Z w: file:///home/runner/work/okhttp/okhttp/okhttp-tls/src/main/kotlin/okhttp3/tls/HandshakeCertificates.kt:16:36 This code uses error suppression for 'INVISIBLE_REFERENCE'. While it might compile and work, the compiler behavior is UNSPECIFIED and WILL NOT BE PRESERVED. Please report your use case to the Kotlin issue tracker instead: https://kotl.in/issue
2025-04-10T18:26:16.4103330Z w: file:///home/runner/work/okhttp/okhttp/okhttp-tls/src/main/kotlin/okhttp3/tls/internal/InsecureExtendedTrustManager.kt:16:36 This code uses error suppression for 'INVISIBLE_REFERENCE'. While it might compile and work, the compiler behavior is UNSPECIFIED and WILL NOT BE PRESERVED. Please report your use case to the Kotlin issue tracker instead: https://kotl.in/issue
2025-04-10T18:26:16.4106951Z w: file:///home/runner/work/okhttp/okhttp/okhttp-tls/src/main/kotlin/okhttp3/tls/internal/der/Adapters.kt:382:40 Unchecked cast of 'DerAdapter<*>' to 'DerAdapter<Any?>'.
2025-04-10T18:26:16.4109581Z w: file:///home/runner/work/okhttp/okhttp/okhttp-tls/src/main/kotlin/okhttp3/tls/internal/der/Adapters.kt:421:18 Unchecked cast of 'DerAdapter<*>' to 'DerAdapter<Any?>'.
2025-04-10T18:26:16.4112797Z w: file:///home/runner/work/okhttp/okhttp/okhttp-tls/src/main/kotlin/okhttp3/tls/internal/der/Adapters.kt:447:48 Unchecked cast of 'DerAdapter<*>?' to 'DerAdapter<Any?>?'.
2025-04-10T18:26:16.4122019Z w: file:///home/runner/work/okhttp/okhttp/okhttp-tls/src/main/kotlin/okhttp3/tls/internal/der/Adapters.kt:455:48 Unchecked cast of 'DerAdapter<*>?' to 'DerAdapter<Any?>?'.
2025-04-10T18:26:16.4124496Z w: file:///home/runner/work/okhttp/okhttp/okhttp-tls/src/main/kotlin/okhttp3/tls/internal/der/Adapters.kt:505:26 Unchecked cast of 'DerAdapter<*>' to 'DerAdapter<Any?>'.
2025-04-10T18:26:16.4127133Z w: file:///home/runner/work/okhttp/okhttp/okhttp-tls/src/main/kotlin/okhttp3/tls/internal/der/BasicDerAdapter.kt:51:43 Unchecked cast of 'T? (of class BasicDerAdapter<T>)' to 'T (of class BasicDerAdapter<T>)'.
2025-04-10T18:26:16.5113075Z 
2025-04-10T18:26:16.5141513Z > Task :okhttp:syncReleaseLibJars
2025-04-10T18:26:16.5142208Z > Task :okhttp:bundleReleaseLocalLintAar
2025-04-10T18:26:16.6091293Z > Task :okhttp-tls:compileJava NO-SOURCE
2025-04-10T18:26:16.6092028Z > Task :okhttp-tls:classes UP-TO-DATE
2025-04-10T18:26:16.7113861Z > Task :okhttp:bundleLibCompileToJarRelease
2025-04-10T18:26:17.1085769Z 
2025-04-10T18:26:17.1091174Z > Task :okhttp-tls:jar
2025-04-10T18:26:17.1096372Z warning: Unused -privatepackage instructions , no such package(s) on the class path: [okhttp3.tls.internal, okhttp3.tls.internal.der]
2025-04-10T18:26:19.8087034Z 
2025-04-10T18:26:19.8088027Z > Task :android-test-app:compileReleaseKotlin
2025-04-10T18:26:19.8089139Z > Task :android-test-app:compileReleaseJavaWithJavac NO-SOURCE
2025-04-10T18:26:19.8090279Z > Task :android-test-app:bundleReleaseClassesToCompileJar
2025-04-10T18:26:19.9086870Z > Task :okhttp:bundleLibRuntimeToJarRelease
2025-04-10T18:26:19.9091976Z > Task :okhttp:createFullJarRelease
2025-04-10T18:26:20.2086827Z > Task :android-test-app:generateReleaseAndroidTestLintModel
2025-04-10T18:26:20.2091476Z > Task :okhttp:generateReleaseLintModel
2025-04-10T18:26:20.3086944Z > Task :android-test-app:generateReleaseLintReportModel
2025-04-10T18:26:20.3091378Z > Task :android-test-app:generateReleaseUnitTestLintModel
2025-04-10T18:26:27.9086876Z > Task :okhttp:lintAnalyzeDebugAndroidTest
2025-04-10T18:26:29.2086803Z > Task :android-test-app:lintAnalyzeReleaseAndroidTest
2025-04-10T18:26:29.6086837Z > Task :android-test-app:lintAnalyzeReleaseUnitTest
2025-04-10T18:26:31.3086586Z > Task :logging-interceptor:animalsnifferMain
2025-04-10T18:26:32.1112525Z > Task :logging-interceptor:apiBuild
2025-04-10T18:26:32.1113571Z > Task :logging-interceptor:apiCheck
2025-04-10T18:26:32.1114521Z > Task :logging-interceptor:checkstyleMain NO-SOURCE
2025-04-10T18:26:32.2087308Z > Task :logging-interceptor:generateJvmMainLintModel
2025-04-10T18:26:32.2088452Z > Task :mockwebserver3:generateJvmMainLintModel
2025-04-10T18:26:32.2089467Z > Task :mockwebserver3-junit5:generateJvmMainLintModel
2025-04-10T18:26:32.2090433Z > Task :okhttp-tls:generateJvmMainLintModel
2025-04-10T18:26:32.4088425Z 
2025-04-10T18:26:32.4089014Z > Task :okhttp-testing-support:compileKotlin
2025-04-10T18:26:32.4091614Z w: file:///home/runner/work/okhttp/okhttp/okhttp-testing-support/src/main/kotlin/okhttp3/CallEvent.kt:16:36 This code uses error suppression for 'INVISIBLE_REFERENCE'. While it might compile and work, the compiler behavior is UNSPECIFIED and WILL NOT BE PRESERVED. Please report your use case to the Kotlin issue tracker instead: https://kotl.in/issue
2025-04-10T18:26:32.4099843Z w: file:///home/runner/work/okhttp/okhttp/okhttp-testing-support/src/main/kotlin/okhttp3/ConnectionEvent.kt:16:36 This code uses error suppression for 'INVISIBLE_REFERENCE'. While it might compile and work, the compiler behavior is UNSPECIFIED and WILL NOT BE PRESERVED. Please report your use case to the Kotlin issue tracker instead: https://kotl.in/issue
2025-04-10T18:26:32.4103755Z w: file:///home/runner/work/okhttp/okhttp/okhttp-testing-support/src/main/kotlin/okhttp3/DelegatingSSLSession.kt:23:8 'class X509Certificate : Certificate' is deprecated. Deprecated in Java.
2025-04-10T18:26:32.4107046Z w: file:///home/runner/work/okhttp/okhttp/okhttp-testing-support/src/main/kotlin/okhttp3/DelegatingSSLSession.kt:64:16 This declaration overrides a deprecated member but is not marked as deprecated itself. Add the '@Deprecated' annotation or suppress the diagnostic.
2025-04-10T18:26:32.4109942Z w: file:///home/runner/work/okhttp/okhttp/okhttp-testing-support/src/main/kotlin/okhttp3/DelegatingSSLSession.kt:64:49 'class X509Certificate : Certificate' is deprecated. Deprecated in Java.
2025-04-10T18:26:32.4112400Z w: file:///home/runner/work/okhttp/okhttp/okhttp-testing-support/src/main/kotlin/okhttp3/DelegatingSSLSession.kt:64:79 'val peerCertificateChain: Array<(out) X509Certificate!>!' is deprecated. Deprecated in Java.
2025-04-10T18:26:32.4114851Z w: file:///home/runner/work/okhttp/okhttp/okhttp-testing-support/src/main/kotlin/okhttp3/FakeSSLSession.kt:24:8 'class X509Certificate : Certificate' is deprecated. Deprecated in Java.
2025-04-10T18:26:32.4117459Z w: file:///home/runner/work/okhttp/okhttp/okhttp-testing-support/src/main/kotlin/okhttp3/FakeSSLSession.kt:57:16 This declaration overrides a deprecated member but is not marked as deprecated itself. Add the '@Deprecated' annotation or suppress the diagnostic.
2025-04-10T18:26:32.4120203Z w: file:///home/runner/work/okhttp/okhttp/okhttp-testing-support/src/main/kotlin/okhttp3/FakeSSLSession.kt:57:49 'class X509Certificate : Certificate' is deprecated. Deprecated in Java.
2025-04-10T18:26:32.4134082Z w: file:///home/runner/work/okhttp/okhttp/okhttp-testing-support/src/main/kotlin/okhttp3/OkHttpClientTestRule.kt:16:36 This code uses error suppression for 'INVISIBLE_REFERENCE'. While it might compile and work, the compiler behavior is UNSPECIFIED and WILL NOT BE PRESERVED. Please report your use case to the Kotlin issue tracker instead: https://kotl.in/issue
2025-04-10T18:26:32.4138371Z w: file:///home/runner/work/okhttp/okhttp/okhttp-testing-support/src/main/kotlin/okhttp3/TestValueFactory.kt:17:3 This code uses error suppression for 'CANNOT_OVERRIDE_INVISIBLE_MEMBER'. While it might compile and work, the compiler behavior is UNSPECIFIED and WILL NOT BE PRESERVED. Please report your use case to the Kotlin issue tracker instead: https://kotl.in/issue
2025-04-10T18:26:32.4142556Z w: file:///home/runner/work/okhttp/okhttp/okhttp-testing-support/src/main/kotlin/okhttp3/TestValueFactory.kt:19:3 This code uses error suppression for 'INVISIBLE_REFERENCE'. While it might compile and work, the compiler behavior is UNSPECIFIED and WILL NOT BE PRESERVED. Please report your use case to the Kotlin issue tracker instead: https://kotl.in/issue
2025-04-10T18:26:32.4147084Z w: file:///home/runner/work/okhttp/okhttp/okhttp-testing-support/src/main/kotlin/okhttp3/internal/concurrent/TaskFaker.kt:16:36 This code uses error suppression for 'INVISIBLE_REFERENCE'. While it might compile and work, the compiler behavior is UNSPECIFIED and WILL NOT BE PRESERVED. Please report your use case to the Kotlin issue tracker instead: https://kotl.in/issue
2025-04-10T18:26:32.4171616Z w: file:///home/runner/work/okhttp/okhttp/okhttp-testing-support/src/main/kotlin/okhttp3/internal/http/RecordingProxySelector.kt:16:36 This code uses error suppression for 'INVISIBLE_REFERENCE'. While it might compile and work, the compiler behavior is UNSPECIFIED and WILL NOT BE PRESERVED. Please report your use case to the Kotlin issue tracker instead: https://kotl.in/issue
2025-04-10T18:26:32.4174895Z w: file:///home/runner/work/okhttp/okhttp/okhttp-testing-support/src/main/kotlin/okhttp3/okio/LoggingFilesystem.kt:68:5 The corresponding parameter in the supertype 'ForwardingFileSystem' is named 'file'. This may cause problems when calling this function with named arguments.
2025-04-10T18:26:32.5113532Z 
2025-04-10T18:26:32.5114689Z > Task :okhttp-testing-support:compileJava NO-SOURCE
2025-04-10T18:26:32.5115744Z > Task :okhttp-testing-support:classes
2025-04-10T18:26:33.3087720Z > Task :okhttp-testing-support:jar
2025-04-10T18:26:33.7112235Z > Task :android-test:generateDebugAndroidTestLintModel
2025-04-10T18:26:33.8120498Z > Task :android-test:generateDebugUnitTestLintModel
2025-04-10T18:26:37.7086730Z > Task :okhttp:lintAnalyzeDebug
2025-04-10T18:26:37.7087913Z > Task :okhttp:lintAnalyzeRelease
2025-04-10T18:26:37.8086752Z > Task :okhttp:generateDebugUnitTestLintModel
2025-04-10T18:26:39.3086593Z > Task :logging-interceptor:lintAnalyzeJvmMain
2025-04-10T18:26:41.8086722Z > Task :android-test:lintAnalyzeDebug
2025-04-10T18:26:42.7086945Z > Task :android-test:lintAnalyzeDebugUnitTest
2025-04-10T18:26:42.8086821Z > Task :okhttp:generateReleaseUnitTestLintModel
2025-04-10T18:26:43.5086717Z > Task :android-test-app:lintAnalyzeRelease
2025-04-10T18:26:43.6087019Z > Task :okhttp-testing-support:generateJvmMainLintModel
2025-04-10T18:26:43.6092262Z > Task :logging-interceptor:generateJvmTestLintModel
2025-04-10T18:26:45.7086852Z > Task :okhttp:lintAnalyzeDebugUnitTest
2025-04-10T18:26:47.8086906Z 
2025-04-10T18:26:47.8092390Z > Task :mockwebserver:compileKotlin
2025-04-10T18:26:47.8095387Z w: file:///home/runner/work/okhttp/okhttp/mockwebserver-deprecated/src/main/kotlin/okhttp3/mockwebserver/MockResponse.kt:16:36 This code uses error suppression for 'INVISIBLE_REFERENCE'. While it might compile and work, the compiler behavior is UNSPECIFIED and WILL NOT BE PRESERVED. Please report your use case to the Kotlin issue tracker instead: https://kotl.in/issue
2025-04-10T18:26:47.9086402Z 
2025-04-10T18:26:47.9090442Z > Task :mockwebserver:compileJava NO-SOURCE
2025-04-10T18:26:47.9091870Z > Task :mockwebserver:classes UP-TO-DATE
2025-04-10T18:26:48.2106441Z > Task :okhttp:lintAnalyzeReleaseUnitTest
2025-04-10T18:26:48.5086630Z 
2025-04-10T18:26:48.5111619Z > Task :android-test-app:lintReportRelease
2025-04-10T18:26:48.5113030Z Wrote HTML report to file:///home/runner/work/okhttp/okhttp/android-test-app/build/reports/lint-results-release.html
2025-04-10T18:26:48.5114097Z 
2025-04-10T18:26:48.5114485Z > Task :android-test-app:lintRelease
2025-04-10T18:26:48.5115206Z > Task :android-test-app:lint
2025-04-10T18:26:48.5115877Z > Task :android-test-app:check
2025-04-10T18:26:49.6086467Z > Task :mockwebserver:animalsnifferMain
2025-04-10T18:26:50.3087344Z > Task :mockwebserver:apiBuild
2025-04-10T18:26:50.3092575Z > Task :mockwebserver:apiCheck
2025-04-10T18:26:50.3093652Z > Task :mockwebserver:checkstyleMain NO-SOURCE
2025-04-10T18:26:50.3098237Z > Task :mockwebserver:generateJvmMainLintModel
2025-04-10T18:26:50.6113558Z > Task :mockwebserver:jar
2025-04-10T18:26:50.7086882Z > Task :mockwebserver:generateJvmTestLintModel
2025-04-10T18:26:52.7113506Z > Task :logging-interceptor:lintAnalyzeJvmTest
2025-04-10T18:26:52.7118846Z > Task :logging-interceptor:lintReportJvm
2025-04-10T18:26:52.7124329Z > Task :logging-interceptor:lintJvm
2025-04-10T18:26:52.7127061Z > Task :logging-interceptor:lint
2025-04-10T18:26:52.7128092Z > Task :logging-interceptor:check
2025-04-10T18:26:53.8102275Z > Task :mockwebserver3:animalsnifferMain
2025-04-10T18:26:54.6086535Z > Task :mockwebserver3:apiBuild
2025-04-10T18:26:54.6087156Z > Task :mockwebserver3:apiCheck
2025-04-10T18:26:54.6087911Z > Task :mockwebserver3:checkstyleMain NO-SOURCE
2025-04-10T18:26:54.7105164Z > Task :mockwebserver3:generateJvmTestLintModel
2025-04-10T18:26:56.3108703Z > Task :android-test:lintAnalyzeDebugAndroidTest
2025-04-10T18:26:56.5085827Z 
2025-04-10T18:26:56.5090273Z > Task :android-test:lintReportDebug
2025-04-10T18:26:56.5095217Z Wrote HTML report to file:///home/runner/work/okhttp/okhttp/android-test/build/reports/lint-results-debug.html
2025-04-10T18:26:56.5099606Z 
2025-04-10T18:26:56.5103800Z > Task :android-test:lintDebug
2025-04-10T18:26:56.5104619Z > Task :android-test:lint
2025-04-10T18:26:56.5108403Z > Task :android-test:check
2025-04-10T18:26:57.8087504Z > Task :mockwebserver3-junit4:animalsnifferMain
2025-04-10T18:26:57.8092142Z > Task :mockwebserver:lintAnalyzeJvmTest
2025-04-10T18:26:57.8096824Z > Task :mockwebserver3-junit4:checkstyleMain NO-SOURCE
2025-04-10T18:26:57.8097794Z > Task :mockwebserver3-junit4:generateJvmMainLintModel
2025-04-10T18:26:57.8099917Z > Task :mockwebserver3-junit4:generateJvmTestLintModel
2025-04-10T18:26:58.0086691Z > Task :mockwebserver3-junit4:apiBuild
2025-04-10T18:26:58.0091567Z > Task :mockwebserver3-junit4:apiCheck
2025-04-10T18:26:59.0086953Z > Task :mockwebserver3-junit5:animalsnifferMain
2025-04-10T18:26:59.4087235Z > Task :mockwebserver3-junit5:apiBuild
2025-04-10T18:26:59.4092261Z > Task :mockwebserver3-junit5:apiCheck
2025-04-10T18:26:59.4097357Z > Task :mockwebserver3-junit5:checkstyleMain NO-SOURCE
2025-04-10T18:26:59.5113637Z > Task :mockwebserver3-junit5:generateJvmTestLintModel
2025-04-10T18:26:59.9086770Z > Task :mockwebserver3-junit4:lintAnalyzeJvmTest
2025-04-10T18:27:00.0113583Z > Task :mockwebserver3:lintAnalyzeJvmMain
2025-04-10T18:27:00.8086360Z 
2025-04-10T18:27:00.8087316Z > Task :okhttp-java-net-cookiejar:compileKotlin
2025-04-10T18:27:00.8089955Z w: file:///home/runner/work/okhttp/okhttp/okhttp-java-net-cookiejar/src/main/kotlin/okhttp3/java/net/cookiejar/JavaNetCookieJar.kt:16:36 This code uses error suppression for 'INVISIBLE_REFERENCE'. While it might compile and work, the compiler behavior is UNSPECIFIED and WILL NOT BE PRESERVED. Please report your use case to the Kotlin issue tracker instead: https://kotl.in/issue
2025-04-10T18:27:02.1085896Z 
2025-04-10T18:27:02.1090273Z > Task :mockwebserver3-junit5:lintAnalyzeJvmTest
2025-04-10T18:27:02.8088008Z > Task :mockwebserver3:lintAnalyzeJvmTest
2025-04-10T18:27:02.8091968Z 
2025-04-10T18:27:02.8093200Z > Task :mockwebserver3:lintReportJvm
2025-04-10T18:27:02.8095303Z Wrote HTML report to file:///home/runner/work/okhttp/okhttp/mockwebserver/build/reports/lint-results.html
2025-04-10T18:27:02.8099315Z 
2025-04-10T18:27:02.8102917Z > Task :mockwebserver3:lintJvm
2025-04-10T18:27:02.8106675Z > Task :mockwebserver3:lint
2025-04-10T18:27:02.8110044Z > Task :mockwebserver3:check
2025-04-10T18:27:02.8112730Z > Task :okhttp-java-net-cookiejar:compileJava NO-SOURCE
2025-04-10T18:27:02.8114952Z > Task :okhttp-java-net-cookiejar:classes UP-TO-DATE
2025-04-10T18:27:02.9087188Z > Task :okhttp-java-net-cookiejar:jar
2025-04-10T18:27:02.9089194Z > Task :native-image-tests:compileKotlin NO-SOURCE
2025-04-10T18:27:02.9095872Z > Task :native-image-tests:compileJava NO-SOURCE
2025-04-10T18:27:02.9098038Z > Task :native-image-tests:classes UP-TO-DATE
2025-04-10T18:27:02.9100165Z > Task :native-image-tests:animalsnifferMain SKIPPED
2025-04-10T18:27:02.9103050Z > Task :native-image-tests:checkstyleMain NO-SOURCE
2025-04-10T18:27:03.0087472Z > Task :okhttp-brotli:generateJvmMainLintModel
2025-04-10T18:27:03.0092409Z > Task :okhttp-dnsoverhttps:generateJvmMainLintModel
2025-04-10T18:27:03.0097453Z > Task :okhttp-java-net-cookiejar:generateJvmMainLintModel
2025-04-10T18:27:03.0102029Z > Task :okhttp-sse:generateJvmMainLintModel
2025-04-10T18:27:03.0105276Z > Task :native-image-tests:generateJvmMainLintModel
2025-04-10T18:27:03.1109475Z > Task :native-image-tests:jar
2025-04-10T18:27:03.2112208Z > Task :native-image-tests:generateJvmTestLintModel
2025-04-10T18:27:03.3113481Z > Task :mockwebserver3-junit4:lintAnalyzeJvmMain
2025-04-10T18:27:03.4093777Z > Task :mockwebserver3-junit4:lintReportJvm
2025-04-10T18:27:03.4094545Z > Task :mockwebserver3-junit4:lintJvm
2025-04-10T18:27:03.4095159Z > Task :mockwebserver3-junit4:lint
2025-04-10T18:27:03.4095746Z > Task :mockwebserver3-junit4:check
2025-04-10T18:27:06.3086419Z > Task :mockwebserver:lintAnalyzeJvmMain
2025-04-10T18:27:06.5086731Z 
2025-04-10T18:27:06.5087638Z > Task :mockwebserver:lintReportJvm
2025-04-10T18:27:06.5088764Z Wrote HTML report to file:///home/runner/work/okhttp/okhttp/mockwebserver-deprecated/build/reports/lint-results.html
2025-04-10T18:27:06.5089659Z 
2025-04-10T18:27:06.5089977Z > Task :mockwebserver:lintJvm
2025-04-10T18:27:06.5090562Z > Task :mockwebserver:lint
2025-04-10T18:27:06.5091308Z > Task :mockwebserver:check
2025-04-10T18:27:07.3086461Z > Task :okhttp-dnsoverhttps:lintAnalyzeJvmMain
2025-04-10T18:27:07.5086706Z > Task :okhttp-brotli:lintAnalyzeJvmMain
2025-04-10T18:27:08.9086738Z > Task :mockwebserver3-junit5:lintAnalyzeJvmMain
2025-04-10T18:27:09.0103868Z > Task :mockwebserver3-junit5:lintReportJvm
2025-04-10T18:27:09.0108944Z > Task :mockwebserver3-junit5:lintJvm
2025-04-10T18:27:09.0109841Z > Task :mockwebserver3-junit5:lint
2025-04-10T18:27:09.0110573Z > Task :mockwebserver3-junit5:check
2025-04-10T18:27:11.2086613Z > Task :okhttp-sse:lintAnalyzeJvmMain
2025-04-10T18:27:12.9086648Z > Task :okhttp-java-net-cookiejar:lintAnalyzeJvmMain
2025-04-10T18:27:14.0087077Z > Task :okcurl:compileKotlin
2025-04-10T18:27:14.0087743Z > Task :okcurl:compileJava NO-SOURCE
2025-04-10T18:27:14.0088295Z > Task :okcurl:classes
2025-04-10T18:27:14.1099767Z 
2025-04-10T18:27:14.1100374Z > Task :okhttp-coroutines:compileKotlin
2025-04-10T18:27:14.1102676Z w: file:///home/runner/work/okhttp/okhttp/okhttp-coroutines/src/main/kotlin/okhttp3/coroutines/ExecuteAsync.kt:48:24 'fun resume(value: Response, onCancellation: ((@ParameterName(...) Throwable) -> Unit)?): Unit' is deprecated. Use the overload that also accepts the `value` and the coroutine context in lambda.
2025-04-10T18:27:14.1104623Z 
2025-04-10T18:27:14.1104889Z > Task :okhttp-coroutines:compileJava NO-SOURCE
2025-04-10T18:27:14.1105520Z > Task :okhttp-coroutines:classes UP-TO-DATE
2025-04-10T18:27:14.2086365Z > Task :okhttp-coroutines:jar
2025-04-10T18:27:14.8087072Z 
2025-04-10T18:27:14.8087668Z > Task :okhttp-urlconnection:compileKotlin
2025-04-10T18:27:14.8090200Z w: file:///home/runner/work/okhttp/okhttp/okhttp-urlconnection/src/main/kotlin/okhttp3/JavaNetCookieJar.kt:16:36 This code uses error suppression for 'INVISIBLE_REFERENCE'. While it might compile and work, the compiler behavior is UNSPECIFIED and WILL NOT BE PRESERVED. Please report your use case to the Kotlin issue tracker instead: https://kotl.in/issue
2025-04-10T18:27:14.8092742Z 
2025-04-10T18:27:14.8093026Z > Task :okhttp-urlconnection:compileJava NO-SOURCE
2025-04-10T18:27:14.8093705Z > Task :okhttp-urlconnection:classes UP-TO-DATE
2025-04-10T18:27:14.9086462Z > Task :okhttp-urlconnection:jar
2025-04-10T18:27:15.4112148Z > Task :okhttp:compileTestKotlinJvm FAILED
2025-04-10T18:27:15.7113417Z 
2025-04-10T18:27:15.7171454Z 26 AnimalSniffer violations were found in 1 files. See the report at: file:////home/runner/work/okhttp/okhttp/okcurl/build/reports/animalsniffer/main.text
2025-04-10T18:27:15.7172803Z 
2025-04-10T18:27:15.7173481Z [Undefined reference | android-api-level-21-5.0.1_r2] okhttp3.curl.logging.(OneLineLogFormat.kt:1) field d
2025-04-10T18:27:15.7174521Z   >> java.time.format.DateTimeFormatter
2025-04-10T18:27:15.7174942Z 
2025-04-10T18:27:15.7175563Z [Undefined reference | android-api-level-21-5.0.1_r2] okhttp3.curl.logging.(OneLineLogFormat.kt:1) field offset
2025-04-10T18:27:15.7177290Z   >> java.time.ZoneId
2025-04-10T18:27:15.7177594Z 
2025-04-10T18:27:15.7178158Z [Undefined reference | android-api-level-21-5.0.1_r2] okhttp3.curl.logging.(OneLineLogFormat.kt:38)
2025-04-10T18:27:15.7179152Z   >> java.time.format.DateTimeFormatterBuilder
2025-04-10T18:27:15.7179611Z 
2025-04-10T18:27:15.7180169Z [Undefined reference | android-api-level-21-5.0.1_r2] okhttp3.curl.logging.(OneLineLogFormat.kt:38)
2025-04-10T18:27:15.7181865Z   >> void java.time.format.DateTimeFormatterBuilder.<init>()
2025-04-10T18:27:15.7182328Z 
2025-04-10T18:27:15.7182389Z 
2025-04-10T18:27:15.7182953Z > Task :okcurl:animalsnifferMain
2025-04-10T18:27:15.7184500Z [Undefined reference | android-api-level-21-5.0.1_r2] okhttp3.curl.logging.(OneLineLogFormat.kt:39)
2025-04-10T18:27:15.7185576Z   >> java.time.temporal.ChronoField java.time.temporal.ChronoField.HOUR_OF_DAY
2025-04-10T18:27:15.7186149Z 
2025-04-10T18:27:15.7186810Z [Undefined reference | android-api-level-21-5.0.1_r2] okhttp3.curl.logging.(OneLineLogFormat.kt:39)
2025-04-10T18:27:15.7187843Z   >> java.time.temporal.TemporalField
2025-04-10T18:27:15.7188301Z 
2025-04-10T18:27:15.7214201Z [Undefined reference | android-api-level-21-5.0.1_r2] okhttp3.curl.logging.(OneLineLogFormat.kt:39)
2025-04-10T18:27:15.7216133Z   >> java.time.format.DateTimeFormatterBuilder java.time.format.DateTimeFormatterBuilder.appendValue(java.time.temporal.TemporalField, int)
2025-04-10T18:27:15.7217234Z 
2025-04-10T18:27:15.7218000Z [Undefined reference | android-api-level-21-5.0.1_r2] okhttp3.curl.logging.(OneLineLogFormat.kt:40)
2025-04-10T18:27:15.7219259Z   >> java.time.format.DateTimeFormatterBuilder java.time.format.DateTimeFormatterBuilder.appendLiteral(char)
2025-04-10T18:27:15.7220026Z 
2025-04-10T18:27:15.7220527Z [Undefined reference | android-api-level-21-5.0.1_r2] okhttp3.curl.logging.(OneLineLogFormat.kt:41)
2025-04-10T18:27:15.7222033Z   >> java.time.temporal.ChronoField java.time.temporal.ChronoField.MINUTE_OF_HOUR
2025-04-10T18:27:15.7222862Z 
2025-04-10T18:27:15.7246949Z [Undefined reference | android-api-level-21-5.0.1_r2] okhttp3.curl.logging.(OneLineLogFormat.kt:41)
2025-04-10T18:27:15.7247953Z   >> java.time.temporal.TemporalField
2025-04-10T18:27:15.7248355Z 
2025-04-10T18:27:15.7248898Z [Undefined reference | android-api-level-21-5.0.1_r2] okhttp3.curl.logging.(OneLineLogFormat.kt:41)
2025-04-10T18:27:15.7250461Z   >> java.time.format.DateTimeFormatterBuilder java.time.format.DateTimeFormatterBuilder.appendValue(java.time.temporal.TemporalField, int)
2025-04-10T18:27:15.7251695Z 
2025-04-10T18:27:15.7252284Z [Undefined reference | android-api-level-21-5.0.1_r2] okhttp3.curl.logging.(OneLineLogFormat.kt:42)
2025-04-10T18:27:15.7253560Z   >> java.time.format.DateTimeFormatterBuilder java.time.format.DateTimeFormatterBuilder.optionalStart()
2025-04-10T18:27:15.7254298Z 
2025-04-10T18:27:15.7254819Z [Undefined reference | android-api-level-21-5.0.1_r2] okhttp3.curl.logging.(OneLineLogFormat.kt:43)
2025-04-10T18:27:15.7256132Z   >> java.time.format.DateTimeFormatterBuilder java.time.format.DateTimeFormatterBuilder.appendLiteral(char)
2025-04-10T18:27:15.7256930Z 
2025-04-10T18:27:15.7257451Z [Undefined reference | android-api-level-21-5.0.1_r2] okhttp3.curl.logging.(OneLineLogFormat.kt:44)
2025-04-10T18:27:15.7258605Z   >> java.time.temporal.ChronoField java.time.temporal.ChronoField.SECOND_OF_MINUTE
2025-04-10T18:27:15.7259213Z 
2025-04-10T18:27:15.7259739Z [Undefined reference | android-api-level-21-5.0.1_r2] okhttp3.curl.logging.(OneLineLogFormat.kt:44)
2025-04-10T18:27:15.7260793Z   >> java.time.temporal.TemporalField
2025-04-10T18:27:15.7261163Z 
2025-04-10T18:27:15.7261680Z [Undefined reference | android-api-level-21-5.0.1_r2] okhttp3.curl.logging.(OneLineLogFormat.kt:44)
2025-04-10T18:27:15.7263189Z   >> java.time.format.DateTimeFormatterBuilder java.time.format.DateTimeFormatterBuilder.appendValue(java.time.temporal.TemporalField, int)
2025-04-10T18:27:15.7264204Z 
2025-04-10T18:27:15.7264730Z [Undefined reference | android-api-level-21-5.0.1_r2] okhttp3.curl.logging.(OneLineLogFormat.kt:45)
2025-04-10T18:27:15.7266384Z   >> java.time.format.DateTimeFormatterBuilder java.time.format.DateTimeFormatterBuilder.optionalStart()
2025-04-10T18:27:15.7267184Z 
2025-04-10T18:27:15.7267722Z [Undefined reference | android-api-level-21-5.0.1_r2] okhttp3.curl.logging.(OneLineLogFormat.kt:46)
2025-04-10T18:27:15.7268841Z   >> java.time.temporal.ChronoField java.time.temporal.ChronoField.NANO_OF_SECOND
2025-04-10T18:27:15.7269438Z 
2025-04-10T18:27:15.7269943Z [Undefined reference | android-api-level-21-5.0.1_r2] okhttp3.curl.logging.(OneLineLogFormat.kt:46)
2025-04-10T18:27:15.7271001Z   >> java.time.temporal.TemporalField
2025-04-10T18:27:15.7271398Z 
2025-04-10T18:27:15.7271953Z [Undefined reference | android-api-level-21-5.0.1_r2] okhttp3.curl.logging.(OneLineLogFormat.kt:46)
2025-04-10T18:27:15.7273672Z   >> java.time.format.DateTimeFormatterBuilder java.time.format.DateTimeFormatterBuilder.appendFraction(java.time.temporal.TemporalField, int, int, boolean)
2025-04-10T18:27:15.7274853Z 
2025-04-10T18:27:15.7275431Z [Undefined reference | android-api-level-21-5.0.1_r2] okhttp3.curl.logging.(OneLineLogFormat.kt:47)
2025-04-10T18:27:15.7277035Z   >> java.time.format.DateTimeFormatter java.time.format.DateTimeFormatterBuilder.toFormatter()
2025-04-10T18:27:15.7277793Z 
2025-04-10T18:27:15.7278355Z [Undefined reference | android-api-level-21-5.0.1_r2] okhttp3.curl.logging.(OneLineLogFormat.kt:49)
2025-04-10T18:27:15.7279392Z   >> java.time.ZoneId java.time.ZoneOffset.systemDefault()
2025-04-10T18:27:15.7279882Z 
2025-04-10T18:27:15.7280434Z [Undefined reference | android-api-level-21-5.0.1_r2] okhttp3.curl.logging.(OneLineLogFormat.kt:54)
2025-04-10T18:27:15.7281695Z   >> java.time.Instant java.time.Instant.ofEpochMilli(long)
2025-04-10T18:27:15.7282197Z 
2025-04-10T18:27:15.7282750Z [Undefined reference | android-api-level-21-5.0.1_r2] okhttp3.curl.logging.(OneLineLogFormat.kt:54)
2025-04-10T18:27:15.7283865Z   >> java.time.ZonedDateTime java.time.Instant.atZone(java.time.ZoneId)
2025-04-10T18:27:15.7284450Z 
2025-04-10T18:27:15.7285010Z [Undefined reference | android-api-level-21-5.0.1_r2] okhttp3.curl.logging.(OneLineLogFormat.kt:60)
2025-04-10T18:27:15.7286167Z   >> String java.time.ZonedDateTime.format(java.time.format.DateTimeFormatter)
2025-04-10T18:27:15.7286782Z 
2025-04-10T18:27:15.7287335Z [Undefined reference | android-api-level-21-5.0.1_r2] okhttp3.curl.logging.(OneLineLogFormat.kt:62)
2025-04-10T18:27:15.7288477Z   >> String java.time.ZonedDateTime.format(java.time.format.DateTimeFormatter)
2025-04-10T18:27:15.7289079Z 
2025-04-10T18:27:17.0086558Z 
2025-04-10T18:27:17.0087521Z > Task :okhttp-tls:lintAnalyzeJvmMain
2025-04-10T18:27:19.1102519Z > Task :native-image-tests:lintAnalyzeJvmTest
2025-04-10T18:27:19.2086635Z 
2025-04-10T18:27:19.2087700Z gradle/actions: Writing build results to /home/runner/work/_temp/.gradle-actions/build-results/__run-1744309429412.json
2025-04-10T18:27:19.2092513Z FAILURE: Build failed with an exception.
2025-04-10T18:27:19.2092958Z 
2025-04-10T18:27:19.2093893Z [Incubating] Problems report is available at: file:///home/runner/work/okhttp/okhttp/build/reports/problems/problems-report.html
2025-04-10T18:27:19.2096907Z 
2025-04-10T18:27:19.2097155Z * What went wrong:
2025-04-10T18:27:19.2107332Z Execution failed for task ':okhttp:compileTestKotlinJvm'.
2025-04-10T18:27:19.2108230Z > Could not resolve all files for configuration ':okhttp:jvmTestCompileClasspath'.
2025-04-10T18:27:19.2109081Z    > No variants of main match the consumer attributes:
2025-04-10T18:27:19.2109654Z        - main:
2025-04-10T18:27:19.2111179Z            - Incompatible because this component declares a component, as well as attribute 'artifactType' with value 'directory' and the consumer needed a component, as well as attribute 'artifactType' with value 'jar'
2025-04-10T18:27:19.2112747Z            - Other compatible attributes:
2025-04-10T18:27:19.2113672Z                - Doesn't say anything about how its dependencies are found (required its dependencies declared externally)
2025-04-10T18:27:19.2115217Z                - Doesn't say anything about its component category (required a library)
2025-04-10T18:27:19.2116197Z                - Doesn't say anything about its elements (required them preferably in the form of class files)
2025-04-10T18:27:19.2117317Z                - Doesn't say anything about its target Java environment (preferred optimized for standard JVMs)
2025-04-10T18:27:19.2118404Z                - Doesn't say anything about its target Java version (required compatibility with Java 8)
2025-04-10T18:27:19.2119339Z                - Doesn't say anything about its usage (required compile-time)
2025-04-10T18:27:19.2120278Z                - Doesn't say anything about org.jetbrains.kotlin.platform.type (required 'jvm')
2025-04-10T18:27:19.2121341Z    > No variants of jvmMain match the consumer attributes:
2025-04-10T18:27:19.2121944Z        - jvmMain:
2025-04-10T18:27:19.2123221Z            - Incompatible because this component declares a component, as well as attribute 'artifactType' with value '' and the consumer needed a component, as well as attribute 'artifactType' with value 'jar'
2025-04-10T18:27:19.2124636Z            - Other compatible attributes:
2025-04-10T18:27:19.2125780Z                - Doesn't say anything about how its dependencies are found (required its dependencies declared externally)
2025-04-10T18:27:19.2126787Z                - Doesn't say anything about its component category (required a library)
2025-04-10T18:27:19.2127736Z                - Doesn't say anything about its elements (required them preferably in the form of class files)
2025-04-10T18:27:19.2128811Z                - Doesn't say anything about its target Java environment (preferred optimized for standard JVMs)
2025-04-10T18:27:19.2129880Z                - Doesn't say anything about its target Java version (required compatibility with Java 8)
2025-04-10T18:27:19.2131006Z                - Doesn't say anything about its usage (required compile-time)
2025-04-10T18:27:19.2131888Z                - Doesn't say anything about org.jetbrains.kotlin.platform.type (required 'jvm')
2025-04-10T18:27:19.2132467Z 
2025-04-10T18:27:19.2132637Z * Try:
2025-04-10T18:27:19.2133580Z > No matching variant errors are explained in more detail at https://docs.gradle.org/8.13/userguide/variant_model.html#sub:variant-no-match.
2025-04-10T18:27:19.2135091Z > Review the variant matching algorithm at https://docs.gradle.org/8.13/userguide/variant_attributes.html#sec:abm_algorithm.
2025-04-10T18:27:19.2136156Z > Run with --stacktrace option to get the stack trace.
2025-04-10T18:27:19.2136854Z > Run with --info or --debug option to get more log output.
2025-04-10T18:27:19.2137489Z > Run with --scan to get full insights.
2025-04-10T18:27:19.2138090Z > Get more help at https://help.gradle.org.
2025-04-10T18:27:19.2138472Z 
2025-04-10T18:27:19.2138659Z BUILD FAILED in 3m 33s
2025-04-10T18:27:19.2138930Z 
2025-04-10T18:27:19.2139400Z Deprecated Gradle features were used in this build, making it incompatible with Gradle 9.0.
2025-04-10T18:27:19.2140019Z 
2025-04-10T18:27:19.2140935Z You can use '--warning-mode all' to show the individual deprecation warnings and determine if they come from your own scripts or plugins.
2025-04-10T18:27:19.2141780Z 
2025-04-10T18:27:19.2142579Z For more on this, please refer to https://docs.gradle.org/8.13/userguide/command_line_interface.html#sec:command_line_warnings in the Gradle documentation.
2025-04-10T18:27:19.2143744Z 351 actionable tasks: 326 executed, 25 from cache
2025-04-10T18:27:19.6870007Z ##[error]Process completed with exit code 1.
