##[group]Run ./gradlew check -PandroidBuild=true -PgraalBuild=true -x test -x test
[36;1m./gradlew check -PandroidBuild=true -PgraalBuild=true -x test -x test[0m
0

GRADLE_OPTS: -Dorg.gradle.jvmargs=-Xmx4g -Dorg.gradle.daemon=false -Dkotlin.incremental=false
JAVA_HOME: /opt/hostedtoolcache/graalvm-jdk-21_linux-x64_bin/21.0.0/x64/graalvm-jdk-21.0.6+8.1
JAVA_HOME_11_X64: /opt/hostedtoolcache/Java_Zulu_jdk/11.0.26-4/x64
JAVA_HOME_17_X64: /opt/hostedtoolcache/Java_Zulu_jdk/17.0.14-7/x64
GRAALVM_HOME: /opt/hostedtoolcache/graalvm-jdk-21_linux-x64_bin/21.0.0/x64/graalvm-jdk-21.0.6+8.1
NATIVE_IMAGE_CONFIG_FILE: /tmp/native-image-options.properties
GRADLE_ACTION_ID: gradle/actions/setup-gradle
GRADLE_USER_HOME: /home/runner/.gradle
GRADLE_BUILD_ACTION_SETUP_COMPLETED: true
GRADLE_BUILD_ACTION_CACHE_RESTORED: true
DEVELOCITY_INJECTION_INIT_SCRIPT_NAME: gradle-actions.inject-develocity.init.gradle
DEVELOCITY_AUTO_INJECTION_CUSTOM_VALUE: gradle-actions
GITHUB_DEPENDENCY_GRAPH_ENABLED: false
##[endgroup]
To honour the JVM settings for this build a single-use Daemon process will be forked. For more on this, please refer to https://docs.gradle.org/8.13/userguide/gradle_daemon.html#sec:disabling_the_daemon in the Gradle documentation.
Daemon will be stopped at the end of the build
Type-safe project accessors is an incubating feature.
> Task :buildSrc:checkKotlinGradlePluginConfigurationErrors SKIPPED
> Task :buildSrc:compileKotlin FROM-CACHE
> Task :buildSrc:compileJava NO-SOURCE
> Task :buildSrc:compileGroovy NO-SOURCE
> Task :buildSrc:pluginDescriptors
> Task :buildSrc:processResources NO-SOURCE
> Task :buildSrc:classes UP-TO-DATE
2025-04-10T18:23:54.4096465Z
> Task :buildSrc:jar
:jar: No valid plugin descriptors were found in META-INF/gradle-plugins
2025-04-10T18:24:10.0087589Z
> Configure project :
warning: Dokka Gradle plugin V1 is deprecated
2025-04-10T18:24:10.0102637Z
Dokka Gradle plugin V1 is deprecated, and will be removed in Dokka version 2.1.0
Please migrate to Dokka Gradle plugin V2. This will require updating your project.
To learn about migrating read the migration guide https://kotl.in/dokka-gradle-migration
2025-04-10T18:24:10.0106722Z
To start migrating to Dokka Gradle plugin V2 add
org.jetbrains.dokka.experimental.gradle.pluginMode=V2EnabledWithHelpers
into your project's `gradle.properties` file.
2025-04-10T18:24:10.0113607Z
We would appreciate your feedback!
- Please report any feedback or problems https://kotl.in/dokka-issues
- Chat with the community visit #dokka in https://kotlinlang.slack.com/ (To sign up visit https://kotl.in/slack)
2025-04-10T18:24:10.0117017Z
2025-04-10T18:24:29.8088481Z
> Configure project :regression-test
w: file:///home/runner/work/okhttp/okhttp/regression-test/build.gradle.kts:13:5: 'targetSdk: Int?' is deprecated. Will be removed from library DSL in v9.0. Use testOptions.targetSdk or/and lint.targetSdk instead
2025-04-10T18:24:45.7124074Z
> Task :okhttp-idna-mapping-table:checkKotlinGradlePluginConfigurationErrors SKIPPED
> Task :okhttp:checkKotlinGradlePluginConfigurationErrors SKIPPED
> Task :android-test:preBuild UP-TO-DATE
> Task :android-test:preDebugBuild UP-TO-DATE
> Task :spotlessInternalRegisterDependencies
> Task :android-test:mergeDebugJniLibFolders
> Task :android-test:mergeDebugNativeLibs NO-SOURCE
> Task :android-test:stripDebugDebugSymbols NO-SOURCE
> Task :android-test:copyDebugJniLibsProjectAndLocalJars
> Task :android-test:checkKotlinGradlePluginConfigurationErrors SKIPPED
> Task :android-test:generateDebugResValues
> Task :android-test:generateDebugResources
> Task :android-test:packageDebugResources
> Task :okhttp:copyKotlinTemplates
> Task :okhttp:preBuild UP-TO-DATE
> Task :okhttp:preDebugBuild UP-TO-DATE
> Task :okhttp:generateDebugResValues FROM-CACHE
> Task :okhttp:generateDebugResources
> Task :okhttp:packageDebugResources
> Task :okhttp:parseDebugLocalResources
> Task :android-test:parseDebugLocalResources
> Task :okhttp:generateDebugRFile
> Task :android-test:generateDebugRFile
> Task :android-test:extractDeepLinksForAarDebug
> Task :android-test:mergeDebugShaders
> Task :okhttp:javaPreCompileDebug
> Task :android-test:compileDebugShaders NO-SOURCE
> Task :android-test:generateDebugAssets UP-TO-DATE
> Task :okhttp:mergeDebugJniLibFolders
> Task :android-test:mergeDebugAssets
> Task :okhttp:mergeDebugNativeLibs NO-SOURCE
> Task :android-test:javaPreCompileDebug FROM-CACHE
> Task :okhttp:stripDebugDebugSymbols NO-SOURCE
> Task :android-test:prepareDebugArtProfile
> Task :okhttp:copyDebugJniLibsProjectAndLocalJars
> Task :okhttp:extractDeepLinksForAarDebug FROM-CACHE
> Task :android-test:prepareLintJarForPublish
> Task :okhttp:mergeDebugShaders
> Task :okhttp:compileDebugShaders NO-SOURCE
> Task :android-test:writeDebugAarMetadata
> Task :okhttp:debugAssetsCopyForAGP NO-SOURCE
> Task :okhttp:generateDebugAssets UP-TO-DATE
> Task :okhttp:mergeDebugAssets
> Task :okhttp:prepareDebugArtProfile
> Task :okhttp:prepareLintJarForPublish
2025-04-10T18:24:46.9125136Z
> Task :android-test:processDebugManifest
package="okhttp.android.test" found in source AndroidManifest.xml: /home/runner/work/okhttp/okhttp/android-test/src/main/AndroidManifest.xml.
Setting the namespace via the package attribute in the source AndroidManifest.xml is no longer supported, and the value is ignored.
Recommendation: remove package="okhttp.android.test" from the source AndroidManifest.xml: /home/runner/work/okhttp/okhttp/android-test/src/main/AndroidManifest.xml.
2025-04-10T18:24:46.9137764Z
> Task :android-test:preDebugAndroidTestBuild UP-TO-DATE
> Task :android-test:generateDebugAndroidTestResValues FROM-CACHE
> Task :android-test:writeDebugLintModelMetadata
> Task :okhttp:writeDebugAarMetadata
> Task :android-test:writeFiltersDebugAndroidTest
2025-04-10T18:24:46.9166073Z
> Task :okhttp:processDebugManifest
package="okhttp.okhttp3" found in source AndroidManifest.xml: /home/runner/work/okhttp/okhttp/okhttp/src/androidMain/AndroidManifest.xml.
Setting the namespace via the package attribute in the source AndroidManifest.xml is no longer supported, and the value is ignored.
Recommendation: remove package="okhttp.okhttp3" from the source AndroidManifest.xml: /home/runner/work/okhttp/okhttp/okhttp/src/androidMain/AndroidManifest.xml.
2025-04-10T18:24:46.9172093Z
> Task :logging-interceptor:checkKotlinGradlePluginConfigurationErrors SKIPPED
> Task :logging-interceptor:processResources NO-SOURCE
> Task :logging-interceptor:writeJvmLintModelMetadata
> Task :mockwebserver3:checkKotlinGradlePluginConfigurationErrors SKIPPED
> Task :mockwebserver3:processResources NO-SOURCE
> Task :mockwebserver3:writeJvmLintModelMetadata
> Task :mockwebserver3-junit4:checkKotlinGradlePluginConfigurationErrors SKIPPED
> Task :mockwebserver3-junit4:processResources NO-SOURCE
> Task :okhttp:jvmProcessResources
> Task :okhttp:processJvmMainResources SKIPPED
> Task :mockwebserver3-junit4:writeJvmLintModelMetadata
> Task :mockwebserver3-junit5:checkKotlinGradlePluginConfigurationErrors SKIPPED
> Task :okhttp:writeDebugLintModelMetadata
> Task :okhttp-brotli:checkKotlinGradlePluginConfigurationErrors SKIPPED
> Task :okhttp-brotli:processResources NO-SOURCE
> Task :mockwebserver3-junit5:processResources
> Task :okhttp-brotli:writeJvmLintModelMetadata
> Task :okhttp-dnsoverhttps:checkKotlinGradlePluginConfigurationErrors SKIPPED
> Task :okhttp-dnsoverhttps:processResources NO-SOURCE
> Task :mockwebserver3-junit5:writeJvmLintModelMetadata
> Task :okhttp-sse:checkKotlinGradlePluginConfigurationErrors SKIPPED
> Task :okhttp-sse:processResources NO-SOURCE
> Task :okhttp-dnsoverhttps:writeJvmLintModelMetadata
> Task :okhttp-testing-support:checkKotlinGradlePluginConfigurationErrors SKIPPED
> Task :okhttp-tls:checkKotlinGradlePluginConfigurationErrors SKIPPED
> Task :okhttp-tls:processResources NO-SOURCE
> Task :okhttp-sse:writeJvmLintModelMetadata
> Task :okhttp-tls:writeJvmLintModelMetadata
> Task :okhttp-testing-support:processResources
> Task :okhttp-testing-support:writeJvmLintModelMetadata
> Task :android-test:extractProguardFiles
> Task :android-test:preDebugUnitTestBuild UP-TO-DATE
> Task :okhttp:extractProguardFiles
> Task :okhttp:preDebugAndroidTestBuild UP-TO-DATE
> Task :okhttp:generateDebugAndroidTestResValues FROM-CACHE
> Task :okhttp:preDebugUnitTestBuild UP-TO-DATE
> Task :okhttp:preReleaseBuild UP-TO-DATE
> Task :okhttp:mergeReleaseJniLibFolders
> Task :okhttp:mergeReleaseNativeLibs NO-SOURCE
> Task :okhttp:stripReleaseDebugSymbols NO-SOURCE
> Task :okhttp:copyReleaseJniLibsProjectAndLocalJars
> Task :okhttp:generateReleaseResValues FROM-CACHE
> Task :okhttp:extractDeepLinksForAarRelease FROM-CACHE
> Task :okhttp:generateReleaseResources
> Task :okhttp:packageReleaseResources
> Task :android-test-app:buildKotlinToolingMetadata
> Task :android-test-app:checkKotlinGradlePluginConfigurationErrors SKIPPED
> Task :android-test-app:preBuild UP-TO-DATE
> Task :android-test-app:preReleaseBuild UP-TO-DATE
> Task :android-test-app:generateReleaseResValues FROM-CACHE
> Task :okhttp:parseReleaseLocalResources FROM-CACHE
> Task :okhttp:generateReleaseRFile FROM-CACHE
> Task :okhttp:mergeReleaseShaders
> Task :okhttp:compileReleaseShaders NO-SOURCE
> Task :okhttp:generateReleaseAssets UP-TO-DATE
> Task :okhttp:releaseAssetsCopyForAGP NO-SOURCE
> Task :okhttp:mergeReleaseAssets
> Task :okhttp:javaPreCompileRelease FROM-CACHE
> Task :okhttp:prepareReleaseArtProfile
> Task :okhttp:processReleaseManifest FROM-CACHE
> Task :okhttp:writeReleaseAarMetadata
> Task :okhttp:extractDeepLinksRelease
> Task :okhttp:writeReleaseLintModelMetadata
> Task :okhttp:preReleaseUnitTestBuild UP-TO-DATE
> Task :container-tests:check
> Task :logging-interceptor:sympathyForMrMaven
> Task :mockwebserver:checkKotlinGradlePluginConfigurationErrors SKIPPED
> Task :mockwebserver:processResources NO-SOURCE
> Task :mockwebserver:sympathyForMrMaven
> Task :mockwebserver3:sympathyForMrMaven
> Task :mockwebserver3-junit4:sympathyForMrMaven
> Task :mockwebserver3-junit5:sympathyForMrMaven
> Task :native-image-tests:checkKotlinGradlePluginConfigurationErrors SKIPPED
> Task :okhttp-java-net-cookiejar:checkKotlinGradlePluginConfigurationErrors SKIPPED
> Task :okhttp-java-net-cookiejar:processResources NO-SOURCE
> Task :native-image-tests:processResources NO-SOURCE
> Task :mockwebserver:writeJvmLintModelMetadata
> Task :okhttp-java-net-cookiejar:writeJvmLintModelMetadata
> Task :native-image-tests:sympathyForMrMaven
> Task :okcurl:checkKotlinGradlePluginConfigurationErrors SKIPPED
> Task :android-test-app:mapReleaseSourceSetPaths
> Task :okcurl:copyResourcesTemplates
> Task :okcurl:processResources
> Task :okcurl:sympathyForMrMaven
> Task :okhttp-coroutines:checkKotlinGradlePluginConfigurationErrors SKIPPED
> Task :okhttp-coroutines:processResources NO-SOURCE
> Task :okhttp-urlconnection:checkKotlinGradlePluginConfigurationErrors SKIPPED
> Task :okhttp-urlconnection:processResources NO-SOURCE
> Task :okhttp:jvmTestProcessResources
> Task :okhttp:processJvmTestResources SKIPPED
> Task :android-test-app:checkReleaseAarMetadata
> Task :okhttp:checkDebugUnitTestAarMetadata
> Task :android-test-app:generateReleaseResources
> Task :okhttp:compileDebugLibraryResources
> Task :okhttp:generateDebugUnitTestResValues FROM-CACHE
> Task :okhttp:mapDebugUnitTestSourceSetPaths
> Task :okhttp:generateDebugUnitTestResources
> Task :okhttp:mergeDebugUnitTestResources
> Task :okhttp:extractDeepLinksDebug FROM-CACHE
> Task :okhttp:processDebugUnitTestManifest
> Task :android-test-app:mergeReleaseResources
> Task :android-test-app:packageReleaseResources
> Task :okhttp:processDebugUnitTestResources
> Task :android-test-app:createReleaseCompatibleScreenManifests
> Task :android-test-app:extractDeepLinksRelease FROM-CACHE
> Task :android-test-app:parseReleaseLocalResources
> Task :okhttp:javaPreCompileDebugUnitTest FROM-CACHE
> Task :okhttp:generateDebugUnitTestAssets UP-TO-DATE
> Task :okhttp:mergeDebugUnitTestAssets
> Task :okhttp:packageDebugUnitTestForUnitTest
> Task :okhttp:generateDebugUnitTestConfig
2025-04-10T18:24:51.0113058Z
> Task :android-test-app:processReleaseMainManifest
package="okhttp.android.testapp" found in source AndroidManifest.xml: /home/runner/work/okhttp/okhttp/android-test-app/src/main/AndroidManifest.xml.
Setting the namespace via the package attribute in the source AndroidManifest.xml is no longer supported, and the value is ignored.
Recommendation: remove package="okhttp.android.testapp" from the source AndroidManifest.xml: /home/runner/work/okhttp/okhttp/android-test-app/src/main/AndroidManifest.xml.
2025-04-10T18:24:51.0145145Z
> Task :okhttp:checkReleaseUnitTestAarMetadata
> Task :okhttp:compileReleaseLibraryResources
> Task :android-test-app:processReleaseManifest
> Task :okhttp:generateReleaseUnitTestResValues FROM-CACHE
> Task :okhttp:mapReleaseUnitTestSourceSetPaths
> Task :android-test-app:javaPreCompileRelease FROM-CACHE
> Task :android-test-app:preReleaseAndroidTestBuild SKIPPED
> Task :android-test-app:generateReleaseAndroidTestResValues FROM-CACHE
> Task :android-test-app:processReleaseManifestForPackage
> Task :okhttp:generateReleaseUnitTestResources
> Task :okhttp:mergeReleaseUnitTestResources
> Task :okhttp:processReleaseUnitTestManifest
> Task :android-test-app:extractProguardFiles
> Task :android-test-app:preReleaseUnitTestBuild UP-TO-DATE
> Task :okhttp:processReleaseUnitTestResources
> Task :okhttp:javaPreCompileReleaseUnitTest FROM-CACHE
> Task :okhttp:generateReleaseUnitTestAssets UP-TO-DATE
> Task :okhttp:mergeReleaseUnitTestAssets
> Task :okhttp:packageReleaseUnitTestForUnitTest
> Task :okhttp:generateReleaseUnitTestConfig
> Task :okhttp:compileJava NO-SOURCE
> Task :okhttp:processResources
> Task :okhttp:classes
> Task :android-test-app:processReleaseResources
> Task :okhttp-bom:check UP-TO-DATE
> Task :okhttp-brotli:sympathyForMrMaven
> Task :okhttp-coroutines:sympathyForMrMaven
> Task :okhttp-dnsoverhttps:sympathyForMrMaven
> Task :okhttp-hpacktests:checkKotlinGradlePluginConfigurationErrors SKIPPED
> Task :okhttp-hpacktests:compileKotlin NO-SOURCE
> Task :okhttp-hpacktests:compileJava NO-SOURCE
> Task :okhttp-hpacktests:processResources NO-SOURCE
> Task :okhttp-hpacktests:classes UP-TO-DATE
> Task :okhttp-hpacktests:animalsnifferMain SKIPPED
> Task :okhttp-hpacktests:checkstyleMain NO-SOURCE
> Task :okhttp-hpacktests:generateJvmMainLintModel
> Task :okhttp-hpacktests:jar
2025-04-10T18:24:53.6098759Z
> Task :okhttp:animalsnifferMain
[/home/runner/work/okhttp/okhttp/okhttp/src/androidDebug/kotlin, /home/runner/work/okhttp/okhttp/okhttp/src/debug/java, /home/runner/work/okhttp/okhttp/okhttp/src/debug/kotlin]
[/home/runner/work/okhttp/okhttp/okhttp/src/androidInstrumentedTest/kotlin, /home/runner/work/okhttp/okhttp/okhttp/src/androidTest/java, /home/runner/work/okhttp/okhttp/okhttp/src/androidTest/kotlin]
[/home/runner/work/okhttp/okhttp/okhttp/src/androidInstrumentedTestDebug/kotlin, /home/runner/work/okhttp/okhttp/okhttp/src/androidTestDebug/java, /home/runner/work/okhttp/okhttp/okhttp/src/androidTestDebug/kotlin]
[/home/runner/work/okhttp/okhttp/okhttp/src/androidMain/kotlin, /home/runner/work/okhttp/okhttp/okhttp/src/main/java, /home/runner/work/okhttp/okhttp/okhttp/src/main/kotlin]
[/home/runner/work/okhttp/okhttp/okhttp/src/androidRelease/kotlin, /home/runner/work/okhttp/okhttp/okhttp/src/release/java, /home/runner/work/okhttp/okhttp/okhttp/src/release/kotlin]
[/home/runner/work/okhttp/okhttp/okhttp/src/androidUnitTest/kotlin, /home/runner/work/okhttp/okhttp/okhttp/src/test/java, /home/runner/work/okhttp/okhttp/okhttp/src/test/kotlin]
[/home/runner/work/okhttp/okhttp/okhttp/src/androidUnitTestDebug/kotlin, /home/runner/work/okhttp/okhttp/okhttp/src/testDebug/java, /home/runner/work/okhttp/okhttp/okhttp/src/testDebug/kotlin]
[/home/runner/work/okhttp/okhttp/okhttp/src/androidUnitTestRelease/kotlin, /home/runner/work/okhttp/okhttp/okhttp/src/testRelease/java, /home/runner/work/okhttp/okhttp/okhttp/src/testRelease/kotlin]
[/home/runner/work/okhttp/okhttp/okhttp/src/commonJvmAndroid/kotlin, /home/runner/work/okhttp/okhttp/okhttp/build/generated/sources/kotlinTemplates, /home/runner/work/okhttp/okhttp/okhttp/build/generated/sources/idnaMappingTable]
[/home/runner/work/okhttp/okhttp/okhttp/src/commonMain/kotlin]
[/home/runner/work/okhttp/okhttp/okhttp/src/commonTest/kotlin]
[/home/runner/work/okhttp/okhttp/okhttp/src/jvmMain/kotlin, /home/runner/work/okhttp/okhttp/okhttp/src/jvmMain/java]
[/home/runner/work/okhttp/okhttp/okhttp/src/jvmTest/kotlin, /home/runner/work/okhttp/okhttp/okhttp/src/jvmTest/java]
2025-04-10T18:24:56.0089351Z
> Task :okhttp-idna-mapping-table:processResources
> Task :okhttp:klibApiExtractForValidation SKIPPED
> Task :okhttp:klibApiMerge SKIPPED
> Task :okhttp:klibApiCheck SKIPPED
> Task :okhttp:checkstyleMain NO-SOURCE
2025-04-10T18:24:56.0095074Z
> Task :okhttp:sympathyForMrMaven
[maven-sympathy] No configurations detected!
2025-04-10T18:24:56.3089092Z
> Task :okhttp-hpacktests:sympathyForMrMaven
> Task :okhttp-idna-mapping-table:sympathyForMrMaven
> Task :okhttp-java-net-cookiejar:sympathyForMrMaven
> Task :okhttp-osgi-tests:checkKotlinGradlePluginConfigurationErrors SKIPPED
> Task :okhttp-osgi-tests:processResources NO-SOURCE
> Task :okhttp-coroutines:writeJvmLintModelMetadata
> Task :okhttp-urlconnection:writeJvmLintModelMetadata
> Task :okhttp-osgi-tests:sympathyForMrMaven
> Task :okhttp-sse:sympathyForMrMaven
> Task :okhttp-testing-support:sympathyForMrMaven
> Task :okhttp-tls:sympathyForMrMaven
> Task :okhttp-urlconnection:sympathyForMrMaven
> Task :regression-test:preBuild UP-TO-DATE
> Task :regression-test:preDebugBuild UP-TO-DATE
> Task :regression-test:mergeDebugJniLibFolders
> Task :regression-test:mergeDebugNativeLibs NO-SOURCE
> Task :regression-test:stripDebugDebugSymbols NO-SOURCE
> Task :regression-test:copyDebugJniLibsProjectAndLocalJars
> Task :regression-test:checkKotlinGradlePluginConfigurationErrors SKIPPED
> Task :regression-test:generateDebugResValues FROM-CACHE
> Task :regression-test:generateDebugResources
> Task :regression-test:packageDebugResources
> Task :regression-test:parseDebugLocalResources
> Task :regression-test:generateDebugRFile
> Task :regression-test:compileDebugKotlin NO-SOURCE
> Task :regression-test:extractDebugAnnotations
> Task :regression-test:extractDeepLinksForAarDebug FROM-CACHE
> Task :regression-test:mergeDebugShaders
> Task :regression-test:compileDebugShaders NO-SOURCE
> Task :regression-test:generateDebugAssets UP-TO-DATE
> Task :regression-test:mergeDebugAssets
> Task :regression-test:javaPreCompileDebug FROM-CACHE
> Task :regression-test:compileDebugJavaWithJavac NO-SOURCE
> Task :regression-test:mergeDebugGeneratedProguardFiles
> Task :regression-test:mergeDebugConsumerProguardFiles
> Task :regression-test:prepareDebugArtProfile
> Task :regression-test:prepareLintJarForPublish
2025-04-10T18:24:59.4087494Z
> Task :regression-test:processDebugManifest
package="okhttp.android.regression" found in source AndroidManifest.xml: /home/runner/work/okhttp/okhttp/regression-test/src/main/AndroidManifest.xml.
Setting the namespace via the package attribute in the source AndroidManifest.xml is no longer supported, and the value is ignored.
Recommendation: remove package="okhttp.android.regression" from the source AndroidManifest.xml: /home/runner/work/okhttp/okhttp/regression-test/src/main/AndroidManifest.xml.
2025-04-10T18:24:59.4148165Z
> Task :regression-test:processDebugJavaRes NO-SOURCE
> Task :regression-test:mergeDebugJavaResource
> Task :regression-test:syncDebugLibJars
> Task :regression-test:writeDebugAarMetadata
> Task :regression-test:bundleDebugLocalLintAar
> Task :regression-test:bundleLibRuntimeToJarDebug
> Task :regression-test:createFullJarDebug
> Task :regression-test:preDebugAndroidTestBuild UP-TO-DATE
> Task :regression-test:generateDebugAndroidTestResValues FROM-CACHE
> Task :regression-test:writeDebugLintModelMetadata
> Task :regression-test:generateDebugAndroidTestLintModel
> Task :regression-test:extractProguardFiles
> Task :regression-test:generateDebugLintReportModel
> Task :regression-test:preDebugUnitTestBuild UP-TO-DATE
> Task :regression-test:generateDebugUnitTestLintModel
> Task :okhttp-hpacktests:lintAnalyzeJvmMain
2025-04-10T18:25:07.9086200Z
> Task :okhttp-idna-mapping-table:compileKotlin
w: Opt-in requirement marker okhttp3.ExperimentalOkHttpApi is unresolved. Please make sure it's present in the module dependencies
2025-04-10T18:25:08.0101523Z
> Task :okhttp-idna-mapping-table:compileJava NO-SOURCE
> Task :okhttp-idna-mapping-table:classes
> Task :okhttp-idna-mapping-table:jar
> Task :okhttp:generateIdnaMappingTable
> Task :regression-test:lintAnalyzeDebug
2025-04-10T18:25:11.9094117Z
> Task :okhttp-idna-mapping-table:animalsnifferMain
2025-04-10T18:25:11.9104775Z
7 AnimalSniffer violations were found in 4 files. See the report at: file:////home/runner/work/okhttp/okhttp/okhttp-idna-mapping-table/build/reports/animalsniffer/main.text
2025-04-10T18:25:11.9111195Z
[Undefined reference | android-api-level-21-5.0.1_r2] okhttp3.internal.idn.(GenerateIdnaMappingTableCode.kt:86)
>> java.util.stream.IntStream String.codePoints()
2025-04-10T18:25:11.9153481Z
[Undefined reference | android-api-level-21-5.0.1_r2] okhttp3.internal.idn.(GenerateIdnaMappingTableCode.kt:86)
>> java.util.PrimitiveIterator.OfInt java.util.stream.IntStream.iterator()
2025-04-10T18:25:11.9160399Z
[Undefined reference | android-api-level-21-5.0.1_r2] okhttp3.internal.idn.(GenerateIdnaMappingTableCode.kt:86)
>> boolean java.util.PrimitiveIterator.OfInt.hasNext()
2025-04-10T18:25:11.9162852Z
[Undefined reference | android-api-level-21-5.0.1_r2] okhttp3.internal.idn.(GenerateIdnaMappingTableCode.kt:86)
>> Integer java.util.PrimitiveIterator.OfInt.next()
2025-04-10T18:25:11.9164988Z
[Undefined reference | android-api-level-21-5.0.1_r2] okhttp3.internal.idn.(MappedRange.kt:1)
>> int Integer.hashCode(int)
2025-04-10T18:25:11.9166706Z
[Undefined reference | android-api-level-21-5.0.1_r2] okhttp3.internal.idn.(SimpleIdnaMappingTable.kt:1)
>> int Integer.hashCode(int)
2025-04-10T18:25:11.9168489Z
[Undefined reference | android-api-level-21-5.0.1_r2] okhttp3.internal.idn.(MappingTables.kt:116)
>> java.util.stream.IntStream String.codePoints()
2025-04-10T18:25:11.9170335Z
2025-04-10T18:25:15.2088238Z
> Task :regression-test:lintAnalyzeDebugAndroidTest
> Task :spotlessKotlin
> Task :okhttp:compileDebugKotlinAndroid
> Task :spotlessKotlinCheck
> Task :spotlessCheck
> Task :check
> Task :okhttp-idna-mapping-table:checkstyleMain NO-SOURCE
> Task :okhttp-idna-mapping-table:generateJvmMainLintModel
> Task :okhttp-idna-mapping-table:generateJvmTestLintModel
> Task :okhttp:compileKotlinJvm
> Task :okhttp:compileReleaseKotlinAndroid
> Task :okhttp-idna-mapping-table:lintAnalyzeJvmMain
> Task :okhttp-idna-mapping-table:lintAnalyzeJvmTest
> Task :okhttp-idna-mapping-table:lintReportJvm
> Task :okhttp-idna-mapping-table:lintJvm
> Task :okhttp-idna-mapping-table:lint
> Task :okhttp-idna-mapping-table:check
> Task :regression-test:lintAnalyzeDebugUnitTest
2025-04-10T18:25:57.2111639Z
> Task :regression-test:lintReportDebug
Wrote HTML report to file:///home/runner/work/okhttp/okhttp/regression-test/build/reports/lint-results-debug.html
2025-04-10T18:25:57.2118008Z
> Task :regression-test:lintDebug
> Task :regression-test:lint
> Task :regression-test:check
> Task :samples:compileJava NO-SOURCE
> Task :samples:processResources NO-SOURCE
> Task :samples:classes UP-TO-DATE
> Task :samples:animalsnifferMain SKIPPED
> Task :samples:checkstyleMain NO-SOURCE
> Task :samples:sympathyForMrMaven
> Task :samples:check
> Task :samples:compare:checkKotlinGradlePluginConfigurationErrors SKIPPED
> Task :samples:compare:compileKotlin NO-SOURCE
> Task :samples:compare:compileJava NO-SOURCE
> Task :samples:compare:processResources NO-SOURCE
> Task :samples:compare:classes UP-TO-DATE
> Task :samples:compare:animalsnifferMain SKIPPED
> Task :samples:compare:checkstyleMain NO-SOURCE
> Task :samples:compare:generateJvmMainLintModel
> Task :samples:compare:jar
> Task :samples:compare:lintAnalyzeJvmMain
> Task :samples:compare:sympathyForMrMaven
> Task :samples:crawler:checkKotlinGradlePluginConfigurationErrors SKIPPED
> Task :samples:crawler:processResources NO-SOURCE
> Task :samples:crawler:sympathyForMrMaven
> Task :samples:guide:checkKotlinGradlePluginConfigurationErrors SKIPPED
> Task :samples:guide:sympathyForMrMaven
> Task :samples:simple-client:checkKotlinGradlePluginConfigurationErrors SKIPPED
> Task :samples:simple-client:processResources NO-SOURCE
> Task :samples:simple-client:sympathyForMrMaven
> Task :samples:slack:checkKotlinGradlePluginConfigurationErrors SKIPPED
> Task :samples:slack:processResources NO-SOURCE
> Task :samples:slack:sympathyForMrMaven
> Task :samples:static-server:checkKotlinGradlePluginConfigurationErrors SKIPPED
> Task :samples:static-server:processResources NO-SOURCE
> Task :samples:static-server:sympathyForMrMaven
> Task :samples:tlssurvey:checkKotlinGradlePluginConfigurationErrors SKIPPED
> Task :samples:tlssurvey:sympathyForMrMaven
> Task :samples:unixdomainsockets:checkKotlinGradlePluginConfigurationErrors SKIPPED
> Task :samples:unixdomainsockets:processResources NO-SOURCE
> Task :samples:unixdomainsockets:sympathyForMrMaven
2025-04-10T18:26:05.8087712Z
> Task :okhttp:compileDebugKotlinAndroid
w: file:///home/runner/work/okhttp/okhttp/okhttp/src/androidMain/kotlin/okhttp3/internal/platform/PlatformRegistry.kt:21:1 'expect'/'actual' classes (including interfaces, objects, annotations, enums, and 'actual' typealiases) are in Beta. Consider using the '-Xexpect-actual-classes' flag to suppress this warning. Also see: https://youtrack.jetbrains.com/issue/KT-61573
w: file:///home/runner/work/okhttp/okhttp/okhttp/src/androidMain/kotlin/okhttp3/internal/platform/android/BouncyCastleSocketAdapter.kt:69:89 The resulting type of this 'javaClass' call is 'Class<BouncyCastleSocketAdapter.Companion>' and not 'Class<BouncyCastleSocketAdapter>'. Use '::class.java' to access type 'Class<BouncyCastleSocketAdapter>'.
w: file:///home/runner/work/okhttp/okhttp/okhttp/src/androidMain/kotlin/okhttp3/internal/platform/android/ConscryptSocketAdapter.kt:65:66 The resulting type of this 'javaClass' call is 'Class<ConscryptSocketAdapter.Companion>' and not 'Class<ConscryptSocketAdapter>'. Use '::class.java' to access type 'Class<ConscryptSocketAdapter>'.
w: file:///home/runner/work/okhttp/okhttp/okhttp/src/commonJvmAndroid/kotlin/okhttp3/internal/-HeadersCommon.kt:176:13 Condition is always 'true'.
w: file:///home/runner/work/okhttp/okhttp/okhttp/src/commonJvmAndroid/kotlin/okhttp3/internal/-HeadersCommon.kt:205:33 Unchecked cast of 'Array<String?>' to 'Array<String>'.
w: file:///home/runner/work/okhttp/okhttp/okhttp/src/commonJvmAndroid/kotlin/okhttp3/internal/-ResponseCommon.kt:83:1 '@JvmOverloads' annotation has no effect for methods without default arguments.
w: file:///home/runner/work/okhttp/okhttp/okhttp/src/commonJvmAndroid/kotlin/okhttp3/internal/SuppressSignatureCheck.kt:25:1 This annotation is deprecated in Kotlin. Use '@kotlin.annotation.MustBeDocumented' instead.
w: file:///home/runner/work/okhttp/okhttp/okhttp/src/commonJvmAndroid/kotlin/okhttp3/internal/http/BridgeInterceptor.kt:99:11 Condition is always 'true'.
w: file:///home/runner/work/okhttp/okhttp/okhttp/src/commonJvmAndroid/kotlin/okhttp3/internal/platform/PlatformRegistry.kt:3:1 'expect'/'actual' classes (including interfaces, objects, annotations, enums, and 'actual' typealiases) are in Beta. Consider using the '-Xexpect-actual-classes' flag to suppress this warning. Also see: https://youtrack.jetbrains.com/issue/KT-61573
2025-04-10T18:26:06.0088793Z
> Task :okhttp:compileReleaseKotlinAndroid
w: file:///home/runner/work/okhttp/okhttp/okhttp/src/androidMain/kotlin/okhttp3/internal/platform/PlatformRegistry.kt:21:1 'expect'/'actual' classes (including interfaces, objects, annotations, enums, and 'actual' typealiases) are in Beta. Consider using the '-Xexpect-actual-classes' flag to suppress this warning. Also see: https://youtrack.jetbrains.com/issue/KT-61573
w: file:///home/runner/work/okhttp/okhttp/okhttp/src/androidMain/kotlin/okhttp3/internal/platform/android/BouncyCastleSocketAdapter.kt:69:89 The resulting type of this 'javaClass' call is 'Class<BouncyCastleSocketAdapter.Companion>' and not 'Class<BouncyCastleSocketAdapter>'. Use '::class.java' to access type 'Class<BouncyCastleSocketAdapter>'.
w: file:///home/runner/work/okhttp/okhttp/okhttp/src/androidMain/kotlin/okhttp3/internal/platform/android/ConscryptSocketAdapter.kt:65:66 The resulting type of this 'javaClass' call is 'Class<ConscryptSocketAdapter.Companion>' and not 'Class<ConscryptSocketAdapter>'. Use '::class.java' to access type 'Class<ConscryptSocketAdapter>'.
w: file:///home/runner/work/okhttp/okhttp/okhttp/src/commonJvmAndroid/kotlin/okhttp3/internal/-HeadersCommon.kt:176:13 Condition is always 'true'.
w: file:///home/runner/work/okhttp/okhttp/okhttp/src/commonJvmAndroid/kotlin/okhttp3/internal/-HeadersCommon.kt:205:33 Unchecked cast of 'Array<String?>' to 'Array<String>'.
w: file:///home/runner/work/okhttp/okhttp/okhttp/src/commonJvmAndroid/kotlin/okhttp3/internal/-ResponseCommon.kt:83:1 '@JvmOverloads' annotation has no effect for methods without default arguments.
w: file:///home/runner/work/okhttp/okhttp/okhttp/src/commonJvmAndroid/kotlin/okhttp3/internal/SuppressSignatureCheck.kt:25:1 This annotation is deprecated in Kotlin. Use '@kotlin.annotation.MustBeDocumented' instead.
w: file:///home/runner/work/okhttp/okhttp/okhttp/src/commonJvmAndroid/kotlin/okhttp3/internal/http/BridgeInterceptor.kt:99:11 Condition is always 'true'.
w: file:///home/runner/work/okhttp/okhttp/okhttp/src/commonJvmAndroid/kotlin/okhttp3/internal/platform/PlatformRegistry.kt:3:1 'expect'/'actual' classes (including interfaces, objects, annotations, enums, and 'actual' typealiases) are in Beta. Consider using the '-Xexpect-actual-classes' flag to suppress this warning. Also see: https://youtrack.jetbrains.com/issue/KT-61573
2025-04-10T18:26:06.0150493Z
> Task :okhttp:compileKotlinJvm
w: file:///home/runner/work/okhttp/okhttp/okhttp/src/commonJvmAndroid/kotlin/okhttp3/internal/-HeadersCommon.kt:176:13 Condition is always 'true'.
w: file:///home/runner/work/okhttp/okhttp/okhttp/src/commonJvmAndroid/kotlin/okhttp3/internal/-HeadersCommon.kt:205:33 Unchecked cast of 'Array<String?>' to 'Array<String>'.
w: file:///home/runner/work/okhttp/okhttp/okhttp/src/commonJvmAndroid/kotlin/okhttp3/internal/-ResponseCommon.kt:83:1 '@JvmOverloads' annotation has no effect for methods without default arguments.
w: file:///home/runner/work/okhttp/okhttp/okhttp/src/commonJvmAndroid/kotlin/okhttp3/internal/SuppressSignatureCheck.kt:25:1 This annotation is deprecated in Kotlin. Use '@kotlin.annotation.MustBeDocumented' instead.
w: file:///home/runner/work/okhttp/okhttp/okhttp/src/commonJvmAndroid/kotlin/okhttp3/internal/http/BridgeInterceptor.kt:99:11 Condition is always 'true'.
w: file:///home/runner/work/okhttp/okhttp/okhttp/src/commonJvmAndroid/kotlin/okhttp3/internal/platform/PlatformRegistry.kt:3:1 'expect'/'actual' classes (including interfaces, objects, annotations, enums, and 'actual' typealiases) are in Beta. Consider using the '-Xexpect-actual-classes' flag to suppress this warning. Also see: https://youtrack.jetbrains.com/issue/KT-61573
w: file:///home/runner/work/okhttp/okhttp/okhttp/src/jvmMain/kotlin/okhttp3/internal/platform/BouncyCastlePlatform.kt:91:89 The resulting type of this 'javaClass' call is 'Class<BouncyCastlePlatform.Companion>' and not 'Class<BouncyCastlePlatform>'. Use '::class.java' to access type 'Class<BouncyCastlePlatform>'.
w: file:///home/runner/work/okhttp/okhttp/okhttp/src/jvmMain/kotlin/okhttp3/internal/platform/ConscryptPlatform.kt:111:66 The resulting type of this 'javaClass' call is 'Class<ConscryptPlatform.Companion>' and not 'Class<ConscryptPlatform>'. Use '::class.java' to access type 'Class<ConscryptPlatform>'.
w: file:///home/runner/work/okhttp/okhttp/okhttp/src/jvmMain/kotlin/okhttp3/internal/platform/OpenJSSEPlatform.kt:97:63 The resulting type of this 'javaClass' call is 'Class<OpenJSSEPlatform.Companion>' and not 'Class<OpenJSSEPlatform>'. Use '::class.java' to access type 'Class<OpenJSSEPlatform>'.
w: file:///home/runner/work/okhttp/okhttp/okhttp/src/jvmMain/kotlin/okhttp3/internal/platform/PlatformRegistry.kt:5:1 'expect'/'actual' classes (including interfaces, objects, annotations, enums, and 'actual' typealiases) are in Beta. Consider using the '-Xexpect-actual-classes' flag to suppress this warning. Also see: https://youtrack.jetbrains.com/issue/KT-61573
2025-04-10T18:26:06.1103280Z
> Task :okhttp:extractReleaseAnnotations
> Task :okhttp:compileDebugJavaWithJavac NO-SOURCE
> Task :okhttp:bundleLibCompileToJarDebug
> Task :okhttp:extractDebugAnnotations
> Task :android-test:compileDebugKotlin NO-SOURCE
> Task :okhttp:mergeDebugGeneratedProguardFiles
> Task :okhttp:mergeDebugConsumerProguardFiles
> Task :okhttp:processDebugJavaRes
> Task :okhttp:compileJvmMainJava NO-SOURCE
> Task :okhttp:jvmMainClasses
> Task :android-test:extractDebugAnnotations
> Task :android-test:compileDebugJavaWithJavac NO-SOURCE
> Task :android-test:mergeDebugGeneratedProguardFiles
> Task :android-test:mergeDebugConsumerProguardFiles
> Task :android-test:processDebugJavaRes NO-SOURCE
> Task :android-test:mergeDebugJavaResource
> Task :android-test:bundleLibRuntimeToJarDebug
> Task :android-test:syncDebugLibJars
> Task :okhttp:mergeDebugJavaResource
> Task :android-test:bundleDebugLocalLintAar
> Task :android-test:createFullJarDebug
> Task :okhttp:jvmJar
> Task :okhttp:syncDebugLibJars
> Task :okhttp:bundleDebugLocalLintAar
> Task :okhttp:bundleLibRuntimeToJarDebug
> Task :okhttp:createFullJarDebug
> Task :okhttp-brotli:compileKotlin
> Task :okhttp-brotli:compileJava NO-SOURCE
> Task :okhttp-brotli:classes UP-TO-DATE
2025-04-10T18:26:09.4094911Z
> Task :okhttp-brotli:jar
warning: Unused -privatepackage instructions , no such package(s) on the class path: [okhttp3.brotli.internal]
2025-04-10T18:26:10.0091360Z
> Task :okhttp-dnsoverhttps:compileKotlin
2025-04-10T18:26:10.0092349Z
> Task :logging-interceptor:compileKotlin
w: file:///home/runner/work/okhttp/okhttp/okhttp-logging-interceptor/src/main/kotlin/okhttp3/logging/HttpLoggingInterceptor.kt:16:36 This code uses error suppression for 'INVISIBLE_REFERENCE'. While it might compile and work, the compiler behavior is UNSPECIFIED and WILL NOT BE PRESERVED. Please report your use case to the Kotlin issue tracker instead: https://kotl.in/issue
2025-04-10T18:26:10.1087441Z
> Task :okhttp-dnsoverhttps:compileJava NO-SOURCE
> Task :okhttp-dnsoverhttps:classes UP-TO-DATE
> Task :logging-interceptor:compileJava NO-SOURCE
> Task :logging-interceptor:classes UP-TO-DATE
> Task :okhttp-dnsoverhttps:jar
2025-04-10T18:26:10.3118251Z
> Task :logging-interceptor:jar
warning: Unused -privatepackage instructions , no such package(s) on the class path: [okhttp3.logging.internal]
2025-04-10T18:26:10.4088039Z
> Task :okhttp:generateDebugLintModel
> Task :android-test:generateDebugLintReportModel
> Task :okhttp-sse:compileKotlin
> Task :okhttp-sse:compileJava NO-SOURCE
> Task :okhttp-sse:classes UP-TO-DATE
2025-04-10T18:26:11.1087830Z
> Task :okhttp-sse:jar
warning: Unused -privatepackage instructions , no such package(s) on the class path: [okhttp3.sse.internal]
2025-04-10T18:26:11.1090125Z
> Task :okhttp:generateDebugAndroidTestLintModel
2025-04-10T18:26:13.3086019Z
> Task :mockwebserver3:compileKotlin
w: file:///home/runner/work/okhttp/okhttp/mockwebserver/src/main/kotlin/mockwebserver3/MockResponse.kt:16:36 This code uses error suppression for 'INVISIBLE_REFERENCE'. While it might compile and work, the compiler behavior is UNSPECIFIED and WILL NOT BE PRESERVED. Please report your use case to the Kotlin issue tracker instead: https://kotl.in/issue
w: file:///home/runner/work/okhttp/okhttp/mockwebserver/src/main/kotlin/mockwebserver3/MockWebServer.kt:17:36 This code uses error suppression for 'INVISIBLE_REFERENCE'. While it might compile and work, the compiler behavior is UNSPECIFIED and WILL NOT BE PRESERVED. Please report your use case to the Kotlin issue tracker instead: https://kotl.in/issue
2025-04-10T18:26:13.5086701Z
> Task :mockwebserver3:compileJava NO-SOURCE
> Task :mockwebserver3:classes UP-TO-DATE
> Task :mockwebserver3:jar
> Task :mockwebserver3-junit4:compileKotlin
> Task :mockwebserver3-junit4:compileJava NO-SOURCE
> Task :mockwebserver3-junit4:classes UP-TO-DATE
> Task :mockwebserver3-junit4:jar
> Task :mockwebserver3-junit5:compileKotlin
> Task :mockwebserver3-junit5:compileJava NO-SOURCE
> Task :mockwebserver3-junit5:classes
> Task :mockwebserver3-junit5:jar
> Task :okhttp:compileReleaseJavaWithJavac NO-SOURCE
> Task :okhttp:mergeReleaseGeneratedProguardFiles
> Task :okhttp:mergeReleaseConsumerProguardFiles
> Task :okhttp:processReleaseJavaRes
> Task :okhttp:mergeReleaseJavaResource
2025-04-10T18:26:16.4094378Z
> Task :okhttp-tls:compileKotlin
w: file:///home/runner/work/okhttp/okhttp/okhttp-tls/src/main/kotlin/okhttp3/tls/HandshakeCertificates.kt:16:36 This code uses error suppression for 'INVISIBLE_REFERENCE'. While it might compile and work, the compiler behavior is UNSPECIFIED and WILL NOT BE PRESERVED. Please report your use case to the Kotlin issue tracker instead: https://kotl.in/issue
w: file:///home/runner/work/okhttp/okhttp/okhttp-tls/src/main/kotlin/okhttp3/tls/internal/InsecureExtendedTrustManager.kt:16:36 This code uses error suppression for 'INVISIBLE_REFERENCE'. While it might compile and work, the compiler behavior is UNSPECIFIED and WILL NOT BE PRESERVED. Please report your use case to the Kotlin issue tracker instead: https://kotl.in/issue
w: file:///home/runner/work/okhttp/okhttp/okhttp-tls/src/main/kotlin/okhttp3/tls/internal/der/Adapters.kt:382:40 Unchecked cast of 'DerAdapter<*>' to 'DerAdapter<Any?>'.
w: file:///home/runner/work/okhttp/okhttp/okhttp-tls/src/main/kotlin/okhttp3/tls/internal/der/Adapters.kt:421:18 Unchecked cast of 'DerAdapter<*>' to 'DerAdapter<Any?>'.
w: file:///home/runner/work/okhttp/okhttp/okhttp-tls/src/main/kotlin/okhttp3/tls/internal/der/Adapters.kt:447:48 Unchecked cast of 'DerAdapter<*>?' to 'DerAdapter<Any?>?'.
w: file:///home/runner/work/okhttp/okhttp/okhttp-tls/src/main/kotlin/okhttp3/tls/internal/der/Adapters.kt:455:48 Unchecked cast of 'DerAdapter<*>?' to 'DerAdapter<Any?>?'.
w: file:///home/runner/work/okhttp/okhttp/okhttp-tls/src/main/kotlin/okhttp3/tls/internal/der/Adapters.kt:505:26 Unchecked cast of 'DerAdapter<*>' to 'DerAdapter<Any?>'.
w: file:///home/runner/work/okhttp/okhttp/okhttp-tls/src/main/kotlin/okhttp3/tls/internal/der/BasicDerAdapter.kt:51:43 Unchecked cast of 'T? (of class BasicDerAdapter<T>)' to 'T (of class BasicDerAdapter<T>)'.
2025-04-10T18:26:16.5113075Z
> Task :okhttp:syncReleaseLibJars
> Task :okhttp:bundleReleaseLocalLintAar
> Task :okhttp-tls:compileJava NO-SOURCE
> Task :okhttp-tls:classes UP-TO-DATE
> Task :okhttp:bundleLibCompileToJarRelease
2025-04-10T18:26:17.1085769Z
> Task :okhttp-tls:jar
warning: Unused -privatepackage instructions , no such package(s) on the class path: [okhttp3.tls.internal, okhttp3.tls.internal.der]
2025-04-10T18:26:19.8087034Z
> Task :android-test-app:compileReleaseKotlin
> Task :android-test-app:compileReleaseJavaWithJavac NO-SOURCE
> Task :android-test-app:bundleReleaseClassesToCompileJar
> Task :okhttp:bundleLibRuntimeToJarRelease
> Task :okhttp:createFullJarRelease
> Task :android-test-app:generateReleaseAndroidTestLintModel
> Task :okhttp:generateReleaseLintModel
> Task :android-test-app:generateReleaseLintReportModel
> Task :android-test-app:generateReleaseUnitTestLintModel
> Task :okhttp:lintAnalyzeDebugAndroidTest
> Task :android-test-app:lintAnalyzeReleaseAndroidTest
> Task :android-test-app:lintAnalyzeReleaseUnitTest
> Task :logging-interceptor:animalsnifferMain
> Task :logging-interceptor:apiBuild
> Task :logging-interceptor:apiCheck
> Task :logging-interceptor:checkstyleMain NO-SOURCE
> Task :logging-interceptor:generateJvmMainLintModel
> Task :mockwebserver3:generateJvmMainLintModel
> Task :mockwebserver3-junit5:generateJvmMainLintModel
> Task :okhttp-tls:generateJvmMainLintModel
2025-04-10T18:26:32.4088425Z
> Task :okhttp-testing-support:compileKotlin
w: file:///home/runner/work/okhttp/okhttp/okhttp-testing-support/src/main/kotlin/okhttp3/CallEvent.kt:16:36 This code uses error suppression for 'INVISIBLE_REFERENCE'. While it might compile and work, the compiler behavior is UNSPECIFIED and WILL NOT BE PRESERVED. Please report your use case to the Kotlin issue tracker instead: https://kotl.in/issue
w: file:///home/runner/work/okhttp/okhttp/okhttp-testing-support/src/main/kotlin/okhttp3/ConnectionEvent.kt:16:36 This code uses error suppression for 'INVISIBLE_REFERENCE'. While it might compile and work, the compiler behavior is UNSPECIFIED and WILL NOT BE PRESERVED. Please report your use case to the Kotlin issue tracker instead: https://kotl.in/issue
w: file:///home/runner/work/okhttp/okhttp/okhttp-testing-support/src/main/kotlin/okhttp3/DelegatingSSLSession.kt:23:8 'class X509Certificate : Certificate' is deprecated. Deprecated in Java.
w: file:///home/runner/work/okhttp/okhttp/okhttp-testing-support/src/main/kotlin/okhttp3/DelegatingSSLSession.kt:64:16 This declaration overrides a deprecated member but is not marked as deprecated itself. Add the '@Deprecated' annotation or suppress the diagnostic.
w: file:///home/runner/work/okhttp/okhttp/okhttp-testing-support/src/main/kotlin/okhttp3/DelegatingSSLSession.kt:64:49 'class X509Certificate : Certificate' is deprecated. Deprecated in Java.
w: file:///home/runner/work/okhttp/okhttp/okhttp-testing-support/src/main/kotlin/okhttp3/DelegatingSSLSession.kt:64:79 'val peerCertificateChain: Array<(out) X509Certificate!>!' is deprecated. Deprecated in Java.
w: file:///home/runner/work/okhttp/okhttp/okhttp-testing-support/src/main/kotlin/okhttp3/FakeSSLSession.kt:24:8 'class X509Certificate : Certificate' is deprecated. Deprecated in Java.
w: file:///home/runner/work/okhttp/okhttp/okhttp-testing-support/src/main/kotlin/okhttp3/FakeSSLSession.kt:57:16 This declaration overrides a deprecated member but is not marked as deprecated itself. Add the '@Deprecated' annotation or suppress the diagnostic.
w: file:///home/runner/work/okhttp/okhttp/okhttp-testing-support/src/main/kotlin/okhttp3/FakeSSLSession.kt:57:49 'class X509Certificate : Certificate' is deprecated. Deprecated in Java.
w: file:///home/runner/work/okhttp/okhttp/okhttp-testing-support/src/main/kotlin/okhttp3/OkHttpClientTestRule.kt:16:36 This code uses error suppression for 'INVISIBLE_REFERENCE'. While it might compile and work, the compiler behavior is UNSPECIFIED and WILL NOT BE PRESERVED. Please report your use case to the Kotlin issue tracker instead: https://kotl.in/issue
w: file:///home/runner/work/okhttp/okhttp/okhttp-testing-support/src/main/kotlin/okhttp3/TestValueFactory.kt:17:3 This code uses error suppression for 'CANNOT_OVERRIDE_INVISIBLE_MEMBER'. While it might compile and work, the compiler behavior is UNSPECIFIED and WILL NOT BE PRESERVED. Please report your use case to the Kotlin issue tracker instead: https://kotl.in/issue
w: file:///home/runner/work/okhttp/okhttp/okhttp-testing-support/src/main/kotlin/okhttp3/TestValueFactory.kt:19:3 This code uses error suppression for 'INVISIBLE_REFERENCE'. While it might compile and work, the compiler behavior is UNSPECIFIED and WILL NOT BE PRESERVED. Please report your use case to the Kotlin issue tracker instead: https://kotl.in/issue
w: file:///home/runner/work/okhttp/okhttp/okhttp-testing-support/src/main/kotlin/okhttp3/internal/concurrent/TaskFaker.kt:16:36 This code uses error suppression for 'INVISIBLE_REFERENCE'. While it might compile and work, the compiler behavior is UNSPECIFIED and WILL NOT BE PRESERVED. Please report your use case to the Kotlin issue tracker instead: https://kotl.in/issue
w: file:///home/runner/work/okhttp/okhttp/okhttp-testing-support/src/main/kotlin/okhttp3/internal/http/RecordingProxySelector.kt:16:36 This code uses error suppression for 'INVISIBLE_REFERENCE'. While it might compile and work, the compiler behavior is UNSPECIFIED and WILL NOT BE PRESERVED. Please report your use case to the Kotlin issue tracker instead: https://kotl.in/issue
w: file:///home/runner/work/okhttp/okhttp/okhttp-testing-support/src/main/kotlin/okhttp3/okio/LoggingFilesystem.kt:68:5 The corresponding parameter in the supertype 'ForwardingFileSystem' is named 'file'. This may cause problems when calling this function with named arguments.
2025-04-10T18:26:32.5113532Z
> Task :okhttp-testing-support:compileJava NO-SOURCE
> Task :okhttp-testing-support:classes
> Task :okhttp-testing-support:jar
> Task :android-test:generateDebugAndroidTestLintModel
> Task :android-test:generateDebugUnitTestLintModel
> Task :okhttp:lintAnalyzeDebug
> Task :okhttp:lintAnalyzeRelease
> Task :okhttp:generateDebugUnitTestLintModel
> Task :logging-interceptor:lintAnalyzeJvmMain
> Task :android-test:lintAnalyzeDebug
> Task :android-test:lintAnalyzeDebugUnitTest
> Task :okhttp:generateReleaseUnitTestLintModel
> Task :android-test-app:lintAnalyzeRelease
> Task :okhttp-testing-support:generateJvmMainLintModel
> Task :logging-interceptor:generateJvmTestLintModel
> Task :okhttp:lintAnalyzeDebugUnitTest
2025-04-10T18:26:47.8086906Z
> Task :mockwebserver:compileKotlin
w: file:///home/runner/work/okhttp/okhttp/mockwebserver-deprecated/src/main/kotlin/okhttp3/mockwebserver/MockResponse.kt:16:36 This code uses error suppression for 'INVISIBLE_REFERENCE'. While it might compile and work, the compiler behavior is UNSPECIFIED and WILL NOT BE PRESERVED. Please report your use case to the Kotlin issue tracker instead: https://kotl.in/issue
2025-04-10T18:26:47.9086402Z
> Task :mockwebserver:compileJava NO-SOURCE
> Task :mockwebserver:classes UP-TO-DATE
> Task :okhttp:lintAnalyzeReleaseUnitTest
2025-04-10T18:26:48.5086630Z
> Task :android-test-app:lintReportRelease
Wrote HTML report to file:///home/runner/work/okhttp/okhttp/android-test-app/build/reports/lint-results-release.html
2025-04-10T18:26:48.5114097Z
> Task :android-test-app:lintRelease
> Task :android-test-app:lint
> Task :android-test-app:check
> Task :mockwebserver:animalsnifferMain
> Task :mockwebserver:apiBuild
> Task :mockwebserver:apiCheck
> Task :mockwebserver:checkstyleMain NO-SOURCE
> Task :mockwebserver:generateJvmMainLintModel
> Task :mockwebserver:jar
> Task :mockwebserver:generateJvmTestLintModel
> Task :logging-interceptor:lintAnalyzeJvmTest
> Task :logging-interceptor:lintReportJvm
> Task :logging-interceptor:lintJvm
> Task :logging-interceptor:lint
> Task :logging-interceptor:check
> Task :mockwebserver3:animalsnifferMain
> Task :mockwebserver3:apiBuild
> Task :mockwebserver3:apiCheck
> Task :mockwebserver3:checkstyleMain NO-SOURCE
> Task :mockwebserver3:generateJvmTestLintModel
> Task :android-test:lintAnalyzeDebugAndroidTest
2025-04-10T18:26:56.5085827Z
> Task :android-test:lintReportDebug
Wrote HTML report to file:///home/runner/work/okhttp/okhttp/android-test/build/reports/lint-results-debug.html
2025-04-10T18:26:56.5099606Z
> Task :android-test:lintDebug
> Task :android-test:lint
> Task :android-test:check
> Task :mockwebserver3-junit4:animalsnifferMain
> Task :mockwebserver:lintAnalyzeJvmTest
> Task :mockwebserver3-junit4:checkstyleMain NO-SOURCE
> Task :mockwebserver3-junit4:generateJvmMainLintModel
> Task :mockwebserver3-junit4:generateJvmTestLintModel
> Task :mockwebserver3-junit4:apiBuild
> Task :mockwebserver3-junit4:apiCheck
> Task :mockwebserver3-junit5:animalsnifferMain
> Task :mockwebserver3-junit5:apiBuild
> Task :mockwebserver3-junit5:apiCheck
> Task :mockwebserver3-junit5:checkstyleMain NO-SOURCE
> Task :mockwebserver3-junit5:generateJvmTestLintModel
> Task :mockwebserver3-junit4:lintAnalyzeJvmTest
> Task :mockwebserver3:lintAnalyzeJvmMain
2025-04-10T18:27:00.8086360Z
> Task :okhttp-java-net-cookiejar:compileKotlin
w: file:///home/runner/work/okhttp/okhttp/okhttp-java-net-cookiejar/src/main/kotlin/okhttp3/java/net/cookiejar/JavaNetCookieJar.kt:16:36 This code uses error suppression for 'INVISIBLE_REFERENCE'. While it might compile and work, the compiler behavior is UNSPECIFIED and WILL NOT BE PRESERVED. Please report your use case to the Kotlin issue tracker instead: https://kotl.in/issue
2025-04-10T18:27:02.1085896Z
> Task :mockwebserver3-junit5:lintAnalyzeJvmTest
> Task :mockwebserver3:lintAnalyzeJvmTest
2025-04-10T18:27:02.8091968Z
> Task :mockwebserver3:lintReportJvm
Wrote HTML report to file:///home/runner/work/okhttp/okhttp/mockwebserver/build/reports/lint-results.html
2025-04-10T18:27:02.8099315Z
> Task :mockwebserver3:lintJvm
> Task :mockwebserver3:lint
> Task :mockwebserver3:check
> Task :okhttp-java-net-cookiejar:compileJava NO-SOURCE
> Task :okhttp-java-net-cookiejar:classes UP-TO-DATE
> Task :okhttp-java-net-cookiejar:jar
> Task :native-image-tests:compileKotlin NO-SOURCE
> Task :native-image-tests:compileJava NO-SOURCE
> Task :native-image-tests:classes UP-TO-DATE
> Task :native-image-tests:animalsnifferMain SKIPPED
> Task :native-image-tests:checkstyleMain NO-SOURCE
> Task :okhttp-brotli:generateJvmMainLintModel
> Task :okhttp-dnsoverhttps:generateJvmMainLintModel
> Task :okhttp-java-net-cookiejar:generateJvmMainLintModel
> Task :okhttp-sse:generateJvmMainLintModel
> Task :native-image-tests:generateJvmMainLintModel
> Task :native-image-tests:jar
> Task :native-image-tests:generateJvmTestLintModel
> Task :mockwebserver3-junit4:lintAnalyzeJvmMain
> Task :mockwebserver3-junit4:lintReportJvm
> Task :mockwebserver3-junit4:lintJvm
> Task :mockwebserver3-junit4:lint
> Task :mockwebserver3-junit4:check
> Task :mockwebserver:lintAnalyzeJvmMain
2025-04-10T18:27:06.5086731Z
> Task :mockwebserver:lintReportJvm
Wrote HTML report to file:///home/runner/work/okhttp/okhttp/mockwebserver-deprecated/build/reports/lint-results.html
2025-04-10T18:27:06.5089659Z
> Task :mockwebserver:lintJvm
> Task :mockwebserver:lint
> Task :mockwebserver:check
> Task :okhttp-dnsoverhttps:lintAnalyzeJvmMain
> Task :okhttp-brotli:lintAnalyzeJvmMain
> Task :mockwebserver3-junit5:lintAnalyzeJvmMain
> Task :mockwebserver3-junit5:lintReportJvm
> Task :mockwebserver3-junit5:lintJvm
> Task :mockwebserver3-junit5:lint
> Task :mockwebserver3-junit5:check
> Task :okhttp-sse:lintAnalyzeJvmMain
> Task :okhttp-java-net-cookiejar:lintAnalyzeJvmMain
> Task :okcurl:compileKotlin
> Task :okcurl:compileJava NO-SOURCE
> Task :okcurl:classes
2025-04-10T18:27:14.1099767Z
> Task :okhttp-coroutines:compileKotlin
w: file:///home/runner/work/okhttp/okhttp/okhttp-coroutines/src/main/kotlin/okhttp3/coroutines/ExecuteAsync.kt:48:24 'fun resume(value: Response, onCancellation: ((@ParameterName(...) Throwable) -> Unit)?): Unit' is deprecated. Use the overload that also accepts the `value` and the coroutine context in lambda.
2025-04-10T18:27:14.1104623Z
> Task :okhttp-coroutines:compileJava NO-SOURCE
> Task :okhttp-coroutines:classes UP-TO-DATE
> Task :okhttp-coroutines:jar
2025-04-10T18:27:14.8087072Z
> Task :okhttp-urlconnection:compileKotlin
w: file:///home/runner/work/okhttp/okhttp/okhttp-urlconnection/src/main/kotlin/okhttp3/JavaNetCookieJar.kt:16:36 This code uses error suppression for 'INVISIBLE_REFERENCE'. While it might compile and work, the compiler behavior is UNSPECIFIED and WILL NOT BE PRESERVED. Please report your use case to the Kotlin issue tracker instead: https://kotl.in/issue
2025-04-10T18:27:14.8092742Z
> Task :okhttp-urlconnection:compileJava NO-SOURCE
> Task :okhttp-urlconnection:classes UP-TO-DATE
> Task :okhttp-urlconnection:jar
> Task :okhttp:compileTestKotlinJvm FAILED
2025-04-10T18:27:15.7113417Z
26 AnimalSniffer violations were found in 1 files. See the report at: file:////home/runner/work/okhttp/okhttp/okcurl/build/reports/animalsniffer/main.text
2025-04-10T18:27:15.7172803Z
[Undefined reference | android-api-level-21-5.0.1_r2] okhttp3.curl.logging.(OneLineLogFormat.kt:1) field d
>> java.time.format.DateTimeFormatter
2025-04-10T18:27:15.7174942Z
[Undefined reference | android-api-level-21-5.0.1_r2] okhttp3.curl.logging.(OneLineLogFormat.kt:1) field offset
>> java.time.ZoneId
2025-04-10T18:27:15.7177594Z
[Undefined reference | android-api-level-21-5.0.1_r2] okhttp3.curl.logging.(OneLineLogFormat.kt:38)
>> java.time.format.DateTimeFormatterBuilder
2025-04-10T18:27:15.7179611Z
[Undefined reference | android-api-level-21-5.0.1_r2] okhttp3.curl.logging.(OneLineLogFormat.kt:38)
>> void java.time.format.DateTimeFormatterBuilder.<init>()
2025-04-10T18:27:15.7182328Z
2025-04-10T18:27:15.7182389Z
> Task :okcurl:animalsnifferMain
[Undefined reference | android-api-level-21-5.0.1_r2] okhttp3.curl.logging.(OneLineLogFormat.kt:39)
>> java.time.temporal.ChronoField java.time.temporal.ChronoField.HOUR_OF_DAY
2025-04-10T18:27:15.7186149Z
[Undefined reference | android-api-level-21-5.0.1_r2] okhttp3.curl.logging.(OneLineLogFormat.kt:39)
>> java.time.temporal.TemporalField
2025-04-10T18:27:15.7188301Z
[Undefined reference | android-api-level-21-5.0.1_r2] okhttp3.curl.logging.(OneLineLogFormat.kt:39)
>> java.time.format.DateTimeFormatterBuilder java.time.format.DateTimeFormatterBuilder.appendValue(java.time.temporal.TemporalField, int)
2025-04-10T18:27:15.7217234Z
[Undefined reference | android-api-level-21-5.0.1_r2] okhttp3.curl.logging.(OneLineLogFormat.kt:40)
>> java.time.format.DateTimeFormatterBuilder java.time.format.DateTimeFormatterBuilder.appendLiteral(char)
2025-04-10T18:27:15.7220026Z
[Undefined reference | android-api-level-21-5.0.1_r2] okhttp3.curl.logging.(OneLineLogFormat.kt:41)
>> java.time.temporal.ChronoField java.time.temporal.ChronoField.MINUTE_OF_HOUR
2025-04-10T18:27:15.7222862Z
[Undefined reference | android-api-level-21-5.0.1_r2] okhttp3.curl.logging.(OneLineLogFormat.kt:41)
>> java.time.temporal.TemporalField
2025-04-10T18:27:15.7248355Z
[Undefined reference | android-api-level-21-5.0.1_r2] okhttp3.curl.logging.(OneLineLogFormat.kt:41)
>> java.time.format.DateTimeFormatterBuilder java.time.format.DateTimeFormatterBuilder.appendValue(java.time.temporal.TemporalField, int)
2025-04-10T18:27:15.7251695Z
[Undefined reference | android-api-level-21-5.0.1_r2] okhttp3.curl.logging.(OneLineLogFormat.kt:42)
>> java.time.format.DateTimeFormatterBuilder java.time.format.DateTimeFormatterBuilder.optionalStart()
2025-04-10T18:27:15.7254298Z
[Undefined reference | android-api-level-21-5.0.1_r2] okhttp3.curl.logging.(OneLineLogFormat.kt:43)
>> java.time.format.DateTimeFormatterBuilder java.time.format.DateTimeFormatterBuilder.appendLiteral(char)
2025-04-10T18:27:15.7256930Z
[Undefined reference | android-api-level-21-5.0.1_r2] okhttp3.curl.logging.(OneLineLogFormat.kt:44)
>> java.time.temporal.ChronoField java.time.temporal.ChronoField.SECOND_OF_MINUTE
2025-04-10T18:27:15.7259213Z
[Undefined reference | android-api-level-21-5.0.1_r2] okhttp3.curl.logging.(OneLineLogFormat.kt:44)
>> java.time.temporal.TemporalField
2025-04-10T18:27:15.7261163Z
[Undefined reference | android-api-level-21-5.0.1_r2] okhttp3.curl.logging.(OneLineLogFormat.kt:44)
>> java.time.format.DateTimeFormatterBuilder java.time.format.DateTimeFormatterBuilder.appendValue(java.time.temporal.TemporalField, int)
2025-04-10T18:27:15.7264204Z
[Undefined reference | android-api-level-21-5.0.1_r2] okhttp3.curl.logging.(OneLineLogFormat.kt:45)
>> java.time.format.DateTimeFormatterBuilder java.time.format.DateTimeFormatterBuilder.optionalStart()
2025-04-10T18:27:15.7267184Z
[Undefined reference | android-api-level-21-5.0.1_r2] okhttp3.curl.logging.(OneLineLogFormat.kt:46)
>> java.time.temporal.ChronoField java.time.temporal.ChronoField.NANO_OF_SECOND
2025-04-10T18:27:15.7269438Z
[Undefined reference | android-api-level-21-5.0.1_r2] okhttp3.curl.logging.(OneLineLogFormat.kt:46)
>> java.time.temporal.TemporalField
2025-04-10T18:27:15.7271398Z
[Undefined reference | android-api-level-21-5.0.1_r2] okhttp3.curl.logging.(OneLineLogFormat.kt:46)
>> java.time.format.DateTimeFormatterBuilder java.time.format.DateTimeFormatterBuilder.appendFraction(java.time.temporal.TemporalField, int, int, boolean)
2025-04-10T18:27:15.7274853Z
[Undefined reference | android-api-level-21-5.0.1_r2] okhttp3.curl.logging.(OneLineLogFormat.kt:47)
>> java.time.format.DateTimeFormatter java.time.format.DateTimeFormatterBuilder.toFormatter()
2025-04-10T18:27:15.7277793Z
[Undefined reference | android-api-level-21-5.0.1_r2] okhttp3.curl.logging.(OneLineLogFormat.kt:49)
>> java.time.ZoneId java.time.ZoneOffset.systemDefault()
2025-04-10T18:27:15.7279882Z
[Undefined reference | android-api-level-21-5.0.1_r2] okhttp3.curl.logging.(OneLineLogFormat.kt:54)
>> java.time.Instant java.time.Instant.ofEpochMilli(long)
2025-04-10T18:27:15.7282197Z
[Undefined reference | android-api-level-21-5.0.1_r2] okhttp3.curl.logging.(OneLineLogFormat.kt:54)
>> java.time.ZonedDateTime java.time.Instant.atZone(java.time.ZoneId)
2025-04-10T18:27:15.7284450Z
[Undefined reference | android-api-level-21-5.0.1_r2] okhttp3.curl.logging.(OneLineLogFormat.kt:60)
>> String java.time.ZonedDateTime.format(java.time.format.DateTimeFormatter)
2025-04-10T18:27:15.7286782Z
[Undefined reference | android-api-level-21-5.0.1_r2] okhttp3.curl.logging.(OneLineLogFormat.kt:62)
>> String java.time.ZonedDateTime.format(java.time.format.DateTimeFormatter)
2025-04-10T18:27:15.7289079Z
2025-04-10T18:27:17.0086558Z
> Task :okhttp-tls:lintAnalyzeJvmMain
> Task :native-image-tests:lintAnalyzeJvmTest
2025-04-10T18:27:19.2086635Z
gradle/actions: Writing build results to /home/runner/work/_temp/.gradle-actions/build-results/__run-1744309429412.json
FAILURE: Build failed with an exception.
2025-04-10T18:27:19.2092958Z
[Incubating] Problems report is available at: file:///home/runner/work/okhttp/okhttp/build/reports/problems/problems-report.html
2025-04-10T18:27:19.2096907Z
* What went wrong:
Execution failed for task ':okhttp:compileTestKotlinJvm'.
> Could not resolve all files for configuration ':okhttp:jvmTestCompileClasspath'.
> No variants of main match the consumer attributes:
- main:
- Incompatible because this component declares a component, as well as attribute 'artifactType' with value 'directory' and the consumer needed a component, as well as attribute 'artifactType' with value 'jar'
- Other compatible attributes:
- Doesn't say anything about how its dependencies are found (required its dependencies declared externally)
- Doesn't say anything about its component category (required a library)
- Doesn't say anything about its elements (required them preferably in the form of class files)
- Doesn't say anything about its target Java environment (preferred optimized for standard JVMs)
- Doesn't say anything about its target Java version (required compatibility with Java 8)
- Doesn't say anything about its usage (required compile-time)
- Doesn't say anything about org.jetbrains.kotlin.platform.type (required 'jvm')
> No variants of jvmMain match the consumer attributes:
- jvmMain:
- Incompatible because this component declares a component, as well as attribute 'artifactType' with value '' and the consumer needed a component, as well as attribute 'artifactType' with value 'jar'
- Other compatible attributes:
- Doesn't say anything about how its dependencies are found (required its dependencies declared externally)
- Doesn't say anything about its component category (required a library)
- Doesn't say anything about its elements (required them preferably in the form of class files)
- Doesn't say anything about its target Java environment (preferred optimized for standard JVMs)
- Doesn't say anything about its target Java version (required compatibility with Java 8)
- Doesn't say anything about its usage (required compile-time)
- Doesn't say anything about org.jetbrains.kotlin.platform.type (required 'jvm')
2025-04-10T18:27:19.2132467Z
* Try:
> No matching variant errors are explained in more detail at https://docs.gradle.org/8.13/userguide/variant_model.html#sub:variant-no-match.
> Review the variant matching algorithm at https://docs.gradle.org/8.13/userguide/variant_attributes.html#sec:abm_algorithm.
> Run with --stacktrace option to get the stack trace.
> Run with --info or --debug option to get more log output.
> Run with --scan to get full insights.
> Get more help at https://help.gradle.org.
2025-04-10T18:27:19.2138472Z
BUILD FAILED in 3m 33s
2025-04-10T18:27:19.2138930Z
Deprecated Gradle features were used in this build, making it incompatible with Gradle 9.0.
2025-04-10T18:27:19.2140019Z
You can use '--warning-mode all' to show the individual deprecation warnings and determine if they come from your own scripts or plugins.
2025-04-10T18:27:19.2141780Z
For more on this, please refer to https://docs.gradle.org/8.13/userguide/command_line_interface.html#sec:command_line_warnings in the Gradle documentation.
351 actionable tasks: 326 executed, 25 from cache
##[error]Process completed with exit code 1.
