

./.github/actions/microbenchmark-build

ref: head
pkg: pkg/sql/tests

HEAD: 2925d81638ee8ab0e18f280a19322fe46ab9d0d4
BUCKET: cockroach-microbench-ci
PACKAGE: pkg/sql/tests
##[endgroup]
##[group]Run cp build/github/microbenchmarks/build.sh ${RUNNER_TEMP}/
[36;1mcp build/github/microbenchmarks/build.sh ${RUNNER_TEMP}/[0m
0

HEAD: 2925d81638ee8ab0e18f280a19322fe46ab9d0d4
BUCKET: cockroach-microbench-ci
PACKAGE: pkg/sql/tests
##[endgroup]
./build/github/get-engflow-keys.sh
[36;1m./build/github/get-engflow-keys.sh[0m
0

HEAD: 2925d81638ee8ab0e18f280a19322fe46ab9d0d4
BUCKET: cockroach-microbench-ci
PACKAGE: pkg/sql/tests
##[endgroup]
+ gcloud secrets versions access 2 --secret=engflow-mesolite-key
+ gcloud secrets versions access 2 --secret=engflow-mesolite-crt
##[group]Run echo "FETCH_DEPTH=$(( 1 + 1 ))" >> "${GITHUB_ENV}"
[36;1mecho "FETCH_DEPTH=$(( 1 + 1 ))" >> "${GITHUB_ENV}"[0m
0

HEAD: 2925d81638ee8ab0e18f280a19322fe46ab9d0d4
BUCKET: cockroach-microbench-ci
PACKAGE: pkg/sql/tests
##[endgroup]
actions/checkout@v4

ref: 2925d81638ee8ab0e18f280a19322fe46ab9d0d4
2
cockroachdb/cockroach



true





false


HEAD: 2925d81638ee8ab0e18f280a19322fe46ab9d0d4
BUCKET: cockroach-microbench-ci
PACKAGE: pkg/sql/tests
FETCH_DEPTH: 2
##[endgroup]
cockroachdb/cockroach

Working directory is '/github-actions-runner/_work/cockroach/cockroach'

2 45 2
##[endgroup]
Temporarily overriding HOME='/github-actions-runner/_work/_temp/4dd48825-9ea1-46a9-8407-3ab0bdcfb5ab' before making global git config changes

[command]/usr/bin/git config --global --add safe.directory /github-actions-runner/_work/cockroach/cockroach
[command]/usr/bin/git config --local --get remote.origin.url
https://github.com/cockroachdb/cockroach
##[group]Removing previously created refs, to avoid conflicts
[command]/usr/bin/git rev-parse --symbolic-full-name --verify --quiet HEAD
refs/heads/master
[command]/usr/bin/git checkout --detach
HEAD is now at ae069332 Merge #144360
[command]/usr/bin/git branch --delete --force master
Deleted branch master (was ae069332).
##[endgroup]
[command]/usr/bin/git submodule status
-ba508d06d424485d4497f31e38f716c733f7896f c-deps/geos
-54eaed1d8b56b1aa528be3bdd1877e59c56fa90c c-deps/jemalloc
-8f56f544dd179056e9b8d02552e6c5e392eb2966 c-deps/krb5
-c8ff95857beb3027b5aa3d15726795570f38eccb c-deps/proj
##[group]Cleaning the repository
[command]/usr/bin/git clean -ffdx
[command]/usr/bin/git reset --hard HEAD
HEAD is now at ae069332 Merge #144360
##[endgroup]

[command]/usr/bin/git config --local gc.auto 0
##[endgroup]

core\.sshCommand
'core\.sshCommand' 'core.sshCommand'
http\.https\:\/\/github\.com\/\.extraheader


'http\.https\:\/\/github\.com\/\.extraheader' 'http.https://github.com/.extraheader'
--local
##[endgroup]

2 --no-tags --prune --no-recurse-submodules --depth=2 origin 2925d81638ee8ab0e18f280a19322fe46ab9d0d4
https://github.com/cockroachdb/cockroach
2925d81638ee8ab0e18f280a19322fe46ab9d0d4 
##[endgroup]

##[endgroup]

[command]/usr/bin/git config --local --unset-all extensions.worktreeConfig

[command]/usr/bin/git checkout --progress --force 2925d81638ee8ab0e18f280a19322fe46ab9d0d4
Previous HEAD position was ae069332 Merge #144360
HEAD is now at 2925d816 cli, security: add support for configurable TLS cipher suites
##[endgroup]
-1 --format=%H
2925d81638ee8ab0e18f280a19322fe46ab9d0d4
##[group]Run ${RUNNER_TEMP}/build.sh
[36;1m${RUNNER_TEMP}/build.sh[0m
0

HEAD: 2925d81638ee8ab0e18f280a19322fe46ab9d0d4
BUCKET: cockroach-microbench-ci
PACKAGE: pkg/sql/tests
FETCH_DEPTH: 2
TEST_PKG: pkg/sql/tests
##[endgroup]
++ basename pkg/sql/tests
+ pkg_last=tests
++ echo pkg/sql/tests
++ tr / _
+ pkg_bin=pkg_sql_tests
++ git rev-parse HEAD
+ build_sha=2925d81638ee8ab0e18f280a19322fe46ab9d0d4
+ storage_bucket=cockroach-microbench-ci
+ output_url=gs://cockroach-microbench-ci/builds/2925d81638ee8ab0e18f280a19322fe46ab9d0d4/bin
+ gcloud config set storage/parallel_composite_upload_enabled False
Updated property [storage/parallel_composite_upload_enabled].
+ gcloud storage ls gs://cockroach-microbench-ci/builds/2925d81638ee8ab0e18f280a19322fe46ab9d0d4/bin
++ ./build/github/engflow-args.sh
+ bazel build //pkg/sql/tests:tests_test --jobs 50 --crdb_test_off --linkopt=-pie --bes_keywords integration-test-artifact-build --config=crosslinux --remote_download_minimal --config engflowpublic --tls_client_certificate=/home/agent/engflow.crt --tls_client_key=/home/agent/engflow.key --experimental_build_event_upload_retry_minimum_delay 3s --experimental_build_event_upload_max_retries 8 --bes_keywords job=head
2025/04/15 10:06:41 Downloading https://github.com/cockroachdb/bazel/releases/download/7.6.0/bazel-7.6.0-linux-x86_64...
Extracting Bazel installation...
Starting local Bazel server and connecting to it...
WARNING: option '--remote_download_outputs' was expanded to from both option '--remote_download_minimal' (source command line options) and option '--remote_download_toplevel' (source expanded from --config=engflowpublic)
INFO: Invocation ID: eb288e68-a68c-4805-b1db-edc7d8dd86de
INFO: Streaming build results to: https://mesolite.cluster.engflow.com/invocation/eb288e68-a68c-4805-b1db-edc7d8dd86de
Computing main repo mapping:
Computing main repo mapping:
Computing main repo mapping:
Computing main repo mapping:
Computing main repo mapping:
Computing main repo mapping:
Computing main repo mapping:
Computing main repo mapping:
WARNING: option '--remote_download_outputs' was expanded to from both option '--remote_download_minimal' (source command line options) and option '--remote_download_toplevel' (source expanded from --config=engflowpublic)
Computing main repo mapping:
Loading:
Loading: 1 packages loaded
Analyzing: target //pkg/sql/tests:tests_test (2 packages loaded, 0 targets configured)
Analyzing: target //pkg/sql/tests:tests_test (2 packages loaded, 0 targets configured)
2025-04-15T10:06:55.3164844Z
Analyzing: target //pkg/sql/tests:tests_test (72 packages loaded, 491 targets configured)
2025-04-15T10:06:56.3568798Z
Analyzing: target //pkg/sql/tests:tests_test (73 packages loaded, 939 targets configured)
2025-04-15T10:06:57.4228739Z
Analyzing: target //pkg/sql/tests:tests_test (73 packages loaded, 939 targets configured)
2025-04-15T10:06:58.6224593Z
Analyzing: target //pkg/sql/tests:tests_test (73 packages loaded, 939 targets configured)
2025-04-15T10:06:59.7797056Z
Analyzing: target //pkg/sql/tests:tests_test (73 packages loaded, 939 targets configured)
2025-04-15T10:07:02.9947944Z
Analyzing: target //pkg/sql/tests:tests_test (77 packages loaded, 4262 targets configured)
2025-04-15T10:07:02.9950454Z
Analyzing: target //pkg/sql/tests:tests_test (78 packages loaded, 4262 targets configured)
2025-04-15T10:07:03.9954014Z
Analyzing: target //pkg/sql/tests:tests_test (250 packages loaded, 8707 targets configured)
2025-04-15T10:07:05.0019078Z
Analyzing: target //pkg/sql/tests:tests_test (614 packages loaded, 9969 targets configured)
2025-04-15T10:07:06.0102806Z
Analyzing: target //pkg/sql/tests:tests_test (754 packages loaded, 11102 targets configured)
2025-04-15T10:07:07.0129917Z
Analyzing: target //pkg/sql/tests:tests_test (907 packages loaded, 12520 targets configured)
2025-04-15T10:07:08.0776571Z
Analyzing: target //pkg/sql/tests:tests_test (909 packages loaded, 12916 targets configured)
2025-04-15T10:07:09.0805836Z
Analyzing: target //pkg/sql/tests:tests_test (910 packages loaded, 13656 targets configured)
2025-04-15T10:07:10.0884384Z
Analyzing: target //pkg/sql/tests:tests_test (910 packages loaded, 14147 targets configured)
2025-04-15T10:07:11.0954643Z
Analyzing: target //pkg/sql/tests:tests_test (910 packages loaded, 14246 targets configured)
2025-04-15T10:07:12.0980157Z
Analyzing: target //pkg/sql/tests:tests_test (910 packages loaded, 15033 targets configured)
2025-04-15T10:07:13.1044689Z
Analyzing: target //pkg/sql/tests:tests_test (913 packages loaded, 15489 targets configured)
2025-04-15T10:07:14.1077117Z
Analyzing: target //pkg/sql/tests:tests_test (936 packages loaded, 15638 targets configured)
2025-04-15T10:07:15.1087257Z
Analyzing: target //pkg/sql/tests:tests_test (936 packages loaded, 15638 targets configured)
2025-04-15T10:07:17.0507589Z
Analyzing: target //pkg/sql/tests:tests_test (937 packages loaded, 15639 targets configured)
2025-04-15T10:07:30.8834734Z
Analyzing: target //pkg/sql/tests:tests_test (956 packages loaded, 15801 targets configured)
2025-04-15T10:07:31.9039798Z
Analyzing: target //pkg/sql/tests:tests_test (979 packages loaded, 15969 targets configured)
2025-04-15T10:07:32.9425050Z
Analyzing: target //pkg/sql/tests:tests_test (1016 packages loaded, 16165 targets configured)
2025-04-15T10:07:33.9778025Z
Analyzing: target //pkg/sql/tests:tests_test (1089 packages loaded, 16497 targets configured)
2025-04-15T10:07:35.0114650Z
Analyzing: target //pkg/sql/tests:tests_test (1106 packages loaded, 16711 targets configured)
2025-04-15T10:07:36.0277197Z
Analyzing: target //pkg/sql/tests:tests_test (1129 packages loaded, 16886 targets configured)
2025-04-15T10:07:37.0431628Z
Analyzing: target //pkg/sql/tests:tests_test (1150 packages loaded, 17039 targets configured)
2025-04-15T10:07:38.0531644Z
Analyzing: target //pkg/sql/tests:tests_test (1175 packages loaded, 17448 targets configured)
2025-04-15T10:07:39.0532705Z
Analyzing: target //pkg/sql/tests:tests_test (1189 packages loaded, 17584 targets configured)
2025-04-15T10:07:40.0571300Z
Analyzing: target //pkg/sql/tests:tests_test (1198 packages loaded, 17662 targets configured)
2025-04-15T10:07:41.0742630Z
Analyzing: target //pkg/sql/tests:tests_test (1234 packages loaded, 18657 targets configured)
2025-04-15T10:07:42.0875137Z
Analyzing: target //pkg/sql/tests:tests_test (1256 packages loaded, 19294 targets configured)
2025-04-15T10:07:43.1083659Z
Analyzing: target //pkg/sql/tests:tests_test (1332 packages loaded, 19753 targets configured)
2025-04-15T10:07:44.1159871Z
Analyzing: target //pkg/sql/tests:tests_test (1433 packages loaded, 20208 targets configured)
2025-04-15T10:07:45.1255462Z
Analyzing: target //pkg/sql/tests:tests_test (1492 packages loaded, 20542 targets configured)
2025-04-15T10:07:46.1337373Z
Analyzing: target //pkg/sql/tests:tests_test (1593 packages loaded, 20906 targets configured)
2025-04-15T10:07:47.1353209Z
Analyzing: target //pkg/sql/tests:tests_test (1733 packages loaded, 21525 targets configured)
2025-04-15T10:07:48.1547012Z
Analyzing: target //pkg/sql/tests:tests_test (1826 packages loaded, 22144 targets configured)
2025-04-15T10:07:49.1888430Z
Analyzing: target //pkg/sql/tests:tests_test (1910 packages loaded, 22577 targets configured)
2025-04-15T10:07:50.1857569Z
Analyzing: target //pkg/sql/tests:tests_test (2004 packages loaded, 23163 targets configured)
2025-04-15T10:07:51.1885153Z
Analyzing: target //pkg/sql/tests:tests_test (2111 packages loaded, 23989 targets configured)
2025-04-15T10:07:52.2016824Z
Analyzing: target //pkg/sql/tests:tests_test (2131 packages loaded, 25376 targets configured)
2025-04-15T10:07:53.2150408Z
Analyzing: target //pkg/sql/tests:tests_test (2165 packages loaded, 25800 targets configured)
2025-04-15T10:07:54.2421082Z
Analyzing: target //pkg/sql/tests:tests_test (2196 packages loaded, 26598 targets configured)
2025-04-15T10:07:55.3330961Z
INFO: Analyzed target //pkg/sql/tests:tests_test (2202 packages loaded, 26762 targets configured).
[36 / 2,900] Creating runfiles tree bazel-out/k8-opt-exec-ST-ae6fc2c76cce/bin/external/org_golang_x_tools/cmd/goyacc/goyacc_/goyacc.runfiles [for tool]; 0s local ... (12 actions, 5 running)
[241 / 4,832] [Prepa] Symlinking virtual .proto sources for //pkg/kv/kvserver:kvserver_proto ... (3 actions, 0 running)
[264 / 4,832] [Prepa] Compiling infback.c [for tool] ... (50 actions, 0 running)
[325 / 4,832] GoStdlib external/io_bazel_rules_go/stdlib_/pkg [for tool]; 0s remote, remote-cache ... (45 actions, 0 running)
[545 / 4,832] GoCompilePkg external/com_github_cockroachdb_swiss/swiss.a; 0s remote, remote-cache ... (48 actions, 0 running)
[979 / 4,832] Executing genrule //pkg/sql/parser:sql-goyacc; 0s remote-cache ... (49 actions, 0 running)
[1,359 / 4,832] Executing genrule //pkg/sql/parser:sql-goyacc; 0s remote-cache, linux-sandbox ... (50 actions, 2 running)
[1,821 / 4,832] Executing genrule //pkg/sql/parser:sql-goyacc; 1s remote-cache, linux-sandbox ... (50 actions, 2 running)
[2,244 / 4,832] Executing genrule //pkg/sql/parser:sql-goyacc; 2s remote-cache, linux-sandbox ... (49 actions, 2 running)
[2,582 / 4,832] Executing genrule //pkg/sql/parser:sql-goyacc; 3s remote-cache, linux-sandbox ... (50 actions, 2 running)
[2,993 / 4,832] Executing genrule //pkg/sql/parser:sql-goyacc; 4s remote-cache, linux-sandbox ... (50 actions, 2 running)
[3,107 / 4,832] Executing genrule //pkg/sql/parser:sql-goyacc; 5s remote-cache, linux-sandbox ... (50 actions, 4 running)
[3,149 / 4,832] Executing genrule //pkg/sql/parser:sql-goyacc; 6s remote-cache, linux-sandbox ... (50 actions, 4 running)
[3,195 / 4,832] Executing genrule //pkg/sql/parser:sql-goyacc; 7s remote-cache, linux-sandbox ... (50 actions, 4 running)
[3,220 / 4,832] Executing genrule //pkg/sql/parser:sql-goyacc; 8s remote-cache, linux-sandbox ... (50 actions, 4 running)
[3,240 / 4,832] Executing genrule //pkg/sql/parser:sql-goyacc; 9s remote-cache, linux-sandbox ... (50 actions, 4 running)
[3,255 / 4,832] Executing genrule //pkg/sql/parser:sql-goyacc; 10s remote-cache, linux-sandbox ... (50 actions, 4 running)
[3,276 / 4,832] Executing genrule //pkg/sql/parser:sql-goyacc; 11s remote-cache, linux-sandbox ... (50 actions, 4 running)
[3,320 / 4,832] Executing genrule //pkg/sql/parser:sql-goyacc; 12s remote-cache, linux-sandbox ... (43 actions, 5 running)
[3,338 / 4,832] Executing genrule //pkg/sql/parser:sql-goyacc; 13s remote-cache, linux-sandbox ... (25 actions, 4 running)
[3,361 / 4,832] Executing genrule //pkg/sql/parser:sql-goyacc; 15s remote-cache, linux-sandbox ... (2 actions running)
[3,489 / 4,832] GoCompilePkg pkg/kv/kvserver/kvflowcontrol/kvflowtokentracker/kvflowtokentracker.a; 0s remote, remote-cache ... (33 actions, 0 running)
[3,954 / 4,832] GoCompilePkg pkg/sql/gcjob/gcjobnotifier/gcjobnotifier.a; 0s remote, remote-cache ... (50 actions, 0 running)
ERROR: /github-actions-runner/_work/cockroach/cockroach/pkg/rpc/BUILD.bazel:5:11: Validating nogo output for //pkg/rpc:rpc failed: (Exit 1): builder failed: error executing ValidateNogo command (from target //pkg/rpc:rpc) bazel-out/k8-opt-exec-ST-ae6fc2c76cce/bin/external/go_sdk/builder_reset/builder nogovalidation bazel-out/k8-fastbuild/bin/pkg/rpc/rpc.nogo bazel-out/k8-fastbuild/bin/pkg/rpc/rpc.nogo.log ... (remaining 1 argument skipped)
Execution result: https://mesolite.cluster.engflow.com/actions/executions/ChA1gNCtZ9VTn7txi5gd6waiEgdkZWZhdWx0GiUKIDGZLeJEysclierHl2KM-P3Y9pLuLWIvDfPXKtMLc7ZUENcC
2025-04-15T10:08:19.5033478Z
nogo: errors found by nogo during build-time code analysis:
pkg/rpc/tls.go:347:24: unchecked error (errcheck)
saving suggested fixes:
some suggested fixes are invalid or have conflicts with other fixes:
ignoring suggested fixes from analyzer "errcheck" at pkg/rpc/tls.go:347:24
please apply other fixes and rerun the build.
2025-04-15T10:08:19.5039892Z
Target //pkg/sql/tests:tests_test failed to build
Use --verbose_failures to see the command lines of failed build steps.
INFO: Elapsed time: 97.714s, Critical Path: 19.34s
INFO: 4077 processes: 3695 remote cache hit, 295 internal, 87 linux-sandbox.
ERROR: Build did NOT complete successfully
FAILED:
INFO: Streaming build results to: https://mesolite.cluster.engflow.com/invocation/eb288e68-a68c-4805-b1db-edc7d8dd86de
##[error]Process completed with exit code 1.
./build/github/cleanup-engflow-keys.sh
[36;1m./build/github/cleanup-engflow-keys.sh[0m
0

HEAD: 2925d81638ee8ab0e18f280a19322fe46ab9d0d4
BUCKET: cockroach-microbench-ci
PACKAGE: pkg/sql/tests
FETCH_DEPTH: 2
##[endgroup]
+ rm -f /home/agent/engflow.key /home/agent/engflow.crt
