2025-02-06T20:36:05.7924957Z ##[group]Run ./devscripts/run_tests.sh
2025-02-06T20:36:05.7925266Z [36;1m./devscripts/run_tests.sh[0m
2025-02-06T20:36:05.7981652Z shell: /usr/bin/bash -e {0}
2025-02-06T20:36:05.7981899Z env:
2025-02-06T20:36:05.7982177Z   all-cpython-versions: 2.6, 2.7, 3.2, 3.3, 3.4, 3.5, 3.6, 3.7, 3.8, 3.9, 3.10, 3.11, 3.12
2025-02-06T20:36:05.7982562Z   main-cpython-versions: 2.7, 3.2, 3.5, 3.9, 3.11
2025-02-06T20:36:05.7982853Z   pypy-versions: pypy-2.7, pypy-3.6, pypy-3.7
2025-02-06T20:36:05.7983115Z   cpython-versions: main
2025-02-06T20:36:05.7983315Z   test-set: core
2025-02-06T20:36:05.7983485Z   next: 3.13
2025-02-06T20:36:05.7983652Z   PIP: python -m pip
2025-02-06T20:36:05.7983861Z   PIP_DISABLE_PIP_VERSION_CHECK: true
2025-02-06T20:36:05.7984103Z   PIP_NO_PYTHON_VERSION_WARNING: true
2025-02-06T20:36:05.7984387Z   pythonLocation: /opt/hostedtoolcache/Python/3.11.11/x64
2025-02-06T20:36:05.7984775Z   PKG_CONFIG_PATH: /opt/hostedtoolcache/Python/3.11.11/x64/lib/pkgconfig
2025-02-06T20:36:05.7985153Z   Python_ROOT_DIR: /opt/hostedtoolcache/Python/3.11.11/x64
2025-02-06T20:36:05.7985529Z   Python2_ROOT_DIR: /opt/hostedtoolcache/Python/3.11.11/x64
2025-02-06T20:36:05.7985876Z   Python3_ROOT_DIR: /opt/hostedtoolcache/Python/3.11.11/x64
2025-02-06T20:36:05.7986205Z   LD_LIBRARY_PATH: /opt/hostedtoolcache/Python/3.11.11/x64/lib
2025-02-06T20:36:05.7986534Z   PYTHONHOME: /opt/hostedtoolcache/Python/3.11.11/x64
2025-02-06T20:36:05.7986804Z   PYTHON_VER: cpython-3.11
2025-02-06T20:36:05.7987000Z   PYTHON_IMPL: cpython
2025-02-06T20:36:05.7987187Z   YTDL_TEST_SET: core
2025-02-06T20:36:05.7987369Z ##[endgroup]
2025-02-06T20:36:07.3176715Z test_download_json (test.test_InfoExtractor.TestInfoExtractor.test_download_json) ... WARNING: [Dummy] None: Failed to parse JSON Expecting value: line 1 column 9 (char 8)
2025-02-06T20:36:07.3177805Z ok
2025-02-06T20:36:07.3229826Z test_extract_jwplayer_data_realworld (test.test_InfoExtractor.TestInfoExtractor.test_extract_jwplayer_data_realworld) ... ok
2025-02-06T20:36:07.3258277Z test_html_search_meta (test.test_InfoExtractor.TestInfoExtractor.test_html_search_meta) ... ok
2025-02-06T20:36:07.3267775Z test_html_search_regex (test.test_InfoExtractor.TestInfoExtractor.test_html_search_regex) ... ok
2025-02-06T20:36:07.3276178Z test_ie_key (test.test_InfoExtractor.TestInfoExtractor.test_ie_key) ... ok
2025-02-06T20:36:07.3341278Z test_opengraph (test.test_InfoExtractor.TestInfoExtractor.test_opengraph) ... ok
2025-02-06T20:36:07.3352201Z test_parse_f4m_formats (test.test_InfoExtractor.TestInfoExtractor.test_parse_f4m_formats) ... ok
2025-02-06T20:36:07.3383507Z test_parse_html5_media_entries (test.test_InfoExtractor.TestInfoExtractor.test_parse_html5_media_entries) ... ok
2025-02-06T20:36:07.3424042Z test_parse_m3u8_formats (test.test_InfoExtractor.TestInfoExtractor.test_parse_m3u8_formats) ... ok
2025-02-06T20:36:07.3617775Z test_parse_mpd_formats (test.test_InfoExtractor.TestInfoExtractor.test_parse_mpd_formats) ... WARNING: Unknown codec stpp
2025-02-06T20:36:07.3641625Z ok
2025-02-06T20:36:07.3655775Z test_parse_xspf (test.test_InfoExtractor.TestInfoExtractor.test_parse_xspf) ... ok
2025-02-06T20:36:07.3678295Z test_response_with_expected_status_returns_content (test.test_InfoExtractor.TestInfoExtractor.test_response_with_expected_status_returns_content) ... ok
2025-02-06T20:36:07.3841561Z test_search_json_ld_realworld (test.test_InfoExtractor.TestInfoExtractor.test_search_json_ld_realworld) ... ok
2025-02-06T20:36:07.3851565Z test_search_nextjs_data (test.test_InfoExtractor.TestInfoExtractor.test_search_nextjs_data) ... ok
2025-02-06T20:36:07.3865518Z test_search_nuxt_data (test.test_InfoExtractor.TestInfoExtractor.test_search_nuxt_data) ... ok
2025-02-06T20:36:07.3908765Z test_audio_only_extractor_format_selection (test.test_YoutubeDL.TestFormatSelection.test_audio_only_extractor_format_selection) ... ok
2025-02-06T20:36:07.3943516Z test_default_format_spec (test.test_YoutubeDL.TestFormatSelection.test_default_format_spec) ... ok
2025-02-06T20:36:07.4095377Z test_format_filtering (test.test_YoutubeDL.TestFormatSelection.test_format_filtering) ... ok
2025-02-06T20:36:07.4108492Z test_format_not_available (test.test_YoutubeDL.TestFormatSelection.test_format_not_available) ... ok
2025-02-06T20:36:07.4185105Z test_format_selection (test.test_YoutubeDL.TestFormatSelection.test_format_selection) ... ok
2025-02-06T20:36:07.4219574Z test_format_selection_audio (test.test_YoutubeDL.TestFormatSelection.test_format_selection_audio) ... ok
2025-02-06T20:36:07.4260994Z test_format_selection_audio_exts (test.test_YoutubeDL.TestFormatSelection.test_format_selection_audio_exts) ... ok
2025-02-06T20:36:07.4277450Z test_format_selection_issue_10083 (test.test_YoutubeDL.TestFormatSelection.test_format_selection_issue_10083) ... ok
2025-02-06T20:36:07.4421048Z test_format_selection_string_ops (test.test_YoutubeDL.TestFormatSelection.test_format_selection_string_ops) ... ok
2025-02-06T20:36:07.4465894Z test_format_selection_video (test.test_YoutubeDL.TestFormatSelection.test_format_selection_video) ... ok
2025-02-06T20:36:07.4515495Z test_invalid_format_specs (test.test_YoutubeDL.TestFormatSelection.test_invalid_format_specs) ... ok
2025-02-06T20:36:07.4560463Z test_prefer_free_formats (test.test_YoutubeDL.TestFormatSelection.test_prefer_free_formats) ... ok
2025-02-06T20:36:07.5767799Z test_youtube_format_selection (test.test_YoutubeDL.TestFormatSelection.test_youtube_format_selection) ... ok
2025-02-06T20:36:07.5769059Z test_add_extra_info (test.test_YoutubeDL.TestYoutubeDL.test_add_extra_info) ... ok
2025-02-06T20:36:07.5847866Z Test addition of missing upload/release/_date from /release_/timestamp ... ok
2025-02-06T20:36:07.5862119Z test_do_not_override_ie_key_in_url_transparent (test.test_YoutubeDL.TestYoutubeDL.test_do_not_override_ie_key_in_url_transparent) ... ok
2025-02-06T20:36:07.5872220Z test_format_note (test.test_YoutubeDL.TestYoutubeDL.test_format_note) ... ok
2025-02-06T20:36:07.5892086Z test_ignoreerrors_for_playlist_with_url_transparent_iterable_entries (test.test_YoutubeDL.TestYoutubeDL.test_ignoreerrors_for_playlist_with_url_transparent_iterable_entries) ... ok
2025-02-06T20:36:07.6065713Z test_match_filter (test.test_YoutubeDL.TestYoutubeDL.test_match_filter) ... ok
2025-02-06T20:36:07.6244871Z test_playlist_items_selection (test.test_YoutubeDL.TestYoutubeDL.test_playlist_items_selection) ... ok
2025-02-06T20:36:07.6264042Z Deleting original file post-processor-testfile.mp4 (pass -k to keep)
2025-02-06T20:36:07.6264881Z [Dummy] Downloading JSON metadata
2025-02-06T20:36:07.6265322Z [Dummy] Downloading JSON metadata
2025-02-06T20:36:07.6265747Z [Dummy] Downloading JSON metadata
2025-02-06T20:36:07.6266162Z [Dummy] Downloading JSON metadata
2025-02-06T20:36:07.6266568Z [Dummy] None: Downloading webpage
2025-02-06T20:36:07.6278399Z test_postprocessors (test.test_YoutubeDL.TestYoutubeDL.test_postprocessors) ... ok
2025-02-06T20:36:07.6470684Z test_prepare_filename (test.test_YoutubeDL.TestYoutubeDL.test_prepare_filename) ... ok
2025-02-06T20:36:07.6533900Z test_subtitles (test.test_YoutubeDL.TestYoutubeDL.test_subtitles) ... ok
2025-02-06T20:36:07.6543393Z test_urlopen_no_file_protocol (test.test_YoutubeDL.TestYoutubeDL.test_urlopen_no_file_protocol) ... ok
2025-02-06T20:36:07.6547494Z test_add_headers_cookie (test.test_YoutubeDL.TestYoutubeDLCookies.test_add_headers_cookie) ... WARNING: Passing cookies as a header is a potential security risk; they will be scoped to the domain of the downloaded urls. Please consider loading cookies from a file or browser instead.
2025-02-06T20:36:07.6563132Z ok
2025-02-06T20:36:07.6585727Z test_header_cookies (test.test_YoutubeDL.TestYoutubeDLCookies.test_header_cookies) ... ok
2025-02-06T20:36:07.6596071Z test_infojson_cookies (test.test_YoutubeDL.TestYoutubeDLCookies.test_infojson_cookies) ... WARNING: The extractor result contains an unscoped cookie as an HTTP header. If you are specifying an input URL, ; please report this issue on https://github.com/ytdl-org/youtube-dl/issues , using the appropriate issue template. Make sure you are using the latest version; see  https://github.com/ytdl-org/youtube-dl/#user-content-installation  on how to update. Be sure to call youtube-dl with the --verbose option and include the complete output.
2025-02-06T20:36:07.6705874Z ok
2025-02-06T20:36:07.6710715Z test_get_cookie_header (test.test_YoutubeDLCookieJar.TestYoutubeDLCookieJar.test_get_cookie_header) ... ok
2025-02-06T20:36:07.6714143Z test_get_cookies_for_url (test.test_YoutubeDLCookieJar.TestYoutubeDLCookieJar.test_get_cookies_for_url) ... ok
2025-02-06T20:36:07.6722097Z test_keep_session_cookies (test.test_YoutubeDLCookieJar.TestYoutubeDLCookieJar.test_keep_session_cookies) ... ok
2025-02-06T20:36:07.6724153Z test_malformed_cookies (test.test_YoutubeDLCookieJar.TestYoutubeDLCookieJar.test_malformed_cookies) ... WARNING: skipping cookie file entry due to invalid length 6: 'www.foobar.foobar\tFALSE\t/\tFALSE\t0\tCOOKIE\n'
2025-02-06T20:36:07.6726363Z WARNING: skipping cookie file entry due to invalid expires at 1.7976931348623157e+308: 'www.foobar.foobar\tFALSE\t/\tFALSE\t1.7976931348623157e+308\tCOOKIE\tVALUE\n'
2025-02-06T20:36:07.6727499Z ok
2025-02-06T20:36:07.6728302Z test_strip_httponly_prefix (test.test_YoutubeDLCookieJar.TestYoutubeDLCookieJar.test_strip_httponly_prefix) ... ok
2025-02-06T20:36:07.6732606Z test_cbc_decrypt (test.test_aes.TestAES.test_cbc_decrypt) ... ok
2025-02-06T20:36:07.6737696Z test_cbc_encrypt (test.test_aes.TestAES.test_cbc_encrypt) ... ok
2025-02-06T20:36:07.6752256Z test_decrypt_text (test.test_aes.TestAES.test_decrypt_text) ... ok
2025-02-06T20:36:07.6757014Z test_ecb_encrypt (test.test_aes.TestAES.test_ecb_encrypt) ... ok
2025-02-06T20:36:07.6757738Z test_encrypt (test.test_aes.TestAES.test_encrypt) ... ok
2025-02-06T20:36:07.6783101Z test_facebook_matching (test.test_all_urls.TestAllURLsMatching.test_facebook_matching) ... ok
2025-02-06T20:36:07.8914554Z test_keywords (test.test_all_urls.TestAllURLsMatching.test_keywords) ... ok
2025-02-06T20:36:07.8939414Z test_no_duplicated_ie_names (test.test_all_urls.TestAllURLsMatching.test_no_duplicated_ie_names) ... ok
2025-02-06T20:36:15.1284541Z test_no_duplicates (test.test_all_urls.TestAllURLsMatching.test_no_duplicates) ... ok
2025-02-06T20:36:15.1315013Z test_pbs (test.test_all_urls.TestAllURLsMatching.test_pbs) ... ok
2025-02-06T20:36:15.1334827Z test_soundcloud_not_matching_sets (test.test_all_urls.TestAllURLsMatching.test_soundcloud_not_matching_sets) ... ok
2025-02-06T20:36:15.1365285Z test_tumblr (test.test_all_urls.TestAllURLsMatching.test_tumblr) ... ok
2025-02-06T20:36:15.1436819Z test_vimeo_matching (test.test_all_urls.TestAllURLsMatching.test_vimeo_matching) ... ok
2025-02-06T20:36:15.1484614Z test_youtube_channel_matching (test.test_all_urls.TestAllURLsMatching.test_youtube_channel_matching) ... ok
2025-02-06T20:36:15.1536892Z test_youtube_feeds (test.test_all_urls.TestAllURLsMatching.test_youtube_feeds) ... ok
2025-02-06T20:36:15.1588102Z test_youtube_matching (test.test_all_urls.TestAllURLsMatching.test_youtube_matching) ... ok
2025-02-06T20:36:15.1685509Z test_youtube_playlist_matching (test.test_all_urls.TestAllURLsMatching.test_youtube_playlist_matching) ... ok
2025-02-06T20:36:15.1717353Z test_youtube_search_matching (test.test_all_urls.TestAllURLsMatching.test_youtube_search_matching) ... ok
2025-02-06T20:36:15.1736778Z test_youtube_user_matching (test.test_all_urls.TestAllURLsMatching.test_youtube_user_matching) ... ok
2025-02-06T20:36:15.1756593Z test_cache (test.test_cache.TestCache.test_cache) ... ok
2025-02-06T20:36:15.1769833Z test_cache_validation (test.test_cache.TestCache.test_cache_validation) ... ok
2025-02-06T20:36:15.1780336Z test_all_present (test.test_compat.TestCompat.test_all_present) ... FAIL
2025-02-06T20:36:15.1781382Z test_compat_casefold (test.test_compat.TestCompat.test_compat_casefold) ... ok
2025-02-06T20:36:15.1782846Z test_compat_etree_Element (test.test_compat.TestCompat.test_compat_etree_Element) ... ok
2025-02-06T20:36:15.1784023Z test_compat_etree_fromstring (test.test_compat.TestCompat.test_compat_etree_fromstring) ... ok
2025-02-06T20:36:15.1785258Z test_compat_etree_fromstring_doctype (test.test_compat.TestCompat.test_compat_etree_fromstring_doctype) ... ok
2025-02-06T20:36:15.1786832Z test_compat_expanduser (test.test_compat.TestCompat.test_compat_expanduser) ... ok
2025-02-06T20:36:15.1787741Z test_compat_getenv (test.test_compat.TestCompat.test_compat_getenv) ... ok
2025-02-06T20:36:15.1788601Z test_compat_setenv (test.test_compat.TestCompat.test_compat_setenv) ... ok
2025-02-06T20:36:15.1789501Z test_compat_shlex_split (test.test_compat.TestCompat.test_compat_shlex_split) ... ok
2025-02-06T20:36:15.1790455Z test_compat_struct_unpack (test.test_compat.TestCompat.test_compat_struct_unpack) ... ok
2025-02-06T20:36:15.1791593Z test_compat_urllib_parse_unquote (test.test_compat.TestCompat.test_compat_urllib_parse_unquote) ... ok
2025-02-06T20:36:15.1792845Z test_compat_urllib_parse_unquote_plus (test.test_compat.TestCompat.test_compat_urllib_parse_unquote_plus) ... ok
2025-02-06T20:36:15.1794093Z test_compat_urllib_parse_urlencode (test.test_compat.TestCompat.test_compat_urllib_parse_urlencode) ... ok
2025-02-06T20:36:15.1795344Z test_compat_urllib_request_Request (test.test_compat.TestCompat.test_compat_urllib_request_Request) ... ok
2025-02-06T20:36:15.1810788Z test_make_cmd (test.test_downloader_external.TestAria2cFD.test_make_cmd) ... ok
2025-02-06T20:36:15.1811884Z test_chunked (test.test_downloader_external.TestAria2pFD.test_chunked) ... SKIP: aria2p not found
2025-02-06T20:36:15.1813305Z test_regular (test.test_downloader_external.TestAria2pFD.test_regular) ... SKIP: aria2p not found
2025-02-06T20:36:15.1814439Z test_make_cmd (test.test_downloader_external.TestAxelFD.test_make_cmd) ... SKIP: axel not found
2025-02-06T20:36:15.1827777Z test_make_cmd (test.test_downloader_external.TestCurlFD.test_make_cmd) ... ok
2025-02-06T20:36:15.1828943Z test_make_cmd (test.test_downloader_external.TestFFmpegFD.test_make_cmd) ... SKIP: ffmpeg not found
2025-02-06T20:36:15.1830608Z test_make_cmd (test.test_downloader_external.TestHttpieFD.test_make_cmd) ... SKIP: httpie not found
2025-02-06T20:36:15.1845076Z test_make_cmd (test.test_downloader_external.TestWgetFD.test_make_cmd) ... ok
2025-02-06T20:36:15.2054424Z test_chunked (test.test_downloader_http.TestHttpFD.test_chunked) ... ok
2025-02-06T20:36:15.2136312Z test_regular (test.test_downloader_http.TestHttpFD.test_regular) ... ok
2025-02-06T20:36:15.4618021Z test_cmdline_umlauts (test.test_execution.TestExecution.test_cmdline_umlauts) ... ok
2025-02-06T20:36:15.7075174Z test_import (test.test_execution.TestExecution.test_import) ... ok
2025-02-06T20:36:15.7293310Z test_lazy_extractors (test.test_execution.TestExecution.test_lazy_extractors) ... WARNING: Lazy loading extractors is an experimental feature that may not always work
2025-02-06T20:36:23.9432648Z ..............
2025-02-06T20:36:23.9433170Z ----------------------------------------------------------------------
2025-02-06T20:36:23.9433665Z Ran 14 tests in 7.632s
2025-02-06T20:36:23.9433861Z 
2025-02-06T20:36:23.9433975Z OK
2025-02-06T20:36:23.9823060Z ok
2025-02-06T20:36:24.2316588Z test_main_exec (test.test_execution.TestExecution.test_main_exec) ... ok
2025-02-06T20:36:24.4756740Z test_module_exec (test.test_execution.TestExecution.test_module_exec) ... ok
2025-02-06T20:36:24.4772906Z test_file_urls (test.test_http.TestFileURL.test_file_urls) ... ok
2025-02-06T20:36:24.4774118Z test_brotli (test.test_http.TestHTTP.test_brotli) ... SKIP: brotli support is not installed
2025-02-06T20:36:25.4831323Z test_content_type (test.test_http.TestHTTP.test_content_type) ... ok
2025-02-06T20:36:26.4855451Z test_cookiejar (test.test_http.TestHTTP.test_cookiejar) ... ok
2025-02-06T20:36:27.4878667Z test_deflate (test.test_http.TestHTTP.test_deflate) ... ok
2025-02-06T20:36:28.4901685Z test_gzip (test.test_http.TestHTTP.test_gzip) ... ok
2025-02-06T20:36:29.4926179Z test_gzip_trailing_garbage (test.test_http.TestHTTP.test_gzip_trailing_garbage) ... ok
2025-02-06T20:36:30.4948901Z test_multiple_encodings (test.test_http.TestHTTP.test_multiple_encodings) ... ok
2025-02-06T20:36:31.4972332Z test_no_compression_compat_header (test.test_http.TestHTTP.test_no_compression_compat_header) ... ok
2025-02-06T20:36:32.0043736Z test_nocheckcertificate (test.test_http.TestHTTP.test_nocheckcertificate) ... ok
2025-02-06T20:36:33.0065127Z test_passed_cookie_header (test.test_http.TestHTTP.test_passed_cookie_header) ... ok
2025-02-06T20:36:33.5082480Z test_percent_encode (test.test_http.TestHTTP.test_percent_encode) ... ok
2025-02-06T20:36:34.0098656Z test_redirect (test.test_http.TestHTTP.test_redirect) ... ok
2025-02-06T20:36:34.5118073Z test_remove_dot_segments (test.test_http.TestHTTP.test_remove_dot_segments) ... ok
2025-02-06T20:36:35.0135664Z test_unicode_path_redirection (test.test_http.TestHTTP.test_unicode_path_redirection) ... ok
2025-02-06T20:36:36.0158918Z test_unsupported_encoding (test.test_http.TestHTTP.test_unsupported_encoding) ... ok
2025-02-06T20:36:36.5176473Z test_update_req (test.test_http.TestHTTP.test_update_req) ... ok
2025-02-06T20:36:37.0217921Z test_proxy (test.test_http.TestProxy.test_proxy) ... ok
2025-02-06T20:36:38.0236272Z test_proxy_with_idn (test.test_http.TestProxy.test_proxy_with_idn) ... ok
2025-02-06T20:36:38.0392531Z test_32066 (test.test_jsinterp.TestJSInterpreter.test_32066) ... ok
2025-02-06T20:36:38.0448790Z test_Date (test.test_jsinterp.TestJSInterpreter.test_Date) ... ok
2025-02-06T20:36:38.0488148Z test_add (test.test_jsinterp.TestJSInterpreter.test_add) ... ok
2025-02-06T20:36:38.0494259Z test_array_access (test.test_jsinterp.TestJSInterpreter.test_array_access) ... ok
2025-02-06T20:36:38.0504194Z test_assignments (test.test_jsinterp.TestJSInterpreter.test_assignments) ... ok
2025-02-06T20:36:38.0506591Z test_basic (test.test_jsinterp.TestJSInterpreter.test_basic) ... ok
2025-02-06T20:36:38.0512816Z test_bitwise_operators_overflow (test.test_jsinterp.TestJSInterpreter.test_bitwise_operators_overflow) ... ok
2025-02-06T20:36:38.0533386Z test_bitwise_operators_typecast (test.test_jsinterp.TestJSInterpreter.test_bitwise_operators_typecast) ... ok
2025-02-06T20:36:38.0534799Z test_builtins (test.test_jsinterp.TestJSInterpreter.test_builtins) ... ok
2025-02-06T20:36:38.0539242Z test_calc (test.test_jsinterp.TestJSInterpreter.test_calc) ... ok
2025-02-06T20:36:38.0561962Z test_call (test.test_jsinterp.TestJSInterpreter.test_call) ... ok
2025-02-06T20:36:38.0565827Z test_catch (test.test_jsinterp.TestJSInterpreter.test_catch) ... ok
2025-02-06T20:36:38.0596614Z test_char_code_at (test.test_jsinterp.TestJSInterpreter.test_char_code_at) ... ok
2025-02-06T20:36:38.0613466Z test_comma (test.test_jsinterp.TestJSInterpreter.test_comma) ... ok
2025-02-06T20:36:38.0627810Z test_comments (test.test_jsinterp.TestJSInterpreter.test_comments) ... ok
2025-02-06T20:36:38.0646121Z test_div (test.test_jsinterp.TestJSInterpreter.test_div) ... ok
2025-02-06T20:36:38.0653180Z test_elseif (test.test_jsinterp.TestJSInterpreter.test_elseif) ... ok
2025-02-06T20:36:38.0654462Z test_empty_return (test.test_jsinterp.TestJSInterpreter.test_empty_return) ... ok
2025-02-06T20:36:38.0673101Z test_exp (test.test_jsinterp.TestJSInterpreter.test_exp) ... ok
2025-02-06T20:36:38.0677033Z test_finally (test.test_jsinterp.TestJSInterpreter.test_finally) ... ok
2025-02-06T20:36:38.0719274Z test_forEach (test.test_jsinterp.TestJSInterpreter.test_forEach) ... ok
2025-02-06T20:36:38.0748296Z test_for_loop (test.test_jsinterp.TestJSInterpreter.test_for_loop) ... ok
2025-02-06T20:36:38.0753318Z test_for_loop_break (test.test_jsinterp.TestJSInterpreter.test_for_loop_break) ... ok
2025-02-06T20:36:38.0782017Z test_for_loop_continue (test.test_jsinterp.TestJSInterpreter.test_for_loop_continue) ... ok
2025-02-06T20:36:38.0789343Z test_for_loop_try (test.test_jsinterp.TestJSInterpreter.test_for_loop_try) ... ok
2025-02-06T20:36:38.0797333Z test_if (test.test_jsinterp.TestJSInterpreter.test_if) ... ok
2025-02-06T20:36:38.0823873Z test_indexing (test.test_jsinterp.TestJSInterpreter.test_indexing) ... ok
2025-02-06T20:36:38.0873647Z test_join (test.test_jsinterp.TestJSInterpreter.test_join) ... ok
2025-02-06T20:36:38.0878044Z test_literal_list (test.test_jsinterp.TestJSInterpreter.test_literal_list) ... ok
2025-02-06T20:36:38.0890397Z test_mod (test.test_jsinterp.TestJSInterpreter.test_mod) ... ok
2025-02-06T20:36:38.0896214Z test_morespace (test.test_jsinterp.TestJSInterpreter.test_morespace) ... ok
2025-02-06T20:36:38.0908434Z test_mul (test.test_jsinterp.TestJSInterpreter.test_mul) ... ok
2025-02-06T20:36:38.0924894Z test_negative (test.test_jsinterp.TestJSInterpreter.test_negative) ... ok
2025-02-06T20:36:38.0928305Z test_nested_try (test.test_jsinterp.TestJSInterpreter.test_nested_try) ... ok
2025-02-06T20:36:38.0942198Z test_null (test.test_jsinterp.TestJSInterpreter.test_null) ... ok
2025-02-06T20:36:38.0957888Z test_object (test.test_jsinterp.TestJSInterpreter.test_object) ... ok
2025-02-06T20:36:38.1032152Z test_operators (test.test_jsinterp.TestJSInterpreter.test_operators) ... ok
2025-02-06T20:36:38.1033368Z test_packed (test.test_jsinterp.TestJSInterpreter.test_packed) ... SKIP: Not yet working
2025-02-06T20:36:38.1046777Z test_parens (test.test_jsinterp.TestJSInterpreter.test_parens) ... ok
2025-02-06T20:36:38.1065579Z test_pop (test.test_jsinterp.TestJSInterpreter.test_pop) ... ok
2025-02-06T20:36:38.1074552Z test_precedence (test.test_jsinterp.TestJSInterpreter.test_precedence) ... ok
2025-02-06T20:36:38.1076257Z test_quotes (test.test_jsinterp.TestJSInterpreter.test_quotes) ... ok
2025-02-06T20:36:38.1093617Z test_regex (test.test_jsinterp.TestJSInterpreter.test_regex) ... ok
2025-02-06T20:36:38.1132191Z test_replace (test.test_jsinterp.TestJSInterpreter.test_replace) ... ok
2025-02-06T20:36:38.1136249Z test_return_function (test.test_jsinterp.TestJSInterpreter.test_return_function) ... ok
2025-02-06T20:36:38.1155699Z test_shift (test.test_jsinterp.TestJSInterpreter.test_shift) ... ok
2025-02-06T20:36:38.1294410Z test_slice (test.test_jsinterp.TestJSInterpreter.test_slice) ... ok
2025-02-06T20:36:38.1360856Z test_split (test.test_jsinterp.TestJSInterpreter.test_split) ... ok
2025-02-06T20:36:38.1367917Z test_strange_chars (test.test_jsinterp.TestJSInterpreter.test_strange_chars) ... ok
2025-02-06T20:36:38.1382276Z test_sub (test.test_jsinterp.TestJSInterpreter.test_sub) ... ok
2025-02-06T20:36:38.1395930Z test_switch (test.test_jsinterp.TestJSInterpreter.test_switch) ... ok
2025-02-06T20:36:38.1408979Z test_switch_default (test.test_jsinterp.TestJSInterpreter.test_switch_default) ... ok
2025-02-06T20:36:38.1410535Z test_try (test.test_jsinterp.TestJSInterpreter.test_try) ... ok
2025-02-06T20:36:38.1435144Z test_typeof (test.test_jsinterp.TestJSInterpreter.test_typeof) ... ok
2025-02-06T20:36:38.1491656Z test_undefined (test.test_jsinterp.TestJSInterpreter.test_undefined) ... ok
2025-02-06T20:36:38.1494993Z test_void (test.test_jsinterp.TestJSInterpreter.test_void) ... ok
2025-02-06T20:36:38.1516466Z test_while_loop (test.test_jsinterp.TestJSInterpreter.test_while_loop) ... ok
2025-02-06T20:36:38.1538592Z test_netrc_present (test.test_netrc.TestNetRc.test_netrc_present) ... ok
2025-02-06T20:36:38.1543019Z test_hide_login_info (test.test_options.TestOptions.test_hide_login_info) ... ok
2025-02-06T20:36:38.1546162Z test_format_to_regex (test.test_postprocessors.TestMetadataFromTitle.test_format_to_regex) ... ok
2025-02-06T20:36:38.1547549Z test_python_impl (test.test_python.TestPython.test_python_impl) ... ok
2025-02-06T20:36:38.1548381Z test_python_ver (test.test_python.TestPython.test_python_ver) ... ok
2025-02-06T20:36:38.1563562Z test_swf_ArrayAccess (test.test_swfinterp.TestSWFInterpreter.test_swf_ArrayAccess) ... SKIP: mxmlc not found!
2025-02-06T20:36:38.1575457Z test_swf_ClassCall (test.test_swfinterp.TestSWFInterpreter.test_swf_ClassCall) ... SKIP: mxmlc not found!
2025-02-06T20:36:38.1587554Z test_swf_ClassConstruction (test.test_swfinterp.TestSWFInterpreter.test_swf_ClassConstruction) ... SKIP: mxmlc not found!
2025-02-06T20:36:38.1599191Z test_swf_ConstArrayAccess (test.test_swfinterp.TestSWFInterpreter.test_swf_ConstArrayAccess) ... SKIP: mxmlc not found!
2025-02-06T20:36:38.1610925Z test_swf_ConstantInt (test.test_swfinterp.TestSWFInterpreter.test_swf_ConstantInt) ... SKIP: mxmlc not found!
2025-02-06T20:36:38.1622822Z test_swf_DictCall (test.test_swfinterp.TestSWFInterpreter.test_swf_DictCall) ... SKIP: mxmlc not found!
2025-02-06T20:36:38.1634751Z test_swf_EqualsOperator (test.test_swfinterp.TestSWFInterpreter.test_swf_EqualsOperator) ... SKIP: mxmlc not found!
2025-02-06T20:36:38.1646297Z test_swf_LocalVars (test.test_swfinterp.TestSWFInterpreter.test_swf_LocalVars) ... SKIP: mxmlc not found!
2025-02-06T20:36:38.1658356Z test_swf_MemberAssignment (test.test_swfinterp.TestSWFInterpreter.test_swf_MemberAssignment) ... SKIP: mxmlc not found!
2025-02-06T20:36:38.1669740Z test_swf_NeOperator (test.test_swfinterp.TestSWFInterpreter.test_swf_NeOperator) ... SKIP: mxmlc not found!
2025-02-06T20:36:38.1681316Z test_swf_PrivateCall (test.test_swfinterp.TestSWFInterpreter.test_swf_PrivateCall) ... SKIP: mxmlc not found!
2025-02-06T20:36:38.1692938Z test_swf_PrivateVoidCall (test.test_swfinterp.TestSWFInterpreter.test_swf_PrivateVoidCall) ... SKIP: mxmlc not found!
2025-02-06T20:36:38.1704635Z test_swf_StaticAssignment (test.test_swfinterp.TestSWFInterpreter.test_swf_StaticAssignment) ... SKIP: mxmlc not found!
2025-02-06T20:36:38.1716168Z test_swf_StaticRetrieval (test.test_swfinterp.TestSWFInterpreter.test_swf_StaticRetrieval) ... SKIP: mxmlc not found!
2025-02-06T20:36:38.1727715Z test_swf_StringBasics (test.test_swfinterp.TestSWFInterpreter.test_swf_StringBasics) ... SKIP: mxmlc not found!
2025-02-06T20:36:38.1740063Z test_swf_StringCharCodeAt (test.test_swfinterp.TestSWFInterpreter.test_swf_StringCharCodeAt) ... SKIP: mxmlc not found!
2025-02-06T20:36:38.1751770Z test_swf_StringConversion (test.test_swfinterp.TestSWFInterpreter.test_swf_StringConversion) ... SKIP: mxmlc not found!
2025-02-06T20:36:38.1758626Z test_dict_get (test.test_traversal.TestTraversal.test_dict_get) ... ok
2025-02-06T20:36:38.1759662Z test_get_first (test.test_traversal.TestTraversal.test_get_first) ... ok
2025-02-06T20:36:38.1766377Z test_traversal_morsel (test.test_traversal.TestTraversal.test_traversal_morsel) ... ok
2025-02-06T20:36:38.1772974Z test_traversal_unbranching (test.test_traversal.TestTraversal.test_traversal_unbranching) ... ok
2025-02-06T20:36:38.1825135Z test_traverse_obj (test.test_traversal.TestTraversal.test_traverse_obj) ... ok
2025-02-06T20:36:38.3127036Z test_all_files (test.test_unicode_literals.TestUnicodeLiterals.test_all_files) ... ok
2025-02-06T20:36:38.3130798Z test_rsa_verify (test.test_update.TestUpdate.test_rsa_verify) ... ok
2025-02-06T20:36:38.3133796Z test_LazyList (test.test_utils.TestUtil.test_LazyList) ... ok
2025-02-06T20:36:38.3134812Z test_LazyList_laziness (test.test_utils.TestUtil.test_LazyList_laziness) ... ok
2025-02-06T20:36:38.3135728Z test_age_restricted (test.test_utils.TestUtil.test_age_restricted) ... ok
2025-02-06T20:36:38.3136494Z test_args_to_str (test.test_utils.TestUtil.test_args_to_str) ... ok
2025-02-06T20:36:38.3138553Z test_base_url (test.test_utils.TestUtil.test_base_url) ... ok
2025-02-06T20:36:38.3139402Z test_caesar (test.test_utils.TestUtil.test_caesar) ... ok
2025-02-06T20:36:38.3143505Z test_clean_html (test.test_utils.TestUtil.test_clean_html) ... ok
2025-02-06T20:36:38.3148482Z test_clean_podcast_url (test.test_utils.TestUtil.test_clean_podcast_url) ... ok
2025-02-06T20:36:38.3149386Z test_cli_bool_option (test.test_utils.TestUtil.test_cli_bool_option) ... ok
2025-02-06T20:36:38.3150753Z test_cli_option (test.test_utils.TestUtil.test_cli_option) ... ok
2025-02-06T20:36:38.3151254Z test_cli_valueless_option (test.test_utils.TestUtil.test_cli_valueless_option) ... ok
2025-02-06T20:36:38.3153835Z test_date_from_str (test.test_utils.TestUtil.test_date_from_str) ... ok
2025-02-06T20:36:38.3155927Z test_daterange (test.test_utils.TestUtil.test_daterange) ... ok
2025-02-06T20:36:38.3157867Z test_detect_exe_version (test.test_utils.TestUtil.test_detect_exe_version) ... ok
2025-02-06T20:36:38.3159482Z test_determine_ext (test.test_utils.TestUtil.test_determine_ext) ... ok
2025-02-06T20:36:38.3182568Z test_dfxp2srt (test.test_utils.TestUtil.test_dfxp2srt) ... ok
2025-02-06T20:36:38.3183549Z test_encode_base_n (test.test_utils.TestUtil.test_encode_base_n) ... ok
2025-02-06T20:36:38.3184268Z test_encode_compat_str (test.test_utils.TestUtil.test_encode_compat_str) ... ok
2025-02-06T20:36:38.3185588Z test_escape_rfc3986 (test.test_utils.TestUtil.test_escape_rfc3986) ... ok
2025-02-06T20:36:38.3190617Z test_escape_url (test.test_utils.TestUtil.test_escape_url) ... ok
2025-02-06T20:36:38.3192966Z test_expand_path (test.test_utils.TestUtil.test_expand_path) ... ok
2025-02-06T20:36:38.3197872Z test_extract_attributes (test.test_utils.TestUtil.test_extract_attributes) ... ok
2025-02-06T20:36:38.3201393Z test_find_xpath_attr (test.test_utils.TestUtil.test_find_xpath_attr) ... ok
2025-02-06T20:36:38.3203741Z test_fix_xml_ampersands (test.test_utils.TestUtil.test_fix_xml_ampersands) ... ok
2025-02-06T20:36:38.3204371Z test_float_or_none (test.test_utils.TestUtil.test_float_or_none) ... ok
2025-02-06T20:36:38.3221644Z test_get_element_by_attribute (test.test_utils.TestUtil.test_get_element_by_attribute) ... ok
2025-02-06T20:36:38.3231001Z test_get_element_by_class (test.test_utils.TestUtil.test_get_element_by_class) ... ok
2025-02-06T20:36:38.3232077Z test_get_elements_by_attribute (test.test_utils.TestUtil.test_get_elements_by_attribute) ... ok
2025-02-06T20:36:38.3233121Z test_get_elements_by_class (test.test_utils.TestUtil.test_get_elements_by_class) ... ok
2025-02-06T20:36:38.3233988Z test_int_or_none (test.test_utils.TestUtil.test_int_or_none) ... ok
2025-02-06T20:36:38.3234807Z test_intlist_to_bytes (test.test_utils.TestUtil.test_intlist_to_bytes) ... ok
2025-02-06T20:36:38.3775537Z test_is_html (test.test_utils.TestUtil.test_is_html) ... ok
2025-02-06T20:36:38.3776913Z test_join_nonempty (test.test_utils.TestUtil.test_join_nonempty) ... ok
2025-02-06T20:36:38.3788518Z test_js_to_json_edgecases (test.test_utils.TestUtil.test_js_to_json_edgecases) ... ok
2025-02-06T20:36:38.3789538Z test_js_to_json_malformed (test.test_utils.TestUtil.test_js_to_json_malformed) ... ok
2025-02-06T20:36:38.3794453Z test_js_to_json_realworld (test.test_utils.TestUtil.test_js_to_json_realworld) ... ok
2025-02-06T20:36:38.3799516Z test_js_to_json_template_literal (test.test_utils.TestUtil.test_js_to_json_template_literal) ... ok
2025-02-06T20:36:38.3804682Z test_js_to_json_vars_strings (test.test_utils.TestUtil.test_js_to_json_vars_strings) ... ok
2025-02-06T20:36:38.3805616Z test_limit_length (test.test_utils.TestUtil.test_limit_length) ... ok
2025-02-06T20:36:38.3818832Z test_lowercase_escape (test.test_utils.TestUtil.test_lowercase_escape) ... ok
2025-02-06T20:36:38.3834752Z test_match_str (test.test_utils.TestUtil.test_match_str) ... ok
2025-02-06T20:36:38.3835534Z test_merge_dicts (test.test_utils.TestUtil.test_merge_dicts) ... ok
2025-02-06T20:36:38.3836653Z test_mimetype2ext (test.test_utils.TestUtil.test_mimetype2ext) ... ok
2025-02-06T20:36:38.3837466Z test_month_by_name (test.test_utils.TestUtil.test_month_by_name) ... ok
2025-02-06T20:36:38.3838580Z test_multipart_encode (test.test_utils.TestUtil.test_multipart_encode) ... ok
2025-02-06T20:36:38.3839598Z test_ohdave_rsa_encrypt (test.test_utils.TestUtil.test_ohdave_rsa_encrypt) ... ok
2025-02-06T20:36:38.3841013Z test_ordered_set (test.test_utils.TestUtil.test_ordered_set) ... ok
2025-02-06T20:36:38.3843817Z test_paged_list (test.test_utils.TestUtil.test_paged_list) ... ok
2025-02-06T20:36:38.3847348Z test_parse_age_limit (test.test_utils.TestUtil.test_parse_age_limit) ... ok
2025-02-06T20:36:38.3848709Z test_parse_bitrate (test.test_utils.TestUtil.test_parse_bitrate) ... ok
2025-02-06T20:36:38.3849839Z test_parse_codecs (test.test_utils.TestUtil.test_parse_codecs) ... WARNING: Unknown codec newcodec
2025-02-06T20:36:38.3850661Z WARNING: Unknown codec unknownvcodec
2025-02-06T20:36:38.3851124Z WARNING: Unknown codec unknownacodec
2025-02-06T20:36:38.3851564Z WARNING: Unknown codec unknown
2025-02-06T20:36:38.3851949Z ok
2025-02-06T20:36:38.3855372Z test_parse_count (test.test_utils.TestUtil.test_parse_count) ... ok
2025-02-06T20:36:38.3856584Z test_parse_dfxp_time_expr (test.test_utils.TestUtil.test_parse_dfxp_time_expr) ... ok
2025-02-06T20:36:38.3869178Z test_parse_duration (test.test_utils.TestUtil.test_parse_duration) ... ok
2025-02-06T20:36:38.3872634Z test_parse_filesize (test.test_utils.TestUtil.test_parse_filesize) ... ok
2025-02-06T20:36:38.3875905Z test_parse_iso8601 (test.test_utils.TestUtil.test_parse_iso8601) ... ok
2025-02-06T20:36:38.3879160Z test_parse_resolution (test.test_utils.TestUtil.test_parse_resolution) ... ok
2025-02-06T20:36:38.3880046Z test_pkcs1pad (test.test_utils.TestUtil.test_pkcs1pad) ... ok
2025-02-06T20:36:38.3882318Z test_prepend_extension (test.test_utils.TestUtil.test_prepend_extension) ... ok
2025-02-06T20:36:38.3883100Z test_read_batch_urls (test.test_utils.TestUtil.test_read_batch_urls) ... ok
2025-02-06T20:36:38.3887728Z test_remove_dot_segments (test.test_utils.TestUtil.test_remove_dot_segments) ... ok
2025-02-06T20:36:38.3888490Z test_remove_end (test.test_utils.TestUtil.test_remove_end) ... ok
2025-02-06T20:36:38.3889183Z test_remove_quotes (test.test_utils.TestUtil.test_remove_quotes) ... ok
2025-02-06T20:36:38.3889893Z test_remove_start (test.test_utils.TestUtil.test_remove_start) ... ok
2025-02-06T20:36:38.3890593Z test_render_table (test.test_utils.TestUtil.test_render_table) ... ok
2025-02-06T20:36:38.3892500Z test_replace_extension (test.test_utils.TestUtil.test_replace_extension) ... ok
2025-02-06T20:36:38.3893186Z test_rot47 (test.test_utils.TestUtil.test_rot47) ... ok
2025-02-06T20:36:38.3896118Z test_sanitize_filename (test.test_utils.TestUtil.test_sanitize_filename) ... ok
2025-02-06T20:36:38.3906198Z test_sanitize_filename_restricted (test.test_utils.TestUtil.test_sanitize_filename_restricted) ... ok
2025-02-06T20:36:38.3908297Z test_sanitize_ids (test.test_utils.TestUtil.test_sanitize_ids) ... ok
2025-02-06T20:36:38.3910134Z test_sanitize_path (test.test_utils.TestUtil.test_sanitize_path) ... ok
2025-02-06T20:36:38.3910807Z test_sanitize_url (test.test_utils.TestUtil.test_sanitize_url) ... ok
2025-02-06T20:36:38.3912605Z test_sanitized_Request (test.test_utils.TestUtil.test_sanitized_Request) ... ok
2025-02-06T20:36:38.3913376Z test_shell_quote (test.test_utils.TestUtil.test_shell_quote) ... ok
2025-02-06T20:36:38.3915469Z test_smuggle_url (test.test_utils.TestUtil.test_smuggle_url) ... ok
2025-02-06T20:36:38.3916246Z test_str_to_int (test.test_utils.TestUtil.test_str_to_int) ... ok
2025-02-06T20:36:38.3919948Z test_strip_jsonp (test.test_utils.TestUtil.test_strip_jsonp) ... ok
2025-02-06T20:36:38.3920647Z test_strip_or_none (test.test_utils.TestUtil.test_strip_or_none) ... ok
2025-02-06T20:36:38.3921488Z test_subtitles_filename (test.test_utils.TestUtil.test_subtitles_filename) ... ok
2025-02-06T20:36:38.3922265Z test_timeconvert (test.test_utils.TestUtil.test_timeconvert) ... ok
2025-02-06T20:36:38.3922949Z test_try_call (test.test_utils.TestUtil.test_try_call) ... ok
2025-02-06T20:36:38.3925264Z test_unescape_html (test.test_utils.TestUtil.test_unescape_html) ... ok
2025-02-06T20:36:38.4046611Z test_unified_dates (test.test_utils.TestUtil.test_unified_dates) ... ok
2025-02-06T20:36:38.4138449Z test_unified_timestamps (test.test_utils.TestUtil.test_unified_timestamps) ... ok
2025-02-06T20:36:38.4143651Z test_update_url_query (test.test_utils.TestUtil.test_update_url_query) ... ok
2025-02-06T20:36:38.4145161Z test_uppercase_escape (test.test_utils.TestUtil.test_uppercase_escape) ... ok
2025-02-06T20:36:38.4146474Z test_url_basename (test.test_utils.TestUtil.test_url_basename) ... ok
2025-02-06T20:36:38.4151282Z test_url_or_none (test.test_utils.TestUtil.test_url_or_none) ... ok
2025-02-06T20:36:38.4152140Z test_urlencode_postdata (test.test_utils.TestUtil.test_urlencode_postdata) ... ok
2025-02-06T20:36:38.4156299Z test_urljoin (test.test_utils.TestUtil.test_urljoin) ... ok
2025-02-06T20:36:38.4156937Z test_urshift (test.test_utils.TestUtil.test_urshift) ... ok
2025-02-06T20:36:38.4159620Z test_variadic (test.test_utils.TestUtil.test_variadic) ... ok
2025-02-06T20:36:38.4160805Z test_version_tuple (test.test_utils.TestUtil.test_version_tuple) ... ok
2025-02-06T20:36:38.4163592Z test_xpath_attr (test.test_utils.TestUtil.test_xpath_attr) ... ok
2025-02-06T20:36:38.4165745Z test_xpath_element (test.test_utils.TestUtil.test_xpath_element) ... ok
2025-02-06T20:36:38.4166913Z test_xpath_text (test.test_utils.TestUtil.test_xpath_text) ... ok
2025-02-06T20:36:38.4168287Z test_xpath_with_ns (test.test_utils.TestUtil.test_xpath_with_ns) ... ok
2025-02-06T20:36:40.3192940Z test_private_info_arg (test.test_verbose_output.TestVerboseOutput.test_private_info_arg) ... ok
2025-02-06T20:36:40.6128981Z test_private_info_eq (test.test_verbose_output.TestVerboseOutput.test_private_info_eq) ... ok
2025-02-06T20:36:40.9049288Z test_private_info_shortarg (test.test_verbose_output.TestVerboseOutput.test_private_info_shortarg) ... ok
2025-02-06T20:36:41.1932914Z test_private_info_shortarg_eq (test.test_verbose_output.TestVerboseOutput.test_private_info_shortarg_eq) ... ok
2025-02-06T20:36:41.1989175Z test_youtube_extract (test.test_youtube_misc.TestYoutubeMisc.test_youtube_extract) ... ok
2025-02-06T20:36:41.1993617Z 
2025-02-06T20:36:41.1993847Z ======================================================================
2025-02-06T20:36:41.1994678Z FAIL: test_all_present (test.test_compat.TestCompat.test_all_present)
2025-02-06T20:36:41.1995277Z ----------------------------------------------------------------------
2025-02-06T20:36:41.1995728Z Traceback (most recent call last):
2025-02-06T20:36:41.2001959Z   File "/home/runner/work/youtube-dl/youtube-dl/test/test_compat.py", line 57, in test_all_present
2025-02-06T20:36:41.2002606Z     self.assertEqual(all_names, sorted(present_names))
2025-02-06T20:36:41.2003453Z AssertionError: Lists differ: ['com[997 chars]t_integer_types', 'compat_itertools_count', 'c[1216 chars]161'] != ['com[997 chars]t_int', 'compat_integer_types', 'compat_iterto[1230 chars]161']
2025-02-06T20:36:41.2004149Z 
2025-02-06T20:36:41.2004250Z First differing element 40:
2025-02-06T20:36:41.2004520Z 'compat_integer_types'
2025-02-06T20:36:41.2004739Z 'compat_int'
2025-02-06T20:36:41.2004860Z 
2025-02-06T20:36:41.2004979Z Second list contains 1 additional elements.
2025-02-06T20:36:41.2005283Z First extra element 90:
2025-02-06T20:36:41.2005520Z 'workaround_optparse_bug9161'
2025-02-06T20:36:41.2005698Z 
2025-02-06T20:36:41.2005879Z Diff is 2556 characters long. Set self.maxDiff to None to see it.
2025-02-06T20:36:41.2006165Z 
2025-02-06T20:36:41.2006278Z ----------------------------------------
2025-02-06T20:36:41.2006562Z Ran 304 tests in 33.886s
2025-02-06T20:36:41.2006720Z 
2025-02-06T20:36:41.2006812Z FAILED (SKIP=24, failures=1)
2025-02-06T20:36:41.2007187Z [info] Writing test metadata as JSON to: test_infojson_cookies.info.json
2025-02-06T20:36:41.2007702Z [info] Writing test metadata as JSON to: test_infojson_cookies.info.json
2025-02-06T20:36:41.2008162Z [info] Writing test metadata as JSON to: test_infojson_cookies.info.json
2025-02-06T20:36:41.2008569Z [info] Writing test metadata as JSON to: test_infojson_cookies.info.json
2025-02-06T20:36:41.2008972Z [info] Writing test metadata as JSON to: test_infojson_cookies.info.json
2025-02-06T20:36:41.2009719Z [info] Writing test metadata as JSON to: test_infojson_cookies.info.json
2025-02-06T20:36:41.2010117Z [info] Writing test metadata as JSON to: test_infojson_cookies.info.json
2025-02-06T20:36:41.2010576Z Removing cache dir /home/runner/work/youtube-dl/youtube-dl/test/testdata/cache_test .
2025-02-06T20:36:41.2010948Z .
2025-02-06T20:36:41.2011090Z .
2025-02-06T20:36:41.2011310Z Discarding old cache from version 2021.12.17 (needs 2022.12.17)
2025-02-06T20:36:41.2011704Z [download] Writing temporary cookies file to "/tmp/tmpuxpqh5j7.cookies"
2025-02-06T20:36:41.2012123Z [download] Writing temporary cookies file to "/tmp/tmp97j0ffar.cookies"
2025-02-06T20:36:41.2530049Z ##[error]Process completed with exit code 1.
