Requested labels: ubuntu-latest
Job defined at: meilisearch/meilisearch/.github/workflows/test-suite.yml@refs/pull/5487/merge
Waiting for a runner to pick up this job...
Job is waiting for a hosted runner to come online.
Job is about to start running on the hosted runner: GitHub Actions 2 (hosted)
Current runner version: '2.323.0'
##[group]Operating System
Ubuntu
24.04.2
LTS
##[endgroup]
##[group]Runner Image
Image: ubuntu-24.04
Version: 20250406.1.0
Included Software: https://github.com/actions/runner-images/blob/ubuntu24/20250406.1/images/ubuntu/Ubuntu2404-Readme.md
Image Release: https://github.com/actions/runner-images/releases/tag/ubuntu24%2F20250406.1
##[endgroup]
##[group]Runner Image Provisioner
2.0.422.1
##[endgroup]
##[group]GITHUB_TOKEN Permissions
Actions: read
read
read
read
read
read
read


read
read
read
read
read
read
##[endgroup]
None



'actions/checkout@v3'
Version: 3.6.0
942562b9c7d4b1f2557f1da21f4d3eb4eb4fd01f2ad78b2a6e187d1b193e0a0f
f43a0e5ff2bd294095638e18286ca9a3d1956744
##[endgroup]
'dtolnay/rust-toolchain@1.85' fbaa7e9cfc198f7c12d653f12beae9646e216b29
'Swatinem/rust-cache@v2.7.8' 9d47c6ad4b02e050fd481d890b2ea34778fd09d6
'actions-rs/cargo@v1' 844f36862e911db73fe0815f00a4a2602c279505
Complete job name: Run tests in debug
##[group]Checking docker version
##[command]/usr/bin/docker version --format '{{.Server.APIVersion}}'
'1.45'
Docker daemon API version: '1.45'
##[command]/usr/bin/docker version --format '{{.Client.APIVersion}}'
'1.45'
Docker client API version: '1.45'
##[endgroup]
##[group]Clean up resources from previous jobs
##[command]/usr/bin/docker ps --all --quiet --no-trunc --filter "label=65ff30"
##[command]/usr/bin/docker network prune --force --filter "label=65ff30"
##[endgroup]
##[group]Create local container network
##[command]/usr/bin/docker network create --label 65ff30 github_network_ad68078f7202437a839267697b6aeea1
403cf2c3e8689b0a2935f2cda9f2f03550bdc81946c34023d8483d4a0a9ab9dd
##[endgroup]
##[group]Starting job container
##[command]/usr/bin/docker pull ubuntu:22.04
22.04: Pulling from library/ubuntu
30a9c22ae099: Pulling fs layer
30a9c22ae099: Verifying Checksum
30a9c22ae099: Download complete
30a9c22ae099: Pull complete
d80997daaa3811b175119350d84305e1ec9129e1799bba0bd1e3120da3ff52c3
Status: Downloaded newer image for ubuntu:22.04
docker.io/library/ubuntu:22.04
##[command]/usr/bin/docker create --name b71c9d5901034762851806c9488615ad_ubuntu2204_a9e407 --label 65ff30 --workdir /__w/meilisearch/meilisearch --network github_network_ad68078f7202437a839267697b6aeea1  -e "HOME=/github/home" -e GITHUB_ACTIONS=true -e CI=true -v "/var/run/docker.sock":"/var/run/docker.sock" -v "/home/runner/work":"/__w" -v "/home/runner/runners/2.323.0/externals":"/__e":ro -v "/home/runner/work/_temp":"/__w/_temp" -v "/home/runner/work/_actions":"/__w/_actions" -v "/opt/hostedtoolcache":"/__t" -v "/home/runner/work/_temp/_github_home":"/github/home" -v "/home/runner/work/_temp/_github_workflow":"/github/workflow" --entrypoint "tail" ubuntu:22.04 "-f" "/dev/null"
7b366bf24383b60ce6c6cb2cd41c265f903ae3c865e1b687622540a47ce9ca95
##[command]/usr/bin/docker start 7b366bf24383b60ce6c6cb2cd41c265f903ae3c865e1b687622540a47ce9ca95
7b366bf24383b60ce6c6cb2cd41c265f903ae3c865e1b687622540a47ce9ca95
##[command]/usr/bin/docker ps --all --filter id=7b366bf24383b60ce6c6cb2cd41c265f903ae3c865e1b687622540a47ce9ca95 --filter status=running --no-trunc --format "{{.ID}} {{.Status}}"
7b366bf24383b60ce6c6cb2cd41c265f903ae3c865e1b687622540a47ce9ca95 Up Less than a second
##[command]/usr/bin/docker inspect --format "{{range .Config.Env}}{{println .}}{{end}}" 7b366bf24383b60ce6c6cb2cd41c265f903ae3c865e1b687622540a47ce9ca95
HOME=/github/home
GITHUB_ACTIONS=true
CI=true
PATH=/usr/local/sbin:/usr/local/bin:/usr/sbin:/usr/bin:/sbin:/bin
##[endgroup]
##[group]Waiting for all services to be ready
##[endgroup]
actions/checkout@v3

meilisearch/meilisearch


true


1


false


CARGO_TERM_COLOR: always
RUST_BACKTRACE: 1
RUSTFLAGS: -D warnings
##[endgroup]
##[command]/usr/bin/docker exec  7b366bf24383b60ce6c6cb2cd41c265f903ae3c865e1b687622540a47ce9ca95 sh -c "cat /etc/*release | grep ^ID"
meilisearch/meilisearch

Working directory is '/__w/meilisearch/meilisearch'
##[endgroup]
Deleting the contents of '/__w/meilisearch/meilisearch'
The repository will be downloaded using the GitHub REST API
To create a local Git repository instead, add Git 2.18 or higher to the PATH
Downloading the archive
Writing archive to disk
Extracting the archive
[command]/usr/bin/tar xz -C /__w/meilisearch/meilisearch/3e88ce2f-13f0-49a0-8c31-4a2e398a7cc9 -f /__w/meilisearch/meilisearch/3e88ce2f-13f0-49a0-8c31-4a2e398a7cc9.tar.gz
Resolved version meilisearch-meilisearch-4751e35
##[group]Run apt-get update && apt-get install -y curl
[36;1mapt-get update && apt-get install -y curl[0m
[36;1mapt-get install build-essential -y[0m
shell: sh -e {0}

CARGO_TERM_COLOR: always
RUST_BACKTRACE: 1
RUSTFLAGS: -D warnings
##[endgroup]
Get:1 http://security.ubuntu.com/ubuntu jammy-security InRelease [129 kB]
Get:2 http://archive.ubuntu.com/ubuntu jammy InRelease [270 kB]
Get:3 http://security.ubuntu.com/ubuntu jammy-security/main amd64 Packages [2788 kB]
Get:4 http://security.ubuntu.com/ubuntu jammy-security/restricted amd64 Packages [4000 kB]
Get:5 http://archive.ubuntu.com/ubuntu jammy-updates InRelease [128 kB]
Get:6 http://security.ubuntu.com/ubuntu jammy-security/universe amd64 Packages [1243 kB]
Get:7 http://security.ubuntu.com/ubuntu jammy-security/multiverse amd64 Packages [47.7 kB]
Get:8 http://archive.ubuntu.com/ubuntu jammy-backports InRelease [127 kB]
Get:9 http://archive.ubuntu.com/ubuntu jammy/multiverse amd64 Packages [266 kB]
Get:10 http://archive.ubuntu.com/ubuntu jammy/restricted amd64 Packages [164 kB]
Get:11 http://archive.ubuntu.com/ubuntu jammy/universe amd64 Packages [17.5 MB]
Get:12 http://archive.ubuntu.com/ubuntu jammy/main amd64 Packages [1792 kB]
Get:13 http://archive.ubuntu.com/ubuntu jammy-updates/multiverse amd64 Packages [55.7 kB]
Get:14 http://archive.ubuntu.com/ubuntu jammy-updates/restricted amd64 Packages [4161 kB]
Get:15 http://archive.ubuntu.com/ubuntu jammy-updates/universe amd64 Packages [1542 kB]
Get:16 http://archive.ubuntu.com/ubuntu jammy-updates/main amd64 Packages [3100 kB]
Get:17 http://archive.ubuntu.com/ubuntu jammy-backports/universe amd64 Packages [35.2 kB]
Get:18 http://archive.ubuntu.com/ubuntu jammy-backports/main amd64 Packages [82.7 kB]
Fetched 37.4 MB in 3s (10.9 MB/s)
Reading package lists...
Reading package lists...
Building dependency tree...
Reading state information...
The following additional packages will be installed:
ca-certificates libbrotli1 libcurl4 libldap-2.5-0 libldap-common
libnghttp2-14 libpsl5 librtmp1 libsasl2-2 libsasl2-modules
libsasl2-modules-db libssh-4 openssl publicsuffix
Suggested packages:
libsasl2-modules-gssapi-mit | libsasl2-modules-gssapi-heimdal
libsasl2-modules-ldap libsasl2-modules-otp libsasl2-modules-sql
The following NEW packages will be installed:
ca-certificates curl libbrotli1 libcurl4 libldap-2.5-0 libldap-common
libnghttp2-14 libpsl5 librtmp1 libsasl2-2 libsasl2-modules
libsasl2-modules-db libssh-4 openssl publicsuffix
0 upgraded, 15 newly installed, 0 to remove and 1 not upgraded.
Need to get 2998 kB of archives.
After this operation, 7138 kB of additional disk space will be used.
Get:1 http://archive.ubuntu.com/ubuntu jammy-updates/main amd64 openssl amd64 3.0.2-0ubuntu1.19 [1186 kB]
Get:2 http://archive.ubuntu.com/ubuntu jammy-updates/main amd64 ca-certificates all 20240203~22.04.1 [162 kB]
Get:3 http://archive.ubuntu.com/ubuntu jammy-updates/main amd64 libnghttp2-14 amd64 1.43.0-1ubuntu0.2 [76.9 kB]
Get:4 http://archive.ubuntu.com/ubuntu jammy/main amd64 libpsl5 amd64 0.21.0-1.2build2 [58.4 kB]
Get:5 http://archive.ubuntu.com/ubuntu jammy/main amd64 publicsuffix all 20211207.1025-1 [129 kB]
Get:6 http://archive.ubuntu.com/ubuntu jammy/main amd64 libbrotli1 amd64 1.0.9-2build6 [315 kB]
Get:7 http://archive.ubuntu.com/ubuntu jammy-updates/main amd64 libsasl2-modules-db amd64 2.1.27+dfsg2-3ubuntu1.2 [20.5 kB]
Get:8 http://archive.ubuntu.com/ubuntu jammy-updates/main amd64 libsasl2-2 amd64 2.1.27+dfsg2-3ubuntu1.2 [53.8 kB]
Get:9 http://archive.ubuntu.com/ubuntu jammy-updates/main amd64 libldap-2.5-0 amd64 2.5.18+dfsg-0ubuntu0.22.04.3 [183 kB]
Get:10 http://archive.ubuntu.com/ubuntu jammy/main amd64 librtmp1 amd64 2.4+20151223.gitfa8646d.1-2build4 [58.2 kB]
Get:11 http://archive.ubuntu.com/ubuntu jammy-updates/main amd64 libssh-4 amd64 0.9.6-2ubuntu0.22.04.3 [186 kB]
Get:12 http://archive.ubuntu.com/ubuntu jammy-updates/main amd64 libcurl4 amd64 7.81.0-1ubuntu1.20 [289 kB]
Get:13 http://archive.ubuntu.com/ubuntu jammy-updates/main amd64 curl amd64 7.81.0-1ubuntu1.20 [194 kB]
Get:14 http://archive.ubuntu.com/ubuntu jammy-updates/main amd64 libldap-common all 2.5.18+dfsg-0ubuntu0.22.04.3 [15.8 kB]
Get:15 http://archive.ubuntu.com/ubuntu jammy-updates/main amd64 libsasl2-modules amd64 2.1.27+dfsg2-3ubuntu1.2 [68.8 kB]
debconf: delaying package configuration, since apt-utils is not installed
Fetched 2998 kB in 2s (1743 kB/s)
Selecting previously unselected package openssl.
(Reading database ...
(Reading database ... 5%
(Reading database ... 10%
(Reading database ... 15%
(Reading database ... 20%
(Reading database ... 25%
(Reading database ... 30%
(Reading database ... 35%
(Reading database ... 40%
(Reading database ... 45%
(Reading database ... 50%
(Reading database ... 55%
(Reading database ... 60%
(Reading database ... 65%
(Reading database ... 70%
(Reading database ... 75%
(Reading database ... 80%
(Reading database ... 85%
(Reading database ... 90%
(Reading database ... 95%
(Reading database ... 100%
(Reading database ... 4393 files and directories currently installed.)
Preparing to unpack .../00-openssl_3.0.2-0ubuntu1.19_amd64.deb ...
Unpacking openssl (3.0.2-0ubuntu1.19) ...
Selecting previously unselected package ca-certificates.
Preparing to unpack .../01-ca-certificates_20240203~22.04.1_all.deb ...
Unpacking ca-certificates (20240203~22.04.1) ...
Selecting previously unselected package libnghttp2-14:amd64.
Preparing to unpack .../02-libnghttp2-14_1.43.0-1ubuntu0.2_amd64.deb ...
Unpacking libnghttp2-14:amd64 (1.43.0-1ubuntu0.2) ...
Selecting previously unselected package libpsl5:amd64.
Preparing to unpack .../03-libpsl5_0.21.0-1.2build2_amd64.deb ...
Unpacking libpsl5:amd64 (0.21.0-1.2build2) ...
Selecting previously unselected package publicsuffix.
Preparing to unpack .../04-publicsuffix_20211207.1025-1_all.deb ...
Unpacking publicsuffix (20211207.1025-1) ...
Selecting previously unselected package libbrotli1:amd64.
Preparing to unpack .../05-libbrotli1_1.0.9-2build6_amd64.deb ...
Unpacking libbrotli1:amd64 (1.0.9-2build6) ...
Selecting previously unselected package libsasl2-modules-db:amd64.
Preparing to unpack .../06-libsasl2-modules-db_2.1.27+dfsg2-3ubuntu1.2_amd64.deb ...
Unpacking libsasl2-modules-db:amd64 (2.1.27+dfsg2-3ubuntu1.2) ...
Selecting previously unselected package libsasl2-2:amd64.
Preparing to unpack .../07-libsasl2-2_2.1.27+dfsg2-3ubuntu1.2_amd64.deb ...
Unpacking libsasl2-2:amd64 (2.1.27+dfsg2-3ubuntu1.2) ...
Selecting previously unselected package libldap-2.5-0:amd64.
Preparing to unpack .../08-libldap-2.5-0_2.5.18+dfsg-0ubuntu0.22.04.3_amd64.deb ...
Unpacking libldap-2.5-0:amd64 (2.5.18+dfsg-0ubuntu0.22.04.3) ...
Selecting previously unselected package librtmp1:amd64.
Preparing to unpack .../09-librtmp1_2.4+20151223.gitfa8646d.1-2build4_amd64.deb ...
Unpacking librtmp1:amd64 (2.4+20151223.gitfa8646d.1-2build4) ...
Selecting previously unselected package libssh-4:amd64.
Preparing to unpack .../10-libssh-4_0.9.6-2ubuntu0.22.04.3_amd64.deb ...
Unpacking libssh-4:amd64 (0.9.6-2ubuntu0.22.04.3) ...
Selecting previously unselected package libcurl4:amd64.
Preparing to unpack .../11-libcurl4_7.81.0-1ubuntu1.20_amd64.deb ...
Unpacking libcurl4:amd64 (7.81.0-1ubuntu1.20) ...
Selecting previously unselected package curl.
Preparing to unpack .../12-curl_7.81.0-1ubuntu1.20_amd64.deb ...
Unpacking curl (7.81.0-1ubuntu1.20) ...
Selecting previously unselected package libldap-common.
Preparing to unpack .../13-libldap-common_2.5.18+dfsg-0ubuntu0.22.04.3_all.deb ...
Unpacking libldap-common (2.5.18+dfsg-0ubuntu0.22.04.3) ...
Selecting previously unselected package libsasl2-modules:amd64.
Preparing to unpack .../14-libsasl2-modules_2.1.27+dfsg2-3ubuntu1.2_amd64.deb ...
Unpacking libsasl2-modules:amd64 (2.1.27+dfsg2-3ubuntu1.2) ...
Setting up libpsl5:amd64 (0.21.0-1.2build2) ...
Setting up libbrotli1:amd64 (1.0.9-2build6) ...
Setting up libsasl2-modules:amd64 (2.1.27+dfsg2-3ubuntu1.2) ...
Setting up libnghttp2-14:amd64 (1.43.0-1ubuntu0.2) ...
Setting up libldap-common (2.5.18+dfsg-0ubuntu0.22.04.3) ...
Setting up libsasl2-modules-db:amd64 (2.1.27+dfsg2-3ubuntu1.2) ...
Setting up librtmp1:amd64 (2.4+20151223.gitfa8646d.1-2build4) ...
Setting up libsasl2-2:amd64 (2.1.27+dfsg2-3ubuntu1.2) ...
Setting up libssh-4:amd64 (0.9.6-2ubuntu0.22.04.3) ...
Setting up openssl (3.0.2-0ubuntu1.19) ...
Setting up publicsuffix (20211207.1025-1) ...
Setting up libldap-2.5-0:amd64 (2.5.18+dfsg-0ubuntu0.22.04.3) ...
Setting up ca-certificates (20240203~22.04.1) ...
debconf: unable to initialize frontend: Dialog
debconf: (TERM is not set, so the dialog frontend is not usable.)
debconf: falling back to frontend: Readline
debconf: unable to initialize frontend: Readline
debconf: (Can't locate Term/ReadLine.pm in @INC (you may need to install the Term::ReadLine module) (@INC contains: /etc/perl /usr/local/lib/x86_64-linux-gnu/perl/5.34.0 /usr/local/share/perl/5.34.0 /usr/lib/x86_64-linux-gnu/perl5/5.34 /usr/share/perl5 /usr/lib/x86_64-linux-gnu/perl-base /usr/lib/x86_64-linux-gnu/perl/5.34 /usr/share/perl/5.34 /usr/local/lib/site_perl) at /usr/share/perl5/Debconf/FrontEnd/Readline.pm line 7.)
debconf: falling back to frontend: Teletype
Updating certificates in /etc/ssl/certs...
146 added, 0 removed; done.
Setting up libcurl4:amd64 (7.81.0-1ubuntu1.20) ...
Setting up curl (7.81.0-1ubuntu1.20) ...
Processing triggers for libc-bin (2.35-0ubuntu3.9) ...
Processing triggers for ca-certificates (20240203~22.04.1) ...
Updating certificates in /etc/ssl/certs...
0 added, 0 removed; done.
Running hooks in /etc/ca-certificates/update.d...
done.
Reading package lists...
Building dependency tree...
Reading state information...
The following additional packages will be installed:
binutils binutils-common binutils-x86-64-linux-gnu bzip2 cpp cpp-11 dirmngr
dpkg-dev fakeroot fontconfig-config fonts-dejavu-core g++ g++-11 gcc gcc-11
gcc-11-base gnupg gnupg-l10n gnupg-utils gpg gpg-agent gpg-wks-client
gpg-wks-server gpgconf gpgsm libalgorithm-diff-perl
libalgorithm-diff-xs-perl libalgorithm-merge-perl libasan6 libassuan0
libatomic1 libbinutils libbsd0 libc-dev-bin libc-devtools libc6-dev libcc1-0
libcrypt-dev libctf-nobfd0 libctf0 libdeflate0 libdpkg-perl libexpat1
libfakeroot libfile-fcntllock-perl libfontconfig1 libfreetype6 libgcc-11-dev
libgd3 libgdbm-compat4 libgdbm6 libgomp1 libisl23 libitm1 libjbig0
libjpeg-turbo8 libjpeg8 libksba8 liblocale-gettext-perl liblsan0 libmd0
libmpc3 libmpfr6 libnpth0 libnsl-dev libperl5.34 libpng16-16 libquadmath0
libreadline8 libsqlite3-0 libstdc++-11-dev libtiff5 libtirpc-dev libtsan0
libubsan1 libwebp7 libx11-6 libx11-data libxau6 libxcb1 libxdmcp6 libxpm4
linux-libc-dev lto-disabled-list make manpages manpages-dev netbase patch
perl perl-base perl-modules-5.34 pinentry-curses readline-common
rpcsvc-proto ucf xz-utils
Suggested packages:
binutils-doc bzip2-doc cpp-doc gcc-11-locales dbus-user-session
libpam-systemd pinentry-gnome3 tor debian-keyring g++-multilib
g++-11-multilib gcc-11-doc gcc-multilib autoconf automake libtool flex bison
gdb gcc-doc gcc-11-multilib parcimonie xloadimage scdaemon glibc-doc git bzr
libgd-tools gdbm-l10n libstdc++-11-doc make-doc man-browser ed diffutils-doc
perl-doc libterm-readline-gnu-perl | libterm-readline-perl-perl
libtap-harness-archive-perl pinentry-doc readline-doc
The following NEW packages will be installed:
binutils binutils-common binutils-x86-64-linux-gnu build-essential bzip2 cpp
cpp-11 dirmngr dpkg-dev fakeroot fontconfig-config fonts-dejavu-core g++
g++-11 gcc gcc-11 gcc-11-base gnupg gnupg-l10n gnupg-utils gpg gpg-agent
gpg-wks-client gpg-wks-server gpgconf gpgsm libalgorithm-diff-perl
libalgorithm-diff-xs-perl libalgorithm-merge-perl libasan6 libassuan0
libatomic1 libbinutils libbsd0 libc-dev-bin libc-devtools libc6-dev libcc1-0
libcrypt-dev libctf-nobfd0 libctf0 libdeflate0 libdpkg-perl libexpat1
libfakeroot libfile-fcntllock-perl libfontconfig1 libfreetype6 libgcc-11-dev
libgd3 libgdbm-compat4 libgdbm6 libgomp1 libisl23 libitm1 libjbig0
libjpeg-turbo8 libjpeg8 libksba8 liblocale-gettext-perl liblsan0 libmd0
libmpc3 libmpfr6 libnpth0 libnsl-dev libperl5.34 libpng16-16 libquadmath0
libreadline8 libsqlite3-0 libstdc++-11-dev libtiff5 libtirpc-dev libtsan0
libubsan1 libwebp7 libx11-6 libx11-data libxau6 libxcb1 libxdmcp6 libxpm4
linux-libc-dev lto-disabled-list make manpages manpages-dev netbase patch
perl perl-modules-5.34 pinentry-curses readline-common rpcsvc-proto ucf
xz-utils
The following packages will be upgraded:
perl-base
1 upgraded, 97 newly installed, 0 to remove and 0 not upgraded.
Need to get 84.9 MB of archives.
After this operation, 290 MB of additional disk space will be used.
Get:1 http://archive.ubuntu.com/ubuntu jammy-updates/main amd64 perl-base amd64 5.34.0-3ubuntu1.4 [1759 kB]
Get:2 http://archive.ubuntu.com/ubuntu jammy/main amd64 liblocale-gettext-perl amd64 1.07-4build3 [17.1 kB]
Get:3 http://archive.ubuntu.com/ubuntu jammy-updates/main amd64 perl-modules-5.34 all 5.34.0-3ubuntu1.4 [2977 kB]
Get:4 http://archive.ubuntu.com/ubuntu jammy/main amd64 libgdbm6 amd64 1.23-1 [33.9 kB]
Get:5 http://archive.ubuntu.com/ubuntu jammy/main amd64 libgdbm-compat4 amd64 1.23-1 [6606 B]
Get:6 http://archive.ubuntu.com/ubuntu jammy-updates/main amd64 libperl5.34 amd64 5.34.0-3ubuntu1.4 [4820 kB]
Get:7 http://archive.ubuntu.com/ubuntu jammy-updates/main amd64 perl amd64 5.34.0-3ubuntu1.4 [232 kB]
Get:8 http://archive.ubuntu.com/ubuntu jammy/main amd64 libmd0 amd64 1.0.4-1build1 [23.0 kB]
Get:9 http://archive.ubuntu.com/ubuntu jammy/main amd64 libbsd0 amd64 0.11.5-1 [44.8 kB]
Get:10 http://archive.ubuntu.com/ubuntu jammy-updates/main amd64 libexpat1 amd64 2.4.7-1ubuntu0.6 [92.1 kB]
Get:11 http://archive.ubuntu.com/ubuntu jammy/main amd64 readline-common all 8.1.2-1 [53.5 kB]
Get:12 http://archive.ubuntu.com/ubuntu jammy/main amd64 libreadline8 amd64 8.1.2-1 [153 kB]
Get:13 http://archive.ubuntu.com/ubuntu jammy-updates/main amd64 libsqlite3-0 amd64 3.37.2-2ubuntu0.3 [641 kB]
Get:14 http://archive.ubuntu.com/ubuntu jammy/main amd64 netbase all 6.3 [12.9 kB]
Get:15 http://archive.ubuntu.com/ubuntu jammy/main amd64 ucf all 3.0043 [56.1 kB]
Get:16 http://archive.ubuntu.com/ubuntu jammy/main amd64 libpng16-16 amd64 1.6.37-3build5 [191 kB]
Get:17 http://archive.ubuntu.com/ubuntu jammy/main amd64 libxau6 amd64 1:1.0.9-1build5 [7634 B]
Get:18 http://archive.ubuntu.com/ubuntu jammy/main amd64 libxdmcp6 amd64 1:1.1.3-0ubuntu5 [10.9 kB]
Get:19 http://archive.ubuntu.com/ubuntu jammy/main amd64 libxcb1 amd64 1.14-3ubuntu3 [49.0 kB]
Get:20 http://archive.ubuntu.com/ubuntu jammy-updates/main amd64 libx11-data all 2:1.7.5-1ubuntu0.3 [120 kB]
Get:21 http://archive.ubuntu.com/ubuntu jammy-updates/main amd64 libx11-6 amd64 2:1.7.5-1ubuntu0.3 [667 kB]
Get:22 http://archive.ubuntu.com/ubuntu jammy/main amd64 manpages all 5.10-1ubuntu1 [1375 kB]
Get:23 http://archive.ubuntu.com/ubuntu jammy/main amd64 xz-utils amd64 5.2.5-2ubuntu1 [84.8 kB]
Get:24 http://archive.ubuntu.com/ubuntu jammy-updates/main amd64 binutils-common amd64 2.38-4ubuntu2.8 [223 kB]
Get:25 http://archive.ubuntu.com/ubuntu jammy-updates/main amd64 libbinutils amd64 2.38-4ubuntu2.8 [661 kB]
Get:26 http://archive.ubuntu.com/ubuntu jammy-updates/main amd64 libctf-nobfd0 amd64 2.38-4ubuntu2.8 [108 kB]
Get:27 http://archive.ubuntu.com/ubuntu jammy-updates/main amd64 libctf0 amd64 2.38-4ubuntu2.8 [103 kB]
Get:28 http://archive.ubuntu.com/ubuntu jammy-updates/main amd64 binutils-x86-64-linux-gnu amd64 2.38-4ubuntu2.8 [2324 kB]
Get:29 http://archive.ubuntu.com/ubuntu jammy-updates/main amd64 binutils amd64 2.38-4ubuntu2.8 [3196 B]
Get:30 http://archive.ubuntu.com/ubuntu jammy-updates/main amd64 libc-dev-bin amd64 2.35-0ubuntu3.9 [20.3 kB]
Get:31 http://archive.ubuntu.com/ubuntu jammy-updates/main amd64 linux-libc-dev amd64 5.15.0-136.147 [1320 kB]
Get:32 http://archive.ubuntu.com/ubuntu jammy/main amd64 libcrypt-dev amd64 1:4.4.27-1 [112 kB]
Get:33 http://archive.ubuntu.com/ubuntu jammy/main amd64 rpcsvc-proto amd64 1.4.2-0ubuntu6 [68.5 kB]
Get:34 http://archive.ubuntu.com/ubuntu jammy-updates/main amd64 libtirpc-dev amd64 1.3.2-2ubuntu0.1 [192 kB]
Get:35 http://archive.ubuntu.com/ubuntu jammy/main amd64 libnsl-dev amd64 1.3.0-2build2 [71.3 kB]
Get:36 http://archive.ubuntu.com/ubuntu jammy-updates/main amd64 libc6-dev amd64 2.35-0ubuntu3.9 [2100 kB]
Get:37 http://archive.ubuntu.com/ubuntu jammy-updates/main amd64 gcc-11-base amd64 11.4.0-1ubuntu1~22.04 [20.2 kB]
Get:38 http://archive.ubuntu.com/ubuntu jammy/main amd64 libisl23 amd64 0.24-2build1 [727 kB]
Get:39 http://archive.ubuntu.com/ubuntu jammy/main amd64 libmpfr6 amd64 4.1.0-3build3 [1425 kB]
Get:40 http://archive.ubuntu.com/ubuntu jammy/main amd64 libmpc3 amd64 1.2.1-2build1 [46.9 kB]
Get:41 http://archive.ubuntu.com/ubuntu jammy-updates/main amd64 cpp-11 amd64 11.4.0-1ubuntu1~22.04 [10.0 MB]
Get:42 http://archive.ubuntu.com/ubuntu jammy/main amd64 cpp amd64 4:11.2.0-1ubuntu1 [27.7 kB]
Get:43 http://archive.ubuntu.com/ubuntu jammy-updates/main amd64 libcc1-0 amd64 12.3.0-1ubuntu1~22.04 [48.3 kB]
Get:44 http://archive.ubuntu.com/ubuntu jammy-updates/main amd64 libgomp1 amd64 12.3.0-1ubuntu1~22.04 [126 kB]
Get:45 http://archive.ubuntu.com/ubuntu jammy-updates/main amd64 libitm1 amd64 12.3.0-1ubuntu1~22.04 [30.2 kB]
Get:46 http://archive.ubuntu.com/ubuntu jammy-updates/main amd64 libatomic1 amd64 12.3.0-1ubuntu1~22.04 [10.4 kB]
Get:47 http://archive.ubuntu.com/ubuntu jammy-updates/main amd64 libasan6 amd64 11.4.0-1ubuntu1~22.04 [2282 kB]
Get:48 http://archive.ubuntu.com/ubuntu jammy-updates/main amd64 liblsan0 amd64 12.3.0-1ubuntu1~22.04 [1069 kB]
Get:49 http://archive.ubuntu.com/ubuntu jammy-updates/main amd64 libtsan0 amd64 11.4.0-1ubuntu1~22.04 [2260 kB]
Get:50 http://archive.ubuntu.com/ubuntu jammy-updates/main amd64 libubsan1 amd64 12.3.0-1ubuntu1~22.04 [976 kB]
Get:51 http://archive.ubuntu.com/ubuntu jammy-updates/main amd64 libquadmath0 amd64 12.3.0-1ubuntu1~22.04 [154 kB]
Get:52 http://archive.ubuntu.com/ubuntu jammy-updates/main amd64 libgcc-11-dev amd64 11.4.0-1ubuntu1~22.04 [2517 kB]
Get:53 http://archive.ubuntu.com/ubuntu jammy-updates/main amd64 gcc-11 amd64 11.4.0-1ubuntu1~22.04 [20.1 MB]
Get:54 http://archive.ubuntu.com/ubuntu jammy/main amd64 gcc amd64 4:11.2.0-1ubuntu1 [5112 B]
Get:55 http://archive.ubuntu.com/ubuntu jammy-updates/main amd64 libstdc++-11-dev amd64 11.4.0-1ubuntu1~22.04 [2101 kB]
Get:56 http://archive.ubuntu.com/ubuntu jammy-updates/main amd64 g++-11 amd64 11.4.0-1ubuntu1~22.04 [11.4 MB]
Get:57 http://archive.ubuntu.com/ubuntu jammy/main amd64 g++ amd64 4:11.2.0-1ubuntu1 [1412 B]
Get:58 http://archive.ubuntu.com/ubuntu jammy/main amd64 make amd64 4.3-4.1build1 [180 kB]
Get:59 http://archive.ubuntu.com/ubuntu jammy-updates/main amd64 libdpkg-perl all 1.21.1ubuntu2.3 [237 kB]
Get:60 http://archive.ubuntu.com/ubuntu jammy/main amd64 bzip2 amd64 1.0.8-5build1 [34.8 kB]
Get:61 http://archive.ubuntu.com/ubuntu jammy/main amd64 patch amd64 2.7.6-7build2 [109 kB]
Get:62 http://archive.ubuntu.com/ubuntu jammy/main amd64 lto-disabled-list all 24 [12.5 kB]
Get:63 http://archive.ubuntu.com/ubuntu jammy-updates/main amd64 dpkg-dev all 1.21.1ubuntu2.3 [922 kB]
Get:64 http://archive.ubuntu.com/ubuntu jammy/main amd64 build-essential amd64 12.9ubuntu3 [4744 B]
Get:65 http://archive.ubuntu.com/ubuntu jammy/main amd64 libassuan0 amd64 2.5.5-1build1 [38.2 kB]
Get:66 http://archive.ubuntu.com/ubuntu jammy-updates/main amd64 gpgconf amd64 2.2.27-3ubuntu2.3 [94.4 kB]
Get:67 http://archive.ubuntu.com/ubuntu jammy-updates/main amd64 libksba8 amd64 1.6.0-2ubuntu0.2 [119 kB]
Get:68 http://archive.ubuntu.com/ubuntu jammy/main amd64 libnpth0 amd64 1.6-3build2 [8664 B]
Get:69 http://archive.ubuntu.com/ubuntu jammy-updates/main amd64 dirmngr amd64 2.2.27-3ubuntu2.3 [293 kB]
Get:70 http://archive.ubuntu.com/ubuntu jammy/main amd64 libfakeroot amd64 1.28-1ubuntu1 [31.5 kB]
Get:71 http://archive.ubuntu.com/ubuntu jammy/main amd64 fakeroot amd64 1.28-1ubuntu1 [60.4 kB]
Get:72 http://archive.ubuntu.com/ubuntu jammy/main amd64 fonts-dejavu-core all 2.37-2build1 [1041 kB]
Get:73 http://archive.ubuntu.com/ubuntu jammy/main amd64 fontconfig-config all 2.13.1-4.2ubuntu5 [29.1 kB]
Get:74 http://archive.ubuntu.com/ubuntu jammy-updates/main amd64 gnupg-l10n all 2.2.27-3ubuntu2.3 [54.6 kB]
Get:75 http://archive.ubuntu.com/ubuntu jammy-updates/main amd64 gnupg-utils amd64 2.2.27-3ubuntu2.3 [309 kB]
Get:76 http://archive.ubuntu.com/ubuntu jammy-updates/main amd64 gpg amd64 2.2.27-3ubuntu2.3 [519 kB]
Get:77 http://archive.ubuntu.com/ubuntu jammy/main amd64 pinentry-curses amd64 1.1.1-1build2 [34.4 kB]
Get:78 http://archive.ubuntu.com/ubuntu jammy-updates/main amd64 gpg-agent amd64 2.2.27-3ubuntu2.3 [209 kB]
Get:79 http://archive.ubuntu.com/ubuntu jammy-updates/main amd64 gpg-wks-client amd64 2.2.27-3ubuntu2.3 [62.7 kB]
Get:80 http://archive.ubuntu.com/ubuntu jammy-updates/main amd64 gpg-wks-server amd64 2.2.27-3ubuntu2.3 [57.6 kB]
Get:81 http://archive.ubuntu.com/ubuntu jammy-updates/main amd64 gpgsm amd64 2.2.27-3ubuntu2.3 [198 kB]
Get:82 http://archive.ubuntu.com/ubuntu jammy-updates/main amd64 gnupg all 2.2.27-3ubuntu2.3 [315 kB]
Get:83 http://archive.ubuntu.com/ubuntu jammy/main amd64 libalgorithm-diff-perl all 1.201-1 [41.8 kB]
Get:84 http://archive.ubuntu.com/ubuntu jammy/main amd64 libalgorithm-diff-xs-perl amd64 0.04-6build3 [11.9 kB]
Get:85 http://archive.ubuntu.com/ubuntu jammy/main amd64 libalgorithm-merge-perl all 0.08-3 [12.0 kB]
Get:86 http://archive.ubuntu.com/ubuntu jammy-updates/main amd64 libfreetype6 amd64 2.11.1+dfsg-1ubuntu0.3 [388 kB]
Get:87 http://archive.ubuntu.com/ubuntu jammy/main amd64 libfontconfig1 amd64 2.13.1-4.2ubuntu5 [131 kB]
Get:88 http://archive.ubuntu.com/ubuntu jammy/main amd64 libjpeg-turbo8 amd64 2.1.2-0ubuntu1 [134 kB]
Get:89 http://archive.ubuntu.com/ubuntu jammy/main amd64 libjpeg8 amd64 8c-2ubuntu10 [2264 B]
Get:90 http://archive.ubuntu.com/ubuntu jammy/main amd64 libdeflate0 amd64 1.10-2 [70.9 kB]
Get:91 http://archive.ubuntu.com/ubuntu jammy-updates/main amd64 libjbig0 amd64 2.1-3.1ubuntu0.22.04.1 [29.2 kB]
Get:92 http://archive.ubuntu.com/ubuntu jammy-updates/main amd64 libwebp7 amd64 1.2.2-2ubuntu0.22.04.2 [206 kB]
Get:93 http://archive.ubuntu.com/ubuntu jammy-updates/main amd64 libtiff5 amd64 4.3.0-6ubuntu0.10 [185 kB]
Get:94 http://archive.ubuntu.com/ubuntu jammy-updates/main amd64 libxpm4 amd64 1:3.5.12-1ubuntu0.22.04.2 [36.7 kB]
Get:95 http://archive.ubuntu.com/ubuntu jammy-updates/main amd64 libgd3 amd64 2.3.0-2ubuntu2.3 [129 kB]
Get:96 http://archive.ubuntu.com/ubuntu jammy-updates/main amd64 libc-devtools amd64 2.35-0ubuntu3.9 [29.0 kB]
Get:97 http://archive.ubuntu.com/ubuntu jammy/main amd64 libfile-fcntllock-perl amd64 0.22-3build7 [33.9 kB]
Get:98 http://archive.ubuntu.com/ubuntu jammy/main amd64 manpages-dev all 5.10-1ubuntu1 [2309 kB]
debconf: delaying package configuration, since apt-utils is not installed
Fetched 84.9 MB in 3s (26.0 MB/s)
(Reading database ...
(Reading database ... 5%
(Reading database ... 10%
(Reading database ... 15%
(Reading database ... 20%
(Reading database ... 25%
(Reading database ... 30%
(Reading database ... 35%
(Reading database ... 40%
(Reading database ... 45%
(Reading database ... 50%
(Reading database ... 55%
(Reading database ... 60%
(Reading database ... 65%
(Reading database ... 70%
(Reading database ... 75%
(Reading database ... 80%
(Reading database ... 85%
(Reading database ... 90%
(Reading database ... 95%
(Reading database ... 100%
(Reading database ... 4988 files and directories currently installed.)
Preparing to unpack .../perl-base_5.34.0-3ubuntu1.4_amd64.deb ...
Unpacking perl-base (5.34.0-3ubuntu1.4) over (5.34.0-3ubuntu1.3) ...
Setting up perl-base (5.34.0-3ubuntu1.4) ...
Selecting previously unselected package liblocale-gettext-perl.
(Reading database ...
(Reading database ... 5%
(Reading database ... 10%
(Reading database ... 15%
(Reading database ... 20%
(Reading database ... 25%
(Reading database ... 30%
(Reading database ... 35%
(Reading database ... 40%
(Reading database ... 45%
(Reading database ... 50%
(Reading database ... 55%
(Reading database ... 60%
(Reading database ... 65%
(Reading database ... 70%
(Reading database ... 75%
(Reading database ... 80%
(Reading database ... 85%
(Reading database ... 90%
(Reading database ... 95%
(Reading database ... 100%
(Reading database ... 4988 files and directories currently installed.)
Preparing to unpack .../00-liblocale-gettext-perl_1.07-4build3_amd64.deb ...
Unpacking liblocale-gettext-perl (1.07-4build3) ...
Selecting previously unselected package perl-modules-5.34.
Preparing to unpack .../01-perl-modules-5.34_5.34.0-3ubuntu1.4_all.deb ...
Unpacking perl-modules-5.34 (5.34.0-3ubuntu1.4) ...
Selecting previously unselected package libgdbm6:amd64.
Preparing to unpack .../02-libgdbm6_1.23-1_amd64.deb ...
Unpacking libgdbm6:amd64 (1.23-1) ...
Selecting previously unselected package libgdbm-compat4:amd64.
Preparing to unpack .../03-libgdbm-compat4_1.23-1_amd64.deb ...
Unpacking libgdbm-compat4:amd64 (1.23-1) ...
Selecting previously unselected package libperl5.34:amd64.
Preparing to unpack .../04-libperl5.34_5.34.0-3ubuntu1.4_amd64.deb ...
Unpacking libperl5.34:amd64 (5.34.0-3ubuntu1.4) ...
Selecting previously unselected package perl.
Preparing to unpack .../05-perl_5.34.0-3ubuntu1.4_amd64.deb ...
Unpacking perl (5.34.0-3ubuntu1.4) ...
Selecting previously unselected package libmd0:amd64.
Preparing to unpack .../06-libmd0_1.0.4-1build1_amd64.deb ...
Unpacking libmd0:amd64 (1.0.4-1build1) ...
Selecting previously unselected package libbsd0:amd64.
Preparing to unpack .../07-libbsd0_0.11.5-1_amd64.deb ...
Unpacking libbsd0:amd64 (0.11.5-1) ...
Selecting previously unselected package libexpat1:amd64.
Preparing to unpack .../08-libexpat1_2.4.7-1ubuntu0.6_amd64.deb ...
Unpacking libexpat1:amd64 (2.4.7-1ubuntu0.6) ...
Selecting previously unselected package readline-common.
Preparing to unpack .../09-readline-common_8.1.2-1_all.deb ...
Unpacking readline-common (8.1.2-1) ...
Selecting previously unselected package libreadline8:amd64.
Preparing to unpack .../10-libreadline8_8.1.2-1_amd64.deb ...
Unpacking libreadline8:amd64 (8.1.2-1) ...
Selecting previously unselected package libsqlite3-0:amd64.
Preparing to unpack .../11-libsqlite3-0_3.37.2-2ubuntu0.3_amd64.deb ...
Unpacking libsqlite3-0:amd64 (3.37.2-2ubuntu0.3) ...
Selecting previously unselected package netbase.
Preparing to unpack .../12-netbase_6.3_all.deb ...
Unpacking netbase (6.3) ...
Selecting previously unselected package ucf.
Preparing to unpack .../13-ucf_3.0043_all.deb ...
Moving old data out of the way
Unpacking ucf (3.0043) ...
Selecting previously unselected package libpng16-16:amd64.
Preparing to unpack .../14-libpng16-16_1.6.37-3build5_amd64.deb ...
Unpacking libpng16-16:amd64 (1.6.37-3build5) ...
Selecting previously unselected package libxau6:amd64.
Preparing to unpack .../15-libxau6_1%3a1.0.9-1build5_amd64.deb ...
Unpacking libxau6:amd64 (1:1.0.9-1build5) ...
Selecting previously unselected package libxdmcp6:amd64.
Preparing to unpack .../16-libxdmcp6_1%3a1.1.3-0ubuntu5_amd64.deb ...
Unpacking libxdmcp6:amd64 (1:1.1.3-0ubuntu5) ...
Selecting previously unselected package libxcb1:amd64.
Preparing to unpack .../17-libxcb1_1.14-3ubuntu3_amd64.deb ...
Unpacking libxcb1:amd64 (1.14-3ubuntu3) ...
Selecting previously unselected package libx11-data.
Preparing to unpack .../18-libx11-data_2%3a1.7.5-1ubuntu0.3_all.deb ...
Unpacking libx11-data (2:1.7.5-1ubuntu0.3) ...
Selecting previously unselected package libx11-6:amd64.
Preparing to unpack .../19-libx11-6_2%3a1.7.5-1ubuntu0.3_amd64.deb ...
Unpacking libx11-6:amd64 (2:1.7.5-1ubuntu0.3) ...
Selecting previously unselected package manpages.
Preparing to unpack .../20-manpages_5.10-1ubuntu1_all.deb ...
Unpacking manpages (5.10-1ubuntu1) ...
Selecting previously unselected package xz-utils.
Preparing to unpack .../21-xz-utils_5.2.5-2ubuntu1_amd64.deb ...
Unpacking xz-utils (5.2.5-2ubuntu1) ...
Selecting previously unselected package binutils-common:amd64.
Preparing to unpack .../22-binutils-common_2.38-4ubuntu2.8_amd64.deb ...
Unpacking binutils-common:amd64 (2.38-4ubuntu2.8) ...
Selecting previously unselected package libbinutils:amd64.
Preparing to unpack .../23-libbinutils_2.38-4ubuntu2.8_amd64.deb ...
Unpacking libbinutils:amd64 (2.38-4ubuntu2.8) ...
Selecting previously unselected package libctf-nobfd0:amd64.
Preparing to unpack .../24-libctf-nobfd0_2.38-4ubuntu2.8_amd64.deb ...
Unpacking libctf-nobfd0:amd64 (2.38-4ubuntu2.8) ...
Selecting previously unselected package libctf0:amd64.
Preparing to unpack .../25-libctf0_2.38-4ubuntu2.8_amd64.deb ...
Unpacking libctf0:amd64 (2.38-4ubuntu2.8) ...
Selecting previously unselected package binutils-x86-64-linux-gnu.
Preparing to unpack .../26-binutils-x86-64-linux-gnu_2.38-4ubuntu2.8_amd64.deb ...
Unpacking binutils-x86-64-linux-gnu (2.38-4ubuntu2.8) ...
Selecting previously unselected package binutils.
Preparing to unpack .../27-binutils_2.38-4ubuntu2.8_amd64.deb ...
Unpacking binutils (2.38-4ubuntu2.8) ...
Selecting previously unselected package libc-dev-bin.
Preparing to unpack .../28-libc-dev-bin_2.35-0ubuntu3.9_amd64.deb ...
Unpacking libc-dev-bin (2.35-0ubuntu3.9) ...
Selecting previously unselected package linux-libc-dev:amd64.
Preparing to unpack .../29-linux-libc-dev_5.15.0-136.147_amd64.deb ...
Unpacking linux-libc-dev:amd64 (5.15.0-136.147) ...
Selecting previously unselected package libcrypt-dev:amd64.
Preparing to unpack .../30-libcrypt-dev_1%3a4.4.27-1_amd64.deb ...
Unpacking libcrypt-dev:amd64 (1:4.4.27-1) ...
Selecting previously unselected package rpcsvc-proto.
Preparing to unpack .../31-rpcsvc-proto_1.4.2-0ubuntu6_amd64.deb ...
Unpacking rpcsvc-proto (1.4.2-0ubuntu6) ...
Selecting previously unselected package libtirpc-dev:amd64.
Preparing to unpack .../32-libtirpc-dev_1.3.2-2ubuntu0.1_amd64.deb ...
Unpacking libtirpc-dev:amd64 (1.3.2-2ubuntu0.1) ...
Selecting previously unselected package libnsl-dev:amd64.
Preparing to unpack .../33-libnsl-dev_1.3.0-2build2_amd64.deb ...
Unpacking libnsl-dev:amd64 (1.3.0-2build2) ...
Selecting previously unselected package libc6-dev:amd64.
Preparing to unpack .../34-libc6-dev_2.35-0ubuntu3.9_amd64.deb ...
Unpacking libc6-dev:amd64 (2.35-0ubuntu3.9) ...
Selecting previously unselected package gcc-11-base:amd64.
Preparing to unpack .../35-gcc-11-base_11.4.0-1ubuntu1~22.04_amd64.deb ...
Unpacking gcc-11-base:amd64 (11.4.0-1ubuntu1~22.04) ...
Selecting previously unselected package libisl23:amd64.
Preparing to unpack .../36-libisl23_0.24-2build1_amd64.deb ...
Unpacking libisl23:amd64 (0.24-2build1) ...
Selecting previously unselected package libmpfr6:amd64.
Preparing to unpack .../37-libmpfr6_4.1.0-3build3_amd64.deb ...
Unpacking libmpfr6:amd64 (4.1.0-3build3) ...
Selecting previously unselected package libmpc3:amd64.
Preparing to unpack .../38-libmpc3_1.2.1-2build1_amd64.deb ...
Unpacking libmpc3:amd64 (1.2.1-2build1) ...
Selecting previously unselected package cpp-11.
Preparing to unpack .../39-cpp-11_11.4.0-1ubuntu1~22.04_amd64.deb ...
Unpacking cpp-11 (11.4.0-1ubuntu1~22.04) ...
Selecting previously unselected package cpp.
Preparing to unpack .../40-cpp_4%3a11.2.0-1ubuntu1_amd64.deb ...
Unpacking cpp (4:11.2.0-1ubuntu1) ...
Selecting previously unselected package libcc1-0:amd64.
Preparing to unpack .../41-libcc1-0_12.3.0-1ubuntu1~22.04_amd64.deb ...
Unpacking libcc1-0:amd64 (12.3.0-1ubuntu1~22.04) ...
Selecting previously unselected package libgomp1:amd64.
Preparing to unpack .../42-libgomp1_12.3.0-1ubuntu1~22.04_amd64.deb ...
Unpacking libgomp1:amd64 (12.3.0-1ubuntu1~22.04) ...
Selecting previously unselected package libitm1:amd64.
Preparing to unpack .../43-libitm1_12.3.0-1ubuntu1~22.04_amd64.deb ...
Unpacking libitm1:amd64 (12.3.0-1ubuntu1~22.04) ...
Selecting previously unselected package libatomic1:amd64.
Preparing to unpack .../44-libatomic1_12.3.0-1ubuntu1~22.04_amd64.deb ...
Unpacking libatomic1:amd64 (12.3.0-1ubuntu1~22.04) ...
Selecting previously unselected package libasan6:amd64.
Preparing to unpack .../45-libasan6_11.4.0-1ubuntu1~22.04_amd64.deb ...
Unpacking libasan6:amd64 (11.4.0-1ubuntu1~22.04) ...
Selecting previously unselected package liblsan0:amd64.
Preparing to unpack .../46-liblsan0_12.3.0-1ubuntu1~22.04_amd64.deb ...
Unpacking liblsan0:amd64 (12.3.0-1ubuntu1~22.04) ...
Selecting previously unselected package libtsan0:amd64.
Preparing to unpack .../47-libtsan0_11.4.0-1ubuntu1~22.04_amd64.deb ...
Unpacking libtsan0:amd64 (11.4.0-1ubuntu1~22.04) ...
Selecting previously unselected package libubsan1:amd64.
Preparing to unpack .../48-libubsan1_12.3.0-1ubuntu1~22.04_amd64.deb ...
Unpacking libubsan1:amd64 (12.3.0-1ubuntu1~22.04) ...
Selecting previously unselected package libquadmath0:amd64.
Preparing to unpack .../49-libquadmath0_12.3.0-1ubuntu1~22.04_amd64.deb ...
Unpacking libquadmath0:amd64 (12.3.0-1ubuntu1~22.04) ...
Selecting previously unselected package libgcc-11-dev:amd64.
Preparing to unpack .../50-libgcc-11-dev_11.4.0-1ubuntu1~22.04_amd64.deb ...
Unpacking libgcc-11-dev:amd64 (11.4.0-1ubuntu1~22.04) ...
Selecting previously unselected package gcc-11.
Preparing to unpack .../51-gcc-11_11.4.0-1ubuntu1~22.04_amd64.deb ...
Unpacking gcc-11 (11.4.0-1ubuntu1~22.04) ...
Selecting previously unselected package gcc.
Preparing to unpack .../52-gcc_4%3a11.2.0-1ubuntu1_amd64.deb ...
Unpacking gcc (4:11.2.0-1ubuntu1) ...
Selecting previously unselected package libstdc++-11-dev:amd64.
Preparing to unpack .../53-libstdc++-11-dev_11.4.0-1ubuntu1~22.04_amd64.deb ...
Unpacking libstdc++-11-dev:amd64 (11.4.0-1ubuntu1~22.04) ...
Selecting previously unselected package g++-11.
Preparing to unpack .../54-g++-11_11.4.0-1ubuntu1~22.04_amd64.deb ...
Unpacking g++-11 (11.4.0-1ubuntu1~22.04) ...
Selecting previously unselected package g++.
Preparing to unpack .../55-g++_4%3a11.2.0-1ubuntu1_amd64.deb ...
Unpacking g++ (4:11.2.0-1ubuntu1) ...
Selecting previously unselected package make.
Preparing to unpack .../56-make_4.3-4.1build1_amd64.deb ...
Unpacking make (4.3-4.1build1) ...
Selecting previously unselected package libdpkg-perl.
Preparing to unpack .../57-libdpkg-perl_1.21.1ubuntu2.3_all.deb ...
Unpacking libdpkg-perl (1.21.1ubuntu2.3) ...
Selecting previously unselected package bzip2.
Preparing to unpack .../58-bzip2_1.0.8-5build1_amd64.deb ...
Unpacking bzip2 (1.0.8-5build1) ...
Selecting previously unselected package patch.
Preparing to unpack .../59-patch_2.7.6-7build2_amd64.deb ...
Unpacking patch (2.7.6-7build2) ...
Selecting previously unselected package lto-disabled-list.
Preparing to unpack .../60-lto-disabled-list_24_all.deb ...
Unpacking lto-disabled-list (24) ...
Selecting previously unselected package dpkg-dev.
Preparing to unpack .../61-dpkg-dev_1.21.1ubuntu2.3_all.deb ...
Unpacking dpkg-dev (1.21.1ubuntu2.3) ...
Selecting previously unselected package build-essential.
Preparing to unpack .../62-build-essential_12.9ubuntu3_amd64.deb ...
Unpacking build-essential (12.9ubuntu3) ...
Selecting previously unselected package libassuan0:amd64.
Preparing to unpack .../63-libassuan0_2.5.5-1build1_amd64.deb ...
Unpacking libassuan0:amd64 (2.5.5-1build1) ...
Selecting previously unselected package gpgconf.
Preparing to unpack .../64-gpgconf_2.2.27-3ubuntu2.3_amd64.deb ...
Unpacking gpgconf (2.2.27-3ubuntu2.3) ...
Selecting previously unselected package libksba8:amd64.
Preparing to unpack .../65-libksba8_1.6.0-2ubuntu0.2_amd64.deb ...
Unpacking libksba8:amd64 (1.6.0-2ubuntu0.2) ...
Selecting previously unselected package libnpth0:amd64.
Preparing to unpack .../66-libnpth0_1.6-3build2_amd64.deb ...
Unpacking libnpth0:amd64 (1.6-3build2) ...
Selecting previously unselected package dirmngr.
Preparing to unpack .../67-dirmngr_2.2.27-3ubuntu2.3_amd64.deb ...
Unpacking dirmngr (2.2.27-3ubuntu2.3) ...
Selecting previously unselected package libfakeroot:amd64.
Preparing to unpack .../68-libfakeroot_1.28-1ubuntu1_amd64.deb ...
Unpacking libfakeroot:amd64 (1.28-1ubuntu1) ...
Selecting previously unselected package fakeroot.
Preparing to unpack .../69-fakeroot_1.28-1ubuntu1_amd64.deb ...
Unpacking fakeroot (1.28-1ubuntu1) ...
Selecting previously unselected package fonts-dejavu-core.
Preparing to unpack .../70-fonts-dejavu-core_2.37-2build1_all.deb ...
Unpacking fonts-dejavu-core (2.37-2build1) ...
Selecting previously unselected package fontconfig-config.
Preparing to unpack .../71-fontconfig-config_2.13.1-4.2ubuntu5_all.deb ...
Unpacking fontconfig-config (2.13.1-4.2ubuntu5) ...
Selecting previously unselected package gnupg-l10n.
Preparing to unpack .../72-gnupg-l10n_2.2.27-3ubuntu2.3_all.deb ...
Unpacking gnupg-l10n (2.2.27-3ubuntu2.3) ...
Selecting previously unselected package gnupg-utils.
Preparing to unpack .../73-gnupg-utils_2.2.27-3ubuntu2.3_amd64.deb ...
Unpacking gnupg-utils (2.2.27-3ubuntu2.3) ...
Selecting previously unselected package gpg.
Preparing to unpack .../74-gpg_2.2.27-3ubuntu2.3_amd64.deb ...
Unpacking gpg (2.2.27-3ubuntu2.3) ...
Selecting previously unselected package pinentry-curses.
Preparing to unpack .../75-pinentry-curses_1.1.1-1build2_amd64.deb ...
Unpacking pinentry-curses (1.1.1-1build2) ...
Selecting previously unselected package gpg-agent.
Preparing to unpack .../76-gpg-agent_2.2.27-3ubuntu2.3_amd64.deb ...
Unpacking gpg-agent (2.2.27-3ubuntu2.3) ...
Selecting previously unselected package gpg-wks-client.
Preparing to unpack .../77-gpg-wks-client_2.2.27-3ubuntu2.3_amd64.deb ...
Unpacking gpg-wks-client (2.2.27-3ubuntu2.3) ...
Selecting previously unselected package gpg-wks-server.
Preparing to unpack .../78-gpg-wks-server_2.2.27-3ubuntu2.3_amd64.deb ...
Unpacking gpg-wks-server (2.2.27-3ubuntu2.3) ...
Selecting previously unselected package gpgsm.
Preparing to unpack .../79-gpgsm_2.2.27-3ubuntu2.3_amd64.deb ...
Unpacking gpgsm (2.2.27-3ubuntu2.3) ...
Selecting previously unselected package gnupg.
Preparing to unpack .../80-gnupg_2.2.27-3ubuntu2.3_all.deb ...
Unpacking gnupg (2.2.27-3ubuntu2.3) ...
Selecting previously unselected package libalgorithm-diff-perl.
Preparing to unpack .../81-libalgorithm-diff-perl_1.201-1_all.deb ...
Unpacking libalgorithm-diff-perl (1.201-1) ...
Selecting previously unselected package libalgorithm-diff-xs-perl.
Preparing to unpack .../82-libalgorithm-diff-xs-perl_0.04-6build3_amd64.deb ...
Unpacking libalgorithm-diff-xs-perl (0.04-6build3) ...
Selecting previously unselected package libalgorithm-merge-perl.
Preparing to unpack .../83-libalgorithm-merge-perl_0.08-3_all.deb ...
Unpacking libalgorithm-merge-perl (0.08-3) ...
Selecting previously unselected package libfreetype6:amd64.
Preparing to unpack .../84-libfreetype6_2.11.1+dfsg-1ubuntu0.3_amd64.deb ...
Unpacking libfreetype6:amd64 (2.11.1+dfsg-1ubuntu0.3) ...
Selecting previously unselected package libfontconfig1:amd64.
Preparing to unpack .../85-libfontconfig1_2.13.1-4.2ubuntu5_amd64.deb ...
Unpacking libfontconfig1:amd64 (2.13.1-4.2ubuntu5) ...
Selecting previously unselected package libjpeg-turbo8:amd64.
Preparing to unpack .../86-libjpeg-turbo8_2.1.2-0ubuntu1_amd64.deb ...
Unpacking libjpeg-turbo8:amd64 (2.1.2-0ubuntu1) ...
Selecting previously unselected package libjpeg8:amd64.
Preparing to unpack .../87-libjpeg8_8c-2ubuntu10_amd64.deb ...
Unpacking libjpeg8:amd64 (8c-2ubuntu10) ...
Selecting previously unselected package libdeflate0:amd64.
Preparing to unpack .../88-libdeflate0_1.10-2_amd64.deb ...
Unpacking libdeflate0:amd64 (1.10-2) ...
Selecting previously unselected package libjbig0:amd64.
Preparing to unpack .../89-libjbig0_2.1-3.1ubuntu0.22.04.1_amd64.deb ...
Unpacking libjbig0:amd64 (2.1-3.1ubuntu0.22.04.1) ...
Selecting previously unselected package libwebp7:amd64.
Preparing to unpack .../90-libwebp7_1.2.2-2ubuntu0.22.04.2_amd64.deb ...
Unpacking libwebp7:amd64 (1.2.2-2ubuntu0.22.04.2) ...
Selecting previously unselected package libtiff5:amd64.
Preparing to unpack .../91-libtiff5_4.3.0-6ubuntu0.10_amd64.deb ...
Unpacking libtiff5:amd64 (4.3.0-6ubuntu0.10) ...
Selecting previously unselected package libxpm4:amd64.
Preparing to unpack .../92-libxpm4_1%3a3.5.12-1ubuntu0.22.04.2_amd64.deb ...
Unpacking libxpm4:amd64 (1:3.5.12-1ubuntu0.22.04.2) ...
Selecting previously unselected package libgd3:amd64.
Preparing to unpack .../93-libgd3_2.3.0-2ubuntu2.3_amd64.deb ...
Unpacking libgd3:amd64 (2.3.0-2ubuntu2.3) ...
Selecting previously unselected package libc-devtools.
Preparing to unpack .../94-libc-devtools_2.35-0ubuntu3.9_amd64.deb ...
Unpacking libc-devtools (2.35-0ubuntu3.9) ...
Selecting previously unselected package libfile-fcntllock-perl.
Preparing to unpack .../95-libfile-fcntllock-perl_0.22-3build7_amd64.deb ...
Unpacking libfile-fcntllock-perl (0.22-3build7) ...
Selecting previously unselected package manpages-dev.
Preparing to unpack .../96-manpages-dev_5.10-1ubuntu1_all.deb ...
Unpacking manpages-dev (5.10-1ubuntu1) ...
Setting up libksba8:amd64 (1.6.0-2ubuntu0.2) ...
Setting up libexpat1:amd64 (2.4.7-1ubuntu0.6) ...
Setting up gcc-11-base:amd64 (11.4.0-1ubuntu1~22.04) ...
Setting up libxau6:amd64 (1:1.0.9-1build5) ...
Setting up lto-disabled-list (24) ...
Setting up manpages (5.10-1ubuntu1) ...
Setting up libsqlite3-0:amd64 (3.37.2-2ubuntu0.3) ...
Setting up binutils-common:amd64 (2.38-4ubuntu2.8) ...
Setting up libdeflate0:amd64 (1.10-2) ...
Setting up linux-libc-dev:amd64 (5.15.0-136.147) ...
Setting up libctf-nobfd0:amd64 (2.38-4ubuntu2.8) ...
Setting up libnpth0:amd64 (1.6-3build2) ...
Setting up libassuan0:amd64 (2.5.5-1build1) ...
Setting up libgomp1:amd64 (12.3.0-1ubuntu1~22.04) ...
Setting up perl-modules-5.34 (5.34.0-3ubuntu1.4) ...
Setting up bzip2 (1.0.8-5build1) ...
Setting up libjbig0:amd64 (2.1-3.1ubuntu0.22.04.1) ...
Setting up libfakeroot:amd64 (1.28-1ubuntu1) ...
Setting up libasan6:amd64 (11.4.0-1ubuntu1~22.04) ...
Setting up fakeroot (1.28-1ubuntu1) ...
update-alternatives: using /usr/bin/fakeroot-sysv to provide /usr/bin/fakeroot (fakeroot) in auto mode
update-alternatives: warning: skip creation of /usr/share/man/man1/fakeroot.1.gz because associated file /usr/share/man/man1/fakeroot-sysv.1.gz (of link group fakeroot) doesn't exist
update-alternatives: warning: skip creation of /usr/share/man/man1/faked.1.gz because associated file /usr/share/man/man1/faked-sysv.1.gz (of link group fakeroot) doesn't exist
update-alternatives: warning: skip creation of /usr/share/man/es/man1/fakeroot.1.gz because associated file /usr/share/man/es/man1/fakeroot-sysv.1.gz (of link group fakeroot) doesn't exist
update-alternatives: warning: skip creation of /usr/share/man/es/man1/faked.1.gz because associated file /usr/share/man/es/man1/faked-sysv.1.gz (of link group fakeroot) doesn't exist
update-alternatives: warning: skip creation of /usr/share/man/fr/man1/fakeroot.1.gz because associated file /usr/share/man/fr/man1/fakeroot-sysv.1.gz (of link group fakeroot) doesn't exist
update-alternatives: warning: skip creation of /usr/share/man/fr/man1/faked.1.gz because associated file /usr/share/man/fr/man1/faked-sysv.1.gz (of link group fakeroot) doesn't exist
update-alternatives: warning: skip creation of /usr/share/man/sv/man1/fakeroot.1.gz because associated file /usr/share/man/sv/man1/fakeroot-sysv.1.gz (of link group fakeroot) doesn't exist
update-alternatives: warning: skip creation of /usr/share/man/sv/man1/faked.1.gz because associated file /usr/share/man/sv/man1/faked-sysv.1.gz (of link group fakeroot) doesn't exist
Setting up libtirpc-dev:amd64 (1.3.2-2ubuntu0.1) ...
Setting up rpcsvc-proto (1.4.2-0ubuntu6) ...
Setting up libx11-data (2:1.7.5-1ubuntu0.3) ...
Setting up make (4.3-4.1build1) ...
Setting up libmpfr6:amd64 (4.1.0-3build3) ...
Setting up gnupg-l10n (2.2.27-3ubuntu2.3) ...
Setting up xz-utils (5.2.5-2ubuntu1) ...
update-alternatives: using /usr/bin/xz to provide /usr/bin/lzma (lzma) in auto mode
update-alternatives: warning: skip creation of /usr/share/man/man1/lzma.1.gz because associated file /usr/share/man/man1/xz.1.gz (of link group lzma) doesn't exist
update-alternatives: warning: skip creation of /usr/share/man/man1/unlzma.1.gz because associated file /usr/share/man/man1/unxz.1.gz (of link group lzma) doesn't exist
update-alternatives: warning: skip creation of /usr/share/man/man1/lzcat.1.gz because associated file /usr/share/man/man1/xzcat.1.gz (of link group lzma) doesn't exist
update-alternatives: warning: skip creation of /usr/share/man/man1/lzmore.1.gz because associated file /usr/share/man/man1/xzmore.1.gz (of link group lzma) doesn't exist
update-alternatives: warning: skip creation of /usr/share/man/man1/lzless.1.gz because associated file /usr/share/man/man1/xzless.1.gz (of link group lzma) doesn't exist
update-alternatives: warning: skip creation of /usr/share/man/man1/lzdiff.1.gz because associated file /usr/share/man/man1/xzdiff.1.gz (of link group lzma) doesn't exist
update-alternatives: warning: skip creation of /usr/share/man/man1/lzcmp.1.gz because associated file /usr/share/man/man1/xzcmp.1.gz (of link group lzma) doesn't exist
update-alternatives: warning: skip creation of /usr/share/man/man1/lzgrep.1.gz because associated file /usr/share/man/man1/xzgrep.1.gz (of link group lzma) doesn't exist
update-alternatives: warning: skip creation of /usr/share/man/man1/lzegrep.1.gz because associated file /usr/share/man/man1/xzegrep.1.gz (of link group lzma) doesn't exist
update-alternatives: warning: skip creation of /usr/share/man/man1/lzfgrep.1.gz because associated file /usr/share/man/man1/xzfgrep.1.gz (of link group lzma) doesn't exist
Setting up libquadmath0:amd64 (12.3.0-1ubuntu1~22.04) ...
Setting up libpng16-16:amd64 (1.6.37-3build5) ...
Setting up libmpc3:amd64 (1.2.1-2build1) ...
Setting up libatomic1:amd64 (12.3.0-1ubuntu1~22.04) ...
Setting up patch (2.7.6-7build2) ...
Setting up fonts-dejavu-core (2.37-2build1) ...
Setting up ucf (3.0043) ...
debconf: unable to initialize frontend: Dialog
debconf: (TERM is not set, so the dialog frontend is not usable.)
debconf: falling back to frontend: Readline
Setting up libjpeg-turbo8:amd64 (2.1.2-0ubuntu1) ...
Setting up libwebp7:amd64 (1.2.2-2ubuntu0.22.04.2) ...
Setting up libubsan1:amd64 (12.3.0-1ubuntu1~22.04) ...
Setting up libmd0:amd64 (1.0.4-1build1) ...
Setting up libnsl-dev:amd64 (1.3.0-2build2) ...
Setting up libcrypt-dev:amd64 (1:4.4.27-1) ...
Setting up netbase (6.3) ...
Setting up libbinutils:amd64 (2.38-4ubuntu2.8) ...
Setting up libisl23:amd64 (0.24-2build1) ...
Setting up libc-dev-bin (2.35-0ubuntu3.9) ...
Setting up libbsd0:amd64 (0.11.5-1) ...
Setting up readline-common (8.1.2-1) ...
Setting up libcc1-0:amd64 (12.3.0-1ubuntu1~22.04) ...
Setting up liblocale-gettext-perl (1.07-4build3) ...
Setting up liblsan0:amd64 (12.3.0-1ubuntu1~22.04) ...
Setting up libitm1:amd64 (12.3.0-1ubuntu1~22.04) ...
Setting up libgdbm6:amd64 (1.23-1) ...
Setting up libtsan0:amd64 (11.4.0-1ubuntu1~22.04) ...
Setting up libctf0:amd64 (2.38-4ubuntu2.8) ...
Setting up libjpeg8:amd64 (8c-2ubuntu10) ...
Setting up pinentry-curses (1.1.1-1build2) ...
Setting up cpp-11 (11.4.0-1ubuntu1~22.04) ...
Setting up manpages-dev (5.10-1ubuntu1) ...
Setting up libxdmcp6:amd64 (1:1.1.3-0ubuntu5) ...
Setting up libxcb1:amd64 (1.14-3ubuntu3) ...
Setting up fontconfig-config (2.13.1-4.2ubuntu5) ...
Setting up libreadline8:amd64 (8.1.2-1) ...
Setting up libfreetype6:amd64 (2.11.1+dfsg-1ubuntu0.3) ...
Setting up libgdbm-compat4:amd64 (1.23-1) ...
Setting up libgcc-11-dev:amd64 (11.4.0-1ubuntu1~22.04) ...
Setting up cpp (4:11.2.0-1ubuntu1) ...
Setting up gpgconf (2.2.27-3ubuntu2.3) ...
Setting up libc6-dev:amd64 (2.35-0ubuntu3.9) ...
Setting up libx11-6:amd64 (2:1.7.5-1ubuntu0.3) ...
Setting up libtiff5:amd64 (4.3.0-6ubuntu0.10) ...
Setting up libfontconfig1:amd64 (2.13.1-4.2ubuntu5) ...
Setting up gpg (2.2.27-3ubuntu2.3) ...
Setting up gnupg-utils (2.2.27-3ubuntu2.3) ...
Setting up binutils-x86-64-linux-gnu (2.38-4ubuntu2.8) ...
Setting up libperl5.34:amd64 (5.34.0-3ubuntu1.4) ...
Setting up gpg-agent (2.2.27-3ubuntu2.3) ...
Setting up libxpm4:amd64 (1:3.5.12-1ubuntu0.22.04.2) ...
Setting up gpgsm (2.2.27-3ubuntu2.3) ...
Setting up binutils (2.38-4ubuntu2.8) ...
Setting up dirmngr (2.2.27-3ubuntu2.3) ...
Setting up perl (5.34.0-3ubuntu1.4) ...
Setting up libgd3:amd64 (2.3.0-2ubuntu2.3) ...
Setting up libdpkg-perl (1.21.1ubuntu2.3) ...
Setting up libstdc++-11-dev:amd64 (11.4.0-1ubuntu1~22.04) ...
Setting up gpg-wks-server (2.2.27-3ubuntu2.3) ...
Setting up gcc-11 (11.4.0-1ubuntu1~22.04) ...
Setting up libc-devtools (2.35-0ubuntu3.9) ...
Setting up gpg-wks-client (2.2.27-3ubuntu2.3) ...
Setting up g++-11 (11.4.0-1ubuntu1~22.04) ...
Setting up libfile-fcntllock-perl (0.22-3build7) ...
Setting up libalgorithm-diff-perl (1.201-1) ...
Setting up gcc (4:11.2.0-1ubuntu1) ...
Setting up dpkg-dev (1.21.1ubuntu2.3) ...
Setting up g++ (4:11.2.0-1ubuntu1) ...
update-alternatives: using /usr/bin/g++ to provide /usr/bin/c++ (c++) in auto mode
update-alternatives: warning: skip creation of /usr/share/man/man1/c++.1.gz because associated file /usr/share/man/man1/g++.1.gz (of link group c++) doesn't exist
Setting up gnupg (2.2.27-3ubuntu2.3) ...
Setting up build-essential (12.9ubuntu3) ...
Setting up libalgorithm-diff-xs-perl (0.04-6build3) ...
Setting up libalgorithm-merge-perl (0.08-3) ...
Processing triggers for libc-bin (2.35-0ubuntu3.9) ...
dtolnay/rust-toolchain@1.85


CARGO_TERM_COLOR: always
RUST_BACKTRACE: 1
RUSTFLAGS: -D warnings
##[endgroup]
##[group]Run : parse toolchain version
[36;1m: parse toolchain version[0m
[36;1mif [[ $toolchain =~ ^stable' '[0-9]+' '(year|month|week|day)s?' 'ago$ ]]; then[0m
[36;1m  if [[ Linux == macOS ]]; then[0m
[36;1m    echo "toolchain=1.$((($(date -v-$(sed 's/stable \([0-9]*\) \(.\).*/\1\2/' <<< $toolchain) +%s)/60/60/24-16569)/7/6))" >> $GITHUB_OUTPUT[0m
[36;1m  else[0m
[36;1m    echo "toolchain=1.$((($(date --date "${toolchain#stable }" +%s)/60/60/24-16569)/7/6))" >> $GITHUB_OUTPUT[0m
[36;1m  fi[0m
[36;1melif [[ $toolchain =~ ^stable' 'minus' '[0-9]+' 'releases?$ ]]; then[0m
[36;1m  echo "toolchain=1.$((($(date +%s)/60/60/24-16569)/7/6-${toolchain//[^0-9]/}))" >> $GITHUB_OUTPUT[0m
[36;1melif [[ $toolchain =~ ^1\.[0-9]+$ ]]; then[0m
[36;1m  echo "toolchain=1.$((i=${toolchain#1.}, c=($(date +%s)/60/60/24-16569)/7/6, i+9*i*(10*i<=c)+90*i*(100*i<=c)))" >> $GITHUB_OUTPUT[0m
36
[36;1m  echo "toolchain=$toolchain" >> $GITHUB_OUTPUT[0m
36
shell: bash --noprofile --norc -e -o pipefail {0}

CARGO_TERM_COLOR: always
RUST_BACKTRACE: 1
RUSTFLAGS: -D warnings
toolchain: 1.85.1
##[endgroup]
##[group]Run : construct rustup command line
[36;1m: construct rustup command line[0m
[36;1mecho "targets=$(for t in ${targets//,/ }; do echo -n ' --target' $t; done)" >> $GITHUB_OUTPUT[0m
[36;1mecho "components=$(for c in ${components//,/ }; do echo -n ' --component' $c; done)" >> $GITHUB_OUTPUT[0m
[36;1mecho "downgrade=" >> $GITHUB_OUTPUT[0m
shell: bash --noprofile --norc -e -o pipefail {0}

CARGO_TERM_COLOR: always
RUST_BACKTRACE: 1
RUSTFLAGS: -D warnings
targets:
components:
##[endgroup]
##[group]Run : set $CARGO_HOME
[36;1m: set $CARGO_HOME[0m
[36;1mecho CARGO_HOME=${CARGO_HOME:-$HOME/.cargo} >> $GITHUB_ENV[0m
shell: bash --noprofile --norc -e -o pipefail {0}

CARGO_TERM_COLOR: always
RUST_BACKTRACE: 1
RUSTFLAGS: -D warnings
##[endgroup]
##[group]Run : install rustup if needed
[36;1m: install rustup if needed[0m
[36;1mif ! command -v rustup &>/dev/null; then[0m
[36;1m  curl --proto '=https' --tlsv1.2 --retry 10 --retry-connrefused --location --silent --show-error --fail "https://sh.rustup.rs" | sh -s -- --default-toolchain none -y[0m
[36;1m  echo "$CARGO_HOME/bin" >> $GITHUB_PATH[0m
36
shell: bash --noprofile --norc -e -o pipefail {0}

CARGO_TERM_COLOR: always
RUST_BACKTRACE: 1
RUSTFLAGS: -D warnings
CARGO_HOME: /github/home/.cargo
##[endgroup]
info: downloading installer
error: $HOME differs from euid-obtained home directory: you may be using sudo
error: $HOME directory: /github/home
error: euid-obtained home directory: /root
info: profile set to 'default'
info: default host triple is x86_64-unknown-linux-gnu
info: skipping toolchain installation
2025-04-14T23:18:40.8235600Z
2025-04-14T23:18:40.8235605Z
Rust is installed now. Great!
2025-04-14T23:18:40.8235876Z
To get started you may need to restart your current shell.
This would reload your PATH environment variable to include
Cargo's bin directory ($HOME/.cargo/bin).
2025-04-14T23:18:40.8236883Z
To configure your current shell, you need to source
the corresponding env file under $HOME/.cargo.
2025-04-14T23:18:40.8237491Z
This is usually done by running one of the following (note the leading DOT):
. "$HOME/.cargo/env"            # For sh/bash/zsh/ash/dash/pdksh
source "$HOME/.cargo/env.fish"  # For fish
source "$HOME/.cargo/env.nu"    # For nushell
##[group]Run rustup toolchain install 1.85.1 --profile minimal --no-self-update
[36;1mrustup toolchain install 1.85.1 --profile minimal --no-self-update[0m
shell: bash --noprofile --norc -e -o pipefail {0}

CARGO_TERM_COLOR: always
RUST_BACKTRACE: 1
RUSTFLAGS: -D warnings
CARGO_HOME: /github/home/.cargo
##[endgroup]
info: syncing channel updates for '1.85.1-x86_64-unknown-linux-gnu'
info: latest update on 2025-03-18, rust version 1.85.1 (4eb161250 2025-03-15)
info: downloading component 'cargo'
info: downloading component 'rust-std'
info: downloading component 'rustc'
info: installing component 'cargo'
info: installing component 'rust-std'
info: installing component 'rustc'
2025-04-14T23:18:48.3844295Z
1.85.1-x86_64-unknown-linux-gnu installed - rustc 1.85.1 (4eb161250 2025-03-15)
2025-04-14T23:18:48.3946411Z
info: default toolchain set to '1.85.1-x86_64-unknown-linux-gnu'
##[group]Run rustup default 1.85.1
[36;1mrustup default 1.85.1[0m
shell: bash --noprofile --norc -e -o pipefail {0}

CARGO_TERM_COLOR: always
RUST_BACKTRACE: 1
RUSTFLAGS: -D warnings
CARGO_HOME: /github/home/.cargo
##[endgroup]
info: using existing install for '1.85.1-x86_64-unknown-linux-gnu'
info: default toolchain set to '1.85.1-x86_64-unknown-linux-gnu'
2025-04-14T23:18:48.4997016Z
1.85.1-x86_64-unknown-linux-gnu unchanged - rustc 1.85.1 (4eb161250 2025-03-15)
2025-04-14T23:18:48.5089938Z
info: syncing channel updates for '1.85.1-x86_64-unknown-linux-gnu'
info: latest update on 2025-03-18, rust version 1.85.1 (4eb161250 2025-03-15)
info: downloading component 'clippy'
info: installing component 'clippy'
info: note that the toolchain '1.85.1-x86_64-unknown-linux-gnu' is currently in use (overridden by '/__w/meilisearch/meilisearch/rust-toolchain.toml')
##[group]Run : create cachekey
[36;1m: create cachekey[0m
[36;1mDATE=$(rustc +1.85.1 --version --verbose | sed -ne 's/^commit-date: \(20[0-9][0-9]\)-\([01][0-9]\)-\([0-3][0-9]\)$/\1\2\3/p')[0m
[36;1mHASH=$(rustc +1.85.1 --version --verbose | sed -ne 's/^commit-hash: //p')[0m
[36;1mecho "cachekey=$(echo $DATE$HASH | head -c12)" >> $GITHUB_OUTPUT[0m
shell: bash --noprofile --norc -e -o pipefail {0}

CARGO_TERM_COLOR: always
RUST_BACKTRACE: 1
RUSTFLAGS: -D warnings
CARGO_HOME: /github/home/.cargo
##[endgroup]
##[group]Run : disable incremental compilation
[36;1m: disable incremental compilation[0m
[36;1mif [ -z "${CARGO_INCREMENTAL+set}" ]; then[0m
[36;1m  echo CARGO_INCREMENTAL=0 >> $GITHUB_ENV[0m
36
shell: bash --noprofile --norc -e -o pipefail {0}

CARGO_TERM_COLOR: always
RUST_BACKTRACE: 1
RUSTFLAGS: -D warnings
CARGO_HOME: /github/home/.cargo
##[endgroup]
##[group]Run : enable colors in Cargo output
[36;1m: enable colors in Cargo output[0m
[36;1mif [ -z "${CARGO_TERM_COLOR+set}" ]; then[0m
[36;1m  echo CARGO_TERM_COLOR=always >> $GITHUB_ENV[0m
36
shell: bash --noprofile --norc -e -o pipefail {0}

CARGO_TERM_COLOR: always
RUST_BACKTRACE: 1
RUSTFLAGS: -D warnings
CARGO_HOME: /github/home/.cargo
CARGO_INCREMENTAL: 0
##[endgroup]
##[group]Run : enable Cargo sparse registry
[36;1m: enable Cargo sparse registry[0m
[36;1m# implemented in 1.66, stabilized in 1.68, made default in 1.70[0m
[36;1mif [ -z "${CARGO_REGISTRIES_CRATES_IO_PROTOCOL+set}" -o -f "/home/runner/work/_temp"/.implicit_cargo_registries_crates_io_protocol ]; then[0m
[36;1m  if rustc +1.85.1 --version --verbose | grep -q '^release: 1\.6[89]\.'; then[0m
[36;1m    touch "/home/runner/work/_temp"/.implicit_cargo_registries_crates_io_protocol || true[0m
[36;1m    echo CARGO_REGISTRIES_CRATES_IO_PROTOCOL=sparse >> $GITHUB_ENV[0m
[36;1m  elif rustc +1.85.1 --version --verbose | grep -q '^release: 1\.6[67]\.'; then[0m
[36;1m    touch "/home/runner/work/_temp"/.implicit_cargo_registries_crates_io_protocol || true[0m
[36;1m    echo CARGO_REGISTRIES_CRATES_IO_PROTOCOL=git >> $GITHUB_ENV[0m
[36;1m  fi[0m
36
shell: bash --noprofile --norc -e -o pipefail {0}

CARGO_TERM_COLOR: always
RUST_BACKTRACE: 1
RUSTFLAGS: -D warnings
CARGO_HOME: /github/home/.cargo
CARGO_INCREMENTAL: 0
##[endgroup]
##[group]Run : work around spurious network errors in curl 8.0
[36;1m: work around spurious network errors in curl 8.0[0m
[36;1m# https://rust-lang.zulipchat.com/#narrow/stream/246057-t-cargo/topic/timeout.20investigation[0m
[36;1mif rustc +1.85.1 --version --verbose | grep -q '^release: 1\.7[01]\.'; then[0m
[36;1m  echo CARGO_HTTP_MULTIPLEXING=false >> $GITHUB_ENV[0m
36
shell: bash --noprofile --norc -e -o pipefail {0}

CARGO_TERM_COLOR: always
RUST_BACKTRACE: 1
RUSTFLAGS: -D warnings
CARGO_HOME: /github/home/.cargo
CARGO_INCREMENTAL: 0
##[endgroup]
##[group]Run rustc +1.85.1 --version --verbose
[36;1mrustc +1.85.1 --version --verbose[0m
shell: bash --noprofile --norc -e -o pipefail {0}

CARGO_TERM_COLOR: always
RUST_BACKTRACE: 1
RUSTFLAGS: -D warnings
CARGO_HOME: /github/home/.cargo
CARGO_INCREMENTAL: 0
##[endgroup]
rustc 1.85.1 (4eb161250 2025-03-15)
binary: rustc
commit-hash: 4eb161250e340c8f48f66e2b929ef4a5bed7c181
commit-date: 2025-03-15
host: x86_64-unknown-linux-gnu
release: 1.85.1
LLVM version: 19.1.7
Swatinem/rust-cache@v2.7.8

prefix-key: v0-rust
cache-targets:
cache-all-crates:
save-if:
cache-provider: github
cache-bin:


CARGO_TERM_COLOR: always
RUST_BACKTRACE: 1
RUSTFLAGS: -D warnings
CARGO_HOME: /github/home/.cargo
CARGO_INCREMENTAL: 0
##[endgroup]
##[command]/usr/bin/docker exec  7b366bf24383b60ce6c6cb2cd41c265f903ae3c865e1b687622540a47ce9ca95 sh -c "cat /etc/*release | grep ^ID"
##[group]Cache Configuration
Cache Provider:
github
Workspaces:
/__w/meilisearch/meilisearch
Cache Paths:
/github/home/.cargo/bin
/github/home/.cargo/.crates.toml
/github/home/.cargo/.crates2.json
/github/home/.cargo/registry
/github/home/.cargo/git
/__w/meilisearch/meilisearch/target
Restore Key:
v0-rust-test-debug-Linux-x64-a418715a
Cache Key:
v0-rust-test-debug-Linux-x64-a418715a-5254e68e
.. Prefix:
- v0-rust-test-debug-Linux-x64
.. Environment considered:
- Rust Version: 1.85.1 x86_64-unknown-linux-gnu (4eb161250e340c8f48f66e2b929ef4a5bed7c181)
- CARGO_HOME
- CARGO_INCREMENTAL
- CARGO_TERM_COLOR
- RUST_BACKTRACE
- RUSTFLAGS
.. Lockfiles considered:
- /__w/meilisearch/meilisearch/.cargo/config.toml
- /__w/meilisearch/meilisearch/Cargo.lock
- /__w/meilisearch/meilisearch/crates/benchmarks/Cargo.toml
- /__w/meilisearch/meilisearch/crates/build-info/Cargo.toml
- /__w/meilisearch/meilisearch/crates/dump/Cargo.toml
- /__w/meilisearch/meilisearch/crates/file-store/Cargo.toml
- /__w/meilisearch/meilisearch/crates/filter-parser/Cargo.toml
- /__w/meilisearch/meilisearch/crates/flatten-serde-json/Cargo.toml
- /__w/meilisearch/meilisearch/crates/fuzzers/Cargo.toml
- /__w/meilisearch/meilisearch/crates/index-scheduler/Cargo.toml
- /__w/meilisearch/meilisearch/crates/json-depth-checker/Cargo.toml
- /__w/meilisearch/meilisearch/crates/meili-snap/Cargo.toml
- /__w/meilisearch/meilisearch/crates/meilisearch-auth/Cargo.toml
- /__w/meilisearch/meilisearch/crates/meilisearch-types/Cargo.toml
- /__w/meilisearch/meilisearch/crates/meilisearch/Cargo.toml
- /__w/meilisearch/meilisearch/crates/meilitool/Cargo.toml
- /__w/meilisearch/meilisearch/crates/milli/Cargo.toml
- /__w/meilisearch/meilisearch/crates/permissive-json-pointer/Cargo.toml
- /__w/meilisearch/meilisearch/crates/tracing-trace/Cargo.toml
- /__w/meilisearch/meilisearch/crates/xtask/Cargo.toml
- /__w/meilisearch/meilisearch/rust-toolchain.toml
##[endgroup]
2025-04-14T23:18:50.0909521Z
... Restoring cache ...
##[warning]Cache not found for keys: v0-rust-test-debug-Linux-x64-a418715a-5254e68e, v0-rust-test-debug-Linux-x64-a418715a
No cache found.
actions-rs/cargo@v1

command: test
args: --locked --all
use-cross:

CARGO_TERM_COLOR: always
RUST_BACKTRACE: 1
RUSTFLAGS: -D warnings
CARGO_HOME: /github/home/.cargo
CARGO_INCREMENTAL: 0
CACHE_ON_FAILURE: false
##[endgroup]
##[command]/usr/bin/docker exec  7b366bf24383b60ce6c6cb2cd41c265f903ae3c865e1b687622540a47ce9ca95 sh -c "cat /etc/*release | grep ^ID"
[command]/github/home/.cargo/bin/cargo test --locked --all
[1m[32m    Updating[0m crates.io index
[1m[32m    Updating[0m git repository `https://github.com/meilisearch/bbqueue`
[1m[32m    Updating[0m git repository `https://github.com/dureuill/hf-hub.git`
[1m[32m    Updating[0m git repository `https://github.com/rhaiscript/rhai`
[1m[32m    Updating[0m git repository `https://github.com/huggingface/tokenizers.git`
[1m[32m Downloading[0m crates ...
[1m[32m  Downloaded[0m actix-service v2.0.2
[1m[32m  Downloaded[0m alloc-stdlib v0.2.2
[1m[32m  Downloaded[0m anymap2 v0.13.0
[1m[32m  Downloaded[0m actix-cors v0.7.0
[1m[32m  Downloaded[0m httpdate v1.0.2
[1m[32m  Downloaded[0m bytecheck_derive v0.6.12
[1m[32m  Downloaded[0m icu_provider_macros v1.5.0
[1m[32m  Downloaded[0m concat-arrays v0.1.2
[1m[32m  Downloaded[0m local-waker v0.1.3
[1m[32m  Downloaded[0m lindera-unidic-builder v0.32.3
[1m[32m  Downloaded[0m md5 v0.7.0
[1m[32m  Downloaded[0m maplit v1.0.2
[1m[32m  Downloaded[0m serde-cs v0.2.4
[1m[32m  Downloaded[0m doc-comment v0.3.3
[1m[32m  Downloaded[0m path-slash v0.1.5
[1m[32m  Downloaded[0m write16 v1.0.0
[1m[32m  Downloaded[0m ptr_meta v0.1.4
[1m[32m  Downloaded[0m reborrow v0.5.5
[1m[32m  Downloaded[0m time-core v0.1.2
[1m[32m  Downloaded[0m time-macros v0.2.19
[1m[32m  Downloaded[0m encoding-index-singlebyte v1.20141219.5
[1m[32m  Downloaded[0m gemm-f64 v0.17.1
[1m[32m  Downloaded[0m futures-sink v0.3.31
[1m[32m  Downloaded[0m gemm-common v0.17.1
[1m[32m  Downloaded[0m flate2 v1.0.35
[1m[32m  Downloaded[0m geoutils v0.5.1
[1m[32m  Downloaded[0m esaxx-rs v0.1.10
[1m[32m  Downloaded[0m quinn-proto v0.11.8
[1m[32m  Downloaded[0m regex-syntax v0.8.5
[1m[32m  Downloaded[0m webpki-roots v0.26.1
[1m[32m  Downloaded[0m onig_sys v69.8.1
[1m[32m  Downloaded[0m lzma-sys v0.1.20
[1m[32m  Downloaded[0m grenad v0.5.0
[1m[32m  Downloaded[0m brotli v6.0.0
[1m[32m  Downloaded[0m tokio v1.43.1
[1m[32m  Downloaded[0m zstd-sys v2.0.10+zstd.1.5.6
[1m[32m  Downloaded[0m gemm-c64 v0.17.1
[1m[32m  Downloaded[0m deadpool-runtime v0.1.4
[1m[32m  Downloaded[0m debugid v0.8.0
[1m[32m  Downloaded[0m gemm-f16 v0.17.1
[1m[32m  Downloaded[0m futures-channel v0.3.31
[1m[32m  Downloaded[0m futures-util v0.3.31
[1m[32m  Downloaded[0m fnv v1.0.7
[1m[32m  Downloaded[0m filetime v0.2.22
[1m[32m  Downloaded[0m fastrand v2.3.0
[1m[32m  Downloaded[0m fancy-regex v0.13.0
[1m[32m  Downloaded[0m zstd v0.13.2
[1m[32m  Downloaded[0m errno v0.3.8
[1m[32m  Downloaded[0m encoding v0.2.33
[1m[32m  Downloaded[0m zerofrom-derive v0.1.3
[1m[32m  Downloaded[0m tiny-keccak v2.0.2
[1m[32m  Downloaded[0m socket2 v0.5.5
[1m[32m  Downloaded[0m crunchy v0.2.2
[1m[32m  Downloaded[0m slab v0.4.8
[1m[32m  Downloaded[0m csv v1.3.1
[1m[32m  Downloaded[0m thiserror-impl v2.0.9
[1m[32m  Downloaded[0m rkyv_derive v0.7.44
[1m[32m  Downloaded[0m darling_macro v0.14.4
[1m[32m  Downloaded[0m thiserror-impl v1.0.69
[1m[32m  Downloaded[0m termcolor v1.4.1
[1m[32m  Downloaded[0m regex-automata v0.4.9
[1m[32m  Downloaded[0m arroy v0.6.1
[1m[32m  Downloaded[0m libc v0.2.171
[1m[32m  Downloaded[0m rustls v0.23.20
[1m[32m  Downloaded[0m spm_precompiled v0.1.4
[1m[32m  Downloaded[0m charabia v0.9.3
[1m[32m  Downloaded[0m encoding_rs v0.8.33
[1m[32m  Downloaded[0m protobuf v2.28.0
[1m[32m  Downloaded[0m fst v0.4.7
[1m[32m  Downloaded[0m itertools v0.13.0
[1m[32m  Downloaded[0m generic-array v0.14.7
[1m[32m  Downloaded[0m encoding-index-tradchinese v1.20141219.5
[1m[32m  Downloaded[0m regex v1.11.1
[1m[32m  Downloaded[0m serde_json v1.0.140
[1m[32m  Downloaded[0m serde_derive v1.0.219
[1m[32m  Downloaded[0m encoding-index-simpchinese v1.20141219.5
[1m[32m  Downloaded[0m criterion v0.5.1
[1m[32m  Downloaded[0m linux-raw-sys v0.4.14
[1m[32m  Downloaded[0m ring v0.17.14
[1m[32m  Downloaded[0m libgit2-sys v0.17.0+1.8.1
[1m[32m  Downloaded[0m zerocopy v0.7.32
[1m[32m  Downloaded[0m reqwest v0.12.12
[1m[32m  Downloaded[0m unescaper v0.1.5
[1m[32m  Downloaded[0m fxprof-processed-profile v0.7.0
[1m[32m  Downloaded[0m futures-task v0.3.31
[1m[32m  Downloaded[0m futures v0.3.31
[1m[32m  Downloaded[0m flume v0.11.1
[1m[32m  Downloaded[0m encoding-index-korean v1.20141219.5
[1m[32m  Downloaded[0m zip v2.3.0
[1m[32m  Downloaded[0m zerovec v0.10.4
[1m[32m  Downloaded[0m time v0.3.37
[1m[32m  Downloaded[0m plotters-backend v0.3.5
[1m[32m  Downloaded[0m half v2.4.1
[1m[32m  Downloaded[0m futures-executor v0.3.31
[1m[32m  Downloaded[0m funty v2.0.0
[1m[32m  Downloaded[0m form_urlencoded v1.2.1
[1m[32m  Downloaded[0m foldhash v0.1.3
[1m[32m  Downloaded[0m equivalent v1.0.1
[1m[32m  Downloaded[0m enum-iterator-derive v1.4.0
[1m[32m  Downloaded[0m enum-iterator v2.1.0
[1m[32m  Downloaded[0m encoding_rs_io v0.1.7
[1m[32m  Downloaded[0m encoding_index_tests v0.1.4
[1m[32m  Downloaded[0m encoding-index-japanese v1.20141219.5
[1m[32m  Downloaded[0m darling_core v0.20.10
[1m[32m  Downloaded[0m crossbeam-utils v0.8.20
[1m[32m  Downloaded[0m crossbeam-channel v0.5.15
[1m[32m  Downloaded[0m zip v1.1.4
[1m[32m  Downloaded[0m tempfile v3.15.0
[1m[32m  Downloaded[0m static-files v0.2.4
[1m[32m  Downloaded[0m rayon-cond v0.3.0
[1m[32m  Downloaded[0m quote v1.0.36
[1m[32m  Downloaded[0m seahash v4.1.0
[1m[32m  Downloaded[0m lindera-ipadic v0.32.3
[1m[32m  Downloaded[0m lazy_static v1.5.0
[1m[32m  Downloaded[0m gemm-f32 v0.17.1
[1m[32m  Downloaded[0m gemm-c32 v0.17.1
[1m[32m  Downloaded[0m gemm v0.17.1
[1m[32m  Downloaded[0m fxhash v0.2.1
[1m[32m  Downloaded[0m futures-macro v0.3.31
[1m[32m  Downloaded[0m futures-io v0.3.31
[1m[32m  Downloaded[0m futures-core v0.3.31
[1m[32m  Downloaded[0m derive_builder v0.20.2
[1m[32m  Downloaded[0m derive_builder v0.12.0
[1m[32m  Downloaded[0m deranged v0.3.11
[1m[32m  Downloaded[0m deflate64 v0.1.9
[1m[32m  Downloaded[0m deadpool v0.10.0
[1m[32m  Downloaded[0m darling_core v0.14.4
[1m[32m  Downloaded[0m darling v0.20.10
[1m[32m  Downloaded[0m darling v0.14.4
[1m[32m  Downloaded[0m csv-core v0.1.11
[1m[32m  Downloaded[0m crypto-common v0.1.6
[1m[32m  Downloaded[0m crossbeam-queue v0.3.11
[1m[32m  Downloaded[0m crossbeam-epoch v0.9.18
[1m[32m  Downloaded[0m crossbeam-deque v0.8.5
[1m[32m  Downloaded[0m criterion-plot v0.5.0
[1m[32m  Downloaded[0m crc32fast v1.4.2
[1m[32m  Downloaded[0m crc-catalog v2.4.0
[1m[32m  Downloaded[0m crc v3.2.1
[1m[32m  Downloaded[0m cpufeatures v0.2.12
[1m[32m  Downloaded[0m cookie v0.16.2
[1m[32m  Downloaded[0m zstd-safe v7.2.0
[1m[32m  Downloaded[0m zopfli v0.8.1
[1m[32m  Downloaded[0m zerovec-derive v0.10.3
[1m[32m  Downloaded[0m zeroize_derive v1.4.2
[1m[32m  Downloaded[0m zeroize v1.8.1
[1m[32m  Downloaded[0m zerofrom v0.1.3
[1m[32m  Downloaded[0m yoke-derive v0.7.5
[1m[32m  Downloaded[0m tokio-macros v2.5.0
[1m[32m  Downloaded[0m strum v0.26.2
[1m[32m  Downloaded[0m rkyv v0.7.44
[1m[32m  Downloaded[0m rayon-par-bridge v0.1.0
[1m[32m  Downloaded[0m phf_generator v0.11.2
[1m[32m  Downloaded[0m yaup v0.3.1
[1m[32m  Downloaded[0m rustls-pemfile v2.2.0
[1m[32m  Downloaded[0m page_size v0.6.0
[1m[32m  Downloaded[0m utoipa v5.3.1
[1m[32m  Downloaded[0m liquid-core v0.26.9
[1m[32m  Downloaded[0m icu_properties_data v1.5.0
[1m[32m  Downloaded[0m derive_arbitrary v1.4.1
[1m[32m  Downloaded[0m darling_macro v0.20.10
[1m[32m  Downloaded[0m convert_case v0.6.0
[1m[32m  Downloaded[0m yoke v0.7.5
[1m[32m  Downloaded[0m tinyvec_macros v0.1.1
[1m[32m  Downloaded[0m tinyvec v1.6.0
[1m[32m  Downloaded[0m tinytemplate v1.2.1
[1m[32m  Downloaded[0m tinystr v0.7.6
[1m[32m  Downloaded[0m tar v0.4.43
[1m[32m  Downloaded[0m socks v0.3.4
[1m[32m  Downloaded[0m socket2 v0.4.9
[1m[32m  Downloaded[0m smallvec v1.13.2
[1m[32m  Downloaded[0m smallstr v0.3.0
[1m[32m  Downloaded[0m slice-group-by v0.3.1
[1m[32m  Downloaded[0m sharded-slab v0.1.7
[1m[32m  Downloaded[0m serde v1.0.219
[1m[32m  Downloaded[0m roaring v0.10.10
[1m[32m  Downloaded[0m regex-lite v0.1.6
[1m[32m  Downloaded[0m num-bigint v0.4.6
[1m[32m  Downloaded[0m h2 v0.4.5
[1m[32m  Downloaded[0m git2 v0.19.0
[1m[32m  Downloaded[0m gimli v0.27.3
[1m[32m  Downloaded[0m proc-macro2 v1.0.89
[1m[32m  Downloaded[0m libloading v0.8.6
[1m[32m  Downloaded[0m bzip2-sys v0.1.13+1.0.8
[1m[32m  Downloaded[0m thread_local v1.1.8
[1m[32m  Downloaded[0m thiserror v2.0.9
[1m[32m  Downloaded[0m thiserror v1.0.69
[1m[32m  Downloaded[0m thin-vec v0.2.13
[1m[32m  Downloaded[0m libz-sys v1.1.15
[1m[32m  Downloaded[0m temp-env v0.3.6
[1m[32m  Downloaded[0m strsim v0.11.1
[1m[32m  Downloaded[0m strsim v0.10.0
[1m[32m  Downloaded[0m static_assertions v1.1.0
[1m[32m  Downloaded[0m stable_deref_trait v1.2.0
[1m[32m  Downloaded[0m spin v0.9.8
[1m[32m  Downloaded[0m smartstring v1.0.1
[1m[32m  Downloaded[0m simd-adler32 v0.3.7
[1m[32m  Downloaded[0m signal-hook-registry v1.4.1
[1m[32m  Downloaded[0m tiktoken-rs v0.6.0
[1m[32m  Downloaded[0m shlex v1.3.0
[1m[32m  Downloaded[0m sha2 v0.10.8
[1m[32m  Downloaded[0m rstar v0.12.2
[1m[32m  Downloaded[0m rayon-core v1.12.1
[1m[32m  Downloaded[0m num-complex v0.4.6
[1m[32m  Downloaded[0m nu-ansi-term v0.46.0
[1m[32m  Downloaded[0m nom v7.1.3
[1m[32m  Downloaded[0m jieba-rs v0.7.0
[1m[32m  Downloaded[0m mio v1.0.3
[1m[32m  Downloaded[0m mio v0.8.11
[1m[32m  Downloaded[0m miniz_oxide v0.7.2
[1m[32m  Downloaded[0m heed v0.22.0
[1m[32m  Downloaded[0m h2 v0.3.26
[1m[32m  Downloaded[0m getrandom v0.2.15
[1m[32m  Downloaded[0m rayon v1.10.0
[1m[32m  Downloaded[0m raw-cpuid v10.7.0
[1m[32m  Downloaded[0m pulp v0.18.9
[1m[32m  Downloaded[0m phf v0.11.2
[1m[32m  Downloaded[0m rustix v0.38.41
[1m[32m  Downloaded[0m object v0.31.1
[1m[32m  Downloaded[0m lindera-tokenizer v0.32.3
[1m[32m  Downloaded[0m indexmap v2.7.0
[1m[32m  Downloaded[0m ident_case v1.0.1
[1m[32m  Downloaded[0m sha1 v0.10.6
[1m[32m  Downloaded[0m sha-1 v0.10.1
[1m[32m  Downloaded[0m serde_urlencoded v0.7.1
[1m[32m  Downloaded[0m serde_spanned v0.6.8
[1m[32m  Downloaded[0m serde_plain v1.0.2
[1m[32m  Downloaded[0m seq-macro v0.3.5
[1m[32m  Downloaded[0m rend v0.4.2
[1m[32m  Downloaded[0m num-conv v0.1.0
[1m[32m  Downloaded[0m num v0.4.3
[1m[32m  Downloaded[0m nom_locate v4.2.0
[1m[32m  Downloaded[0m nohash v0.2.0
[1m[32m  Downloaded[0m mutually_exclusive_features v0.1.0
[1m[32m  Downloaded[0m mopa-maintained v0.2.3
[1m[32m  Downloaded[0m monostate-impl v0.1.9
[1m[32m  Downloaded[0m monostate v0.1.9
[1m[32m  Downloaded[0m miniz_oxide v0.8.2
[1m[32m  Downloaded[0m glob v0.3.1
[1m[32m  Downloaded[0m getrandom v0.3.1
[1m[32m  Downloaded[0m rand_distr v0.4.3
[1m[32m  Downloaded[0m rand v0.8.5
[1m[32m  Downloaded[0m portable-atomic v1.5.1
[1m[32m  Downloaded[0m plotters v0.3.5
[1m[32m  Downloaded[0m pin-project v1.1.4
[1m[32m  Downloaded[0m pest v2.7.2
[1m[32m  Downloaded[0m winnow v0.6.22
[1m[32m  Downloaded[0m winnow v0.5.40
[1m[32m  Downloaded[0m tracing-subscriber v0.3.19
[1m[32m  Downloaded[0m rustls-webpki v0.102.8
[1m[32m  Downloaded[0m deserr v0.6.3
[1m[32m  Downloaded[0m tracing-error v0.2.1
[1m[32m  Downloaded[0m syn v2.0.87
[1m[32m  Downloaded[0m mimalloc v0.1.43
[1m[32m  Downloaded[0m levenshtein_automata v0.2.1
[1m[32m  Downloaded[0m ipnet v2.8.0
[1m[32m  Downloaded[0m candle-transformers v0.8.2
[1m[32m  Downloaded[0m bstr v1.11.3
[1m[32m  Downloaded[0m rand_core v0.6.4
[1m[32m  Downloaded[0m rand_chacha v0.3.1
[1m[32m  Downloaded[0m radium v0.7.0
[1m[32m  Downloaded[0m quinn-udp v0.5.2
[1m[32m  Downloaded[0m quinn v0.11.2
[1m[32m  Downloaded[0m ptr_meta_derive v0.1.4
[1m[32m  Downloaded[0m prometheus v0.13.4
[1m[32m  Downloaded[0m procfs-core v0.16.0
[1m[32m  Downloaded[0m procfs v0.16.0
[1m[32m  Downloaded[0m proc-macro-error-attr v1.0.4
[1m[32m  Downloaded[0m proc-macro-error v1.0.4
[1m[32m  Downloaded[0m proc-macro-crate v3.1.0
[1m[32m  Downloaded[0m ppv-lite86 v0.2.17
[1m[32m  Downloaded[0m powerfmt v0.2.0
[1m[32m  Downloaded[0m platform-dirs v0.3.0
[1m[32m  Downloaded[0m pkg-config v0.3.30
[1m[32m  Downloaded[0m pin-utils v0.1.0
[1m[32m  Downloaded[0m pin-project-lite v0.2.16
[1m[32m  Downloaded[0m pin-project-internal v1.1.4
[1m[32m  Downloaded[0m phf_shared v0.11.2
[1m[32m  Downloaded[0m phf_macros v0.11.2
[1m[32m  Downloaded[0m phf_codegen v0.11.2
[1m[32m  Downloaded[0m pest_meta v2.7.2
[1m[32m  Downloaded[0m pest_generator v2.7.2
[1m[32m  Downloaded[0m pest_derive v2.7.2
[1m[32m  Downloaded[0m percent-encoding v2.3.1
[1m[32m  Downloaded[0m pem v3.0.3
[1m[32m  Downloaded[0m pbkdf2 v0.12.2
[1m[32m  Downloaded[0m num_cpus v1.16.0
[1m[32m  Downloaded[0m num-traits v0.2.19
[1m[32m  Downloaded[0m num-rational v0.4.2
[1m[32m  Downloaded[0m num-iter v0.1.45
[1m[32m  Downloaded[0m num-integer v0.1.46
[1m[32m  Downloaded[0m whatlang v0.16.4
[1m[32m  Downloaded[0m unicode_categories v0.1.1
[1m[32m  Downloaded[0m unicode-segmentation v1.11.0
[1m[32m  Downloaded[0m unicode-normalization-alignments v0.1.12
[1m[32m  Downloaded[0m unicode-normalization v0.1.24
[1m[32m  Downloaded[0m unicode-ident v1.0.12
[1m[32m  Downloaded[0m ug v0.0.2
[1m[32m  Downloaded[0m typenum v1.17.0
[1m[32m  Downloaded[0m tracing v0.1.41
[1m[32m  Downloaded[0m tower v0.5.2
[1m[32m  Downloaded[0m toml_edit v0.22.22
[1m[32m  Downloaded[0m toml_edit v0.21.0
[1m[32m  Downloaded[0m tokio-util v0.7.11
[1m[32m  Downloaded[0m rust_decimal v1.35.0
[1m[32m  Downloaded[0m vcpkg v0.2.15
[1m[32m  Downloaded[0m utoipa-gen v5.3.1
[1m[32m  Downloaded[0m sysinfo v0.33.1
[1m[32m  Downloaded[0m sync_wrapper v1.0.1
[1m[32m  Downloaded[0m syn v1.0.109
[1m[32m  Downloaded[0m lmdb-master-sys v0.2.5
[1m[32m  Downloaded[0m libmimalloc-sys v0.1.39
[1m[32m  Downloaded[0m candle-core v0.8.2
[1m[32m  Downloaded[0m bindgen v0.70.1
[1m[32m  Downloaded[0m actix-web v4.9.0
[1m[32m  Downloaded[0m plotters-svg v0.3.5
[1m[32m  Downloaded[0m yada v0.5.1
[1m[32m  Downloaded[0m xz2 v0.1.7
[1m[32m  Downloaded[0m xattr v1.3.1
[1m[32m  Downloaded[0m wyz v0.5.1
[1m[32m  Downloaded[0m writeable v0.5.5
[1m[32m  Downloaded[0m wiremock v0.6.2
[1m[32m  Downloaded[0m unicode-width v0.1.11
[1m[32m  Downloaded[0m unicode-blocks v0.1.9
[1m[32m  Downloaded[0m unicase v2.6.0
[1m[32m  Downloaded[0m ucd-trie v0.1.6
[1m[32m  Downloaded[0m try-lock v0.2.4
[1m[32m  Downloaded[0m tracing-serde v0.2.0
[1m[32m  Downloaded[0m toml_datetime v0.6.8
[1m[32m  Downloaded[0m toml v0.8.19
[1m[32m  Downloaded[0m tokio-rustls v0.26.0
[1m[32m  Downloaded[0m rustls-pki-types v1.10.1
[1m[32m  Downloaded[0m hashbrown v0.15.2
[1m[32m  Downloaded[0m hashbrown v0.14.3
[1m[32m  Downloaded[0m ureq v2.12.1
[1m[32m  Downloaded[0m lindera-ko-dic-builder v0.32.3
[1m[32m  Downloaded[0m lindera-filter v0.32.3
[1m[32m  Downloaded[0m itertools v0.14.0
[1m[32m  Downloaded[0m itertools v0.12.1
[1m[32m  Downloaded[0m itertools v0.11.0
[1m[32m  Downloaded[0m itertools v0.10.5
[1m[32m  Downloaded[0m irg-kvariants v0.1.1
[1m[32m  Downloaded[0m idna v1.0.3
[1m[32m  Downloaded[0m hyper v1.4.1
[1m[32m  Downloaded[0m color-spantrace v0.2.1
[1m[32m  Downloaded[0m brotli-decompressor v4.0.1
[1m[32m  Downloaded[0m bitvec v1.0.1
[1m[32m  Downloaded[0m aho-corasick v1.1.3
[1m[32m  Downloaded[0m actix-http v3.9.0
[1m[32m  Downloaded[0m uell v0.1.0
[1m[32m  Downloaded[0m tower-service v0.3.3
[1m[32m  Downloaded[0m tower-layer v0.3.3
[1m[32m  Downloaded[0m semver v1.0.18
[1m[32m  Downloaded[0m segment v0.2.5
[1m[32m  Downloaded[0m scopeguard v1.2.0
[1m[32m  Downloaded[0m same-file v1.0.6
[1m[32m  Downloaded[0m safetensors v0.4.2
[1m[32m  Downloaded[0m rustc_version v0.4.0
[1m[32m  Downloaded[0m rustc-hash v2.1.0
[1m[32m  Downloaded[0m rustc-hash v1.1.0
[1m[32m  Downloaded[0m rustc-demangle v0.1.23
[1m[32m  Downloaded[0m paste v1.0.14
[1m[32m  Downloaded[0m parking_lot_core v0.9.8
[1m[32m  Downloaded[0m parking_lot v0.12.3
[1m[32m  Downloaded[0m owo-colors v3.5.0
[1m[32m  Downloaded[0m overload v0.1.1
[1m[32m  Downloaded[0m ordered-float v4.6.0
[1m[32m  Downloaded[0m onig v6.4.0
[1m[32m  Downloaded[0m once_cell v1.21.0
[1m[32m  Downloaded[0m heapless v0.8.0
[1m[32m  Downloaded[0m half v1.8.2
[1m[32m  Downloaded[0m displaydoc v0.2.5
[1m[32m  Downloaded[0m digest v0.10.7
[1m[32m  Downloaded[0m derive_more v0.99.17
[1m[32m  Downloaded[0m derive_builder_core v0.20.2
[1m[32m  Downloaded[0m derive_builder_core v0.12.0
[1m[32m  Downloaded[0m wana_kana v4.0.0
[1m[32m  Downloaded[0m vergen v9.0.2
[1m[32m  Downloaded[0m uuid v1.11.0
[1m[32m  Downloaded[0m url v2.5.4
[1m[32m  Downloaded[0m tracing-core v0.1.33
[1m[32m  Downloaded[0m similar v2.2.1
[1m[32m  Downloaded[0m minimal-lexical v0.2.1
[1m[32m  Downloaded[0m memchr v2.7.4
[1m[32m  Downloaded[0m lindera-ipadic-builder v0.32.3
[1m[32m  Downloaded[0m lindera-dictionary-builder v0.32.3
[1m[32m  Downloaded[0m lindera-cc-cedict-builder v0.32.3
[1m[32m  Downloaded[0m libproc v0.14.10
[1m[32m  Downloaded[0m libm v0.2.8
[1m[32m  Downloaded[0m kanaria v0.2.0
[1m[32m  Downloaded[0m http v1.2.0
[1m[32m  Downloaded[0m hashbrown v0.12.3
[1m[32m  Downloaded[0m clap_builder v4.5.24
[1m[32m  Downloaded[0m big_s v1.0.2
[1m[32m  Downloaded[0m aes v0.8.4
[1m[32m  Downloaded[0m path-matchers v1.0.2
[1m[32m  Downloaded[0m option-ext v0.2.0
[1m[32m  Downloaded[0m oorandom v11.1.3
[1m[32m  Downloaded[0m obkv v0.3.0
[1m[32m  Downloaded[0m number_prefix v0.4.0
[1m[32m  Downloaded[0m num_threads v0.1.7
[1m[32m  Downloaded[0m num_enum_derive v0.7.2
[1m[32m  Downloaded[0m num_enum v0.7.2
[1m[32m  Downloaded[0m heck v0.5.0
[1m[32m  Downloaded[0m heck v0.4.1
[1m[32m  Downloaded[0m either v1.13.0
[1m[32m  Downloaded[0m dyn-stack v0.10.0
[1m[32m  Downloaded[0m doxygen-rs v0.4.2
[1m[32m  Downloaded[0m dirs-sys-next v0.1.2
[1m[32m  Downloaded[0m dirs-sys v0.4.1
[1m[32m  Downloaded[0m dirs-next v1.0.2
[1m[32m  Downloaded[0m dirs v5.0.1
[1m[32m  Downloaded[0m deserr-internal v0.6.3
[1m[32m  Downloaded[0m derive_builder_macro v0.20.2
[1m[32m  Downloaded[0m derive_builder_macro v0.12.0
[1m[32m  Downloaded[0m walkdir v2.5.0
[1m[32m  Downloaded[0m version_check v0.9.4
[1m[32m  Downloaded[0m vergen-lib v0.1.5
[1m[32m  Downloaded[0m vergen-git2 v1.0.2
[1m[32m  Downloaded[0m utf8parse v0.2.1
[1m[32m  Downloaded[0m utf8_iter v1.0.4
[1m[32m  Downloaded[0m utf8-width v0.1.6
[1m[32m  Downloaded[0m utf16_iter v1.0.5
[1m[32m  Downloaded[0m untrusted v0.9.0
[1m[32m  Downloaded[0m tracing-attributes v0.1.28
[1m[32m  Downloaded[0m strum_macros v0.26.2
[1m[32m  Downloaded[0m simdutf8 v0.1.4
[1m[32m  Downloaded[0m ryu v1.0.17
[1m[32m  Downloaded[0m jobserver v0.1.31
[1m[32m  Downloaded[0m insta v1.39.0
[1m[32m  Downloaded[0m icu_properties v1.5.1
[1m[32m  Downloaded[0m icu_normalizer_data v1.5.0
[1m[32m  Downloaded[0m icu_collections v1.5.0
[1m[32m  Downloaded[0m hyper-util v0.1.10
[1m[32m  Downloaded[0m cc v1.2.16
[1m[32m  Downloaded[0m candle-nn v0.8.2
[1m[32m  Downloaded[0m bytestring v1.3.0
[1m[32m  Downloaded[0m bytes v1.9.0
[1m[32m  Downloaded[0m bytemuck v1.21.0
[1m[32m  Downloaded[0m bumpalo v3.16.0
[1m[32m  Downloaded[0m borsh v1.5.1
[1m[32m  Downloaded[0m base64 v0.22.1
[1m[32m  Downloaded[0m base64 v0.21.7
[1m[32m  Downloaded[0m base64 v0.13.1
[1m[32m  Downloaded[0m backtrace v0.3.68
[1m[32m  Downloaded[0m want v0.3.1
[1m[32m  Downloaded[0m urlencoding v2.1.3
[1m[32m  Downloaded[0m tracing-log v0.2.0
[1m[32m  Downloaded[0m tracing-actix-web v0.7.15
[1m[32m  Downloaded[0m tap v1.0.1
[1m[32m  Downloaded[0m synstructure v0.13.1
[1m[32m  Downloaded[0m synchronoise v1.0.1
[1m[32m  Downloaded[0m syn_derive v0.1.8
[1m[32m  Downloaded[0m subtle v2.5.0
[1m[32m  Downloaded[0m siphasher v1.0.1
[1m[32m  Downloaded[0m siphasher v0.3.11
[1m[32m  Downloaded[0m simple_asn1 v0.6.2
[1m[32m  Downloaded[0m rustversion v1.0.19
[1m[32m  Downloaded[0m mime_guess v2.0.4
[1m[32m  Downloaded[0m mime v0.3.17
[1m[32m  Downloaded[0m memmap2 v0.9.5
[1m[32m  Downloaded[0m log v0.4.26
[1m[32m  Downloaded[0m liquid-lib v0.26.9
[1m[32m  Downloaded[0m language-tags v0.3.2
[1m[32m  Downloaded[0m jsonwebtoken v9.3.0
[1m[32m  Downloaded[0m indicatif v0.17.7
[1m[32m  Downloaded[0m icu_provider v1.5.0
[1m[32m  Downloaded[0m icu_normalizer v1.5.0
[1m[32m  Downloaded[0m icu_locid_transform_data v1.5.0
[1m[32m  Downloaded[0m icu_locid v1.5.0
[1m[32m  Downloaded[0m hyper-rustls v0.27.2
[1m[32m  Downloaded[0m hmac v0.12.1
[1m[32m  Downloaded[0m hex v0.4.3
[1m[32m  Downloaded[0m console v0.15.7
[1m[32m  Downloaded[0m clap v4.5.24
[1m[32m  Downloaded[0m clang-sys v1.7.0
[1m[32m  Downloaded[0m borsh-derive v1.5.1
[1m[32m  Downloaded[0m bitflags v2.9.0
[1m[32m  Downloaded[0m async-trait v0.1.85
[1m[32m  Downloaded[0m allocator-api2 v0.2.21
[1m[32m  Downloaded[0m ahash v0.8.11
[1m[32m  Downloaded[0m actix-tls v3.4.0
[1m[32m  Downloaded[0m lzma-rs v0.3.0
[1m[32m  Downloaded[0m lock_api v0.4.11
[1m[32m  Downloaded[0m local-channel v0.1.3
[1m[32m  Downloaded[0m litemap v0.7.4
[1m[32m  Downloaded[0m lindera-dictionary v0.32.3
[1m[32m  Downloaded[0m lindera-assets v0.32.3
[1m[32m  Downloaded[0m lindera-analyzer v0.32.3
[1m[32m  Downloaded[0m lindera v0.32.3
[1m[32m  Downloaded[0m http v0.2.11
[1m[32m  Downloaded[0m ciborium-ll v0.2.1
[1m[32m  Downloaded[0m cargo_toml v0.21.0
[1m[32m  Downloaded[0m cargo_metadata v0.19.1
[1m[32m  Downloaded[0m camino v1.1.6
[1m[32m  Downloaded[0m bincode v1.3.3
[1m[32m  Downloaded[0m actix-server v2.2.0
[1m[32m  Downloaded[0m macro_rules_attribute-proc_macro v0.2.0
[1m[32m  Downloaded[0m macro_rules_attribute v0.2.0
[1m[32m  Downloaded[0m lru v0.13.0
[1m[32m  Downloaded[0m lockfree-object-pool v0.1.6
[1m[32m  Downloaded[0m liquid-derive v0.26.8
[1m[32m  Downloaded[0m liquid v0.26.9
[1m[32m  Downloaded[0m linked-hash-map v0.5.6
[1m[32m  Downloaded[0m lindera-unidic v0.32.3
[1m[32m  Downloaded[0m lindera-ko-dic v0.32.3
[1m[32m  Downloaded[0m lindera-ipadic-neologd-builder v0.32.3
[1m[32m  Downloaded[0m lindera-ipadic-neologd v0.32.3
[1m[32m  Downloaded[0m lindera-cc-cedict v0.32.3
[1m[32m  Downloaded[0m kstring v2.0.0
[1m[32m  Downloaded[0m itoa v1.0.11
[1m[32m  Downloaded[0m is-terminal v0.4.13
[1m[32m  Downloaded[0m icu_locid_transform v1.5.0
[1m[32m  Downloaded[0m clap_derive v4.5.24
[1m[32m  Downloaded[0m ciborium v0.2.1
[1m[32m  Downloaded[0m bimap v0.6.3
[1m[32m  Downloaded[0m manifest-dir-macros v0.1.18
[1m[32m  Downloaded[0m lindera-decompress v0.32.3
[1m[32m  Downloaded[0m lindera-core v0.32.3
[1m[32m  Downloaded[0m impl-more v0.1.6
[1m[32m  Downloaded[0m httparse v1.8.0
[1m[32m  Downloaded[0m hash32 v0.3.1
[1m[32m  Downloaded[0m inout v0.1.3
[1m[32m  Downloaded[0m idna_adapter v1.2.0
[1m[32m  Downloaded[0m http-body-util v0.1.2
[1m[32m  Downloaded[0m heed-types v0.21.0
[1m[32m  Downloaded[0m heed-traits v0.20.0
[1m[32m  Downloaded[0m convert_case v0.4.0
[1m[32m  Downloaded[0m change-detection v1.2.0
[1m[32m  Downloaded[0m cargo-platform v0.1.6
[1m[32m  Downloaded[0m bzip2 v0.5.2
[1m[32m  Downloaded[0m bytemuck_derive v1.9.3
[1m[32m  Downloaded[0m byte-unit v5.1.6
[1m[32m  Downloaded[0m block-buffer v0.10.4
[1m[32m  Downloaded[0m bitpacking v0.9.2
[1m[32m  Downloaded[0m arbitrary v1.4.1
[1m[32m  Downloaded[0m anyhow v1.0.95
[1m[32m  Downloaded[0m anstyle-parse v0.2.1
[1m[32m  Downloaded[0m lindera-compress v0.32.3
[1m[32m  Downloaded[0m constant_time_eq v0.3.0
[1m[32m  Downloaded[0m clap_lex v0.7.4
[1m[32m  Downloaded[0m cfg-if v1.0.0
[1m[32m  Downloaded[0m cexpr v0.6.0
[1m[32m  Downloaded[0m cedarwood v0.4.6
[1m[32m  Downloaded[0m cast v0.3.0
[1m[32m  Downloaded[0m byteorder v1.5.0
[1m[32m  Downloaded[0m bytecount v0.6.3
[1m[32m  Downloaded[0m bytecheck v0.6.12
[1m[32m  Downloaded[0m bumparaw-collections v0.1.4
[1m[32m  Downloaded[0m bitflags v1.3.2
[1m[32m  Downloaded[0m bit-set v0.5.3
[1m[32m  Downloaded[0m atomic-waker v1.1.2
[1m[32m  Downloaded[0m assert-json-diff v2.0.2
[1m[32m  Downloaded[0m arrayvec v0.7.4
[1m[32m  Downloaded[0m anstream v0.6.13
[1m[32m  Downloaded[0m addr2line v0.20.0
[1m[32m  Downloaded[0m bit-vec v0.6.3
[1m[32m  Downloaded[0m autocfg v1.2.0
[1m[32m  Downloaded[0m ahash v0.7.8
[1m[32m  Downloaded[0m actix-router v0.5.3
[1m[32m  Downloaded[0m http-body v1.0.0
[1m[32m  Downloaded[0m const-random-macro v0.1.16
[1m[32m  Downloaded[0m const-random v0.1.18
[1m[32m  Downloaded[0m colorchoice v1.0.0
[1m[32m  Downloaded[0m cipher v0.4.4
[1m[32m  Downloaded[0m cfg_aliases v0.2.1
[1m[32m  Downloaded[0m anstyle v1.0.10
[1m[32m  Downloaded[0m actix-web-codegen v4.3.0
[1m[32m  Downloaded[0m actix-rt v2.10.0
[1m[32m  Downloaded[0m anstyle-query v1.0.0
[1m[32m  Downloaded[0m anes v0.1.6
[1m[32m  Downloaded[0m adler2 v2.0.0
[1m[32m  Downloaded[0m adler v1.0.2
[1m[32m  Downloaded[0m ciborium-io v0.2.1
[1m[32m  Downloaded[0m alloc-no-stdlib v2.0.4
[1m[32m  Downloaded[0m actix-utils v3.0.1
[1m[32m  Downloaded[0m actix-codec v0.5.1
[1m[32m  Downloaded[0m actix-macros v0.2.4
[1m[32m   Compiling[0m proc-macro2 v1.0.89
[1m[32m   Compiling[0m unicode-ident v1.0.12
[1m[32m   Compiling[0m libc v0.2.171
[1m[32m   Compiling[0m serde v1.0.219
[1m[32m   Compiling[0m cfg-if v1.0.0
[1m[32m   Compiling[0m once_cell v1.21.0
[1m[32m   Compiling[0m itoa v1.0.11
[1m[32m   Compiling[0m shlex v1.3.0
[1m[32m   Compiling[0m memchr v2.7.4
[1m[32m   Compiling[0m autocfg v1.2.0
[1m[32m   Compiling[0m quote v1.0.36
[1m[32m   Compiling[0m syn v2.0.87
[1m[32m   Compiling[0m ryu v1.0.17
[1m[32m   Compiling[0m jobserver v0.1.31
[1m[32m   Compiling[0m fnv v1.0.7
[1m[32m   Compiling[0m equivalent v1.0.1
[1m[32m   Compiling[0m allocator-api2 v0.2.21
[1m[32m   Compiling[0m byteorder v1.5.0
[1m[32m   Compiling[0m cc v1.2.16
[1m[32m   Compiling[0m foldhash v0.1.3
[1m[32m   Compiling[0m thiserror v1.0.69
[1m[32m   Compiling[0m pin-project-lite v0.2.16
[1m[32m   Compiling[0m log v0.4.26
[1m[32m   Compiling[0m strsim v0.11.1
[1m[32m   Compiling[0m ident_case v1.0.1
[1m[32m   Compiling[0m glob v0.3.1
[1m[32m   Compiling[0m getrandom v0.2.15
[1m[32m   Compiling[0m serde_json v1.0.140
[1m[32m   Compiling[0m crc32fast v1.4.2
[1m[32m   Compiling[0m writeable v0.5.5
[1m[32m   Compiling[0m litemap v0.7.4
[1m[32m   Compiling[0m bytes v1.9.0
[1m[32m   Compiling[0m adler2 v2.0.0
[1m[32m   Compiling[0m libm v0.2.8
[1m[32m   Compiling[0m icu_locid_transform_data v1.5.0
[1m[32m   Compiling[0m miniz_oxide v0.8.2
[1m[32m   Compiling[0m num-traits v0.2.19
[1m[32m   Compiling[0m flate2 v1.0.35
[1m[32m   Compiling[0m anyhow v1.0.95
[1m[32m   Compiling[0m icu_properties_data v1.5.0
[1m[32m   Compiling[0m version_check v0.9.4
[1m[32m   Compiling[0m percent-encoding v2.3.1
[1m[32m   Compiling[0m subtle v2.5.0
[1m[32m   Compiling[0m utf16_iter v1.0.5
[1m[32m   Compiling[0m synstructure v0.13.1
[1m[32m   Compiling[0m darling_core v0.20.10
[1m[32m   Compiling[0m icu_normalizer_data v1.5.0
[1m[32m   Compiling[0m write16 v1.0.0
[1m[32m   Compiling[0m utf8_iter v1.0.4
[1m[32m   Compiling[0m form_urlencoded v1.2.1
[1m[32m   Compiling[0m untrusted v0.9.0
[1m[32m   Compiling[0m socket2 v0.5.5
[1m[32m   Compiling[0m mio v1.0.3
[1m[32m   Compiling[0m futures-core v0.3.31
[1m[32m   Compiling[0m rustls-pki-types v1.10.1
[1m[32m   Compiling[0m encoding_rs v0.8.33
[1m[32m   Compiling[0m stable_deref_trait v1.2.0
[1m[32m   Compiling[0m rustls v0.23.20
[1m[32m   Compiling[0m serde_derive v1.0.219
[1m[32m   Compiling[0m zerofrom-derive v0.1.3
[1m[32m   Compiling[0m yoke-derive v0.7.5
[1m[32m   Compiling[0m displaydoc v0.2.5
[1m[32m   Compiling[0m zerofrom v0.1.3
[1m[32m   Compiling[0m thiserror-impl v1.0.69
[1m[32m   Compiling[0m zerovec-derive v0.10.3
[1m[32m   Compiling[0m icu_provider_macros v1.5.0
[1m[32m   Compiling[0m darling_macro v0.20.10
[1m[32m   Compiling[0m yoke v0.7.5
[1m[32m   Compiling[0m lock_api v0.4.11
[1m[32m   Compiling[0m zerovec v0.10.4
[1m[32m   Compiling[0m regex-syntax v0.8.5
[1m[32m   Compiling[0m darling v0.20.10
[1m[32m   Compiling[0m derive_builder_core v0.20.2
[1m[32m   Compiling[0m derive_builder_macro v0.20.2
[1m[32m   Compiling[0m derive_builder v0.20.2
[1m[32m   Compiling[0m encoding_index_tests v0.1.4
[1m[32m   Compiling[0m bitflags v2.9.0
[1m[32m   Compiling[0m hashbrown v0.15.2
[1m[32m   Compiling[0m smallvec v1.13.2
[1m[32m   Compiling[0m scopeguard v1.2.0
[1m[32m   Compiling[0m pkg-config v0.3.30
[1m[32m   Compiling[0m either v1.13.0
[1m[32m   Compiling[0m tinystr v0.7.6
[1m[32m   Compiling[0m tracing-core v0.1.33
[1m[32m   Compiling[0m parking_lot_core v0.9.8
[1m[32m   Compiling[0m indexmap v2.7.0
[1m[32m   Compiling[0m icu_locid v1.5.0
[1m[32m   Compiling[0m slab v0.4.8
[1m[32m   Compiling[0m icu_provider v1.5.0
[1m[32m   Compiling[0m yada v0.5.1
[1m[32m   Compiling[0m crossbeam-utils v0.8.20
[1m[32m   Compiling[0m icu_locid_transform v1.5.0
[1m[32m   Compiling[0m parking_lot v0.12.3
[1m[32m   Compiling[0m encoding-index-simpchinese v1.20141219.5
[1m[32m   Compiling[0m encoding-index-singlebyte v1.20141219.5
[1m[32m   Compiling[0m encoding-index-tradchinese v1.20141219.5
[1m[32m   Compiling[0m encoding-index-korean v1.20141219.5
[1m[32m   Compiling[0m encoding-index-japanese v1.20141219.5
[1m[32m   Compiling[0m icu_collections v1.5.0
[1m[32m   Compiling[0m tracing-attributes v0.1.28
[1m[32m   Compiling[0m icu_properties v1.5.1
[1m[32m   Compiling[0m encoding v0.2.33
[1m[32m   Compiling[0m futures-io v0.3.31
[1m[32m   Compiling[0m pin-utils v0.1.0
[1m[32m   Compiling[0m futures-task v0.3.31
[1m[32m   Compiling[0m encoding_rs_io v0.1.7
[1m[32m   Compiling[0m base64 v0.22.1
[1m[32m   Compiling[0m tokio-macros v2.5.0
[1m[32m   Compiling[0m tracing v0.1.41
[1m[32m   Compiling[0m signal-hook-registry v1.4.1
[1m[32m   Compiling[0m csv-core v0.1.11
[1m[32m   Compiling[0m icu_normalizer v1.5.0
[1m[32m   Compiling[0m lazy_static v1.5.0
[1m[32m   Compiling[0m csv v1.3.1
[1m[32m   Compiling[0m tokio v1.43.1
[1m[32m   Compiling[0m idna_adapter v1.2.0
[1m[32m   Compiling[0m idna v1.0.3
[1m[32m   Compiling[0m url v2.5.4
[1m[32m   Compiling[0m crossbeam-epoch v0.9.18
[1m[32m   Compiling[0m bincode v1.3.3
[1m[32m   Compiling[0m webpki-roots v0.26.1
[1m[32m   Compiling[0m rayon-core v1.12.1
[1m[32m   Compiling[0m crossbeam-deque v0.8.5
[1m[32m   Compiling[0m lindera-core v0.32.3
[1m[32m   Compiling[0m lindera-decompress v0.32.3
[1m[32m   Compiling[0m powerfmt v0.2.0
[1m[32m   Compiling[0m rustversion v1.0.19
[1m[32m   Compiling[0m futures-sink v0.3.31
[1m[32m   Compiling[0m lindera-compress v0.32.3
[1m[32m   Compiling[0m backtrace v0.3.68
[1m[32m   Compiling[0m num-conv v0.1.0
[1m[32m   Compiling[0m adler v1.0.2
[1m[32m   Compiling[0m gimli v0.27.3
[1m[32m   Compiling[0m typenum v1.17.0
[1m[32m   Compiling[0m time-core v0.1.2
[1m[32m   Compiling[0m miniz_oxide v0.7.2
[1m[32m   Compiling[0m rayon v1.10.0
[1m[32m   Compiling[0m lindera-dictionary-builder v0.32.3
[1m[32m   Compiling[0m addr2line v0.20.0
[1m[32m   Compiling[0m generic-array v0.14.7
[1m[32m   Compiling[0m ring v0.17.14
[1m[32m   Compiling[0m object v0.31.1
[1m[32m   Compiling[0m rustc-demangle v0.1.23
[1m[32m   Compiling[0m httparse v1.8.0
[1m[32m   Compiling[0m zeroize_derive v1.4.2
[1m[32m   Compiling[0m minimal-lexical v0.2.1
[1m[32m   Compiling[0m bitflags v1.3.2
[1m[32m   Compiling[0m zeroize v1.8.1
[1m[32m   Compiling[0m futures-channel v0.3.31
[1m[32m   Compiling[0m futures-macro v0.3.31
[1m[32m   Compiling[0m http v1.2.0
[1m[32m   Compiling[0m rand_core v0.6.4
[1m[32m   Compiling[0m ppv-lite86 v0.2.17
[1m[32m   Compiling[0m futures-util v0.3.31
[1m[32m   Compiling[0m rand_chacha v0.3.1
[1m[32m   Compiling[0m aho-corasick v1.1.3
[1m[32m   Compiling[0m paste v1.0.14
[1m[32m   Compiling[0m rustls-webpki v0.102.8
[1m[32m   Compiling[0m regex-automata v0.4.9
[1m[32m   Compiling[0m rand v0.8.5
[1m[32m   Compiling[0m crypto-common v0.1.6
[1m[32m   Compiling[0m bytemuck_derive v1.9.3
[1m[32m   Compiling[0m rustix v0.38.41
[1m[32m   Compiling[0m mime v0.3.17
[1m[32m   Compiling[0m bytemuck v1.21.0
[1m[32m   Compiling[0m block-buffer v0.10.4
[1m[32m   Compiling[0m tokio-util v0.7.11
[1m[32m   Compiling[0m time-macros v0.2.19
[1m[32m   Compiling[0m deranged v0.3.11
[1m[32m   Compiling[0m linux-raw-sys v0.4.14
[1m[32m   Compiling[0m digest v0.10.7
[1m[32m   Compiling[0m time v0.3.37
[1m[32m   Compiling[0m regex v1.11.1
[1m[32m   Compiling[0m siphasher v0.3.11
[1m[32m   Compiling[0m crunchy v0.2.2
[1m[32m   Compiling[0m uuid v1.11.0
[1m[32m   Compiling[0m syn v1.0.109
[1m[32m   Compiling[0m cpufeatures v0.2.12
[1m[32m   Compiling[0m filetime v0.2.22
[1m[32m   Compiling[0m httpdate v1.0.2
[1m[32m   Compiling[0m thiserror v2.0.9
[1m[32m   Compiling[0m rustc-hash v1.1.0
[1m[32m   Compiling[0m phf_shared v0.11.2
[1m[32m   Compiling[0m xattr v1.3.1
[1m[32m   Compiling[0m thiserror-impl v2.0.9
[1m[32m   Compiling[0m ucd-trie v0.1.6
[1m[32m   Compiling[0m tiny-keccak v2.0.2
[1m[32m   Compiling[0m pest v2.7.2
[1m[32m   Compiling[0m tar v0.4.43
[1m[32m   Compiling[0m phf_generator v0.11.2
[1m[32m   Compiling[0m tokio-rustls v0.26.0
[1m[32m   Compiling[0m num-complex v0.4.6
[1m[32m   Compiling[0m ureq v2.12.1
[1m[32m   Compiling[0m toml_datetime v0.6.8
[1m[32m   Compiling[0m fxhash v0.2.1
[1m[32m   Compiling[0m thread_local v1.1.8
[1m[32m   Compiling[0m unicode-segmentation v1.11.0
[1m[32m   Compiling[0m pest_meta v2.7.2
[1m[32m   Compiling[0m lindera-assets v0.32.3
[1m[32m   Compiling[0m rand_distr v0.4.3
[1m[32m   Compiling[0m reborrow v0.5.5
[1m[32m   Compiling[0m half v2.4.1
[1m[32m   Compiling[0m pest_generator v2.7.2
[1m[32m   Compiling[0m const-random-macro v0.1.16
[1m[32m   Compiling[0m ahash v0.8.11
[1m[32m   Compiling[0m const-random v0.1.18
[1m[32m   Compiling[0m pest_derive v2.7.2
[1m[32m   Compiling[0m dyn-stack v0.10.0
[1m[32m   Compiling[0m pulp v0.18.9
[1m[32m   Compiling[0m raw-cpuid v10.7.0
[1m[32m   Compiling[0m serde_urlencoded v0.7.1
[1m[32m   Compiling[0m num-integer v0.1.46
[1m[32m   Compiling[0m num_cpus v1.16.0
[1m[32m   Compiling[0m unicode-width v0.1.11
[1m[32m   Compiling[0m seq-macro v0.3.5
[1m[32m   Compiling[0m zerocopy v0.7.32
[1m[32m   Compiling[0m gemm-common v0.17.1
[1m[32m   Compiling[0m console v0.15.7
[1m[32m   Compiling[0m lindera-unidic-builder v0.32.3
[1m[32m   Compiling[0m lindera-cc-cedict-builder v0.32.3
[1m[32m   Compiling[0m lindera-ipadic-builder v0.32.3
[1m[32m   Compiling[0m lindera-ipadic-neologd-builder v0.32.3
[1m[32m   Compiling[0m lindera-ko-dic-builder v0.32.3
[1m[32m   Compiling[0m itertools v0.10.5
[1m[32m   Compiling[0m fastrand v2.3.0
[1m[32m   Compiling[0m local-waker v0.1.3
[1m[32m   Compiling[0m lindera-ko-dic v0.32.3
[1m[32m   Compiling[0m lindera-ipadic-neologd v0.32.3
[1m[32m   Compiling[0m lindera-ipadic v0.32.3
[1m[32m   Compiling[0m lindera-cc-cedict v0.32.3
[1m[32m   Compiling[0m lindera-unidic v0.32.3
[1m[32m   Compiling[0m num-bigint v0.4.6
[1m[32m   Compiling[0m sha1 v0.10.6
[1m[32m   Compiling[0m actix-macros v0.2.4
[1m[32m   Compiling[0m bytestring v1.3.0
[1m[32m   Compiling[0m heck v0.4.1
[1m[32m   Compiling[0m winnow v0.5.40
[1m[32m   Compiling[0m alloc-no-stdlib v2.0.4
[1m[32m   Compiling[0m alloc-stdlib v0.2.2
[1m[32m   Compiling[0m actix-rt v2.10.0
[1m[32m   Compiling[0m strum_macros v0.26.2
[1m[32m   Compiling[0m toml_edit v0.21.0
[1m[32m   Compiling[0m actix-utils v3.0.1
[1m[32m   Compiling[0m phf_macros v0.11.2
[1m[32m   Compiling[0m actix-service v2.0.2
[1m[32m   Compiling[0m nom v7.1.3
[1m[32m   Compiling[0m http v0.2.11
[1m[32m   Compiling[0m strsim v0.10.0
[1m[32m   Compiling[0m regex-lite v0.1.6
[1m[32m   Compiling[0m darling_core v0.14.4
[1m[32m   Compiling[0m phf v0.11.2
[1m[32m   Compiling[0m proc-macro-crate v3.1.0
[1m[32m   Compiling[0m strum v0.26.2
[1m[32m   Compiling[0m brotli-decompressor v4.0.1
[1m[32m   Compiling[0m cookie v0.16.2
[1m[32m   Compiling[0m convert_case v0.4.0
[1m[32m   Compiling[0m tinyvec_macros v0.1.1
[1m[32m   Compiling[0m impl-more v0.1.6
[1m[32m   Compiling[0m static_assertions v1.1.0
[1m[32m   Compiling[0m actix-tls v3.4.0
[1m[32m   Compiling[0m tinyvec v1.6.0
[1m[32m   Compiling[0m derive_more v0.99.17
[1m[32m   Compiling[0m brotli v6.0.0
[1m[32m   Compiling[0m darling_macro v0.14.4
[1m[32m   Compiling[0m num_enum_derive v0.7.2
[1m[32m   Compiling[0m doxygen-rs v0.4.2
[1m[32m   Compiling[0m actix-router v0.5.3
[1m[32m   Compiling[0m h2 v0.3.26
[1m[32m   Compiling[0m num-rational v0.4.2
[1m[32m   Compiling[0m tempfile v3.15.0
[1m[32m   Compiling[0m local-channel v0.1.3
[1m[32m   Compiling[0m gemm-f32 v0.17.1
[1m[32m   Compiling[0m num-iter v0.1.45
[1m[32m   Compiling[0m actix-codec v0.5.1
[1m[32m   Compiling[0m mio v0.8.11
[1m[32m   Compiling[0m socket2 v0.4.9
[1m[32m   Compiling[0m language-tags v0.3.2
[1m[32m   Compiling[0m zip v1.1.4
[1m[32m   Compiling[0m bytecount v0.6.3
[1m[32m   Compiling[0m nom_locate v4.2.0
[1m[32m   Compiling[0m actix-http v3.9.0
[1m[32m   Compiling[0m actix-server v2.2.0
[1m[32m   Compiling[0m num v0.4.3
[1m[32m   Compiling[0m gemm-f16 v0.17.1
[1m[32m   Compiling[0m actix-web-codegen v4.3.0
[1m[32m   Compiling[0m num_enum v0.7.2
[1m[32m   Compiling[0m lmdb-master-sys v0.2.5
[1m[32m   Compiling[0m darling v0.14.4
[1m[32m   Compiling[0m unicode-normalization v0.1.24
[1m[32m   Compiling[0m gemm-f64 v0.17.1
[1m[32m   Compiling[0m gemm-c32 v0.17.1
[1m[32m   Compiling[0m gemm-c64 v0.17.1
[1m[32m   Compiling[0m convert_case v0.6.0
[1m[32m   Compiling[0m phf_codegen v0.11.2
[1m[32m   Compiling[0m kanaria v0.2.0
[1m[32m   Compiling[0m memmap2 v0.9.5
[1m[32m   Compiling[0m onig_sys v69.8.1
[1m[32m   Compiling[0m unescaper v0.1.5
[1m[32m   Compiling[0m fst v0.4.7
[1m[32m   Compiling[0m unicode-blocks v0.1.9
[1m[32m   Compiling[0m portable-atomic v1.5.1
[1m[32m   Compiling[0m bit-vec v0.6.3
[1m[32m   Compiling[0m bit-set v0.5.3
[1m[32m   Compiling[0m jieba-rs v0.7.0
[1m[32m   Compiling[0m gemm v0.17.1
[1m[32m   Compiling[0m actix-web v4.9.0
[1m[32m   Compiling[0m derive_builder_core v0.12.0
[1m[32m   Compiling[0m ug v0.0.2
[1m[32m   Compiling[0m kstring v2.0.0
[1m[32m   Compiling[0m futures-executor v0.3.31
[1m[32m   Compiling[0m irg-kvariants v0.1.1
[1m[32m   Compiling[0m crossbeam-queue v0.3.11
[1m[32m   Compiling[0m safetensors v0.4.2
[1m[32m   Compiling[0m itertools v0.13.0
[1m[32m   Compiling[0m liquid-derive v0.26.8
[1m[32m   Compiling[0m smartstring v1.0.1
[1m[32m   Compiling[0m base64 v0.21.7
[1m[32m   Compiling[0m esaxx-rs v0.1.10
[1m[32m   Compiling[0m option-ext v0.2.0
[1m[32m   Compiling[0m anymap2 v0.13.0
[1m[32m   Compiling[0m doc-comment v0.3.3
[1m[32m   Compiling[0m heapless v0.8.0
[1m[32m   Compiling[0m heed-traits v0.20.0
[1m[32m   Compiling[0m heed v0.22.0
[1m[32m   Compiling[0m heed-types v0.21.0
[1m[32m   Compiling[0m liquid-core v0.26.9
[1m[32m   Compiling[0m dirs-sys v0.4.1
[1m[32m   Compiling[0m candle-core v0.8.2
[1m[32m   Compiling[0m synchronoise v1.0.1
[1m[32m   Compiling[0m futures v0.3.31
[1m[32m   Compiling[0m derive_builder_macro v0.12.0
[1m[32m   Compiling[0m fancy-regex v0.13.0
[1m[32m   Compiling[0m filter-parser v1.14.0 (/__w/meilisearch/meilisearch/crates/filter-parser)
[1m[32m   Compiling[0m hashbrown v0.14.3
[1m[32m   Compiling[0m flatten-serde-json v1.14.0 (/__w/meilisearch/meilisearch/crates/flatten-serde-json)
[1m[32m   Compiling[0m itertools v0.11.0
[1m[32m   Compiling[0m cedarwood v0.4.6
[1m[32m   Compiling[0m bumpalo v3.16.0
[1m[32m   Compiling[0m monostate-impl v0.1.9
[1m[32m   Compiling[0m enum-iterator-derive v1.4.0
[1m[32m   Compiling[0m socks v0.3.4
[1m[32m   Compiling[0m hash32 v0.3.1
[1m[32m   Compiling[0m page_size v0.6.0
[1m[32m   Compiling[0m number_prefix v0.4.0
[1m[32m   Compiling[0m macro_rules_attribute-proc_macro v0.2.0
[1m[32m   Compiling[0m rhai v1.20.0 (https://github.com/rhaiscript/rhai?rev=ef3df63121d27aacd838f366f2b83fd65f20a1e4#ef3df631)
[1m[32m   Compiling[0m big_s v1.0.2
[1m[32m   Compiling[0m base64 v0.13.1
[1m[32m   Compiling[0m spm_precompiled v0.1.4
[1m[32m   Compiling[0m macro_rules_attribute v0.2.0
[1m[32m   Compiling[0m indicatif v0.17.7
[1m[32m   Compiling[0m enum-iterator v2.1.0
[1m[32m   Compiling[0m monostate v0.1.9
[1m[32m   Compiling[0m utoipa-gen v5.3.1
[1m[32m   Compiling[0m rayon-cond v0.3.0
[1m[32m   Compiling[0m whatlang v0.16.4
[1m[32m   Compiling[0m candle-nn v0.8.2
[1m[32m   Compiling[0m derive_builder v0.12.0
[1m[32m   Compiling[0m onig v6.4.0
[1m[32m   Compiling[0m liquid-lib v0.26.9
[1m[32m   Compiling[0m dirs v5.0.1
[1m[32m   Compiling[0m deserr-internal v0.6.3
[1m[32m   Compiling[0m wana_kana v4.0.0
[1m[32m   Compiling[0m bitpacking v0.9.2
[1m[32m   Compiling[0m roaring v0.10.10
[1m[32m   Compiling[0m bstr v1.11.3
[1m[32m   Compiling[0m json-depth-checker v1.14.0 (/__w/meilisearch/meilisearch/crates/json-depth-checker)
[1m[32m   Compiling[0m itertools v0.12.1
[1m[32m   Compiling[0m spin v0.9.8
[1m[32m   Compiling[0m unicode-normalization-alignments v0.1.12
[1m[32m   Compiling[0m serde_plain v1.0.2
[1m[32m   Compiling[0m serde-cs v0.2.4
[1m[32m   Compiling[0m thin-vec v0.2.13
[1m[32m   Compiling[0m rhai_codegen v2.2.0 (https://github.com/rhaiscript/rhai?rev=ef3df63121d27aacd838f366f2b83fd65f20a1e4#ef3df631)
[1m[32m   Compiling[0m ordered-float v4.6.0
[1m[32m   Compiling[0m nohash v0.2.0
[1m[32m   Compiling[0m unicode_categories v0.1.1
[1m[32m   Compiling[0m slice-group-by v0.3.1
[1m[32m   Compiling[0m tokenizers v0.15.2 (https://github.com/huggingface/tokenizers.git?tag=v0.15.2#701a73b8)
[1m[32m   Compiling[0m arroy v0.6.1
[1m[32m   Compiling[0m deserr v0.6.3
[1m[32m   Compiling[0m candle-transformers v0.8.2
[1m[32m   Compiling[0m flume v0.11.1
[1m[32m   Compiling[0m tiktoken-rs v0.6.0
[1m[32m   Compiling[0m bumparaw-collections v0.1.4
[1m[32m   Compiling[0m liquid v0.26.9
[1m[32m   Compiling[0m hf-hub v0.3.2 (https://github.com/dureuill/hf-hub.git?branch=rust_tls#88d4f11c)
[1m[32m   Compiling[0m utoipa v5.3.1
[1m[32m   Compiling[0m rstar v0.12.2
[1m[32m   Compiling[0m uell v0.1.0
[1m[32m   Compiling[0m levenshtein_automata v0.2.1
[1m[32m   Compiling[0m grenad v0.5.0
[1m[32m   Compiling[0m concat-arrays v0.1.2
[1m[32m   Compiling[0m rayon-par-bridge v0.1.0
[1m[32m   Compiling[0m crossbeam-channel v0.5.15
[1m[32m   Compiling[0m lru v0.13.0
[1m[32m   Compiling[0m itertools v0.14.0
[1m[32m   Compiling[0m smallstr v0.3.0
[1m[32m   Compiling[0m bimap v0.6.3
[1m[32m   Compiling[0m obkv v0.3.0
[1m[32m   Compiling[0m geoutils v0.5.1
[1m[32m   Compiling[0m rustc-hash v2.1.0
[1m[32m   Compiling[0m bbqueue v0.5.1 (https://github.com/meilisearch/bbqueue#cbb87cc7)
[1m[32m   Compiling[0m http-body v1.0.0
[1m[32m   Compiling[0m try-lock v0.2.4
[1m[32m   Compiling[0m want v0.3.1
[1m[32m   Compiling[0m tower-service v0.3.3
[1m[32m   Compiling[0m utf8parse v0.2.1
[1m[32m   Compiling[0m anstyle-query v1.0.0
[1m[32m   Compiling[0m anstyle-parse v0.2.1
[1m[32m   Compiling[0m colorchoice v1.0.0
[1m[32m   Compiling[0m anstyle v1.0.10
[1m[32m   Compiling[0m heck v0.5.0
[1m[32m   Compiling[0m anstream v0.6.13
[1m[32m   Compiling[0m clap_lex v0.7.4
[1m[32m   Compiling[0m clap_builder v4.5.24
[1m[32m   Compiling[0m clap_derive v4.5.24
[1m[32m   Compiling[0m clap v4.5.24
[1m[32m   Compiling[0m clang-sys v1.7.0
[1m[32m   Compiling[0m sync_wrapper v1.0.1
[1m[32m   Compiling[0m rust_decimal v1.35.0
[1m[32m   Compiling[0m tower-layer v0.3.3
[1m[32m   Compiling[0m vcpkg v0.2.15
[1m[32m   Compiling[0m libz-sys v1.1.15
[1m[32m   Compiling[0m libloading v0.8.6
[1m[32m   Compiling[0m arrayvec v0.7.4
[1m[32m   Compiling[0m bindgen v0.70.1
[1m[32m   Compiling[0m cexpr v0.6.0
[1m[32m   Compiling[0m file-store v1.14.0 (/__w/meilisearch/meilisearch/crates/file-store)
[1m[32m   Compiling[0m rustls-pemfile v2.2.0
[1m[32m   Compiling[0m ipnet v2.8.0
[1m[32m   Compiling[0m linked-hash-map v0.5.6
[1m[32m   Compiling[0m similar v2.2.1
[1m[32m   Compiling[0m utf8-width v0.1.6
[1m[32m   Compiling[0m overload v0.1.1
[1m[32m   Compiling[0m num_threads v0.1.7
[1m[32m   Compiling[0m insta v1.39.0
[1m[32m   Compiling[0m nu-ansi-term v0.46.0
[1m[32m   Compiling[0m byte-unit v5.1.6
[1m[32m   Compiling[0m vergen-lib v0.1.5
[1m[32m   Compiling[0m sharded-slab v0.1.7
[1m[32m   Compiling[0m tracing-log v0.2.0
[1m[32m   Compiling[0m tracing-serde v0.2.0
[1m[32m   Compiling[0m libgit2-sys v0.17.0+1.8.1
[1m[32m   Compiling[0m libproc v0.14.10
[1m[32m   Compiling[0m tracing-subscriber v0.3.19
[1m[32m   Compiling[0m vergen v9.0.2
[1m[32m   Compiling[0m maplit v1.0.2
[1m[32m   Compiling[0m tracing-error v0.2.1
[1m[32m   Compiling[0m sha2 v0.10.8
[1m[32m   Compiling[0m debugid v0.8.0
[1m[32m   Compiling[0m vergen-git2 v1.0.2
[1m[32m   Compiling[0m errno v0.3.8
[1m[32m   Compiling[0m atomic-waker v1.1.2
[1m[32m   Compiling[0m owo-colors v3.5.0
[1m[32m   Compiling[0m color-spantrace v0.2.1
[1m[32m   Compiling[0m h2 v0.4.5
[1m[32m   Compiling[0m fxprof-processed-profile v0.7.0
[1m[32m   Compiling[0m hyper v1.4.1
[1m[32m   Compiling[0m unicase v2.6.0
[1m[32m   Compiling[0m md5 v0.7.0
[1m[32m   Compiling[0m hyper-util v0.1.10
[1m[32m   Compiling[0m libmimalloc-sys v0.1.39
[1m[32m   Compiling[0m hyper-rustls v0.27.2
[1m[32m   Compiling[0m meili-snap v1.14.0 (/__w/meilisearch/meilisearch/crates/meili-snap)
[1m[32m   Compiling[0m tracing-trace v0.1.0 (/__w/meilisearch/meilisearch/crates/tracing-trace)
[1m[32m   Compiling[0m tower v0.5.2
[1m[32m   Compiling[0m http-body-util v0.1.2
[1m[32m   Compiling[0m zstd-sys v2.0.10+zstd.1.5.6
[1m[32m   Compiling[0m is-terminal v0.4.13
[1m[32m   Compiling[0m reqwest v0.12.12
[1m[32m   Compiling[0m mime_guess v2.0.4
[1m[32m   Compiling[0m hmac v0.12.1
[1m[32m   Compiling[0m winnow v0.6.22
[1m[32m   Compiling[0m mimalloc v0.1.43
[1m[32m   Compiling[0m bzip2-sys v0.1.13+1.0.8
[1m[32m   Compiling[0m lzma-sys v0.1.20
[1m[32m   Compiling[0m path-matchers v1.0.2
[1m[32m   Compiling[0m zstd-safe v7.2.0
[1m[32m   Compiling[0m path-slash v0.1.5
[1m[32m   Compiling[0m change-detection v1.2.0
[1m[32m   Compiling[0m inout v0.1.3
[1m[32m   Compiling[0m serde_spanned v0.6.8
[1m[32m   Compiling[0m getrandom v0.3.1
[1m[32m   Compiling[0m crc-catalog v2.4.0
[1m[32m   Compiling[0m hex v0.4.3
[1m[32m   Compiling[0m crc v3.2.1
[1m[32m   Compiling[0m toml_edit v0.22.22
[1m[32m   Compiling[0m cipher v0.4.4
[1m[32m   Compiling[0m static-files v0.2.4
[1m[32m   Compiling[0m sysinfo v0.33.1
[1m[32m   Compiling[0m zip v2.3.0
[1m[32m   Compiling[0m simd-adler32 v0.3.7
[1m[32m   Compiling[0m lockfree-object-pool v0.1.6
[1m[32m   Compiling[0m zopfli v0.8.1
[1m[32m   Compiling[0m toml v0.8.19
[1m[32m   Compiling[0m pbkdf2 v0.12.2
[1m[32m   Compiling[0m zstd v0.13.2
[1m[32m   Compiling[0m bzip2 v0.5.2
[1m[32m   Compiling[0m aes v0.8.4
[1m[32m   Compiling[0m lzma-rs v0.3.0
[1m[32m   Compiling[0m xz2 v0.1.7
[1m[32m   Compiling[0m async-trait v0.1.85
[1m[32m   Compiling[0m constant_time_eq v0.3.0
[1m[32m   Compiling[0m ciborium-io v0.2.1
[1m[32m   Compiling[0m deflate64 v0.1.9
[1m[32m   Compiling[0m half v1.8.2
[1m[32m   Compiling[0m protobuf v2.28.0
[1m[32m   Compiling[0m procfs v0.16.0
[1m[32m   Compiling[0m plotters-backend v0.3.5
[1m[32m   Compiling[0m plotters-svg v0.3.5
[1m[32m   Compiling[0m ciborium-ll v0.2.1
[1m[32m   Compiling[0m cargo_toml v0.21.0
[1m[32m   Compiling[0m procfs-core v0.16.0
[1m[32m   Compiling[0m git2 v0.19.0
[1m[32m   Compiling[0m sha-1 v0.10.1
[1m[32m   Compiling[0m pin-project-internal v1.1.4
[1m[32m   Compiling[0m dirs-sys-next v0.1.2
[1m[32m   Compiling[0m cast v0.3.0
[1m[32m   Compiling[0m same-file v1.0.6
[1m[32m   Compiling[0m prometheus v0.13.4
[1m[32m   Compiling[0m pin-project v1.1.4
[1m[32m   Compiling[0m walkdir v2.5.0
[1m[32m   Compiling[0m criterion-plot v0.5.0
[1m[32m   Compiling[0m dirs-next v1.0.2
[1m[32m   Compiling[0m meilisearch v1.14.0 (/__w/meilisearch/meilisearch/crates/meilisearch)
[1m[32m   Compiling[0m build-info v1.14.0 (/__w/meilisearch/meilisearch/crates/build-info)
[1m[33mwarning[0m[1m:[0m build-info@1.14.0: vergen: could not find repository at '/__w/meilisearch/meilisearch/crates/build-info'; class=Repository (6); code=NotFound (-3)
[1m[32m   Compiling[0m ciborium v0.2.1
[1m[32m   Compiling[0m plotters v0.3.5
[1m[32m   Compiling[0m pem v3.0.3
[1m[32m   Compiling[0m simple_asn1 v0.6.2
[1m[32m   Compiling[0m tinytemplate v1.2.1
[1m[32m   Compiling[0m permissive-json-pointer v1.14.0 (/__w/meilisearch/meilisearch/crates/permissive-json-pointer)
[1m[32m   Compiling[0m mutually_exclusive_features v0.1.0
[1m[32m   Compiling[0m anes v0.1.6
[1m[32m   Compiling[0m oorandom v11.1.3
[1m[32m   Compiling[0m tracing-actix-web v0.7.15
[1m[32m   Compiling[0m criterion v0.5.1
[1m[32m   Compiling[0m jsonwebtoken v9.3.0
[1m[32m   Compiling[0m platform-dirs v0.3.0
[1m[32m   Compiling[0m segment v0.2.5
[1m[32m   Compiling[0m actix-cors v0.7.0
[1m[32m   Compiling[0m siphasher v1.0.1
[1m[32m   Compiling[0m semver v1.0.18
[1m[32m   Compiling[0m deadpool-runtime v0.1.4
[1m[32m   Compiling[0m termcolor v1.4.1
[1m[32m   Compiling[0m mopa-maintained v0.2.3
[1m[32m   Compiling[0m camino v1.1.6
[1m[32m   Compiling[0m deadpool v0.10.0
[1m[32m   Compiling[0m assert-json-diff v2.0.2
[1m[32m   Compiling[0m wiremock v0.6.2
[1m[32m   Compiling[0m temp-env v0.3.6
[1m[32m   Compiling[0m yaup v0.3.1
[1m[32m   Compiling[0m cargo-platform v0.1.6
[1m[32m   Compiling[0m manifest-dir-macros v0.1.18
[1m[32m   Compiling[0m derive_arbitrary v1.4.1
[1m[32m   Compiling[0m urlencoding v2.1.3
[1m[32m   Compiling[0m cargo_metadata v0.19.1
[1m[32m   Compiling[0m arbitrary v1.4.1
[1m[32m   Compiling[0m benchmarks v1.14.0 (/__w/meilisearch/meilisearch/crates/benchmarks)
[1m[32m   Compiling[0m xtask v1.14.0 (/__w/meilisearch/meilisearch/crates/xtask)
[1m[32m   Compiling[0m lindera-dictionary v0.32.3
[1m[32m   Compiling[0m lindera-tokenizer v0.32.3
[1m[32m   Compiling[0m lindera-filter v0.32.3
[1m[32m   Compiling[0m lindera-analyzer v0.32.3
[1m[32m   Compiling[0m lindera v0.32.3
[1m[32m   Compiling[0m charabia v0.9.3
[1m[32m   Compiling[0m milli v1.14.0 (/__w/meilisearch/meilisearch/crates/milli)
[1m[32m   Compiling[0m meilisearch-types v1.14.0 (/__w/meilisearch/meilisearch/crates/meilisearch-types)
[1m[32m   Compiling[0m meilisearch-auth v1.14.0 (/__w/meilisearch/meilisearch/crates/meilisearch-auth)
[1m[32m   Compiling[0m dump v1.14.0 (/__w/meilisearch/meilisearch/crates/dump)
[1m[32m   Compiling[0m index-scheduler v1.14.0 (/__w/meilisearch/meilisearch/crates/index-scheduler)
[1m[32m   Compiling[0m fuzzers v1.14.0 (/__w/meilisearch/meilisearch/crates/fuzzers)
[1m[32m   Compiling[0m meilitool v1.14.0 (/__w/meilisearch/meilisearch/crates/meilitool)
[1m[32m    Finished[0m `test` profile [unoptimized + debuginfo] target(s) in 8m 26s
[1m[32m     Running[0m unittests src/lib.rs (target/debug/deps/benchmarks-73fccfa8681d5641)
2025-04-14T23:27:17.2498635Z
running 0 tests
2025-04-14T23:27:17.2500871Z
test result: ok. 0 passed; 0 failed; 0 ignored; 0 measured; 0 filtered out; finished in 0.00s
2025-04-14T23:27:17.2502096Z
[1m[32m     Running[0m unittests src/lib.rs (target/debug/deps/build_info-151d8098d01e78e0)
2025-04-14T23:27:17.2575481Z
running 4 tests
test test::prototype ... ok
test test::not_a_tag ... ok
test test::prerelease ... ok
test test::release ... ok
2025-04-14T23:27:17.2583451Z
test result: ok. 4 passed; 0 failed; 0 ignored; 0 measured; 0 filtered out; finished in 0.00s
2025-04-14T23:27:17.2584397Z
[1m[32m     Running[0m unittests src/lib.rs (target/debug/deps/dump-35074fa0cbd0ae8a)
2025-04-14T23:27:17.2607029Z
running 22 tests
test reader::compat::v4_to_v5::test::compat_v4_v5 ... ok
test reader::compat::v1_to_v2::test::compat_v1_v2 ... ok
test reader::compat::v3_to_v4::test::compat_v3_v4 ... ok
test reader::compat::v2_to_v3::test::compat_v2_v3 ... ok
test reader::test::import_dump_v1 ... ok
test reader::test::import_dump_v2_from_meilisearch_v0_22_0_issue_3435 ... ok
test reader::compat::v5_to_v6::test::compat_v5_v6 ... ok
test reader::test::import_dump_v2 ... ok
test reader::test::import_dump_v6_experimental ... ok
test reader::test::import_dump_v3 ... ok
test reader::test::import_dump_v4 ... ok
test reader::test::import_dump_v5 ... ok
test reader::v1::test::read_dump_v1 ... ok
test reader::test::import_dump_v6_with_vectors ... ok
test reader::v2::test::read_dump_v2_from_meilisearch_v0_22_0_issue_3435 ... ok
test reader::v3::test::read_dump_v3 ... ok
test reader::v2::test::read_dump_v2 ... ok
test reader::v4::test::read_dump_v4 ... ok
test test::test_creating_and_read_dump ... ok
test writer::test::test_creating_dump ... ok
test reader::v5::test::read_dump_v5 ... ok
test reader::test::import_dump_v6_network ... ok
2025-04-14T23:27:17.6608752Z
test result: ok. 22 passed; 0 failed; 0 ignored; 0 measured; 0 filtered out; finished in 0.40s
2025-04-14T23:27:17.6609951Z
[1m[32m     Running[0m unittests src/lib.rs (target/debug/deps/file_store-a496d173e7b2aae5)
2025-04-14T23:27:17.6660848Z
running 1 test
test test::all_uuids ... ok
2025-04-14T23:27:17.6670137Z
test result: ok. 1 passed; 0 failed; 0 ignored; 0 measured; 0 filtered out; finished in 0.00s
2025-04-14T23:27:17.6671012Z
[1m[32m     Running[0m unittests src/lib.rs (target/debug/deps/filter_parser-b801d3a0e4eaaaa3)
2025-04-14T23:27:17.6732390Z
running 11 tests
test tests::fids ... ok
test tests::depth ... ok
test tests::token_from_str ... ok
test value::test::diagnostic ... ok
test value::test::test_escape_inside_double_quote ... ok
test value::test::test_span ... ok
test value::test::test_unescape ... ok
test value::test::test_value ... ok
test tests::parse_escaped ... ok
test tests::error ... ok
test tests::parse ... ok
2025-04-14T23:27:17.7334550Z
test result: ok. 11 passed; 0 failed; 0 ignored; 0 measured; 0 filtered out; finished in 0.06s
2025-04-14T23:27:17.7335320Z
[1m[32m     Running[0m unittests src/main.rs (target/debug/deps/filter_parser-fc87b44710e2d313)
2025-04-14T23:27:17.7378667Z
running 0 tests
2025-04-14T23:27:17.7379173Z
test result: ok. 0 passed; 0 failed; 0 ignored; 0 measured; 0 filtered out; finished in 0.00s
2025-04-14T23:27:17.7380078Z
[1m[32m     Running[0m unittests src/lib.rs (target/debug/deps/flatten_serde_json-56ddec0d8414492a)
2025-04-14T23:27:17.7431803Z
running 8 tests
test tests::collision_with_object ... ok
test tests::collision_with_array ... ok
test tests::flatten_nested_arrays ... ok
test tests::flatten_array ... ok
test tests::flatten_nested_arrays_and_objects ... ok
test tests::flatten_object ... ok
test tests::no_flattening ... ok
test tests::flatten_nested_values_keep_original_values ... ok
2025-04-14T23:27:17.7444146Z
test result: ok. 8 passed; 0 failed; 0 ignored; 0 measured; 0 filtered out; finished in 0.00s
2025-04-14T23:27:17.7445036Z
[1m[32m     Running[0m unittests src/main.rs (target/debug/deps/flatten_serde_json-18a087013fbd4e68)
2025-04-14T23:27:17.7485271Z
running 0 tests
2025-04-14T23:27:17.7485702Z
test result: ok. 0 passed; 0 failed; 0 ignored; 0 measured; 0 filtered out; finished in 0.00s
2025-04-14T23:27:17.7486998Z
[1m[32m     Running[0m unittests src/lib.rs (target/debug/deps/fuzzers-a34c087f72ae3a9a)
2025-04-14T23:27:17.7505302Z
running 0 tests
2025-04-14T23:27:17.7505951Z
test result: ok. 0 passed; 0 failed; 0 ignored; 0 measured; 0 filtered out; finished in 0.00s
2025-04-14T23:27:17.7506725Z
[1m[32m     Running[0m unittests src/bin/fuzz-indexing.rs (target/debug/deps/fuzz_indexing-97ae8bef61855130)
2025-04-14T23:27:17.7545706Z
running 0 tests
2025-04-14T23:27:17.7546889Z
test result: ok. 0 passed; 0 failed; 0 ignored; 0 measured; 0 filtered out; finished in 0.00s
2025-04-14T23:27:17.7547802Z
[1m[32m     Running[0m unittests src/lib.rs (target/debug/deps/index_scheduler-9792ec99d352e6fc)
2025-04-14T23:27:17.7591153Z
running 76 tests
test index_mapper::index_map::tests::resize_index ... ok
test index_mapper::index_map::tests::evict_indexes ... ok
test processing::test::one_level ... ok
test processing::test::task_progress ... ok
test queue::batches_test::query_batches_canceled_by ... ok
test queue::tasks_test::query_tasks_canceled_by ... ok
test queue::batches_test::query_batches_simple ... ok
test queue::batches_test::query_batches_special_rules ... ok
test queue::batches_test::query_batches_from_and_limit ... ok
test queue::tasks_test::query_tasks_special_rules ... ok
test queue::test::basic_set_taskid ... ok
test queue::test::dry_run ... ok
test queue::test::register ... ok
test queue::tasks_test::query_tasks_simple ... ok
test queue::tasks_test::query_tasks_from_and_limit ... ok
test scheduler::autobatcher_test::allowed_and_disallowed_index_creation ... ok
test scheduler::autobatcher_test::anything_and_index_deletion ... ok
test scheduler::autobatcher_test::autobatch_primary_key ... ok
test scheduler::autobatcher_test::autobatch_simple_operation_together ... ok
test scheduler::autobatcher_test::clear_and_additions ... ok
test scheduler::autobatcher_test::clear_and_additions_and_settings ... ok
test scheduler::autobatcher_test::document_addition_doesnt_batch_with_settings ... ok
test scheduler::autobatcher_test::simple_different_document_operations_autobatch_together ... ok
test queue::test::test_disable_auto_deletion_of_tasks ... ok
test queue::test::test_auto_deletion_of_tasks ... ok
test scheduler::test::cancel_enqueued_task ... ok
test scheduler::test::basic_get_stats ... ok
test scheduler::test::cancel_processing_dump ... ok
test scheduler::test::cancel_processing_task ... ok
test scheduler::test::create_and_list_index ... ok
test scheduler::test::cancel_mix_of_tasks ... ok
test scheduler::test::cancel_succeeded_task ... ok
test scheduler::test::document_addition_and_index_deletion_on_unexisting_index ... ok
test scheduler::test::insert_task_while_another_task_is_processing ... ok
test scheduler::test::document_addition_and_index_deletion ... ok
test scheduler::test::process_tasks_inserted_without_new_signal ... ok
test scheduler::test::do_not_batch_task_of_different_indexes ... ok
test scheduler::test::simple_new ... ok
test scheduler::test::process_tasks_without_autobatching ... ok
test scheduler::test::task_deletion_delete_same_task_twice ... ok
test scheduler::test::swap_indexes ... ok
test scheduler::test::swap_indexes_errors ... ok
test scheduler::test::task_deletion_undeleteable ... ok
test scheduler::test::test_task_is_processing ... ok
test scheduler::test::test_settings_update ... ok
test scheduler::test::task_deletion_deleteable ... ok
test scheduler::test_document_addition::document_addition ... ok
test scheduler::test_document_addition::document_addition_and_document_deletion ... ok
test scheduler::test_document_addition::document_deletion_and_document_addition ... ok
test scheduler::test_document_addition::test_document_addition_cant_create_index_without_index ... ok
test scheduler::test_document_addition::test_document_addition_cant_create_index_with_index ... ok
test scheduler::test_document_addition::test_document_addition_mixed_right_without_index_starts_with_cant_create ... ok
test scheduler::test_document_addition::test_document_addition_cant_create_index_without_index_without_autobatching ... ok
test scheduler::test_document_addition::test_document_addition_mixed_rights_with_index ... ok
test scheduler::test_document_addition::test_document_addition_with_bad_primary_key ... ok
test scheduler::test_document_addition::test_document_addition_with_multiple_primary_key ... ok
test scheduler::test_document_addition::test_document_addition_with_multiple_primary_key_batch_wrong_key ... ok
test scheduler::test_document_addition::test_document_addition_cant_create_index_with_index_without_autobatching ... ok
test scheduler::test_document_addition::test_document_addition_with_set_and_null_primary_key ... ok
test scheduler::test_document_addition::test_document_replace ... ok
test scheduler::test_document_addition::test_document_addition_with_set_and_null_primary_key_inference_works ... ok
test scheduler::test_document_addition::test_document_update ... ok
test scheduler::test_document_addition::test_mixed_document_addition ... ok
test scheduler::test_document_addition::test_document_replace_without_autobatching ... ok
test scheduler::test_document_addition::test_document_update_without_autobatching ... ok
test scheduler::test_embedders::delete_document_containing_vector ... ok
test scheduler::test_embedders::import_vectors_first_and_embedder_later ... ok
test scheduler::test_failure::fail_in_process_batch_for_document_addition ... ok
test scheduler::test_failure::fail_in_process_batch_for_document_deletion ... ok
test scheduler::test_failure::fail_in_process_batch_for_index_creation ... ok
test queue::test::test_task_queue_is_full ... ok
test scheduler::test_failure::panic_in_process_batch_for_index_creation ... ok
test scheduler::test_failure::fail_in_update_task_after_process_batch_success_for_document_addition ... ok
test scheduler::test_embedders::delete_embedder_with_user_provided_vectors ... ok
test scheduler::test_embedders::import_vectors ... ok
test scheduler::test_failure::upgrade_failure ... ok
2025-04-14T23:27:28.3484381Z
test result: ok. 76 passed; 0 failed; 0 ignored; 0 measured; 0 filtered out; finished in 10.59s
2025-04-14T23:27:28.3485373Z
[1m[32m     Running[0m unittests src/lib.rs (target/debug/deps/json_depth_checker-30f2eb348e09aaf9)
2025-04-14T23:27:28.4360691Z
running 2 tests
test tests::test_should_flatten ... ok
test tests::test_shouldnt_flatten ... ok
2025-04-14T23:27:28.4372041Z
test result: ok. 2 passed; 0 failed; 0 ignored; 0 measured; 0 filtered out; finished in 0.00s
2025-04-14T23:27:28.4373710Z
[1m[32m     Running[0m unittests src/lib.rs (target/debug/deps/meili_snap-68972254123efe6f)
2025-04-14T23:27:28.4425354Z
running 2 tests
test tests::snap ... ok
test tests::snap::some_test ... ok
2025-04-14T23:27:28.4968369Z
test result: ok. 2 passed; 0 failed; 0 ignored; 0 measured; 0 filtered out; finished in 0.05s
2025-04-14T23:27:28.4969320Z
[1m[32m     Running[0m unittests src/lib.rs (target/debug/deps/meilisearch-0b26b50f31764ef8)
2025-04-14T23:27:28.5028624Z
running 14 tests
test option_test::test_meilli_config_file_path_invalid ... ignored
test option_test::test_meilli_config_file_path_valid ... ignored
test routes::indexes::search_test::test_fix_sort_query_parameters ... ok
test option_test::test_valid_opt ... ok
test extractors::payload::tests::payload_to_large ... ok
test routes::tasks_test::tests::deserialize_task_delete_or_cancel_empty ... ok
test routes::tasks_test::tests::deserialize_task_filter_index_uids ... ok
test routes::tasks_test::tests::deserialize_task_filter_status ... ok
test routes::tasks_test::tests::deserialize_task_filter_general ... ok
test routes::tasks_test::tests::deserialize_task_filter_dates ... ok
test routes::tasks_test::tests::deserialize_task_filter_types ... ok
test routes::tasks_test::tests::deserialize_task_filter_uids ... ok
test search::mod_test::test_insert_geo_distance_with_coords_as_string ... ok
test search::mod_test::test_insert_geo_distance ... ok
2025-04-14T23:27:28.5705300Z
test result: ok. 12 passed; 0 failed; 2 ignored; 0 measured; 0 filtered out; finished in 0.07s
2025-04-14T23:27:28.5706303Z
[1m[32m     Running[0m unittests src/main.rs (target/debug/deps/meilisearch-477a10e8a5afa8d4)
2025-04-14T23:27:28.5746038Z
running 0 tests
2025-04-14T23:27:28.5751123Z
test result: ok. 0 passed; 0 failed; 0 ignored; 0 measured; 0 filtered out; finished in 0.00s
2025-04-14T23:27:28.5753586Z
[1m[32m     Running[0m tests/content_type.rs (target/debug/deps/content_type-c252878e0ee6e189)
2025-04-14T23:27:28.5800668Z
running 2 tests
test extract_actual_content_type ... ok
test error_json_bad_content_type ... ok
2025-04-14T23:27:28.6619562Z
test result: ok. 2 passed; 0 failed; 0 ignored; 0 measured; 0 filtered out; finished in 0.08s
2025-04-14T23:27:28.6620949Z
[1m[32m     Running[0m tests/integration.rs (target/debug/deps/integration-d05f852d5de52ee6)
2025-04-14T23:27:28.6740515Z
running 778 tests
test auth::api_keys::add_valid_api_key_no_description ... ok
test auth::api_keys::add_valid_api_key_null_description ... ok
test auth::api_keys::add_valid_api_key_expired_at ... ok
test auth::api_keys::add_valid_api_key ... ok
test auth::api_keys::error_add_api_key_bad_key ... ok
test auth::api_keys::error_add_api_key_invalid_index_uids ... ok
test auth::api_keys::delete_api_key ... ok
test auth::api_keys::error_add_api_key_invalid_parameters_actions ... ok
test auth::api_keys::error_add_api_key_invalid_parameters_description ... ok
test auth::api_keys::error_access_api_key_routes_no_master_key_set ... ok
test auth::api_keys::error_add_api_key_invalid_parameters_expires_at ... ok
test auth::api_keys::error_add_api_key_invalid_parameters_indexes ... ok
test auth::api_keys::error_add_api_key_invalid_parameters_expires_at_in_the_past ... ok
test auth::api_keys::error_add_api_key_invalid_parameters_uid ... ok
test auth::api_keys::error_add_api_key_invalid_parameters_name ... ok
test auth::api_keys::error_add_api_key_no_header ... ok
test auth::api_keys::error_add_api_key_missing_parameter ... ok
test auth::api_keys::error_delete_api_key_bad_key ... ok
test auth::api_keys::error_delete_api_key_not_found ... ok
test auth::api_keys::error_delete_api_key_no_header ... ok
test auth::api_keys::error_add_api_key_parameters_uid_already_exist ... ok
test auth::api_keys::error_get_api_key_bad_key ... ok
test auth::api_keys::error_get_api_key_no_header ... ok
test auth::api_keys::error_get_api_key_not_found ... ok
test auth::api_keys::error_list_api_keys_bad_key ... ok
test auth::api_keys::error_list_api_keys_no_header ... ok
test auth::api_keys::error_patch_api_key_bad_key ... ok
test auth::api_keys::error_patch_api_key_indexes_invalid_parameters ... ok
test auth::api_keys::error_patch_api_key_no_header ... ok
test auth::api_keys::error_patch_api_key_not_found ... ok
test auth::api_keys::get_api_key ... ok
test auth::api_keys::list_api_keys ... ok
test auth::api_keys::error_patch_api_key_actions ... ok
test auth::api_keys::error_patch_api_key_expiration_date ... ok
test auth::api_keys::error_patch_api_key_indexes ... ok
test auth::api_keys::patch_api_key_description ... ok
test auth::authorization::access_authorized_master_key ... ok
test auth::authorization::access_authorized_index_patterns ... ok
test auth::api_keys::patch_api_key_name ... ok
test auth::authorization::access_authorized_stats_no_index_restriction ... ok
test auth::authorization::access_authorized_stats_restricted_index ... ok
test auth::authorization::error_access_expired_key ... ok
test auth::authorization::error_access_unauthorized_action ... ok
test auth::authorization::error_creating_index_without_action ... ok
test auth::authorization::error_creating_index_without_index ... ok
test auth::authorization::error_access_unauthorized_index ... ok
test auth::authorization::access_authorized_restricted_index ... ok
test auth::authorization::list_authorized_indexes_no_index_restriction ... ok
test auth::authorization::lazy_create_index ... ok
test auth::authorization::list_authorized_indexes_restricted_index ... ok
test auth::authorization::access_authorized_no_index_restriction ... ok
test auth::authorization::list_authorized_tasks_restricted_index ... ok
test auth::authorization::pattern_indexes ... ok
test auth::errors::create_api_key_bad_actions ... ok
test auth::errors::create_api_key_bad_description ... ok
test auth::errors::create_api_key_bad_expires_at ... ok
test auth::errors::create_api_key_bad_indexes ... ok
test auth::errors::create_api_key_bad_name ... ok
test auth::errors::create_api_key_bad_uid ... ok
test auth::authorization::list_authorized_tasks_no_index_restriction ... ok
test auth::errors::create_api_key_missing_action ... ok
test auth::errors::create_api_key_missing_expires_at ... ok
test auth::errors::create_api_key_missing_indexes ... ok
test auth::errors::create_api_key_unexpected_field ... ok
test auth::errors::invalid_api_key ... ok
test auth::errors::invalid_auth_format ... ok
test auth::errors::list_api_keys_bad_limit ... ok
test auth::errors::invalid_tenant_token ... ok
test auth::errors::list_api_keys_unexpected_field ... ok
test auth::errors::list_api_keys_bad_offset ... ok
test auth::errors::patch_api_keys_bad_name ... ok
test auth::errors::patch_api_keys_bad_description ... ok
test auth::errors::patch_api_keys_immutable_created_at ... ok
test auth::errors::patch_api_keys_immutable_actions ... ok
test auth::errors::patch_api_keys_immutable_expires_at ... ok
test auth::errors::patch_api_keys_immutable_indexes ... ok
test auth::errors::patch_api_keys_immutable_uid ... ok
test auth::authorization::raise_error_non_authorized_index_patterns ... ok
test auth::errors::patch_api_keys_immutable_updated_at ... ok
test auth::errors::patch_api_keys_unknown_field ... ok
test auth::payload::error_api_key_empty_content_types ... ok
test auth::payload::error_api_key_bad_content_types ... ok
test auth::payload::error_api_key_empty_payload ... ok
test auth::payload::error_api_key_missing_content_types ... ok
test auth::payload::error_api_key_malformed_payload ... ok
test auth::tenant_token::error_access_modified_token ... ok
test auth::tenant_token::error_access_forbidden_routes ... ok
test auth::authorization::lazy_create_index_from_pattern ... ok
test auth::tenant_token::error_access_expired_parent_key ... ok
test auth::tenant_token::error_search_forbidden_token ... ok
test auth::tenant_token::error_search_token_forbidden_parent_key ... ok
test auth::tenant_token_multi_search::error_access_expired_parent_key ... ok
test auth::tenant_token_multi_search::error_access_modified_token ... ok
test auth::tenant_token::filter_search_authorized_filter_token ... ok
test auth::tenant_token::search_authorized_simple_token ... ok
test auth::tenant_token::search_authorized_filter_token ... ok
test auth::tenant_token_multi_search::error_single_search_forbidden_token ... ok
test auth::tenant_token_multi_search::error_single_search_token_forbidden_parent_key ... ok
test auth::tenant_token_multi_search::error_multi_search_token_forbidden_parent_key ... ok
test auth::tenant_token_multi_search::error_multi_search_forbidden_token ... ok
test auth::tenant_token_multi_search::filter_multi_search_authorized_filter_token ... ok
test auth::tenant_token_multi_search::multi_search_authorized_filter_token ... ok
test auth::tenant_token_multi_search::multi_search_authorized_simple_token ... ok
test batches::error_get_unexisting_batch_status ... ok
test batches::errors::bask_bad_reverse ... ok
test batches::errors::batch_bad_after_enqueued_at ... ok
test batches::errors::batch_bad_after_finished_at ... ok
test batches::errors::batch_bad_after_started_at ... ok
test batches::errors::batch_bad_before_enqueued_at ... ok
test batches::errors::batch_bad_before_finished_at ... ok
test batches::errors::batch_bad_before_started_at ... ok
test batches::errors::batch_bad_canceled_by ... ok
test batches::errors::batch_bad_from ... ok
test batches::errors::batch_bad_index_uids ... ok
test batches::errors::batch_bad_limit ... ok
test batches::errors::batch_bad_statuses ... ok
test batches::errors::batch_bad_types ... ok
test batches::errors::batch_bad_uids ... ok
test auth::tenant_token_multi_search::filter_single_search_authorized_filter_token ... ok
test batches::list_batch_filter_error ... ok
test batches::get_batch_status ... ok
test batches::list_batches_invalid_canceled_by_filter ... ok
test batches::list_batches_pagination_and_reverse ... ok
test batches::list_batches ... ok
test batches::list_batches_status_filtered ... ok
test batches::list_batches_status_and_type_filtered ... ok
test batches::list_batches_type_filtered ... ok
test auth::tenant_token_multi_search::single_search_authorized_filter_token ... ok
test batches::list_batches_with_star_filters ... ok
test batches::test_summarized_batch_cancelation ... ok
test batches::test_summarized_delete_documents_by_batch ... ok
test batches::test_summarized_batch_deletion ... ok
test batches::test_summarized_delete_documents_by_filter ... ok
test batches::test_summarized_delete_document_by_id ... ok
test batches::test_summarized_dump_creation ... ok
test batches::test_summarized_index_creation ... ok
test batches::test_summarized_index_swap ... ok
test batches::test_summarized_document_addition_or_update ... ok
test batches::test_summarized_index_update ... ok
test dashboard::dashboard_assets_load ... ok
test batches::test_summarized_index_deletion ... ok
test batches::test_summarized_settings_update ... ok
test auth::tenant_token_multi_search::single_search_authorized_simple_token ... ok
test documents::add_documents::add_csv_document_with_types_error ... ok
test documents::add_documents::add_csv_document ... ok
test documents::add_documents::add_csv_document_with_custom_delimiter ... ok
test documents::add_documents::add_documents_test_json_content_types ... ok
test documents::add_documents::add_csv_document_with_types ... ok
test documents::add_documents::add_documents_no_index_creation ... ok
test documents::add_documents::add_documents_with_geo_field ... ok
test documents::add_documents::add_documents_with_primary_key_twice ... ok
test documents::add_documents::add_invalid_geo_and_then_settings ... ok
test documents::add_documents::add_single_document_gzip_encoded ... ok
test documents::add_documents::add_single_document_gzip_encoded_with_incomplete_error ... ok
test documents::add_documents::add_single_document_test_json_content_types ... ok
test documents::add_documents::add_single_document_with_every_encoding ... ok
test documents::add_documents::add_documents_invalid_geo_field ... ok
test documents::add_documents::batch_several_documents_addition ... ok
test documents::add_documents::add_no_documents ... ok
test documents::add_documents::dry_register_file ... ok
test documents::add_documents::add_larger_dataset ... ok
test documents::add_documents::error_add_documents_bad_document_id ... ok
test documents::add_documents::document_addition_with_huge_int_primary_key ... ok
test documents::add_documents::error_add_documents_test_bad_content_types ... ok
test documents::add_documents::document_addition_with_primary_key ... ok
test documents::add_documents::error_add_documents_test_no_content_type ... ok
test documents::add_documents::error_add_malformed_csv_documents ... ok
test documents::add_documents::error_add_malformed_json_documents ... ok
test documents::add_documents::error_add_malformed_ndjson_documents ... ok
test documents::add_documents::error_add_missing_payload_csv_documents ... ok
test documents::add_documents::error_add_missing_payload_json_documents ... ok
test documents::add_documents::error_add_missing_payload_ndjson_documents ... ok
test documents::add_documents::error_document_add_create_index_bad_uid ... ok
test documents::add_documents::error_add_documents_payload_size ... ok
test documents::add_documents::error_add_documents_missing_document_id ... ok
test documents::add_documents::error_document_field_limit_reached_in_one_nested_document ... ok
test documents::add_documents::error_document_field_limit_reached_over_multiple_documents_with_nested_fields ... ok
test documents::add_documents::error_primary_key_inference ... ok
test documents::add_documents::replace_document ... ok
test documents::add_documents::update_documents_with_geo_field ... ok
test documents::delete_documents::clear_all_documents_empty_index ... ok
test documents::delete_documents::clear_all_documents_unexisting_index ... ok
test documents::add_documents::error_document_field_limit_reached_in_one_document ... ok
test documents::delete_documents::clear_all_documents ... ok
test documents::delete_documents::delete_batch ... ok
test documents::delete_documents::delete_document_by_complex_filter ... ok
test documents::delete_documents::delete_no_document_batch ... ok
test documents::delete_documents::delete_one_document_unexisting_index ... ok
test documents::delete_documents::delete_one_unexisting_document ... ok
test documents::delete_documents::delete_document_by_filter ... ok
test documents::delete_documents::delete_one_document ... ok
test documents::errors::delete_documents_batch ... ok
test documents::delete_documents::error_delete_batch_unexisting_index ... ok
test documents::errors::get_all_documents_bad_filter ... ok
test documents::errors::get_all_documents_bad_limit ... ok
test documents::errors::get_all_documents_bad_offset ... ok
test documents::errors::replace_documents_bad_content_type ... ok
test documents::errors::replace_documents_bad_csv_delimiter ... ok
test documents::errors::replace_documents_csv_delimiter_with_bad_content_type ... ok
test documents::errors::replace_documents_missing_content_type ... ok
test documents::errors::replace_documents_missing_payload ... ok
test documents::errors::retrieve_vectors ... ok
test documents::errors::update_documents_bad_content_type ... ok
test documents::errors::update_documents_bad_csv_delimiter ... ok
test documents::errors::update_documents_csv_delimiter_with_bad_content_type ... ok
test documents::errors::update_documents_missing_content_type ... ok
test documents::errors::update_documents_missing_payload ... ok
test documents::get_documents::error_get_unexisting_document ... ok
test documents::get_documents::error_get_unexisting_index_all_documents ... ok
test documents::errors::fetch_document_by_filter ... ok
test documents::errors::delete_document_by_filter ... ok
test documents::get_documents::get_all_documents_no_options_with_response_compression ... ok
test documents::get_documents::get_all_documents_no_options ... ok
test documents::get_documents::get_document ... ok
test documents::get_documents::get_document_by_filter ... ok
test documents::get_documents::get_document_by_ids ... ok
test documents::get_documents::get_document_by_ids_and_filter ... ok
test documents::get_documents::get_document_invalid_ids ... ok
test documents::get_documents::get_document_not_found_ids ... ok
test documents::get_documents::get_document_s_nested_attributes_to_retrieve ... ok
test documents::get_documents::get_no_document ... ok
test documents::get_documents::get_unexisting_index_single_document ... ok
test documents::get_documents::test_get_all_documents_attributes_to_retrieve ... ok
test documents::get_documents::test_get_all_documents_limit ... ok
test documents::get_documents::test_get_all_documents_offset ... ok
test documents::get_documents::get_documents_displayed_attributes_is_ignored ... ok
test documents::get_documents::get_document_with_vectors ... ok
test documents::update_documents::error_document_update_create_index_bad_uid ... ok
test documents::update_documents::error_update_documents_bad_document_id ... ok
test documents::update_documents::document_update_with_primary_key ... ok
test documents::update_documents::error_update_documents_missing_document_id ... ok
test documents::update_documents::update_document ... ok
test documents::update_documents::update_document_gzip_encoded ... ok
test documents::update_documents::update_larger_dataset ... ok
test documents::update_documents::update_faceted_document ... ok
test dumps::import_dump_v1_movie_raw ... ok
test dumps::import_dump_v1_movie_with_settings ... ok
test dumps::import_dump_v2_movie_raw ... ok
test dumps::import_dump_v2_movie_with_settings ... ok
test documents::add_documents::error_document_field_limit_reached_over_multiple_documents ... ok
test dumps::import_dump_v3_movie_raw ... ok
test dumps::import_dump_v1_rubygems_with_settings ... ok
test dumps::import_dump_v2_rubygems_with_settings ... ok
test dumps::import_dump_v3_movie_with_settings ... ok
test dumps::import_dump_v3_rubygems_with_settings ... ok
test dumps::import_dump_v4_movie_raw ... ok
test dumps::import_dump_v4_movie_with_settings ... ok
test dumps::generate_and_import_dump_containing_vectors ... ok
test dumps::import_dump_v4_rubygems_with_settings ... ok
test features::errors ... ok
test dumps::import_dump_v6_containing_experimental_features ... ok
test features::experimental_features ... ok
test features::experimental_feature_metrics ... ok
test dumps::import_dump_v6_containing_batches_and_enqueued_tasks ... ok
test index::create_index::create_index_with_gzip_encoded_request ... ok
test index::create_index::create_index_with_gzip_encoded_request_and_receiving_brotli_encoded_response ... ok
test index::create_index::create_index_no_primary_key ... ok
test index::create_index::create_index_with_brotli_encoded_request ... ok
test dumps::import_dump_v5 ... ok
test index::create_index::error_create_existing_index ... ok
test index::create_index::error_create_with_invalid_index_uid ... ok
test index::create_index::send_task_id ... ok
test index::create_index::create_index_with_primary_key ... ok
test index::create_index::test_create_multiple_indexes ... ok
test index::create_index::create_index_with_zlib_encoded_request ... ok
test index::create_index::create_index_with_invalid_primary_key ... ok
test index::errors::create_index_bad_primary_key ... ok
test index::errors::create_index_bad_uid ... ok
test index::errors::create_index_missing_uid ... ok
test index::errors::create_index_unknown_field ... ok
test index::errors::delete_index_bad_uid ... ok
test index::errors::get_index_bad_uid ... ok
test index::errors::get_indexes_bad_limit ... ok
test index::errors::get_indexes_bad_offset ... ok
test index::errors::get_indexes_unknown_field ... ok
test index::errors::update_index_bad_primary_key ... ok
test index::errors::update_index_bad_uid ... ok
test index::errors::update_index_immutable_created_at ... ok
test index::errors::update_index_immutable_uid ... ok
test index::errors::update_index_immutable_updated_at ... ok
test index::errors::update_index_unknown_field ... ok
test index::delete_index::error_delete_unexisting_index ... ok
test index::get_index::error_get_unexisting_index ... ok
test index::delete_index::create_and_delete_index ... ok
test index::get_index::get_invalid_index_uid ... ok
test index::get_index::list_multiple_indexes ... ok
test index::get_index::create_and_get_index ... ok
test index::get_index::no_index_return_empty_list ... ok
test index::stats::error_get_stats_unexisting_index ... ok
test index::update_index::create_and_update_with_different_encoding ... ok
test index::stats::stats ... ok
test index::update_index::error_update_unexisting_index ... ok
test index::update_index::error_update_existing_primary_key ... ok
test index::update_index::update_nothing ... ok
test index::update_index::update_primary_key ... ok
test logs::error::logs_stream_bad_mode ... ok
test logs::error::logs_stream_bad_profile_memory ... ok
test logs::error::logs_stream_bad_target ... ok
test logs::error::logs_stream_without_enabling_the_route ... ok
test logs::basic_test_log_stream_route ... ok
test network::error_network_not_enabled ... ok
test network::auth ... ok
test network::errors_on_param ... ok
test network::get_and_set_network ... ok
test search::camelcased_words ... ok
test index::delete_index::loop_delete_add_documents ... ok
test search::change_attributes_settings ... ok
test search::displayed_attributes ... ok
test search::distinct::distinct_at_search_time ... ok
test search::distinct::distinct_search_with_offset_no_ranking ... ok
test search::change_facet_casing ... ok
test search::distinct::distinct_search_with_pagination_no_ranking ... ok
test search::errors::distinct_at_search_time ... ok
test search::errors::filter_invalid_attribute_array ... ok
test search::errors::filter_invalid_attribute_string ... ok
test search::errors::filter_invalid_syntax_array ... ok
test search::errors::filter_invalid_syntax_object ... ok
test index::get_index::get_and_paginate_indexes ... ok
test search::errors::filter_invalid_syntax_string ... ok
test search::errors::filter_reserved_attribute_array ... ok
test search::errors::filter_reserved_geo_attribute_array ... ok
test search::errors::filter_reserved_attribute_string ... ok
test search::errors::search_bad_attributes_to_crop ... ok
test search::errors::search_bad_attributes_to_highlight ... ok
test search::errors::search_bad_attributes_to_retrieve ... ok
test search::errors::search_bad_crop_length ... ok
test search::errors::search_bad_crop_marker ... ok
test search::errors::search_bad_facets ... ok
test search::errors::search_bad_filter ... ok
test search::errors::search_bad_highlight_post_tag ... ok
test search::errors::search_bad_highlight_pre_tag ... ok
test search::errors::search_bad_hits_per_page ... ok
test search::errors::search_bad_limit ... ok
test search::errors::search_bad_matching_strategy ... ok
test search::errors::search_bad_offset ... ok
test search::errors::search_bad_page ... ok
test search::errors::search_bad_q ... ok
test search::errors::search_bad_retrieve_vectors ... ok
test search::errors::search_bad_show_matches_position ... ok
test search::errors::search_bad_sort ... ok
test search::errors::search_bad_threshold ... ok
test search::errors::search_invalid_threshold ... ok
test search::errors::search_non_filterable_facets ... ok
test search::errors::filter_reserved_geo_point_array ... ok
test search::errors::filter_reserved_geo_attribute_string ... ok
test search::errors::search_non_filterable_facets_no_filterable ... ok
test search::errors::search_non_filterable_facets_multiple_facets ... ok
test search::errors::search_non_filterable_facets_multiple_filterable ... ok
test search::errors::search_unexisting_index ... ok
test search::errors::search_unexisting_parameter ... ok
test search::errors::filter_reserved_geo_point_string ... ok
test search::errors::search_with_contains_without_enabling_the_feature ... ok
test search::errors::sort_geo_reserved_attribute ... ok
test search::errors::sort_invalid_syntax ... ok
test search::errors::search_on_unknown_field ... ok
test search::errors::sort_reserved_attribute ... ok
test search::errors::sort_unsortable_attribute ... ok
test search::errors::sort_unset_ranking_rule ... ok
test search::facet_search::advanced_facet_search ... ok
test search::facet_search::add_documents_and_deactivate_facet_search ... ok
test search::errors::search_on_unknown_field_plus_joker ... ok
test search::facet_search::deactivate_facet_search_add_documents_and_activate_facet_search ... ok
test search::facet_search::deactivate_facet_search_add_documents_and_reset_facet_search ... ok
test search::facet_search::deactivate_facet_search_and_add_documents ... ok
test search::facet_search::facet_search_dont_support_words ... ok
test search::facet_search::distinct_facet_search_on_movies ... ok
test search::facet_search::more_advanced_facet_search ... ok
test search::facet_search::non_filterable_facet_search_error ... ok
test search::facet_search::simple_facet_search ... ok
test search::facet_search::simple_facet_search_by_count_with_max_values ... ok
test search::facet_search::simple_facet_search_on_movies ... ok
test search::facet_search::simple_facet_search_with_max_values ... ok
test search::facet_search::simple_facet_search_with_sort_by_count ... ok
test search::errors::search_with_pattern_filter_settings_errors ... ok
test search::filters::search_with_contains_filter ... ok
test search::filters::search_with_filter_array_notation ... ok
test search::filters::search_with_filter_string_notation ... ok
test search::facet_search::facet_search_with_filterable_attributes_rules ... ok
test search::faceting_max_values_per_facet ... ok
test search::filters::search_with_pattern_filter_settings_scenario_1 ... ok
test search::formatted::displayedattr_2_smol ... ok
test search::formatted::format_nested ... ok
test search::filters::search_with_pattern_filter_settings ... ok
test search::formatted::formatted_contain_wildcard ... ok
test search::formatted::search_formatted_from_sdk ... ok
test search::geo::bug_4640 ... ok
test search::facet_search::facet_search_with_filterable_attributes_rules_errors ... ok
test search::geo::geo_bounding_box_with_string_and_number ... ok
test search::geo::geo_sort_with_geo_strings ... ok
test search::filters::test_filterable_attributes_priority ... ok
test search::hybrid::distribution_shift ... ok
test search::geo::geo_sort_with_words ... ok
test search::hybrid::highlighter ... ok
test search::hybrid::invalid_semantic_ratio ... ok
test search::hybrid::query_combination ... ok
test search::hybrid::limit_offset ... ok
test search::geo::geo_asc_with_words ... ok
test search::hybrid::simple_search ... ok
test search::hybrid::single_document ... ok
test search::formatted::test_cjk_highlight ... ok
test search::locales::auto_infer_locales_at_search ... ok
test search::locales::auto_infer_locales_at_search_with_attributes_to_search_on ... ok
test search::locales::facet_search_with_localized_attributes ... ok
test search::locales::force_different_locales_with_pattern ... ok
test search::locales::force_different_locales_with_pattern_nested ... ok
test search::locales::force_locales ... ok
test search::locales::force_locales_with_pattern ... ok
test search::locales::force_locales_with_pattern_nested ... ok
test search::locales::german_search ... ok
test search::locales::invalid_localized_attributes_rules ... ok
test search::locales::invalid_locales ... ok
test search::locales::simple_facet_search ... ok
test search::locales::simple_search ... ok
test search::locales::settings_change ... ok
test search::hybrid::simple_search_hf ... ok
test search::locales::swedish_search ... ok
test search::matching_strategy::search_with_typo ... ok
test search::multi::federation_empty_list ... ok
test search::matching_strategy::search_with_unknown_word ... ok
test search::hybrid::retrieve_vectors ... ok
test search::matching_strategy::simple_search ... ok
test search::multi::federation_federated_contains_pagination ... ok
test search::multi::federation_federated_contains_facets ... ok
test search::multi::federation_filter ... ok
test search::multi::federation_facets_same_indexes ... ok
test search::multi::federation_facets_different_indexes_same_facet ... ok
test search::multi::federation_formatting ... ok
test search::multi::federation_multiple_indexes_dont_exist ... ok
test search::multi::federation_invalid_weight ... ok
test search::multi::federation_multiple_query_errors ... ok
test search::multi::federation_multiple_query_errors_interleaved ... ok
test search::multi::federation_limit_offset ... ok
test search::multi::federation_inconsistent_merge_order ... ok
test search::multi::federation_multiple_query_sort_errors ... ok
test search::multi::federation_no_queries ... ok
test search::multi::federation_multiple_query_sort_errors_interleaved ... ok
test search::multi::federation_multiple_search_single_index ... ok
test search::multi::federation_non_federated_contains_federation_option ... ok
test search::multi::federation_multiple_search_multiple_indexes ... ok
test search::multi::federation_one_index_doesnt_exist ... ok
test search::multi::federation_null_weight ... ok
test search::multi::federation_non_faceted_for_an_index ... ok
test search::multi::federation_search_illegal_index_uid ... ok
test search::multi::federation_one_query_error ... ok
test search::multi::federation_simple_search_missing_index_uid ... ok
test search::multi::federation_one_query_sort_error ... ok
test search::multi::federation_single_search_single_index ... ok
test search::multi::federation_sort_different_indexes_different_criterion_opposite_direction ... ok
test search::multi::federation_sort_different_indexes_same_criterion_opposite_direction ... ok
test search::multi::federation_sort_different_indexes_different_criterion_same_direction ... ok
test search::multi::federation_sort_different_indexes_same_criterion_same_direction ... ok
test search::multi::federation_sort_same_indexes_different_criterion_opposite_direction ... ok
test search::multi::federation_sort_same_indexes_different_criterion_same_direction ... ok
test search::multi::federation_sort_same_indexes_same_criterion_opposite_direction ... ok
test search::multi::federation_two_search_single_index ... ok
test search::multi::federation_sort_different_ranking_rules ... ok
test search::multi::federation_sort_same_indexes_same_criterion_same_direction ... ok
test search::multi::federation_two_search_two_indexes ... ok
test search::multi::federation_vector_single_index ... ok
test search::multi::proxy::error_bad_request ... ok
test search::multi::proxy::error_bad_request_facets_by_index ... ok
test search::multi::proxy::error_feature ... ok
test search::multi::federation_vector_two_indexes ... ok
test search::multi::proxy::error_params ... ok
test search::multi::proxy::error_bad_request_facets_by_index_facet ... ok
test search::multi::proxy::error_bad_response ... ok
test search::multi::proxy::error_no_weighted_score ... ok
test search::multi::proxy::error_remote_404 ... ok
test search::multi::proxy::error_remote_500 ... ok
test search::multi::proxy::error_remote_500_once ... ok
test search::multi::proxy::error_remote_sharding_auth ... ok
test search::multi::proxy::error_remote_does_not_answer ... ok
test search::multi::proxy::error_unregistered_remote ... ok
test search::multi::search_empty_list ... ok
test search::multi::search_json_array ... ok
test search::multi::search_json_object ... ok
test search::multi::search_multiple_indexes_dont_exist ... ok
test search::multi::search_multiple_query_errors ... ok
test search::multi::proxy::remote_sharding_auth ... ok
test search::multi::proxy::remote_sharding ... ok
test search::multi::search_one_index_doesnt_exist ... ok
test search::multi::simple_search_illegal_index_uid ... ok
test search::multi::simple_search_missing_index_uid ... ok
test search::multi::search_one_query_error ... ok
test search::negative_phrase_search ... ok
test search::multi::simple_search_single_index ... ok
test search::negative_word_search ... ok
test search::non_negative_search ... ok
test search::pagination::default_search_should_return_estimated_total_hit ... ok
test search::multi::simple_search_two_indexes ... ok
test search::pagination::hits_per_page_0_should_not_return_any_result ... ok
test search::pagination::hits_per_page_1 ... ok
test search::pagination::page_zero_should_not_return_any_result ... ok
test search::pagination::simple_search ... ok
test search::negative_special_cases_search ... ok
test search::phrase_search_with_stop_word ... ok
test search::pagination::ensure_placeholder_search_hit_count_valid ... ok
test search::restrict_searchable::attributes_ranking_rule_order ... ok
test search::restrict_searchable::exactness_ranking_rule_order ... ok
test search::placeholder_search_is_hard_limited ... ok
test search::restrict_searchable::phrase_search_on_title ... ok
test search::restrict_searchable::search_on_all_attributes ... ok
test search::multi::proxy::error_remote_timeout ... ok
test search::restrict_searchable::search_no_searchable_attribute_set ... ok
test search::restrict_searchable::search_on_all_attributes_restricted_set ... ok
test search::restrict_searchable::simple_prefix_search_on_title ... ok
test search::restrict_searchable::simple_search_on_no_field ... ok
test search::restrict_searchable::search_on_exact_field ... ok
test search::restrict_searchable::simple_search_on_title ... ok
test search::restrict_searchable::simple_search_on_title_matching_strategy_all ... ok
test search::restrict_searchable::typo_ranking_rule_order ... ok
test search::search_facet_distribution ... ok
test search::restrict_searchable::word_ranking_rule_order ... ok
test search::search_queue::refuse_search_requests_when_queue_is_full ... ok
test search::search_queue::search_queue_register ... ok
test search::search_queue::search_queue_register_with_explicit_drop ... ok
test search::search_multiple_params ... ok
test search::restrict_searchable::word_ranking_rule_order_exact_words ... ok
test search::search_queue::search_request_crashes_while_holding_permits ... ok
test search::search_queue::works_with_capacity_of_zero ... ok
test search::search_with_multiple_sort ... ok
test search::search_with_sort_on_numbers ... ok
test search::search_is_hard_limited ... ok
test search::search_with_sort_on_strings ... ok
test search::search_queue::search_queue_register_with_time_to_abort ... ok
test search::simple_placeholder_search ... ok
test search::simple_search ... ok
test search::search_queue::wait_till_cores_are_available ... ok
test search::search_with_typo_settings ... ok
test search::search_with_stop_word ... ok
test search::test_degraded_score_details ... ok
test search::simple_search_with_strange_synonyms ... ok
test search::test_kanji_language_detection ... ok
test search::test_score ... ok
test search::test_score_details ... ok
test search::test_score_threshold ... ok
test search::test_thai_language ... ok
test settings::distinct::set_and_reset_distinct_attribute ... ok
test settings::errors::settings_bad_displayed_attributes ... ok
test settings::errors::settings_bad_distinct_attribute ... ok
test settings::errors::settings_bad_faceting ... ok
test settings::errors::settings_bad_filterable_attributes ... ok
test settings::errors::settings_bad_pagination ... ok
test settings::errors::settings_bad_ranking_rules ... ok
test settings::errors::settings_bad_search_cutoff_ms ... ok
test settings::errors::settings_bad_searchable_attributes ... ok
test settings::errors::settings_bad_sortable_attributes ... ok
test settings::errors::settings_bad_stop_words ... ok
test settings::errors::settings_bad_synonyms ... ok
test settings::errors::settings_bad_typo_tolerance ... ok
test settings::get_settings::all_setting_tested ... ok
test settings::get_settings::dictionary::delete_unexisting_index ... ok
test settings::distinct::set_and_reset_distinct_attribute_with_dedicated_route ... ok
test settings::get_settings::dictionary::get_unexisting_index ... ok
test settings::get_settings::dictionary::get_default ... ok
test settings::get_settings::dictionary::update_unexisting_index ... ok
test settings::get_settings::displayed_attributes::delete_unexisting_index ... ok
test settings::get_settings::displayed_attributes::get_default ... ok
test settings::get_settings::displayed_attributes::get_unexisting_index ... ok
test settings::get_settings::distinct_attribute::delete_unexisting_index ... ok
test settings::get_settings::displayed_attributes::update_unexisting_index ... ok
test settings::get_settings::distinct_attribute::get_unexisting_index ... ok
test settings::get_settings::distinct_attribute::get_default ... ok
test settings::get_settings::embedders::delete_unexisting_index ... ok
test settings::get_settings::distinct_attribute::update_unexisting_index ... ok
test settings::get_settings::embedders::get_unexisting_index ... ok
test settings::get_settings::embedders::get_default ... ok
test settings::get_settings::error_delete_settings_unexisting_index ... ok
test settings::get_settings::error_set_invalid_ranking_rules ... ok
test settings::get_settings::error_update_setting_unexisting_index_invalid_uid ... ok
test settings::get_settings::error_update_settings_unknown_field ... ok
test settings::get_settings::facet_search::delete_unexisting_index ... ok
test settings::get_settings::embedders::update_unexisting_index ... ok
test settings::get_settings::facet_search::get_unexisting_index ... ok
test search::test_typo_settings ... ok
test settings::get_settings::faceting::delete_unexisting_index ... ok
test settings::get_settings::facet_search::get_default ... ok
test settings::get_settings::faceting::get_unexisting_index ... ok
test settings::get_settings::facet_search::update_unexisting_index ... ok
test settings::get_settings::faceting::get_default ... ok
test settings::get_settings::faceting::update_unexisting_index ... ok
test settings::get_settings::filterable_attributes::get_unexisting_index ... ok
test settings::get_settings::filterable_attributes::delete_unexisting_index ... ok
test settings::get_settings::filterable_attributes::get_default ... ok
test settings::get_settings::get_settings_unexisting_index ... ok
test settings::get_settings::filterable_attributes::update_unexisting_index ... ok
test settings::get_settings::localized_attributes::delete_unexisting_index ... ok
test settings::get_settings::get_settings ... ok
test settings::get_settings::localized_attributes::get_unexisting_index ... ok
test settings::get_settings::granular_filterable_attributes ... ok
test settings::get_settings::non_separator_tokens::delete_unexisting_index ... ok
test settings::get_settings::localized_attributes::get_default ... ok
test settings::get_settings::non_separator_tokens::get_unexisting_index ... ok
test settings::get_settings::localized_attributes::update_unexisting_index ... ok
test settings::get_settings::pagination::delete_unexisting_index ... ok
test settings::get_settings::non_separator_tokens::get_default ... ok
test settings::get_settings::pagination::get_unexisting_index ... ok
test settings::get_settings::non_separator_tokens::update_unexisting_index ... ok
test settings::get_settings::prefix_search::delete_unexisting_index ... ok
test settings::get_settings::pagination::get_default ... ok
test settings::get_settings::prefix_search::get_unexisting_index ... ok
test settings::get_settings::pagination::update_unexisting_index ... ok
test settings::get_settings::prefix_search::get_default ... ok
test settings::get_settings::prefix_search::update_unexisting_index ... ok
test settings::get_settings::proximity_precision::get_unexisting_index ... ok
test settings::get_settings::proximity_precision::delete_unexisting_index ... ok
test settings::get_settings::ranking_rules::delete_unexisting_index ... ok
test settings::get_settings::proximity_precision::get_default ... ok
test settings::get_settings::ranking_rules::get_unexisting_index ... ok
test settings::get_settings::proximity_precision::update_unexisting_index ... ok
test settings::get_settings::ranking_rules::get_default ... ok
test settings::get_settings::search_cutoff_ms::delete_unexisting_index ... ok
test settings::get_settings::ranking_rules::update_unexisting_index ... ok
test settings::get_settings::search_cutoff_ms::get_unexisting_index ... ok
test settings::get_settings::search_cutoff_ms::get_default ... ok
test settings::get_settings::searchable_attributes::delete_unexisting_index ... ok
test settings::get_settings::search_cutoff_ms::update_unexisting_index ... ok
test settings::get_settings::searchable_attributes::get_unexisting_index ... ok
test settings::get_settings::searchable_attributes::get_default ... ok
test settings::get_settings::searchable_attributes::update_unexisting_index ... ok
test settings::get_settings::reset_all_settings ... ok
test settings::get_settings::separator_tokens::delete_unexisting_index ... ok
test settings::get_settings::separator_tokens::get_unexisting_index ... ok
test settings::get_settings::separator_tokens::get_default ... ok
test settings::get_settings::secrets_are_hidden_in_settings ... ok
test settings::get_settings::separator_tokens::update_unexisting_index ... ok
test settings::get_settings::sortable_attributes::delete_unexisting_index ... ok
test settings::get_settings::sortable_attributes::get_unexisting_index ... ok
test settings::get_settings::sortable_attributes::get_default ... ok
test settings::get_settings::set_and_reset_distinct_attribute_with_dedicated_route ... ok
test settings::get_settings::sortable_attributes::update_unexisting_index ... ok
test settings::get_settings::stop_words::get_unexisting_index ... ok
test settings::get_settings::stop_words::delete_unexisting_index ... ok
test settings::get_settings::synonyms::delete_unexisting_index ... ok
test settings::get_settings::stop_words::get_default ... ok
test settings::get_settings::synonyms::get_unexisting_index ... ok
test settings::get_settings::stop_words::update_unexisting_index ... ok
test settings::get_settings::synonyms::get_default ... ok
test settings::get_settings::typo_tolerance::delete_unexisting_index ... ok
test settings::get_settings::synonyms::update_unexisting_index ... ok
test settings::get_settings::typo_tolerance::get_unexisting_index ... ok
test settings::get_settings::test_partial_update ... ok
test settings::get_settings::typo_tolerance::get_default ... ok
test settings::get_settings::typo_tolerance::update_unexisting_index ... ok
test settings::get_settings::update_setting_unexisting_index ... ok
test settings::prefix_search_settings::add_docs_and_disable ... ok
test settings::prefix_search_settings::default_behavior ... ok
test settings::prefix_search_settings::disable_add_docs_and_enable ... ok
test settings::prefix_search_settings::disable_and_add_docs ... ok
test settings::prefix_search_settings::disable_add_docs_and_reset ... ok
test settings::proximity_settings::attribute_scale_default_ranking_rules ... ok
test settings::proximity_settings::attribute_scale_phrase_search ... ok
test settings::proximity_settings::attribute_scale_search ... ok
test settings::tokenizer_customization::set_and_reset ... ok
test settings::proximity_settings::word_scale_set_and_reset ... ok
test settings::vectors::bad_parameters ... ignored, Test is failing with timeout issues
test settings::vectors::bad_parameters_2 ... ignored, Test is failing with timeout issues
test similar::basic ... ok
test settings::tokenizer_customization::advanced_synergies ... ok
test settings::tokenizer_customization::set_and_search ... ok
test similar::errors::filter_invalid_attribute_array ... ok
test similar::errors::filter_invalid_attribute_string ... ok
test similar::errors::filter_invalid_syntax_array ... ok
test similar::errors::filter_invalid_syntax_object ... ok
test search::test_nested_fields ... ok
test similar::errors::filter_invalid_syntax_string ... ok
test similar::errors::filter_reserved_geo_attribute_array ... ok
test similar::errors::filter_reserved_attribute_array ... ok
test similar::errors::filter_reserved_attribute_string ... ok
test similar::errors::filter_reserved_geo_attribute_string ... ok
test similar::errors::filter_reserved_geo_point_string ... ok
test similar::errors::filter_reserved_geo_point_array ... ok
test similar::errors::similar_bad_embedder ... ok
test similar::errors::similar_bad_filter ... ok
test similar::errors::similar_bad_id ... ok
test similar::errors::similar_bad_retrieve_vectors ... ok
test similar::errors::similar_bad_limit ... ok
test similar::errors::similar_bad_offset ... ok
test similar::errors::similar_bad_ranking_score_threshold ... ok
test similar::errors::similar_unexisting_index ... ok
test similar::errors::similar_unexisting_parameter ... ok
test similar::errors::similar_invalid_id ... ok
test similar::errors::similar_invalid_ranking_score_threshold ... ok
test similar::errors::similar_not_found_id ... ok
test similar::limit_and_offset ... ok
test similar::filter ... ok
test similar::ranking_score_threshold ... ok
test stats::add_remove_embedded_documents ... ok
test stats::get_settings_unexisting_index ... ok
test snapshot::perform_on_demand_snapshot ... ok
test stats::test_healthyness ... ok
test stats::stats ... ok
test swap_indexes::errors::swap_indexes_bad_format ... ok
test snapshot::perform_snapshot ... ok
test swap_indexes::errors::swap_indexes_bad_indexes ... ok
test tasks::error_get_unexisting_task_status ... ok
test tasks::errors::task_bad_after_enqueued_at ... ok
test tasks::errors::task_bad_after_finished_at ... ok
test tasks::errors::task_bad_after_started_at ... ok
test tasks::errors::task_bad_before_enqueued_at ... ok
test tasks::errors::task_bad_before_finished_at ... ok
test tasks::errors::task_bad_before_started_at ... ok
test stats::update_embedder_settings ... ok
test tasks::errors::task_bad_canceled_by ... ok
test tasks::errors::task_bad_from ... ok
test tasks::errors::task_bad_index_uids ... ok
test tasks::errors::task_bad_limit ... ok
test tasks::errors::task_bad_reverse ... ok
test tasks::errors::task_bad_statuses ... ok
test tasks::errors::task_bad_types ... ok
test tasks::errors::task_bad_uids ... ok
test tasks::get_task_status ... ok
test tasks::list_tasks ... ok
test tasks::list_tasks_pagination_and_reverse ... ok
test tasks::list_tasks_invalid_canceled_by_filter ... ok
test stats::add_remove_embeddings ... ok
test swap_indexes::swap_indexes ... ok
test tasks::list_tasks_status_and_type_filtered ... ok
test tasks::test_summarized_delete_document_by_id ... ok
test tasks::list_tasks_status_filtered ... ok
test tasks::test_summarized_delete_documents_by_batch ... ok
test tasks::list_tasks_type_filtered ... ok
test tasks::list_tasks_with_star_filters ... ok
test tasks::test_summarized_index_creation ... ok
test tasks::test_summarized_delete_documents_by_filter ... ok
test tasks::test_summarized_dump_creation ... ok
test tasks::test_summarized_document_addition_or_update ... ok
test tasks::test_summarized_index_deletion ... ok
test tasks::test_summarized_index_update ... ok
test tasks::test_summarized_settings_update ... ok
test tasks::test_summarized_task_cancelation ... ok
test tasks::test_summarized_task_view ... ok
test upgrade::malformed_version_file ... ok
test upgrade::upgrade_to_the_current_version ... ok
test tasks::webhook::test_basic_webhook ... ok
test upgrade::version_requires_downgrade ... ok
test upgrade::version_too_old ... ok
test tasks::test_summarized_task_deletion ... ok
test tasks::test_summarized_index_swap ... ok
test upgrade::v1_12::v1_12_0::import_v1_12_0 ... ok
test vector::add_remove_one_vector_4588 ... ok
test vector::binary_quantized::binary_quantize_before_sending_documents ... ok
test vector::add_remove_user_provided ... ok
test vector::binary_quantized::binary_quantize_after_sending_documents ... ok
test vector::binary_quantized::try_to_disable_binary_quantization ... ok
test vector::binary_quantized::binary_quantize_clear_documents ... ok
test vector::openai::bad_dimensions ... ok
test vector::binary_quantized::retrieve_binary_quantize_status_in_the_settings ... ok
test vector::clear_documents ... ok
test vector::openai::bad_model ... ok
test vector::openai::bad_api_key ... ok
test vector::openai::legacy_embedding_model ... ok
test vector::openai::it_works ... ok
test vector::openai::it_still_works ... ok
test vector::openai::small_embedding_model ... ok
test vector::openai::smaller_dimensions ... ok
test vector::rest::bad_request ... ok
test vector::rest::bad_response ... ok
test vector::rest::add_vector_and_user_provided ... ok
test vector::rest::dummy_testing_the_mock ... ok
test vector::rest::bad_settings ... ok
test vector::rest::searchable_reindex ... ok
test vector::openai::tokenize_long_text ... ok
test vector::rest::server_raw ... ok
test vector::rest::server_custom_header ... ok
test vector::rest::server_returns_bad_request ... ok
test vector::rest::server_returns_multiple ... ok
test vector::rest::server_returns_bad_response ... ok
test vector::settings::field_unavailable_for_source ... ok
test vector::rest::server_single_input_returns_in_array ... ok
test vector::settings::ollama_url_checks ... ok
test vector::settings::reset_embedder_documents ... ok
test vector::user_provide_mismatched_embedding_dimension ... ok
test vector::settings::update_embedder ... ok
test vector::openai::timeout ... ok
test vector::user_provided_vectors_error ... ok
test vector::user_provided_embeddings_error ... ok
test vector::settings::composite_checks ... ok
2025-04-14T23:30:44.5481060Z
test result: ok. 776 passed; 0 failed; 2 ignored; 0 measured; 0 filtered out; finished in 195.87s
2025-04-14T23:30:44.5481984Z
[1m[32m     Running[0m unittests src/lib.rs (target/debug/deps/meilisearch_auth-e0145917c9a243e2)
2025-04-14T23:30:44.9884015Z
running 0 tests
2025-04-14T23:30:44.9884664Z
test result: ok. 0 passed; 0 failed; 0 ignored; 0 measured; 0 filtered out; finished in 0.00s
2025-04-14T23:30:44.9885535Z
[1m[32m     Running[0m unittests src/lib.rs (target/debug/deps/meilisearch_types-5007a273fc96dd7c)
2025-04-14T23:30:44.9904504Z
running 4 tests
test settings::test::test_setting_check ... ok
test tasks::tests::all_kind_can_be_from_str ... ok
test star_or::tests::star_or_serde_roundtrip ... ok
test tasks::tests::bad_deser ... ok
2025-04-14T23:30:45.0385552Z
test result: ok. 4 passed; 0 failed; 0 ignored; 0 measured; 0 filtered out; finished in 0.05s
2025-04-14T23:30:45.0386780Z
[1m[32m     Running[0m unittests src/main.rs (target/debug/deps/meilitool-14319207e76ae808)
2025-04-14T23:30:45.0408973Z
running 0 tests
2025-04-14T23:30:45.0410197Z
test result: ok. 0 passed; 0 failed; 0 ignored; 0 measured; 0 filtered out; finished in 0.00s
2025-04-14T23:30:45.0411174Z
[1m[32m     Running[0m unittests src/lib.rs (target/debug/deps/milli-48490d9a15de9a0b)
2025-04-14T23:30:45.0454468Z
running 269 tests
test attribute_patterns::tests::test_match_pattern ... ok
test criterion::tests::parse_criterion ... ok
test asc_desc::tests::parse_asc_desc ... ok
test documents::test::test_add_multiple_documents ... ok
test documents::builder::test::add_single_documents_json ... ok
test documents::test::create_documents_no_errors ... ok
test error::conditionally_lookup_for_error_message ... ok
test facet::value_encoding::tests::ordered_f64_bytes ... ok
test fields_ids_map::tests::fields_ids_map ... ok
test heed_codec::roaring_bitmap::cbo_roaring_bitmap_codec::tests::merge_cbo_roaring_bitmaps ... ok
test heed_codec::roaring_bitmap::cbo_roaring_bitmap_codec::tests::verify_encoding_decoding ... ok
test heed_codec::roaring_bitmap::cbo_roaring_bitmap_codec::tests::verify_threshold ... ok
test documents::test::out_of_order_json_fields ... ok
test index::tests::aborting_indexation ... ok
test heed_codec::roaring_bitmap_length::roaring_bitmap_len_codec::tests::deserialize_roaring_bitmap_length ... ok
test fields_ids_map::tests::nested_fields ... ok
test index::tests::attribute_weights_after_swapping_searchable_attributes ... ok
test index::tests::bug_3007 ... ok
test index::tests::bug_3021_fourth ... ok
test index::tests::bug_3021_third ... ok
test index::tests::initial_field_distribution ... ok
test index::tests::put_and_retrieve_disable_typo ... ok
test index::tests::add_documents_and_set_searchable_fields ... ok
test index::tests::set_min_word_len_for_typos ... ok
test index::tests::set_searchable_fields_and_add_documents ... ok
test index::tests::simple_delete ... ok
test index::tests::bug_3021_second ... ok
test index::tests::test_basic_geo_bounding_box ... ok
test index::tests::test_contains ... ok
test index::tests::unexpected_extra_fields_in_geo_field ... ok
test index::tests::replace_documents_external_ids_and_soft_deletion_check ... ok
test prompt::test::default_template ... ok
test prompt::test::empty_template ... ok
test prompt::test::template_fields ... ok
test prompt::test::template_fields_invalid ... ok
test prompt::test::template_fields_ok ... ok
test prompt::test::template_missing_doc ... ok
test prompt::test::template_nested_doc ... ok
test prompt::test::template_ok ... ok
test prompt::test::template_syntax ... ok
test prompt::test::template_truncation ... ok
test search::facet::facet_distribution::tests::facet_mixed_values ... ok
test index::tests::swapping_searchable_attributes ... ok
test index::tests::bug_3021_first ... ok
test search::facet::facet_distribution::tests::facet_stats ... ok
test search::facet::facet_distribution::tests::few_candidates_few_facet_values ... ok
test search::facet::facet_distribution::tests::facet_stats_array ... ok
test search::facet::facet_distribution::tests::facet_stats_mixed_array ... ok
test search::facet::facet_distribution_iter::tests::filter_distribution_all ... ok
test search::facet::facet_distribution_iter::tests::filter_distribution_all_stop_early ... ok
test index::tests::vectors_are_never_indexed_as_searchable_or_filterable ... ok
test search::facet::facet_range_search::tests::filter_range_exact ... ok
test search::facet::facet_range_search::tests::filter_range_decreasing ... ok
test search::facet::facet_range_search::tests::filter_range_pinch ... ok
test search::facet::facet_range_search::tests::filter_range_increasing ... ok
test search::facet::facet_range_search::tests::random_looking_index_snap ... ok
test search::facet::facet_range_search::tests::random_looking_index_with_multiple_field_ids_snap ... ok
test search::facet::facet_range_search::tests::simple_index_snap ... ok
test search::facet::facet_range_search::tests::simple_index_with_multiple_field_ids_snap ... ok
test search::facet::facet_sort_ascending::tests::filter_sort_ascending ... ok
test search::facet::facet_sort_ascending::tests::filter_sort_ascending_multiple_field_ids ... ok
test search::facet::facet_sort_ascending::tests::filter_sort_ascending_with_inexisting_field_id ... ok
test search::facet::facet_range_search::tests::filter_range_unbounded ... ok
test search::facet::facet_sort_ascending::tests::filter_sort_ascending_with_no_candidates ... ok
test search::facet::facet_sort_descending::tests::filter_sort_ascending_with_inexisting_field_id ... ok
test search::facet::facet_sort_descending::tests::filter_sort_ascending_with_no_candidates ... ok
test search::facet::facet_sort_descending::tests::filter_sort_descending ... ok
test search::facet::filter::tests::empty_db ... ok
test search::facet::filter::tests::empty_filter ... ok
test search::facet::facet_sort_descending::tests::filter_sort_descending_multiple_field_ids ... ok
test search::facet::facet_distribution::tests::many_candidates_many_facet_values ... ok
test search::facet::facet_distribution::tests::many_candidates_few_facet_values ... ok
test search::facet::filter::tests::from_array ... ok
test search::facet::filter::tests::geo_bounding_box_error ... ok
test search::facet::filter::tests::geo_radius_error ... ok
test search::facet::filter::tests::non_finite_float ... ok
test search::facet::filter::tests::not_filterable ... ok
test search::facet::filter::tests::zero_radius ... ok
test search::new::matches::matching_words::tests::matching_words ... ok
test search::new::matches::tests::format_crop ... ok
test search::new::matches::tests::format_highlight ... ok
test search::new::matches::tests::format_highlight_crop ... ok
test search::facet::filter::tests::escaped_quote_in_filter_value_2380 ... ok
test search::new::matches::tests::format_highlight_crop_phrase_query ... ok
test search::new::matches::tests::format_identity ... ok
test search::new::matches::tests::highlight_unicode ... ok
test search::new::matches::tests::partial_matches ... ok
test search::new::matches::tests::smaller_crop_size ... ok
test search::new::query_term::parse_query::tests::start_with_hard_separator ... ok
test search::facet::filter::tests::filter_depth ... ok
test search::new::tests::attribute_fid::test_attribute_fid_ngrams ... ok
test search::new::tests::attribute_fid::test_attribute_fid_simple ... ok
test search::new::tests::attribute_position::test_attribute_position_different_fields ... ok
test search::new::tests::attribute_position::test_attribute_position_repeated ... ok
test search::new::tests::attribute_position::test_attribute_position_ngrams ... ok
test search::new::tests::cutoff::basic_degraded_search ... ok
test search::new::tests::attribute_position::test_attribute_position_simple ... ok
test search::new::tests::cutoff::degraded_search_and_score_details ... ok
test search::new::tests::cutoff::degraded_search_cannot_skip_filter ... ok
test search::new::tests::distinct::test_distinct_all_candidates ... ok
test search::new::tests::distinct::test_distinct_at_search_placeholder_no_ranking_rules ... ok
test search::new::tests::distinct::test_distinct_placeholder_sort ... ok
test search::new::tests::distinct::test_distinct_sort_words ... ok
test search::new::tests::distinct::test_distinct_typo ... ok
test search::new::tests::exactness::test_exactness_after_words ... ok
test search::new::tests::distinct::test_distinct_words ... ok
test search::new::tests::exactness::test_exactness_all_candidates_with_typo ... ok
test search::new::tests::exactness::test_exactness_attribute_starts_with_phrase ... ok
test search::facet::filter::tests::filter_number ... ok
test search::new::tests::exactness::test_exactness_followed_by_typo_prefer_no_typo_prefix ... ok
test search::new::tests::exactness::test_exactness_attribute_starts_with_simple ... ok
test search::new::tests::exactness::test_exactness_simple_ordered ... ok
test search::new::tests::exactness::test_exactness_simple_random ... ok
test search::new::tests::exactness::test_exactness_simple_reversed ... ok
test search::new::tests::exactness::test_typo_followed_by_exactness ... ok
test search::new::tests::exactness::test_words_after_exactness ... ok
test search::new::tests::exactness::test_proximity_after_exactness ... ok
test search::new::tests::geo_sort::geo_sort_mixed_with_words ... ok
test search::new::tests::geo_sort::geo_sort_without_any_geo_faceted_documents ... ok
test search::new::tests::distinct::test_distinct_placeholder_no_ranking_rules ... ok
test search::new::tests::geo_sort::test_geo_sort ... ok
test search::new::tests::geo_sort::test_geo_sort_around_the_edge_of_the_flat_earth ... ok
test search::new::tests::geo_sort::test_geo_sort_reached_max_bucket_size ... ok
test search::new::tests::ngram_split_words::test_2gram_prefix ... ok
test search::new::tests::integration::snapshot_integration_dataset ... ok
test search::new::tests::ngram_split_words::test_2gram_simple ... ok
test search::new::tests::ngram_split_words::test_2gram_split_words ... ok
test search::new::tests::ngram_split_words::test_2gram_typo ... ok
test search::new::tests::geo_sort::test_geo_sort_with_following_ranking_rules ... FAILED
test search::new::tests::ngram_split_words::test_3gram_no_split_words ... ok
test search::new::tests::ngram_split_words::test_3gram_no_typos ... ok
test search::new::tests::ngram_split_words::test_3gram_prefix ... ok
test search::new::tests::ngram_split_words::test_3gram_simple ... ok
test search::new::tests::ngram_split_words::test_disable_split_words ... ok
test search::new::tests::ngram_split_words::test_no_disable_ngrams ... ok
test search::new::tests::ngram_split_words::test_no_ngram_phrases ... ok
test search::new::tests::ngram_split_words::test_short_split_words ... ok
test search::new::tests::ngram_split_words::test_split_words ... ok
test search::new::tests::proximity::test_proximity_simple ... ok
test search::new::tests::proximity::test_proximity_prefix_db ... ok
test search::new::tests::proximity_typo::test_trap_basic ... ok
test search::new::tests::proximity::test_proximity_split_word ... ok
test search::new::tests::sort::test_redacted ... ok
test search::new::tests::sort::test_sort ... ok
test search::new::tests::stop_words::test_ignore_stop_words ... ok
test search::new::tests::stop_words::test_stop_words_in_phrase ... ok
test search::new::tests::stop_words::test_stop_words_not_indexed ... ok
test search::new::tests::typo::test_default_typo ... ok
test search::new::tests::typo::test_ngram_typos ... ok
test search::new::tests::typo::test_no_typo ... ok
test search::new::tests::typo::test_phrase_no_typo_allowed ... ok
test search::new::tests::ngram_split_words::test_split_words_never_disabled ... ok
test search::new::tests::typo::test_typo_bucketing ... ok
test search::new::tests::typo::test_typo_ranking_rule_not_preceded_by_words_ranking_rule ... ok
test search::new::tests::typo::test_typo_exact_word ... ok
test search::new::tests::typo_proximity::test_trap_basic_and_complex1 ... ok
test search::new::tests::typo::test_typo_synonyms ... ok
test search::new::tests::typo_proximity::test_trap_complex2 ... ok
test search::new::tests::words_tms::test_words_proximity_tms_last_phrase ... ok
test search::new::tests::words_tms::test_words_proximity_tms_last_simple ... ok
test search::new::tests::words_tms::test_words_tms_all ... ok
test search::new::tests::words_tms::test_words_tms_last_phrase ... ok
test tests::json_to_string_array ... ok
test tests::json_to_string_object ... ok
test tests::test_absolute_position_conversion ... ok
test tests::test_all_obkv_to_json ... ok
test tests::test_relative_position_conversion ... ok
test update::available_ids::tests::empty ... ok
test update::available_ids::tests::scattered ... ok
test search::new::tests::words_tms::test_words_tms_last_simple ... ok
test update::clear_documents::tests::clear_documents ... ok
test search::new::tests::typo::test_typo_exact_attribute ... ok
test update::facet::bulk::tests::insert ... ok
test update::facet::bulk::tests::insert_delete_field_insert ... ok
test update::facet::incremental::tests::append ... ok
test update::facet::bulk::tests::insert_string ... ok
test update::facet::incremental::tests::delete_from_start ... ok
test update::facet::incremental::tests::delete_from_end ... ok
test update::facet::incremental::tests::in_place_level0_delete ... ok
test update::facet::incremental::tests::in_place_level0_insert ... ok
test update::facet::incremental::tests::many_field_ids_append ... ok
test update::facet::incremental::tests::delete_shuffled ... ok
test update::facet::incremental::tests::many_field_ids_prepend ... ok
test update::facet::incremental::tests::prepend ... ok
test update::facet::incremental::tests::shuffle_merge_string_and_delete ... ok
test update::facet::incremental::tests::merge_values ... ok
test update::facet::incremental::tests::shuffled ... ok
test update::index_documents::tests::add_and_delete_documents_in_single_transform ... ok
test update::index_documents::tests::add_document_and_in_another_transform_delete_the_document_then_add_it_again ... ok
test update::index_documents::tests::add_document_and_in_another_transform_update_and_delete_documents ... ok
test update::index_documents::tests::add_update_and_delete_documents_in_single_transform ... ok
test update::index_documents::tests::complex_documents ... ok
test update::index_documents::tests::delete_document_and_then_add_documents_in_the_same_transform ... ok
test update::index_documents::tests::delete_documents_with_numbers_as_primary_key ... ok
test update::index_documents::tests::delete_documents_then_insert ... ok
test update::index_documents::tests::delete_documents_with_strange_primary_key ... ok
test update::index_documents::tests::delete_the_same_document_multiple_time ... ok
test update::index_documents::tests::empty_update ... ok
test update::index_documents::tests::delete_words_exact_attributes ... ok
test update::index_documents::tests::filtered_placeholder_search_should_not_return_deleted_documents ... ok
test update::index_documents::tests::geo_error ... ok
test update::index_documents::tests::get_documents_should_not_return_deleted_documents ... ok
test update::index_documents::tests::geo_filtered_placeholder_search_should_not_return_deleted_documents ... ok
test update::index_documents::tests::incremental_update_without_changing_facet_distribution ... ok
test update::index_documents::tests::index_2_times_documents_split_by_zero_document_indexation ... ok
test update::index_documents::tests::index_documents_check_exists_database ... ok
test update::index_documents::tests::index_documents_check_is_empty_database ... ok
test update::index_documents::tests::index_documents_in_multiple_transforms ... ok
test update::facet::bulk::tests::bug_3165 ... ok
test update::index_documents::tests::index_documents_with_nested_primary_key ... ok
test update::index_documents::tests::index_documents_check_is_null_database ... ok
test update::index_documents::tests::index_documents_with_zeroes ... ok
test update::index_documents::tests::index_documents_with_nested_fields ... ok
test update::index_documents::tests::invalid_documents_ids ... ok
test update::index_documents::tests::long_facet_values_must_not_crash ... ok
test update::index_documents::tests::index_more_than_256_fields ... ok
test update::index_documents::tests::long_words_must_be_skipped ... ok
test update::index_documents::tests::mixing_documents_replace_with_updates ... ok
test update::index_documents::tests::mixing_documents_replace_with_updates_even_more ... ok
test update::index_documents::tests::placeholder_search_should_not_return_deleted_documents ... ok
test update::index_documents::tests::primary_key_inference ... ok
test update::index_documents::tests::primary_key_must_not_contain_floats ... ok
test update::index_documents::tests::primary_key_must_not_contain_whitespace ... ok
test update::index_documents::tests::reproduce_the_bug ... ok
test update::index_documents::tests::retrieve_a_b_c_nested_document_id ... ok
test update::index_documents::tests::retrieve_a_b_nested_document_id ... ok
test update::index_documents::tests::mixed_geo_documents ... ok
test update::index_documents::tests::search_should_not_return_deleted_documents ... ok
test update::index_documents::tests::simple_document_replacement ... ok
test update::index_documents::tests::simple_document_merge ... ok
test update::index_documents::tests::stats_should_not_return_deleted_documents ... ok
test update::index_documents::tests::simple_documents_replace ... ok
test update::index_documents::tests::test_multiple_vectors ... ok
test update::index_documents::tests::test_word_fid_position ... ok
test update::index_documents::tests::text_with_too_long_keys ... ok
test update::index_documents::tests::test_facets_generation ... ok
test update::index_documents::transform::test::merge_obkvs ... ok
test update::new::extract::searchable::tokenize_document::test::test_tokenize_document ... ok
test update::new::indexer::document_deletion::test::test_deletions ... ok
test update::index_documents::tests::text_with_too_long_words ... ok
test update::settings::tests::default_displayed_fields ... ok
test update::settings::tests::default_stop_words ... ok
test update::settings::tests::set_and_reset_displayed_field ... ok
test update::settings::tests::mixup_searchable_with_displayed_fields ... ok
test update::settings::tests::set_and_reset_searchable_fields ... ok
test update::settings::tests::set_and_reset_synonyms ... ok
test update::settings::tests::set_asc_desc_field ... ok
test update::settings::tests::set_distinct_field ... ok
test search::new::tests::language::test_kanji_language_detection ... ok
test update::index_documents::tests::index_more_than_1000_positions_in_a_field ... ok
test update::settings::tests::set_nested_distinct_field ... ok
test update::settings::tests::setting_not_filterable_cant_filter ... ok
test update::settings::tests::setting_impact_relevancy ... ok
test update::settings::tests::setting_searchable_recomputes_other_settings ... ok
test update::settings::tests::setting_primary_key ... ok
test update::settings::tests::test_correct_settings_init ... ok
test update::settings::tests::test_disable_typo ... ok
test update::settings::tests::thai_synonyms ... ok
test update::settings::tests::update_exact_words_normalization ... ok
test update::settings::tests::update_invalid_min_word_len_for_typo ... ok
test update::settings::tests::update_min_word_len_for_typo ... ok
test vector::json_template::test::dynamic_template ... ok
test vector::json_template::test::empty_template ... ok
test vector::json_template::test::single_template ... ok
test vector::json_template::test::too_many_placeholders ... ok
test vector::parsed_vectors::test::array_of_vectors ... ok
test update::settings::tests::set_and_reset_stop_words ... ok
test update::settings::tests::set_filterable_fields ... ok
test update::settings::tests::settings_must_ignore_soft_deleted ... ok
2025-04-14T23:31:04.5102737Z
failures:
2025-04-14T23:31:04.5105006Z
---- search::new::tests::geo_sort::test_geo_sort_with_following_ranking_rules stdout ----
2025-04-14T23:31:04.5105993Z
thread 'search::new::tests::geo_sort::test_geo_sort_with_following_ranking_rules' panicked at crates/milli/src/search/new/tests/geo_sort.rs:127:25:
assertion `left == right` failed: iterative vs rtree
left: ["6", "7", "8", "9", "10", "11", "12", "13", "14", "15", "1", "4", "3", "2", "5"]
right: ["6", "8", "7", "10", "9", "11", "14", "15", "12", "13", "1", "4", "3", "2", "5"]
stack backtrace:
0: rust_begin_unwind
at /rustc/4eb161250e340c8f48f66e2b929ef4a5bed7c181/library/std/src/panicking.rs:692:5
1: core::panicking::panic_fmt
at /rustc/4eb161250e340c8f48f66e2b929ef4a5bed7c181/library/core/src/panicking.rs:75:14
2: core::panicking::assert_failed_inner
3: core::panicking::assert_failed
at /rustc/4eb161250e340c8f48f66e2b929ef4a5bed7c181/library/core/src/panicking.rs:364:5
4: milli::search::new::tests::geo_sort::execute_iterative_and_rtree_returns_the_same
at ./src/search/new/tests/geo_sort.rs:61:5
5: milli::search::new::tests::geo_sort::test_geo_sort_with_following_ranking_rules
at ./src/search/new/tests/geo_sort.rs:127:25
6: milli::search::new::tests::geo_sort::test_geo_sort_with_following_ranking_rules::{{closure}}
at ./src/search/new/tests/geo_sort.rs:100:48
7: core::ops::function::FnOnce::call_once
at /rustc/4eb161250e340c8f48f66e2b929ef4a5bed7c181/library/core/src/ops/function.rs:250:5
8: core::ops::function::FnOnce::call_once
at /rustc/4eb161250e340c8f48f66e2b929ef4a5bed7c181/library/core/src/ops/function.rs:250:5
note: Some details are omitted, run with `RUST_BACKTRACE=full` for a verbose backtrace.
2025-04-14T23:31:04.5122339Z
2025-04-14T23:31:04.5122345Z
failures:
search::new::tests::geo_sort::test_geo_sort_with_following_ranking_rules
2025-04-14T23:31:04.5123534Z
test result: FAILED. 268 passed; 1 failed; 0 ignored; 0 measured; 0 filtered out; finished in 19.46s
2025-04-14T23:31:04.5124504Z
[1m[31merror[0m[1m:[0m test failed, to rerun pass `-p milli --lib`
##[error]The process '/github/home/.cargo/bin/cargo' failed with exit code 101

##[command]/usr/bin/docker exec  7b366bf24383b60ce6c6cb2cd41c265f903ae3c865e1b687622540a47ce9ca95 sh -c "cat /etc/*release | grep ^ID"
Stop and remove container: b71c9d5901034762851806c9488615ad_ubuntu2204_a9e407
##[command]/usr/bin/docker rm --force 7b366bf24383b60ce6c6cb2cd41c265f903ae3c865e1b687622540a47ce9ca95
7b366bf24383b60ce6c6cb2cd41c265f903ae3c865e1b687622540a47ce9ca95
Remove container network: github_network_ad68078f7202437a839267697b6aeea1
##[command]/usr/bin/docker network rm github_network_ad68078f7202437a839267697b6aeea1
github_network_ad68078f7202437a839267697b6aeea1

