2025-04-09T19:55:27.6775045Z Requested labels: ubuntu-latest
2025-04-09T19:55:27.6775305Z Job defined at: laravel/laravel/.github/workflows/tests.yml@refs/pull/6597/merge
2025-04-09T19:55:27.6775399Z Waiting for a runner to pick up this job...
2025-04-09T19:55:28.0623008Z Job is waiting for a hosted runner to come online.
2025-04-09T19:55:32.0454778Z Job is about to start running on the hosted runner: GitHub Actions 333 (hosted)
2025-04-09T19:55:33.5800962Z Current runner version: '2.323.0'
2025-04-09T19:55:33.5824953Z ##[group]Operating System
2025-04-09T19:55:33.5825703Z Ubuntu
2025-04-09T19:55:33.5826172Z 24.04.2
2025-04-09T19:55:33.5826709Z LTS
2025-04-09T19:55:33.5827176Z ##[endgroup]
2025-04-09T19:55:33.5827694Z ##[group]Runner Image
2025-04-09T19:55:33.5828704Z Image: ubuntu-24.04
2025-04-09T19:55:33.5829269Z Version: 20250406.1.0
2025-04-09T19:55:33.5830367Z Included Software: https://github.com/actions/runner-images/blob/ubuntu24/20250406.1/images/ubuntu/Ubuntu2404-Readme.md
2025-04-09T19:55:33.5831848Z Image Release: https://github.com/actions/runner-images/releases/tag/ubuntu24%2F20250406.1
2025-04-09T19:55:33.5832825Z ##[endgroup]
2025-04-09T19:55:33.5833437Z ##[group]Runner Image Provisioner
2025-04-09T19:55:33.5834108Z 2.0.422.1
2025-04-09T19:55:33.5834625Z ##[endgroup]
2025-04-09T19:55:33.5835726Z ##[group]GITHUB_TOKEN Permissions
2025-04-09T19:55:33.5837596Z Contents: read
2025-04-09T19:55:33.5838467Z Metadata: read
2025-04-09T19:55:33.5839362Z ##[endgroup]
2025-04-09T19:55:33.5842396Z Secret source: None
2025-04-09T19:55:33.5843082Z Prepare workflow directory
2025-04-09T19:55:33.6186534Z Prepare all required actions
2025-04-09T19:55:33.6223360Z Getting action download info
2025-04-09T19:55:33.8528928Z ##[group]Download immutable action package 'actions/checkout@v4'
2025-04-09T19:55:33.8529811Z Version: 4.2.2
2025-04-09T19:55:33.8530650Z Digest: sha256:ccb2698953eaebd21c7bf6268a94f9c26518a7e38e27e0b83c1fe1ad049819b1
2025-04-09T19:55:33.8531678Z Source commit SHA: 11bd71901bbe5b1630ceea73d27597364c9af683
2025-04-09T19:55:33.8532305Z ##[endgroup]
2025-04-09T19:55:33.9383951Z Download action repository 'shivammathur/setup-php@v2' (SHA:9e72090525849c5e82e596468b86eb55e9cc5401)
2025-04-09T19:55:34.1113776Z ##[group]Download immutable action package 'actions/setup-node@v3'
2025-04-09T19:55:34.1114498Z Version: 3.8.2
2025-04-09T19:55:34.1115144Z Digest: sha256:68fc4b9708f7154a0a41cdc7ba02b867f6c9d8cbf1979d824253e8e80bbdb973
2025-04-09T19:55:34.1116023Z Source commit SHA: 1a4442cacd436585916779262731d5b162bc6ec7
2025-04-09T19:55:34.1116637Z ##[endgroup]
2025-04-09T19:55:34.2799842Z Complete job name: PHP 8.3
2025-04-09T19:55:34.3513045Z ##[group]Run actions/checkout@v4
2025-04-09T19:55:34.3513882Z with:
2025-04-09T19:55:34.3514277Z   repository: laravel/laravel
2025-04-09T19:55:34.3514919Z   token: ***
2025-04-09T19:55:34.3515293Z   ssh-strict: true
2025-04-09T19:55:34.3515699Z   ssh-user: git
2025-04-09T19:55:34.3516111Z   persist-credentials: true
2025-04-09T19:55:34.3516557Z   clean: true
2025-04-09T19:55:34.3516961Z   sparse-checkout-cone-mode: true
2025-04-09T19:55:34.3517432Z   fetch-depth: 1
2025-04-09T19:55:34.3517827Z   fetch-tags: false
2025-04-09T19:55:34.3518450Z   show-progress: true
2025-04-09T19:55:34.3518873Z   lfs: false
2025-04-09T19:55:34.3519247Z   submodules: false
2025-04-09T19:55:34.3519653Z   set-safe-directory: true
2025-04-09T19:55:34.3520338Z ##[endgroup]
2025-04-09T19:55:34.5152418Z Syncing repository: laravel/laravel
2025-04-09T19:55:34.5154121Z ##[group]Getting Git version info
2025-04-09T19:55:34.5154799Z Working directory is '/home/runner/work/laravel/laravel'
2025-04-09T19:55:34.5155787Z [command]/usr/bin/git version
2025-04-09T19:55:34.5206802Z git version 2.49.0
2025-04-09T19:55:34.5234484Z ##[endgroup]
2025-04-09T19:55:34.5250009Z Temporarily overriding HOME='/home/runner/work/_temp/68503e9f-13aa-4bdb-be47-4b904ef5cdc6' before making global git config changes
2025-04-09T19:55:34.5252410Z Adding repository directory to the temporary git global config as a safe directory
2025-04-09T19:55:34.5256309Z [command]/usr/bin/git config --global --add safe.directory /home/runner/work/laravel/laravel
2025-04-09T19:55:34.5290414Z Deleting the contents of '/home/runner/work/laravel/laravel'
2025-04-09T19:55:34.5294330Z ##[group]Initializing the repository
2025-04-09T19:55:34.5299367Z [command]/usr/bin/git init /home/runner/work/laravel/laravel
2025-04-09T19:55:34.5355252Z hint: Using 'master' as the name for the initial branch. This default branch name
2025-04-09T19:55:34.5356940Z hint: is subject to change. To configure the initial branch name to use in all
2025-04-09T19:55:34.5358706Z hint: of your new repositories, which will suppress this warning, call:
2025-04-09T19:55:34.5359868Z hint:
2025-04-09T19:55:34.5360611Z hint: 	git config --global init.defaultBranch <name>
2025-04-09T19:55:34.5361670Z hint:
2025-04-09T19:55:34.5362235Z hint: Names commonly chosen instead of 'master' are 'main', 'trunk' and
2025-04-09T19:55:34.5363110Z hint: 'development'. The just-created branch can be renamed via this command:
2025-04-09T19:55:34.5363800Z hint:
2025-04-09T19:55:34.5364172Z hint: 	git branch -m <name>
2025-04-09T19:55:34.5364856Z Initialized empty Git repository in /home/runner/work/laravel/laravel/.git/
2025-04-09T19:55:34.5371481Z [command]/usr/bin/git remote add origin https://github.com/laravel/laravel
2025-04-09T19:55:34.5402696Z ##[endgroup]
2025-04-09T19:55:34.5403409Z ##[group]Disabling automatic garbage collection
2025-04-09T19:55:34.5406320Z [command]/usr/bin/git config --local gc.auto 0
2025-04-09T19:55:34.5434503Z ##[endgroup]
2025-04-09T19:55:34.5435178Z ##[group]Setting up auth
2025-04-09T19:55:34.5440949Z [command]/usr/bin/git config --local --name-only --get-regexp core\.sshCommand
2025-04-09T19:55:34.5470538Z [command]/usr/bin/git submodule foreach --recursive sh -c "git config --local --name-only --get-regexp 'core\.sshCommand' && git config --local --unset-all 'core.sshCommand' || :"
2025-04-09T19:55:34.5808112Z [command]/usr/bin/git config --local --name-only --get-regexp http\.https\:\/\/github\.com\/\.extraheader
2025-04-09T19:55:34.5827127Z [command]/usr/bin/git submodule foreach --recursive sh -c "git config --local --name-only --get-regexp 'http\.https\:\/\/github\.com\/\.extraheader' && git config --local --unset-all 'http.https://github.com/.extraheader' || :"
2025-04-09T19:55:34.6078280Z [command]/usr/bin/git config --local http.https://github.com/.extraheader AUTHORIZATION: basic ***
2025-04-09T19:55:34.6117040Z ##[endgroup]
2025-04-09T19:55:34.6118689Z ##[group]Fetching the repository
2025-04-09T19:55:34.6128478Z [command]/usr/bin/git -c protocol.version=2 fetch --no-tags --prune --no-recurse-submodules --depth=1 origin +bdf5ddfff0559ca27f2d77d27369b1ef9aef8c54:refs/remotes/pull/6597/merge
2025-04-09T19:55:34.9703790Z From https://github.com/laravel/laravel
2025-04-09T19:55:34.9707109Z  * [new ref]         bdf5ddfff0559ca27f2d77d27369b1ef9aef8c54 -> pull/6597/merge
2025-04-09T19:55:34.9740919Z ##[endgroup]
2025-04-09T19:55:34.9747660Z ##[group]Determining the checkout info
2025-04-09T19:55:34.9749636Z ##[endgroup]
2025-04-09T19:55:34.9750664Z [command]/usr/bin/git sparse-checkout disable
2025-04-09T19:55:34.9792624Z [command]/usr/bin/git config --local --unset-all extensions.worktreeConfig
2025-04-09T19:55:34.9823318Z ##[group]Checking out the ref
2025-04-09T19:55:34.9824748Z [command]/usr/bin/git checkout --progress --force refs/remotes/pull/6597/merge
2025-04-09T19:55:35.0013493Z Note: switching to 'refs/remotes/pull/6597/merge'.
2025-04-09T19:55:35.0017258Z 
2025-04-09T19:55:35.0020522Z You are in 'detached HEAD' state. You can look around, make experimental
2025-04-09T19:55:35.0022887Z changes and commit them, and you can discard any commits you make in this
2025-04-09T19:55:35.0024981Z state without impacting any branches by switching back to a branch.
2025-04-09T19:55:35.0025774Z 
2025-04-09T19:55:35.0026311Z If you want to create a new branch to retain commits you create, you may
2025-04-09T19:55:35.0027464Z do so (now or later) by using -c with the switch command. Example:
2025-04-09T19:55:35.0028401Z 
2025-04-09T19:55:35.0028713Z   git switch -c <new-branch-name>
2025-04-09T19:55:35.0029200Z 
2025-04-09T19:55:35.0029491Z Or undo this operation with:
2025-04-09T19:55:35.0029961Z 
2025-04-09T19:55:35.0030231Z   git switch -
2025-04-09T19:55:35.0030626Z 
2025-04-09T19:55:35.0031253Z Turn off this advice by setting config variable advice.detachedHead to false
2025-04-09T19:55:35.0032130Z 
2025-04-09T19:55:35.0033115Z HEAD is now at bdf5ddf Merge 48cd5772ffc57032a964737ded2c6f5214cb5363 into fc42b7132ae810a49b24fe599fe4a26f0c974578
2025-04-09T19:55:35.0036500Z ##[endgroup]
2025-04-09T19:55:35.0056173Z [command]/usr/bin/git log -1 --format=%H
2025-04-09T19:55:35.0078984Z bdf5ddfff0559ca27f2d77d27369b1ef9aef8c54
2025-04-09T19:55:35.0330636Z ##[group]Run shivammathur/setup-php@v2
2025-04-09T19:55:35.0331807Z with:
2025-04-09T19:55:35.0332557Z   php-version: 8.3
2025-04-09T19:55:35.0333922Z   extensions: dom, curl, libxml, mbstring, zip, pcntl, pdo, sqlite, pdo_sqlite
2025-04-09T19:55:35.0335567Z   coverage: none
2025-04-09T19:55:35.0336392Z   ini-file: production
2025-04-09T19:55:35.0337270Z ##[endgroup]
2025-04-09T19:55:35.1052056Z [command]/usr/bin/bash /home/runner/work/_actions/shivammathur/setup-php/v2/src/scripts/run.sh
2025-04-09T19:55:35.1297850Z 
2025-04-09T19:55:35.1299351Z [90;1m==> [0m[37;1mSetup PHP[0m
2025-04-09T19:55:41.4101583Z [32;1mâœ“ [0m[34;1mPHP [0m[90;1mUpdated to PHP 8.3.19[0m
2025-04-09T19:55:41.4102326Z 
2025-04-09T19:55:41.4102898Z [90;1m==> [0m[37;1mSetup Extensions[0m
2025-04-09T19:55:41.4617173Z [32;1mâœ“ [0m[34;1mdom [0m[90;1mEnabled[0m
2025-04-09T19:55:41.4651386Z [32;1mâœ“ [0m[34;1mcurl [0m[90;1mEnabled[0m
2025-04-09T19:55:41.4682062Z [32;1mâœ“ [0m[34;1mlibxml [0m[90;1mEnabled[0m
2025-04-09T19:55:41.4713251Z [32;1mâœ“ [0m[34;1mmbstring [0m[90;1mEnabled[0m
2025-04-09T19:55:41.4743003Z [32;1mâœ“ [0m[34;1mzip [0m[90;1mEnabled[0m
2025-04-09T19:55:41.4772301Z [32;1mâœ“ [0m[34;1mpcntl [0m[90;1mEnabled[0m
2025-04-09T19:55:41.4801799Z [32;1mâœ“ [0m[34;1mpdo [0m[90;1mEnabled[0m
2025-04-09T19:55:41.4831724Z [32;1mâœ“ [0m[34;1msqlite3 [0m[90;1mEnabled[0m
2025-04-09T19:55:41.4847451Z [32;1mâœ“ [0m[34;1mpdo_sqlite [0m[90;1mEnabled[0m
2025-04-09T19:55:41.4850256Z 
2025-04-09T19:55:41.4850675Z [90;1m==> [0m[37;1mSetup Tools[0m
2025-04-09T19:55:41.7305650Z [32;1mâœ“ [0m[34;1mcomposer [0m[90;1mAdded composer 2.8.6[0m
2025-04-09T19:55:41.7306188Z 
2025-04-09T19:55:41.7306656Z [90;1m==> [0m[37;1mSetup Coverage[0m
2025-04-09T19:55:41.9577067Z [32;1mâœ“ [0m[34;1mnone [0m[90;1mDisabled Xdebug and PCOV[0m
2025-04-09T19:55:41.9577580Z 
2025-04-09T19:55:41.9577837Z [90;1m==> [0m[37;1mSponsor setup-php[0m
2025-04-09T19:55:41.9578955Z [32;1mâœ“ [0m[34;1msetup-php [0m[90;1mhttps://setup-php.com/sponsor[0m
2025-04-09T19:55:41.9792117Z ##[group]Run composer install --prefer-dist --no-interaction --no-progress
2025-04-09T19:55:41.9792679Z [36;1mcomposer install --prefer-dist --no-interaction --no-progress[0m
2025-04-09T19:55:41.9844811Z shell: /usr/bin/bash -e {0}
2025-04-09T19:55:41.9845064Z env:
2025-04-09T19:55:41.9845259Z   COMPOSER_PROCESS_TIMEOUT: 0
2025-04-09T19:55:41.9845498Z   COMPOSER_NO_INTERACTION: 1
2025-04-09T19:55:41.9845710Z   COMPOSER_NO_AUDIT: 1
2025-04-09T19:55:41.9845904Z ##[endgroup]
2025-04-09T19:55:42.1102205Z Installing dependencies from lock file (including require-dev)
2025-04-09T19:55:42.1149766Z Verifying lock file contents can be installed on current platform.
2025-04-09T19:55:42.1349287Z Package operations: 112 installs, 0 updates, 0 removals
2025-04-09T19:55:42.1363958Z   - Downloading doctrine/inflector (2.0.10)
2025-04-09T19:55:42.1371272Z   - Downloading doctrine/lexer (3.0.1)
2025-04-09T19:55:42.1374208Z   - Downloading symfony/polyfill-ctype (v1.31.0)
2025-04-09T19:55:42.1377180Z   - Downloading webmozart/assert (1.11.0)
2025-04-09T19:55:42.1380085Z   - Downloading dragonmantank/cron-expression (v3.4.0)
2025-04-09T19:55:42.1382543Z   - Downloading symfony/deprecation-contracts (v3.5.1)
2025-04-09T19:55:42.1385194Z   - Downloading psr/container (2.0.2)
2025-04-09T19:55:42.1388053Z   - Downloading fakerphp/faker (v1.24.1)
2025-04-09T19:55:42.1390627Z   - Downloading symfony/polyfill-php83 (v1.31.0)
2025-04-09T19:55:42.1393043Z   - Downloading symfony/polyfill-mbstring (v1.31.0)
2025-04-09T19:55:42.1395374Z   - Downloading symfony/http-foundation (v7.2.5)
2025-04-09T19:55:42.1398322Z   - Downloading fruitcake/php-cors (v1.3.0)
2025-04-09T19:55:42.1400907Z   - Downloading psr/http-message (2.0)
2025-04-09T19:55:42.1402378Z   - Downloading psr/http-client (1.0.3)
2025-04-09T19:55:42.1404406Z   - Downloading ralouphie/getallheaders (3.0.3)
2025-04-09T19:55:42.1405912Z   - Downloading psr/http-factory (1.1.0)
2025-04-09T19:55:42.1407887Z   - Downloading guzzlehttp/psr7 (2.7.1)
2025-04-09T19:55:42.1409637Z   - Downloading guzzlehttp/promises (2.2.0)
2025-04-09T19:55:42.1411153Z   - Downloading guzzlehttp/guzzle (7.9.3)
2025-04-09T19:55:42.1412651Z   - Downloading symfony/polyfill-php80 (v1.31.0)
2025-04-09T19:55:42.1414158Z   - Downloading guzzlehttp/uri-template (v1.0.4)
2025-04-09T19:55:42.1415682Z   - Downloading symfony/polyfill-intl-normalizer (v1.31.0)
2025-04-09T19:55:42.1417196Z   - Downloading symfony/polyfill-intl-grapheme (v1.31.0)
2025-04-09T19:55:42.1418890Z   - Downloading symfony/string (v7.2.0)
2025-04-09T19:55:42.1420405Z   - Downloading symfony/service-contracts (v3.5.1)
2025-04-09T19:55:42.1421833Z   - Downloading symfony/console (v7.2.5)
2025-04-09T19:55:42.1423805Z   - Downloading nunomaduro/termwind (v2.3.0)
2025-04-09T19:55:42.1425718Z   - Downloading voku/portable-ascii (2.0.3)
2025-04-09T19:55:42.1427660Z   - Downloading phpoption/phpoption (1.9.3)
2025-04-09T19:55:42.1429846Z   - Downloading graham-campbell/result-type (v1.1.3)
2025-04-09T19:55:42.1431712Z   - Downloading vlucas/phpdotenv (v5.6.1)
2025-04-09T19:55:42.1433236Z   - Downloading symfony/css-selector (v7.2.0)
2025-04-09T19:55:42.1435236Z   - Downloading tijsverkoyen/css-to-inline-styles (v2.3.0)
2025-04-09T19:55:42.1436643Z   - Downloading symfony/var-dumper (v7.2.3)
2025-04-09T19:55:42.1438410Z   - Downloading symfony/polyfill-uuid (v1.31.0)
2025-04-09T19:55:42.1439934Z   - Downloading symfony/uid (v7.2.0)
2025-04-09T19:55:42.1441414Z   - Downloading symfony/routing (v7.2.3)
2025-04-09T19:55:42.1442873Z   - Downloading symfony/process (v7.2.5)
2025-04-09T19:55:42.1444404Z   - Downloading symfony/polyfill-intl-idn (v1.31.0)
2025-04-09T19:55:42.1445873Z   - Downloading symfony/mime (v7.2.4)
2025-04-09T19:55:42.1447365Z   - Downloading psr/event-dispatcher (1.0.0)
2025-04-09T19:55:42.1449285Z   - Downloading symfony/event-dispatcher-contracts (v3.5.1)
2025-04-09T19:55:42.1450589Z   - Downloading symfony/event-dispatcher (v7.2.0)
2025-04-09T19:55:42.1452061Z   - Downloading psr/log (3.0.2)
2025-04-09T19:55:42.1454200Z   - Downloading egulias/email-validator (4.0.4)
2025-04-09T19:55:42.1455569Z   - Downloading symfony/mailer (v7.2.3)
2025-04-09T19:55:42.1456971Z   - Downloading symfony/error-handler (v7.2.5)
2025-04-09T19:55:42.1458646Z   - Downloading symfony/http-kernel (v7.2.5)
2025-04-09T19:55:42.1460141Z   - Downloading symfony/finder (v7.2.2)
2025-04-09T19:55:42.1462067Z   - Downloading ramsey/collection (2.1.1)
2025-04-09T19:55:42.1464004Z   - Downloading brick/math (0.12.3)
2025-04-09T19:55:42.1465483Z   - Downloading ramsey/uuid (4.7.6)
2025-04-09T19:55:42.1466948Z   - Downloading psr/simple-cache (3.0.0)
2025-04-09T19:55:42.1468699Z   - Downloading symfony/translation-contracts (v3.5.1)
2025-04-09T19:55:42.1470228Z   - Downloading symfony/translation (v7.2.4)
2025-04-09T19:55:42.1471713Z   - Downloading psr/clock (1.0.0)
2025-04-09T19:55:42.1473231Z   - Downloading symfony/clock (v7.2.0)
2025-04-09T19:55:42.1475283Z   - Downloading carbonphp/carbon-doctrine-types (3.2.0)
2025-04-09T19:55:42.1477205Z   - Downloading nesbot/carbon (3.9.0)
2025-04-09T19:55:42.1479299Z   - Downloading monolog/monolog (3.9.0)
2025-04-09T19:55:42.1481261Z   - Downloading league/uri-interfaces (7.5.0)
2025-04-09T19:55:42.1482707Z   - Downloading league/uri (7.5.1)
2025-04-09T19:55:42.1484236Z   - Downloading league/mime-type-detection (1.16.0)
2025-04-09T19:55:42.1485719Z   - Downloading league/flysystem-local (3.29.0)
2025-04-09T19:55:42.1487170Z   - Downloading league/flysystem (3.29.1)
2025-04-09T19:55:42.1489306Z   - Downloading nette/utils (v4.0.6)
2025-04-09T19:55:42.1490853Z   - Downloading nette/schema (v1.3.2)
2025-04-09T19:55:42.1492763Z   - Downloading dflydev/dot-access-data (v3.0.3)
2025-04-09T19:55:42.1494304Z   - Downloading league/config (v1.2.0)
2025-04-09T19:55:42.1495771Z   - Downloading league/commonmark (2.6.1)
2025-04-09T19:55:42.1497759Z   - Downloading laravel/serializable-closure (v2.0.4)
2025-04-09T19:55:42.1499419Z   - Downloading laravel/prompts (v0.3.5)
2025-04-09T19:55:42.1502650Z   - Downloading laravel/framework (v12.7.2)
2025-04-09T19:55:42.1504098Z   - Downloading laravel/pail (v1.2.2)
2025-04-09T19:55:42.1505583Z   - Downloading laravel/pint (v1.21.2)
2025-04-09T19:55:42.1506992Z   - Downloading symfony/yaml (v7.2.5)
2025-04-09T19:55:42.1508650Z   - Downloading laravel/sail (v1.41.0)
2025-04-09T19:55:42.1510124Z   - Downloading laravel/sanctum (v4.0.8)
2025-04-09T19:55:42.1512234Z   - Downloading nikic/php-parser (v5.4.0)
2025-04-09T19:55:42.1514056Z   - Downloading psy/psysh (v0.12.8)
2025-04-09T19:55:42.1515519Z   - Downloading laravel/tinker (v2.10.1)
2025-04-09T19:55:42.1517349Z   - Downloading laravel/ui (v4.6.1)
2025-04-09T19:55:42.1519791Z   - Downloading hamcrest/hamcrest-php (v2.0.1)
2025-04-09T19:55:42.1522000Z   - Downloading mockery/mockery (1.6.12)
2025-04-09T19:55:42.1524432Z   - Downloading filp/whoops (2.18.0)
2025-04-09T19:55:42.1525849Z   - Downloading nunomaduro/collision (v8.8.0)
2025-04-09T19:55:42.1528164Z   - Downloading staabm/side-effects-detector (1.0.5)
2025-04-09T19:55:42.1530060Z   - Downloading sebastian/version (5.0.2)
2025-04-09T19:55:42.1531330Z   - Downloading sebastian/type (5.1.2)
2025-04-09T19:55:42.1532801Z   - Downloading sebastian/recursion-context (6.0.2)
2025-04-09T19:55:42.1534210Z   - Downloading sebastian/object-reflector (4.0.1)
2025-04-09T19:55:42.1536055Z   - Downloading sebastian/object-enumerator (6.0.1)
2025-04-09T19:55:42.1537198Z   - Downloading sebastian/global-state (7.0.2)
2025-04-09T19:55:42.1538711Z   - Downloading sebastian/exporter (6.3.0)
2025-04-09T19:55:42.1540184Z   - Downloading sebastian/environment (7.2.0)
2025-04-09T19:55:42.1541388Z   - Downloading sebastian/diff (6.0.2)
2025-04-09T19:55:42.1542862Z   - Downloading sebastian/comparator (6.3.1)
2025-04-09T19:55:42.1544258Z   - Downloading sebastian/code-unit (3.0.3)
2025-04-09T19:55:42.1545669Z   - Downloading sebastian/cli-parser (3.0.2)
2025-04-09T19:55:42.1547448Z   - Downloading phpunit/php-timer (7.0.1)
2025-04-09T19:55:42.1549082Z   - Downloading phpunit/php-text-template (4.0.1)
2025-04-09T19:55:42.1550545Z   - Downloading phpunit/php-invoker (5.0.1)
2025-04-09T19:55:42.1551735Z   - Downloading phpunit/php-file-iterator (5.1.0)
2025-04-09T19:55:42.1553597Z   - Downloading theseer/tokenizer (1.2.3)
2025-04-09T19:55:42.1554846Z   - Downloading sebastian/lines-of-code (3.0.1)
2025-04-09T19:55:42.1556312Z   - Downloading sebastian/complexity (4.0.1)
2025-04-09T19:55:42.1557615Z   - Downloading sebastian/code-unit-reverse-lookup (4.0.1)
2025-04-09T19:55:42.1559285Z   - Downloading phpunit/php-code-coverage (11.0.9)
2025-04-09T19:55:42.1561026Z   - Downloading phar-io/version (3.2.1)
2025-04-09T19:55:42.1562390Z   - Downloading phar-io/manifest (2.0.4)
2025-04-09T19:55:42.1564167Z   - Downloading myclabs/deep-copy (1.13.0)
2025-04-09T19:55:42.1565386Z   - Downloading phpunit/phpunit (11.5.17)
2025-04-09T19:55:42.8902348Z   - Installing doctrine/inflector (2.0.10): Extracting archive
2025-04-09T19:55:42.8919807Z   - Installing doctrine/lexer (3.0.1): Extracting archive
2025-04-09T19:55:42.8925448Z   - Installing symfony/polyfill-ctype (v1.31.0): Extracting archive
2025-04-09T19:55:42.8931901Z   - Installing webmozart/assert (1.11.0): Extracting archive
2025-04-09T19:55:42.8947863Z   - Installing dragonmantank/cron-expression (v3.4.0): Extracting archive
2025-04-09T19:55:42.8963440Z   - Installing symfony/deprecation-contracts (v3.5.1): Extracting archive
2025-04-09T19:55:42.8985771Z   - Installing psr/container (2.0.2): Extracting archive
2025-04-09T19:55:42.9001662Z   - Installing fakerphp/faker (v1.24.1): Extracting archive
2025-04-09T19:55:42.9006122Z   - Installing symfony/polyfill-php83 (v1.31.0): Extracting archive
2025-04-09T19:55:42.9011992Z   - Installing symfony/polyfill-mbstring (v1.31.0): Extracting archive
2025-04-09T19:55:42.9044119Z   - Installing symfony/http-foundation (v7.2.5): Extracting archive
2025-04-09T19:55:42.9054550Z   - Installing fruitcake/php-cors (v1.3.0): Extracting archive
2025-04-09T19:55:42.9055708Z   - Installing psr/http-message (2.0): Extracting archive
2025-04-09T19:55:42.9057551Z   - Installing psr/http-client (1.0.3): Extracting archive
2025-04-09T19:55:42.9058415Z   - Installing ralouphie/getallheaders (3.0.3): Extracting archive
2025-04-09T19:55:42.9059073Z   - Installing psr/http-factory (1.1.0): Extracting archive
2025-04-09T19:55:42.9059676Z   - Installing guzzlehttp/psr7 (2.7.1): Extracting archive
2025-04-09T19:55:42.9060267Z   - Installing guzzlehttp/promises (2.2.0): Extracting archive
2025-04-09T19:55:42.9060875Z   - Installing guzzlehttp/guzzle (7.9.3): Extracting archive
2025-04-09T19:55:42.9061529Z   - Installing symfony/polyfill-php80 (v1.31.0): Extracting archive
2025-04-09T19:55:42.9062228Z   - Installing guzzlehttp/uri-template (v1.0.4): Extracting archive
2025-04-09T19:55:42.9063165Z   - Installing symfony/polyfill-intl-normalizer (v1.31.0): Extracting archive
2025-04-09T19:55:42.9063979Z   - Installing symfony/polyfill-intl-grapheme (v1.31.0): Extracting archive
2025-04-09T19:55:42.9064754Z   - Installing symfony/string (v7.2.0): Extracting archive
2025-04-09T19:55:42.9065400Z   - Installing symfony/service-contracts (v3.5.1): Extracting archive
2025-04-09T19:55:42.9066065Z   - Installing symfony/console (v7.2.5): Extracting archive
2025-04-09T19:55:42.9069009Z   - Installing nunomaduro/termwind (v2.3.0): Extracting archive
2025-04-09T19:55:42.9071100Z   - Installing voku/portable-ascii (2.0.3): Extracting archive
2025-04-09T19:55:42.9073092Z   - Installing phpoption/phpoption (1.9.3): Extracting archive
2025-04-09T19:55:42.9075767Z   - Installing graham-campbell/result-type (v1.1.3): Extracting archive
2025-04-09T19:55:42.9077892Z   - Installing vlucas/phpdotenv (v5.6.1): Extracting archive
2025-04-09T19:55:42.9080474Z   - Installing symfony/css-selector (v7.2.0): Extracting archive
2025-04-09T19:55:42.9082636Z   - Installing tijsverkoyen/css-to-inline-styles (v2.3.0): Extracting archive
2025-04-09T19:55:42.9084810Z   - Installing symfony/var-dumper (v7.2.3): Extracting archive
2025-04-09T19:55:42.9087078Z   - Installing symfony/polyfill-uuid (v1.31.0): Extracting archive
2025-04-09T19:55:42.9088973Z   - Installing symfony/uid (v7.2.0): Extracting archive
2025-04-09T19:55:42.9091068Z   - Installing symfony/routing (v7.2.3): Extracting archive
2025-04-09T19:55:42.9092912Z   - Installing symfony/process (v7.2.5): Extracting archive
2025-04-09T19:55:42.9095021Z   - Installing symfony/polyfill-intl-idn (v1.31.0): Extracting archive
2025-04-09T19:55:42.9096939Z   - Installing symfony/mime (v7.2.4): Extracting archive
2025-04-09T19:55:42.9099516Z   - Installing psr/event-dispatcher (1.0.0): Extracting archive
2025-04-09T19:55:42.9101602Z   - Installing symfony/event-dispatcher-contracts (v3.5.1): Extracting archive
2025-04-09T19:55:42.9103682Z   - Installing symfony/event-dispatcher (v7.2.0): Extracting archive
2025-04-09T19:55:42.9105548Z   - Installing psr/log (3.0.2): Extracting archive
2025-04-09T19:55:42.9107438Z   - Installing egulias/email-validator (4.0.4): Extracting archive
2025-04-09T19:55:42.9109951Z   - Installing symfony/mailer (v7.2.3): Extracting archive
2025-04-09T19:55:42.9112031Z   - Installing symfony/error-handler (v7.2.5): Extracting archive
2025-04-09T19:55:42.9113963Z   - Installing symfony/http-kernel (v7.2.5): Extracting archive
2025-04-09T19:55:42.9115998Z   - Installing symfony/finder (v7.2.2): Extracting archive
2025-04-09T19:55:42.9117881Z   - Installing ramsey/collection (2.1.1): Extracting archive
2025-04-09T19:55:42.9120238Z   - Installing brick/math (0.12.3): Extracting archive
2025-04-09T19:55:42.9122242Z   - Installing ramsey/uuid (4.7.6): Extracting archive
2025-04-09T19:55:42.9124324Z   - Installing psr/simple-cache (3.0.0): Extracting archive
2025-04-09T19:55:42.9126367Z   - Installing symfony/translation-contracts (v3.5.1): Extracting archive
2025-04-09T19:55:42.9128658Z   - Installing symfony/translation (v7.2.4): Extracting archive
2025-04-09T19:55:42.9130488Z   - Installing psr/clock (1.0.0): Extracting archive
2025-04-09T19:55:42.9132396Z   - Installing symfony/clock (v7.2.0): Extracting archive
2025-04-09T19:55:42.9134629Z   - Installing carbonphp/carbon-doctrine-types (3.2.0): Extracting archive
2025-04-09T19:55:42.9136498Z   - Installing nesbot/carbon (3.9.0): Extracting archive
2025-04-09T19:55:42.9138802Z   - Installing monolog/monolog (3.9.0): Extracting archive
2025-04-09T19:55:42.9140944Z   - Installing league/uri-interfaces (7.5.0): Extracting archive
2025-04-09T19:55:42.9142948Z   - Installing league/uri (7.5.1): Extracting archive
2025-04-09T19:55:42.9144971Z   - Installing league/mime-type-detection (1.16.0): Extracting archive
2025-04-09T19:55:42.9146971Z   - Installing league/flysystem-local (3.29.0): Extracting archive
2025-04-09T19:55:42.9149127Z   - Installing league/flysystem (3.29.1): Extracting archive
2025-04-09T19:55:42.9151610Z   - Installing nette/utils (v4.0.6): Extracting archive
2025-04-09T19:55:42.9154132Z   - Installing nette/schema (v1.3.2): Extracting archive
2025-04-09T19:55:42.9156372Z   - Installing dflydev/dot-access-data (v3.0.3): Extracting archive
2025-04-09T19:55:42.9158475Z   - Installing league/config (v1.2.0): Extracting archive
2025-04-09T19:55:42.9160928Z   - Installing league/commonmark (2.6.1): Extracting archive
2025-04-09T19:55:42.9163153Z   - Installing laravel/serializable-closure (v2.0.4): Extracting archive
2025-04-09T19:55:42.9165407Z   - Installing laravel/prompts (v0.3.5): Extracting archive
2025-04-09T19:55:42.9167616Z   - Installing laravel/framework (v12.7.2): Extracting archive
2025-04-09T19:55:42.9170036Z   - Installing laravel/pail (v1.2.2): Extracting archive
2025-04-09T19:55:42.9172177Z   - Installing laravel/pint (v1.21.2): Extracting archive
2025-04-09T19:55:42.9174612Z   - Installing symfony/yaml (v7.2.5): Extracting archive
2025-04-09T19:55:42.9176880Z   - Installing laravel/sail (v1.41.0): Extracting archive
2025-04-09T19:55:42.9179393Z   - Installing laravel/sanctum (v4.0.8): Extracting archive
2025-04-09T19:55:42.9181639Z   - Installing nikic/php-parser (v5.4.0): Extracting archive
2025-04-09T19:55:42.9183974Z   - Installing psy/psysh (v0.12.8): Extracting archive
2025-04-09T19:55:42.9185984Z   - Installing laravel/tinker (v2.10.1): Extracting archive
2025-04-09T19:55:42.9188345Z   - Installing laravel/ui (v4.6.1): Extracting archive
2025-04-09T19:55:42.9190578Z   - Installing hamcrest/hamcrest-php (v2.0.1): Extracting archive
2025-04-09T19:55:42.9192858Z   - Installing mockery/mockery (1.6.12): Extracting archive
2025-04-09T19:55:42.9195189Z   - Installing filp/whoops (2.18.0): Extracting archive
2025-04-09T19:55:42.9197753Z   - Installing nunomaduro/collision (v8.8.0): Extracting archive
2025-04-09T19:55:42.9200143Z   - Installing staabm/side-effects-detector (1.0.5): Extracting archive
2025-04-09T19:55:42.9202227Z   - Installing sebastian/version (5.0.2): Extracting archive
2025-04-09T19:55:42.9204749Z   - Installing sebastian/type (5.1.2): Extracting archive
2025-04-09T19:55:42.9207012Z   - Installing sebastian/recursion-context (6.0.2): Extracting archive
2025-04-09T19:55:42.9209457Z   - Installing sebastian/object-reflector (4.0.1): Extracting archive
2025-04-09T19:55:42.9213776Z   - Installing sebastian/object-enumerator (6.0.1): Extracting archive
2025-04-09T19:55:42.9215908Z   - Installing sebastian/global-state (7.0.2): Extracting archive
2025-04-09T19:55:42.9218128Z   - Installing sebastian/exporter (6.3.0): Extracting archive
2025-04-09T19:55:42.9220543Z   - Installing sebastian/environment (7.2.0): Extracting archive
2025-04-09T19:55:42.9222671Z   - Installing sebastian/diff (6.0.2): Extracting archive
2025-04-09T19:55:42.9224876Z   - Installing sebastian/comparator (6.3.1): Extracting archive
2025-04-09T19:55:42.9227117Z   - Installing sebastian/code-unit (3.0.3): Extracting archive
2025-04-09T19:55:42.9229535Z   - Installing sebastian/cli-parser (3.0.2): Extracting archive
2025-04-09T19:55:42.9231659Z   - Installing phpunit/php-timer (7.0.1): Extracting archive
2025-04-09T19:55:42.9234053Z   - Installing phpunit/php-text-template (4.0.1): Extracting archive
2025-04-09T19:55:42.9236155Z   - Installing phpunit/php-invoker (5.0.1): Extracting archive
2025-04-09T19:55:42.9238596Z   - Installing phpunit/php-file-iterator (5.1.0): Extracting archive
2025-04-09T19:55:42.9240766Z   - Installing theseer/tokenizer (1.2.3): Extracting archive
2025-04-09T19:55:42.9243050Z   - Installing sebastian/lines-of-code (3.0.1): Extracting archive
2025-04-09T19:55:42.9245658Z   - Installing sebastian/complexity (4.0.1): Extracting archive
2025-04-09T19:55:42.9247876Z   - Installing sebastian/code-unit-reverse-lookup (4.0.1): Extracting archive
2025-04-09T19:55:42.9250099Z   - Installing phpunit/php-code-coverage (11.0.9): Extracting archive
2025-04-09T19:55:42.9252244Z   - Installing phar-io/version (3.2.1): Extracting archive
2025-04-09T19:55:42.9254377Z   - Installing phar-io/manifest (2.0.4): Extracting archive
2025-04-09T19:55:42.9256495Z   - Installing myclabs/deep-copy (1.13.0): Extracting archive
2025-04-09T19:55:42.9258924Z   - Installing phpunit/phpunit (11.5.17): Extracting archive
2025-04-09T19:55:43.9009195Z Generating optimized autoload files
2025-04-09T19:55:45.4828961Z > Illuminate\Foundation\ComposerScripts::postAutoloadDump
2025-04-09T19:55:45.4958070Z > @php artisan package:discover --ansi
2025-04-09T19:55:45.6369824Z 
2025-04-09T19:55:45.6370576Z   [37;44m INFO [39;49m Discovering packages.  
2025-04-09T19:55:45.6370857Z 
2025-04-09T19:55:45.6396984Z   laravel/pail [90m.[39m[90m.[39m[90m.[39m[90m.[39m[90m.[39m[90m.[39m[90m.[39m[90m.[39m[90m.[39m[90m.[39m[90m.[39m[90m.[39m[90m.[39m[90m.[39m[90m.[39m[90m.[39m[90m.[39m[90m.[39m[90m.[39m[90m.[39m[90m.[39m[90m.[39m[90m.[39m[90m.[39m[90m.[39m[90m.[39m[90m.[39m[90m.[39m[90m.[39m[90m.[39m[90m.[39m[90m.[39m[90m.[39m[90m.[39m[90m.[39m[90m.[39m[90m.[39m[90m.[39m[90m.[39m[90m.[39m[90m.[39m[90m.[39m[90m.[39m[90m.[39m[90m.[39m[90m.[39m[90m.[39m[90m.[39m[90m.[39m[90m.[39m[90m.[39m[90m.[39m[90m.[39m[90m.[39m[90m.[39m[90m.[39m[90m.[39m[90m.[39m [32;1mDONE[39;22m
2025-04-09T19:55:45.6404746Z   laravel/sail [90m.[39m[90m.[39m[90m.[39m[90m.[39m[90m.[39m[90m.[39m[90m.[39m[90m.[39m[90m.[39m[90m.[39m[90m.[39m[90m.[39m[90m.[39m[90m.[39m[90m.[39m[90m.[39m[90m.[39m[90m.[39m[90m.[39m[90m.[39m[90m.[39m[90m.[39m[90m.[39m[90m.[39m[90m.[39m[90m.[39m[90m.[39m[90m.[39m[90m.[39m[90m.[39m[90m.[39m[90m.[39m[90m.[39m[90m.[39m[90m.[39m[90m.[39m[90m.[39m[90m.[39m[90m.[39m[90m.[39m[90m.[39m[90m.[39m[90m.[39m[90m.[39m[90m.[39m[90m.[39m[90m.[39m[90m.[39m[90m.[39m[90m.[39m[90m.[39m[90m.[39m[90m.[39m[90m.[39m[90m.[39m[90m.[39m[90m.[39m[90m.[39m [32;1mDONE[39;22m
2025-04-09T19:55:45.6409898Z   laravel/sanctum [90m.[39m[90m.[39m[90m.[39m[90m.[39m[90m.[39m[90m.[39m[90m.[39m[90m.[39m[90m.[39m[90m.[39m[90m.[39m[90m.[39m[90m.[39m[90m.[39m[90m.[39m[90m.[39m[90m.[39m[90m.[39m[90m.[39m[90m.[39m[90m.[39m[90m.[39m[90m.[39m[90m.[39m[90m.[39m[90m.[39m[90m.[39m[90m.[39m[90m.[39m[90m.[39m[90m.[39m[90m.[39m[90m.[39m[90m.[39m[90m.[39m[90m.[39m[90m.[39m[90m.[39m[90m.[39m[90m.[39m[90m.[39m[90m.[39m[90m.[39m[90m.[39m[90m.[39m[90m.[39m[90m.[39m[90m.[39m[90m.[39m[90m.[39m[90m.[39m[90m.[39m[90m.[39m[90m.[39m[90m.[39m [32;1mDONE[39;22m
2025-04-09T19:55:45.6414224Z   laravel/tinker [90m.[39m[90m.[39m[90m.[39m[90m.[39m[90m.[39m[90m.[39m[90m.[39m[90m.[39m[90m.[39m[90m.[39m[90m.[39m[90m.[39m[90m.[39m[90m.[39m[90m.[39m[90m.[39m[90m.[39m[90m.[39m[90m.[39m[90m.[39m[90m.[39m[90m.[39m[90m.[39m[90m.[39m[90m.[39m[90m.[39m[90m.[39m[90m.[39m[90m.[39m[90m.[39m[90m.[39m[90m.[39m[90m.[39m[90m.[39m[90m.[39m[90m.[39m[90m.[39m[90m.[39m[90m.[39m[90m.[39m[90m.[39m[90m.[39m[90m.[39m[90m.[39m[90m.[39m[90m.[39m[90m.[39m[90m.[39m[90m.[39m[90m.[39m[90m.[39m[90m.[39m[90m.[39m[90m.[39m[90m.[39m[90m.[39m [32;1mDONE[39;22m
2025-04-09T19:55:45.6419711Z   laravel/ui [90m.[39m[90m.[39m[90m.[39m[90m.[39m[90m.[39m[90m.[39m[90m.[39m[90m.[39m[90m.[39m[90m.[39m[90m.[39m[90m.[39m[90m.[39m[90m.[39m[90m.[39m[90m.[39m[90m.[39m[90m.[39m[90m.[39m[90m.[39m[90m.[39m[90m.[39m[90m.[39m[90m.[39m[90m.[39m[90m.[39m[90m.[39m[90m.[39m[90m.[39m[90m.[39m[90m.[39m[90m.[39m[90m.[39m[90m.[39m[90m.[39m[90m.[39m[90m.[39m[90m.[39m[90m.[39m[90m.[39m[90m.[39m[90m.[39m[90m.[39m[90m.[39m[90m.[39m[90m.[39m[90m.[39m[90m.[39m[90m.[39m[90m.[39m[90m.[39m[90m.[39m[90m.[39m[90m.[39m[90m.[39m[90m.[39m[90m.[39m[90m.[39m[90m.[39m[90m.[39m [32;1mDONE[39;22m
2025-04-09T19:55:45.6423109Z   nesbot/carbon [90m.[39m[90m.[39m[90m.[39m[90m.[39m[90m.[39m[90m.[39m[90m.[39m[90m.[39m[90m.[39m[90m.[39m[90m.[39m[90m.[39m[90m.[39m[90m.[39m[90m.[39m[90m.[39m[90m.[39m[90m.[39m[90m.[39m[90m.[39m[90m.[39m[90m.[39m[90m.[39m[90m.[39m[90m.[39m[90m.[39m[90m.[39m[90m.[39m[90m.[39m[90m.[39m[90m.[39m[90m.[39m[90m.[39m[90m.[39m[90m.[39m[90m.[39m[90m.[39m[90m.[39m[90m.[39m[90m.[39m[90m.[39m[90m.[39m[90m.[39m[90m.[39m[90m.[39m[90m.[39m[90m.[39m[90m.[39m[90m.[39m[90m.[39m[90m.[39m[90m.[39m[90m.[39m[90m.[39m[90m.[39m[90m.[39m[90m.[39m [32;1mDONE[39;22m
2025-04-09T19:55:45.6426965Z   nunomaduro/collision [90m.[39m[90m.[39m[90m.[39m[90m.[39m[90m.[39m[90m.[39m[90m.[39m[90m.[39m[90m.[39m[90m.[39m[90m.[39m[90m.[39m[90m.[39m[90m.[39m[90m.[39m[90m.[39m[90m.[39m[90m.[39m[90m.[39m[90m.[39m[90m.[39m[90m.[39m[90m.[39m[90m.[39m[90m.[39m[90m.[39m[90m.[39m[90m.[39m[90m.[39m[90m.[39m[90m.[39m[90m.[39m[90m.[39m[90m.[39m[90m.[39m[90m.[39m[90m.[39m[90m.[39m[90m.[39m[90m.[39m[90m.[39m[90m.[39m[90m.[39m[90m.[39m[90m.[39m[90m.[39m[90m.[39m[90m.[39m[90m.[39m[90m.[39m [32;1mDONE[39;22m
2025-04-09T19:55:45.6433975Z   nunomaduro/termwind [90m.[39m[90m.[39m[90m.[39m[90m.[39m[90m.[39m[90m.[39m[90m.[39m[90m.[39m[90m.[39m[90m.[39m[90m.[39m[90m.[39m[90m.[39m[90m.[39m[90m.[39m[90m.[39m[90m.[39m[90m.[39m[90m.[39m[90m.[39m[90m.[39m[90m.[39m[90m.[39m[90m.[39m[90m.[39m[90m.[39m[90m.[39m[90m.[39m[90m.[39m[90m.[39m[90m.[39m[90m.[39m[90m.[39m[90m.[39m[90m.[39m[90m.[39m[90m.[39m[90m.[39m[90m.[39m[90m.[39m[90m.[39m[90m.[39m[90m.[39m[90m.[39m[90m.[39m[90m.[39m[90m.[39m[90m.[39m[90m.[39m[90m.[39m[90m.[39m [32;1mDONE[39;22m
2025-04-09T19:55:45.6435035Z 
2025-04-09T19:55:45.6528124Z 80 packages you are using are looking for funding.
2025-04-09T19:55:45.6528689Z Use the `composer fund` command to find out more!
2025-04-09T19:55:45.6791019Z ##[group]Run cp .env.example .env
2025-04-09T19:55:45.6791325Z [36;1mcp .env.example .env[0m
2025-04-09T19:55:45.6839310Z shell: /usr/bin/bash -e {0}
2025-04-09T19:55:45.6839545Z env:
2025-04-09T19:55:45.6839721Z   COMPOSER_PROCESS_TIMEOUT: 0
2025-04-09T19:55:45.6839966Z   COMPOSER_NO_INTERACTION: 1
2025-04-09T19:55:45.6840178Z   COMPOSER_NO_AUDIT: 1
2025-04-09T19:55:45.6840372Z ##[endgroup]
2025-04-09T19:55:45.6941391Z ##[group]Run php artisan key:generate
2025-04-09T19:55:45.6941690Z [36;1mphp artisan key:generate[0m
2025-04-09T19:55:45.6984084Z shell: /usr/bin/bash -e {0}
2025-04-09T19:55:45.6984311Z env:
2025-04-09T19:55:45.6984493Z   COMPOSER_PROCESS_TIMEOUT: 0
2025-04-09T19:55:45.6984733Z   COMPOSER_NO_INTERACTION: 1
2025-04-09T19:55:45.6984944Z   COMPOSER_NO_AUDIT: 1
2025-04-09T19:55:45.6985134Z ##[endgroup]
2025-04-09T19:55:45.8441096Z 
2025-04-09T19:55:45.8441306Z    INFO  Application key set successfully.  
2025-04-09T19:55:45.8441848Z 
2025-04-09T19:55:45.8610947Z ##[group]Run actions/setup-node@v3
2025-04-09T19:55:45.8611213Z with:
2025-04-09T19:55:45.8611393Z   node-version: 18
2025-04-09T19:55:45.8611584Z   always-auth: false
2025-04-09T19:55:45.8611796Z   check-latest: false
2025-04-09T19:55:45.8612108Z   token: ***
2025-04-09T19:55:45.8612282Z env:
2025-04-09T19:55:45.8612456Z   COMPOSER_PROCESS_TIMEOUT: 0
2025-04-09T19:55:45.8612691Z   COMPOSER_NO_INTERACTION: 1
2025-04-09T19:55:45.8612894Z   COMPOSER_NO_AUDIT: 1
2025-04-09T19:55:45.8613085Z ##[endgroup]
2025-04-09T19:55:46.0431095Z Found in cache @ /opt/hostedtoolcache/node/18.20.8/x64
2025-04-09T19:55:46.0437441Z ##[group]Environment details
2025-04-09T19:55:46.4104238Z node: v18.20.8
2025-04-09T19:55:46.4104645Z npm: 10.8.2
2025-04-09T19:55:46.4104853Z yarn: 1.22.22
2025-04-09T19:55:46.4105517Z ##[endgroup]
2025-04-09T19:55:46.4197034Z ##[group]Run npm ci
2025-04-09T19:55:46.4197337Z [36;1mnpm ci[0m
2025-04-09T19:55:46.4243825Z shell: /usr/bin/bash -e {0}
2025-04-09T19:55:46.4244049Z env:
2025-04-09T19:55:46.4244230Z   COMPOSER_PROCESS_TIMEOUT: 0
2025-04-09T19:55:46.4244463Z   COMPOSER_NO_INTERACTION: 1
2025-04-09T19:55:46.4244683Z   COMPOSER_NO_AUDIT: 1
2025-04-09T19:55:46.4244874Z ##[endgroup]
2025-04-09T19:55:49.0197175Z 
2025-04-09T19:55:49.0206776Z added 95 packages, and audited 96 packages in 3s
2025-04-09T19:55:49.0207194Z 
2025-04-09T19:55:49.0207491Z 26 packages are looking for funding
2025-04-09T19:55:49.0208199Z   run `npm fund` for details
2025-04-09T19:55:49.0211670Z 
2025-04-09T19:55:49.0211979Z found 0 vulnerabilities
2025-04-09T19:55:49.0395464Z ##[group]Run cp vite.config.debug.js vite.config.js || echo "Debug config not available"
2025-04-09T19:55:49.0396035Z [36;1mcp vite.config.debug.js vite.config.js || echo "Debug config not available"[0m
2025-04-09T19:55:49.0396411Z [36;1mnpm run build[0m
2025-04-09T19:55:49.0396680Z [36;1mls -la public/build || echo "Directory not found"[0m
2025-04-09T19:55:49.0397085Z [36;1mfind public -name "manifest.json" || echo "Manifest not found"[0m
2025-04-09T19:55:49.0444577Z shell: /usr/bin/bash -e {0}
2025-04-09T19:55:49.0444806Z env:
2025-04-09T19:55:49.0444984Z   COMPOSER_PROCESS_TIMEOUT: 0
2025-04-09T19:55:49.0445216Z   COMPOSER_NO_INTERACTION: 1
2025-04-09T19:55:49.0445431Z   COMPOSER_NO_AUDIT: 1
2025-04-09T19:55:49.0445614Z ##[endgroup]
2025-04-09T19:55:49.1736190Z 
2025-04-09T19:55:49.1736599Z > build
2025-04-09T19:55:49.1736886Z > vite build
2025-04-09T19:55:49.1737016Z 
2025-04-09T19:55:49.4201142Z [36mvite v6.2.5 [32mbuilding for production...[36m[39m
2025-04-09T19:55:49.4557292Z transforming...
2025-04-09T19:55:50.0019276Z [32mâœ“[39m 111 modules transformed.
2025-04-09T19:55:50.0594609Z rendering chunks...
2025-04-09T19:55:50.0914058Z computing gzip size...
2025-04-09T19:55:50.1031002Z [2mpublic/build/[22m[32m.vite/manifest.json      [39m[1m[2m  0.27 kB[22m[1m[22m[2m â”‚ gzip:  0.15 kB[22m
2025-04-09T19:55:50.1032717Z [2mpublic/build/[22m[2massets/[22m[35mapp-q4YL6uMt.css  [39m[1m[2m 27.60 kB[22m[1m[22m[2m â”‚ gzip:  7.55 kB[22m
2025-04-09T19:55:50.1034504Z [2mpublic/build/[22m[2massets/[22m[36mapp-C4mJ2kZP.js   [39m[1m[2m245.36 kB[22m[1m[22m[2m â”‚ gzip: 55.92 kB[22m
2025-04-09T19:55:50.1035575Z [32mâœ“ built in 661ms[39m
2025-04-09T19:55:50.1249891Z total 16
2025-04-09T19:55:50.1250428Z drwxr-xr-x 4 runner docker 4096 Apr  9 19:55 .
2025-04-09T19:55:50.1250894Z drwxr-xr-x 4 runner docker 4096 Apr  9 19:55 ..
2025-04-09T19:55:50.1251276Z drwxr-xr-x 2 runner docker 4096 Apr  9 19:55 .vite
2025-04-09T19:55:50.1251670Z drwxr-xr-x 2 runner docker 4096 Apr  9 19:55 assets
2025-04-09T19:55:50.1264273Z public/build/.vite/manifest.json
2025-04-09T19:55:50.1292109Z ##[group]Run php artisan test
2025-04-09T19:55:50.1292394Z [36;1mphp artisan test[0m
2025-04-09T19:55:50.1337520Z shell: /usr/bin/bash -e {0}
2025-04-09T19:55:50.1337768Z env:
2025-04-09T19:55:50.1338125Z   COMPOSER_PROCESS_TIMEOUT: 0
2025-04-09T19:55:50.1338541Z   COMPOSER_NO_INTERACTION: 1
2025-04-09T19:55:50.1338770Z   COMPOSER_NO_AUDIT: 1
2025-04-09T19:55:50.1338967Z ##[endgroup]
2025-04-09T19:55:50.3656305Z 
2025-04-09T19:55:50.3656755Z    PASS  Tests\Unit\ExampleTest
2025-04-09T19:55:50.3681132Z   âœ“ that true is true
2025-04-09T19:55:50.7341712Z 
2025-04-09T19:55:50.7342121Z    FAIL  Tests\Feature\ExampleTest
2025-04-09T19:55:50.7368318Z   â¨¯ the application returns a successful response                        0.37s  
2025-04-09T19:55:50.7379775Z   â”€â”€â”€â”€â”€â”€â”€â”€â”€â”€â”€â”€â”€â”€â”€â”€â”€â”€â”€â”€â”€â”€â”€â”€â”€â”€â”€â”€â”€â”€â”€â”€â”€â”€â”€â”€â”€â”€â”€â”€â”€â”€â”€â”€â”€â”€â”€â”€â”€â”€â”€â”€â”€â”€â”€â”€â”€â”€â”€â”€â”€â”€â”€â”€â”€â”€â”€â”€â”€â”€â”€â”€â”€â”€â”€â”€  
2025-04-09T19:55:50.7402043Z    FAILED  Tests\Feature\ExampleTest > the application returns a successfulâ€¦    
2025-04-09T19:55:50.7417881Z   Expected response status code [200] but received 500.
2025-04-09T19:55:50.7419232Z Failed asserting that 500 is identical to 200.
2025-04-09T19:55:50.7419607Z 
2025-04-09T19:55:50.7420010Z The following exception occurred during the last request:
2025-04-09T19:55:50.7420416Z 
2025-04-09T19:55:50.7422443Z Illuminate\Foundation\ViteManifestNotFoundException: Vite manifest not found at: /home/runner/work/laravel/laravel/public/build/manifest.json in /home/runner/work/laravel/laravel/vendor/laravel/framework/src/Illuminate/Foundation/Vite.php:934
2025-04-09T19:55:50.7424316Z Stack trace:
2025-04-09T19:55:50.7425695Z #0 /home/runner/work/laravel/laravel/vendor/laravel/framework/src/Illuminate/Foundation/Vite.php(384): Illuminate\Foundation\Vite->manifest()
2025-04-09T19:55:50.7427859Z #1 /home/runner/work/laravel/laravel/storage/framework/views/9db57c97561d6f81b53d023c9ad4abfb.php(25): Illuminate\Foundation\Vite->__invoke()
2025-04-09T19:55:50.7430069Z #2 /home/runner/work/laravel/laravel/vendor/laravel/framework/src/Illuminate/Filesystem/Filesystem.php(123): require('...')
2025-04-09T19:55:50.7432327Z #3 /home/runner/work/laravel/laravel/vendor/laravel/framework/src/Illuminate/Filesystem/Filesystem.php(124): Illuminate\Filesystem\Filesystem::Illuminate\Filesystem\{closure}()
2025-04-09T19:55:50.7434822Z #4 /home/runner/work/laravel/laravel/vendor/laravel/framework/src/Illuminate/View/Engines/PhpEngine.php(57): Illuminate\Filesystem\Filesystem->getRequire()
2025-04-09T19:55:50.7437340Z #5 /home/runner/work/laravel/laravel/vendor/laravel/framework/src/Illuminate/View/Engines/CompilerEngine.php(74): Illuminate\View\Engines\PhpEngine->evaluatePath()
2025-04-09T19:55:50.7439918Z #6 /home/runner/work/laravel/laravel/vendor/laravel/framework/src/Illuminate/View/View.php(208): Illuminate\View\Engines\CompilerEngine->get()
2025-04-09T19:55:50.7442044Z #7 /home/runner/work/laravel/laravel/vendor/laravel/framework/src/Illuminate/View/View.php(191): Illuminate\View\View->getContents()
2025-04-09T19:55:50.7444136Z #8 /home/runner/work/laravel/laravel/vendor/laravel/framework/src/Illuminate/View/View.php(160): Illuminate\View\View->renderContents()
2025-04-09T19:55:50.7446218Z #9 /home/runner/work/laravel/laravel/storage/framework/views/d524f4b721a08f0e655e6e4c796a95be.php(139): Illuminate\View\View->render()
2025-04-09T19:55:50.7448495Z #10 /home/runner/work/laravel/laravel/vendor/laravel/framework/src/Illuminate/Filesystem/Filesystem.php(123): require('...')
2025-04-09T19:55:50.7450887Z #11 /home/runner/work/laravel/laravel/vendor/laravel/framework/src/Illuminate/Filesystem/Filesystem.php(124): Illuminate\Filesystem\Filesystem::Illuminate\Filesystem\{closure}()
2025-04-09T19:55:50.7453476Z #12 /home/runner/work/laravel/laravel/vendor/laravel/framework/src/Illuminate/View/Engines/PhpEngine.php(57): Illuminate\Filesystem\Filesystem->getRequire()
2025-04-09T19:55:50.7456006Z #13 /home/runner/work/laravel/laravel/vendor/laravel/framework/src/Illuminate/View/Engines/CompilerEngine.php(74): Illuminate\View\Engines\PhpEngine->evaluatePath()
2025-04-09T19:55:50.7460026Z #14 /home/runner/work/laravel/laravel/vendor/laravel/framework/src/Illuminate/View/View.php(208): Illuminate\View\Engines\CompilerEngine->get()
2025-04-09T19:55:50.7462248Z #15 /home/runner/work/laravel/laravel/vendor/laravel/framework/src/Illuminate/View/View.php(191): Illuminate\View\View->getContents()
2025-04-09T19:55:50.7464431Z #16 /home/runner/work/laravel/laravel/vendor/laravel/framework/src/Illuminate/View/View.php(160): Illuminate\View\View->renderContents()
2025-04-09T19:55:50.7465583Z #17 /home/runner/work/laravel/laravel/vendor/laravel/framework/src/Illuminate/Http/Response.php(78): Illuminate\View\View->render()
2025-04-09T19:55:50.7466712Z #18 /home/runner/work/laravel/laravel/vendor/laravel/framework/src/Illuminate/Http/Response.php(34): Illuminate\Http\Response->setContent()
2025-04-09T19:55:50.7467882Z #19 /home/runner/work/laravel/laravel/vendor/laravel/framework/src/Illuminate/Routing/Router.php(924): Illuminate\Http\Response->__construct()
2025-04-09T19:55:50.7469326Z #20 /home/runner/work/laravel/laravel/vendor/laravel/framework/src/Illuminate/Routing/Router.php(891): Illuminate\Routing\Router::toResponse()
2025-04-09T19:55:50.7470502Z #21 /home/runner/work/laravel/laravel/vendor/laravel/framework/src/Illuminate/Routing/Router.php(807): Illuminate\Routing\Router->prepareResponse()
2025-04-09T19:55:50.7472394Z #22 /home/runner/work/laravel/laravel/vendor/laravel/framework/src/Illuminate/Pipeline/Pipeline.php(169): Illuminate\Routing\Router->Illuminate\Routing\{closure}()
2025-04-09T19:55:50.7474688Z #23 /home/runner/work/laravel/laravel/vendor/laravel/framework/src/Illuminate/Routing/Middleware/SubstituteBindings.php(50): Illuminate\Pipeline\Pipeline->Illuminate\Pipeline\{closure}()
2025-04-09T19:55:50.7476146Z #24 /home/runner/work/laravel/laravel/vendor/laravel/framework/src/Illuminate/Pipeline/Pipeline.php(208): Illuminate\Routing\Middleware\SubstituteBindings->handle()
2025-04-09T19:55:50.7477630Z #25 /home/runner/work/laravel/laravel/vendor/laravel/framework/src/Illuminate/Foundation/Http/Middleware/VerifyCsrfToken.php(87): Illuminate\Pipeline\Pipeline->Illuminate\Pipeline\{closure}()
2025-04-09T19:55:50.7479310Z #26 /home/runner/work/laravel/laravel/vendor/laravel/framework/src/Illuminate/Pipeline/Pipeline.php(208): Illuminate\Foundation\Http\Middleware\VerifyCsrfToken->handle()
2025-04-09T19:55:50.7480772Z #27 /home/runner/work/laravel/laravel/vendor/laravel/framework/src/Illuminate/View/Middleware/ShareErrorsFromSession.php(48): Illuminate\Pipeline\Pipeline->Illuminate\Pipeline\{closure}()
2025-04-09T19:55:50.7482204Z #28 /home/runner/work/laravel/laravel/vendor/laravel/framework/src/Illuminate/Pipeline/Pipeline.php(208): Illuminate\View\Middleware\ShareErrorsFromSession->handle()
2025-04-09T19:55:50.7483605Z #29 /home/runner/work/laravel/laravel/vendor/laravel/framework/src/Illuminate/Session/Middleware/StartSession.php(120): Illuminate\Pipeline\Pipeline->Illuminate\Pipeline\{closure}()
2025-04-09T19:55:50.7485113Z #30 /home/runner/work/laravel/laravel/vendor/laravel/framework/src/Illuminate/Session/Middleware/StartSession.php(63): Illuminate\Session\Middleware\StartSession->handleStatefulRequest()
2025-04-09T19:55:50.7486494Z #31 /home/runner/work/laravel/laravel/vendor/laravel/framework/src/Illuminate/Pipeline/Pipeline.php(208): Illuminate\Session\Middleware\StartSession->handle()
2025-04-09T19:55:50.7488132Z #32 /home/runner/work/laravel/laravel/vendor/laravel/framework/src/Illuminate/Cookie/Middleware/AddQueuedCookiesToResponse.php(36): Illuminate\Pipeline\Pipeline->Illuminate\Pipeline\{closure}()
2025-04-09T19:55:50.7489659Z #33 /home/runner/work/laravel/laravel/vendor/laravel/framework/src/Illuminate/Pipeline/Pipeline.php(208): Illuminate\Cookie\Middleware\AddQueuedCookiesToResponse->handle()
2025-04-09T19:55:50.7491094Z #34 /home/runner/work/laravel/laravel/vendor/laravel/framework/src/Illuminate/Cookie/Middleware/EncryptCookies.php(74): Illuminate\Pipeline\Pipeline->Illuminate\Pipeline\{closure}()
2025-04-09T19:55:50.7492670Z #35 /home/runner/work/laravel/laravel/vendor/laravel/framework/src/Illuminate/Pipeline/Pipeline.php(208): Illuminate\Cookie\Middleware\EncryptCookies->handle()
2025-04-09T19:55:50.7494660Z #36 /home/runner/work/laravel/laravel/vendor/laravel/framework/src/Illuminate/Pipeline/Pipeline.php(126): Illuminate\Pipeline\Pipeline->Illuminate\Pipeline\{closure}()
2025-04-09T19:55:50.7497264Z #37 /home/runner/work/laravel/laravel/vendor/laravel/framework/src/Illuminate/Routing/Router.php(807): Illuminate\Pipeline\Pipeline->then()
2025-04-09T19:55:50.7499811Z #38 /home/runner/work/laravel/laravel/vendor/laravel/framework/src/Illuminate/Routing/Router.php(786): Illuminate\Routing\Router->runRouteWithinStack()
2025-04-09T19:55:50.7501313Z #39 /home/runner/work/laravel/laravel/vendor/laravel/framework/src/Illuminate/Routing/Router.php(750): Illuminate\Routing\Router->runRoute()
2025-04-09T19:55:50.7502485Z #40 /home/runner/work/laravel/laravel/vendor/laravel/framework/src/Illuminate/Routing/Router.php(739): Illuminate\Routing\Router->dispatchToRoute()
2025-04-09T19:55:50.7504294Z #41 /home/runner/work/laravel/laravel/vendor/laravel/framework/src/Illuminate/Foundation/Http/Kernel.php(200): Illuminate\Routing\Router->dispatch()
2025-04-09T19:55:50.7506836Z #42 /home/runner/work/laravel/laravel/vendor/laravel/framework/src/Illuminate/Pipeline/Pipeline.php(169): Illuminate\Foundation\Http\Kernel->Illuminate\Foundation\Http\{closure}()
2025-04-09T19:55:50.7509978Z #43 /home/runner/work/laravel/laravel/vendor/laravel/framework/src/Illuminate/Foundation/Http/Middleware/TransformsRequest.php(21): Illuminate\Pipeline\Pipeline->Illuminate\Pipeline\{closure}()
2025-04-09T19:55:50.7513171Z #44 /home/runner/work/laravel/laravel/vendor/laravel/framework/src/Illuminate/Foundation/Http/Middleware/ConvertEmptyStringsToNull.php(31): Illuminate\Foundation\Http\Middleware\TransformsRequest->handle()
2025-04-09T19:55:50.7516227Z #45 /home/runner/work/laravel/laravel/vendor/laravel/framework/src/Illuminate/Pipeline/Pipeline.php(208): Illuminate\Foundation\Http\Middleware\ConvertEmptyStringsToNull->handle()
2025-04-09T19:55:50.7519415Z #46 /home/runner/work/laravel/laravel/vendor/laravel/framework/src/Illuminate/Foundation/Http/Middleware/TransformsRequest.php(21): Illuminate\Pipeline\Pipeline->Illuminate\Pipeline\{closure}()
2025-04-09T19:55:50.7522444Z #47 /home/runner/work/laravel/laravel/vendor/laravel/framework/src/Illuminate/Foundation/Http/Middleware/TrimStrings.php(51): Illuminate\Foundation\Http\Middleware\TransformsRequest->handle()
2025-04-09T19:55:50.7525145Z #48 /home/runner/work/laravel/laravel/vendor/laravel/framework/src/Illuminate/Pipeline/Pipeline.php(208): Illuminate\Foundation\Http\Middleware\TrimStrings->handle()
2025-04-09T19:55:50.7527794Z #49 /home/runner/work/laravel/laravel/vendor/laravel/framework/src/Illuminate/Http/Middleware/ValidatePostSize.php(27): Illuminate\Pipeline\Pipeline->Illuminate\Pipeline\{closure}()
2025-04-09T19:55:50.7530722Z #50 /home/runner/work/laravel/laravel/vendor/laravel/framework/src/Illuminate/Pipeline/Pipeline.php(208): Illuminate\Http\Middleware\ValidatePostSize->handle()
2025-04-09T19:55:50.7533661Z #51 /home/runner/work/laravel/laravel/vendor/laravel/framework/src/Illuminate/Foundation/Http/Middleware/PreventRequestsDuringMaintenance.php(109): Illuminate\Pipeline\Pipeline->Illuminate\Pipeline\{closure}()
2025-04-09T19:55:50.7535931Z #52 /home/runner/work/laravel/laravel/vendor/laravel/framework/src/Illuminate/Pipeline/Pipeline.php(208): Illuminate\Foundation\Http\Middleware\PreventRequestsDuringMaintenance->handle()
2025-04-09T19:55:50.7537407Z #53 /home/runner/work/laravel/laravel/vendor/laravel/framework/src/Illuminate/Http/Middleware/HandleCors.php(48): Illuminate\Pipeline\Pipeline->Illuminate\Pipeline\{closure}()
2025-04-09T19:55:50.7538980Z #54 /home/runner/work/laravel/laravel/vendor/laravel/framework/src/Illuminate/Pipeline/Pipeline.php(208): Illuminate\Http\Middleware\HandleCors->handle()
2025-04-09T19:55:50.7540545Z #55 /home/runner/work/laravel/laravel/vendor/laravel/framework/src/Illuminate/Http/Middleware/TrustProxies.php(58): Illuminate\Pipeline\Pipeline->Illuminate\Pipeline\{closure}()
2025-04-09T19:55:50.7541896Z #56 /home/runner/work/laravel/laravel/vendor/laravel/framework/src/Illuminate/Pipeline/Pipeline.php(208): Illuminate\Http\Middleware\TrustProxies->handle()
2025-04-09T19:55:50.7543360Z #57 /home/runner/work/laravel/laravel/vendor/laravel/framework/src/Illuminate/Foundation/Http/Middleware/InvokeDeferredCallbacks.php(22): Illuminate\Pipeline\Pipeline->Illuminate\Pipeline\{closure}()
2025-04-09T19:55:50.7545001Z #58 /home/runner/work/laravel/laravel/vendor/laravel/framework/src/Illuminate/Pipeline/Pipeline.php(208): Illuminate\Foundation\Http\Middleware\InvokeDeferredCallbacks->handle()
2025-04-09T19:55:50.7546479Z #59 /home/runner/work/laravel/laravel/vendor/laravel/framework/src/Illuminate/Http/Middleware/ValidatePathEncoding.php(26): Illuminate\Pipeline\Pipeline->Illuminate\Pipeline\{closure}()
2025-04-09T19:55:50.7547883Z #60 /home/runner/work/laravel/laravel/vendor/laravel/framework/src/Illuminate/Pipeline/Pipeline.php(208): Illuminate\Http\Middleware\ValidatePathEncoding->handle()
2025-04-09T19:55:50.7549556Z #61 /home/runner/work/laravel/laravel/vendor/laravel/framework/src/Illuminate/Pipeline/Pipeline.php(126): Illuminate\Pipeline\Pipeline->Illuminate\Pipeline\{closure}()
2025-04-09T19:55:50.7550839Z #62 /home/runner/work/laravel/laravel/vendor/laravel/framework/src/Illuminate/Foundation/Http/Kernel.php(175): Illuminate\Pipeline\Pipeline->then()
2025-04-09T19:55:50.7552158Z #63 /home/runner/work/laravel/laravel/vendor/laravel/framework/src/Illuminate/Foundation/Http/Kernel.php(144): Illuminate\Foundation\Http\Kernel->sendRequestThroughRouter()
2025-04-09T19:55:50.7553588Z #64 /home/runner/work/laravel/laravel/vendor/laravel/framework/src/Illuminate/Foundation/Testing/Concerns/MakesHttpRequests.php(607): Illuminate\Foundation\Http\Kernel->handle()
2025-04-09T19:55:50.7555070Z #65 /home/runner/work/laravel/laravel/vendor/laravel/framework/src/Illuminate/Foundation/Testing/Concerns/MakesHttpRequests.php(368): Illuminate\Foundation\Testing\TestCase->call()
2025-04-09T19:55:50.7556238Z #66 /home/runner/work/laravel/laravel/tests/Feature/ExampleTest.php(15): Illuminate\Foundation\Testing\TestCase->get()
2025-04-09T19:55:50.7557432Z #67 /home/runner/work/laravel/laravel/vendor/phpunit/phpunit/src/Framework/TestCase.php(1656): Tests\Feature\ExampleTest->test_the_application_returns_a_successful_response()
2025-04-09T19:55:50.7558799Z #68 /home/runner/work/laravel/laravel/vendor/phpunit/phpunit/src/Framework/TestCase.php(514): PHPUnit\Framework\TestCase->runTest()
2025-04-09T19:55:50.7559922Z #69 /home/runner/work/laravel/laravel/vendor/phpunit/phpunit/src/Framework/TestRunner/TestRunner.php(87): PHPUnit\Framework\TestCase->runBare()
2025-04-09T19:55:50.7561012Z #70 /home/runner/work/laravel/laravel/vendor/phpunit/phpunit/src/Framework/TestCase.php(361): PHPUnit\Framework\TestRunner->run()
2025-04-09T19:55:50.7562051Z #71 /home/runner/work/laravel/laravel/vendor/phpunit/phpunit/src/Framework/TestSuite.php(369): PHPUnit\Framework\TestCase->run()
2025-04-09T19:55:50.7563072Z #72 /home/runner/work/laravel/laravel/vendor/phpunit/phpunit/src/Framework/TestSuite.php(369): PHPUnit\Framework\TestSuite->run()
2025-04-09T19:55:50.7564113Z #73 /home/runner/work/laravel/laravel/vendor/phpunit/phpunit/src/Framework/TestSuite.php(369): PHPUnit\Framework\TestSuite->run()
2025-04-09T19:55:50.7565144Z #74 /home/runner/work/laravel/laravel/vendor/phpunit/phpunit/src/TextUI/TestRunner.php(64): PHPUnit\Framework\TestSuite->run()
2025-04-09T19:55:50.7566151Z #75 /home/runner/work/laravel/laravel/vendor/phpunit/phpunit/src/TextUI/Application.php(210): PHPUnit\TextUI\TestRunner->run()
2025-04-09T19:55:50.7567073Z #76 /home/runner/work/laravel/laravel/vendor/phpunit/phpunit/phpunit(104): PHPUnit\TextUI\Application->run()
2025-04-09T19:55:50.7567551Z #77 {main}
2025-04-09T19:55:50.7567655Z 
2025-04-09T19:55:50.7569283Z Next Illuminate\View\ViewException: Vite manifest not found at: /home/runner/work/laravel/laravel/public/build/manifest.json (View: /home/runner/work/laravel/laravel/resources/views/layouts/app.blade.php) in /home/runner/work/laravel/laravel/vendor/laravel/framework/src/Illuminate/Foundation/Vite.php:934
2025-04-09T19:55:50.7570457Z Stack trace:
2025-04-09T19:55:50.7571296Z #0 /home/runner/work/laravel/laravel/vendor/laravel/framework/src/Illuminate/View/Engines/PhpEngine.php(59): Illuminate\View\Engines\CompilerEngine->handleViewException()
2025-04-09T19:55:50.7572796Z #1 /home/runner/work/laravel/laravel/vendor/laravel/framework/src/Illuminate/View/Engines/CompilerEngine.php(74): Illuminate\View\Engines\PhpEngine->evaluatePath()
2025-04-09T19:55:50.7574011Z #2 /home/runner/work/laravel/laravel/vendor/laravel/framework/src/Illuminate/View/View.php(208): Illuminate\View\Engines\CompilerEngine->get()
2025-04-09T19:55:50.7575085Z #3 /home/runner/work/laravel/laravel/vendor/laravel/framework/src/Illuminate/View/View.php(191): Illuminate\View\View->getContents()
2025-04-09T19:55:50.7576144Z #4 /home/runner/work/laravel/laravel/vendor/laravel/framework/src/Illuminate/View/View.php(160): Illuminate\View\View->renderContents()
2025-04-09T19:55:50.7577209Z #5 /home/runner/work/laravel/laravel/storage/framework/views/d524f4b721a08f0e655e6e4c796a95be.php(139): Illuminate\View\View->render()
2025-04-09T19:55:50.7578417Z #6 /home/runner/work/laravel/laravel/vendor/laravel/framework/src/Illuminate/Filesystem/Filesystem.php(123): require('...')
2025-04-09T19:55:50.7579694Z #7 /home/runner/work/laravel/laravel/vendor/laravel/framework/src/Illuminate/Filesystem/Filesystem.php(124): Illuminate\Filesystem\Filesystem::Illuminate\Filesystem\{closure}()
2025-04-09T19:55:50.7581014Z #8 /home/runner/work/laravel/laravel/vendor/laravel/framework/src/Illuminate/View/Engines/PhpEngine.php(57): Illuminate\Filesystem\Filesystem->getRequire()
2025-04-09T19:55:50.7582332Z #9 /home/runner/work/laravel/laravel/vendor/laravel/framework/src/Illuminate/View/Engines/CompilerEngine.php(74): Illuminate\View\Engines\PhpEngine->evaluatePath()
2025-04-09T19:55:50.7583562Z #10 /home/runner/work/laravel/laravel/vendor/laravel/framework/src/Illuminate/View/View.php(208): Illuminate\View\Engines\CompilerEngine->get()
2025-04-09T19:55:50.7584647Z #11 /home/runner/work/laravel/laravel/vendor/laravel/framework/src/Illuminate/View/View.php(191): Illuminate\View\View->getContents()
2025-04-09T19:55:50.7585715Z #12 /home/runner/work/laravel/laravel/vendor/laravel/framework/src/Illuminate/View/View.php(160): Illuminate\View\View->renderContents()
2025-04-09T19:55:50.7586766Z #13 /home/runner/work/laravel/laravel/vendor/laravel/framework/src/Illuminate/Http/Response.php(78): Illuminate\View\View->render()
2025-04-09T19:55:50.7587845Z #14 /home/runner/work/laravel/laravel/vendor/laravel/framework/src/Illuminate/Http/Response.php(34): Illuminate\Http\Response->setContent()
2025-04-09T19:55:50.7589130Z #15 /home/runner/work/laravel/laravel/vendor/laravel/framework/src/Illuminate/Routing/Router.php(924): Illuminate\Http\Response->__construct()
2025-04-09T19:55:50.7590272Z #16 /home/runner/work/laravel/laravel/vendor/laravel/framework/src/Illuminate/Routing/Router.php(891): Illuminate\Routing\Router::toResponse()
2025-04-09T19:55:50.7591410Z #17 /home/runner/work/laravel/laravel/vendor/laravel/framework/src/Illuminate/Routing/Router.php(807): Illuminate\Routing\Router->prepareResponse()
2025-04-09T19:55:50.7592647Z #18 /home/runner/work/laravel/laravel/vendor/laravel/framework/src/Illuminate/Pipeline/Pipeline.php(169): Illuminate\Routing\Router->Illuminate\Routing\{closure}()
2025-04-09T19:55:50.7594054Z #19 /home/runner/work/laravel/laravel/vendor/laravel/framework/src/Illuminate/Routing/Middleware/SubstituteBindings.php(50): Illuminate\Pipeline\Pipeline->Illuminate\Pipeline\{closure}()
2025-04-09T19:55:50.7595450Z #20 /home/runner/work/laravel/laravel/vendor/laravel/framework/src/Illuminate/Pipeline/Pipeline.php(208): Illuminate\Routing\Middleware\SubstituteBindings->handle()
2025-04-09T19:55:50.7597012Z #21 /home/runner/work/laravel/laravel/vendor/laravel/framework/src/Illuminate/Foundation/Http/Middleware/VerifyCsrfToken.php(87): Illuminate\Pipeline\Pipeline->Illuminate\Pipeline\{closure}()
2025-04-09T19:55:50.7598655Z #22 /home/runner/work/laravel/laravel/vendor/laravel/framework/src/Illuminate/Pipeline/Pipeline.php(208): Illuminate\Foundation\Http\Middleware\VerifyCsrfToken->handle()
2025-04-09T19:55:50.7600238Z #23 /home/runner/work/laravel/laravel/vendor/laravel/framework/src/Illuminate/View/Middleware/ShareErrorsFromSession.php(48): Illuminate\Pipeline\Pipeline->Illuminate\Pipeline\{closure}()
2025-04-09T19:55:50.7601645Z #24 /home/runner/work/laravel/laravel/vendor/laravel/framework/src/Illuminate/Pipeline/Pipeline.php(208): Illuminate\View\Middleware\ShareErrorsFromSession->handle()
2025-04-09T19:55:50.7603041Z #25 /home/runner/work/laravel/laravel/vendor/laravel/framework/src/Illuminate/Session/Middleware/StartSession.php(120): Illuminate\Pipeline\Pipeline->Illuminate\Pipeline\{closure}()
2025-04-09T19:55:50.7604522Z #26 /home/runner/work/laravel/laravel/vendor/laravel/framework/src/Illuminate/Session/Middleware/StartSession.php(63): Illuminate\Session\Middleware\StartSession->handleStatefulRequest()
2025-04-09T19:55:50.7605892Z #27 /home/runner/work/laravel/laravel/vendor/laravel/framework/src/Illuminate/Pipeline/Pipeline.php(208): Illuminate\Session\Middleware\StartSession->handle()
2025-04-09T19:55:50.7607332Z #28 /home/runner/work/laravel/laravel/vendor/laravel/framework/src/Illuminate/Cookie/Middleware/AddQueuedCookiesToResponse.php(36): Illuminate\Pipeline\Pipeline->Illuminate\Pipeline\{closure}()
2025-04-09T19:55:50.7609015Z #29 /home/runner/work/laravel/laravel/vendor/laravel/framework/src/Illuminate/Pipeline/Pipeline.php(208): Illuminate\Cookie\Middleware\AddQueuedCookiesToResponse->handle()
2025-04-09T19:55:50.7610428Z #30 /home/runner/work/laravel/laravel/vendor/laravel/framework/src/Illuminate/Cookie/Middleware/EncryptCookies.php(74): Illuminate\Pipeline\Pipeline->Illuminate\Pipeline\{closure}()
2025-04-09T19:55:50.7611778Z #31 /home/runner/work/laravel/laravel/vendor/laravel/framework/src/Illuminate/Pipeline/Pipeline.php(208): Illuminate\Cookie\Middleware\EncryptCookies->handle()
2025-04-09T19:55:50.7613071Z #32 /home/runner/work/laravel/laravel/vendor/laravel/framework/src/Illuminate/Pipeline/Pipeline.php(126): Illuminate\Pipeline\Pipeline->Illuminate\Pipeline\{closure}()
2025-04-09T19:55:50.7615021Z #33 /home/runner/work/laravel/laravel/vendor/laravel/framework/src/Illuminate/Routing/Router.php(807): Illuminate\Pipeline\Pipeline->then()
2025-04-09T19:55:50.7616433Z #34 /home/runner/work/laravel/laravel/vendor/laravel/framework/src/Illuminate/Routing/Router.php(786): Illuminate\Routing\Router->runRouteWithinStack()
2025-04-09T19:55:50.7617590Z #35 /home/runner/work/laravel/laravel/vendor/laravel/framework/src/Illuminate/Routing/Router.php(750): Illuminate\Routing\Router->runRoute()
2025-04-09T19:55:50.7618885Z #36 /home/runner/work/laravel/laravel/vendor/laravel/framework/src/Illuminate/Routing/Router.php(739): Illuminate\Routing\Router->dispatchToRoute()
2025-04-09T19:55:50.7620066Z #37 /home/runner/work/laravel/laravel/vendor/laravel/framework/src/Illuminate/Foundation/Http/Kernel.php(200): Illuminate\Routing\Router->dispatch()
2025-04-09T19:55:50.7621376Z #38 /home/runner/work/laravel/laravel/vendor/laravel/framework/src/Illuminate/Pipeline/Pipeline.php(169): Illuminate\Foundation\Http\Kernel->Illuminate\Foundation\Http\{closure}()
2025-04-09T19:55:50.7622880Z #39 /home/runner/work/laravel/laravel/vendor/laravel/framework/src/Illuminate/Foundation/Http/Middleware/TransformsRequest.php(21): Illuminate\Pipeline\Pipeline->Illuminate\Pipeline\{closure}()
2025-04-09T19:55:50.7624608Z #40 /home/runner/work/laravel/laravel/vendor/laravel/framework/src/Illuminate/Foundation/Http/Middleware/ConvertEmptyStringsToNull.php(31): Illuminate\Foundation\Http\Middleware\TransformsRequest->handle()
2025-04-09T19:55:50.7626152Z #41 /home/runner/work/laravel/laravel/vendor/laravel/framework/src/Illuminate/Pipeline/Pipeline.php(208): Illuminate\Foundation\Http\Middleware\ConvertEmptyStringsToNull->handle()
2025-04-09T19:55:50.7627805Z #42 /home/runner/work/laravel/laravel/vendor/laravel/framework/src/Illuminate/Foundation/Http/Middleware/TransformsRequest.php(21): Illuminate\Pipeline\Pipeline->Illuminate\Pipeline\{closure}()
2025-04-09T19:55:50.7629500Z #43 /home/runner/work/laravel/laravel/vendor/laravel/framework/src/Illuminate/Foundation/Http/Middleware/TrimStrings.php(51): Illuminate\Foundation\Http\Middleware\TransformsRequest->handle()
2025-04-09T19:55:50.7631031Z #44 /home/runner/work/laravel/laravel/vendor/laravel/framework/src/Illuminate/Pipeline/Pipeline.php(208): Illuminate\Foundation\Http\Middleware\TrimStrings->handle()
2025-04-09T19:55:50.7632427Z #45 /home/runner/work/laravel/laravel/vendor/laravel/framework/src/Illuminate/Http/Middleware/ValidatePostSize.php(27): Illuminate\Pipeline\Pipeline->Illuminate\Pipeline\{closure}()
2025-04-09T19:55:50.7633787Z #46 /home/runner/work/laravel/laravel/vendor/laravel/framework/src/Illuminate/Pipeline/Pipeline.php(208): Illuminate\Http\Middleware\ValidatePostSize->handle()
2025-04-09T19:55:50.7635313Z #47 /home/runner/work/laravel/laravel/vendor/laravel/framework/src/Illuminate/Foundation/Http/Middleware/PreventRequestsDuringMaintenance.php(109): Illuminate\Pipeline\Pipeline->Illuminate\Pipeline\{closure}()
2025-04-09T19:55:50.7636928Z #48 /home/runner/work/laravel/laravel/vendor/laravel/framework/src/Illuminate/Pipeline/Pipeline.php(208): Illuminate\Foundation\Http\Middleware\PreventRequestsDuringMaintenance->handle()
2025-04-09T19:55:50.7638602Z #49 /home/runner/work/laravel/laravel/vendor/laravel/framework/src/Illuminate/Http/Middleware/HandleCors.php(48): Illuminate\Pipeline\Pipeline->Illuminate\Pipeline\{closure}()
2025-04-09T19:55:50.7639932Z #50 /home/runner/work/laravel/laravel/vendor/laravel/framework/src/Illuminate/Pipeline/Pipeline.php(208): Illuminate\Http\Middleware\HandleCors->handle()
2025-04-09T19:55:50.7641282Z #51 /home/runner/work/laravel/laravel/vendor/laravel/framework/src/Illuminate/Http/Middleware/TrustProxies.php(58): Illuminate\Pipeline\Pipeline->Illuminate\Pipeline\{closure}()
2025-04-09T19:55:50.7642598Z #52 /home/runner/work/laravel/laravel/vendor/laravel/framework/src/Illuminate/Pipeline/Pipeline.php(208): Illuminate\Http\Middleware\TrustProxies->handle()
2025-04-09T19:55:50.7644053Z #53 /home/runner/work/laravel/laravel/vendor/laravel/framework/src/Illuminate/Foundation/Http/Middleware/InvokeDeferredCallbacks.php(22): Illuminate\Pipeline\Pipeline->Illuminate\Pipeline\{closure}()
2025-04-09T19:55:50.7645572Z #54 /home/runner/work/laravel/laravel/vendor/laravel/framework/src/Illuminate/Pipeline/Pipeline.php(208): Illuminate\Foundation\Http\Middleware\InvokeDeferredCallbacks->handle()
2025-04-09T19:55:50.7647034Z #55 /home/runner/work/laravel/laravel/vendor/laravel/framework/src/Illuminate/Http/Middleware/ValidatePathEncoding.php(26): Illuminate\Pipeline\Pipeline->Illuminate\Pipeline\{closure}()
2025-04-09T19:55:50.7648552Z #56 /home/runner/work/laravel/laravel/vendor/laravel/framework/src/Illuminate/Pipeline/Pipeline.php(208): Illuminate\Http\Middleware\ValidatePathEncoding->handle()
2025-04-09T19:55:50.7649868Z #57 /home/runner/work/laravel/laravel/vendor/laravel/framework/src/Illuminate/Pipeline/Pipeline.php(126): Illuminate\Pipeline\Pipeline->Illuminate\Pipeline\{closure}()
2025-04-09T19:55:50.7651114Z #58 /home/runner/work/laravel/laravel/vendor/laravel/framework/src/Illuminate/Foundation/Http/Kernel.php(175): Illuminate\Pipeline\Pipeline->then()
2025-04-09T19:55:50.7652425Z #59 /home/runner/work/laravel/laravel/vendor/laravel/framework/src/Illuminate/Foundation/Http/Kernel.php(144): Illuminate\Foundation\Http\Kernel->sendRequestThroughRouter()
2025-04-09T19:55:50.7653838Z #60 /home/runner/work/laravel/laravel/vendor/laravel/framework/src/Illuminate/Foundation/Testing/Concerns/MakesHttpRequests.php(607): Illuminate\Foundation\Http\Kernel->handle()
2025-04-09T19:55:50.7655299Z #61 /home/runner/work/laravel/laravel/vendor/laravel/framework/src/Illuminate/Foundation/Testing/Concerns/MakesHttpRequests.php(368): Illuminate\Foundation\Testing\TestCase->call()
2025-04-09T19:55:50.7656578Z #62 /home/runner/work/laravel/laravel/tests/Feature/ExampleTest.php(15): Illuminate\Foundation\Testing\TestCase->get()
2025-04-09T19:55:50.7657770Z #63 /home/runner/work/laravel/laravel/vendor/phpunit/phpunit/src/Framework/TestCase.php(1656): Tests\Feature\ExampleTest->test_the_application_returns_a_successful_response()
2025-04-09T19:55:50.7659174Z #64 /home/runner/work/laravel/laravel/vendor/phpunit/phpunit/src/Framework/TestCase.php(514): PHPUnit\Framework\TestCase->runTest()
2025-04-09T19:55:50.7660271Z #65 /home/runner/work/laravel/laravel/vendor/phpunit/phpunit/src/Framework/TestRunner/TestRunner.php(87): PHPUnit\Framework\TestCase->runBare()
2025-04-09T19:55:50.7661351Z #66 /home/runner/work/laravel/laravel/vendor/phpunit/phpunit/src/Framework/TestCase.php(361): PHPUnit\Framework\TestRunner->run()
2025-04-09T19:55:50.7662377Z #67 /home/runner/work/laravel/laravel/vendor/phpunit/phpunit/src/Framework/TestSuite.php(369): PHPUnit\Framework\TestCase->run()
2025-04-09T19:55:50.7663399Z #68 /home/runner/work/laravel/laravel/vendor/phpunit/phpunit/src/Framework/TestSuite.php(369): PHPUnit\Framework\TestSuite->run()
2025-04-09T19:55:50.7664410Z #69 /home/runner/work/laravel/laravel/vendor/phpunit/phpunit/src/Framework/TestSuite.php(369): PHPUnit\Framework\TestSuite->run()
2025-04-09T19:55:50.7665419Z #70 /home/runner/work/laravel/laravel/vendor/phpunit/phpunit/src/TextUI/TestRunner.php(64): PHPUnit\Framework\TestSuite->run()
2025-04-09T19:55:50.7666417Z #71 /home/runner/work/laravel/laravel/vendor/phpunit/phpunit/src/TextUI/Application.php(210): PHPUnit\TextUI\TestRunner->run()
2025-04-09T19:55:50.7667324Z #72 /home/runner/work/laravel/laravel/vendor/phpunit/phpunit/phpunit(104): PHPUnit\TextUI\Application->run()
2025-04-09T19:55:50.7667820Z #73 {main}
2025-04-09T19:55:50.7668107Z 
2025-04-09T19:55:50.7669848Z Next Illuminate\View\ViewException: Vite manifest not found at: /home/runner/work/laravel/laravel/public/build/manifest.json (View: /home/runner/work/laravel/laravel/resources/views/layouts/app.blade.php) (View: /home/runner/work/laravel/laravel/resources/views/layouts/app.blade.php) in /home/runner/work/laravel/laravel/vendor/laravel/framework/src/Illuminate/Foundation/Vite.php:934
2025-04-09T19:55:50.7671375Z Stack trace:
2025-04-09T19:55:50.7672381Z #0 /home/runner/work/laravel/laravel/vendor/laravel/framework/src/Illuminate/View/Engines/PhpEngine.php(59): Illuminate\View\Engines\CompilerEngine->handleViewException()
2025-04-09T19:55:50.7673857Z #1 /home/runner/work/laravel/laravel/vendor/laravel/framework/src/Illuminate/View/Engines/CompilerEngine.php(74): Illuminate\View\Engines\PhpEngine->evaluatePath()
2025-04-09T19:55:50.7675159Z #2 /home/runner/work/laravel/laravel/vendor/laravel/framework/src/Illuminate/View/View.php(208): Illuminate\View\Engines\CompilerEngine->get()
2025-04-09T19:55:50.7676415Z #3 /home/runner/work/laravel/laravel/vendor/laravel/framework/src/Illuminate/View/View.php(191): Illuminate\View\View->getContents()
2025-04-09T19:55:50.7677583Z #4 /home/runner/work/laravel/laravel/vendor/laravel/framework/src/Illuminate/View/View.php(160): Illuminate\View\View->renderContents()
2025-04-09T19:55:50.7678976Z #5 /home/runner/work/laravel/laravel/vendor/laravel/framework/src/Illuminate/Http/Response.php(78): Illuminate\View\View->render()
2025-04-09T19:55:50.7742766Z #6 /home/runner/work/laravel/laravel/vendor/laravel/framework/src/Illuminate/Http/Response.php(34): Illuminate\Http\Response->setContent()
2025-04-09T19:55:50.7744661Z #7 /home/runner/work/laravel/laravel/vendor/laravel/framework/src/Illuminate/Routing/Router.php(924): Illuminate\Http\Response->__construct()
2025-04-09T19:55:50.7746764Z #8 /home/runner/work/laravel/laravel/vendor/laravel/framework/src/Illuminate/Routing/Router.php(891): Illuminate\Routing\Router::toResponse()
2025-04-09T19:55:50.7749155Z #9 /home/runner/work/laravel/laravel/vendor/laravel/framework/src/Illuminate/Routing/Router.php(807): Illuminate\Routing\Router->prepareResponse()
2025-04-09T19:55:50.7751351Z #10 /home/runner/work/laravel/laravel/vendor/laravel/framework/src/Illuminate/Pipeline/Pipeline.php(169): Illuminate\Routing\Router->Illuminate\Routing\{closure}()
2025-04-09T19:55:50.7752836Z #11 /home/runner/work/laravel/laravel/vendor/laravel/framework/src/Illuminate/Routing/Middleware/SubstituteBindings.php(50): Illuminate\Pipeline\Pipeline->Illuminate\Pipeline\{closure}()
2025-04-09T19:55:50.7754387Z #12 /home/runner/work/laravel/laravel/vendor/laravel/framework/src/Illuminate/Pipeline/Pipeline.php(208): Illuminate\Routing\Middleware\SubstituteBindings->handle()
2025-04-09T19:55:50.7755857Z #13 /home/runner/work/laravel/laravel/vendor/laravel/framework/src/Illuminate/Foundation/Http/Middleware/VerifyCsrfToken.php(87): Illuminate\Pipeline\Pipeline->Illuminate\Pipeline\{closure}()
2025-04-09T19:55:50.7757375Z #14 /home/runner/work/laravel/laravel/vendor/laravel/framework/src/Illuminate/Pipeline/Pipeline.php(208): Illuminate\Foundation\Http\Middleware\VerifyCsrfToken->handle()
2025-04-09T19:55:50.7759046Z #15 /home/runner/work/laravel/laravel/vendor/laravel/framework/src/Illuminate/View/Middleware/ShareErrorsFromSession.php(48): Illuminate\Pipeline\Pipeline->Illuminate\Pipeline\{closure}()
2025-04-09T19:55:50.7760459Z #16 /home/runner/work/laravel/laravel/vendor/laravel/framework/src/Illuminate/Pipeline/Pipeline.php(208): Illuminate\View\Middleware\ShareErrorsFromSession->handle()
2025-04-09T19:55:50.7761867Z #17 /home/runner/work/laravel/laravel/vendor/laravel/framework/src/Illuminate/Session/Middleware/StartSession.php(120): Illuminate\Pipeline\Pipeline->Illuminate\Pipeline\{closure}()
2025-04-09T19:55:50.7763356Z #18 /home/runner/work/laravel/laravel/vendor/laravel/framework/src/Illuminate/Session/Middleware/StartSession.php(63): Illuminate\Session\Middleware\StartSession->handleStatefulRequest()
2025-04-09T19:55:50.7764729Z #19 /home/runner/work/laravel/laravel/vendor/laravel/framework/src/Illuminate/Pipeline/Pipeline.php(208): Illuminate\Session\Middleware\StartSession->handle()
2025-04-09T19:55:50.7766180Z #20 /home/runner/work/laravel/laravel/vendor/laravel/framework/src/Illuminate/Cookie/Middleware/AddQueuedCookiesToResponse.php(36): Illuminate\Pipeline\Pipeline->Illuminate\Pipeline\{closure}()
2025-04-09T19:55:50.7767653Z #21 /home/runner/work/laravel/laravel/vendor/laravel/framework/src/Illuminate/Pipeline/Pipeline.php(208): Illuminate\Cookie\Middleware\AddQueuedCookiesToResponse->handle()
2025-04-09T19:55:50.7769361Z #22 /home/runner/work/laravel/laravel/vendor/laravel/framework/src/Illuminate/Cookie/Middleware/EncryptCookies.php(74): Illuminate\Pipeline\Pipeline->Illuminate\Pipeline\{closure}()
2025-04-09T19:55:50.7770724Z #23 /home/runner/work/laravel/laravel/vendor/laravel/framework/src/Illuminate/Pipeline/Pipeline.php(208): Illuminate\Cookie\Middleware\EncryptCookies->handle()
2025-04-09T19:55:50.7772024Z #24 /home/runner/work/laravel/laravel/vendor/laravel/framework/src/Illuminate/Pipeline/Pipeline.php(126): Illuminate\Pipeline\Pipeline->Illuminate\Pipeline\{closure}()
2025-04-09T19:55:50.7773252Z #25 /home/runner/work/laravel/laravel/vendor/laravel/framework/src/Illuminate/Routing/Router.php(807): Illuminate\Pipeline\Pipeline->then()
2025-04-09T19:55:50.7774413Z #26 /home/runner/work/laravel/laravel/vendor/laravel/framework/src/Illuminate/Routing/Router.php(786): Illuminate\Routing\Router->runRouteWithinStack()
2025-04-09T19:55:50.7775563Z #27 /home/runner/work/laravel/laravel/vendor/laravel/framework/src/Illuminate/Routing/Router.php(750): Illuminate\Routing\Router->runRoute()
2025-04-09T19:55:50.7776702Z #28 /home/runner/work/laravel/laravel/vendor/laravel/framework/src/Illuminate/Routing/Router.php(739): Illuminate\Routing\Router->dispatchToRoute()
2025-04-09T19:55:50.7777875Z #29 /home/runner/work/laravel/laravel/vendor/laravel/framework/src/Illuminate/Foundation/Http/Kernel.php(200): Illuminate\Routing\Router->dispatch()
2025-04-09T19:55:50.7779494Z #30 /home/runner/work/laravel/laravel/vendor/laravel/framework/src/Illuminate/Pipeline/Pipeline.php(169): Illuminate\Foundation\Http\Kernel->Illuminate\Foundation\Http\{closure}()
2025-04-09T19:55:50.7781131Z #31 /home/runner/work/laravel/laravel/vendor/laravel/framework/src/Illuminate/Foundation/Http/Middleware/TransformsRequest.php(21): Illuminate\Pipeline\Pipeline->Illuminate\Pipeline\{closure}()
2025-04-09T19:55:50.7782790Z #32 /home/runner/work/laravel/laravel/vendor/laravel/framework/src/Illuminate/Foundation/Http/Middleware/ConvertEmptyStringsToNull.php(31): Illuminate\Foundation\Http\Middleware\TransformsRequest->handle()
2025-04-09T19:55:50.7784436Z #33 /home/runner/work/laravel/laravel/vendor/laravel/framework/src/Illuminate/Pipeline/Pipeline.php(208): Illuminate\Foundation\Http\Middleware\ConvertEmptyStringsToNull->handle()
2025-04-09T19:55:50.7785938Z #34 /home/runner/work/laravel/laravel/vendor/laravel/framework/src/Illuminate/Foundation/Http/Middleware/TransformsRequest.php(21): Illuminate\Pipeline\Pipeline->Illuminate\Pipeline\{closure}()
2025-04-09T19:55:50.7787489Z #35 /home/runner/work/laravel/laravel/vendor/laravel/framework/src/Illuminate/Foundation/Http/Middleware/TrimStrings.php(51): Illuminate\Foundation\Http\Middleware\TransformsRequest->handle()
2025-04-09T19:55:50.7789119Z #36 /home/runner/work/laravel/laravel/vendor/laravel/framework/src/Illuminate/Pipeline/Pipeline.php(208): Illuminate\Foundation\Http\Middleware\TrimStrings->handle()
2025-04-09T19:55:50.7790525Z #37 /home/runner/work/laravel/laravel/vendor/laravel/framework/src/Illuminate/Http/Middleware/ValidatePostSize.php(27): Illuminate\Pipeline\Pipeline->Illuminate\Pipeline\{closure}()
2025-04-09T19:55:50.7791880Z #38 /home/runner/work/laravel/laravel/vendor/laravel/framework/src/Illuminate/Pipeline/Pipeline.php(208): Illuminate\Http\Middleware\ValidatePostSize->handle()
2025-04-09T19:55:50.7793402Z #39 /home/runner/work/laravel/laravel/vendor/laravel/framework/src/Illuminate/Foundation/Http/Middleware/PreventRequestsDuringMaintenance.php(109): Illuminate\Pipeline\Pipeline->Illuminate\Pipeline\{closure}()
2025-04-09T19:55:50.7795008Z #40 /home/runner/work/laravel/laravel/vendor/laravel/framework/src/Illuminate/Pipeline/Pipeline.php(208): Illuminate\Foundation\Http\Middleware\PreventRequestsDuringMaintenance->handle()
2025-04-09T19:55:50.7796441Z #41 /home/runner/work/laravel/laravel/vendor/laravel/framework/src/Illuminate/Http/Middleware/HandleCors.php(48): Illuminate\Pipeline\Pipeline->Illuminate\Pipeline\{closure}()
2025-04-09T19:55:50.7797744Z #42 /home/runner/work/laravel/laravel/vendor/laravel/framework/src/Illuminate/Pipeline/Pipeline.php(208): Illuminate\Http\Middleware\HandleCors->handle()
2025-04-09T19:55:50.7799233Z #43 /home/runner/work/laravel/laravel/vendor/laravel/framework/src/Illuminate/Http/Middleware/TrustProxies.php(58): Illuminate\Pipeline\Pipeline->Illuminate\Pipeline\{closure}()
2025-04-09T19:55:50.7800546Z #44 /home/runner/work/laravel/laravel/vendor/laravel/framework/src/Illuminate/Pipeline/Pipeline.php(208): Illuminate\Http\Middleware\TrustProxies->handle()
2025-04-09T19:55:50.7802007Z #45 /home/runner/work/laravel/laravel/vendor/laravel/framework/src/Illuminate/Foundation/Http/Middleware/InvokeDeferredCallbacks.php(22): Illuminate\Pipeline\Pipeline->Illuminate\Pipeline\{closure}()
2025-04-09T19:55:50.7803530Z #46 /home/runner/work/laravel/laravel/vendor/laravel/framework/src/Illuminate/Pipeline/Pipeline.php(208): Illuminate\Foundation\Http\Middleware\InvokeDeferredCallbacks->handle()
2025-04-09T19:55:50.7804996Z #47 /home/runner/work/laravel/laravel/vendor/laravel/framework/src/Illuminate/Http/Middleware/ValidatePathEncoding.php(26): Illuminate\Pipeline\Pipeline->Illuminate\Pipeline\{closure}()
2025-04-09T19:55:50.7806381Z #48 /home/runner/work/laravel/laravel/vendor/laravel/framework/src/Illuminate/Pipeline/Pipeline.php(208): Illuminate\Http\Middleware\ValidatePathEncoding->handle()
2025-04-09T19:55:50.7807695Z #49 /home/runner/work/laravel/laravel/vendor/laravel/framework/src/Illuminate/Pipeline/Pipeline.php(126): Illuminate\Pipeline\Pipeline->Illuminate\Pipeline\{closure}()
2025-04-09T19:55:50.7809321Z #50 /home/runner/work/laravel/laravel/vendor/laravel/framework/src/Illuminate/Foundation/Http/Kernel.php(175): Illuminate\Pipeline\Pipeline->then()
2025-04-09T19:55:50.7810637Z #51 /home/runner/work/laravel/laravel/vendor/laravel/framework/src/Illuminate/Foundation/Http/Kernel.php(144): Illuminate\Foundation\Http\Kernel->sendRequestThroughRouter()
2025-04-09T19:55:50.7812056Z #52 /home/runner/work/laravel/laravel/vendor/laravel/framework/src/Illuminate/Foundation/Testing/Concerns/MakesHttpRequests.php(607): Illuminate\Foundation\Http\Kernel->handle()
2025-04-09T19:55:50.7813640Z #53 /home/runner/work/laravel/laravel/vendor/laravel/framework/src/Illuminate/Foundation/Testing/Concerns/MakesHttpRequests.php(368): Illuminate\Foundation\Testing\TestCase->call()
2025-04-09T19:55:50.7814805Z #54 /home/runner/work/laravel/laravel/tests/Feature/ExampleTest.php(15): Illuminate\Foundation\Testing\TestCase->get()
2025-04-09T19:55:50.7815964Z #55 /home/runner/work/laravel/laravel/vendor/phpunit/phpunit/src/Framework/TestCase.php(1656): Tests\Feature\ExampleTest->test_the_application_returns_a_successful_response()
2025-04-09T19:55:50.7817131Z #56 /home/runner/work/laravel/laravel/vendor/phpunit/phpunit/src/Framework/TestCase.php(514): PHPUnit\Framework\TestCase->runTest()
2025-04-09T19:55:50.7818454Z #57 /home/runner/work/laravel/laravel/vendor/phpunit/phpunit/src/Framework/TestRunner/TestRunner.php(87): PHPUnit\Framework\TestCase->runBare()
2025-04-09T19:55:50.7819548Z #58 /home/runner/work/laravel/laravel/vendor/phpunit/phpunit/src/Framework/TestCase.php(361): PHPUnit\Framework\TestRunner->run()
2025-04-09T19:55:50.7820565Z #59 /home/runner/work/laravel/laravel/vendor/phpunit/phpunit/src/Framework/TestSuite.php(369): PHPUnit\Framework\TestCase->run()
2025-04-09T19:55:50.7821570Z #60 /home/runner/work/laravel/laravel/vendor/phpunit/phpunit/src/Framework/TestSuite.php(369): PHPUnit\Framework\TestSuite->run()
2025-04-09T19:55:50.7822592Z #61 /home/runner/work/laravel/laravel/vendor/phpunit/phpunit/src/Framework/TestSuite.php(369): PHPUnit\Framework\TestSuite->run()
2025-04-09T19:55:50.7823604Z #62 /home/runner/work/laravel/laravel/vendor/phpunit/phpunit/src/TextUI/TestRunner.php(64): PHPUnit\Framework\TestSuite->run()
2025-04-09T19:55:50.7824597Z #63 /home/runner/work/laravel/laravel/vendor/phpunit/phpunit/src/TextUI/Application.php(210): PHPUnit\TextUI\TestRunner->run()
2025-04-09T19:55:50.7825509Z #64 /home/runner/work/laravel/laravel/vendor/phpunit/phpunit/phpunit(104): PHPUnit\TextUI\Application->run()
2025-04-09T19:55:50.7825984Z #65 {main}
2025-04-09T19:55:50.7826090Z 
2025-04-09T19:55:50.7826318Z ----------------------------------------------------------------------------------
2025-04-09T19:55:50.7826548Z 
2025-04-09T19:55:50.7827601Z Vite manifest not found at: /home/runner/work/laravel/laravel/public/build/manifest.json (View: /home/runner/work/laravel/laravel/resources/views/layouts/app.blade.php) (View: /home/runner/work/laravel/laravel/resources/views/layouts/app.blade.php)
2025-04-09T19:55:50.7828645Z 
2025-04-09T19:55:50.7828769Z   at tests/Feature/ExampleTest.php:17
2025-04-09T19:55:50.7829426Z      13â–•     public function test_the_application_returns_a_successful_response(): void
2025-04-09T19:55:50.7829813Z      14â–•     {
2025-04-09T19:55:50.7830066Z      15â–•         $response = $this->get('/');
2025-04-09T19:55:50.7830320Z      16â–• 
2025-04-09T19:55:50.7830576Z   âžœ  17â–•         $response->assertStatus(200);
2025-04-09T19:55:50.7830846Z      18â–•     }
2025-04-09T19:55:50.7831028Z      19â–• }
2025-04-09T19:55:50.7831191Z      20â–•
2025-04-09T19:55:50.7831289Z 
2025-04-09T19:55:50.7831294Z 
2025-04-09T19:55:50.7831417Z   Tests:    1 failed, 1 passed (2 assertions)
2025-04-09T19:55:50.7831661Z   Duration: 0.40s
2025-04-09T19:55:50.7831781Z 
2025-04-09T19:55:50.7840492Z ##[error]Process completed with exit code 1.
2025-04-09T19:55:50.7912316Z Post job cleanup.
2025-04-09T19:55:50.8832954Z [command]/usr/bin/git version
2025-04-09T19:55:50.8874230Z git version 2.49.0
2025-04-09T19:55:50.8915856Z Temporarily overriding HOME='/home/runner/work/_temp/85aa8859-902d-488b-b8a4-748809066cc1' before making global git config changes
2025-04-09T19:55:50.8916966Z Adding repository directory to the temporary git global config as a safe directory
2025-04-09T19:55:50.8921221Z [command]/usr/bin/git config --global --add safe.directory /home/runner/work/laravel/laravel
2025-04-09T19:55:50.8954710Z [command]/usr/bin/git config --local --name-only --get-regexp core\.sshCommand
2025-04-09T19:55:50.8986923Z [command]/usr/bin/git submodule foreach --recursive sh -c "git config --local --name-only --get-regexp 'core\.sshCommand' && git config --local --unset-all 'core.sshCommand' || :"
2025-04-09T19:55:50.9212537Z [command]/usr/bin/git config --local --name-only --get-regexp http\.https\:\/\/github\.com\/\.extraheader
2025-04-09T19:55:50.9232386Z http.https://github.com/.extraheader
2025-04-09T19:55:50.9244529Z [command]/usr/bin/git config --local --unset-all http.https://github.com/.extraheader
2025-04-09T19:55:50.9274170Z [command]/usr/bin/git submodule foreach --recursive sh -c "git config --local --name-only --get-regexp 'http\.https\:\/\/github\.com\/\.extraheader' && git config --local --unset-all 'http.https://github.com/.extraheader' || :"
2025-04-09T19:55:50.9593458Z Cleaning up orphan processes
