Requested labels: ubuntu-20.04
Job defined at: ytdl-org/youtube-dl/.github/workflows/ci.yml@refs/pull/33049/merge
Waiting for a runner to pick up this job...
Job is waiting for a hosted runner to come online.
Job is about to start running on the hosted runner: GitHub Actions 15 (hosted)
Current runner version: '2.322.0'
##[group]Operating System
Ubuntu
20.04.6
LTS
##[endgroup]
##[group]Runner Image
Image: ubuntu-20.04
Version: 20250202.1.0
Included Software: https://github.com/actions/runner-images/blob/ubuntu20/20250202.1/images/ubuntu/Ubuntu2004-Readme.md
Image Release: https://github.com/actions/runner-images/releases/tag/ubuntu20%2F20250202.1
##[endgroup]
##[group]Runner Image Provisioner
2.0.422.1
##[endgroup]
##[group]GITHUB_TOKEN Permissions
read

read
##[endgroup]
None



'actions/checkout@v3' f43a0e5ff2bd294095638e18286ca9a3d1956744
'ytdl-org/setup-python@v1' 721f2cd130736a528673de59e74be6fb0d0a8784
'actions/cache@v3' f4b3439a656ba812b8cb417d2d49f9c810103092
'actions/setup-java@v3' 0ab4596768b603586c0de567f2430c30f5b0d2b0

'MatteoH2O1999/build-and-install-python@004dc2989b38616af18eb8aba45fe49d5f813264' 004dc2989b38616af18eb8aba45fe49d5f813264
'actions/setup-python@bd6b4b6205c4dbad673328db7b31b7fab9e241c0' bd6b4b6205c4dbad673328db7b31b7fab9e241c0
Complete job name: Run tests (ubuntu-20.04, 3.2, cpython, core, sh)
##[group]Run # apt in runner, if needed, may not be up-to-date
[36;1m# apt in runner, if needed, may not be up-to-date[0m
[36;1msudo apt-get update[0m
0

all-cpython-versions: 2.6, 2.7, 3.2, 3.3, 3.4, 3.5, 3.6, 3.7, 3.8, 3.9, 3.10, 3.11, 3.12
main-cpython-versions: 2.7, 3.2, 3.5, 3.9, 3.11
pypy-versions: pypy-2.7, pypy-3.6, pypy-3.7
cpython-versions: main
test-set: core
next: 3.13
PIP: python -m pip
PIP_DISABLE_PIP_VERSION_CHECK: true
PIP_NO_PYTHON_VERSION_WARNING: true
##[endgroup]
Get:1 file:/etc/apt/apt-mirrors.txt Mirrorlist [142 B]
Hit:2 http://azure.archive.ubuntu.com/ubuntu focal InRelease
Get:3 http://azure.archive.ubuntu.com/ubuntu focal-updates InRelease [128 kB]
Get:4 http://azure.archive.ubuntu.com/ubuntu focal-backports InRelease [128 kB]
Hit:6 https://packages.microsoft.com/repos/azure-cli focal InRelease
Get:5 http://azure.archive.ubuntu.com/ubuntu focal-security InRelease [128 kB]
Get:7 https://packages.microsoft.com/ubuntu/20.04/prod focal InRelease [3632 B]
Get:8 http://azure.archive.ubuntu.com/ubuntu focal-updates/main amd64 Packages [3772 kB]
Get:9 http://azure.archive.ubuntu.com/ubuntu focal-updates/main Translation-en [576 kB]
Get:10 http://azure.archive.ubuntu.com/ubuntu focal-updates/restricted amd64 Packages [3547 kB]
Get:11 http://azure.archive.ubuntu.com/ubuntu focal-updates/restricted Translation-en [496 kB]
Get:12 http://azure.archive.ubuntu.com/ubuntu focal-updates/universe amd64 Packages [1254 kB]
Get:13 http://azure.archive.ubuntu.com/ubuntu focal-updates/universe Translation-en [301 kB]
Get:14 http://azure.archive.ubuntu.com/ubuntu focal-security/main amd64 Packages [3393 kB]
Get:15 http://azure.archive.ubuntu.com/ubuntu focal-security/main Translation-en [496 kB]
Get:16 http://azure.archive.ubuntu.com/ubuntu focal-security/restricted amd64 Packages [3400 kB]
Get:17 http://azure.archive.ubuntu.com/ubuntu focal-security/restricted Translation-en [476 kB]
Get:20 https://packages.microsoft.com/ubuntu/20.04/prod focal/main amd64 Packages [332 kB]
Get:21 https://packages.microsoft.com/ubuntu/20.04/prod focal/main arm64 Packages [71.2 kB]
Get:18 http://azure.archive.ubuntu.com/ubuntu focal-security/universe amd64 Packages [1032 kB]
Get:19 http://azure.archive.ubuntu.com/ubuntu focal-security/universe Translation-en [218 kB]
Fetched 19.8 MB in 3s (7146 kB/s)
Reading package lists...
actions/checkout@v3

ytdl-org/youtube-dl


true


1


false


all-cpython-versions: 2.6, 2.7, 3.2, 3.3, 3.4, 3.5, 3.6, 3.7, 3.8, 3.9, 3.10, 3.11, 3.12
main-cpython-versions: 2.7, 3.2, 3.5, 3.9, 3.11
pypy-versions: pypy-2.7, pypy-3.6, pypy-3.7
cpython-versions: main
test-set: core
next: 3.13
PIP: python -m pip
PIP_DISABLE_PIP_VERSION_CHECK: true
PIP_NO_PYTHON_VERSION_WARNING: true
##[endgroup]
ytdl-org/youtube-dl

'/home/runner/work/youtube-dl/youtube-dl'

2 48 1
##[endgroup]
Temporarily overriding HOME='/home/runner/work/_temp/c9c4e385-0ffe-4511-9482-e28a647f4b07' before making global git config changes

[command]/usr/bin/git config --global --add safe.directory /home/runner/work/youtube-dl/youtube-dl
'/home/runner/work/youtube-dl/youtube-dl'

/home/runner/work/youtube-dl/youtube-dl










/home/runner/work/youtube-dl/youtube-dl/.git/
https://github.com/ytdl-org/youtube-dl
##[endgroup]

[command]/usr/bin/git config --local gc.auto 0
##[endgroup]

core\.sshCommand
'core\.sshCommand' 'core.sshCommand'
http\.https\:\/\/github\.com\/\.extraheader
'http\.https\:\/\/github\.com\/\.extraheader' 'http.https://github.com/.extraheader'
--local
##[endgroup]

2 1 5bfc995b3128866a93307fdfc9c3d9c4f33dd8df 33049
Enumerating 1003, done.
Counting 0% (1/1003)
Counting 1% (11/1003)
Counting 2% (21/1003)
Counting 3% (31/1003)
Counting 4% (41/1003)
Counting 5% (51/1003)
Counting 6% (61/1003)
Counting 7% (71/1003)
Counting 8% (81/1003)
Counting 9% (91/1003)
Counting 10% (101/1003)
Counting 11% (111/1003)
Counting 12% (121/1003)
Counting 13% (131/1003)
Counting 14% (141/1003)
Counting 15% (151/1003)
Counting 16% (161/1003)
Counting 17% (171/1003)
Counting 18% (181/1003)
Counting 19% (191/1003)
Counting 20% (201/1003)
Counting 21% (211/1003)
Counting 22% (221/1003)
Counting 23% (231/1003)
Counting 24% (241/1003)
Counting 25% (251/1003)
Counting 26% (261/1003)
Counting 27% (271/1003)
Counting 28% (281/1003)
Counting 29% (291/1003)
Counting 30% (301/1003)
Counting 31% (311/1003)
Counting 32% (321/1003)
Counting 33% (331/1003)
Counting 34% (342/1003)
Counting 35% (352/1003)
Counting 36% (362/1003)
Counting 37% (372/1003)
Counting 38% (382/1003)
Counting 39% (392/1003)
Counting 40% (402/1003)
Counting 41% (412/1003)
Counting 42% (422/1003)
Counting 43% (432/1003)
Counting 44% (442/1003)
Counting 45% (452/1003)
Counting 46% (462/1003)
Counting 47% (472/1003)
Counting 48% (482/1003)
Counting 49% (492/1003)
Counting 50% (502/1003)
Counting 51% (512/1003)
Counting 52% (522/1003)
Counting 53% (532/1003)
Counting 54% (542/1003)
Counting 55% (552/1003)
Counting 56% (562/1003)
Counting 57% (572/1003)
Counting 58% (582/1003)
Counting 59% (592/1003)
Counting 60% (602/1003)
Counting 61% (612/1003)
Counting 62% (622/1003)
Counting 63% (632/1003)
Counting 64% (642/1003)
Counting 65% (652/1003)
Counting 66% (662/1003)
Counting 67% (673/1003)
Counting 68% (683/1003)
Counting 69% (693/1003)
Counting 70% (703/1003)
Counting 71% (713/1003)
Counting 72% (723/1003)
Counting 73% (733/1003)
Counting 74% (743/1003)
Counting 75% (753/1003)
Counting 76% (763/1003)
Counting 77% (773/1003)
Counting 78% (783/1003)
Counting 79% (793/1003)
Counting 80% (803/1003)
Counting 81% (813/1003)
Counting 82% (823/1003)
Counting 83% (833/1003)
Counting 84% (843/1003)
Counting 85% (853/1003)
Counting 86% (863/1003)
Counting 87% (873/1003)
Counting 88% (883/1003)
Counting 89% (893/1003)
Counting 90% (903/1003)
Counting 91% (913/1003)
Counting 92% (923/1003)
Counting 93% (933/1003)
Counting 94% (943/1003)
Counting 95% (953/1003)
Counting 96% (963/1003)
Counting 97% (973/1003)
Counting 98% (983/1003)
Counting 99% (993/1003)
Counting 100% (1003/1003)
Counting 100 1003 1003
Compressing 0% (1/985)
Compressing 1% (10/985)
Compressing 2% (20/985)
Compressing 3% (30/985)
Compressing 4% (40/985)
Compressing 5% (50/985)
Compressing 6% (60/985)
Compressing 7% (69/985)
Compressing 8% (79/985)
Compressing 9% (89/985)
Compressing 10% (99/985)
Compressing 11% (109/985)
Compressing 12% (119/985)
Compressing 13% (129/985)
Compressing 14% (138/985)
Compressing 15% (148/985)
Compressing 16% (158/985)
Compressing 17% (168/985)
Compressing 18% (178/985)
Compressing 19% (188/985)
Compressing 20% (197/985)
Compressing 21% (207/985)
Compressing 22% (217/985)
Compressing 23% (227/985)
Compressing 24% (237/985)
Compressing 25% (247/985)
Compressing 26% (257/985)
Compressing 27% (266/985)
Compressing 28% (276/985)
Compressing 29% (286/985)
Compressing 30% (296/985)
Compressing 31% (306/985)
Compressing 32% (316/985)
Compressing 33% (326/985)
Compressing 34% (335/985)
Compressing 35% (345/985)
Compressing 36% (355/985)
Compressing 37% (365/985)
Compressing 38% (375/985)
Compressing 39% (385/985)
Compressing 40% (394/985)
Compressing 41% (404/985)
Compressing 42% (414/985)
Compressing 43% (424/985)
Compressing 44% (434/985)
Compressing 45% (444/985)
Compressing 46% (454/985)
Compressing 47% (463/985)
Compressing 48% (473/985)
Compressing 49% (483/985)
Compressing 50% (493/985)
Compressing 51% (503/985)
Compressing 52% (513/985)
Compressing 53% (523/985)
Compressing 54% (532/985)
Compressing 55% (542/985)
Compressing 56% (552/985)
Compressing 57% (562/985)
Compressing 58% (572/985)
Compressing 59% (582/985)
Compressing 60% (591/985)
Compressing 61% (601/985)
Compressing 62% (611/985)
Compressing 63% (621/985)
Compressing 64% (631/985)
Compressing 65% (641/985)
Compressing 66% (651/985)
Compressing 67% (660/985)
Compressing 68% (670/985)
Compressing 69% (680/985)
Compressing 70% (690/985)
Compressing 71% (700/985)
Compressing 72% (710/985)
Compressing 73% (720/985)
Compressing 74% (729/985)
Compressing 75% (739/985)
Compressing 76% (749/985)
Compressing 77% (759/985)
Compressing 78% (769/985)
Compressing 79% (779/985)
Compressing 80% (788/985)
Compressing 81% (798/985)
Compressing 82% (808/985)
Compressing 83% (818/985)
Compressing 84% (828/985)
Compressing 85% (838/985)
Compressing 86% (848/985)
Compressing 87% (857/985)
Compressing 88% (867/985)
Compressing 89% (877/985)
Compressing 90% (887/985)
Compressing 91% (897/985)
Compressing 92% (907/985)
Compressing 93% (917/985)
Compressing 94% (926/985)
Compressing 95% (936/985)
Compressing 96% (946/985)
Compressing 97% (956/985)
Compressing 98% (966/985)
Compressing 99% (976/985)
Compressing 100% (985/985)
Compressing 100 985 985
0 1 1003
1 11 1003
2 21 1003
3 31 1003
4 41 1003
5 51 1003
6 61 1003
7 71 1003
8 81 1003
9 91 1003
10 101 1003
11 111 1003
12 121 1003
13 131 1003
14 141 1003
15 151 1003
16 161 1003
17 171 1003
18 181 1003
19 191 1003
20 201 1003
21 211 1003
22 221 1003
23 231 1003
24 241 1003
25 251 1003
26 261 1003
27 271 1003
28 281 1003
29 291 1003
30 301 1003
31 311 1003
32 321 1003
33 331 1003
34 342 1003
35 352 1003
36 362 1003
37 372 1003
38 382 1003
39 392 1003
40 402 1003
41 412 1003
42 422 1003
43 432 1003
44 442 1003
45 452 1003
46 462 1003
47 472 1003
48 482 1003
49 492 1003
50 502 1003
51 512 1003
52 522 1003
53 532 1003
54 542 1003
55 552 1003
56 562 1003
57 572 1003
58 582 1003
59 592 1003
60 602 1003
61 612 1003
62 622 1003
63 632 1003
64 642 1003
65 652 1003
66 662 1003
67 673 1003
68 683 1003
69 693 1003
70 703 1003
71 713 1003
72 723 1003
73 733 1003
74 743 1003
75 753 1003
76 763 1003
77 773 1003
78 783 1003
79 793 1003
80 803 1003
81 813 1003
82 823 1003
83 833 1003
84 843 1003
85 853 1003
86 863 1003
87 873 1003
88 883 1003
89 893 1003
90 903 1003
91 913 1003
92 923 1003
93 933 1003
94 943 1003
95 953 1003
96 963 1003
97 973 1003
98 983 1003
99 993 1003
1003 21 225 10 0 0
100 1003 1003
100 1003 1003 2 01 11 91
0 0 21
4 1 21
9 2 21
14 3 21
19 4 21
23 5 21
28 6 21
33 7 21
47 10 21
52 11 21
57 12 21
66 14 21
71 15 21
76 16 21
80 17 21
85 18 21
90 19 21
100 21 21
100 21 21
https://github.com/ytdl-org/youtube-dl
5bfc995b3128866a93307fdfc9c3d9c4f33dd8df  pull/33049/merge
##[endgroup]

##[endgroup]

33049
33049
2025-02-06T20:45:34.9015310Z



2025-02-06T20:45:34.9016884Z


2025-02-06T20:45:34.9017908Z

2025-02-06T20:45:34.9018192Z

2025-02-06T20:45:34.9018463Z

2025-02-06T20:45:34.9018674Z

2025-02-06T20:45:34.9019197Z
5bfc995 004a07f4edf2edbfe04bcc61f395dac84e2365fa 5975d7bb96095fae7c35e7cfcd819255a5b57087
##[endgroup]
-1 --format='%H'
5bfc995b3128866a93307fdfc9c3d9c4f33dd8df
ytdl-org/setup-python@v1

3.2
cache-build:
allow-build: info


update-environment:
allow-prereleases:

all-cpython-versions: 2.6, 2.7, 3.2, 3.3, 3.4, 3.5, 3.6, 3.7, 3.8, 3.9, 3.10, 3.11, 3.12
main-cpython-versions: 2.7, 3.2, 3.5, 3.9, 3.11
pypy-versions: pypy-2.7, pypy-3.6, pypy-3.7
cpython-versions: main
test-set: core
next: 3.13
PIP: python -m pip
PIP_DISABLE_PIP_VERSION_CHECK: true
PIP_NO_PYTHON_VERSION_WARNING: true
PIP_TRUSTED_HOST: pypi.python.org pypi.org files.pythonhosted.org
##[endgroup]
MatteoH2O1999/build-and-install-python@004dc2989b38616af18eb8aba45fe49d5f813264

3.2

cache-build:
allow-build: info

allow-prereleases:

all-cpython-versions: 2.6, 2.7, 3.2, 3.3, 3.4, 3.5, 3.6, 3.7, 3.8, 3.9, 3.10, 3.11, 3.12
main-cpython-versions: 2.7, 3.2, 3.5, 3.9, 3.11
pypy-versions: pypy-2.7, pypy-3.6, pypy-3.7
cpython-versions: main
test-set: core
next: 3.13
PIP: python -m pip
PIP_DISABLE_PIP_VERSION_CHECK: true
PIP_NO_PYTHON_VERSION_WARNING: true
PIP_TRUSTED_HOST: pypi.python.org pypi.org files.pythonhosted.org
##[endgroup]
CPython version 3.2.x is not supported by actions/setup-python.
CPython version 3.2.x will be built from source.
Version range 3.2.x resolved to 3.2.6. Source code uri: https://api.github.com/repos/python/cpython/zipball/refs/tags/v3.2.6
##[group]Trying to use cached built version
Restoring cached version with key CPython3.2.6x64nix...
Received 28364778 of 28364778 (100.0%), 106.1 MBs/sec
Cache Size: ~27 MB (28364778 B)
[command]/usr/bin/tar -xf /home/runner/work/_temp/cb0a6109-f6eb-415b-85f0-d85163a9db99/cache.tzst -P -C /home/runner/work/youtube-dl/youtube-dl --use-compress-program unzstd
Cache restored successfully
CPython 3.2.6 restored from cache.
##[endgroup]
Copying built folder into tool cache.
CPython 3.2.6 for arch x64 successfully installed.
##[group]Performing post-install operations
Installing libssl and libssl-dev version 1.0.2...
[command]/usr/bin/sudo dpkg -i --force-confold /home/runner/work/_temp/6a89e235-0264-4266-8210-4b545d865687
Selecting previously unselected package libssl1.0.0:amd64.
(Reading database ... 275438 files and directories currently installed.)
Preparing to unpack .../6a89e235-0264-4266-8210-4b545d865687 ...
Unpacking libssl1.0.0:amd64 (1.0.2g-1ubuntu4.20) ...
Setting up libssl1.0.0:amd64 (1.0.2g-1ubuntu4.20) ...
Processing triggers for libc-bin (2.31-0ubuntu9.16) ...
[command]/usr/bin/sudo dpkg -i --force-confold /home/runner/work/_temp/8415d9d0-d513-482d-9e59-15f6c5adfb7b
dpkg: warning: downgrading libssl-dev:amd64 from 1.1.1f-1ubuntu2.23 to 1.0.2g-1ubuntu4.20
(Reading database ... 275457 files and directories currently installed.)
Preparing to unpack .../8415d9d0-d513-482d-9e59-15f6c5adfb7b ...
Unpacking libssl-dev:amd64 (1.0.2g-1ubuntu4.20) over (1.1.1f-1ubuntu2.23) ...
Setting up libssl-dev:amd64 (1.0.2g-1ubuntu4.20) ...
Cleanup .deb installers...
Creating python symlinks...
Creating symlink from /opt/hostedtoolcache/Python/3.2.6/x64/bin/python3.2 to /opt/hostedtoolcache/Python/3.2.6/x64/python
Creating symlink from /opt/hostedtoolcache/Python/3.2.6/x64/bin/python3.2 to /opt/hostedtoolcache/Python/3.2.6/x64/bin/python32
Creating symlink from /opt/hostedtoolcache/Python/3.2.6/x64/bin/python3.2 to /opt/hostedtoolcache/Python/3.2.6/x64/bin/python
Adding executable bit to /opt/hostedtoolcache/Python/3.2.6/x64/bin/python3.2
[command]/usr/bin/chmod +x /opt/hostedtoolcache/Python/3.2.6/x64/bin/python3.2
Adding executable bit to /opt/hostedtoolcache/Python/3.2.6/x64/python
[command]/usr/bin/chmod +x /opt/hostedtoolcache/Python/3.2.6/x64/python
Adding executable bit to /opt/hostedtoolcache/Python/3.2.6/x64/bin/python32
[command]/usr/bin/chmod +x /opt/hostedtoolcache/Python/3.2.6/x64/bin/python32
Adding executable bit to /opt/hostedtoolcache/Python/3.2.6/x64/bin/python
[command]/usr/bin/chmod +x /opt/hostedtoolcache/Python/3.2.6/x64/bin/python
Adding executable bit to /opt/hostedtoolcache/Python/3.2.6/x64/bin/python3
[command]/usr/bin/chmod +x /opt/hostedtoolcache/Python/3.2.6/x64/bin/python3
##[endgroup]
Removing temporary build directories...
Build directories successfully removed.
actions/setup-python@bd6b4b6205c4dbad673328db7b31b7fab9e241c0

3.2.6
architecture: x64


update-environment:
allow-prereleases:

all-cpython-versions: 2.6, 2.7, 3.2, 3.3, 3.4, 3.5, 3.6, 3.7, 3.8, 3.9, 3.10, 3.11, 3.12
main-cpython-versions: 2.7, 3.2, 3.5, 3.9, 3.11
pypy-versions: pypy-2.7, pypy-3.6, pypy-3.7
cpython-versions: main
test-set: core
next: 3.13
PIP: python -m pip
PIP_DISABLE_PIP_VERSION_CHECK: true
PIP_NO_PYTHON_VERSION_WARNING: true
PIP_TRUSTED_HOST: pypi.python.org pypi.org files.pythonhosted.org
##[endgroup]

3 2 6
##[endgroup]
##[group]Run /home/runner/work/_actions/ytdl-org/setup-python/v1/setup_pip.ps1
[36;1m/home/runner/work/_actions/ytdl-org/setup-python/v1/setup_pip.ps1[0m
shell: /usr/bin/pwsh -command ". '{0}'"

all-cpython-versions: 2.6, 2.7, 3.2, 3.3, 3.4, 3.5, 3.6, 3.7, 3.8, 3.9, 3.10, 3.11, 3.12
main-cpython-versions: 2.7, 3.2, 3.5, 3.9, 3.11
pypy-versions: pypy-2.7, pypy-3.6, pypy-3.7
cpython-versions: main
test-set: core
next: 3.13
PIP: python -m pip
PIP_DISABLE_PIP_VERSION_CHECK: true
PIP_NO_PYTHON_VERSION_WARNING: true
3 2 6
3 2 6
3 2 6
Python2 3 2 6
Python3 3 2 6
3 2 6
PIP_TRUSTED_HOST: pypi.python.org pypi.org files.pythonhosted.org
PYTHON_VERSION: 3.2.6
SETUP_PYTHON_PATH: /opt/hostedtoolcache/Python/3.2.6/x64/bin/python
##[endgroup]
Setting up pip for python 3.2.6 in path /opt/hostedtoolcache/Python/3.2.6/x64/bin/python
Pip is not available for version 3.2.6
Proceed with manual installation at own risk
##[group]Run echo "PYTHONHOME=${pythonLocation}" >> "$GITHUB_ENV"
[36;1mecho "PYTHONHOME=${pythonLocation}" >> "$GITHUB_ENV"[0m
[36;1mexport expected="/opt/hostedtoolcache/Python/3.2.6/x64/bin/python"[0m
[36;1mdirname() { printf '%s\n' \[0m
[36;1m    'import os, sys' \[0m
[36;1m    'print(os.path.dirname(sys.argv[1]))' \[0m
[36;1m    | ${expected} - "$1"; }[0m
[36;1mexpd="$(dirname "$expected")"[0m
[36;1mexport python="$(command -v python)"[0m
[36;1m[ "$expd" = "$(dirname "$python")" ] || echo "PATH=$expd:${PATH}" >> "$GITHUB_ENV"[0m
[36;1m[ -x "$python" ] || printf '%s\n' \[0m
[36;1m    'import os' \[0m
[36;1m    'exp = os.environ["expected"]' \[0m
[36;1m    'python = os.environ["python"]' \[0m
[36;1m    'exps = os.path.split(exp)' \[0m
[36;1m    'if python and (os.path.dirname(python) == exp[0]):' \[0m
[36;1m    '    exit(0)' \[0m
[36;1m    'exps[1] = "python" + os.path.splitext(exps[1])[1]' \[0m
[36;1m    'python = os.path.join(*exps)' \[0m
[36;1m    'try:' \[0m
[36;1m    '    os.symlink(exp, python)' \[0m
[36;1m    'except AttributeError:' \[0m
[36;1m    '    os.rename(exp, python)' \[0m
[36;1m    | ${expected} -[0m
[36;1mprintf '%s\n' \[0m
[36;1m    'import sys' \[0m
[36;1m    'print(sys.path)' \[0m
[36;1m    | ${expected} -[0m
0

all-cpython-versions: 2.6, 2.7, 3.2, 3.3, 3.4, 3.5, 3.6, 3.7, 3.8, 3.9, 3.10, 3.11, 3.12
main-cpython-versions: 2.7, 3.2, 3.5, 3.9, 3.11
pypy-versions: pypy-2.7, pypy-3.6, pypy-3.7
cpython-versions: main
test-set: core
next: 3.13
PIP: python -m pip
PIP_DISABLE_PIP_VERSION_CHECK: true
PIP_NO_PYTHON_VERSION_WARNING: true
3 2 6
3 2 6
3 2 6
Python2 3 2 6
Python3 3 2 6
3 2 6
##[endgroup]
['', '/opt/hostedtoolcache/Python/3.2.6/x64/lib/python32.zip', '/opt/hostedtoolcache/Python/3.2.6/x64/lib/python3.2', '/opt/hostedtoolcache/Python/3.2.6/x64/lib/python3.2/plat-linux2', '/opt/hostedtoolcache/Python/3.2.6/x64/lib/python3.2/lib-dynload', '/opt/hostedtoolcache/Python/3.2.6/x64/lib/python3.2/site-packages']
##[group]Run python -m pip --version || { \
[36;1mpython -m pip --version || { \[0m
[36;1m  curl -L -O "https://bootstrap.pypa.io/pip/3.2/get-pip.py"; \[0m
[36;1m  curl -L -O "https://files.pythonhosted.org/packages/b2/d0/cd115fe345dd6f07ec1c780020a7dfe74966fceeb171e0f20d1d4905b0b7/pip-7.1.2-py2.py3-none-any.whl"; \[0m
[36;1m  python get-pip.py --no-setuptools --no-wheel pip-7.1.2-py2.py3-none-any.whl; }[0m
0

all-cpython-versions: 2.6, 2.7, 3.2, 3.3, 3.4, 3.5, 3.6, 3.7, 3.8, 3.9, 3.10, 3.11, 3.12
main-cpython-versions: 2.7, 3.2, 3.5, 3.9, 3.11
pypy-versions: pypy-2.7, pypy-3.6, pypy-3.7
cpython-versions: main
test-set: core
next: 3.13
PIP: python -m pip
PIP_DISABLE_PIP_VERSION_CHECK: true
PIP_NO_PYTHON_VERSION_WARNING: true
3 2 6
3 2 6
3 2 6
Python2 3 2 6
Python3 3 2 6
3 2 6
PYTHONHOME: /opt/hostedtoolcache/Python/3.2.6/x64
##[endgroup]
/opt/hostedtoolcache/Python/3.2.6/x64/bin/python: No module named pip
% Total    % Received % Xferd  Average Speed   Time    Time     Time  Current
Dload  Upload   Total   Spent    Left  Speed
2025-02-06T20:45:45.3507615Z
0     0    0     0    0     0      0      0 --:--:-- --:--:-- --:--:--     0
100 1363k  100 1363k    0     0  4995k      0 --:--:-- --:--:-- --:--:-- 4995k
% Total    % Received % Xferd  Average Speed   Time    Time     Time  Current
Dload  Upload   Total   Spent    Left  Speed
2025-02-06T20:45:45.6314443Z
0     0    0     0    0     0      0      0 --:--:-- --:--:-- --:--:--     0
100 1085k  100 1085k    0     0  18.5M      0 --:--:-- --:--:-- --:--:-- 18.5M
Processing ./pip-7.1.2-py2.py3-none-any.whl
Installing collected packages: pip
Successfully installed pip-7.1.2
##[group]Run $PIP -qq show nose || { \
[36;1m$PIP -qq show nose || { \[0m
[36;1m  curl -L -O "https://files.pythonhosted.org/packages/15/d8/dd071918c040f50fa1cf80da16423af51ff8ce4a0f2399b7bf8de45ac3d9/nose-1.3.7-py3-none-any.whl"; \[0m
[36;1m  $PIP install nose-1.3.7-py3-none-any.whl; }[0m
0

all-cpython-versions: 2.6, 2.7, 3.2, 3.3, 3.4, 3.5, 3.6, 3.7, 3.8, 3.9, 3.10, 3.11, 3.12
main-cpython-versions: 2.7, 3.2, 3.5, 3.9, 3.11
pypy-versions: pypy-2.7, pypy-3.6, pypy-3.7
cpython-versions: main
test-set: core
next: 3.13
PIP: python -m pip
PIP_DISABLE_PIP_VERSION_CHECK: true
PIP_NO_PYTHON_VERSION_WARNING: true
3 2 6
3 2 6
3 2 6
Python2 3 2 6
Python3 3 2 6
3 2 6
PYTHONHOME: /opt/hostedtoolcache/Python/3.2.6/x64
##[endgroup]
% Total    % Received % Xferd  Average Speed   Time    Time     Time  Current
Dload  Upload   Total   Spent    Left  Speed
2025-02-06T20:45:47.4120988Z
0     0    0     0    0     0      0      0 --:--:-- --:--:-- --:--:--     0
100  151k  100  151k    0     0  4317k      0 --:--:-- --:--:-- --:--:-- 4317k
Processing ./nose-1.3.7-py3-none-any.whl
Installing collected packages: nose
Successfully installed nose-1.3.7
##[group]Run # set PYTHON_VER
[36;1m# set PYTHON_VER[0m
[36;1mPYTHON_VER=3.2[0m
[36;1m[ "${PYTHON_VER#*-}" != "$PYTHON_VER" ] || PYTHON_VER="cpython-${PYTHON_VER}"[0m
[36;1mecho "PYTHON_VER=$PYTHON_VER" >> "$GITHUB_ENV"[0m
[36;1mecho "PYTHON_IMPL=cpython" >> "$GITHUB_ENV"[0m
[36;1m# define a test to validate the Python version used by nosetests[0m
[36;1mprintf '%s\n' \[0m
[36;1m  'from __future__ import unicode_literals' \[0m
[36;1m  'import sys, os, platform' \[0m
[36;1m  'try:' \[0m
[36;1m  '    import unittest2 as unittest' \[0m
[36;1m  'except ImportError:' \[0m
[36;1m  '    import unittest' \[0m
[36;1m  'class TestPython(unittest.TestCase):' \[0m
[36;1m  '    def setUp(self):' \[0m
[36;1m  '        self.ver = os.environ["PYTHON_VER"].split("-")' \[0m
[36;1m  '    def test_python_ver(self):' \[0m
[36;1m  '        self.assertEqual(["%d" % v for v in sys.version_info[:2]], self.ver[-1].split(".")[:2])' \[0m
[36;1m  '        self.assertTrue(sys.version.startswith(self.ver[-1]))' \[0m
[36;1m  '        self.assertIn(self.ver[0], ",".join((sys.version, platform.python_implementation())).lower())' \[0m
[36;1m  '    def test_python_impl(self):' \[0m
[36;1m  '        self.assertIn(platform.python_implementation().lower(), (os.environ["PYTHON_IMPL"], self.ver[0]))' \[0m
[36;1m  > test/test_python.py[0m
0

all-cpython-versions: 2.6, 2.7, 3.2, 3.3, 3.4, 3.5, 3.6, 3.7, 3.8, 3.9, 3.10, 3.11, 3.12
main-cpython-versions: 2.7, 3.2, 3.5, 3.9, 3.11
pypy-versions: pypy-2.7, pypy-3.6, pypy-3.7
cpython-versions: main
test-set: core
next: 3.13
PIP: python -m pip
PIP_DISABLE_PIP_VERSION_CHECK: true
PIP_NO_PYTHON_VERSION_WARNING: true
3 2 6
3 2 6
3 2 6
Python2 3 2 6
Python3 3 2 6
3 2 6
PYTHONHOME: /opt/hostedtoolcache/Python/3.2.6/x64
##[endgroup]
##[group]Run ./devscripts/run_tests.sh
[36;1m./devscripts/run_tests.sh[0m
0

all-cpython-versions: 2.6, 2.7, 3.2, 3.3, 3.4, 3.5, 3.6, 3.7, 3.8, 3.9, 3.10, 3.11, 3.12
main-cpython-versions: 2.7, 3.2, 3.5, 3.9, 3.11
pypy-versions: pypy-2.7, pypy-3.6, pypy-3.7
cpython-versions: main
test-set: core
next: 3.13
PIP: python -m pip
PIP_DISABLE_PIP_VERSION_CHECK: true
PIP_NO_PYTHON_VERSION_WARNING: true
3 2 6
3 2 6
3 2 6
Python2 3 2 6
Python3 3 2 6
3 2 6
PYTHONHOME: /opt/hostedtoolcache/Python/3.2.6/x64
PYTHON_VER: cpython-3.2
PYTHON_IMPL: cpython
YTDL_TEST_SET: core
##[endgroup]
test_download_json (test.test_InfoExtractor.TestInfoExtractor) ... WARNING: [Dummy] None: Failed to parse JSON No JSON object could be decoded
ok
test_extract_jwplayer_data_realworld (test.test_InfoExtractor.TestInfoExtractor) ... ok
test_html_search_meta (test.test_InfoExtractor.TestInfoExtractor) ... ok
test_html_search_regex (test.test_InfoExtractor.TestInfoExtractor) ... ok
test_ie_key (test.test_InfoExtractor.TestInfoExtractor) ... ok
test_opengraph (test.test_InfoExtractor.TestInfoExtractor) ... ok
test_parse_f4m_formats (test.test_InfoExtractor.TestInfoExtractor) ... ok
test_parse_html5_media_entries (test.test_InfoExtractor.TestInfoExtractor) ... ok
test_parse_m3u8_formats (test.test_InfoExtractor.TestInfoExtractor) ... ok
test_parse_mpd_formats (test.test_InfoExtractor.TestInfoExtractor) ... WARNING: Unknown codec stpp
ok
test_parse_xspf (test.test_InfoExtractor.TestInfoExtractor) ... ok
test_response_with_expected_status_returns_content (test.test_InfoExtractor.TestInfoExtractor) ... ok
test_search_json_ld_realworld (test.test_InfoExtractor.TestInfoExtractor) ... ok
test_search_nextjs_data (test.test_InfoExtractor.TestInfoExtractor) ... ok
test_search_nuxt_data (test.test_InfoExtractor.TestInfoExtractor) ... ok
test_audio_only_extractor_format_selection (test.test_YoutubeDL.TestFormatSelection) ... ok
test_default_format_spec (test.test_YoutubeDL.TestFormatSelection) ... ok
test_format_filtering (test.test_YoutubeDL.TestFormatSelection) ... ok
test_format_not_available (test.test_YoutubeDL.TestFormatSelection) ... ok
test_format_selection (test.test_YoutubeDL.TestFormatSelection) ... ok
test_format_selection_audio (test.test_YoutubeDL.TestFormatSelection) ... ok
test_format_selection_audio_exts (test.test_YoutubeDL.TestFormatSelection) ... ok
test_format_selection_issue_10083 (test.test_YoutubeDL.TestFormatSelection) ... ok
test_format_selection_string_ops (test.test_YoutubeDL.TestFormatSelection) ... ok
test_format_selection_video (test.test_YoutubeDL.TestFormatSelection) ... ok
test_invalid_format_specs (test.test_YoutubeDL.TestFormatSelection) ... ok
test_prefer_free_formats (test.test_YoutubeDL.TestFormatSelection) ... ok
test_youtube_format_selection (test.test_YoutubeDL.TestFormatSelection) ... ok
test_add_extra_info (test.test_YoutubeDL.TestYoutubeDL) ... ok
Test addition of missing upload/release/_date from /release_/timestamp ... ok
test_do_not_override_ie_key_in_url_transparent (test.test_YoutubeDL.TestYoutubeDL) ... ok
test_format_note (test.test_YoutubeDL.TestYoutubeDL) ... ok
test_ignoreerrors_for_playlist_with_url_transparent_iterable_entries (test.test_YoutubeDL.TestYoutubeDL) ... ok
test_match_filter (test.test_YoutubeDL.TestYoutubeDL) ... ok
test_playlist_items_selection (test.test_YoutubeDL.TestYoutubeDL) ... ok
test_postprocessors (test.test_YoutubeDL.TestYoutubeDL) ... ok
test_prepare_filename (test.test_YoutubeDL.TestYoutubeDL) ... ok
test_subtitles (test.test_YoutubeDL.TestYoutubeDL) ... ok
test_urlopen_no_file_protocol (test.test_YoutubeDL.TestYoutubeDL) ... ok
test_add_headers_cookie (test.test_YoutubeDL.TestYoutubeDLCookies) ... WARNING: Passing cookies as a header is a potential security risk; they will be scoped to the domain of the downloaded urls. Please consider loading cookies from a file or browser instead.
ok
test_header_cookies (test.test_YoutubeDL.TestYoutubeDLCookies) ... ok
test_infojson_cookies (test.test_YoutubeDL.TestYoutubeDLCookies) ... WARNING: The extractor result contains an unscoped cookie as an HTTP header. If you are specifying an input URL, ; please report this issue on https://github.com/ytdl-org/youtube-dl/issues , using the appropriate issue template. Make sure you are using the latest version; see  https://github.com/ytdl-org/youtube-dl/#user-content-installation  on how to update. Be sure to call youtube-dl with the --verbose option and include the complete output.
ok
test_get_cookie_header (test.test_YoutubeDLCookieJar.TestYoutubeDLCookieJar) ... ok
test_get_cookies_for_url (test.test_YoutubeDLCookieJar.TestYoutubeDLCookieJar) ... ok
test_keep_session_cookies (test.test_YoutubeDLCookieJar.TestYoutubeDLCookieJar) ... ok
test_malformed_cookies (test.test_YoutubeDLCookieJar.TestYoutubeDLCookieJar) ... WARNING: skipping cookie file entry due to invalid length 6: 'www.foobar.foobar\tFALSE\t/\tFALSE\t0\tCOOKIE\n'
WARNING: skipping cookie file entry due to invalid expires at 1.7976931348623157e+308: 'www.foobar.foobar\tFALSE\t/\tFALSE\t1.7976931348623157e+308\tCOOKIE\tVALUE\n'
ok
test_strip_httponly_prefix (test.test_YoutubeDLCookieJar.TestYoutubeDLCookieJar) ... ok
test_cbc_decrypt (test.test_aes.TestAES) ... ok
test_cbc_encrypt (test.test_aes.TestAES) ... ok
test_decrypt_text (test.test_aes.TestAES) ... ok
test_ecb_encrypt (test.test_aes.TestAES) ... ok
test_encrypt (test.test_aes.TestAES) ... ok
test_facebook_matching (test.test_all_urls.TestAllURLsMatching) ... ok
test_keywords (test.test_all_urls.TestAllURLsMatching) ... ok
test_no_duplicated_ie_names (test.test_all_urls.TestAllURLsMatching) ... ok
test_no_duplicates (test.test_all_urls.TestAllURLsMatching) ... ok
test_pbs (test.test_all_urls.TestAllURLsMatching) ... ok
test_soundcloud_not_matching_sets (test.test_all_urls.TestAllURLsMatching) ... ok
test_tumblr (test.test_all_urls.TestAllURLsMatching) ... ok
test_vimeo_matching (test.test_all_urls.TestAllURLsMatching) ... ok
test_youtube_channel_matching (test.test_all_urls.TestAllURLsMatching) ... ok
test_youtube_feeds (test.test_all_urls.TestAllURLsMatching) ... ok
test_youtube_matching (test.test_all_urls.TestAllURLsMatching) ... ok
test_youtube_playlist_matching (test.test_all_urls.TestAllURLsMatching) ... ok
test_youtube_search_matching (test.test_all_urls.TestAllURLsMatching) ... ok
test_youtube_user_matching (test.test_all_urls.TestAllURLsMatching) ... ok
test_cache (test.test_cache.TestCache) ... ok
test_cache_validation (test.test_cache.TestCache) ... ok
test_all_present (test.test_compat.TestCompat) ... ok
test_compat_casefold (test.test_compat.TestCompat) ... ok
test_compat_etree_Element (test.test_compat.TestCompat) ... ok
test_compat_etree_fromstring (test.test_compat.TestCompat) ... ok
test_compat_etree_fromstring_doctype (test.test_compat.TestCompat) ... ok
test_compat_expanduser (test.test_compat.TestCompat) ... ok
test_compat_getenv (test.test_compat.TestCompat) ... ok
test_compat_setenv (test.test_compat.TestCompat) ... ok
test_compat_shlex_split (test.test_compat.TestCompat) ... ok
test_compat_struct_unpack (test.test_compat.TestCompat) ... ok
test_compat_urllib_parse_unquote (test.test_compat.TestCompat) ... ok
test_compat_urllib_parse_unquote_plus (test.test_compat.TestCompat) ... ok
test_compat_urllib_parse_urlencode (test.test_compat.TestCompat) ... ok
test_compat_urllib_request_Request (test.test_compat.TestCompat) ... ok
test_make_cmd (test.test_downloader_external.TestAria2cFD) ... ok
test_chunked (test.test_downloader_external.TestAria2pFD) ... SKIP: aria2p not found
test_regular (test.test_downloader_external.TestAria2pFD) ... SKIP: aria2p not found
test_make_cmd (test.test_downloader_external.TestAxelFD) ... SKIP: axel not found
test_make_cmd (test.test_downloader_external.TestCurlFD) ... ok
test_make_cmd (test.test_downloader_external.TestFFmpegFD) ... SKIP: ffmpeg not found
test_make_cmd (test.test_downloader_external.TestHttpieFD) ... SKIP: httpie not found
test_make_cmd (test.test_downloader_external.TestWgetFD) ... ok
test_chunked (test.test_downloader_http.TestHttpFD) ... ok
test_regular (test.test_downloader_http.TestHttpFD) ... ok
test_cmdline_umlauts (test.test_execution.TestExecution) ... ok
test_import (test.test_execution.TestExecution) ... ok
test_lazy_extractors (test.test_execution.TestExecution) ... WARNING: Lazy loading extractors is an experimental feature that may not always work
..............

Ran 14 tests in 11.211s
2025-02-06T20:46:13.7741495Z
OK
ok
test_main_exec (test.test_execution.TestExecution) ... ok
test_module_exec (test.test_execution.TestExecution) ... ok
test_file_urls (test.test_http.TestFileURL) ... ok
test_brotli (test.test_http.TestHTTP) ... SKIP: brotli support is not installed
test_content_type (test.test_http.TestHTTP) ... ok
test_cookiejar (test.test_http.TestHTTP) ... ok
test_deflate (test.test_http.TestHTTP) ... ok
test_gzip (test.test_http.TestHTTP) ... ok
test_gzip_trailing_garbage (test.test_http.TestHTTP) ... ok
test_multiple_encodings (test.test_http.TestHTTP) ... ok
test_no_compression_compat_header (test.test_http.TestHTTP) ... ok
test_nocheckcertificate (test.test_http.TestHTTP) ... ok
test_passed_cookie_header (test.test_http.TestHTTP) ... ok
test_percent_encode (test.test_http.TestHTTP) ... ok
test_redirect (test.test_http.TestHTTP) ... ok
test_remove_dot_segments (test.test_http.TestHTTP) ... ok
test_unicode_path_redirection (test.test_http.TestHTTP) ... ok
test_unsupported_encoding (test.test_http.TestHTTP) ... ok
test_update_req (test.test_http.TestHTTP) ... ok
test_proxy (test.test_http.TestProxy) ... ok
test_proxy_with_idn (test.test_http.TestProxy) ... ok
test_32066 (test.test_jsinterp.TestJSInterpreter) ... ok
test_Date (test.test_jsinterp.TestJSInterpreter) ... ok
test_add (test.test_jsinterp.TestJSInterpreter) ... ok
test_array_access (test.test_jsinterp.TestJSInterpreter) ... ok
test_assignments (test.test_jsinterp.TestJSInterpreter) ... ok
test_basic (test.test_jsinterp.TestJSInterpreter) ... ok
test_bitwise_operators_overflow (test.test_jsinterp.TestJSInterpreter) ... ok
test_bitwise_operators_typecast (test.test_jsinterp.TestJSInterpreter) ... ERROR
test_builtins (test.test_jsinterp.TestJSInterpreter) ... ok
test_calc (test.test_jsinterp.TestJSInterpreter) ... ok
test_call (test.test_jsinterp.TestJSInterpreter) ... ok
test_catch (test.test_jsinterp.TestJSInterpreter) ... ok
test_char_code_at (test.test_jsinterp.TestJSInterpreter) ... ok
test_comma (test.test_jsinterp.TestJSInterpreter) ... ok
test_comments (test.test_jsinterp.TestJSInterpreter) ... ok
test_div (test.test_jsinterp.TestJSInterpreter) ... ok
test_elseif (test.test_jsinterp.TestJSInterpreter) ... ok
test_empty_return (test.test_jsinterp.TestJSInterpreter) ... ok
test_exp (test.test_jsinterp.TestJSInterpreter) ... ok
test_finally (test.test_jsinterp.TestJSInterpreter) ... ok
test_forEach (test.test_jsinterp.TestJSInterpreter) ... ok
test_for_loop (test.test_jsinterp.TestJSInterpreter) ... ok
test_for_loop_break (test.test_jsinterp.TestJSInterpreter) ... ok
test_for_loop_continue (test.test_jsinterp.TestJSInterpreter) ... ok
test_for_loop_try (test.test_jsinterp.TestJSInterpreter) ... ok
test_if (test.test_jsinterp.TestJSInterpreter) ... ok
test_indexing (test.test_jsinterp.TestJSInterpreter) ... ok
test_join (test.test_jsinterp.TestJSInterpreter) ... ok
test_literal_list (test.test_jsinterp.TestJSInterpreter) ... ok
test_mod (test.test_jsinterp.TestJSInterpreter) ... ok
test_morespace (test.test_jsinterp.TestJSInterpreter) ... ok
test_mul (test.test_jsinterp.TestJSInterpreter) ... ok
test_negative (test.test_jsinterp.TestJSInterpreter) ... ok
test_nested_try (test.test_jsinterp.TestJSInterpreter) ... ok
test_null (test.test_jsinterp.TestJSInterpreter) ... ok
test_object (test.test_jsinterp.TestJSInterpreter) ... ok
test_operators (test.test_jsinterp.TestJSInterpreter) ... ok
test_packed (test.test_jsinterp.TestJSInterpreter) ... SKIP: Not yet working
test_parens (test.test_jsinterp.TestJSInterpreter) ... ok
test_pop (test.test_jsinterp.TestJSInterpreter) ... ok
test_precedence (test.test_jsinterp.TestJSInterpreter) ... ok
test_quotes (test.test_jsinterp.TestJSInterpreter) ... ok
test_regex (test.test_jsinterp.TestJSInterpreter) ... ok
test_replace (test.test_jsinterp.TestJSInterpreter) ... ok
test_return_function (test.test_jsinterp.TestJSInterpreter) ... ok
test_shift (test.test_jsinterp.TestJSInterpreter) ... ok
test_slice (test.test_jsinterp.TestJSInterpreter) ... ok
test_split (test.test_jsinterp.TestJSInterpreter) ... ok
test_strange_chars (test.test_jsinterp.TestJSInterpreter) ... ok
test_sub (test.test_jsinterp.TestJSInterpreter) ... ok
test_switch (test.test_jsinterp.TestJSInterpreter) ... ok
test_switch_default (test.test_jsinterp.TestJSInterpreter) ... ok
test_try (test.test_jsinterp.TestJSInterpreter) ... ok
test_typeof (test.test_jsinterp.TestJSInterpreter) ... ok
test_undefined (test.test_jsinterp.TestJSInterpreter) ... ok
test_void (test.test_jsinterp.TestJSInterpreter) ... ok
test_while_loop (test.test_jsinterp.TestJSInterpreter) ... ok
test_netrc_present (test.test_netrc.TestNetRc) ... ok
test_hide_login_info (test.test_options.TestOptions) ... ok
test_format_to_regex (test.test_postprocessors.TestMetadataFromTitle) ... ok
test_python_impl (test.test_python.TestPython) ... ok
test_python_ver (test.test_python.TestPython) ... ok
test_swf_ArrayAccess (test.test_swfinterp.TestSWFInterpreter) ... SKIP: mxmlc not found!
test_swf_ClassCall (test.test_swfinterp.TestSWFInterpreter) ... SKIP: mxmlc not found!
test_swf_ClassConstruction (test.test_swfinterp.TestSWFInterpreter) ... SKIP: mxmlc not found!
test_swf_ConstArrayAccess (test.test_swfinterp.TestSWFInterpreter) ... SKIP: mxmlc not found!
test_swf_ConstantInt (test.test_swfinterp.TestSWFInterpreter) ... SKIP: mxmlc not found!
test_swf_DictCall (test.test_swfinterp.TestSWFInterpreter) ... SKIP: mxmlc not found!
test_swf_EqualsOperator (test.test_swfinterp.TestSWFInterpreter) ... SKIP: mxmlc not found!
test_swf_LocalVars (test.test_swfinterp.TestSWFInterpreter) ... SKIP: mxmlc not found!
test_swf_MemberAssignment (test.test_swfinterp.TestSWFInterpreter) ... SKIP: mxmlc not found!
test_swf_NeOperator (test.test_swfinterp.TestSWFInterpreter) ... SKIP: mxmlc not found!
test_swf_PrivateCall (test.test_swfinterp.TestSWFInterpreter) ... SKIP: mxmlc not found!
test_swf_PrivateVoidCall (test.test_swfinterp.TestSWFInterpreter) ... SKIP: mxmlc not found!
test_swf_StaticAssignment (test.test_swfinterp.TestSWFInterpreter) ... SKIP: mxmlc not found!
test_swf_StaticRetrieval (test.test_swfinterp.TestSWFInterpreter) ... SKIP: mxmlc not found!
test_swf_StringBasics (test.test_swfinterp.TestSWFInterpreter) ... SKIP: mxmlc not found!
test_swf_StringCharCodeAt (test.test_swfinterp.TestSWFInterpreter) ... SKIP: mxmlc not found!
test_swf_StringConversion (test.test_swfinterp.TestSWFInterpreter) ... SKIP: mxmlc not found!
test_dict_get (test.test_traversal.TestTraversal) ... ok
test_get_first (test.test_traversal.TestTraversal) ... ok
test_traversal_morsel (test.test_traversal.TestTraversal) ... ok
test_traversal_unbranching (test.test_traversal.TestTraversal) ... ok
test_traverse_obj (test.test_traversal.TestTraversal) ... ok
test_all_files (test.test_unicode_literals.TestUnicodeLiterals) ... ok
test_rsa_verify (test.test_update.TestUpdate) ... ok
test_LazyList (test.test_utils.TestUtil) ... ok
test_LazyList_laziness (test.test_utils.TestUtil) ... ok
test_age_restricted (test.test_utils.TestUtil) ... ok
test_args_to_str (test.test_utils.TestUtil) ... ok
test_base_url (test.test_utils.TestUtil) ... ok
test_caesar (test.test_utils.TestUtil) ... ok
test_clean_html (test.test_utils.TestUtil) ... ok
test_clean_podcast_url (test.test_utils.TestUtil) ... ok
test_cli_bool_option (test.test_utils.TestUtil) ... ok
test_cli_option (test.test_utils.TestUtil) ... ok
test_cli_valueless_option (test.test_utils.TestUtil) ... ok
test_date_from_str (test.test_utils.TestUtil) ... ok
test_daterange (test.test_utils.TestUtil) ... ok
test_detect_exe_version (test.test_utils.TestUtil) ... ok
test_determine_ext (test.test_utils.TestUtil) ... ok
test_dfxp2srt (test.test_utils.TestUtil) ... ok
test_encode_base_n (test.test_utils.TestUtil) ... ok
test_encode_compat_str (test.test_utils.TestUtil) ... ok
test_escape_rfc3986 (test.test_utils.TestUtil) ... ok
test_escape_url (test.test_utils.TestUtil) ... ok
test_expand_path (test.test_utils.TestUtil) ... ok
test_extract_attributes (test.test_utils.TestUtil) ... ok
test_find_xpath_attr (test.test_utils.TestUtil) ... ok
test_fix_xml_ampersands (test.test_utils.TestUtil) ... ok
test_float_or_none (test.test_utils.TestUtil) ... ok
test_get_element_by_attribute (test.test_utils.TestUtil) ... ok
test_get_element_by_class (test.test_utils.TestUtil) ... ok
test_get_elements_by_attribute (test.test_utils.TestUtil) ... ok
test_get_elements_by_class (test.test_utils.TestUtil) ... ok
test_int_or_none (test.test_utils.TestUtil) ... ok
test_intlist_to_bytes (test.test_utils.TestUtil) ... ok
test_is_html (test.test_utils.TestUtil) ... ok
test_join_nonempty (test.test_utils.TestUtil) ... ok
test_js_to_json_edgecases (test.test_utils.TestUtil) ... ok
test_js_to_json_malformed (test.test_utils.TestUtil) ... ok
test_js_to_json_realworld (test.test_utils.TestUtil) ... ok
test_js_to_json_template_literal (test.test_utils.TestUtil) ... ok
test_js_to_json_vars_strings (test.test_utils.TestUtil) ... ok
test_limit_length (test.test_utils.TestUtil) ... ok
test_lowercase_escape (test.test_utils.TestUtil) ... ok
test_match_str (test.test_utils.TestUtil) ... ok
test_merge_dicts (test.test_utils.TestUtil) ... ok
test_mimetype2ext (test.test_utils.TestUtil) ... ok
test_month_by_name (test.test_utils.TestUtil) ... ok
test_multipart_encode (test.test_utils.TestUtil) ... ok
test_ohdave_rsa_encrypt (test.test_utils.TestUtil) ... ok
test_ordered_set (test.test_utils.TestUtil) ... ok
test_paged_list (test.test_utils.TestUtil) ... ok
test_parse_age_limit (test.test_utils.TestUtil) ... ok
test_parse_bitrate (test.test_utils.TestUtil) ... ok
test_parse_codecs (test.test_utils.TestUtil) ... WARNING: Unknown codec newcodec
WARNING: Unknown codec unknownvcodec
WARNING: Unknown codec unknownacodec
WARNING: Unknown codec unknown
ok
test_parse_count (test.test_utils.TestUtil) ... ok
test_parse_dfxp_time_expr (test.test_utils.TestUtil) ... ok
test_parse_duration (test.test_utils.TestUtil) ... ok
test_parse_filesize (test.test_utils.TestUtil) ... ok
test_parse_iso8601 (test.test_utils.TestUtil) ... ok
test_parse_resolution (test.test_utils.TestUtil) ... ok
test_pkcs1pad (test.test_utils.TestUtil) ... ok
test_prepend_extension (test.test_utils.TestUtil) ... ok
test_read_batch_urls (test.test_utils.TestUtil) ... ok
test_remove_dot_segments (test.test_utils.TestUtil) ... ok
test_remove_end (test.test_utils.TestUtil) ... ok
test_remove_quotes (test.test_utils.TestUtil) ... ok
test_remove_start (test.test_utils.TestUtil) ... ok
test_render_table (test.test_utils.TestUtil) ... ok
test_replace_extension (test.test_utils.TestUtil) ... ok
test_rot47 (test.test_utils.TestUtil) ... ok
test_sanitize_filename (test.test_utils.TestUtil) ... ok
test_sanitize_filename_restricted (test.test_utils.TestUtil) ... ok
test_sanitize_ids (test.test_utils.TestUtil) ... ok
test_sanitize_path (test.test_utils.TestUtil) ... ok
test_sanitize_url (test.test_utils.TestUtil) ... ok
test_sanitized_Request (test.test_utils.TestUtil) ... ok
test_shell_quote (test.test_utils.TestUtil) ... ok
test_smuggle_url (test.test_utils.TestUtil) ... ok
test_str_to_int (test.test_utils.TestUtil) ... ok
test_strip_jsonp (test.test_utils.TestUtil) ... ok
test_strip_or_none (test.test_utils.TestUtil) ... ok
test_subtitles_filename (test.test_utils.TestUtil) ... ok
test_timeconvert (test.test_utils.TestUtil) ... ok
test_try_call (test.test_utils.TestUtil) ... ok
test_unescape_html (test.test_utils.TestUtil) ... ok
test_unified_dates (test.test_utils.TestUtil) ... ok
test_unified_timestamps (test.test_utils.TestUtil) ... ok
test_update_url_query (test.test_utils.TestUtil) ... ok
test_uppercase_escape (test.test_utils.TestUtil) ... ok
test_url_basename (test.test_utils.TestUtil) ... ok
test_url_or_none (test.test_utils.TestUtil) ... ok
test_urlencode_postdata (test.test_utils.TestUtil) ... ok
test_urljoin (test.test_utils.TestUtil) ... ok
test_urshift (test.test_utils.TestUtil) ... ok
test_variadic (test.test_utils.TestUtil) ... ok
test_version_tuple (test.test_utils.TestUtil) ... ok
test_xpath_attr (test.test_utils.TestUtil) ... ok
test_xpath_element (test.test_utils.TestUtil) ... ok
test_xpath_text (test.test_utils.TestUtil) ... ok
test_xpath_with_ns (test.test_utils.TestUtil) ... ok
test_private_info_arg (test.test_verbose_output.TestVerboseOutput) ... ok
test_private_info_eq (test.test_verbose_output.TestVerboseOutput) ... ok
test_private_info_shortarg (test.test_verbose_output.TestVerboseOutput) ... ok
test_private_info_shortarg_eq (test.test_verbose_output.TestVerboseOutput) ... ok
test_youtube_extract (test.test_youtube_misc.TestYoutubeMisc) ... ok
2025-02-06T20:46:28.3149041Z
======================================================================
ERROR: test_bitwise_operators_typecast (test.test_jsinterp.TestJSInterpreter)

Traceback (most recent call last):
File "/home/runner/work/youtube-dl/youtube-dl/youtube_dl/jsinterp.py", line 583, in _operator
return opfunc(left_val, right_val)
File "/home/runner/work/youtube-dl/youtube-dl/youtube_dl/jsinterp.py", line 80, in wrapped
return op(zeroise(a), zeroise(b)) & 0xffffffff
TypeError: unsupported operand type(s) for <<: 'float' and 'int'
2025-02-06T20:46:28.3162162Z
During handling of the above exception, another exception occurred:
2025-02-06T20:46:28.3162865Z
Traceback (most recent call last):
File "/home/runner/work/youtube-dl/youtube-dl/test/test_jsinterp.py", line 462, in test_bitwise_operators_typecast
self._test('function f(){return 0.0 << null}', 0)
File "/home/runner/work/youtube-dl/youtube-dl/test/test_jsinterp.py", line 25, in _test
got = jsi_or_code.call_function(func, *args)
File "/home/runner/work/youtube-dl/youtube-dl/youtube_dl/jsinterp.py", line 1296, in call_function
return self.extract_function(funcname)(args, kw_global_vars)
File "/home/runner/work/youtube-dl/youtube-dl/youtube_dl/jsinterp.py", line 43, in __call__
return self.func(*args, **kwargs)
File "/home/runner/work/youtube-dl/youtube-dl/youtube_dl/jsinterp.py", line 1320, in resf
ret, should_abort = self.interpret_statement(code.replace('\n', ' '), var_stack, allow_recursion - 1)
File "/home/runner/work/youtube-dl/youtube-dl/youtube_dl/jsinterp.py", line 362, in interpret_statement
ret, should_ret = f(self, stmt, local_vars, allow_recursion, *args, **kwargs)
File "/home/runner/work/youtube-dl/youtube-dl/youtube_dl/jsinterp.py", line 993, in interpret_statement
op_result = self.handle_operators(expr, local_vars, allow_recursion)
File "/home/runner/work/youtube-dl/youtube-dl/youtube_dl/jsinterp.py", line 662, in handle_operators
return self._operator(op, left_val, right_expr, expr, local_vars, allow_recursion), True
File "/home/runner/work/youtube-dl/youtube-dl/youtube_dl/jsinterp.py", line 585, in _operator
raise self.Exception('Failed to evaluate {left_val!r:.50} {op} {right_val!r:.50}'.format(**locals()), expr, cause=e)
youtube_dl.jsinterp.Exception: Failed to evaluate 0.0 << None (caused by TypeError("unsupported operand type(s) for <<: 'float' and 'int'",)); please report this issue on https://github.com/ytdl-org/youtube-dl/issues , using the appropriate issue template. Make sure you are using the latest version; see  https://github.com/ytdl-org/youtube-dl/#user-content-installation  on how to update. Be sure to call youtube-dl with the --verbose option and include the complete output.
2025-02-06T20:46:28.3184120Z

Ran 304 tests in 39.009s
2025-02-06T20:46:28.3184975Z
FAILED (SKIP=24, errors=1)
##[error]Process completed with exit code 1.



2 48 1
Temporarily overriding HOME='/home/runner/work/_temp/846d6d2e-8f9c-4a18-9c7a-6840d0cbb512' before making global git config changes

[command]/usr/bin/git config --global --add safe.directory /home/runner/work/youtube-dl/youtube-dl
core\.sshCommand
'core\.sshCommand' 'core.sshCommand'
http\.https\:\/\/github\.com\/\.extraheader


'http\.https\:\/\/github\.com\/\.extraheader' 'http.https://github.com/.extraheader'

