Requested labels: ubuntu-20.04
Job defined at: ytdl-org/youtube-dl/.github/workflows/ci.yml@refs/pull/33049/merge
Waiting for a runner to pick up this job...
Job is waiting for a hosted runner to come online.
Job is about to start running on the hosted runner: GitHub Actions 15 (hosted)
Current runner version: '2.322.0'
##[group]Operating System
Ubuntu
20.04.6
LTS
##[endgroup]
##[group]Runner Image
Image: ubuntu-20.04
Version: 20250202.1.0
Included Software: https://github.com/actions/runner-images/blob/ubuntu20/20250202.1/images/ubuntu/Ubuntu2004-Readme.md
Image Release: https://github.com/actions/runner-images/releases/tag/ubuntu20%2F20250202.1
##[endgroup]
##[group]Runner Image Provisioner
2.0.422.1
##[endgroup]
##[group]GITHUB_TOKEN Permissions
Contents: <:*:>
Metadata: read
Packages: <:*:>
##[endgroup]
Secret source: <:*:>
Prepare workflow directory
Prepare all required actions
Getting action download info
Download action repository <:*:> (SHA:<:SEQ:>)
Download action repository <:*:> (SHA:<:SEQ:>)
Download action repository <:*:> (SHA:<:SEQ:>)
Download action repository <:*:> (SHA:<:SEQ:>)
Getting action download info
Download action repository <:*:> (SHA:<:SEQ:>)
Download action repository <:*:> (SHA:<:SEQ:>)
Complete job name: Run tests (ubuntu-20.04, 3.2, cpython, core, sh)
##[group]Run # apt in runner, if needed, may not be up-to-date
[36;1m# apt in runner, if needed, may not be up-to-date[0m
[36;1msudo apt-get update[0m
shell: /usr/bin/bash --noprofile --norc -e -o pipefail {<:NUM:>}
env:
all-cpython-versions: 2.6, 2.7, 3.2, 3.3, 3.4, 3.5, 3.6, 3.7, 3.8, 3.9, 3.10, 3.11, 3.12
main-cpython-versions: 2.7, 3.2, 3.5, 3.9, 3.11
pypy-versions: pypy-2.7, pypy-3.6, pypy-3.7
cpython-versions: main
test-set: core
next: 3.13
PIP: python -m pip
PIP_DISABLE_PIP_VERSION_CHECK: true
PIP_NO_PYTHON_VERSION_WARNING: true
##[endgroup]
Get:1 file:/etc/apt/apt-mirrors.txt Mirrorlist [142 B]
Hit:2 http://azure.archive.ubuntu.com/ubuntu focal InRelease
Get:3 http://azure.archive.ubuntu.com/ubuntu focal-updates InRelease [128 kB]
Get:4 http://azure.archive.ubuntu.com/ubuntu focal-backports InRelease [128 kB]
Hit:6 https://packages.microsoft.com/repos/azure-cli focal InRelease
Get:5 http://azure.archive.ubuntu.com/ubuntu focal-security InRelease [128 kB]
Get:7 https://packages.microsoft.com/ubuntu/20.04/prod focal InRelease [3632 B]
Get:8 http://azure.archive.ubuntu.com/ubuntu focal-updates/main amd64 Packages [3772 kB]
Get:9 http://azure.archive.ubuntu.com/ubuntu focal-updates/main Translation-en [576 kB]
Get:10 http://azure.archive.ubuntu.com/ubuntu focal-updates/restricted amd64 Packages [3547 kB]
Get:11 http://azure.archive.ubuntu.com/ubuntu focal-updates/restricted Translation-en [496 kB]
Get:12 http://azure.archive.ubuntu.com/ubuntu focal-updates/universe amd64 Packages [1254 kB]
Get:13 http://azure.archive.ubuntu.com/ubuntu focal-updates/universe Translation-en [301 kB]
Get:14 http://azure.archive.ubuntu.com/ubuntu focal-security/main amd64 Packages [3393 kB]
Get:15 http://azure.archive.ubuntu.com/ubuntu focal-security/main Translation-en [496 kB]
Get:16 http://azure.archive.ubuntu.com/ubuntu focal-security/restricted amd64 Packages [3400 kB]
Get:17 http://azure.archive.ubuntu.com/ubuntu focal-security/restricted Translation-en [476 kB]
Get:20 https://packages.microsoft.com/ubuntu/20.04/prod focal/main amd64 Packages [332 kB]
Get:21 https://packages.microsoft.com/ubuntu/20.04/prod focal/main arm64 Packages [71.2 kB]
Get:18 http://azure.archive.ubuntu.com/ubuntu focal-security/universe amd64 Packages [1032 kB]
Get:19 http://azure.archive.ubuntu.com/ubuntu focal-security/universe Translation-en [218 kB]
Fetched 19.8 MB in 3s (7146 kB/s)
Reading package lists...
##[group]Run <:*:>
with:
repository: <:*:>
token: ***
ssh-strict: true
persist-credentials: <:*:>
clean: true
sparse-checkout-cone-mode: true
fetch-depth: <:NUM:>
fetch-tags: false
lfs: false
submodules: <:*:>
set-safe-directory: true
env:
all-cpython-versions: 2.6, 2.7, 3.2, 3.3, 3.4, 3.5, 3.6, 3.7, 3.8, 3.9, 3.10, 3.11, 3.12
main-cpython-versions: 2.7, 3.2, 3.5, 3.9, 3.11
pypy-versions: pypy-2.7, pypy-3.6, pypy-3.7
cpython-versions: main
test-set: core
next: 3.13
PIP: python -m pip
PIP_DISABLE_PIP_VERSION_CHECK: true
PIP_NO_PYTHON_VERSION_WARNING: true
##[endgroup]
Syncing repository: <:*:>
##[group]Getting Git version info
Working directory is <:*:>
[command]/usr/bin/git version
git version <:NUM:>.<:NUM:>.<:NUM:>
##[endgroup]
Temporarily overriding HOME='/home/runner/work/_temp/c9c4e385-0ffe-4511-9482-e28a647f4b07' before making global git config changes
Adding repository directory to the temporary git global config as a safe directory
[command]/usr/bin/git config --global --add safe.directory /home/runner/work/youtube-dl/youtube-dl
Deleting the contents of <:*:>
##[group]Initializing the repository
[command]/usr/bin/git init <:*:>
hint: Using 'master' as the name for the initial branch. This default branch name
hint: is subject to change. To configure the initial branch name to use in all
hint: of your new repositories, which will suppress this warning, call:
hint:
hint: git config --global init.defaultBranch <name>
hint:
hint: Names commonly chosen instead of 'master' are 'main', 'trunk' and
hint: 'development'. The just-created branch can be renamed via this command:
hint:
hint: git branch -m <name>
Initialized empty Git repository in <:*:>
[command]/usr/bin/git remote add origin <:*:>
##[endgroup]
##[group]Disabling automatic garbage collection
[command]/usr/bin/git config --local gc.auto 0
##[endgroup]
##[group]Setting up auth
[command]/usr/bin/git config --local --name-only --get-regexp <:*:>
[command]/usr/bin/git submodule foreach --recursive sh -c "git config --local --name-only --get-regexp <:*:> && git config --local --unset-all <:*:> || :"
[command]/usr/bin/git config --local --name-only --get-regexp <:*:>
[command]/usr/bin/git submodule foreach --recursive sh -c "git config --local --name-only --get-regexp <:*:> && git config --local --unset-all <:*:> || :"
[command]/usr/bin/git config <:*:> http.https://github.com/.extraheader AUTHORIZATION: basic ***
##[endgroup]
##[group]Fetching the repository
[command]/usr/bin/git -c protocol.version=<:NUM:> fetch --no-tags --prune --progress --no-recurse-submodules --depth=<:NUM:> origin +<:SEQ:>:refs/remotes/pull/<:NUM:>/merge
remote: <:*:> objects: <:*:> <:*:>
remote: <:*:> objects: <:*:> <:*:>
remote: <:*:> objects: <:*:> <:*:>
remote: <:*:> objects: <:*:> <:*:>
remote: <:*:> objects: <:*:> <:*:>
remote: <:*:> objects: <:*:> <:*:>
remote: <:*:> objects: <:*:> <:*:>
remote: <:*:> objects: <:*:> <:*:>
remote: <:*:> objects: <:*:> <:*:>
remote: <:*:> objects: <:*:> <:*:>
remote: <:*:> objects: <:*:> <:*:>
remote: <:*:> objects: <:*:> <:*:>
remote: <:*:> objects: <:*:> <:*:>
remote: <:*:> objects: <:*:> <:*:>
remote: <:*:> objects: <:*:> <:*:>
remote: <:*:> objects: <:*:> <:*:>
remote: <:*:> objects: <:*:> <:*:>
remote: <:*:> objects: <:*:> <:*:>
remote: <:*:> objects: <:*:> <:*:>
remote: <:*:> objects: <:*:> <:*:>
remote: <:*:> objects: <:*:> <:*:>
remote: <:*:> objects: <:*:> <:*:>
remote: <:*:> objects: <:*:> <:*:>
remote: <:*:> objects: <:*:> <:*:>
remote: <:*:> objects: <:*:> <:*:>
remote: <:*:> objects: <:*:> <:*:>
remote: <:*:> objects: <:*:> <:*:>
remote: <:*:> objects: <:*:> <:*:>
remote: <:*:> objects: <:*:> <:*:>
remote: <:*:> objects: <:*:> <:*:>
remote: <:*:> objects: <:*:> <:*:>
remote: <:*:> objects: <:*:> <:*:>
remote: <:*:> objects: <:*:> <:*:>
remote: <:*:> objects: <:*:> <:*:>
remote: <:*:> objects: <:*:> <:*:>
remote: <:*:> objects: <:*:> <:*:>
remote: <:*:> objects: <:*:> <:*:>
remote: <:*:> objects: <:*:> <:*:>
remote: <:*:> objects: <:*:> <:*:>
remote: <:*:> objects: <:*:> <:*:>
remote: <:*:> objects: <:*:> <:*:>
remote: <:*:> objects: <:*:> <:*:>
remote: <:*:> objects: <:*:> <:*:>
remote: <:*:> objects: <:*:> <:*:>
remote: <:*:> objects: <:*:> <:*:>
remote: <:*:> objects: <:*:> <:*:>
remote: <:*:> objects: <:*:> <:*:>
remote: <:*:> objects: <:*:> <:*:>
remote: <:*:> objects: <:*:> <:*:>
remote: <:*:> objects: <:*:> <:*:>
remote: <:*:> objects: <:*:> <:*:>
remote: <:*:> objects: <:*:> <:*:>
remote: <:*:> objects: <:*:> <:*:>
remote: <:*:> objects: <:*:> <:*:>
remote: <:*:> objects: <:*:> <:*:>
remote: <:*:> objects: <:*:> <:*:>
remote: <:*:> objects: <:*:> <:*:>
remote: <:*:> objects: <:*:> <:*:>
remote: <:*:> objects: <:*:> <:*:>
remote: <:*:> objects: <:*:> <:*:>
remote: <:*:> objects: <:*:> <:*:>
remote: <:*:> objects: <:*:> <:*:>
remote: <:*:> objects: <:*:> <:*:>
remote: <:*:> objects: <:*:> <:*:>
remote: <:*:> objects: <:*:> <:*:>
remote: <:*:> objects: <:*:> <:*:>
remote: <:*:> objects: <:*:> <:*:>
remote: <:*:> objects: <:*:> <:*:>
remote: <:*:> objects: <:*:> <:*:>
remote: <:*:> objects: <:*:> <:*:>
remote: <:*:> objects: <:*:> <:*:>
remote: <:*:> objects: <:*:> <:*:>
remote: <:*:> objects: <:*:> <:*:>
remote: <:*:> objects: <:*:> <:*:>
remote: <:*:> objects: <:*:> <:*:>
remote: <:*:> objects: <:*:> <:*:>
remote: <:*:> objects: <:*:> <:*:>
remote: <:*:> objects: <:*:> <:*:>
remote: <:*:> objects: <:*:> <:*:>
remote: <:*:> objects: <:*:> <:*:>
remote: <:*:> objects: <:*:> <:*:>
remote: <:*:> objects: <:*:> <:*:>
remote: <:*:> objects: <:*:> <:*:>
remote: <:*:> objects: <:*:> <:*:>
remote: <:*:> objects: <:*:> <:*:>
remote: <:*:> objects: <:*:> <:*:>
remote: <:*:> objects: <:*:> <:*:>
remote: <:*:> objects: <:*:> <:*:>
remote: <:*:> objects: <:*:> <:*:>
remote: <:*:> objects: <:*:> <:*:>
remote: <:*:> objects: <:*:> <:*:>
remote: <:*:> objects: <:*:> <:*:>
remote: <:*:> objects: <:*:> <:*:>
remote: <:*:> objects: <:*:> <:*:>
remote: <:*:> objects: <:*:> <:*:>
remote: <:*:> objects: <:*:> <:*:>
remote: <:*:> objects: <:*:> <:*:>
remote: <:*:> objects: <:*:> <:*:>
remote: <:*:> objects: <:*:> <:*:>
remote: <:*:> objects: <:*:> <:*:>
remote: <:*:> objects: <:*:> <:*:>
remote: <:*:> objects: <:*:> <:*:>
remote: <:*:> objects: <:NUM:>% (<:NUM:>/<:NUM:>), done.
remote: <:*:> objects: <:*:> <:*:>
remote: <:*:> objects: <:*:> <:*:>
remote: <:*:> objects: <:*:> <:*:>
remote: <:*:> objects: <:*:> <:*:>
remote: <:*:> objects: <:*:> <:*:>
remote: <:*:> objects: <:*:> <:*:>
remote: <:*:> objects: <:*:> <:*:>
remote: <:*:> objects: <:*:> <:*:>
remote: <:*:> objects: <:*:> <:*:>
remote: <:*:> objects: <:*:> <:*:>
remote: <:*:> objects: <:*:> <:*:>
remote: <:*:> objects: <:*:> <:*:>
remote: <:*:> objects: <:*:> <:*:>
remote: <:*:> objects: <:*:> <:*:>
remote: <:*:> objects: <:*:> <:*:>
remote: <:*:> objects: <:*:> <:*:>
remote: <:*:> objects: <:*:> <:*:>
remote: <:*:> objects: <:*:> <:*:>
remote: <:*:> objects: <:*:> <:*:>
remote: <:*:> objects: <:*:> <:*:>
remote: <:*:> objects: <:*:> <:*:>
remote: <:*:> objects: <:*:> <:*:>
remote: <:*:> objects: <:*:> <:*:>
remote: <:*:> objects: <:*:> <:*:>
remote: <:*:> objects: <:*:> <:*:>
remote: <:*:> objects: <:*:> <:*:>
remote: <:*:> objects: <:*:> <:*:>
remote: <:*:> objects: <:*:> <:*:>
remote: <:*:> objects: <:*:> <:*:>
remote: <:*:> objects: <:*:> <:*:>
remote: <:*:> objects: <:*:> <:*:>
remote: <:*:> objects: <:*:> <:*:>
remote: <:*:> objects: <:*:> <:*:>
remote: <:*:> objects: <:*:> <:*:>
remote: <:*:> objects: <:*:> <:*:>
remote: <:*:> objects: <:*:> <:*:>
remote: <:*:> objects: <:*:> <:*:>
remote: <:*:> objects: <:*:> <:*:>
remote: <:*:> objects: <:*:> <:*:>
remote: <:*:> objects: <:*:> <:*:>
remote: <:*:> objects: <:*:> <:*:>
remote: <:*:> objects: <:*:> <:*:>
remote: <:*:> objects: <:*:> <:*:>
remote: <:*:> objects: <:*:> <:*:>
remote: <:*:> objects: <:*:> <:*:>
remote: <:*:> objects: <:*:> <:*:>
remote: <:*:> objects: <:*:> <:*:>
remote: <:*:> objects: <:*:> <:*:>
remote: <:*:> objects: <:*:> <:*:>
remote: <:*:> objects: <:*:> <:*:>
remote: <:*:> objects: <:*:> <:*:>
remote: <:*:> objects: <:*:> <:*:>
remote: <:*:> objects: <:*:> <:*:>
remote: <:*:> objects: <:*:> <:*:>
remote: <:*:> objects: <:*:> <:*:>
remote: <:*:> objects: <:*:> <:*:>
remote: <:*:> objects: <:*:> <:*:>
remote: <:*:> objects: <:*:> <:*:>
remote: <:*:> objects: <:*:> <:*:>
remote: <:*:> objects: <:*:> <:*:>
remote: <:*:> objects: <:*:> <:*:>
remote: <:*:> objects: <:*:> <:*:>
remote: <:*:> objects: <:*:> <:*:>
remote: <:*:> objects: <:*:> <:*:>
remote: <:*:> objects: <:*:> <:*:>
remote: <:*:> objects: <:*:> <:*:>
remote: <:*:> objects: <:*:> <:*:>
remote: <:*:> objects: <:*:> <:*:>
remote: <:*:> objects: <:*:> <:*:>
remote: <:*:> objects: <:*:> <:*:>
remote: <:*:> objects: <:*:> <:*:>
remote: <:*:> objects: <:*:> <:*:>
remote: <:*:> objects: <:*:> <:*:>
remote: <:*:> objects: <:*:> <:*:>
remote: <:*:> objects: <:*:> <:*:>
remote: <:*:> objects: <:*:> <:*:>
remote: <:*:> objects: <:*:> <:*:>
remote: <:*:> objects: <:*:> <:*:>
remote: <:*:> objects: <:*:> <:*:>
remote: <:*:> objects: <:*:> <:*:>
remote: <:*:> objects: <:*:> <:*:>
remote: <:*:> objects: <:*:> <:*:>
remote: <:*:> objects: <:*:> <:*:>
remote: <:*:> objects: <:*:> <:*:>
remote: <:*:> objects: <:*:> <:*:>
remote: <:*:> objects: <:*:> <:*:>
remote: <:*:> objects: <:*:> <:*:>
remote: <:*:> objects: <:*:> <:*:>
remote: <:*:> objects: <:*:> <:*:>
remote: <:*:> objects: <:*:> <:*:>
remote: <:*:> objects: <:*:> <:*:>
remote: <:*:> objects: <:*:> <:*:>
remote: <:*:> objects: <:*:> <:*:>
remote: <:*:> objects: <:*:> <:*:>
remote: <:*:> objects: <:*:> <:*:>
remote: <:*:> objects: <:*:> <:*:>
remote: <:*:> objects: <:*:> <:*:>
remote: <:*:> objects: <:*:> <:*:>
remote: <:*:> objects: <:*:> <:*:>
remote: <:*:> objects: <:*:> <:*:>
remote: <:*:> objects: <:*:> <:*:>
remote: <:*:> objects: <:NUM:>% (<:NUM:>/<:NUM:>), done.
Receiving objects: <:NUM:>% (<:NUM:>/<:NUM:>)
Receiving objects: <:NUM:>% (<:NUM:>/<:NUM:>)
Receiving objects: <:NUM:>% (<:NUM:>/<:NUM:>)
Receiving objects: <:NUM:>% (<:NUM:>/<:NUM:>)
Receiving objects: <:NUM:>% (<:NUM:>/<:NUM:>)
Receiving objects: <:NUM:>% (<:NUM:>/<:NUM:>)
Receiving objects: <:NUM:>% (<:NUM:>/<:NUM:>)
Receiving objects: <:NUM:>% (<:NUM:>/<:NUM:>)
Receiving objects: <:NUM:>% (<:NUM:>/<:NUM:>)
Receiving objects: <:NUM:>% (<:NUM:>/<:NUM:>)
Receiving objects: <:NUM:>% (<:NUM:>/<:NUM:>)
Receiving objects: <:NUM:>% (<:NUM:>/<:NUM:>)
Receiving objects: <:NUM:>% (<:NUM:>/<:NUM:>)
Receiving objects: <:NUM:>% (<:NUM:>/<:NUM:>)
Receiving objects: <:NUM:>% (<:NUM:>/<:NUM:>)
Receiving objects: <:NUM:>% (<:NUM:>/<:NUM:>)
Receiving objects: <:NUM:>% (<:NUM:>/<:NUM:>)
Receiving objects: <:NUM:>% (<:NUM:>/<:NUM:>)
Receiving objects: <:NUM:>% (<:NUM:>/<:NUM:>)
Receiving objects: <:NUM:>% (<:NUM:>/<:NUM:>)
Receiving objects: <:NUM:>% (<:NUM:>/<:NUM:>)
Receiving objects: <:NUM:>% (<:NUM:>/<:NUM:>)
Receiving objects: <:NUM:>% (<:NUM:>/<:NUM:>)
Receiving objects: <:NUM:>% (<:NUM:>/<:NUM:>)
Receiving objects: <:NUM:>% (<:NUM:>/<:NUM:>)
Receiving objects: <:NUM:>% (<:NUM:>/<:NUM:>)
Receiving objects: <:NUM:>% (<:NUM:>/<:NUM:>)
Receiving objects: <:NUM:>% (<:NUM:>/<:NUM:>)
Receiving objects: <:NUM:>% (<:NUM:>/<:NUM:>)
Receiving objects: <:NUM:>% (<:NUM:>/<:NUM:>)
Receiving objects: <:NUM:>% (<:NUM:>/<:NUM:>)
Receiving objects: <:NUM:>% (<:NUM:>/<:NUM:>)
Receiving objects: <:NUM:>% (<:NUM:>/<:NUM:>)
Receiving objects: <:NUM:>% (<:NUM:>/<:NUM:>)
Receiving objects: <:NUM:>% (<:NUM:>/<:NUM:>)
Receiving objects: <:NUM:>% (<:NUM:>/<:NUM:>)
Receiving objects: <:NUM:>% (<:NUM:>/<:NUM:>)
Receiving objects: <:NUM:>% (<:NUM:>/<:NUM:>)
Receiving objects: <:NUM:>% (<:NUM:>/<:NUM:>)
Receiving objects: <:NUM:>% (<:NUM:>/<:NUM:>)
Receiving objects: <:NUM:>% (<:NUM:>/<:NUM:>)
Receiving objects: <:NUM:>% (<:NUM:>/<:NUM:>)
Receiving objects: <:NUM:>% (<:NUM:>/<:NUM:>)
Receiving objects: <:NUM:>% (<:NUM:>/<:NUM:>)
Receiving objects: <:NUM:>% (<:NUM:>/<:NUM:>)
Receiving objects: <:NUM:>% (<:NUM:>/<:NUM:>)
Receiving objects: <:NUM:>% (<:NUM:>/<:NUM:>)
Receiving objects: <:NUM:>% (<:NUM:>/<:NUM:>)
Receiving objects: <:NUM:>% (<:NUM:>/<:NUM:>)
Receiving objects: <:NUM:>% (<:NUM:>/<:NUM:>)
Receiving objects: <:NUM:>% (<:NUM:>/<:NUM:>)
Receiving objects: <:NUM:>% (<:NUM:>/<:NUM:>)
Receiving objects: <:NUM:>% (<:NUM:>/<:NUM:>)
Receiving objects: <:NUM:>% (<:NUM:>/<:NUM:>)
Receiving objects: <:NUM:>% (<:NUM:>/<:NUM:>)
Receiving objects: <:NUM:>% (<:NUM:>/<:NUM:>)
Receiving objects: <:NUM:>% (<:NUM:>/<:NUM:>)
Receiving objects: <:NUM:>% (<:NUM:>/<:NUM:>)
Receiving objects: <:NUM:>% (<:NUM:>/<:NUM:>)
Receiving objects: <:NUM:>% (<:NUM:>/<:NUM:>)
Receiving objects: <:NUM:>% (<:NUM:>/<:NUM:>)
Receiving objects: <:NUM:>% (<:NUM:>/<:NUM:>)
Receiving objects: <:NUM:>% (<:NUM:>/<:NUM:>)
Receiving objects: <:NUM:>% (<:NUM:>/<:NUM:>)
Receiving objects: <:NUM:>% (<:NUM:>/<:NUM:>)
Receiving objects: <:NUM:>% (<:NUM:>/<:NUM:>)
Receiving objects: <:NUM:>% (<:NUM:>/<:NUM:>)
Receiving objects: <:NUM:>% (<:NUM:>/<:NUM:>)
Receiving objects: <:NUM:>% (<:NUM:>/<:NUM:>)
Receiving objects: <:NUM:>% (<:NUM:>/<:NUM:>)
Receiving objects: <:NUM:>% (<:NUM:>/<:NUM:>)
Receiving objects: <:NUM:>% (<:NUM:>/<:NUM:>)
Receiving objects: <:NUM:>% (<:NUM:>/<:NUM:>)
Receiving objects: <:NUM:>% (<:NUM:>/<:NUM:>)
Receiving objects: <:NUM:>% (<:NUM:>/<:NUM:>)
Receiving objects: <:NUM:>% (<:NUM:>/<:NUM:>)
Receiving objects: <:NUM:>% (<:NUM:>/<:NUM:>)
Receiving objects: <:NUM:>% (<:NUM:>/<:NUM:>)
Receiving objects: <:NUM:>% (<:NUM:>/<:NUM:>)
Receiving objects: <:NUM:>% (<:NUM:>/<:NUM:>)
Receiving objects: <:NUM:>% (<:NUM:>/<:NUM:>)
Receiving objects: <:NUM:>% (<:NUM:>/<:NUM:>)
Receiving objects: <:NUM:>% (<:NUM:>/<:NUM:>)
Receiving objects: <:NUM:>% (<:NUM:>/<:NUM:>)
Receiving objects: <:NUM:>% (<:NUM:>/<:NUM:>)
Receiving objects: <:NUM:>% (<:NUM:>/<:NUM:>)
Receiving objects: <:NUM:>% (<:NUM:>/<:NUM:>)
Receiving objects: <:NUM:>% (<:NUM:>/<:NUM:>)
Receiving objects: <:NUM:>% (<:NUM:>/<:NUM:>)
Receiving objects: <:NUM:>% (<:NUM:>/<:NUM:>)
Receiving objects: <:NUM:>% (<:NUM:>/<:NUM:>)
Receiving objects: <:NUM:>% (<:NUM:>/<:NUM:>)
Receiving objects: <:NUM:>% (<:NUM:>/<:NUM:>)
Receiving objects: <:NUM:>% (<:NUM:>/<:NUM:>)
Receiving objects: <:NUM:>% (<:NUM:>/<:NUM:>)
Receiving objects: <:NUM:>% (<:NUM:>/<:NUM:>)
Receiving objects: <:NUM:>% (<:NUM:>/<:NUM:>)
Receiving objects: <:NUM:>% (<:NUM:>/<:NUM:>)
Receiving objects: <:NUM:>% (<:NUM:>/<:NUM:>)
Receiving objects: <:NUM:>% (<:NUM:>/<:NUM:>)
remote: Total <:NUM:> (delta <:NUM:>), reused <:NUM:> (delta <:NUM:>), pack-reused <:NUM:> (from <:NUM:>)
Receiving objects: <:NUM:>% (<:NUM:>/<:NUM:>)
Receiving objects: <:NUM:>% (<:NUM:>/<:NUM:>), <:NUM:>.<:NUM:> MiB | <:NUM:>.<:NUM:> MiB/s, done.
Resolving deltas: <:NUM:>% (<:NUM:>/<:NUM:>)
Resolving deltas: <:NUM:>% (<:NUM:>/<:NUM:>)
Resolving deltas: <:NUM:>% (<:NUM:>/<:NUM:>)
Resolving deltas: <:NUM:>% (<:NUM:>/<:NUM:>)
Resolving deltas: <:NUM:>% (<:NUM:>/<:NUM:>)
Resolving deltas: <:NUM:>% (<:NUM:>/<:NUM:>)
Resolving deltas: <:NUM:>% (<:NUM:>/<:NUM:>)
Resolving deltas: <:NUM:>% (<:NUM:>/<:NUM:>)
Resolving deltas: <:NUM:>% (<:NUM:>/<:NUM:>)
Resolving deltas: <:NUM:>% (<:NUM:>/<:NUM:>)
Resolving deltas: <:NUM:>% (<:NUM:>/<:NUM:>)
Resolving deltas: <:NUM:>% (<:NUM:>/<:NUM:>)
Resolving deltas: <:NUM:>% (<:NUM:>/<:NUM:>)
Resolving deltas: <:NUM:>% (<:NUM:>/<:NUM:>)
Resolving deltas: <:NUM:>% (<:NUM:>/<:NUM:>)
Resolving deltas: <:NUM:>% (<:NUM:>/<:NUM:>)
Resolving deltas: <:NUM:>% (<:NUM:>/<:NUM:>)
Resolving deltas: <:NUM:>% (<:NUM:>/<:NUM:>)
Resolving deltas: <:NUM:>% (<:NUM:>/<:NUM:>), done.
From <:*:>
* [new ref] <:SEQ:>-> <:*:>
##[endgroup]
##[group]Determining the checkout info
##[endgroup]
##[group]Checking out the ref
[command]/usr/bin/git checkout --progress --force refs/remotes/pull/<:NUM:>/merge
Note: switching to 'refs/remotes/pull/<:NUM:>/merge'.
2025-02-06T20:45:34.9015310Z
You are in 'detached HEAD' state. You can look around, make experimental
changes and commit them, and you can discard any commits you make in this
state without impacting any branches by switching back to a branch.
2025-02-06T20:45:34.9016884Z
If you want to create a new branch to retain commits you create, you may
do so (now or later) by using -c with the switch command. Example:
2025-02-06T20:45:34.9017908Z
git switch -c <new-branch-name>
2025-02-06T20:45:34.9018192Z
Or undo this operation with:
2025-02-06T20:45:34.9018463Z
git switch -
2025-02-06T20:45:34.9018674Z
Turn off this advice by setting config variable advice.detachedHead to false
2025-02-06T20:45:34.9019197Z
HEAD is now at <:*:> Merge <:SEQ:> into <:SEQ:>
##[endgroup]
[command]/usr/bin/git log <:NUM:> <:*:>
'<:SEQ:>'
##[group]Run <:*:>
with:
python-version: <:*:>
<:*:> true
allow-build: info
check-latest: false
token: ***
<:*:> true
<:*:> false
env:
all-cpython-versions: 2.6, 2.7, 3.2, 3.3, 3.4, 3.5, 3.6, 3.7, 3.8, 3.9, 3.10, 3.11, 3.12
main-cpython-versions: 2.7, 3.2, 3.5, 3.9, 3.11
pypy-versions: pypy-2.7, pypy-3.6, pypy-3.7
cpython-versions: main
test-set: core
next: 3.13
PIP: python -m pip
PIP_DISABLE_PIP_VERSION_CHECK: true
PIP_NO_PYTHON_VERSION_WARNING: true
PIP_TRUSTED_HOST: pypi.python.org pypi.org files.pythonhosted.org
##[endgroup]
##[group]Run <:*:>
with:
python-version: <:*:>
check-latest: false
<:*:> true
allow-build: info
token: ***
<:*:> false
env:
all-cpython-versions: 2.6, 2.7, 3.2, 3.3, 3.4, 3.5, 3.6, 3.7, 3.8, 3.9, 3.10, 3.11, 3.12
main-cpython-versions: 2.7, 3.2, 3.5, 3.9, 3.11
pypy-versions: pypy-2.7, pypy-3.6, pypy-3.7
cpython-versions: main
test-set: core
next: 3.13
PIP: python -m pip
PIP_DISABLE_PIP_VERSION_CHECK: true
PIP_NO_PYTHON_VERSION_WARNING: true
PIP_TRUSTED_HOST: pypi.python.org pypi.org files.pythonhosted.org
##[endgroup]
CPython version 3.2.x is not supported by actions/setup-python.
CPython version 3.2.x will be built from source.
Version range 3.2.x resolved to 3.2.6. Source code uri: https://api.github.com/repos/python/cpython/zipball/refs/tags/v3.2.6
##[group]Trying to use cached built version
Restoring cached version with key CPython3.2.6x64nix...
Received 28364778 of 28364778 (100.0%), 106.1 MBs/sec
Cache Size: ~27 MB (28364778 B)
[command]/usr/bin/tar -xf /home/runner/work/_temp/cb0a6109-f6eb-415b-85f0-d85163a9db99/cache.tzst -P -C /home/runner/work/youtube-dl/youtube-dl --use-compress-program unzstd
Cache restored successfully
CPython 3.2.6 restored from cache.
##[endgroup]
Copying built folder into tool cache.
CPython 3.2.6 for arch x64 successfully installed.
##[group]Performing post-install operations
Installing libssl and libssl-dev version 1.0.2...
[command]/usr/bin/sudo dpkg -i --force-confold /home/runner/work/_temp/6a89e235-0264-4266-8210-4b545d865687
Selecting previously unselected package libssl1.0.0:amd64.
(Reading database ... 275438 files and directories currently installed.)
Preparing to unpack .../6a89e235-0264-4266-8210-4b545d865687 ...
Unpacking libssl1.0.0:amd64 (1.0.2g-1ubuntu4.20) ...
Setting up libssl1.0.0:amd64 (1.0.2g-1ubuntu4.20) ...
Processing triggers for libc-bin (2.31-0ubuntu9.16) ...
[command]/usr/bin/sudo dpkg -i --force-confold /home/runner/work/_temp/8415d9d0-d513-482d-9e59-15f6c5adfb7b
dpkg: warning: downgrading libssl-dev:amd64 from 1.1.1f-1ubuntu2.23 to 1.0.2g-1ubuntu4.20
(Reading database ... 275457 files and directories currently installed.)
Preparing to unpack .../8415d9d0-d513-482d-9e59-15f6c5adfb7b ...
Unpacking libssl-dev:amd64 (1.0.2g-1ubuntu4.20) over (1.1.1f-1ubuntu2.23) ...
Setting up libssl-dev:amd64 (1.0.2g-1ubuntu4.20) ...
Cleanup .deb installers...
Creating python symlinks...
Creating symlink from /opt/hostedtoolcache/Python/3.2.6/x64/bin/python3.2 to /opt/hostedtoolcache/Python/3.2.6/x64/python
Creating symlink from /opt/hostedtoolcache/Python/3.2.6/x64/bin/python3.2 to /opt/hostedtoolcache/Python/3.2.6/x64/bin/python32
Creating symlink from /opt/hostedtoolcache/Python/3.2.6/x64/bin/python3.2 to /opt/hostedtoolcache/Python/3.2.6/x64/bin/python
Adding executable bit to /opt/hostedtoolcache/Python/3.2.6/x64/bin/python3.2
[command]/usr/bin/chmod +x /opt/hostedtoolcache/Python/3.2.6/x64/bin/python3.2
Adding executable bit to /opt/hostedtoolcache/Python/3.2.6/x64/python
[command]/usr/bin/chmod +x /opt/hostedtoolcache/Python/3.2.6/x64/python
Adding executable bit to /opt/hostedtoolcache/Python/3.2.6/x64/bin/python32
[command]/usr/bin/chmod +x /opt/hostedtoolcache/Python/3.2.6/x64/bin/python32
Adding executable bit to /opt/hostedtoolcache/Python/3.2.6/x64/bin/python
[command]/usr/bin/chmod +x /opt/hostedtoolcache/Python/3.2.6/x64/bin/python
Adding executable bit to /opt/hostedtoolcache/Python/3.2.6/x64/bin/python3
[command]/usr/bin/chmod +x /opt/hostedtoolcache/Python/3.2.6/x64/bin/python3
##[endgroup]
Removing temporary build directories...
Build directories successfully removed.
##[group]Run <:*:>
with:
python-version: <:*:>
architecture: x64
check-latest: false
token: ***
<:*:> true
<:*:> false
env:
all-cpython-versions: 2.6, 2.7, 3.2, 3.3, 3.4, 3.5, 3.6, 3.7, 3.8, 3.9, 3.10, 3.11, 3.12
main-cpython-versions: 2.7, 3.2, 3.5, 3.9, 3.11
pypy-versions: pypy-2.7, pypy-3.6, pypy-3.7
cpython-versions: main
test-set: core
next: 3.13
PIP: python -m pip
PIP_DISABLE_PIP_VERSION_CHECK: true
PIP_NO_PYTHON_VERSION_WARNING: true
PIP_TRUSTED_HOST: pypi.python.org pypi.org files.pythonhosted.org
##[endgroup]
##[group]Installed versions
Successfully set up CPython (<:NUM:>.<:NUM:>.<:NUM:>)
##[endgroup]
##[group]Run /home/runner/work/_actions/ytdl-org/setup-python/v1/setup_pip.ps1
[36;1m/home/runner/work/_actions/ytdl-org/setup-python/v1/setup_pip.ps1[0m
shell: /usr/bin/pwsh -command ". '{0}'"
env:
all-cpython-versions: 2.6, 2.7, 3.2, 3.3, 3.4, 3.5, 3.6, 3.7, 3.8, 3.9, 3.10, 3.11, 3.12
main-cpython-versions: 2.7, 3.2, 3.5, 3.9, 3.11
pypy-versions: pypy-2.7, pypy-3.6, pypy-3.7
cpython-versions: main
test-set: core
next: 3.13
PIP: python -m pip
PIP_DISABLE_PIP_VERSION_CHECK: true
PIP_NO_PYTHON_VERSION_WARNING: true
pythonLocation: /opt/hostedtoolcache/Python/<:NUM:>.<:NUM:>.<:NUM:>/x64
PKG CONFIG PATH: /opt/hostedtoolcache/Python/<:NUM:>.<:NUM:>.<:NUM:>/x64/lib/pkgconfig
Python ROOT DIR: /opt/hostedtoolcache/Python/<:NUM:>.<:NUM:>.<:NUM:>/x64
<:*:> ROOT DIR: /opt/hostedtoolcache/Python/<:NUM:>.<:NUM:>.<:NUM:>/x64
<:*:> ROOT DIR: /opt/hostedtoolcache/Python/<:NUM:>.<:NUM:>.<:NUM:>/x64
LD LIBRARY PATH: /opt/hostedtoolcache/Python/<:NUM:>.<:NUM:>.<:NUM:>/x64/lib
PIP_TRUSTED_HOST: pypi.python.org pypi.org files.pythonhosted.org
PYTHON_VERSION: 3.2.6
SETUP_PYTHON_PATH: /opt/hostedtoolcache/Python/3.2.6/x64/bin/python
##[endgroup]
Setting up pip for python 3.2.6 in path /opt/hostedtoolcache/Python/3.2.6/x64/bin/python
Pip is not available for version 3.2.6
Proceed with manual installation at own risk
##[group]Run echo "PYTHONHOME=${pythonLocation}" >> "$GITHUB_ENV"
[36;1mecho "PYTHONHOME=${pythonLocation}" >> "$GITHUB_ENV"[0m
[36;1mexport expected="/opt/hostedtoolcache/Python/3.2.6/x64/bin/python"[0m
[36;1mdirname() { printf '%s\n' \[0m
[36;1m    'import os, sys' \[0m
[36;1m    'print(os.path.dirname(sys.argv[1]))' \[0m
[36;1m    | ${expected} - "$1"; }[0m
[36;1mexpd="$(dirname "$expected")"[0m
[36;1mexport python="$(command -v python)"[0m
[36;1m[ "$expd" = "$(dirname "$python")" ] || echo "PATH=$expd:${PATH}" >> "$GITHUB_ENV"[0m
[36;1m[ -x "$python" ] || printf '%s\n' \[0m
[36;1m    'import os' \[0m
[36;1m    'exp = os.environ["expected"]' \[0m
[36;1m    'python = os.environ["python"]' \[0m
[36;1m    'exps = os.path.split(exp)' \[0m
[36;1m    'if python and (os.path.dirname(python) == exp[0]):' \[0m
[36;1m    '    exit(0)' \[0m
[36;1m    'exps[1] = "python" + os.path.splitext(exps[1])[1]' \[0m
[36;1m    'python = os.path.join(*exps)' \[0m
[36;1m    'try:' \[0m
[36;1m    '    os.symlink(exp, python)' \[0m
[36;1m    'except AttributeError:' \[0m
[36;1m    '    os.rename(exp, python)' \[0m
[36;1m    | ${expected} -[0m
[36;1mprintf '%s\n' \[0m
[36;1m    'import sys' \[0m
[36;1m    'print(sys.path)' \[0m
[36;1m    | ${expected} -[0m
shell: /usr/bin/bash --noprofile --norc -e -o pipefail {<:NUM:>}
env:
all-cpython-versions: 2.6, 2.7, 3.2, 3.3, 3.4, 3.5, 3.6, 3.7, 3.8, 3.9, 3.10, 3.11, 3.12
main-cpython-versions: 2.7, 3.2, 3.5, 3.9, 3.11
pypy-versions: pypy-2.7, pypy-3.6, pypy-3.7
cpython-versions: main
test-set: core
next: 3.13
PIP: python -m pip
PIP_DISABLE_PIP_VERSION_CHECK: true
PIP_NO_PYTHON_VERSION_WARNING: true
pythonLocation: /opt/hostedtoolcache/Python/<:NUM:>.<:NUM:>.<:NUM:>/x64
PKG CONFIG PATH: /opt/hostedtoolcache/Python/<:NUM:>.<:NUM:>.<:NUM:>/x64/lib/pkgconfig
Python ROOT DIR: /opt/hostedtoolcache/Python/<:NUM:>.<:NUM:>.<:NUM:>/x64
<:*:> ROOT DIR: /opt/hostedtoolcache/Python/<:NUM:>.<:NUM:>.<:NUM:>/x64
<:*:> ROOT DIR: /opt/hostedtoolcache/Python/<:NUM:>.<:NUM:>.<:NUM:>/x64
LD LIBRARY PATH: /opt/hostedtoolcache/Python/<:NUM:>.<:NUM:>.<:NUM:>/x64/lib
##[endgroup]
['', '/opt/hostedtoolcache/Python/3.2.6/x64/lib/python32.zip', '/opt/hostedtoolcache/Python/3.2.6/x64/lib/python3.2', '/opt/hostedtoolcache/Python/3.2.6/x64/lib/python3.2/plat-linux2', '/opt/hostedtoolcache/Python/3.2.6/x64/lib/python3.2/lib-dynload', '/opt/hostedtoolcache/Python/3.2.6/x64/lib/python3.2/site-packages']
##[group]Run python -m pip --version || { \
[36;1mpython -m pip --version || { \[0m
[36;1m  curl -L -O "https://bootstrap.pypa.io/pip/3.2/get-pip.py"; \[0m
[36;1m  curl -L -O "https://files.pythonhosted.org/packages/b2/d0/cd115fe345dd6f07ec1c780020a7dfe74966fceeb171e0f20d1d4905b0b7/pip-7.1.2-py2.py3-none-any.whl"; \[0m
[36;1m  python get-pip.py --no-setuptools --no-wheel pip-7.1.2-py2.py3-none-any.whl; }[0m
shell: /usr/bin/bash --noprofile --norc -e -o pipefail {<:NUM:>}
env:
all-cpython-versions: 2.6, 2.7, 3.2, 3.3, 3.4, 3.5, 3.6, 3.7, 3.8, 3.9, 3.10, 3.11, 3.12
main-cpython-versions: 2.7, 3.2, 3.5, 3.9, 3.11
pypy-versions: pypy-2.7, pypy-3.6, pypy-3.7
cpython-versions: main
test-set: core
next: 3.13
PIP: python -m pip
PIP_DISABLE_PIP_VERSION_CHECK: true
PIP_NO_PYTHON_VERSION_WARNING: true
pythonLocation: /opt/hostedtoolcache/Python/<:NUM:>.<:NUM:>.<:NUM:>/x64
PKG CONFIG PATH: /opt/hostedtoolcache/Python/<:NUM:>.<:NUM:>.<:NUM:>/x64/lib/pkgconfig
Python ROOT DIR: /opt/hostedtoolcache/Python/<:NUM:>.<:NUM:>.<:NUM:>/x64
<:*:> ROOT DIR: /opt/hostedtoolcache/Python/<:NUM:>.<:NUM:>.<:NUM:>/x64
<:*:> ROOT DIR: /opt/hostedtoolcache/Python/<:NUM:>.<:NUM:>.<:NUM:>/x64
LD LIBRARY PATH: /opt/hostedtoolcache/Python/<:NUM:>.<:NUM:>.<:NUM:>/x64/lib
PYTHONHOME: /opt/hostedtoolcache/Python/3.2.6/x64
##[endgroup]
/opt/hostedtoolcache/Python/3.2.6/x64/bin/python: No module named pip
% Total    % Received % Xferd  Average Speed   Time    Time     Time  Current
Dload  Upload   Total   Spent    Left  Speed
2025-02-06T20:45:45.3507615Z
0     0    0     0    0     0      0      0 --:--:-- --:--:-- --:--:--     0
100 1363k  100 1363k    0     0  4995k      0 --:--:-- --:--:-- --:--:-- 4995k
% Total    % Received % Xferd  Average Speed   Time    Time     Time  Current
Dload  Upload   Total   Spent    Left  Speed
2025-02-06T20:45:45.6314443Z
0     0    0     0    0     0      0      0 --:--:-- --:--:-- --:--:--     0
100 1085k  100 1085k    0     0  18.5M      0 --:--:-- --:--:-- --:--:-- 18.5M
Processing ./pip-7.1.2-py2.py3-none-any.whl
Installing collected packages: pip
Successfully installed pip-7.1.2
##[group]Run $PIP -qq show nose || { \
[36;1m$PIP -qq show nose || { \[0m
[36;1m  curl -L -O "https://files.pythonhosted.org/packages/15/d8/dd071918c040f50fa1cf80da16423af51ff8ce4a0f2399b7bf8de45ac3d9/nose-1.3.7-py3-none-any.whl"; \[0m
[36;1m  $PIP install nose-1.3.7-py3-none-any.whl; }[0m
shell: /usr/bin/bash --noprofile --norc -e -o pipefail {<:NUM:>}
env:
all-cpython-versions: 2.6, 2.7, 3.2, 3.3, 3.4, 3.5, 3.6, 3.7, 3.8, 3.9, 3.10, 3.11, 3.12
main-cpython-versions: 2.7, 3.2, 3.5, 3.9, 3.11
pypy-versions: pypy-2.7, pypy-3.6, pypy-3.7
cpython-versions: main
test-set: core
next: 3.13
PIP: python -m pip
PIP_DISABLE_PIP_VERSION_CHECK: true
PIP_NO_PYTHON_VERSION_WARNING: true
pythonLocation: /opt/hostedtoolcache/Python/<:NUM:>.<:NUM:>.<:NUM:>/x64
PKG CONFIG PATH: /opt/hostedtoolcache/Python/<:NUM:>.<:NUM:>.<:NUM:>/x64/lib/pkgconfig
Python ROOT DIR: /opt/hostedtoolcache/Python/<:NUM:>.<:NUM:>.<:NUM:>/x64
<:*:> ROOT DIR: /opt/hostedtoolcache/Python/<:NUM:>.<:NUM:>.<:NUM:>/x64
<:*:> ROOT DIR: /opt/hostedtoolcache/Python/<:NUM:>.<:NUM:>.<:NUM:>/x64
LD LIBRARY PATH: /opt/hostedtoolcache/Python/<:NUM:>.<:NUM:>.<:NUM:>/x64/lib
PYTHONHOME: /opt/hostedtoolcache/Python/3.2.6/x64
##[endgroup]
% Total    % Received % Xferd  Average Speed   Time    Time     Time  Current
Dload  Upload   Total   Spent    Left  Speed
2025-02-06T20:45:47.4120988Z
0     0    0     0    0     0      0      0 --:--:-- --:--:-- --:--:--     0
100  151k  100  151k    0     0  4317k      0 --:--:-- --:--:-- --:--:-- 4317k
Processing ./nose-1.3.7-py3-none-any.whl
Installing collected packages: nose
Successfully installed nose-1.3.7
##[group]Run # set PYTHON_VER
[36;1m# set PYTHON_VER[0m
[36;1mPYTHON_VER=3.2[0m
[36;1m[ "${PYTHON_VER#*-}" != "$PYTHON_VER" ] || PYTHON_VER="cpython-${PYTHON_VER}"[0m
[36;1mecho "PYTHON_VER=$PYTHON_VER" >> "$GITHUB_ENV"[0m
[36;1mecho "PYTHON_IMPL=cpython" >> "$GITHUB_ENV"[0m
[36;1m# define a test to validate the Python version used by nosetests[0m
[36;1mprintf '%s\n' \[0m
[36;1m  'from __future__ import unicode_literals' \[0m
[36;1m  'import sys, os, platform' \[0m
[36;1m  'try:' \[0m
[36;1m  '    import unittest2 as unittest' \[0m
[36;1m  'except ImportError:' \[0m
[36;1m  '    import unittest' \[0m
[36;1m  'class TestPython(unittest.TestCase):' \[0m
[36;1m  '    def setUp(self):' \[0m
[36;1m  '        self.ver = os.environ["PYTHON_VER"].split("-")' \[0m
[36;1m  '    def test_python_ver(self):' \[0m
[36;1m  '        self.assertEqual(["%d" % v for v in sys.version_info[:2]], self.ver[-1].split(".")[:2])' \[0m
[36;1m  '        self.assertTrue(sys.version.startswith(self.ver[-1]))' \[0m
[36;1m  '        self.assertIn(self.ver[0], ",".join((sys.version, platform.python_implementation())).lower())' \[0m
[36;1m  '    def test_python_impl(self):' \[0m
[36;1m  '        self.assertIn(platform.python_implementation().lower(), (os.environ["PYTHON_IMPL"], self.ver[0]))' \[0m
[36;1m  > test/test_python.py[0m
shell: /usr/bin/bash --noprofile --norc -e -o pipefail {<:NUM:>}
env:
all-cpython-versions: 2.6, 2.7, 3.2, 3.3, 3.4, 3.5, 3.6, 3.7, 3.8, 3.9, 3.10, 3.11, 3.12
main-cpython-versions: 2.7, 3.2, 3.5, 3.9, 3.11
pypy-versions: pypy-2.7, pypy-3.6, pypy-3.7
cpython-versions: main
test-set: core
next: 3.13
PIP: python -m pip
PIP_DISABLE_PIP_VERSION_CHECK: true
PIP_NO_PYTHON_VERSION_WARNING: true
pythonLocation: /opt/hostedtoolcache/Python/<:NUM:>.<:NUM:>.<:NUM:>/x64
PKG CONFIG PATH: /opt/hostedtoolcache/Python/<:NUM:>.<:NUM:>.<:NUM:>/x64/lib/pkgconfig
Python ROOT DIR: /opt/hostedtoolcache/Python/<:NUM:>.<:NUM:>.<:NUM:>/x64
<:*:> ROOT DIR: /opt/hostedtoolcache/Python/<:NUM:>.<:NUM:>.<:NUM:>/x64
<:*:> ROOT DIR: /opt/hostedtoolcache/Python/<:NUM:>.<:NUM:>.<:NUM:>/x64
LD LIBRARY PATH: /opt/hostedtoolcache/Python/<:NUM:>.<:NUM:>.<:NUM:>/x64/lib
PYTHONHOME: /opt/hostedtoolcache/Python/3.2.6/x64
##[endgroup]
##[group]Run ./devscripts/run_tests.sh
[36;1m./devscripts/run_tests.sh[0m
shell: /usr/bin/bash -e {<:NUM:>}
env:
all-cpython-versions: 2.6, 2.7, 3.2, 3.3, 3.4, 3.5, 3.6, 3.7, 3.8, 3.9, 3.10, 3.11, 3.12
main-cpython-versions: 2.7, 3.2, 3.5, 3.9, 3.11
pypy-versions: pypy-2.7, pypy-3.6, pypy-3.7
cpython-versions: main
test-set: core
next: 3.13
PIP: python -m pip
PIP_DISABLE_PIP_VERSION_CHECK: true
PIP_NO_PYTHON_VERSION_WARNING: true
pythonLocation: /opt/hostedtoolcache/Python/<:NUM:>.<:NUM:>.<:NUM:>/x64
PKG CONFIG PATH: /opt/hostedtoolcache/Python/<:NUM:>.<:NUM:>.<:NUM:>/x64/lib/pkgconfig
Python ROOT DIR: /opt/hostedtoolcache/Python/<:NUM:>.<:NUM:>.<:NUM:>/x64
<:*:> ROOT DIR: /opt/hostedtoolcache/Python/<:NUM:>.<:NUM:>.<:NUM:>/x64
<:*:> ROOT DIR: /opt/hostedtoolcache/Python/<:NUM:>.<:NUM:>.<:NUM:>/x64
LD LIBRARY PATH: /opt/hostedtoolcache/Python/<:NUM:>.<:NUM:>.<:NUM:>/x64/lib
PYTHONHOME: /opt/hostedtoolcache/Python/3.2.6/x64
PYTHON_VER: cpython-3.2
PYTHON_IMPL: cpython
YTDL_TEST_SET: core
##[endgroup]
test_download_json (test.test_InfoExtractor.TestInfoExtractor) ... WARNING: [Dummy] None: Failed to parse JSON No JSON object could be decoded
ok
test_extract_jwplayer_data_realworld (test.test_InfoExtractor.TestInfoExtractor) ... ok
test_html_search_meta (test.test_InfoExtractor.TestInfoExtractor) ... ok
test_html_search_regex (test.test_InfoExtractor.TestInfoExtractor) ... ok
test_ie_key (test.test_InfoExtractor.TestInfoExtractor) ... ok
test_opengraph (test.test_InfoExtractor.TestInfoExtractor) ... ok
test_parse_f4m_formats (test.test_InfoExtractor.TestInfoExtractor) ... ok
test_parse_html5_media_entries (test.test_InfoExtractor.TestInfoExtractor) ... ok
test_parse_m3u8_formats (test.test_InfoExtractor.TestInfoExtractor) ... ok
test_parse_mpd_formats (test.test_InfoExtractor.TestInfoExtractor) ... WARNING: Unknown codec stpp
ok
test_parse_xspf (test.test_InfoExtractor.TestInfoExtractor) ... ok
test_response_with_expected_status_returns_content (test.test_InfoExtractor.TestInfoExtractor) ... ok
test_search_json_ld_realworld (test.test_InfoExtractor.TestInfoExtractor) ... ok
test_search_nextjs_data (test.test_InfoExtractor.TestInfoExtractor) ... ok
test_search_nuxt_data (test.test_InfoExtractor.TestInfoExtractor) ... ok
test_audio_only_extractor_format_selection (test.test_YoutubeDL.TestFormatSelection) ... ok
test_default_format_spec (test.test_YoutubeDL.TestFormatSelection) ... ok
test_format_filtering (test.test_YoutubeDL.TestFormatSelection) ... ok
test_format_not_available (test.test_YoutubeDL.TestFormatSelection) ... ok
test_format_selection (test.test_YoutubeDL.TestFormatSelection) ... ok
test_format_selection_audio (test.test_YoutubeDL.TestFormatSelection) ... ok
test_format_selection_audio_exts (test.test_YoutubeDL.TestFormatSelection) ... ok
test_format_selection_issue_10083 (test.test_YoutubeDL.TestFormatSelection) ... ok
test_format_selection_string_ops (test.test_YoutubeDL.TestFormatSelection) ... ok
test_format_selection_video (test.test_YoutubeDL.TestFormatSelection) ... ok
test_invalid_format_specs (test.test_YoutubeDL.TestFormatSelection) ... ok
test_prefer_free_formats (test.test_YoutubeDL.TestFormatSelection) ... ok
test_youtube_format_selection (test.test_YoutubeDL.TestFormatSelection) ... ok
test_add_extra_info (test.test_YoutubeDL.TestYoutubeDL) ... ok
Test addition of missing upload/release/_date from /release_/timestamp ... ok
test_do_not_override_ie_key_in_url_transparent (test.test_YoutubeDL.TestYoutubeDL) ... ok
test_format_note (test.test_YoutubeDL.TestYoutubeDL) ... ok
test_ignoreerrors_for_playlist_with_url_transparent_iterable_entries (test.test_YoutubeDL.TestYoutubeDL) ... ok
test_match_filter (test.test_YoutubeDL.TestYoutubeDL) ... ok
test_playlist_items_selection (test.test_YoutubeDL.TestYoutubeDL) ... ok
test_postprocessors (test.test_YoutubeDL.TestYoutubeDL) ... ok
test_prepare_filename (test.test_YoutubeDL.TestYoutubeDL) ... ok
test_subtitles (test.test_YoutubeDL.TestYoutubeDL) ... ok
test_urlopen_no_file_protocol (test.test_YoutubeDL.TestYoutubeDL) ... ok
test_add_headers_cookie (test.test_YoutubeDL.TestYoutubeDLCookies) ... WARNING: Passing cookies as a header is a potential security risk; they will be scoped to the domain of the downloaded urls. Please consider loading cookies from a file or browser instead.
ok
test_header_cookies (test.test_YoutubeDL.TestYoutubeDLCookies) ... ok
test_infojson_cookies (test.test_YoutubeDL.TestYoutubeDLCookies) ... WARNING: The extractor result contains an unscoped cookie as an HTTP header. If you are specifying an input URL, ; please report this issue on https://github.com/ytdl-org/youtube-dl/issues , using the appropriate issue template. Make sure you are using the latest version; see  https://github.com/ytdl-org/youtube-dl/#user-content-installation  on how to update. Be sure to call youtube-dl with the --verbose option and include the complete output.
ok
test_get_cookie_header (test.test_YoutubeDLCookieJar.TestYoutubeDLCookieJar) ... ok
test_get_cookies_for_url (test.test_YoutubeDLCookieJar.TestYoutubeDLCookieJar) ... ok
test_keep_session_cookies (test.test_YoutubeDLCookieJar.TestYoutubeDLCookieJar) ... ok
test_malformed_cookies (test.test_YoutubeDLCookieJar.TestYoutubeDLCookieJar) ... WARNING: skipping cookie file entry due to invalid length 6: 'www.foobar.foobar\tFALSE\t/\tFALSE\t0\tCOOKIE\n'
WARNING: skipping cookie file entry due to invalid expires at 1.7976931348623157e+308: 'www.foobar.foobar\tFALSE\t/\tFALSE\t1.7976931348623157e+308\tCOOKIE\tVALUE\n'
ok
test_strip_httponly_prefix (test.test_YoutubeDLCookieJar.TestYoutubeDLCookieJar) ... ok
test_cbc_decrypt (test.test_aes.TestAES) ... ok
test_cbc_encrypt (test.test_aes.TestAES) ... ok
test_decrypt_text (test.test_aes.TestAES) ... ok
test_ecb_encrypt (test.test_aes.TestAES) ... ok
test_encrypt (test.test_aes.TestAES) ... ok
test_facebook_matching (test.test_all_urls.TestAllURLsMatching) ... ok
test_keywords (test.test_all_urls.TestAllURLsMatching) ... ok
test_no_duplicated_ie_names (test.test_all_urls.TestAllURLsMatching) ... ok
test_no_duplicates (test.test_all_urls.TestAllURLsMatching) ... ok
test_pbs (test.test_all_urls.TestAllURLsMatching) ... ok
test_soundcloud_not_matching_sets (test.test_all_urls.TestAllURLsMatching) ... ok
test_tumblr (test.test_all_urls.TestAllURLsMatching) ... ok
test_vimeo_matching (test.test_all_urls.TestAllURLsMatching) ... ok
test_youtube_channel_matching (test.test_all_urls.TestAllURLsMatching) ... ok
test_youtube_feeds (test.test_all_urls.TestAllURLsMatching) ... ok
test_youtube_matching (test.test_all_urls.TestAllURLsMatching) ... ok
test_youtube_playlist_matching (test.test_all_urls.TestAllURLsMatching) ... ok
test_youtube_search_matching (test.test_all_urls.TestAllURLsMatching) ... ok
test_youtube_user_matching (test.test_all_urls.TestAllURLsMatching) ... ok
test_cache (test.test_cache.TestCache) ... ok
test_cache_validation (test.test_cache.TestCache) ... ok
test_all_present (test.test_compat.TestCompat) ... ok
test_compat_casefold (test.test_compat.TestCompat) ... ok
test_compat_etree_Element (test.test_compat.TestCompat) ... ok
test_compat_etree_fromstring (test.test_compat.TestCompat) ... ok
test_compat_etree_fromstring_doctype (test.test_compat.TestCompat) ... ok
test_compat_expanduser (test.test_compat.TestCompat) ... ok
test_compat_getenv (test.test_compat.TestCompat) ... ok
test_compat_setenv (test.test_compat.TestCompat) ... ok
test_compat_shlex_split (test.test_compat.TestCompat) ... ok
test_compat_struct_unpack (test.test_compat.TestCompat) ... ok
test_compat_urllib_parse_unquote (test.test_compat.TestCompat) ... ok
test_compat_urllib_parse_unquote_plus (test.test_compat.TestCompat) ... ok
test_compat_urllib_parse_urlencode (test.test_compat.TestCompat) ... ok
test_compat_urllib_request_Request (test.test_compat.TestCompat) ... ok
test_make_cmd (test.test_downloader_external.TestAria2cFD) ... ok
test_chunked (test.test_downloader_external.TestAria2pFD) ... SKIP: aria2p not found
test_regular (test.test_downloader_external.TestAria2pFD) ... SKIP: aria2p not found
test_make_cmd (test.test_downloader_external.TestAxelFD) ... SKIP: axel not found
test_make_cmd (test.test_downloader_external.TestCurlFD) ... ok
test_make_cmd (test.test_downloader_external.TestFFmpegFD) ... SKIP: ffmpeg not found
test_make_cmd (test.test_downloader_external.TestHttpieFD) ... SKIP: httpie not found
test_make_cmd (test.test_downloader_external.TestWgetFD) ... ok
test_chunked (test.test_downloader_http.TestHttpFD) ... ok
test_regular (test.test_downloader_http.TestHttpFD) ... ok
test_cmdline_umlauts (test.test_execution.TestExecution) ... ok
test_import (test.test_execution.TestExecution) ... ok
test_lazy_extractors (test.test_execution.TestExecution) ... WARNING: Lazy loading extractors is an experimental feature that may not always work
..............
----------------------------------------------------------------------
Ran 14 tests in 11.211s
2025-02-06T20:46:13.7741495Z
OK
ok
test_main_exec (test.test_execution.TestExecution) ... ok
test_module_exec (test.test_execution.TestExecution) ... ok
test_file_urls (test.test_http.TestFileURL) ... ok
test_brotli (test.test_http.TestHTTP) ... SKIP: brotli support is not installed
test_content_type (test.test_http.TestHTTP) ... ok
test_cookiejar (test.test_http.TestHTTP) ... ok
test_deflate (test.test_http.TestHTTP) ... ok
test_gzip (test.test_http.TestHTTP) ... ok
test_gzip_trailing_garbage (test.test_http.TestHTTP) ... ok
test_multiple_encodings (test.test_http.TestHTTP) ... ok
test_no_compression_compat_header (test.test_http.TestHTTP) ... ok
test_nocheckcertificate (test.test_http.TestHTTP) ... ok
test_passed_cookie_header (test.test_http.TestHTTP) ... ok
test_percent_encode (test.test_http.TestHTTP) ... ok
test_redirect (test.test_http.TestHTTP) ... ok
test_remove_dot_segments (test.test_http.TestHTTP) ... ok
test_unicode_path_redirection (test.test_http.TestHTTP) ... ok
test_unsupported_encoding (test.test_http.TestHTTP) ... ok
test_update_req (test.test_http.TestHTTP) ... ok
test_proxy (test.test_http.TestProxy) ... ok
test_proxy_with_idn (test.test_http.TestProxy) ... ok
test_32066 (test.test_jsinterp.TestJSInterpreter) ... ok
test_Date (test.test_jsinterp.TestJSInterpreter) ... ok
test_add (test.test_jsinterp.TestJSInterpreter) ... ok
test_array_access (test.test_jsinterp.TestJSInterpreter) ... ok
test_assignments (test.test_jsinterp.TestJSInterpreter) ... ok
test_basic (test.test_jsinterp.TestJSInterpreter) ... ok
test_bitwise_operators_overflow (test.test_jsinterp.TestJSInterpreter) ... ok
test_bitwise_operators_typecast (test.test_jsinterp.TestJSInterpreter) ... ERROR
test_builtins (test.test_jsinterp.TestJSInterpreter) ... ok
test_calc (test.test_jsinterp.TestJSInterpreter) ... ok
test_call (test.test_jsinterp.TestJSInterpreter) ... ok
test_catch (test.test_jsinterp.TestJSInterpreter) ... ok
test_char_code_at (test.test_jsinterp.TestJSInterpreter) ... ok
test_comma (test.test_jsinterp.TestJSInterpreter) ... ok
test_comments (test.test_jsinterp.TestJSInterpreter) ... ok
test_div (test.test_jsinterp.TestJSInterpreter) ... ok
test_elseif (test.test_jsinterp.TestJSInterpreter) ... ok
test_empty_return (test.test_jsinterp.TestJSInterpreter) ... ok
test_exp (test.test_jsinterp.TestJSInterpreter) ... ok
test_finally (test.test_jsinterp.TestJSInterpreter) ... ok
test_forEach (test.test_jsinterp.TestJSInterpreter) ... ok
test_for_loop (test.test_jsinterp.TestJSInterpreter) ... ok
test_for_loop_break (test.test_jsinterp.TestJSInterpreter) ... ok
test_for_loop_continue (test.test_jsinterp.TestJSInterpreter) ... ok
test_for_loop_try (test.test_jsinterp.TestJSInterpreter) ... ok
test_if (test.test_jsinterp.TestJSInterpreter) ... ok
test_indexing (test.test_jsinterp.TestJSInterpreter) ... ok
test_join (test.test_jsinterp.TestJSInterpreter) ... ok
test_literal_list (test.test_jsinterp.TestJSInterpreter) ... ok
test_mod (test.test_jsinterp.TestJSInterpreter) ... ok
test_morespace (test.test_jsinterp.TestJSInterpreter) ... ok
test_mul (test.test_jsinterp.TestJSInterpreter) ... ok
test_negative (test.test_jsinterp.TestJSInterpreter) ... ok
test_nested_try (test.test_jsinterp.TestJSInterpreter) ... ok
test_null (test.test_jsinterp.TestJSInterpreter) ... ok
test_object (test.test_jsinterp.TestJSInterpreter) ... ok
test_operators (test.test_jsinterp.TestJSInterpreter) ... ok
test_packed (test.test_jsinterp.TestJSInterpreter) ... SKIP: Not yet working
test_parens (test.test_jsinterp.TestJSInterpreter) ... ok
test_pop (test.test_jsinterp.TestJSInterpreter) ... ok
test_precedence (test.test_jsinterp.TestJSInterpreter) ... ok
test_quotes (test.test_jsinterp.TestJSInterpreter) ... ok
test_regex (test.test_jsinterp.TestJSInterpreter) ... ok
test_replace (test.test_jsinterp.TestJSInterpreter) ... ok
test_return_function (test.test_jsinterp.TestJSInterpreter) ... ok
test_shift (test.test_jsinterp.TestJSInterpreter) ... ok
test_slice (test.test_jsinterp.TestJSInterpreter) ... ok
test_split (test.test_jsinterp.TestJSInterpreter) ... ok
test_strange_chars (test.test_jsinterp.TestJSInterpreter) ... ok
test_sub (test.test_jsinterp.TestJSInterpreter) ... ok
test_switch (test.test_jsinterp.TestJSInterpreter) ... ok
test_switch_default (test.test_jsinterp.TestJSInterpreter) ... ok
test_try (test.test_jsinterp.TestJSInterpreter) ... ok
test_typeof (test.test_jsinterp.TestJSInterpreter) ... ok
test_undefined (test.test_jsinterp.TestJSInterpreter) ... ok
test_void (test.test_jsinterp.TestJSInterpreter) ... ok
test_while_loop (test.test_jsinterp.TestJSInterpreter) ... ok
test_netrc_present (test.test_netrc.TestNetRc) ... ok
test_hide_login_info (test.test_options.TestOptions) ... ok
test_format_to_regex (test.test_postprocessors.TestMetadataFromTitle) ... ok
test_python_impl (test.test_python.TestPython) ... ok
test_python_ver (test.test_python.TestPython) ... ok
test_swf_ArrayAccess (test.test_swfinterp.TestSWFInterpreter) ... SKIP: mxmlc not found!
test_swf_ClassCall (test.test_swfinterp.TestSWFInterpreter) ... SKIP: mxmlc not found!
test_swf_ClassConstruction (test.test_swfinterp.TestSWFInterpreter) ... SKIP: mxmlc not found!
test_swf_ConstArrayAccess (test.test_swfinterp.TestSWFInterpreter) ... SKIP: mxmlc not found!
test_swf_ConstantInt (test.test_swfinterp.TestSWFInterpreter) ... SKIP: mxmlc not found!
test_swf_DictCall (test.test_swfinterp.TestSWFInterpreter) ... SKIP: mxmlc not found!
test_swf_EqualsOperator (test.test_swfinterp.TestSWFInterpreter) ... SKIP: mxmlc not found!
test_swf_LocalVars (test.test_swfinterp.TestSWFInterpreter) ... SKIP: mxmlc not found!
test_swf_MemberAssignment (test.test_swfinterp.TestSWFInterpreter) ... SKIP: mxmlc not found!
test_swf_NeOperator (test.test_swfinterp.TestSWFInterpreter) ... SKIP: mxmlc not found!
test_swf_PrivateCall (test.test_swfinterp.TestSWFInterpreter) ... SKIP: mxmlc not found!
test_swf_PrivateVoidCall (test.test_swfinterp.TestSWFInterpreter) ... SKIP: mxmlc not found!
test_swf_StaticAssignment (test.test_swfinterp.TestSWFInterpreter) ... SKIP: mxmlc not found!
test_swf_StaticRetrieval (test.test_swfinterp.TestSWFInterpreter) ... SKIP: mxmlc not found!
test_swf_StringBasics (test.test_swfinterp.TestSWFInterpreter) ... SKIP: mxmlc not found!
test_swf_StringCharCodeAt (test.test_swfinterp.TestSWFInterpreter) ... SKIP: mxmlc not found!
test_swf_StringConversion (test.test_swfinterp.TestSWFInterpreter) ... SKIP: mxmlc not found!
test_dict_get (test.test_traversal.TestTraversal) ... ok
test_get_first (test.test_traversal.TestTraversal) ... ok
test_traversal_morsel (test.test_traversal.TestTraversal) ... ok
test_traversal_unbranching (test.test_traversal.TestTraversal) ... ok
test_traverse_obj (test.test_traversal.TestTraversal) ... ok
test_all_files (test.test_unicode_literals.TestUnicodeLiterals) ... ok
test_rsa_verify (test.test_update.TestUpdate) ... ok
test_LazyList (test.test_utils.TestUtil) ... ok
test_LazyList_laziness (test.test_utils.TestUtil) ... ok
test_age_restricted (test.test_utils.TestUtil) ... ok
test_args_to_str (test.test_utils.TestUtil) ... ok
test_base_url (test.test_utils.TestUtil) ... ok
test_caesar (test.test_utils.TestUtil) ... ok
test_clean_html (test.test_utils.TestUtil) ... ok
test_clean_podcast_url (test.test_utils.TestUtil) ... ok
test_cli_bool_option (test.test_utils.TestUtil) ... ok
test_cli_option (test.test_utils.TestUtil) ... ok
test_cli_valueless_option (test.test_utils.TestUtil) ... ok
test_date_from_str (test.test_utils.TestUtil) ... ok
test_daterange (test.test_utils.TestUtil) ... ok
test_detect_exe_version (test.test_utils.TestUtil) ... ok
test_determine_ext (test.test_utils.TestUtil) ... ok
test_dfxp2srt (test.test_utils.TestUtil) ... ok
test_encode_base_n (test.test_utils.TestUtil) ... ok
test_encode_compat_str (test.test_utils.TestUtil) ... ok
test_escape_rfc3986 (test.test_utils.TestUtil) ... ok
test_escape_url (test.test_utils.TestUtil) ... ok
test_expand_path (test.test_utils.TestUtil) ... ok
test_extract_attributes (test.test_utils.TestUtil) ... ok
test_find_xpath_attr (test.test_utils.TestUtil) ... ok
test_fix_xml_ampersands (test.test_utils.TestUtil) ... ok
test_float_or_none (test.test_utils.TestUtil) ... ok
test_get_element_by_attribute (test.test_utils.TestUtil) ... ok
test_get_element_by_class (test.test_utils.TestUtil) ... ok
test_get_elements_by_attribute (test.test_utils.TestUtil) ... ok
test_get_elements_by_class (test.test_utils.TestUtil) ... ok
test_int_or_none (test.test_utils.TestUtil) ... ok
test_intlist_to_bytes (test.test_utils.TestUtil) ... ok
test_is_html (test.test_utils.TestUtil) ... ok
test_join_nonempty (test.test_utils.TestUtil) ... ok
test_js_to_json_edgecases (test.test_utils.TestUtil) ... ok
test_js_to_json_malformed (test.test_utils.TestUtil) ... ok
test_js_to_json_realworld (test.test_utils.TestUtil) ... ok
test_js_to_json_template_literal (test.test_utils.TestUtil) ... ok
test_js_to_json_vars_strings (test.test_utils.TestUtil) ... ok
test_limit_length (test.test_utils.TestUtil) ... ok
test_lowercase_escape (test.test_utils.TestUtil) ... ok
test_match_str (test.test_utils.TestUtil) ... ok
test_merge_dicts (test.test_utils.TestUtil) ... ok
test_mimetype2ext (test.test_utils.TestUtil) ... ok
test_month_by_name (test.test_utils.TestUtil) ... ok
test_multipart_encode (test.test_utils.TestUtil) ... ok
test_ohdave_rsa_encrypt (test.test_utils.TestUtil) ... ok
test_ordered_set (test.test_utils.TestUtil) ... ok
test_paged_list (test.test_utils.TestUtil) ... ok
test_parse_age_limit (test.test_utils.TestUtil) ... ok
test_parse_bitrate (test.test_utils.TestUtil) ... ok
test_parse_codecs (test.test_utils.TestUtil) ... WARNING: Unknown codec newcodec
WARNING: Unknown codec unknownvcodec
WARNING: Unknown codec unknownacodec
WARNING: Unknown codec unknown
ok
test_parse_count (test.test_utils.TestUtil) ... ok
test_parse_dfxp_time_expr (test.test_utils.TestUtil) ... ok
test_parse_duration (test.test_utils.TestUtil) ... ok
test_parse_filesize (test.test_utils.TestUtil) ... ok
test_parse_iso8601 (test.test_utils.TestUtil) ... ok
test_parse_resolution (test.test_utils.TestUtil) ... ok
test_pkcs1pad (test.test_utils.TestUtil) ... ok
test_prepend_extension (test.test_utils.TestUtil) ... ok
test_read_batch_urls (test.test_utils.TestUtil) ... ok
test_remove_dot_segments (test.test_utils.TestUtil) ... ok
test_remove_end (test.test_utils.TestUtil) ... ok
test_remove_quotes (test.test_utils.TestUtil) ... ok
test_remove_start (test.test_utils.TestUtil) ... ok
test_render_table (test.test_utils.TestUtil) ... ok
test_replace_extension (test.test_utils.TestUtil) ... ok
test_rot47 (test.test_utils.TestUtil) ... ok
test_sanitize_filename (test.test_utils.TestUtil) ... ok
test_sanitize_filename_restricted (test.test_utils.TestUtil) ... ok
test_sanitize_ids (test.test_utils.TestUtil) ... ok
test_sanitize_path (test.test_utils.TestUtil) ... ok
test_sanitize_url (test.test_utils.TestUtil) ... ok
test_sanitized_Request (test.test_utils.TestUtil) ... ok
test_shell_quote (test.test_utils.TestUtil) ... ok
test_smuggle_url (test.test_utils.TestUtil) ... ok
test_str_to_int (test.test_utils.TestUtil) ... ok
test_strip_jsonp (test.test_utils.TestUtil) ... ok
test_strip_or_none (test.test_utils.TestUtil) ... ok
test_subtitles_filename (test.test_utils.TestUtil) ... ok
test_timeconvert (test.test_utils.TestUtil) ... ok
test_try_call (test.test_utils.TestUtil) ... ok
test_unescape_html (test.test_utils.TestUtil) ... ok
test_unified_dates (test.test_utils.TestUtil) ... ok
test_unified_timestamps (test.test_utils.TestUtil) ... ok
test_update_url_query (test.test_utils.TestUtil) ... ok
test_uppercase_escape (test.test_utils.TestUtil) ... ok
test_url_basename (test.test_utils.TestUtil) ... ok
test_url_or_none (test.test_utils.TestUtil) ... ok
test_urlencode_postdata (test.test_utils.TestUtil) ... ok
test_urljoin (test.test_utils.TestUtil) ... ok
test_urshift (test.test_utils.TestUtil) ... ok
test_variadic (test.test_utils.TestUtil) ... ok
test_version_tuple (test.test_utils.TestUtil) ... ok
test_xpath_attr (test.test_utils.TestUtil) ... ok
test_xpath_element (test.test_utils.TestUtil) ... ok
test_xpath_text (test.test_utils.TestUtil) ... ok
test_xpath_with_ns (test.test_utils.TestUtil) ... ok
test_private_info_arg (test.test_verbose_output.TestVerboseOutput) ... ok
test_private_info_eq (test.test_verbose_output.TestVerboseOutput) ... ok
test_private_info_shortarg (test.test_verbose_output.TestVerboseOutput) ... ok
test_private_info_shortarg_eq (test.test_verbose_output.TestVerboseOutput) ... ok
test_youtube_extract (test.test_youtube_misc.TestYoutubeMisc) ... ok
2025-02-06T20:46:28.3149041Z
======================================================================
ERROR: test_bitwise_operators_typecast (test.test_jsinterp.TestJSInterpreter)
----------------------------------------------------------------------
Traceback (most recent call last):
File "/home/runner/work/youtube-dl/youtube-dl/youtube_dl/jsinterp.py", line 583, in _operator
return opfunc(left_val, right_val)
File "/home/runner/work/youtube-dl/youtube-dl/youtube_dl/jsinterp.py", line 80, in wrapped
return op(zeroise(a), zeroise(b)) & 0xffffffff
TypeError: unsupported operand type(s) for <<: 'float' and 'int'
2025-02-06T20:46:28.3162162Z
During handling of the above exception, another exception occurred:
2025-02-06T20:46:28.3162865Z
Traceback (most recent call last):
File "/home/runner/work/youtube-dl/youtube-dl/test/test_jsinterp.py", line 462, in test_bitwise_operators_typecast
self._test('function f(){return 0.0 << null}', 0)
File "/home/runner/work/youtube-dl/youtube-dl/test/test_jsinterp.py", line 25, in _test
got = jsi_or_code.call_function(func, *args)
File "/home/runner/work/youtube-dl/youtube-dl/youtube_dl/jsinterp.py", line 1296, in call_function
return self.extract_function(funcname)(args, kw_global_vars)
File "/home/runner/work/youtube-dl/youtube-dl/youtube_dl/jsinterp.py", line 43, in __call__
return self.func(*args, **kwargs)
File "/home/runner/work/youtube-dl/youtube-dl/youtube_dl/jsinterp.py", line 1320, in resf
ret, should_abort = self.interpret_statement(code.replace('\n', ' '), var_stack, allow_recursion - 1)
File "/home/runner/work/youtube-dl/youtube-dl/youtube_dl/jsinterp.py", line 362, in interpret_statement
ret, should_ret = f(self, stmt, local_vars, allow_recursion, *args, **kwargs)
File "/home/runner/work/youtube-dl/youtube-dl/youtube_dl/jsinterp.py", line 993, in interpret_statement
op_result = self.handle_operators(expr, local_vars, allow_recursion)
File "/home/runner/work/youtube-dl/youtube-dl/youtube_dl/jsinterp.py", line 662, in handle_operators
return self._operator(op, left_val, right_expr, expr, local_vars, allow_recursion), True
File "/home/runner/work/youtube-dl/youtube-dl/youtube_dl/jsinterp.py", line 585, in _operator
raise self.Exception('Failed to evaluate {left_val!r:.50} {op} {right_val!r:.50}'.format(**locals()), expr, cause=e)
youtube_dl.jsinterp.Exception: Failed to evaluate 0.0 << None (caused by TypeError("unsupported operand type(s) for <<: 'float' and 'int'",)); please report this issue on https://github.com/ytdl-org/youtube-dl/issues , using the appropriate issue template. Make sure you are using the latest version; see  https://github.com/ytdl-org/youtube-dl/#user-content-installation  on how to update. Be sure to call youtube-dl with the --verbose option and include the complete output.
2025-02-06T20:46:28.3184120Z
----------------------------------------------------------------------
Ran 304 tests in 39.009s
2025-02-06T20:46:28.3184975Z
FAILED (SKIP=24, errors=1)
##[error]Process completed with exit code 1.
Post job cleanup.
Post job cleanup.
[command]/usr/bin/git version
git version <:NUM:>.<:NUM:>.<:NUM:>
Temporarily overriding HOME='/home/runner/work/_temp/846d6d2e-8f9c-4a18-9c7a-6840d0cbb512' before making global git config changes
Adding repository directory to the temporary git global config as a safe directory
[command]/usr/bin/git config --global --add safe.directory /home/runner/work/youtube-dl/youtube-dl
[command]/usr/bin/git config --local --name-only --get-regexp <:*:>
[command]/usr/bin/git submodule foreach --recursive sh -c "git config --local --name-only --get-regexp <:*:> && git config --local --unset-all <:*:> || :"
[command]/usr/bin/git config --local --name-only --get-regexp <:*:>
http.https://github.com/.extraheader
[command]/usr/bin/git config --local --unset-all http.https://github.com/.extraheader
[command]/usr/bin/git submodule foreach --recursive sh -c "git config --local --name-only --get-regexp <:*:> && git config --local --unset-all <:*:> || :"
Cleaning up orphan processes
