Requested labels: ubuntu-latest
Job defined at: square/okhttp/.github/workflows/build.yml@refs/pull/8737/merge
Waiting for a runner to pick up this job...
Job is waiting for a hosted runner to come online.
Job is about to start running on the hosted runner: GitHub Actions 131 (hosted)
Current runner version: '2.323.0'
##[group]Operating System
Ubuntu
24.04.2
LTS
##[endgroup]
##[group]Runner Image
Image: ubuntu-24.04
Version: 20250406.1.0
Included Software: https://github.com/actions/runner-images/blob/ubuntu24/20250406.1/images/ubuntu/Ubuntu2404-Readme.md
Image Release: https://github.com/actions/runner-images/releases/tag/ubuntu24%2F20250406.1
##[endgroup]
##[group]Runner Image Provisioner
2.0.422.1
##[endgroup]
##[group]GITHUB_TOKEN Permissions
write

##[endgroup]
Actions



'actions/checkout@v4'
Version: 4.2.2
ccb2698953eaebd21c7bf6268a94f9c26518a7e38e27e0b83c1fe1ad049819b1
11bd71901bbe5b1630ceea73d27597364c9af683
##[endgroup]
'actions/setup-java@v4'
Version: 4.7.1
23223d64943473efb4336f60463c0429cd4f422cd5fc6c48a5cf0d5907c1aeac
c5195efecf7bdfc987ee8bae7a71cb8b11521c00
##[endgroup]
'graalvm/setup-graalvm@v1' 01ed653ac833fe80569f1ef9f25585ba2811baab
'gradle/actions@v4' 06832c7b30a0129d7fb559bcc6e43d26f6374244
checkjdk11
actions/checkout@v4

0
square/okhttp



true





false


GRADLE_OPTS: -Dorg.gradle.jvmargs=-Xmx4g -Dorg.gradle.daemon=false -Dkotlin.incremental=false
##[endgroup]
square/okhttp

'/home/runner/work/okhttp/okhttp'

2 49 0
##[endgroup]
Temporarily overriding HOME='/home/runner/work/_temp/7449252c-2653-44b8-92b9-36099deb92b6' before making global git config changes

[command]/usr/bin/git config --global --add safe.directory /home/runner/work/okhttp/okhttp
'/home/runner/work/okhttp/okhttp'

/home/runner/work/okhttp/okhttp










/home/runner/work/okhttp/okhttp/.git/
https://github.com/square/okhttp
##[endgroup]

[command]/usr/bin/git config --local gc.auto 0
##[endgroup]

core\.sshCommand
'core\.sshCommand' 'core.sshCommand'
http\.https\:\/\/github\.com\/\.extraheader
'http\.https\:\/\/github\.com\/\.extraheader' 'http.https://github.com/.extraheader'
--local
##[endgroup]

2 --prune --no-recurse-submodules origin +refs/heads/*:refs/remotes/origin/* +refs/tags/*:refs/tags/* +3cee6b56082bf23b5d5bbcb53a824c4ed4d40abc:refs/remotes/pull/8737/merge
https://github.com/square/okhttp
branch] ase-code-scanning-rollout origin/ase-code-scanning-rollout
branch] enelson-jwilson-pretend-to-be-okio origin/enelson-jwilson-pretend-to-be-okio
branch] feature.peckb.address-policy-max-calls-per-connection origin/feature.peckb.address-policy-max-calls-per-connection
fix reads origin/fix reads
branch] gh-pages origin/gh-pages
branch] ghpages-javadocs origin/ghpages-javadocs
jwilson.0107.spotless ktlint110 origin/jwilson.0107.spotless ktlint110
* [new branch]          jwilson.01206.deflater_other_tests -> origin/jwilson.01206.deflater_other_tests
branch] jwilson.0122.apidump origin/jwilson.0122.apidump
jwilson.0207.split connection origin/jwilson.0207.split connection
jwilson.0326.canceling calls origin/jwilson.0326.canceling calls
branch] jwilson.0409.mockwebserver2015 origin/jwilson.0409.mockwebserver2015
jwilson.0414.skip host origin/jwilson.0414.skip host
jwilson.0422.build 4x origin/jwilson.0422.build 4x
jwilson.0422.release build origin/jwilson.0422.release build
jwilson.0422.release build origin/jwilson.0422.release build 
branch] jwilson.0613.berchmerkz origin/jwilson.0613.berchmerkz
jwilson.1120.no name origin/jwilson.1120.no name
jwilson.1205.submodule fix origin/jwilson.1205.submodule fix
branch] jwilson.1206.deflater origin/jwilson.1206.deflater
kmp again origin/kmp again
branch] master origin/master
okhttp 27 origin/okhttp 27
okhttp 3.10.x origin/okhttp 3.10.x
okhttp 3.11.x origin/okhttp 3.11.x
okhttp 3.12.x origin/okhttp 3.12.x
okhttp 3.13.x origin/okhttp 3.13.x
okhttp 3.14.x origin/okhttp 3.14.x
okhttp 3.9.x origin/okhttp 3.9.x
okhttp 4.0.x origin/okhttp 4.0.x
okhttp 4.1.x origin/okhttp 4.1.x
okhttp 4.10.x origin/okhttp 4.10.x
okhttp 4.2.x origin/okhttp 4.2.x
okhttp 4.3.x origin/okhttp 4.3.x
okhttp 4.4.x origin/okhttp 4.4.x
okhttp 4.9.x origin/okhttp 4.9.x
okhttp 4x origin/okhttp 4x
branch] renovate/bnd origin/renovate/bnd
branch] renovate/com.squareup-kotlinpoet-2.x origin/renovate/com.squareup-kotlinpoet-2.x
branch] renovate/com.squareup.okio origin/renovate/com.squareup.okio
branch] renovate/graalvm origin/renovate/graalvm
branch] renovate/kotlin-monorepo origin/renovate/kotlin-monorepo
branch] renovate/major-bnd origin/renovate/major-bnd
branch] renovate/org.gradle.toolchains.foojay-resolver-convention-0.x origin/renovate/org.gradle.toolchains.foojay-resolver-convention-0.x
branch] renovate/ru.vyarus-gradle-animalsniffer-plugin-2.x origin/renovate/ru.vyarus-gradle-animalsniffer-plugin-2.x
branch] vscode origin/vscode
branch] yschimke-hostnames origin/yschimke-hostnames
tag] 1.3.0 1.3.0
tag] jesse-5.0.0-alpha.11 jesse-5.0.0-alpha.11
tag] jesse-5.0.0-alpha.11.b jesse-5.0.0-alpha.11.b
tag] list list
tag] parent-1.0.0 parent-1.0.0
tag] parent-1.0.1 parent-1.0.1
tag] parent-1.0.2 parent-1.0.2
tag] parent-1.1.0 parent-1.1.0
tag] parent-1.1.1 parent-1.1.1
tag] parent-1.2.0 parent-1.2.0
tag] parent-1.2.1 parent-1.2.1
tag] parent-1.5.0 parent-1.5.0
tag] parent-1.5.1 parent-1.5.1
tag] parent-1.5.2 parent-1.5.2
tag] parent-1.5.3 parent-1.5.3
tag] parent-1.5.4 parent-1.5.4
tag] parent-1.6.0 parent-1.6.0
tag] parent-2.0.0 parent-2.0.0
tag] parent-2.0.0-RC1 parent-2.0.0-RC1
tag] parent-2.0.0-RC2 parent-2.0.0-RC2
tag] parent-2.1.0 parent-2.1.0
tag] parent-2.1.0-RC1 parent-2.1.0-RC1
tag] parent-2.2.0 parent-2.2.0
tag] parent-2.3.0 parent-2.3.0
tag] parent-2.4.0 parent-2.4.0
tag] parent-2.4.0-RC1 parent-2.4.0-RC1
tag] parent-2.5.0 parent-2.5.0
tag] parent-2.6.0 parent-2.6.0
tag] parent-2.7.0 parent-2.7.0
tag] parent-2.7.1 parent-2.7.1
tag] parent-2.7.2 parent-2.7.2
tag] parent-2.7.3 parent-2.7.3
tag] parent-2.7.4 parent-2.7.4
tag] parent-2.7.5 parent-2.7.5
tag] parent-3.0.0 parent-3.0.0
tag] parent-3.0.0-RC1 parent-3.0.0-RC1
tag] parent-3.0.1 parent-3.0.1
tag] parent-3.1.0 parent-3.1.0
tag] parent-3.1.1 parent-3.1.1
tag] parent-3.1.2 parent-3.1.2
tag] parent-3.10.0 parent-3.10.0
tag] parent-3.11.0 parent-3.11.0
tag] parent-3.12.0 parent-3.12.0
tag] parent-3.12.1 parent-3.12.1
tag] parent-3.12.10 parent-3.12.10
tag] parent-3.12.11 parent-3.12.11
tag] parent-3.12.12 parent-3.12.12
tag] parent-3.12.13 parent-3.12.13
tag] parent-3.12.2 parent-3.12.2
tag] parent-3.12.3 parent-3.12.3
tag] parent-3.12.4 parent-3.12.4
tag] parent-3.12.5 parent-3.12.5
tag] parent-3.12.6 parent-3.12.6
tag] parent-3.12.7 parent-3.12.7
tag] parent-3.12.8 parent-3.12.8
tag] parent-3.12.9 parent-3.12.9
tag] parent-3.13.0 parent-3.13.0
tag] parent-3.13.1 parent-3.13.1
tag] parent-3.14.0 parent-3.14.0
tag] parent-3.14.1 parent-3.14.1
tag] parent-3.14.2 parent-3.14.2
tag] parent-3.14.3 parent-3.14.3
tag] parent-3.14.4 parent-3.14.4
tag] parent-3.14.5 parent-3.14.5
tag] parent-3.14.6 parent-3.14.6
tag] parent-3.14.7 parent-3.14.7
tag] parent-3.14.8 parent-3.14.8
tag] parent-3.14.9 parent-3.14.9
tag] parent-3.2.0 parent-3.2.0
tag] parent-3.3.0 parent-3.3.0
tag] parent-3.3.1 parent-3.3.1
tag] parent-3.4.0 parent-3.4.0
tag] parent-3.4.0-RC1 parent-3.4.0-RC1
tag] parent-3.4.1 parent-3.4.1
tag] parent-3.4.2 parent-3.4.2
tag] parent-3.5.0 parent-3.5.0
tag] parent-3.6.0 parent-3.6.0
tag] parent-3.7.0 parent-3.7.0
tag] parent-3.8.0 parent-3.8.0
tag] parent-3.8.1 parent-3.8.1
tag] parent-3.9.0 parent-3.9.0
tag] parent-3.9.1 parent-3.9.1
tag] parent-4.0.0 parent-4.0.0
tag] parent-4.0.0-ALPHA01 parent-4.0.0-ALPHA01
tag] parent-4.0.0-RC1 parent-4.0.0-RC1
tag] parent-4.0.0-RC2 parent-4.0.0-RC2
tag] parent-4.0.0-RC3 parent-4.0.0-RC3
tag] parent-4.0.0-alpha02 parent-4.0.0-alpha02
tag] parent-4.0.1 parent-4.0.1
tag] parent-4.1.0 parent-4.1.0
tag] parent-4.1.1 parent-4.1.1
tag] parent-4.10.0 parent-4.10.0
tag] parent-4.10.0-RC1 parent-4.10.0-RC1
tag] parent-4.11.0 parent-4.11.0
tag] parent-4.12.0 parent-4.12.0
tag] parent-4.2.0 parent-4.2.0
tag] parent-4.2.1 parent-4.2.1
tag] parent-4.2.2 parent-4.2.2
tag] parent-4.3.0 parent-4.3.0
tag] parent-4.3.1 parent-4.3.1
tag] parent-4.4.0 parent-4.4.0
tag] parent-4.4.1 parent-4.4.1
tag] parent-4.5.0 parent-4.5.0
tag] parent-4.5.0-RC1 parent-4.5.0-RC1
tag] parent-4.6.0 parent-4.6.0
tag] parent-4.7.0 parent-4.7.0
tag] parent-4.7.1 parent-4.7.1
tag] parent-4.7.2 parent-4.7.2
tag] parent-4.8.0 parent-4.8.0
tag] parent-4.8.1 parent-4.8.1
tag] parent-4.9.0 parent-4.9.0
tag] parent-4.9.1 parent-4.9.1
tag] parent-4.9.2 parent-4.9.2
tag] parent-4.9.3 parent-4.9.3
tag] parent-5.0.0-alpha.1 parent-5.0.0-alpha.1
tag] parent-5.0.0-alpha.10 parent-5.0.0-alpha.10
tag] parent-5.0.0-alpha.11 parent-5.0.0-alpha.11
tag] parent-5.0.0-alpha.12 parent-5.0.0-alpha.12
tag] parent-5.0.0-alpha.13 parent-5.0.0-alpha.13
tag] parent-5.0.0-alpha.14 parent-5.0.0-alpha.14
tag] parent-5.0.0-alpha.2 parent-5.0.0-alpha.2
tag] parent-5.0.0-alpha.3 parent-5.0.0-alpha.3
tag] parent-5.0.0-alpha.4 parent-5.0.0-alpha.4
tag] parent-5.0.0-alpha.5 parent-5.0.0-alpha.5
tag] parent-5.0.0-alpha.6 parent-5.0.0-alpha.6
tag] parent-5.0.0-alpha.7 parent-5.0.0-alpha.7
tag] parent-5.0.0-alpha.8 parent-5.0.0-alpha.8
tag] parent-5.0.0-alpha.9 parent-5.0.0-alpha.9
3cee6b56082bf23b5d5bbcb53a824c4ed4d40abc  pull/8737/merge
##[endgroup]

##[endgroup]

[command]/usr/bin/git config --local --unset-all extensions.worktreeConfig

8737
8737
2025-04-11T03:05:49.2127438Z



2025-04-11T03:05:49.2129955Z


2025-04-11T03:05:49.2131550Z

2025-04-11T03:05:49.2131993Z

2025-04-11T03:05:49.2132401Z

2025-04-11T03:05:49.2132713Z

2025-04-11T03:05:49.2133529Z
3cee6b560 874ff7d7fd35a4b7ab5d24949d54c9cbdfa5603b 76aeda76c213ef398fe7d5ace10f36562c1fbdd8
##[endgroup]
-1 --format=%H
3cee6b56082bf23b5d5bbcb53a824c4ed4d40abc
actions/setup-java@v4

distribution: zulu
java-version: 11
java-package: jdk

server-id: github
server-username: GITHUB_ACTOR
server-password: GITHUB_TOKEN
overwrite-settings:
job-status: success


GRADLE_OPTS: -Dorg.gradle.jvmargs=-Xmx4g -Dorg.gradle.daemon=false -Dkotlin.incremental=false
##[endgroup]
##[group]Installed distributions
Trying to resolve the latest version from remote
Resolved latest version as 11.0.26+4
Trying to download...
Downloading Java 11.0.26+4 (Zulu) from https://cdn.azul.com/zulu/bin/zulu11.78.15-ca-jdk11.0.26-linux_x64.tar.gz ...
Extracting Java archive...
[command]/usr/bin/tar xz --warning=no-unknown-keyword --overwrite -C /home/runner/work/_temp/488c751d-b2a0-446e-b154-a7adb020f1e1 -f /home/runner/work/_temp/b926636d-54d5-4608-b858-a44df9bc477e
Java 11.0.26+4 was downloaded
Setting Java 11.0.26+4 as the default
Creating toolchains.xml for JDK version 11 from zulu
Writing to /home/runner/.m2/toolchains.xml
2025-04-11T03:05:54.2361649Z
Java configuration:
Distribution: zulu
Version: 11.0.26+4
Path: /opt/hostedtoolcache/Java_Zulu_jdk/11.0.26-4/x64
2025-04-11T03:05:54.2363256Z
##[endgroup]
Creating settings.xml with server-id: github
Writing to /home/runner/.m2/settings.xml
actions/setup-java@v4

distribution: zulu
java-version: 17
java-package: jdk

server-id: github
server-username: GITHUB_ACTOR
server-password: GITHUB_TOKEN
overwrite-settings:
job-status: success


GRADLE_OPTS: -Dorg.gradle.jvmargs=-Xmx4g -Dorg.gradle.daemon=false -Dkotlin.incremental=false
JAVA_HOME: /opt/hostedtoolcache/Java_Zulu_jdk/11.0.26-4/x64
JAVA_HOME_11_X64: /opt/hostedtoolcache/Java_Zulu_jdk/11.0.26-4/x64
##[endgroup]
##[group]Installed distributions
Trying to resolve the latest version from remote
Resolved latest version as 17.0.14+7
Trying to download...
Downloading Java 17.0.14+7 (Zulu) from https://cdn.azul.com/zulu/bin/zulu17.56.15-ca-crac-jdk17.0.14-linux_x64.tar.gz ...
Extracting Java archive...
[command]/usr/bin/tar xz --warning=no-unknown-keyword --overwrite -C /home/runner/work/_temp/77924934-4318-48d6-8a9e-24d9582712bd -f /home/runner/work/_temp/b2e4efd3-6219-4a52-a686-260460a2bc25
Java 17.0.14+7 was downloaded
Setting Java 17.0.14+7 as the default
Creating toolchains.xml for JDK version 17 from zulu
Overwriting existing file /home/runner/.m2/toolchains.xml
2025-04-11T03:05:59.7772121Z
Java configuration:
Distribution: zulu
Version: 17.0.14+7
Path: /opt/hostedtoolcache/Java_Zulu_jdk/17.0.14-7/x64
2025-04-11T03:05:59.7775191Z
##[endgroup]
Creating settings.xml with server-id: github
Overwriting existing file /home/runner/.m2/settings.xml
graalvm/setup-graalvm@v1

distribution: graalvm
java-version: 21
github-token: ***
cache: gradle
native-image-job-reports:
components: native-image
java-package: jdk
set-java-home:
check-for-updates:
native-image-musl:
native-image-pr-reports:
native-image-pr-reports-update-existing:
native-image-enable-sbom:

GRADLE_OPTS: -Dorg.gradle.jvmargs=-Xmx4g -Dorg.gradle.daemon=false -Dkotlin.incremental=false
JAVA_HOME: /opt/hostedtoolcache/Java_Zulu_jdk/17.0.14-7/x64
JAVA_HOME_11_X64: /opt/hostedtoolcache/Java_Zulu_jdk/11.0.26-4/x64
JAVA_HOME_17_X64: /opt/hostedtoolcache/Java_Zulu_jdk/17.0.14-7/x64
##[endgroup]
[command]/usr/bin/tar xz --warning=no-unknown-keyword --overwrite -C /home/runner/work/_temp/771b504e-17db-4f49-94ab-e0cac109c1cb -f /home/runner/work/_temp/b393540b-b59b-42e5-9030-09ce2a82c752
Adding graalvm-jdk-21_linux-x64_bin 21 to tool-cache ...
##[warning]Please remove "components: 'native-image'" from your workflow file. It is automatically included since GraalVM for JDK 17: https://github.com/oracle/graal/pull/5995
gradle cache is not found
##[group]Successfully set up 'graalvm-jdk-21.0.6+8.1'
[command]/opt/hostedtoolcache/graalvm-jdk-21_linux-x64_bin/21.0.0/x64/graalvm-jdk-21.0.6+8.1/bin/java --version
java 21.0.6 2025-01-21 LTS
Java(TM) SE Runtime Environment Oracle GraalVM 21.0.6+8.1 (build 21.0.6+8-LTS-jvmci-23.1-b55)
Java HotSpot(TM) 64-Bit Server VM Oracle GraalVM 21.0.6+8.1 (build 21.0.6+8-LTS-jvmci-23.1-b55, mixed mode, sharing)
##[endgroup]
gradle/actions/setup-gradle@v4

cache-disabled:
cache-read-only:
cache-write-only:
cache-overwrite-existing:
cache-cleanup: on-success
gradle-home-cache-includes: caches
notifications
add-job-summary: always
add-job-summary-as-pr-comment: never
dependency-graph: disabled
dependency-graph-report-dir: dependency-graph-reports
dependency-graph-continue-on-failure:
build-scan-publish:
validate-wrappers:
allow-snapshot-wrappers:
gradle-home-cache-strict-match:
workflow-job-context: null
github-token: ***

GRADLE_OPTS: -Dorg.gradle.jvmargs=-Xmx4g -Dorg.gradle.daemon=false -Dkotlin.incremental=false
JAVA_HOME: /opt/hostedtoolcache/graalvm-jdk-21_linux-x64_bin/21.0.0/x64/graalvm-jdk-21.0.6+8.1
JAVA_HOME_11_X64: /opt/hostedtoolcache/Java_Zulu_jdk/11.0.26-4/x64
JAVA_HOME_17_X64: /opt/hostedtoolcache/Java_Zulu_jdk/17.0.14-7/x64
GRAALVM_HOME: /opt/hostedtoolcache/graalvm-jdk-21_linux-x64_bin/21.0.0/x64/graalvm-jdk-21.0.6+8.1
NATIVE_IMAGE_CONFIG_FILE: /tmp/native-image-options.properties
##[endgroup]
Merged default JDK locations into /home/runner/.m2/toolchains.xml
##[group]Restore Gradle state from cache
Cache hit for: gradle-home-v1|Linux-X64|checkjdk11[debe7e2089933f89baa724f718db4c25]-3cee6b56082bf23b5d5bbcb53a824c4ed4d40abc
Received 4194304 of 24749095 (16.9%), 4.0 MBs/sec
Received 24749095 of 24749095 (100.0%), 19.3 MBs/sec
Cache Size: ~24 MB (24749095 B)
[command]/usr/bin/tar -xf /home/runner/work/_temp/7bbe6c67-f50f-425a-895d-e2fcef30c44e/cache.tzst -P -C /home/runner/work/okhttp/okhttp --use-compress-program unzstd
Cache restored successfully
Restored cache entry with key gradle-home-v1|Linux-X64|checkjdk11[debe7e2089933f89baa724f718db4c25]-3cee6b56082bf23b5d5bbcb53a824c4ed4d40abc to /home/runner/.gradle/caches,/home/runner/.gradle/notifications,/home/runner/.gradle/.setup-gradle in 2086ms
Cache hit for: gradle-kotlin-dsl-v1-40ce75a9feb655a965a1b75886a5851c
Cache hit for: gradle-instrumented-jars-v1-737a1b930abd2515b7524007a6c41f22
Cache hit for: gradle-generated-gradle-jars-v1-697f81ec8d80712ce7da03f513960371
Cache hit for: gradle-transforms-v1-f7e638c46ec95ffbdcb7de3562afa08d
Cache hit for: gradle-dependencies-v1-c295e3ee0586f3321b6f827295e0e0eb
Cache hit for: gradle-wrapper-zips-v1-27b0df0fa405636de00fcbfa0ab79410
Cache hit for: gradle-groovy-dsl-v1-911c2ff7bf28f9032753ebb54d2ebea7
Received 75499 of 75499 (100.0%), 0.3 MBs/sec
Cache Size: ~0 MB (75499 B)
[command]/usr/bin/tar -xf /home/runner/work/_temp/4437f597-4f89-4c83-9201-36cba2340de2/cache.tzst -P -C /home/runner/work/okhttp/okhttp --use-compress-program unzstd
Cache restored successfully
Restored cache entry with key gradle-instrumented-jars-v1-737a1b930abd2515b7524007a6c41f22 to /home/runner/.gradle/caches/jars-*/*/ in 755ms
Received 124767 of 124767 (100.0%), 0.4 MBs/sec
Cache Size: ~0 MB (124767 B)
[command]/usr/bin/tar -xf /home/runner/work/_temp/5bf04e81-2ea2-4524-bbda-30b7612678bf/cache.tzst -P -C /home/runner/work/okhttp/okhttp --use-compress-program unzstd
Cache restored successfully
Restored cache entry with key gradle-groovy-dsl-v1-911c2ff7bf28f9032753ebb54d2ebea7 to /home/runner/.gradle/caches/*/groovy-dsl/*/ in 947ms
Received 2680462 of 2680462 (100.0%), 2.8 MBs/sec
Cache Size: ~3 MB (2680462 B)
[command]/usr/bin/tar -xf /home/runner/work/_temp/ae29f902-b977-4ef1-a9e2-04477d8b09d5/cache.tzst -P -C /home/runner/work/okhttp/okhttp --use-compress-program unzstd
Received 4194304 of 922933473 (0.5%), 4.0 MBs/sec
Received 8388608 of 186820111 (4.5%), 7.9 MBs/sec
Received 4194304 of 172283988 (2.4%), 3.9 MBs/sec
Received 0 of 40868785 (0.0%), 0.0 MBs/sec
Received 40868785 of 40868785 (100.0%), 26.4 MBs/sec
Cache Size: ~39 MB (40868785 B)
[command]/usr/bin/tar -xf /home/runner/work/_temp/7d6bef7b-c36d-44f9-b577-afb6c565177e/cache.tzst -P -C /home/runner/work/okhttp/okhttp --use-compress-program unzstd
Received 104857600 of 922933473 (11.4%), 49.9 MBs/sec
Cache restored successfully
Restored cache entry with key gradle-generated-gradle-jars-v1-697f81ec8d80712ce7da03f513960371 to /home/runner/.gradle/caches/8.13/generated-gradle-jars/gradle-api-8.13.jar in 2573ms
Received 104857600 of 186820111 (56.1%), 49.5 MBs/sec
Received 79691776 of 172283988 (46.3%), 37.4 MBs/sec
Cache restored successfully
Restored cache entry with key gradle-kotlin-dsl-v1-40ce75a9feb655a965a1b75886a5851c to /home/runner/.gradle/caches/*/kotlin-dsl/accessors/*/,/home/runner/.gradle/caches/*/kotlin-dsl/scripts/*/ in 2976ms
Received 192937984 of 922933473 (20.9%), 61.2 MBs/sec
Received 182625807 of 186820111 (97.8%), 57.7 MBs/sec
Received 186820111 of 186820111 (100.0%), 57.9 MBs/sec
Cache Size: ~178 MB (186820111 B)
Received 146800640 of 172283988 (85.2%), 45.7 MBs/sec
[command]/usr/bin/tar -xf /home/runner/work/_temp/c3dc0193-b235-413b-ab1b-28f299f7c182/cache.tzst -P -C /home/runner/work/okhttp/okhttp --use-compress-program unzstd
Received 172283988 of 172283988 (100.0%), 48.6 MBs/sec
Cache Size: ~164 MB (172283988 B)
[command]/usr/bin/tar -xf /home/runner/work/_temp/586093fa-1cd2-4fc5-87ce-d0e2fc438990/cache.tzst -P -C /home/runner/work/okhttp/okhttp --use-compress-program unzstd
Received 272629760 of 922933473 (29.5%), 64.9 MBs/sec
Received 394264576 of 922933473 (42.7%), 75.1 MBs/sec
Received 486539264 of 922933473 (52.7%), 77.3 MBs/sec
Received 566231040 of 922933473 (61.4%), 77.1 MBs/sec
Received 671088640 of 922933473 (72.7%), 79.2 MBs/sec
Cache restored successfully
Restored cache entry with key gradle-wrapper-zips-v1-27b0df0fa405636de00fcbfa0ab79410 to /home/runner/.gradle/wrapper/dists/gradle-8.13-all/54h0s9kvb6g2sinako7ub77ku in 8670ms
Cache restored successfully
Restored cache entry with key gradle-transforms-v1-f7e638c46ec95ffbdcb7de3562afa08d to /home/runner/.gradle/caches/transforms-4/*/,/home/runner/.gradle/caches/*/transforms/*/ in 9137ms
Received 767557632 of 922933473 (83.2%), 80.6 MBs/sec
Received 843055104 of 922933473 (91.3%), 79.7 MBs/sec
Received 922933473 of 922933473 (100.0%), 79.7 MBs/sec
Cache Size: ~880 MB (922933473 B)
[command]/usr/bin/tar -xf /home/runner/work/_temp/324c5657-4711-4b71-bfb2-068fdb612c5d/cache.tzst -P -C /home/runner/work/okhttp/okhttp --use-compress-program unzstd
Cache restored successfully
Restored cache entry with key gradle-dependencies-v1-c295e3ee0586f3321b6f827295e0e0eb to /home/runner/.gradle/caches/modules-*/files-*/*/*/*/* in 13524ms
##[endgroup]
##[group]All Gradle Wrapper jars are valid
âœ“ Found known Gradle Wrapper JAR files:
81a82aaea5abcc8ff68b3dfcb58b3c3c429378efd98e7433460610fecd7ae45f gradle/wrapper/gradle-wrapper.jar
##[endgroup]
##[group]Run ./gradlew check -PandroidBuild=true -PgraalBuild=true -x test -x test
[36;1m./gradlew check -PandroidBuild=true -PgraalBuild=true -x test -x test[0m
0

GRADLE_OPTS: -Dorg.gradle.jvmargs=-Xmx4g -Dorg.gradle.daemon=false -Dkotlin.incremental=false
JAVA_HOME: /opt/hostedtoolcache/graalvm-jdk-21_linux-x64_bin/21.0.0/x64/graalvm-jdk-21.0.6+8.1
JAVA_HOME_11_X64: /opt/hostedtoolcache/Java_Zulu_jdk/11.0.26-4/x64
JAVA_HOME_17_X64: /opt/hostedtoolcache/Java_Zulu_jdk/17.0.14-7/x64
GRAALVM_HOME: /opt/hostedtoolcache/graalvm-jdk-21_linux-x64_bin/21.0.0/x64/graalvm-jdk-21.0.6+8.1
NATIVE_IMAGE_CONFIG_FILE: /tmp/native-image-options.properties
GRADLE_ACTION_ID: gradle/actions/setup-gradle
GRADLE_USER_HOME: /home/runner/.gradle
GRADLE_BUILD_ACTION_SETUP_COMPLETED: true
GRADLE_BUILD_ACTION_CACHE_RESTORED: true
DEVELOCITY_INJECTION_INIT_SCRIPT_NAME: gradle-actions.inject-develocity.init.gradle
DEVELOCITY_AUTO_INJECTION_CUSTOM_VALUE: gradle-actions
GITHUB_DEPENDENCY_GRAPH_ENABLED: false
##[endgroup]
To honour the JVM settings for this build a single-use Daemon process will be forked. For more on this, please refer to https://docs.gradle.org/8.13/userguide/gradle_daemon.html#sec:disabling_the_daemon in the Gradle documentation.
Daemon will be stopped at the end of the build
Type-safe project accessors is an incubating feature.
> Task :buildSrc:checkKotlinGradlePluginConfigurationErrors SKIPPED
> Task :buildSrc:pluginDescriptors
> Task :buildSrc:processResources NO-SOURCE
> Task :buildSrc:compileKotlin
> Task :buildSrc:compileJava NO-SOURCE
> Task :buildSrc:compileGroovy NO-SOURCE
> Task :buildSrc:classes UP-TO-DATE
2025-04-11T03:06:50.5364986Z
> Task :buildSrc:jar
:jar: No valid plugin descriptors were found in META-INF/gradle-plugins
2025-04-11T03:06:55.1356202Z
> Configure project :
warning: Dokka Gradle plugin V1 is deprecated
2025-04-11T03:06:55.1362774Z
Dokka Gradle plugin V1 is deprecated, and will be removed in Dokka version 2.1.0
Please migrate to Dokka Gradle plugin V2. This will require updating your project.
To learn about migrating read the migration guide https://kotl.in/dokka-gradle-migration
2025-04-11T03:06:55.1366522Z
To start migrating to Dokka Gradle plugin V2 add
org.jetbrains.dokka.experimental.gradle.pluginMode=V2EnabledWithHelpers
into your project's `gradle.properties` file.
2025-04-11T03:06:55.1369420Z
We would appreciate your feedback!
- Please report any feedback or problems https://kotl.in/dokka-issues
- Chat with the community visit #dokka in https://kotlinlang.slack.com/ (To sign up visit https://kotl.in/slack)
2025-04-11T03:06:55.1375122Z
2025-04-11T03:07:15.4362762Z
> Configure project :regression-test
w: file:///home/runner/work/okhttp/okhttp/regression-test/build.gradle.kts:13:5: 'targetSdk: Int?' is deprecated. Will be removed from library DSL in v9.0. Use testOptions.targetSdk or/and lint.targetSdk instead
2025-04-11T03:07:18.3356255Z
> Configure project :samples:tlssurvey
ksp-2.1.0-1.0.29 is too old for kotlin-2.1.10. Please upgrade ksp or downgrade kotlin-gradle-plugin to 2.1.0.
ksp-2.1.0-1.0.29 is too old for kotlin-2.1.10. Please upgrade ksp or downgrade kotlin-gradle-plugin to 2.1.0.
ksp-2.1.0-1.0.29 is too old for kotlin-2.1.10. Please upgrade ksp or downgrade kotlin-gradle-plugin to 2.1.0.
ksp-2.1.0-1.0.29 is too old for kotlin-2.1.10. Please upgrade ksp or downgrade kotlin-gradle-plugin to 2.1.0.
2025-04-11T03:07:21.2361465Z
> Task :okhttp-idna-mapping-table:checkKotlinGradlePluginConfigurationErrors SKIPPED
> Task :okhttp:checkKotlinGradlePluginConfigurationErrors SKIPPED
> Task :android-test:preBuild UP-TO-DATE
> Task :android-test:preDebugBuild UP-TO-DATE
> Task :spotlessInternalRegisterDependencies
> Task :android-test:mergeDebugJniLibFolders
> Task :android-test:mergeDebugNativeLibs NO-SOURCE
> Task :android-test:stripDebugDebugSymbols NO-SOURCE
> Task :okhttp:copyKotlinTemplates
> Task :android-test:checkKotlinGradlePluginConfigurationErrors SKIPPED
> Task :android-test:generateDebugResValues
> Task :android-test:generateDebugResources
> Task :android-test:packageDebugResources
> Task :android-test:copyDebugJniLibsProjectAndLocalJars
> Task :okhttp:preBuild UP-TO-DATE
> Task :okhttp:preDebugBuild UP-TO-DATE
> Task :okhttp:generateDebugResValues FROM-CACHE
> Task :okhttp:generateDebugResources
> Task :okhttp:packageDebugResources
> Task :okhttp:parseDebugLocalResources
> Task :android-test:parseDebugLocalResources
> Task :android-test:generateDebugRFile
> Task :okhttp:generateDebugRFile
> Task :android-test:extractDeepLinksForAarDebug
> Task :okhttp:javaPreCompileDebug
> Task :android-test:mergeDebugShaders
> Task :android-test:compileDebugShaders NO-SOURCE
> Task :android-test:generateDebugAssets UP-TO-DATE
> Task :okhttp:mergeDebugJniLibFolders
> Task :okhttp:mergeDebugNativeLibs NO-SOURCE
> Task :android-test:mergeDebugAssets
> Task :okhttp:stripDebugDebugSymbols NO-SOURCE
> Task :android-test:javaPreCompileDebug FROM-CACHE
> Task :okhttp:copyDebugJniLibsProjectAndLocalJars
> Task :android-test:prepareDebugArtProfile
> Task :okhttp:extractDeepLinksForAarDebug FROM-CACHE
> Task :android-test:prepareLintJarForPublish
> Task :okhttp:mergeDebugShaders
> Task :okhttp:compileDebugShaders NO-SOURCE
> Task :okhttp:debugAssetsCopyForAGP NO-SOURCE
> Task :okhttp:generateDebugAssets UP-TO-DATE
> Task :okhttp:mergeDebugAssets
> Task :android-test:writeDebugAarMetadata
> Task :okhttp:prepareDebugArtProfile
> Task :okhttp:prepareLintJarForPublish
2025-04-11T03:07:22.6385378Z
> Task :android-test:processDebugManifest
package="okhttp.android.test" found in source AndroidManifest.xml: /home/runner/work/okhttp/okhttp/android-test/src/main/AndroidManifest.xml.
Setting the namespace via the package attribute in the source AndroidManifest.xml is no longer supported, and the value is ignored.
Recommendation: remove package="okhttp.android.test" from the source AndroidManifest.xml: /home/runner/work/okhttp/okhttp/android-test/src/main/AndroidManifest.xml.
2025-04-11T03:07:22.6398692Z
> Task :android-test:preDebugAndroidTestBuild UP-TO-DATE
> Task :android-test:generateDebugAndroidTestResValues FROM-CACHE
> Task :android-test:writeDebugLintModelMetadata
> Task :okhttp:writeDebugAarMetadata
2025-04-11T03:07:22.6401870Z
> Task :okhttp:processDebugManifest
package="okhttp.okhttp3" found in source AndroidManifest.xml: /home/runner/work/okhttp/okhttp/okhttp/src/androidMain/AndroidManifest.xml.
Setting the namespace via the package attribute in the source AndroidManifest.xml is no longer supported, and the value is ignored.
Recommendation: remove package="okhttp.okhttp3" from the source AndroidManifest.xml: /home/runner/work/okhttp/okhttp/okhttp/src/androidMain/AndroidManifest.xml.
2025-04-11T03:07:22.6407864Z
> Task :logging-interceptor:checkKotlinGradlePluginConfigurationErrors SKIPPED
> Task :android-test:writeFiltersDebugAndroidTest
> Task :logging-interceptor:processResources NO-SOURCE
> Task :logging-interceptor:writeJvmLintModelMetadata
> Task :okhttp:jvmProcessResources
> Task :mockwebserver3:checkKotlinGradlePluginConfigurationErrors SKIPPED
> Task :mockwebserver3-junit4:checkKotlinGradlePluginConfigurationErrors SKIPPED
> Task :mockwebserver3:processResources NO-SOURCE
> Task :mockwebserver3-junit4:processResources NO-SOURCE
> Task :mockwebserver3:writeJvmLintModelMetadata
> Task :mockwebserver3-junit4:writeJvmLintModelMetadata
> Task :mockwebserver3-junit5:checkKotlinGradlePluginConfigurationErrors SKIPPED
> Task :okhttp:writeDebugLintModelMetadata
> Task :okhttp-brotli:checkKotlinGradlePluginConfigurationErrors SKIPPED
> Task :okhttp-brotli:processResources NO-SOURCE
> Task :mockwebserver3-junit5:processResources
> Task :okhttp-brotli:writeJvmLintModelMetadata
> Task :mockwebserver3-junit5:writeJvmLintModelMetadata
> Task :okhttp-dnsoverhttps:checkKotlinGradlePluginConfigurationErrors SKIPPED
> Task :okhttp-sse:checkKotlinGradlePluginConfigurationErrors SKIPPED
> Task :okhttp-sse:processResources NO-SOURCE
> Task :okhttp-dnsoverhttps:processResources NO-SOURCE
> Task :okhttp-sse:writeJvmLintModelMetadata
> Task :okhttp-dnsoverhttps:writeJvmLintModelMetadata
> Task :okhttp-tls:checkKotlinGradlePluginConfigurationErrors SKIPPED
> Task :okhttp-testing-support:checkKotlinGradlePluginConfigurationErrors SKIPPED
> Task :okhttp-tls:processResources NO-SOURCE
> Task :okhttp-testing-support:processResources
> Task :okhttp-tls:writeJvmLintModelMetadata
> Task :okhttp-testing-support:writeJvmLintModelMetadata
> Task :android-test:extractProguardFiles
> Task :android-test:preDebugUnitTestBuild UP-TO-DATE
> Task :okhttp:extractProguardFiles
> Task :okhttp:preDebugAndroidTestBuild UP-TO-DATE
> Task :okhttp:generateDebugAndroidTestResValues FROM-CACHE
> Task :okhttp-idna-mapping-table:processResources
> Task :okhttp:preDebugUnitTestBuild UP-TO-DATE
> Task :okhttp:preReleaseBuild UP-TO-DATE
> Task :okhttp:mergeReleaseJniLibFolders
> Task :okhttp:mergeReleaseNativeLibs NO-SOURCE
> Task :okhttp:stripReleaseDebugSymbols NO-SOURCE
> Task :okhttp:copyReleaseJniLibsProjectAndLocalJars
> Task :okhttp:generateReleaseResValues FROM-CACHE
> Task :okhttp:extractDeepLinksForAarRelease FROM-CACHE
> Task :okhttp:generateReleaseResources
> Task :android-test-app:buildKotlinToolingMetadata
> Task :android-test-app:checkKotlinGradlePluginConfigurationErrors SKIPPED
> Task :android-test-app:preBuild UP-TO-DATE
> Task :android-test-app:preReleaseBuild UP-TO-DATE
> Task :okhttp:packageReleaseResources
> Task :android-test-app:generateReleaseResValues FROM-CACHE
> Task :okhttp:parseReleaseLocalResources FROM-CACHE
> Task :okhttp:generateReleaseRFile FROM-CACHE
> Task :okhttp:mergeReleaseShaders
> Task :okhttp:compileReleaseShaders NO-SOURCE
> Task :okhttp:generateReleaseAssets UP-TO-DATE
> Task :okhttp:releaseAssetsCopyForAGP NO-SOURCE
> Task :okhttp:mergeReleaseAssets
> Task :okhttp:javaPreCompileRelease FROM-CACHE
> Task :okhttp:prepareReleaseArtProfile
> Task :okhttp:processReleaseManifest FROM-CACHE
> Task :okhttp:writeReleaseAarMetadata
> Task :okhttp:extractDeepLinksRelease
> Task :okhttp:writeReleaseLintModelMetadata
> Task :okhttp:preReleaseUnitTestBuild UP-TO-DATE
> Task :container-tests:check
> Task :logging-interceptor:sympathyForMrMaven
> Task :mockwebserver:checkKotlinGradlePluginConfigurationErrors SKIPPED
> Task :mockwebserver:processResources NO-SOURCE
> Task :mockwebserver:sympathyForMrMaven
> Task :mockwebserver3:sympathyForMrMaven
> Task :mockwebserver3-junit4:sympathyForMrMaven
> Task :mockwebserver3-junit5:sympathyForMrMaven
> Task :native-image-tests:checkKotlinGradlePluginConfigurationErrors SKIPPED
> Task :okhttp-java-net-cookiejar:checkKotlinGradlePluginConfigurationErrors SKIPPED
> Task :okhttp-java-net-cookiejar:processResources NO-SOURCE
> Task :native-image-tests:processResources NO-SOURCE
> Task :mockwebserver:writeJvmLintModelMetadata
> Task :okhttp-java-net-cookiejar:writeJvmLintModelMetadata
> Task :native-image-tests:sympathyForMrMaven
> Task :okcurl:checkKotlinGradlePluginConfigurationErrors SKIPPED
> Task :okcurl:copyResourcesTemplates
> Task :okcurl:processResources
> Task :okcurl:sympathyForMrMaven
> Task :okhttp-coroutines:checkKotlinGradlePluginConfigurationErrors SKIPPED
> Task :okhttp-coroutines:processResources NO-SOURCE
> Task :okhttp-urlconnection:checkKotlinGradlePluginConfigurationErrors SKIPPED
> Task :okhttp-urlconnection:processResources NO-SOURCE
> Task :okhttp:jvmTestProcessResources
> Task :android-test-app:mapReleaseSourceSetPaths
> Task :okhttp:checkDebugUnitTestAarMetadata
> Task :android-test-app:checkReleaseAarMetadata
> Task :android-test-app:generateReleaseResources
> Task :okhttp:compileDebugLibraryResources
> Task :okhttp:generateDebugUnitTestResValues FROM-CACHE
> Task :okhttp:mapDebugUnitTestSourceSetPaths
> Task :okhttp:generateDebugUnitTestResources
> Task :okhttp:mergeDebugUnitTestResources
> Task :android-test-app:packageReleaseResources
> Task :android-test-app:parseReleaseLocalResources
> Task :android-test-app:createReleaseCompatibleScreenManifests
> Task :android-test-app:extractDeepLinksRelease FROM-CACHE
> Task :android-test-app:mergeReleaseResources
> Task :okhttp:extractDeepLinksDebug FROM-CACHE
> Task :okhttp:processDebugUnitTestManifest
2025-04-11T03:07:27.3393351Z
> Task :android-test-app:processReleaseMainManifest
package="okhttp.android.testapp" found in source AndroidManifest.xml: /home/runner/work/okhttp/okhttp/android-test-app/src/main/AndroidManifest.xml.
Setting the namespace via the package attribute in the source AndroidManifest.xml is no longer supported, and the value is ignored.
Recommendation: remove package="okhttp.android.testapp" from the source AndroidManifest.xml: /home/runner/work/okhttp/okhttp/android-test-app/src/main/AndroidManifest.xml.
2025-04-11T03:07:27.5355211Z
> Task :android-test-app:processReleaseManifest
> Task :android-test-app:processReleaseManifestForPackage
> Task :okhttp:processDebugUnitTestResources
> Task :android-test-app:javaPreCompileRelease FROM-CACHE
> Task :android-test-app:preReleaseAndroidTestBuild SKIPPED
> Task :android-test-app:generateReleaseAndroidTestResValues FROM-CACHE
> Task :android-test-app:extractProguardFiles
> Task :android-test-app:preReleaseUnitTestBuild UP-TO-DATE
> Task :okhttp:javaPreCompileDebugUnitTest FROM-CACHE
> Task :okhttp:generateDebugUnitTestAssets UP-TO-DATE
> Task :okhttp:mergeDebugUnitTestAssets
> Task :okhttp:packageDebugUnitTestForUnitTest
> Task :okhttp:generateDebugUnitTestConfig
> Task :okhttp:checkReleaseUnitTestAarMetadata
> Task :okhttp:compileReleaseLibraryResources
> Task :okhttp:generateReleaseUnitTestResValues FROM-CACHE
> Task :okhttp:mapReleaseUnitTestSourceSetPaths
> Task :okhttp:generateReleaseUnitTestResources
> Task :okhttp:mergeReleaseUnitTestResources
> Task :android-test-app:processReleaseResources
> Task :okhttp-bom:check UP-TO-DATE
> Task :okhttp:processReleaseUnitTestManifest
> Task :okhttp-brotli:sympathyForMrMaven
> Task :okhttp-coroutines:sympathyForMrMaven
> Task :okhttp:javaPreCompileReleaseUnitTest FROM-CACHE
> Task :okhttp:generateReleaseUnitTestAssets UP-TO-DATE
> Task :okhttp:mergeReleaseUnitTestAssets
> Task :okhttp:compileJava NO-SOURCE
> Task :okhttp:processResources
> Task :okhttp:classes
> Task :okhttp:processReleaseUnitTestResources
> Task :okhttp-dnsoverhttps:sympathyForMrMaven
> Task :okhttp-hpacktests:checkKotlinGradlePluginConfigurationErrors SKIPPED
> Task :okhttp-hpacktests:compileKotlin NO-SOURCE
> Task :okhttp-hpacktests:compileJava NO-SOURCE
> Task :okhttp-hpacktests:processResources NO-SOURCE
> Task :okhttp-hpacktests:classes UP-TO-DATE
> Task :okhttp-hpacktests:animalsnifferMain SKIPPED
> Task :okhttp-hpacktests:checkstyleMain NO-SOURCE
> Task :okhttp-hpacktests:generateJvmMainLintModel
> Task :okhttp-hpacktests:jar
2025-04-11T03:07:30.4367306Z
> Task :okhttp:animalsnifferMain
[/home/runner/work/okhttp/okhttp/okhttp/src/androidDebug/kotlin, /home/runner/work/okhttp/okhttp/okhttp/src/debug/java, /home/runner/work/okhttp/okhttp/okhttp/src/debug/kotlin]
[/home/runner/work/okhttp/okhttp/okhttp/src/androidInstrumentedTest/kotlin, /home/runner/work/okhttp/okhttp/okhttp/src/androidTest/java, /home/runner/work/okhttp/okhttp/okhttp/src/androidTest/kotlin]
[/home/runner/work/okhttp/okhttp/okhttp/src/androidInstrumentedTestDebug/kotlin, /home/runner/work/okhttp/okhttp/okhttp/src/androidTestDebug/java, /home/runner/work/okhttp/okhttp/okhttp/src/androidTestDebug/kotlin]
[/home/runner/work/okhttp/okhttp/okhttp/src/androidMain/kotlin, /home/runner/work/okhttp/okhttp/okhttp/src/main/java, /home/runner/work/okhttp/okhttp/okhttp/src/main/kotlin]
[/home/runner/work/okhttp/okhttp/okhttp/src/androidRelease/kotlin, /home/runner/work/okhttp/okhttp/okhttp/src/release/java, /home/runner/work/okhttp/okhttp/okhttp/src/release/kotlin]
[/home/runner/work/okhttp/okhttp/okhttp/src/androidUnitTest/kotlin, /home/runner/work/okhttp/okhttp/okhttp/src/test/java, /home/runner/work/okhttp/okhttp/okhttp/src/test/kotlin]
[/home/runner/work/okhttp/okhttp/okhttp/src/androidUnitTestDebug/kotlin, /home/runner/work/okhttp/okhttp/okhttp/src/testDebug/java, /home/runner/work/okhttp/okhttp/okhttp/src/testDebug/kotlin]
[/home/runner/work/okhttp/okhttp/okhttp/src/androidUnitTestRelease/kotlin, /home/runner/work/okhttp/okhttp/okhttp/src/testRelease/java, /home/runner/work/okhttp/okhttp/okhttp/src/testRelease/kotlin]
[/home/runner/work/okhttp/okhttp/okhttp/src/commonJvmAndroid/kotlin, /home/runner/work/okhttp/okhttp/okhttp/build/generated/sources/kotlinTemplates, /home/runner/work/okhttp/okhttp/okhttp/build/generated/sources/idnaMappingTable]
[/home/runner/work/okhttp/okhttp/okhttp/src/commonMain/kotlin]
[/home/runner/work/okhttp/okhttp/okhttp/src/commonTest/kotlin]
[/home/runner/work/okhttp/okhttp/okhttp/src/jvmMain/kotlin]
[/home/runner/work/okhttp/okhttp/okhttp/src/jvmTest/kotlin]
2025-04-11T03:07:33.6357351Z
> Task :okhttp:packageReleaseUnitTestForUnitTest
> Task :okhttp:generateReleaseUnitTestConfig
> Task :okhttp:klibApiExtractForValidation SKIPPED
> Task :okhttp:klibApiMerge SKIPPED
> Task :okhttp:klibApiCheck SKIPPED
> Task :okhttp:checkstyleMain NO-SOURCE
2025-04-11T03:07:33.6362754Z
> Task :okhttp:sympathyForMrMaven
[maven-sympathy] No configurations detected!
2025-04-11T03:07:34.0359740Z
> Task :okhttp-hpacktests:sympathyForMrMaven
> Task :okhttp-idna-mapping-table:sympathyForMrMaven
> Task :okhttp-java-net-cookiejar:sympathyForMrMaven
> Task :okhttp-osgi-tests:checkKotlinGradlePluginConfigurationErrors SKIPPED
> Task :okhttp-osgi-tests:processResources NO-SOURCE
> Task :okhttp-coroutines:writeJvmLintModelMetadata
> Task :okhttp-urlconnection:writeJvmLintModelMetadata
> Task :okhttp-osgi-tests:sympathyForMrMaven
> Task :okhttp-sse:sympathyForMrMaven
> Task :okhttp-testing-support:sympathyForMrMaven
> Task :okhttp-tls:sympathyForMrMaven
> Task :okhttp-urlconnection:sympathyForMrMaven
> Task :regression-test:preBuild UP-TO-DATE
> Task :regression-test:preDebugBuild UP-TO-DATE
> Task :regression-test:mergeDebugJniLibFolders
> Task :regression-test:mergeDebugNativeLibs NO-SOURCE
> Task :regression-test:stripDebugDebugSymbols NO-SOURCE
> Task :regression-test:copyDebugJniLibsProjectAndLocalJars
> Task :regression-test:checkKotlinGradlePluginConfigurationErrors SKIPPED
> Task :regression-test:generateDebugResValues FROM-CACHE
> Task :regression-test:generateDebugResources
> Task :regression-test:packageDebugResources
> Task :regression-test:parseDebugLocalResources
> Task :regression-test:generateDebugRFile
> Task :regression-test:compileDebugKotlin NO-SOURCE
> Task :regression-test:extractDebugAnnotations
> Task :regression-test:extractDeepLinksForAarDebug FROM-CACHE
> Task :regression-test:mergeDebugShaders
> Task :regression-test:compileDebugShaders NO-SOURCE
> Task :regression-test:generateDebugAssets UP-TO-DATE
> Task :regression-test:mergeDebugAssets
> Task :regression-test:javaPreCompileDebug FROM-CACHE
> Task :regression-test:compileDebugJavaWithJavac NO-SOURCE
> Task :regression-test:mergeDebugGeneratedProguardFiles
> Task :regression-test:mergeDebugConsumerProguardFiles
> Task :regression-test:prepareDebugArtProfile
> Task :regression-test:prepareLintJarForPublish
2025-04-11T03:07:37.2367698Z
> Task :regression-test:processDebugManifest
package="okhttp.android.regression" found in source AndroidManifest.xml: /home/runner/work/okhttp/okhttp/regression-test/src/main/AndroidManifest.xml.
Setting the namespace via the package attribute in the source AndroidManifest.xml is no longer supported, and the value is ignored.
Recommendation: remove package="okhttp.android.regression" from the source AndroidManifest.xml: /home/runner/work/okhttp/okhttp/regression-test/src/main/AndroidManifest.xml.
2025-04-11T03:07:37.2378017Z
> Task :regression-test:processDebugJavaRes NO-SOURCE
> Task :regression-test:mergeDebugJavaResource
> Task :regression-test:syncDebugLibJars
> Task :regression-test:writeDebugAarMetadata
2025-04-11T03:07:37.4361545Z
> Task :okhttp-idna-mapping-table:compileKotlin
w: Opt-in requirement marker okhttp3.ExperimentalOkHttpApi is unresolved. Please make sure it's present in the module dependencies
2025-04-11T03:07:37.5356032Z
> Task :regression-test:bundleDebugLocalLintAar
> Task :okhttp-idna-mapping-table:compileJava NO-SOURCE
> Task :okhttp-idna-mapping-table:classes
> Task :regression-test:bundleLibRuntimeToJarDebug
> Task :regression-test:createFullJarDebug
> Task :regression-test:preDebugAndroidTestBuild UP-TO-DATE
> Task :regression-test:generateDebugAndroidTestResValues FROM-CACHE
> Task :regression-test:writeDebugLintModelMetadata
> Task :okhttp-idna-mapping-table:jar
> Task :okhttp:generateIdnaMappingTable
> Task :regression-test:generateDebugAndroidTestLintModel
2025-04-11T03:07:41.6358643Z
> Task :okhttp-idna-mapping-table:animalsnifferMain
2025-04-11T03:07:41.6373709Z
7 AnimalSniffer violations were found in 4 files. See the report at: file:////home/runner/work/okhttp/okhttp/okhttp-idna-mapping-table/build/reports/animalsniffer/main.text
2025-04-11T03:07:41.6381794Z
[Undefined reference | android-api-level-21-5.0.1_r2] okhttp3.internal.idn.(GenerateIdnaMappingTableCode.kt:86)
>> java.util.stream.IntStream String.codePoints()
2025-04-11T03:07:41.6387218Z
[Undefined reference | android-api-level-21-5.0.1_r2] okhttp3.internal.idn.(GenerateIdnaMappingTableCode.kt:86)
>> java.util.PrimitiveIterator.OfInt java.util.stream.IntStream.iterator()
2025-04-11T03:07:41.6402188Z
[Undefined reference | android-api-level-21-5.0.1_r2] okhttp3.internal.idn.(GenerateIdnaMappingTableCode.kt:86)
>> boolean java.util.PrimitiveIterator.OfInt.hasNext()
2025-04-11T03:07:41.6404994Z
[Undefined reference | android-api-level-21-5.0.1_r2] okhttp3.internal.idn.(GenerateIdnaMappingTableCode.kt:86)
>> Integer java.util.PrimitiveIterator.OfInt.next()
2025-04-11T03:07:41.6407136Z
[Undefined reference | android-api-level-21-5.0.1_r2] okhttp3.internal.idn.(MappedRange.kt:1)
>> int Integer.hashCode(int)
2025-04-11T03:07:41.6408798Z
[Undefined reference | android-api-level-21-5.0.1_r2] okhttp3.internal.idn.(SimpleIdnaMappingTable.kt:1)
>> int Integer.hashCode(int)
2025-04-11T03:07:41.6410938Z
[Undefined reference | android-api-level-21-5.0.1_r2] okhttp3.internal.idn.(MappingTables.kt:116)
>> java.util.stream.IntStream String.codePoints()
2025-04-11T03:07:41.6413527Z
2025-04-11T03:07:44.9357098Z
> Task :okhttp-hpacktests:lintAnalyzeJvmMain
> Task :spotlessKotlin
> Task :okhttp:compileDebugKotlinAndroid
> Task :okhttp:compileKotlinJvm
> Task :okhttp:compileReleaseKotlinAndroid
> Task :spotlessKotlinCheck
> Task :spotlessCheck
> Task :check
> Task :okhttp-idna-mapping-table:checkstyleMain NO-SOURCE
> Task :okhttp-idna-mapping-table:generateJvmMainLintModel
> Task :okhttp-idna-mapping-table:generateJvmTestLintModel
> Task :okhttp-idna-mapping-table:lintAnalyzeJvmMain
2025-04-11T03:08:36.5355210Z
> Task :okhttp:compileDebugKotlinAndroid
w: file:///home/runner/work/okhttp/okhttp/okhttp/src/androidMain/kotlin/okhttp3/internal/platform/PlatformRegistry.kt:21:1 'expect'/'actual' classes (including interfaces, objects, annotations, enums, and 'actual' typealiases) are in Beta. You can use -Xexpect-actual-classes flag to suppress this warning. Also see: https://youtrack.jetbrains.com/issue/KT-61573
w: file:///home/runner/work/okhttp/okhttp/okhttp/src/commonJvmAndroid/kotlin/okhttp3/internal/-HeadersCommon.kt:176:13 Condition is always 'true'.
w: file:///home/runner/work/okhttp/okhttp/okhttp/src/commonJvmAndroid/kotlin/okhttp3/internal/-HeadersCommon.kt:205:33 Unchecked cast of 'kotlin.Array<kotlin.String?>' to 'kotlin.Array<kotlin.String>'.
w: file:///home/runner/work/okhttp/okhttp/okhttp/src/commonJvmAndroid/kotlin/okhttp3/internal/-ResponseCommon.kt:83:1 '@JvmOverloads' annotation has no effect for methods without default arguments.
w: file:///home/runner/work/okhttp/okhttp/okhttp/src/commonJvmAndroid/kotlin/okhttp3/internal/SuppressSignatureCheck.kt:25:1 This annotation is deprecated in Kotlin. Use '@kotlin.annotation.MustBeDocumented' instead.
w: file:///home/runner/work/okhttp/okhttp/okhttp/src/commonJvmAndroid/kotlin/okhttp3/internal/http/BridgeInterceptor.kt:99:11 Condition is always 'true'.
w: file:///home/runner/work/okhttp/okhttp/okhttp/src/commonJvmAndroid/kotlin/okhttp3/internal/platform/PlatformRegistry.kt:3:1 'expect'/'actual' classes (including interfaces, objects, annotations, enums, and 'actual' typealiases) are in Beta. You can use -Xexpect-actual-classes flag to suppress this warning. Also see: https://youtrack.jetbrains.com/issue/KT-61573
2025-04-11T03:08:36.8355017Z
> Task :okhttp-idna-mapping-table:lintAnalyzeJvmTest
2025-04-11T03:08:36.8356834Z
> Task :okhttp:compileKotlinJvm
w: file:///home/runner/work/okhttp/okhttp/okhttp/src/commonJvmAndroid/kotlin/okhttp3/internal/-HeadersCommon.kt:176:13 Condition is always 'true'.
w: file:///home/runner/work/okhttp/okhttp/okhttp/src/commonJvmAndroid/kotlin/okhttp3/internal/-HeadersCommon.kt:205:33 Unchecked cast of 'kotlin.Array<kotlin.String?>' to 'kotlin.Array<kotlin.String>'.
w: file:///home/runner/work/okhttp/okhttp/okhttp/src/commonJvmAndroid/kotlin/okhttp3/internal/-ResponseCommon.kt:83:1 '@JvmOverloads' annotation has no effect for methods without default arguments.
w: file:///home/runner/work/okhttp/okhttp/okhttp/src/commonJvmAndroid/kotlin/okhttp3/internal/SuppressSignatureCheck.kt:25:1 This annotation is deprecated in Kotlin. Use '@kotlin.annotation.MustBeDocumented' instead.
w: file:///home/runner/work/okhttp/okhttp/okhttp/src/commonJvmAndroid/kotlin/okhttp3/internal/http/BridgeInterceptor.kt:99:11 Condition is always 'true'.
w: file:///home/runner/work/okhttp/okhttp/okhttp/src/commonJvmAndroid/kotlin/okhttp3/internal/platform/PlatformRegistry.kt:3:1 'expect'/'actual' classes (including interfaces, objects, annotations, enums, and 'actual' typealiases) are in Beta. You can use -Xexpect-actual-classes flag to suppress this warning. Also see: https://youtrack.jetbrains.com/issue/KT-61573
w: file:///home/runner/work/okhttp/okhttp/okhttp/src/jvmMain/kotlin/okhttp3/internal/platform/PlatformRegistry.kt:5:1 'expect'/'actual' classes (including interfaces, objects, annotations, enums, and 'actual' typealiases) are in Beta. You can use -Xexpect-actual-classes flag to suppress this warning. Also see: https://youtrack.jetbrains.com/issue/KT-61573
2025-04-11T03:08:36.9357783Z
> Task :okhttp:jvmMainClasses
> Task :okhttp-idna-mapping-table:lintReportJvm
> Task :okhttp-idna-mapping-table:lintJvm
> Task :okhttp-idna-mapping-table:lint
> Task :okhttp-idna-mapping-table:check
> Task :regression-test:extractProguardFiles
2025-04-11T03:08:36.9370116Z
> Task :okhttp:compileReleaseKotlinAndroid
w: file:///home/runner/work/okhttp/okhttp/okhttp/src/androidMain/kotlin/okhttp3/internal/platform/PlatformRegistry.kt:21:1 'expect'/'actual' classes (including interfaces, objects, annotations, enums, and 'actual' typealiases) are in Beta. You can use -Xexpect-actual-classes flag to suppress this warning. Also see: https://youtrack.jetbrains.com/issue/KT-61573
w: file:///home/runner/work/okhttp/okhttp/okhttp/src/commonJvmAndroid/kotlin/okhttp3/internal/-HeadersCommon.kt:176:13 Condition is always 'true'.
w: file:///home/runner/work/okhttp/okhttp/okhttp/src/commonJvmAndroid/kotlin/okhttp3/internal/-HeadersCommon.kt:205:33 Unchecked cast of 'kotlin.Array<kotlin.String?>' to 'kotlin.Array<kotlin.String>'.
w: file:///home/runner/work/okhttp/okhttp/okhttp/src/commonJvmAndroid/kotlin/okhttp3/internal/-ResponseCommon.kt:83:1 '@JvmOverloads' annotation has no effect for methods without default arguments.
w: file:///home/runner/work/okhttp/okhttp/okhttp/src/commonJvmAndroid/kotlin/okhttp3/internal/SuppressSignatureCheck.kt:25:1 This annotation is deprecated in Kotlin. Use '@kotlin.annotation.MustBeDocumented' instead.
w: file:///home/runner/work/okhttp/okhttp/okhttp/src/commonJvmAndroid/kotlin/okhttp3/internal/http/BridgeInterceptor.kt:99:11 Condition is always 'true'.
w: file:///home/runner/work/okhttp/okhttp/okhttp/src/commonJvmAndroid/kotlin/okhttp3/internal/platform/PlatformRegistry.kt:3:1 'expect'/'actual' classes (including interfaces, objects, annotations, enums, and 'actual' typealiases) are in Beta. You can use -Xexpect-actual-classes flag to suppress this warning. Also see: https://youtrack.jetbrains.com/issue/KT-61573
2025-04-11T03:08:37.0363047Z
> Task :regression-test:generateDebugLintReportModel
> Task :regression-test:preDebugUnitTestBuild UP-TO-DATE
> Task :samples:compare:checkKotlinGradlePluginConfigurationErrors SKIPPED
> Task :samples:compare:compileKotlin NO-SOURCE
> Task :samples:compileJava NO-SOURCE
> Task :samples:compare:compileJava NO-SOURCE
> Task :samples:processResources NO-SOURCE
> Task :samples:compare:processResources NO-SOURCE
> Task :samples:classes UP-TO-DATE
> Task :samples:compare:classes UP-TO-DATE
> Task :samples:compare:animalsnifferMain SKIPPED
> Task :samples:animalsnifferMain SKIPPED
> Task :samples:compare:checkstyleMain NO-SOURCE
> Task :samples:checkstyleMain NO-SOURCE
> Task :samples:compare:generateJvmMainLintModel
> Task :regression-test:generateDebugUnitTestLintModel
> Task :samples:compare:jar
> Task :samples:sympathyForMrMaven
> Task :regression-test:lintAnalyzeDebugUnitTest
> Task :samples:check
> Task :okhttp:jvmJar
> Task :okhttp:compileDebugJavaWithJavac NO-SOURCE
> Task :okhttp:bundleLibCompileToJarDebug
> Task :android-test:compileDebugKotlin NO-SOURCE
> Task :android-test:extractDebugAnnotations
> Task :android-test:compileDebugJavaWithJavac NO-SOURCE
> Task :android-test:mergeDebugGeneratedProguardFiles
> Task :android-test:mergeDebugConsumerProguardFiles
> Task :android-test:processDebugJavaRes NO-SOURCE
> Task :android-test:mergeDebugJavaResource
> Task :android-test:syncDebugLibJars
> Task :android-test:bundleDebugLocalLintAar
> Task :okhttp:extractDebugAnnotations
> Task :okhttp:mergeDebugGeneratedProguardFiles
> Task :okhttp:mergeDebugConsumerProguardFiles
> Task :okhttp:processDebugJavaRes
> Task :okhttp:mergeDebugJavaResource
> Task :okhttp:syncDebugLibJars
> Task :okhttp:bundleDebugLocalLintAar
> Task :samples:compare:lintAnalyzeJvmMain
> Task :android-test:bundleLibRuntimeToJarDebug
> Task :android-test:createFullJarDebug
> Task :regression-test:lintAnalyzeDebug
> Task :okhttp:bundleLibRuntimeToJarDebug
> Task :okhttp:createFullJarDebug
> Task :regression-test:lintAnalyzeDebugAndroidTest
> Task :okhttp-brotli:compileKotlin
> Task :okhttp-brotli:compileJava NO-SOURCE
> Task :okhttp-brotli:classes UP-TO-DATE
2025-04-11T03:08:42.5375139Z
> Task :okhttp-brotli:jar
warning: Unused -privatepackage instructions , no such package(s) on the class path: [okhttp3.brotli.internal]
2025-04-11T03:08:44.0355120Z
> Task :logging-interceptor:compileKotlin
w: file:///home/runner/work/okhttp/okhttp/okhttp-logging-interceptor/src/main/kotlin/okhttp3/logging/HttpLoggingInterceptor.kt:16:36 This code uses error suppression for 'INVISIBLE_REFERENCE'. While it might compile and work, the compiler behavior is UNSPECIFIED and WON'T BE PRESERVED. Please report your use case to the Kotlin issue tracker instead: https://kotl.in/issue
2025-04-11T03:08:44.1355740Z
> Task :logging-interceptor:compileJava NO-SOURCE
> Task :logging-interceptor:classes UP-TO-DATE
2025-04-11T03:08:44.3362991Z
> Task :logging-interceptor:jar
warning: Unused -privatepackage instructions , no such package(s) on the class path: [okhttp3.logging.internal]
2025-04-11T03:08:44.3366454Z
> Task :okhttp-dnsoverhttps:compileKotlin
> Task :okhttp-sse:compileKotlin
> Task :okhttp-dnsoverhttps:compileJava NO-SOURCE
> Task :okhttp-sse:compileJava NO-SOURCE
> Task :okhttp-sse:classes UP-TO-DATE
> Task :okhttp-dnsoverhttps:classes UP-TO-DATE
2025-04-11T03:08:44.5386521Z
> Task :okhttp-sse:jar
warning: Unused -privatepackage instructions , no such package(s) on the class path: [okhttp3.sse.internal]
2025-04-11T03:08:44.5431878Z
> Task :okhttp-dnsoverhttps:jar
> Task :okhttp:generateDebugLintModel
> Task :android-test:generateDebugLintReportModel
2025-04-11T03:08:45.8355071Z
> Task :mockwebserver3:compileKotlin
w: file:///home/runner/work/okhttp/okhttp/mockwebserver/src/main/kotlin/mockwebserver3/MockResponse.kt:16:36 This code uses error suppression for 'INVISIBLE_REFERENCE'. While it might compile and work, the compiler behavior is UNSPECIFIED and WON'T BE PRESERVED. Please report your use case to the Kotlin issue tracker instead: https://kotl.in/issue
w: file:///home/runner/work/okhttp/okhttp/mockwebserver/src/main/kotlin/mockwebserver3/MockWebServer.kt:17:36 This code uses error suppression for 'INVISIBLE_REFERENCE'. While it might compile and work, the compiler behavior is UNSPECIFIED and WON'T BE PRESERVED. Please report your use case to the Kotlin issue tracker instead: https://kotl.in/issue
2025-04-11T03:08:45.9355445Z
> Task :mockwebserver3:compileJava NO-SOURCE
> Task :mockwebserver3:classes UP-TO-DATE
> Task :mockwebserver3:jar
> Task :logging-interceptor:animalsnifferMain
> Task :mockwebserver3-junit4:compileKotlin
> Task :mockwebserver3-junit4:compileJava NO-SOURCE
> Task :mockwebserver3-junit4:classes UP-TO-DATE
> Task :mockwebserver3-junit4:jar
> Task :okhttp:generateDebugAndroidTestLintModel
> Task :mockwebserver3-junit5:compileKotlin
> Task :mockwebserver3-junit5:compileJava NO-SOURCE
> Task :mockwebserver3-junit5:classes
> Task :mockwebserver3-junit5:jar
> Task :okhttp:extractReleaseAnnotations
> Task :okhttp:compileReleaseJavaWithJavac NO-SOURCE
> Task :okhttp:mergeReleaseGeneratedProguardFiles
> Task :okhttp:mergeReleaseConsumerProguardFiles
> Task :okhttp:processReleaseJavaRes
> Task :okhttp:mergeReleaseJavaResource
> Task :okhttp:syncReleaseLibJars
> Task :okhttp:bundleReleaseLocalLintAar
> Task :okhttp:bundleLibCompileToJarRelease
2025-04-11T03:08:49.0361542Z
> Task :okhttp-tls:compileKotlin
w: file:///home/runner/work/okhttp/okhttp/okhttp-tls/src/main/kotlin/okhttp3/tls/HandshakeCertificates.kt:16:36 This code uses error suppression for 'INVISIBLE_REFERENCE'. While it might compile and work, the compiler behavior is UNSPECIFIED and WON'T BE PRESERVED. Please report your use case to the Kotlin issue tracker instead: https://kotl.in/issue
w: file:///home/runner/work/okhttp/okhttp/okhttp-tls/src/main/kotlin/okhttp3/tls/internal/InsecureExtendedTrustManager.kt:16:36 This code uses error suppression for 'INVISIBLE_REFERENCE'. While it might compile and work, the compiler behavior is UNSPECIFIED and WON'T BE PRESERVED. Please report your use case to the Kotlin issue tracker instead: https://kotl.in/issue
w: file:///home/runner/work/okhttp/okhttp/okhttp-tls/src/main/kotlin/okhttp3/tls/internal/der/Adapters.kt:382:40 Unchecked cast of 'okhttp3.tls.internal.der.DerAdapter<*>' to 'okhttp3.tls.internal.der.DerAdapter<kotlin.Any?>'.
w: file:///home/runner/work/okhttp/okhttp/okhttp-tls/src/main/kotlin/okhttp3/tls/internal/der/Adapters.kt:421:18 Unchecked cast of 'okhttp3.tls.internal.der.DerAdapter<*>' to 'okhttp3.tls.internal.der.DerAdapter<kotlin.Any?>'.
w: file:///home/runner/work/okhttp/okhttp/okhttp-tls/src/main/kotlin/okhttp3/tls/internal/der/Adapters.kt:447:48 Unchecked cast of 'okhttp3.tls.internal.der.DerAdapter<*>?' to 'okhttp3.tls.internal.der.DerAdapter<kotlin.Any?>?'.
w: file:///home/runner/work/okhttp/okhttp/okhttp-tls/src/main/kotlin/okhttp3/tls/internal/der/Adapters.kt:455:48 Unchecked cast of 'okhttp3.tls.internal.der.DerAdapter<*>?' to 'okhttp3.tls.internal.der.DerAdapter<kotlin.Any?>?'.
w: file:///home/runner/work/okhttp/okhttp/okhttp-tls/src/main/kotlin/okhttp3/tls/internal/der/Adapters.kt:505:26 Unchecked cast of 'okhttp3.tls.internal.der.DerAdapter<*>' to 'okhttp3.tls.internal.der.DerAdapter<kotlin.Any?>'.
w: file:///home/runner/work/okhttp/okhttp/okhttp-tls/src/main/kotlin/okhttp3/tls/internal/der/BasicDerAdapter.kt:51:43 Unchecked cast of 'T?' to 'T'.
2025-04-11T03:08:49.1355505Z
> Task :okhttp-tls:compileJava NO-SOURCE
> Task :okhttp-tls:classes UP-TO-DATE
2025-04-11T03:08:49.8355485Z
> Task :okhttp-tls:jar
warning: Unused -privatepackage instructions , no such package(s) on the class path: [okhttp3.tls.internal, okhttp3.tls.internal.der]
2025-04-11T03:08:52.4355955Z
> Task :android-test-app:compileReleaseKotlin
> Task :android-test-app:compileReleaseJavaWithJavac NO-SOURCE
> Task :android-test-app:bundleReleaseClassesToCompileJar
> Task :okhttp:bundleLibRuntimeToJarRelease
> Task :okhttp:createFullJarRelease
> Task :android-test-app:generateReleaseAndroidTestLintModel
> Task :okhttp:generateReleaseLintModel
> Task :android-test-app:generateReleaseLintReportModel
> Task :android-test-app:generateReleaseUnitTestLintModel
> Task :okhttp:lintAnalyzeDebugAndroidTest
2025-04-11T03:09:02.8357178Z
> Task :okhttp-testing-support:compileKotlin
w: file:///home/runner/work/okhttp/okhttp/okhttp-testing-support/src/main/kotlin/okhttp3/CallEvent.kt:16:36 This code uses error suppression for 'INVISIBLE_REFERENCE'. While it might compile and work, the compiler behavior is UNSPECIFIED and WON'T BE PRESERVED. Please report your use case to the Kotlin issue tracker instead: https://kotl.in/issue
w: file:///home/runner/work/okhttp/okhttp/okhttp-testing-support/src/main/kotlin/okhttp3/ConnectionEvent.kt:16:36 This code uses error suppression for 'INVISIBLE_REFERENCE'. While it might compile and work, the compiler behavior is UNSPECIFIED and WON'T BE PRESERVED. Please report your use case to the Kotlin issue tracker instead: https://kotl.in/issue
w: file:///home/runner/work/okhttp/okhttp/okhttp-testing-support/src/main/kotlin/okhttp3/DelegatingSSLSession.kt:23:8 'class X509Certificate : Certificate' is deprecated. Deprecated in Java.
w: file:///home/runner/work/okhttp/okhttp/okhttp-testing-support/src/main/kotlin/okhttp3/DelegatingSSLSession.kt:64:16 This declaration overrides a deprecated member but is not marked as deprecated itself. Please add the '@Deprecated' annotation or suppress the diagnostic.
w: file:///home/runner/work/okhttp/okhttp/okhttp-testing-support/src/main/kotlin/okhttp3/DelegatingSSLSession.kt:64:49 'class X509Certificate : Certificate' is deprecated. Deprecated in Java.
w: file:///home/runner/work/okhttp/okhttp/okhttp-testing-support/src/main/kotlin/okhttp3/DelegatingSSLSession.kt:64:79 'val peerCertificateChain: Array<(out) X509Certificate!>!' is deprecated. Deprecated in Java.
w: file:///home/runner/work/okhttp/okhttp/okhttp-testing-support/src/main/kotlin/okhttp3/FakeSSLSession.kt:24:8 'class X509Certificate : Certificate' is deprecated. Deprecated in Java.
w: file:///home/runner/work/okhttp/okhttp/okhttp-testing-support/src/main/kotlin/okhttp3/FakeSSLSession.kt:57:16 This declaration overrides a deprecated member but is not marked as deprecated itself. Please add the '@Deprecated' annotation or suppress the diagnostic.
w: file:///home/runner/work/okhttp/okhttp/okhttp-testing-support/src/main/kotlin/okhttp3/FakeSSLSession.kt:57:49 'class X509Certificate : Certificate' is deprecated. Deprecated in Java.
w: file:///home/runner/work/okhttp/okhttp/okhttp-testing-support/src/main/kotlin/okhttp3/OkHttpClientTestRule.kt:16:36 This code uses error suppression for 'INVISIBLE_REFERENCE'. While it might compile and work, the compiler behavior is UNSPECIFIED and WON'T BE PRESERVED. Please report your use case to the Kotlin issue tracker instead: https://kotl.in/issue
w: file:///home/runner/work/okhttp/okhttp/okhttp-testing-support/src/main/kotlin/okhttp3/TestValueFactory.kt:17:3 This code uses error suppression for 'CANNOT_OVERRIDE_INVISIBLE_MEMBER'. While it might compile and work, the compiler behavior is UNSPECIFIED and WON'T BE PRESERVED. Please report your use case to the Kotlin issue tracker instead: https://kotl.in/issue
w: file:///home/runner/work/okhttp/okhttp/okhttp-testing-support/src/main/kotlin/okhttp3/TestValueFactory.kt:19:3 This code uses error suppression for 'INVISIBLE_REFERENCE'. While it might compile and work, the compiler behavior is UNSPECIFIED and WON'T BE PRESERVED. Please report your use case to the Kotlin issue tracker instead: https://kotl.in/issue
w: file:///home/runner/work/okhttp/okhttp/okhttp-testing-support/src/main/kotlin/okhttp3/internal/concurrent/TaskFaker.kt:16:36 This code uses error suppression for 'INVISIBLE_REFERENCE'. While it might compile and work, the compiler behavior is UNSPECIFIED and WON'T BE PRESERVED. Please report your use case to the Kotlin issue tracker instead: https://kotl.in/issue
w: file:///home/runner/work/okhttp/okhttp/okhttp-testing-support/src/main/kotlin/okhttp3/internal/http/RecordingProxySelector.kt:16:36 This code uses error suppression for 'INVISIBLE_REFERENCE'. While it might compile and work, the compiler behavior is UNSPECIFIED and WON'T BE PRESERVED. Please report your use case to the Kotlin issue tracker instead: https://kotl.in/issue
2025-04-11T03:09:02.9381677Z
> Task :okhttp-testing-support:compileJava NO-SOURCE
> Task :okhttp-testing-support:classes
> Task :okhttp-testing-support:jar
> Task :android-test-app:lintAnalyzeReleaseAndroidTest
> Task :okhttp:generateDebugUnitTestLintModel
> Task :android-test:generateDebugAndroidTestLintModel
> Task :android-test:generateDebugUnitTestLintModel
> Task :okhttp:lintAnalyzeDebug
> Task :okhttp:lintAnalyzeRelease
> Task :okhttp:lintAnalyzeDebugUnitTest
> Task :android-test-app:lintAnalyzeRelease
> Task :android-test-app:lintAnalyzeReleaseUnitTest
> Task :okhttp:generateReleaseUnitTestLintModel
> Task :android-test:lintAnalyzeDebug
> Task :logging-interceptor:apiBuild
> Task :logging-interceptor:apiCheck
> Task :logging-interceptor:checkstyleMain NO-SOURCE
> Task :logging-interceptor:generateJvmMainLintModel
> Task :mockwebserver3:generateJvmMainLintModel
> Task :mockwebserver3-junit5:generateJvmMainLintModel
> Task :okhttp-tls:generateJvmMainLintModel
> Task :okhttp-testing-support:generateJvmMainLintModel
> Task :logging-interceptor:generateJvmTestLintModel
> Task :android-test:lintAnalyzeDebugUnitTest
> Task :okhttp:lintAnalyzeReleaseUnitTest
2025-04-11T03:09:19.4356057Z
> Task :android-test-app:lintReportRelease
Wrote HTML report to file:///home/runner/work/okhttp/okhttp/android-test-app/build/reports/lint-results-release.html
2025-04-11T03:09:19.4367128Z
> Task :android-test-app:lintRelease
> Task :android-test-app:lint
> Task :android-test-app:check
2025-04-11T03:09:20.8356392Z
> Task :mockwebserver:compileKotlin
w: file:///home/runner/work/okhttp/okhttp/mockwebserver-deprecated/src/main/kotlin/okhttp3/mockwebserver/MockResponse.kt:16:36 This code uses error suppression for 'INVISIBLE_REFERENCE'. While it might compile and work, the compiler behavior is UNSPECIFIED and WON'T BE PRESERVED. Please report your use case to the Kotlin issue tracker instead: https://kotl.in/issue
2025-04-11T03:09:20.8363340Z
> Task :mockwebserver:compileJava NO-SOURCE
> Task :mockwebserver:classes UP-TO-DATE
> Task :logging-interceptor:lintAnalyzeJvmMain
> Task :mockwebserver:animalsnifferMain
> Task :mockwebserver:apiBuild
> Task :mockwebserver:apiCheck
> Task :mockwebserver:checkstyleMain NO-SOURCE
> Task :mockwebserver:generateJvmMainLintModel
> Task :mockwebserver:jar
> Task :mockwebserver:generateJvmTestLintModel
> Task :android-test:lintAnalyzeDebugAndroidTest
2025-04-11T03:09:25.9365891Z
> Task :android-test:lintReportDebug
Wrote HTML report to file:///home/runner/work/okhttp/okhttp/android-test/build/reports/lint-results-debug.html
2025-04-11T03:09:25.9369122Z
> Task :android-test:lintDebug
> Task :android-test:lint
> Task :android-test:check
> Task :logging-interceptor:lintAnalyzeJvmTest
> Task :logging-interceptor:lintReportJvm
> Task :logging-interceptor:lintJvm
> Task :logging-interceptor:lint
> Task :logging-interceptor:check
> Task :mockwebserver3:animalsnifferMain
> Task :mockwebserver3-junit4:animalsnifferMain
> Task :mockwebserver3:checkstyleMain NO-SOURCE
> Task :mockwebserver3:generateJvmTestLintModel
> Task :mockwebserver3:apiBuild
> Task :mockwebserver3:apiCheck
> Task :mockwebserver3-junit4:apiBuild
> Task :mockwebserver3-junit4:apiCheck
> Task :mockwebserver3-junit4:checkstyleMain NO-SOURCE
> Task :mockwebserver3-junit4:generateJvmMainLintModel
> Task :mockwebserver3-junit4:generateJvmTestLintModel
> Task :mockwebserver:lintAnalyzeJvmTest
> Task :mockwebserver3-junit4:lintAnalyzeJvmTest
2025-04-11T03:09:32.1381361Z
> Task :okhttp-java-net-cookiejar:compileKotlin
w: file:///home/runner/work/okhttp/okhttp/okhttp-java-net-cookiejar/src/main/kotlin/okhttp3/java/net/cookiejar/JavaNetCookieJar.kt:16:36 This code uses error suppression for 'INVISIBLE_REFERENCE'. While it might compile and work, the compiler behavior is UNSPECIFIED and WON'T BE PRESERVED. Please report your use case to the Kotlin issue tracker instead: https://kotl.in/issue
2025-04-11T03:09:32.2374737Z
> Task :okhttp-java-net-cookiejar:compileJava NO-SOURCE
> Task :okhttp-java-net-cookiejar:classes UP-TO-DATE
> Task :okhttp-java-net-cookiejar:jar
> Task :native-image-tests:compileKotlin NO-SOURCE
> Task :native-image-tests:compileJava NO-SOURCE
> Task :native-image-tests:classes UP-TO-DATE
> Task :native-image-tests:animalsnifferMain SKIPPED
> Task :native-image-tests:checkstyleMain NO-SOURCE
> Task :okhttp-brotli:generateJvmMainLintModel
> Task :okhttp-dnsoverhttps:generateJvmMainLintModel
> Task :okhttp-java-net-cookiejar:generateJvmMainLintModel
> Task :okhttp-sse:generateJvmMainLintModel
> Task :native-image-tests:generateJvmMainLintModel
> Task :mockwebserver3-junit5:animalsnifferMain
> Task :native-image-tests:jar
> Task :mockwebserver3-junit5:checkstyleMain NO-SOURCE
> Task :mockwebserver3-junit5:generateJvmTestLintModel
> Task :mockwebserver3-junit5:apiBuild
> Task :mockwebserver3-junit5:apiCheck
> Task :native-image-tests:generateJvmTestLintModel
> Task :mockwebserver3:lintAnalyzeJvmMain
> Task :mockwebserver3-junit5:lintAnalyzeJvmTest
> Task :mockwebserver3:lintAnalyzeJvmTest
2025-04-11T03:09:36.3357494Z
> Task :mockwebserver3:lintReportJvm
Wrote HTML report to file:///home/runner/work/okhttp/okhttp/mockwebserver/build/reports/lint-results.html
2025-04-11T03:09:36.3358879Z
> Task :mockwebserver3:lintJvm
> Task :mockwebserver3:lint
> Task :mockwebserver3:check
> Task :okhttp-brotli:lintAnalyzeJvmMain
> Task :mockwebserver3-junit5:lintAnalyzeJvmMain
> Task :mockwebserver3-junit5:lintReportJvm
> Task :mockwebserver3-junit5:lintJvm
> Task :mockwebserver3-junit5:lint
> Task :mockwebserver3-junit5:check
> Task :mockwebserver3-junit4:lintAnalyzeJvmMain
> Task :mockwebserver3-junit4:lintReportJvm
> Task :mockwebserver3-junit4:lintJvm
> Task :mockwebserver3-junit4:lint
> Task :mockwebserver3-junit4:check
> Task :okhttp-sse:lintAnalyzeJvmMain
> Task :mockwebserver:lintAnalyzeJvmMain
2025-04-11T03:09:41.6357519Z
> Task :mockwebserver:lintReportJvm
Wrote HTML report to file:///home/runner/work/okhttp/okhttp/mockwebserver-deprecated/build/reports/lint-results.html
2025-04-11T03:09:41.6359545Z
> Task :mockwebserver:lintJvm
> Task :mockwebserver:lint
> Task :mockwebserver:check
> Task :okhttp-java-net-cookiejar:lintAnalyzeJvmMain
> Task :okcurl:compileKotlin
> Task :okcurl:compileJava NO-SOURCE
> Task :okcurl:classes
> Task :okhttp-dnsoverhttps:lintAnalyzeJvmMain
2025-04-11T03:09:46.2355980Z
> Task :okhttp-coroutines:compileKotlin
w: file:///home/runner/work/okhttp/okhttp/okhttp-coroutines/src/main/kotlin/okhttp3/coroutines/ExecuteAsync.kt:48:24 'fun resume(value: Response, onCancellation: ((@ParameterName(...) Throwable) -> Unit)?): Unit' is deprecated. Use the overload that also accepts the `value` and the coroutine context in lambda.
2025-04-11T03:09:46.2361764Z
> Task :okhttp-coroutines:compileJava NO-SOURCE
> Task :okhttp-coroutines:classes UP-TO-DATE
2025-04-11T03:09:46.3361209Z
2025-04-11T03:09:46.3361695Z
> Task :okcurl:animalsnifferMain
2025-04-11T03:09:46.3363061Z
> Task :okcurl:checkstyleMain NO-SOURCE
26 AnimalSniffer violations were found in 1 files. See the report at: file:////home/runner/work/okhttp/okhttp/okcurl/build/reports/animalsniffer/main.text
2025-04-11T03:09:46.3366116Z
[Undefined reference | android-api-level-21-5.0.1_r2] okhttp3.curl.logging.(OneLineLogFormat.kt:1) field d
>> java.time.format.DateTimeFormatter
2025-04-11T03:09:46.3368671Z
[Undefined reference | android-api-level-21-5.0.1_r2] okhttp3.curl.logging.(OneLineLogFormat.kt:1) field offset
>> java.time.ZoneId
2025-04-11T03:09:46.3371679Z
[Undefined reference | android-api-level-21-5.0.1_r2] okhttp3.curl.logging.(OneLineLogFormat.kt:38)
>> java.time.format.DateTimeFormatterBuilder
2025-04-11T03:09:46.3374050Z
[Undefined reference | android-api-level-21-5.0.1_r2] okhttp3.curl.logging.(OneLineLogFormat.kt:38)
>> void java.time.format.DateTimeFormatterBuilder.<init>()
2025-04-11T03:09:46.3376645Z
[Undefined reference | android-api-level-21-5.0.1_r2] okhttp3.curl.logging.(OneLineLogFormat.kt:39)
>> java.time.temporal.ChronoField java.time.temporal.ChronoField.HOUR_OF_DAY
2025-04-11T03:09:46.3379538Z
[Undefined reference | android-api-level-21-5.0.1_r2] okhttp3.curl.logging.(OneLineLogFormat.kt:39)
>> java.time.temporal.TemporalField
2025-04-11T03:09:46.3382191Z
[Undefined reference | android-api-level-21-5.0.1_r2] okhttp3.curl.logging.(OneLineLogFormat.kt:39)
>> java.time.format.DateTimeFormatterBuilder java.time.format.DateTimeFormatterBuilder.appendValue(java.time.temporal.TemporalField, int)
2025-04-11T03:09:46.3386068Z
[Undefined reference | android-api-level-21-5.0.1_r2] okhttp3.curl.logging.(OneLineLogFormat.kt:40)
>> java.time.format.DateTimeFormatterBuilder java.time.format.DateTimeFormatterBuilder.appendLiteral(char)
2025-04-11T03:09:46.3389345Z
[Undefined reference | android-api-level-21-5.0.1_r2] okhttp3.curl.logging.(OneLineLogFormat.kt:41)
>> java.time.temporal.ChronoField java.time.temporal.ChronoField.MINUTE_OF_HOUR
2025-04-11T03:09:46.3392210Z
[Undefined reference | android-api-level-21-5.0.1_r2] okhttp3.curl.logging.(OneLineLogFormat.kt:41)
>> java.time.temporal.TemporalField
2025-04-11T03:09:46.3394498Z
[Undefined reference | android-api-level-21-5.0.1_r2] okhttp3.curl.logging.(OneLineLogFormat.kt:41)
>> java.time.format.DateTimeFormatterBuilder java.time.format.DateTimeFormatterBuilder.appendValue(java.time.temporal.TemporalField, int)
2025-04-11T03:09:46.3398473Z
[Undefined reference | android-api-level-21-5.0.1_r2] okhttp3.curl.logging.(OneLineLogFormat.kt:42)
>> java.time.format.DateTimeFormatterBuilder java.time.format.DateTimeFormatterBuilder.optionalStart()
2025-04-11T03:09:46.3401683Z
[Undefined reference | android-api-level-21-5.0.1_r2] okhttp3.curl.logging.(OneLineLogFormat.kt:43)
>> java.time.format.DateTimeFormatterBuilder java.time.format.DateTimeFormatterBuilder.appendLiteral(char)
2025-04-11T03:09:46.3404806Z
[Undefined reference | android-api-level-21-5.0.1_r2] okhttp3.curl.logging.(OneLineLogFormat.kt:44)
>> java.time.temporal.ChronoField java.time.temporal.ChronoField.SECOND_OF_MINUTE
2025-04-11T03:09:46.3427467Z
[Undefined reference | android-api-level-21-5.0.1_r2] okhttp3.curl.logging.(OneLineLogFormat.kt:44)
>> java.time.temporal.TemporalField
2025-04-11T03:09:46.3429238Z
[Undefined reference | android-api-level-21-5.0.1_r2] okhttp3.curl.logging.(OneLineLogFormat.kt:44)
>> java.time.format.DateTimeFormatterBuilder java.time.format.DateTimeFormatterBuilder.appendValue(java.time.temporal.TemporalField, int)
2025-04-11T03:09:46.3432503Z
[Undefined reference | android-api-level-21-5.0.1_r2] okhttp3.curl.logging.(OneLineLogFormat.kt:45)
>> java.time.format.DateTimeFormatterBuilder java.time.format.DateTimeFormatterBuilder.optionalStart()
2025-04-11T03:09:46.3435417Z
[Undefined reference | android-api-level-21-5.0.1_r2] okhttp3.curl.logging.(OneLineLogFormat.kt:46)
>> java.time.temporal.ChronoField java.time.temporal.ChronoField.NANO_OF_SECOND
2025-04-11T03:09:46.3437748Z
[Undefined reference | android-api-level-21-5.0.1_r2] okhttp3.curl.logging.(OneLineLogFormat.kt:46)
>> java.time.temporal.TemporalField
2025-04-11T03:09:46.3439603Z
[Undefined reference | android-api-level-21-5.0.1_r2] okhttp3.curl.logging.(OneLineLogFormat.kt:46)
>> java.time.format.DateTimeFormatterBuilder java.time.format.DateTimeFormatterBuilder.appendFraction(java.time.temporal.TemporalField, int, int, boolean)
2025-04-11T03:09:46.3482430Z
[Undefined reference | android-api-level-21-5.0.1_r2] okhttp3.curl.logging.(OneLineLogFormat.kt:47)
>> java.time.format.DateTimeFormatter java.time.format.DateTimeFormatterBuilder.toFormatter()
2025-04-11T03:09:46.3484957Z
[Undefined reference | android-api-level-21-5.0.1_r2] okhttp3.curl.logging.(OneLineLogFormat.kt:49)
>> java.time.ZoneId java.time.ZoneOffset.systemDefault()
2025-04-11T03:09:46.3486894Z
[Undefined reference | android-api-level-21-5.0.1_r2] okhttp3.curl.logging.(OneLineLogFormat.kt:54)
>> java.time.Instant java.time.Instant.ofEpochMilli(long)
2025-04-11T03:09:46.3488785Z
[Undefined reference | android-api-level-21-5.0.1_r2] okhttp3.curl.logging.(OneLineLogFormat.kt:54)
>> java.time.ZonedDateTime java.time.Instant.atZone(java.time.ZoneId)
2025-04-11T03:09:46.3491294Z
[Undefined reference | android-api-level-21-5.0.1_r2] okhttp3.curl.logging.(OneLineLogFormat.kt:60)
>> String java.time.ZonedDateTime.format(java.time.format.DateTimeFormatter)
2025-04-11T03:09:46.3493808Z
[Undefined reference | android-api-level-21-5.0.1_r2] okhttp3.curl.logging.(OneLineLogFormat.kt:62)
>> String java.time.ZonedDateTime.format(java.time.format.DateTimeFormatter)
2025-04-11T03:09:46.3496059Z
> Task :okcurl:generateJvmMainLintModel
> Task :okhttp-coroutines:jar
> Task :okcurl:jar
> Task :okcurl:generateJvmTestLintModel
2025-04-11T03:09:47.0355759Z
> Task :okhttp-urlconnection:compileKotlin
w: file:///home/runner/work/okhttp/okhttp/okhttp-urlconnection/src/main/kotlin/okhttp3/JavaNetCookieJar.kt:16:36 This code uses error suppression for 'INVISIBLE_REFERENCE'. While it might compile and work, the compiler behavior is UNSPECIFIED and WON'T BE PRESERVED. Please report your use case to the Kotlin issue tracker instead: https://kotl.in/issue
2025-04-11T03:09:51.1391213Z
> Task :okcurl:lintAnalyzeJvmTest
> Task :okhttp-urlconnection:compileJava NO-SOURCE
> Task :okhttp-urlconnection:classes UP-TO-DATE
> Task :okhttp-urlconnection:jar
> Task :okcurl:lintAnalyzeJvmMain
> Task :okcurl:lintReportJvm
> Task :okcurl:lintJvm
> Task :okcurl:lint
> Task :okcurl:check
> Task :native-image-tests:lintAnalyzeJvmTest
> Task :okhttp-brotli:animalsnifferMain
> Task :okhttp-brotli:apiBuild
> Task :okhttp-tls:lintAnalyzeJvmMain
2025-04-11T03:09:56.3356283Z
> Task :okhttp:compileReleaseUnitTestKotlinAndroid
w: file:///home/runner/work/okhttp/okhttp/okhttp/src/androidUnitTest/kotlin/okhttp3/test/BaseJavaTest.android.kt:26:1 'expect'/'actual' classes (including interfaces, objects, annotations, enums, and 'actual' typealiases) are in Beta. You can use -Xexpect-actual-classes flag to suppress this warning. Also see: https://youtrack.jetbrains.com/issue/KT-61573
w: file:///home/runner/work/okhttp/okhttp/okhttp/src/commonTest/kotlin/okhttp3/test/BaseJavaTest.kt:18:1 'expect'/'actual' classes (including interfaces, objects, annotations, enums, and 'actual' typealiases) are in Beta. You can use -Xexpect-actual-classes flag to suppress this warning. Also see: https://youtrack.jetbrains.com/issue/KT-61573
2025-04-11T03:09:56.3372081Z
> Task :okhttp:compileReleaseUnitTestJavaWithJavac NO-SOURCE
2025-04-11T03:09:56.3372927Z
> Task :okhttp:compileDebugUnitTestKotlinAndroid
w: file:///home/runner/work/okhttp/okhttp/okhttp/src/androidUnitTest/kotlin/okhttp3/test/BaseJavaTest.android.kt:26:1 'expect'/'actual' classes (including interfaces, objects, annotations, enums, and 'actual' typealiases) are in Beta. You can use -Xexpect-actual-classes flag to suppress this warning. Also see: https://youtrack.jetbrains.com/issue/KT-61573
w: file:///home/runner/work/okhttp/okhttp/okhttp/src/commonTest/kotlin/okhttp3/test/BaseJavaTest.kt:18:1 'expect'/'actual' classes (including interfaces, objects, annotations, enums, and 'actual' typealiases) are in Beta. You can use -Xexpect-actual-classes flag to suppress this warning. Also see: https://youtrack.jetbrains.com/issue/KT-61573
2025-04-11T03:09:56.4356436Z
> Task :okhttp-brotli:apiCheck
> Task :okhttp:processReleaseUnitTestJavaRes
> Task :okhttp-brotli:checkstyleMain NO-SOURCE
> Task :okhttp:compileDebugUnitTestJavaWithJavac NO-SOURCE
> Task :okhttp:processDebugUnitTestJavaRes
> Task :okhttp-brotli:generateJvmTestLintModel
> Task :okhttp-brotli:lintAnalyzeJvmTest
> Task :okhttp-brotli:lintReportJvm
> Task :okhttp-brotli:lintJvm
> Task :okhttp-brotli:lint
> Task :okhttp-brotli:check
> Task :okhttp-coroutines:animalsnifferMain
> Task :okhttp-coroutines:apiBuild
> Task :okhttp-coroutines:apiCheck
> Task :okhttp-coroutines:checkstyleMain NO-SOURCE
> Task :okhttp-coroutines:generateJvmMainLintModel
> Task :okhttp-coroutines:generateJvmTestLintModel
> Task :okhttp-coroutines:lintAnalyzeJvmMain
> Task :okhttp-coroutines:lintAnalyzeJvmTest
> Task :okhttp-coroutines:lintReportJvm
> Task :okhttp-coroutines:lintJvm
> Task :okhttp-coroutines:lint
> Task :okhttp-coroutines:check
> Task :okhttp-dnsoverhttps:animalsnifferMain
> Task :okhttp-dnsoverhttps:apiBuild
> Task :okhttp-dnsoverhttps:apiCheck
> Task :okhttp-dnsoverhttps:checkstyleMain NO-SOURCE
> Task :okhttp-dnsoverhttps:generateJvmTestLintModel
> Task :okhttp-dnsoverhttps:lintAnalyzeJvmTest
> Task :okhttp-dnsoverhttps:lintReportJvm
> Task :okhttp-dnsoverhttps:lintJvm
> Task :okhttp-dnsoverhttps:lint
> Task :okhttp-dnsoverhttps:check
> Task :okhttp-hpacktests:generateJvmTestLintModel
> Task :okhttp:testDebugUnitTest
> Task :okhttp:compileTestKotlinJvm
> Task :okhttp-hpacktests:lintAnalyzeJvmTest
> Task :okhttp-testing-support:lintAnalyzeJvmMain
> Task :okhttp-hpacktests:lintReportJvm
> Task :okhttp-hpacktests:lintJvm
> Task :okhttp-hpacktests:lint
> Task :okhttp-hpacktests:check
> Task :okhttp-java-net-cookiejar:animalsnifferMain
> Task :okhttp-java-net-cookiejar:apiBuild
> Task :okhttp-java-net-cookiejar:apiCheck
> Task :okhttp-java-net-cookiejar:checkstyleMain NO-SOURCE
> Task :okhttp-java-net-cookiejar:generateJvmTestLintModel
> Task :native-image-tests:lintAnalyzeJvmMain
> Task :native-image-tests:lintReportJvm
> Task :native-image-tests:lintJvm
> Task :native-image-tests:lint
> Task :native-image-tests:check
> Task :okhttp-osgi-tests:compileKotlin NO-SOURCE
> Task :okhttp-osgi-tests:compileJava NO-SOURCE
> Task :okhttp-osgi-tests:classes UP-TO-DATE
> Task :okhttp-osgi-tests:animalsnifferMain SKIPPED
> Task :okhttp-osgi-tests:checkstyleMain NO-SOURCE
> Task :okhttp-urlconnection:generateJvmMainLintModel
> Task :okhttp-osgi-tests:generateJvmMainLintModel
> Task :okhttp-osgi-tests:jar
> Task :okhttp-osgi-tests:generateJvmTestLintModel
> Task :okhttp-java-net-cookiejar:lintAnalyzeJvmTest
> Task :okhttp-java-net-cookiejar:lintReportJvm
> Task :okhttp-java-net-cookiejar:lintJvm
> Task :okhttp-java-net-cookiejar:lint
> Task :okhttp-java-net-cookiejar:check
> Task :okhttp:testReleaseUnitTest
> Task :okhttp-urlconnection:lintAnalyzeJvmMain
> Task :okhttp:androidApiBuild
> Task :okhttp:androidApiCheck
> Task :okhttp-osgi-tests:lintAnalyzeJvmTest
> Task :okhttp:generateDebugLintReportModel
> Task :okhttp:jvmApiBuild
> Task :okhttp:jvmApiCheck
> Task :okhttp:apiCheck
> Task :okhttp:lintReportDebug
> Task :okhttp:lintDebug
> Task :okhttp:lint
> Task :okhttp-testing-support:animalsnifferMain SKIPPED
> Task :okhttp-testing-support:checkstyleMain NO-SOURCE
> Task :okhttp-testing-support:generateJvmTestLintModel
> Task :okhttp-sse:animalsnifferMain
> Task :okhttp-sse:apiBuild
> Task :okhttp-sse:apiCheck
> Task :okhttp-sse:checkstyleMain NO-SOURCE
> Task :okhttp-sse:generateJvmTestLintModel
> Task :okhttp-osgi-tests:lintAnalyzeJvmMain
> Task :okhttp-osgi-tests:lintReportJvm
> Task :okhttp-osgi-tests:lintJvm
> Task :okhttp-osgi-tests:lint
> Task :okhttp-osgi-tests:check
> Task :okhttp-tls:animalsnifferMain
> Task :okhttp-tls:apiBuild
> Task :okhttp-tls:apiCheck
> Task :okhttp-tls:checkstyleMain NO-SOURCE
> Task :okhttp-tls:generateJvmTestLintModel
> Task :okhttp-testing-support:lintAnalyzeJvmTest
2025-04-11T03:10:41.1356189Z
> Task :okhttp-testing-support:lintReportJvm
Wrote HTML report to file:///home/runner/work/okhttp/okhttp/okhttp-testing-support/build/reports/lint-results.html
2025-04-11T03:10:41.1359595Z
> Task :okhttp-testing-support:lintJvm
> Task :okhttp-testing-support:lint
> Task :okhttp-testing-support:check
> Task :okhttp-sse:lintAnalyzeJvmTest
> Task :okhttp-sse:lintReportJvm
> Task :okhttp-sse:lintJvm
> Task :okhttp-sse:lint
> Task :okhttp-sse:check
2025-04-11T03:10:41.4392777Z
> Task :regression-test:lintReportDebug
Wrote HTML report to file:///home/runner/work/okhttp/okhttp/regression-test/build/reports/lint-results-debug.html
2025-04-11T03:10:41.4396158Z
> Task :regression-test:lintDebug
> Task :regression-test:lint
> Task :regression-test:check
> Task :samples:compare:generateJvmTestLintModel
> Task :okhttp-urlconnection:animalsnifferMain
> Task :okhttp-urlconnection:apiBuild
> Task :okhttp-urlconnection:apiCheck
> Task :okhttp-urlconnection:checkstyleMain NO-SOURCE
> Task :okhttp-urlconnection:generateJvmTestLintModel
> Task :samples:compare:lintAnalyzeJvmTest
> Task :samples:compare:lintReportJvm
> Task :samples:compare:lintJvm
> Task :samples:compare:lint
> Task :samples:compare:sympathyForMrMaven
> Task :samples:compare:check
> Task :samples:crawler:checkKotlinGradlePluginConfigurationErrors SKIPPED
> Task :samples:crawler:compileKotlin NO-SOURCE
> Task :samples:crawler:compileJava FROM-CACHE
> Task :samples:crawler:processResources NO-SOURCE
> Task :samples:crawler:classes UP-TO-DATE
> Task :okhttp-urlconnection:lintAnalyzeJvmTest
> Task :okhttp-urlconnection:lintReportJvm
> Task :okhttp-urlconnection:lintJvm
> Task :okhttp-urlconnection:lint
> Task :okhttp-urlconnection:check
> Task :samples:guide:checkKotlinGradlePluginConfigurationErrors SKIPPED
> Task :samples:crawler:animalsnifferMain
> Task :samples:crawler:checkstyleMain FROM-CACHE
> Task :samples:crawler:generateJvmMainLintModel
> Task :samples:crawler:jar
> Task :samples:crawler:generateJvmTestLintModel
2025-04-11T03:10:48.9385562Z
> Task :okhttp:compileTestKotlinJvm
w: file:///home/runner/work/okhttp/okhttp/okhttp/src/commonTest/kotlin/okhttp3/test/BaseJavaTest.kt:18:1 'expect'/'actual' classes (including interfaces, objects, annotations, enums, and 'actual' typealiases) are in Beta. You can use -Xexpect-actual-classes flag to suppress this warning. Also see: https://youtrack.jetbrains.com/issue/KT-61573
w: file:///home/runner/work/okhttp/okhttp/okhttp/src/jvmTest/kotlin/okhttp3/CacheControlJvmTest.kt:152:41 'fun <T> Assert<T>.isSameAs(expected: T): Unit' is deprecated. renamed to isSameInstanceAs.
w: file:///home/runner/work/okhttp/okhttp/okhttp/src/jvmTest/kotlin/okhttp3/CacheControlJvmTest.kt:196:41 'fun <T> Assert<T>.isSameAs(expected: T): Unit' is deprecated. renamed to isSameInstanceAs.
w: file:///home/runner/work/okhttp/okhttp/okhttp/src/jvmTest/kotlin/okhttp3/CallKotlinTest.kt:254:32 'fun Assert<Any?>.isNotSameAs(expected: Any?): Unit' is deprecated. renamed to isNotSameInstanceAs.
w: file:///home/runner/work/okhttp/okhttp/okhttp/src/jvmTest/kotlin/okhttp3/CallKotlinTest.kt:277:32 'fun Assert<Any?>.isNotSameAs(expected: Any?): Unit' is deprecated. renamed to isNotSameInstanceAs.
w: file:///home/runner/work/okhttp/okhttp/okhttp/src/jvmTest/kotlin/okhttp3/CallTest.kt:1634:37 'fun Assert<Any?>.isNotSameAs(expected: Any?): Unit' is deprecated. renamed to isNotSameInstanceAs.
w: file:///home/runner/work/okhttp/okhttp/okhttp/src/jvmTest/kotlin/okhttp3/CertificatePinnerTest.kt:88:23 'fun check(hostname: String, vararg peerCertificates: Certificate): Unit' is deprecated. replaced with {@link #check(String, List)}.
w: file:///home/runner/work/okhttp/okhttp/okhttp/src/jvmTest/kotlin/okhttp3/CertificatePinnerTest.kt:112:25 'fun check(hostname: String, vararg peerCertificates: Certificate): Unit' is deprecated. replaced with {@link #check(String, List)}.
w: file:///home/runner/work/okhttp/okhttp/okhttp/src/jvmTest/kotlin/okhttp3/CipherSuiteTest.kt:46:8 'fun <T> Assert<T>.isSameAs(expected: T): Unit' is deprecated. renamed to isSameInstanceAs.
w: file:///home/runner/work/okhttp/okhttp/okhttp/src/jvmTest/kotlin/okhttp3/CipherSuiteTest.kt:48:8 'fun <T> Assert<T>.isSameAs(expected: T): Unit' is deprecated. renamed to isSameInstanceAs.
w: file:///home/runner/work/okhttp/okhttp/okhttp/src/jvmTest/kotlin/okhttp3/CipherSuiteTest.kt:61:8 'fun <T> Assert<T>.isSameAs(expected: T): Unit' is deprecated. renamed to isSameInstanceAs.
w: file:///home/runner/work/okhttp/okhttp/okhttp/src/jvmTest/kotlin/okhttp3/ConnectionSpecTest.kt:80:10 'fun supportsTlsExtensions(supportsTlsExtensions: Boolean): ConnectionSpec.Builder' is deprecated. since OkHttp 3.13 all TLS-connections are expected to support TLS extensions.
In a future release setting this to true will be unnecessary and setting it to false
will have no effect.
w: file:///home/runner/work/okhttp/okhttp/okhttp/src/jvmTest/kotlin/okhttp3/ConnectionSpecTest.kt:95:10 'fun supportsTlsExtensions(supportsTlsExtensions: Boolean): ConnectionSpec.Builder' is deprecated. since OkHttp 3.13 all TLS-connections are expected to support TLS extensions.
In a future release setting this to true will be unnecessary and setting it to false
will have no effect.
w: file:///home/runner/work/okhttp/okhttp/okhttp/src/jvmTest/kotlin/okhttp3/ConnectionSpecTest.kt:111:10 'fun supportsTlsExtensions(supportsTlsExtensions: Boolean): ConnectionSpec.Builder' is deprecated. since OkHttp 3.13 all TLS-connections are expected to support TLS extensions.
In a future release setting this to true will be unnecessary and setting it to false
will have no effect.
w: file:///home/runner/work/okhttp/okhttp/okhttp/src/jvmTest/kotlin/okhttp3/ConnectionSpecTest.kt:144:10 'fun supportsTlsExtensions(supportsTlsExtensions: Boolean): ConnectionSpec.Builder' is deprecated. since OkHttp 3.13 all TLS-connections are expected to support TLS extensions.
In a future release setting this to true will be unnecessary and setting it to false
will have no effect.
w: file:///home/runner/work/okhttp/okhttp/okhttp/src/jvmTest/kotlin/okhttp3/ConnectionSpecTest.kt:181:10 'fun supportsTlsExtensions(supportsTlsExtensions: Boolean): ConnectionSpec.Builder' is deprecated. since OkHttp 3.13 all TLS-connections are expected to support TLS extensions.
In a future release setting this to true will be unnecessary and setting it to false
will have no effect.
w: file:///home/runner/work/okhttp/okhttp/okhttp/src/jvmTest/kotlin/okhttp3/ConnectionSpecTest.kt:228:10 'fun supportsTlsExtensions(supportsTlsExtensions: Boolean): ConnectionSpec.Builder' is deprecated. since OkHttp 3.13 all TLS-connections are expected to support TLS extensions.
In a future release setting this to true will be unnecessary and setting it to false
will have no effect.
w: file:///home/runner/work/okhttp/okhttp/okhttp/src/jvmTest/kotlin/okhttp3/ConnectionSpecTest.kt:374:10 'fun supportsTlsExtensions(supportsTlsExtensions: Boolean): ConnectionSpec.Builder' is deprecated. since OkHttp 3.13 all TLS-connections are expected to support TLS extensions.
In a future release setting this to true will be unnecessary and setting it to false
will have no effect.
w: file:///home/runner/work/okhttp/okhttp/okhttp/src/jvmTest/kotlin/okhttp3/EventListenerTest.kt:677:31 'fun <T> Assert<T>.isSameAs(expected: T): Unit' is deprecated. renamed to isSameInstanceAs.
w: file:///home/runner/work/okhttp/okhttp/okhttp/src/jvmTest/kotlin/okhttp3/EventListenerTest.kt:680:29 'fun <T> Assert<T>.isSameAs(expected: T): Unit' is deprecated. renamed to isSameInstanceAs.
w: file:///home/runner/work/okhttp/okhttp/okhttp/src/jvmTest/kotlin/okhttp3/EventListenerTest.kt:770:33 'fun <T> Assert<T>.isSameAs(expected: T): Unit' is deprecated. renamed to isSameInstanceAs.
w: file:///home/runner/work/okhttp/okhttp/okhttp/src/jvmTest/kotlin/okhttp3/EventListenerTest.kt:794:33 'fun <T> Assert<T>.isSameAs(expected: T): Unit' is deprecated. renamed to isSameInstanceAs.
w: file:///home/runner/work/okhttp/okhttp/okhttp/src/jvmTest/kotlin/okhttp3/EventListenerTest.kt:816:35 'fun <T> Assert<T>.isSameAs(expected: T): Unit' is deprecated. renamed to isSameInstanceAs.
w: file:///home/runner/work/okhttp/okhttp/okhttp/src/jvmTest/kotlin/okhttp3/EventListenerTest.kt:820:33 'fun <T> Assert<T>.isSameAs(expected: T): Unit' is deprecated. renamed to isSameInstanceAs.
w: file:///home/runner/work/okhttp/okhttp/okhttp/src/jvmTest/kotlin/okhttp3/EventListenerTest.kt:847:35 'fun <T> Assert<T>.isSameAs(expected: T): Unit' is deprecated. renamed to isSameInstanceAs.
w: file:///home/runner/work/okhttp/okhttp/okhttp/src/jvmTest/kotlin/okhttp3/EventListenerTest.kt:851:36 'fun <T> Assert<T>.isSameAs(expected: T): Unit' is deprecated. renamed to isSameInstanceAs.
w: file:///home/runner/work/okhttp/okhttp/okhttp/src/jvmTest/kotlin/okhttp3/EventListenerTest.kt:910:35 'fun <T> Assert<T>.isSameAs(expected: T): Unit' is deprecated. renamed to isSameInstanceAs.
w: file:///home/runner/work/okhttp/okhttp/okhttp/src/jvmTest/kotlin/okhttp3/EventListenerTest.kt:916:33 'fun <T> Assert<T>.isSameAs(expected: T): Unit' is deprecated. renamed to isSameInstanceAs.
w: file:///home/runner/work/okhttp/okhttp/okhttp/src/jvmTest/kotlin/okhttp3/EventListenerTest.kt:948:35 'fun <T> Assert<T>.isSameAs(expected: T): Unit' is deprecated. renamed to isSameInstanceAs.
w: file:///home/runner/work/okhttp/okhttp/okhttp/src/jvmTest/kotlin/okhttp3/EventListenerTest.kt:952:33 'fun <T> Assert<T>.isSameAs(expected: T): Unit' is deprecated. renamed to isSameInstanceAs.
w: file:///home/runner/work/okhttp/okhttp/okhttp/src/jvmTest/kotlin/okhttp3/EventListenerTest.kt:1014:34 'fun <T> Assert<T>.isSameAs(expected: T): Unit' is deprecated. renamed to isSameInstanceAs.
w: file:///home/runner/work/okhttp/okhttp/okhttp/src/jvmTest/kotlin/okhttp3/EventListenerTest.kt:1016:32 'fun <T> Assert<T>.isSameAs(expected: T): Unit' is deprecated. renamed to isSameInstanceAs.
w: file:///home/runner/work/okhttp/okhttp/okhttp/src/jvmTest/kotlin/okhttp3/EventListenerTest.kt:1040:34 'fun <T> Assert<T>.isSameAs(expected: T): Unit' is deprecated. renamed to isSameInstanceAs.
w: file:///home/runner/work/okhttp/okhttp/okhttp/src/jvmTest/kotlin/okhttp3/EventListenerTest.kt:1042:33 'fun <T> Assert<T>.isSameAs(expected: T): Unit' is deprecated. renamed to isSameInstanceAs.
w: file:///home/runner/work/okhttp/okhttp/okhttp/src/jvmTest/kotlin/okhttp3/EventListenerTest.kt:1072:34 'fun <T> Assert<T>.isSameAs(expected: T): Unit' is deprecated. renamed to isSameInstanceAs.
w: file:///home/runner/work/okhttp/okhttp/okhttp/src/jvmTest/kotlin/okhttp3/EventListenerTest.kt:1074:32 'fun <T> Assert<T>.isSameAs(expected: T): Unit' is deprecated. renamed to isSameInstanceAs.
w: file:///home/runner/work/okhttp/okhttp/okhttp/src/jvmTest/kotlin/okhttp3/EventListenerTest.kt:1161:41 'fun <T> Assert<T>.isSameAs(expected: T): Unit' is deprecated. renamed to isSameInstanceAs.
w: file:///home/runner/work/okhttp/okhttp/okhttp/src/jvmTest/kotlin/okhttp3/EventListenerTest.kt:1223:48 'fun <T> Assert<T>.isSameAs(expected: T): Unit' is deprecated. renamed to isSameInstanceAs.
w: file:///home/runner/work/okhttp/okhttp/okhttp/src/jvmTest/kotlin/okhttp3/HeadersJvmTest.kt:154:36 Unchecked cast of 'kotlin.collections.Map<kotlin.String, kotlin.Nothing?>' to 'kotlin.collections.Map<kotlin.String, kotlin.String>'.
w: file:///home/runner/work/okhttp/okhttp/okhttp/src/jvmTest/kotlin/okhttp3/OkHttpClientTest.kt:152:30 'fun <T> Assert<T>.isSameAs(expected: T): Unit' is deprecated. renamed to isSameInstanceAs.
w: file:///home/runner/work/okhttp/okhttp/okhttp/src/jvmTest/kotlin/okhttp3/OkHttpClientTest.kt:153:34 'fun <T> Assert<T>.isSameAs(expected: T): Unit' is deprecated. renamed to isSameInstanceAs.
w: file:///home/runner/work/okhttp/okhttp/okhttp/src/jvmTest/kotlin/okhttp3/OkHttpClientTest.kt:154:36 'fun <T> Assert<T>.isSameAs(expected: T): Unit' is deprecated. renamed to isSameInstanceAs.
w: file:///home/runner/work/okhttp/okhttp/okhttp/src/jvmTest/kotlin/okhttp3/OkHttpClientTest.kt:155:36 'fun <T> Assert<T>.isSameAs(expected: T): Unit' is deprecated. renamed to isSameInstanceAs.
w: file:///home/runner/work/okhttp/okhttp/okhttp/src/jvmTest/kotlin/okhttp3/OkHttpClientTest.kt:173:48 Unchecked cast of 'kotlin.collections.List<kotlin.Nothing?>' to 'kotlin.collections.List<okhttp3.Interceptor>'.
w: file:///home/runner/work/okhttp/okhttp/okhttp/src/jvmTest/kotlin/okhttp3/OkHttpClientTest.kt:183:55 Unchecked cast of 'kotlin.collections.List<kotlin.Nothing?>' to 'kotlin.collections.List<okhttp3.Interceptor>'.
w: file:///home/runner/work/okhttp/okhttp/okhttp/src/jvmTest/kotlin/okhttp3/OkHttpClientTest.kt:270:9 Unchecked cast of 'okhttp3.<anonymous>' to 'kotlin.collections.List<okhttp3.Protocol>'.
w: file:///home/runner/work/okhttp/okhttp/okhttp/src/jvmTest/kotlin/okhttp3/OkHttpClientTest.kt:291:30 Unchecked cast of 'kotlin.collections.MutableList<okhttp3.Protocol?>' to 'kotlin.collections.List<okhttp3.Protocol>'.
w: file:///home/runner/work/okhttp/okhttp/okhttp/src/jvmTest/kotlin/okhttp3/OkHttpClientTest.kt:321:30 'fun <T> Assert<T>.isSameAs(expected: T): Unit' is deprecated. renamed to isSameInstanceAs.
w: file:///home/runner/work/okhttp/okhttp/okhttp/src/jvmTest/kotlin/okhttp3/RequestCommonTest.kt:230:36 'fun <T> Assert<T>.isSameAs(expected: T): Unit' is deprecated. renamed to isSameInstanceAs.
w: file:///home/runner/work/okhttp/okhttp/okhttp/src/jvmTest/kotlin/okhttp3/RequestCommonTest.kt:231:41 'fun <T> Assert<T>.isSameAs(expected: T): Unit' is deprecated. renamed to isSameInstanceAs.
w: file:///home/runner/work/okhttp/okhttp/okhttp/src/jvmTest/kotlin/okhttp3/RequestCommonTest.kt:235:36 'fun <T> Assert<T>.isSameAs(expected: T): Unit' is deprecated. renamed to isSameInstanceAs.
w: file:///home/runner/work/okhttp/okhttp/okhttp/src/jvmTest/kotlin/okhttp3/RequestCommonTest.kt:236:41 'fun <T> Assert<T>.isSameAs(expected: T): Unit' is deprecated. renamed to isSameInstanceAs.
w: file:///home/runner/work/okhttp/okhttp/okhttp/src/jvmTest/kotlin/okhttp3/RequestCommonTest.kt:271:36 'fun <T> Assert<T>.isSameAs(expected: T): Unit' is deprecated. renamed to isSameInstanceAs.
w: file:///home/runner/work/okhttp/okhttp/okhttp/src/jvmTest/kotlin/okhttp3/RequestCommonTest.kt:272:41 'fun <T> Assert<T>.isSameAs(expected: T): Unit' is deprecated. renamed to isSameInstanceAs.
w: file:///home/runner/work/okhttp/okhttp/okhttp/src/jvmTest/kotlin/okhttp3/RequestCommonTest.kt:276:41 'fun <T> Assert<T>.isSameAs(expected: T): Unit' is deprecated. renamed to isSameInstanceAs.
w: file:///home/runner/work/okhttp/okhttp/okhttp/src/jvmTest/kotlin/okhttp3/RequestCommonTest.kt:277:36 'fun <T> Assert<T>.isSameAs(expected: T): Unit' is deprecated. renamed to isSameInstanceAs.
w: file:///home/runner/work/okhttp/okhttp/okhttp/src/jvmTest/kotlin/okhttp3/RequestCommonTest.kt:289:39 'fun <T> Assert<T>.isSameAs(expected: T): Unit' is deprecated. renamed to isSameInstanceAs.
w: file:///home/runner/work/okhttp/okhttp/okhttp/src/jvmTest/kotlin/okhttp3/RequestCommonTest.kt:293:44 'fun <T> Assert<T>.isSameAs(expected: T): Unit' is deprecated. renamed to isSameInstanceAs.
w: file:///home/runner/work/okhttp/okhttp/okhttp/src/jvmTest/kotlin/okhttp3/RequestCommonTest.kt:306:44 'fun <T> Assert<T>.isSameAs(expected: T): Unit' is deprecated. renamed to isSameInstanceAs.
w: file:///home/runner/work/okhttp/okhttp/okhttp/src/jvmTest/kotlin/okhttp3/RequestCommonTest.kt:309:44 'fun <T> Assert<T>.isSameAs(expected: T): Unit' is deprecated. renamed to isSameInstanceAs.
w: file:///home/runner/work/okhttp/okhttp/okhttp/src/jvmTest/kotlin/okhttp3/RequestCommonTest.kt:310:39 'fun <T> Assert<T>.isSameAs(expected: T): Unit' is deprecated. renamed to isSameInstanceAs.
w: file:///home/runner/work/okhttp/okhttp/okhttp/src/jvmTest/kotlin/okhttp3/RequestCommonTest.kt:324:44 'fun <T> Assert<T>.isSameAs(expected: T): Unit' is deprecated. renamed to isSameInstanceAs.
w: file:///home/runner/work/okhttp/okhttp/okhttp/src/jvmTest/kotlin/okhttp3/RequestCommonTest.kt:340:36 'fun <T> Assert<T>.isSameAs(expected: T): Unit' is deprecated. renamed to isSameInstanceAs.
w: file:///home/runner/work/okhttp/okhttp/okhttp/src/jvmTest/kotlin/okhttp3/RequestCommonTest.kt:341:41 'fun <T> Assert<T>.isSameAs(expected: T): Unit' is deprecated. renamed to isSameInstanceAs.
w: file:///home/runner/work/okhttp/okhttp/okhttp/src/jvmTest/kotlin/okhttp3/RequestCommonTest.kt:342:44 'fun <T> Assert<T>.isSameAs(expected: T): Unit' is deprecated. renamed to isSameInstanceAs.
w: file:///home/runner/work/okhttp/okhttp/okhttp/src/jvmTest/kotlin/okhttp3/RequestCommonTest.kt:358:45 'fun <T> Assert<T>.isSameAs(expected: T): Unit' is deprecated. renamed to isSameInstanceAs.
w: file:///home/runner/work/okhttp/okhttp/okhttp/src/jvmTest/kotlin/okhttp3/RequestCommonTest.kt:359:45 'fun <T> Assert<T>.isSameAs(expected: T): Unit' is deprecated. renamed to isSameInstanceAs.
w: file:///home/runner/work/okhttp/okhttp/okhttp/src/jvmTest/kotlin/okhttp3/RequestCommonTest.kt:360:45 'fun <T> Assert<T>.isSameAs(expected: T): Unit' is deprecated. renamed to isSameInstanceAs.
w: file:///home/runner/work/okhttp/okhttp/okhttp/src/jvmTest/kotlin/okhttp3/RequestTest.kt:379:31 'fun <T> Assert<T>.isSameAs(expected: T): Unit' is deprecated. renamed to isSameInstanceAs.
w: file:///home/runner/work/okhttp/okhttp/okhttp/src/jvmTest/kotlin/okhttp3/RequestTest.kt:380:46 'fun <T> Assert<T>.isSameAs(expected: T): Unit' is deprecated. renamed to isSameInstanceAs.
w: file:///home/runner/work/okhttp/okhttp/okhttp/src/jvmTest/kotlin/okhttp3/RequestTest.kt:385:36 'fun <T> Assert<T>.isSameAs(expected: T): Unit' is deprecated. renamed to isSameInstanceAs.
w: file:///home/runner/work/okhttp/okhttp/okhttp/src/jvmTest/kotlin/okhttp3/RequestTest.kt:386:41 'fun <T> Assert<T>.isSameAs(expected: T): Unit' is deprecated. renamed to isSameInstanceAs.
w: file:///home/runner/work/okhttp/okhttp/okhttp/src/jvmTest/kotlin/okhttp3/RequestTest.kt:421:31 'fun <T> Assert<T>.isSameAs(expected: T): Unit' is deprecated. renamed to isSameInstanceAs.
w: file:///home/runner/work/okhttp/okhttp/okhttp/src/jvmTest/kotlin/okhttp3/RequestTest.kt:422:46 'fun <T> Assert<T>.isSameAs(expected: T): Unit' is deprecated. renamed to isSameInstanceAs.
w: file:///home/runner/work/okhttp/okhttp/okhttp/src/jvmTest/kotlin/okhttp3/RequestTest.kt:427:41 'fun <T> Assert<T>.isSameAs(expected: T): Unit' is deprecated. renamed to isSameInstanceAs.
w: file:///home/runner/work/okhttp/okhttp/okhttp/src/jvmTest/kotlin/okhttp3/RequestTest.kt:428:36 'fun <T> Assert<T>.isSameAs(expected: T): Unit' is deprecated. renamed to isSameInstanceAs.
w: file:///home/runner/work/okhttp/okhttp/okhttp/src/jvmTest/kotlin/okhttp3/RequestTest.kt:442:47 'fun <T> Assert<T>.isSameAs(expected: T): Unit' is deprecated. renamed to isSameInstanceAs.
w: file:///home/runner/work/okhttp/okhttp/okhttp/src/jvmTest/kotlin/okhttp3/RequestTest.kt:446:42 'fun <T> Assert<T>.isSameAs(expected: T): Unit' is deprecated. renamed to isSameInstanceAs.
w: file:///home/runner/work/okhttp/okhttp/okhttp/src/jvmTest/kotlin/okhttp3/RequestTest.kt:447:37 'fun <T> Assert<T>.isSameAs(expected: T): Unit' is deprecated. renamed to isSameInstanceAs.
w: file:///home/runner/work/okhttp/okhttp/okhttp/src/jvmTest/kotlin/okhttp3/RequestTest.kt:461:37 'fun <T> Assert<T>.isSameAs(expected: T): Unit' is deprecated. renamed to isSameInstanceAs.
w: file:///home/runner/work/okhttp/okhttp/okhttp/src/jvmTest/kotlin/okhttp3/RequestTest.kt:465:47 'fun <T> Assert<T>.isSameAs(expected: T): Unit' is deprecated. renamed to isSameInstanceAs.
w: file:///home/runner/work/okhttp/okhttp/okhttp/src/jvmTest/kotlin/okhttp3/RequestTest.kt:466:42 'fun <T> Assert<T>.isSameAs(expected: T): Unit' is deprecated. renamed to isSameInstanceAs.
w: file:///home/runner/work/okhttp/okhttp/okhttp/src/jvmTest/kotlin/okhttp3/RequestTest.kt:480:42 'fun <T> Assert<T>.isSameAs(expected: T): Unit' is deprecated. renamed to isSameInstanceAs.
w: file:///home/runner/work/okhttp/okhttp/okhttp/src/jvmTest/kotlin/okhttp3/RequestTest.kt:484:47 'fun <T> Assert<T>.isSameAs(expected: T): Unit' is deprecated. renamed to isSameInstanceAs.
w: file:///home/runner/work/okhttp/okhttp/okhttp/src/jvmTest/kotlin/okhttp3/RequestTest.kt:485:37 'fun <T> Assert<T>.isSameAs(expected: T): Unit' is deprecated. renamed to isSameInstanceAs.
w: file:///home/runner/work/okhttp/okhttp/okhttp/src/jvmTest/kotlin/okhttp3/RequestTest.kt:499:47 'fun <T> Assert<T>.isSameAs(expected: T): Unit' is deprecated. renamed to isSameInstanceAs.
w: file:///home/runner/work/okhttp/okhttp/okhttp/src/jvmTest/kotlin/okhttp3/RequestTest.kt:517:31 'fun <T> Assert<T>.isSameAs(expected: T): Unit' is deprecated. renamed to isSameInstanceAs.
w: file:///home/runner/work/okhttp/okhttp/okhttp/src/jvmTest/kotlin/okhttp3/RequestTest.kt:518:46 'fun <T> Assert<T>.isSameAs(expected: T): Unit' is deprecated. renamed to isSameInstanceAs.
w: file:///home/runner/work/okhttp/okhttp/okhttp/src/jvmTest/kotlin/okhttp3/RequestTest.kt:519:47 'fun <T> Assert<T>.isSameAs(expected: T): Unit' is deprecated. renamed to isSameInstanceAs.
w: file:///home/runner/work/okhttp/okhttp/okhttp/src/jvmTest/kotlin/okhttp3/RequestTest.kt:520:49 'fun <T> Assert<T>.isSameAs(expected: T): Unit' is deprecated. renamed to isSameInstanceAs.
w: file:///home/runner/work/okhttp/okhttp/okhttp/src/jvmTest/kotlin/okhttp3/RequestTest.kt:521:57 'fun <T> Assert<T>.isSameAs(expected: T): Unit' is deprecated. renamed to isSameInstanceAs.
w: file:///home/runner/work/okhttp/okhttp/okhttp/src/jvmTest/kotlin/okhttp3/RequestTest.kt:534:50 'fun <T> Assert<T>.isSameAs(expected: T): Unit' is deprecated. renamed to isSameInstanceAs.
w: file:///home/runner/work/okhttp/okhttp/okhttp/src/jvmTest/kotlin/okhttp3/RequestTest.kt:535:50 'fun <T> Assert<T>.isSameAs(expected: T): Unit' is deprecated. renamed to isSameInstanceAs.
w: file:///home/runner/work/okhttp/okhttp/okhttp/src/jvmTest/kotlin/okhttp3/RequestTest.kt:536:50 'fun <T> Assert<T>.isSameAs(expected: T): Unit' is deprecated. renamed to isSameInstanceAs.
w: file:///home/runner/work/okhttp/okhttp/okhttp/src/jvmTest/kotlin/okhttp3/ResponseBodyTest.kt:35:25 Condition is always 'true'.
w: file:///home/runner/work/okhttp/okhttp/okhttp/src/jvmTest/kotlin/okhttp3/SocketChannelTest.kt:130:20 'fun supportsTlsExtensions(supportsTlsExtensions: Boolean): ConnectionSpec.Builder' is deprecated. since OkHttp 3.13 all TLS-connections are expected to support TLS extensions.
In a future release setting this to true will be unnecessary and setting it to false
will have no effect.
w: file:///home/runner/work/okhttp/okhttp/okhttp/src/jvmTest/kotlin/okhttp3/TestTls13Request.kt:83:60 'fun provideTrustManager(): Conscrypt.ProviderBuilder!' is deprecated. Deprecated in Java.
w: file:///home/runner/work/okhttp/okhttp/okhttp/src/jvmTest/kotlin/okhttp3/URLConnectionTest.kt:1273:19 'static fun setDefaultRequestProperty(p0: String!, p1: String!): Unit' is deprecated. Deprecated in Java.
w: file:///home/runner/work/okhttp/okhttp/okhttp/src/jvmTest/kotlin/okhttp3/URLConnectionTest.kt:1274:30 'static fun getDefaultRequestProperty(p0: String!): String!' is deprecated. Deprecated in Java.
w: file:///home/runner/work/okhttp/okhttp/okhttp/src/jvmTest/kotlin/okhttp3/internal/cache/DiskLruCacheTest.kt:817:39 'fun <T> Assert<T>.isSameAs(expected: T): Unit' is deprecated. renamed to isSameInstanceAs.
w: file:///home/runner/work/okhttp/okhttp/okhttp/src/jvmTest/kotlin/okhttp3/internal/concurrent/TaskRunnerTest.kt:678:28 'fun <T> Assert<T>.isSameAs(expected: T): Unit' is deprecated. renamed to isSameInstanceAs.
w: file:///home/runner/work/okhttp/okhttp/okhttp/src/jvmTest/kotlin/okhttp3/internal/connection/RouteSelectorTest.kt:391:34 'fun <T> Assert<T>.isSameAs(expected: T): Unit' is deprecated. renamed to isSameInstanceAs.
w: file:///home/runner/work/okhttp/okhttp/okhttp/src/jvmTest/kotlin/okhttp3/internal/connection/RouteSelectorTest.kt:392:34 'fun <T> Assert<T>.isSameAs(expected: T): Unit' is deprecated. renamed to isSameInstanceAs.
w: file:///home/runner/work/okhttp/okhttp/okhttp/src/jvmTest/kotlin/okhttp3/internal/ws/WebSocketRecorder.kt:177:25 'fun <T> Assert<T>.isSameAs(expected: T): Unit' is deprecated. renamed to isSameInstanceAs.
w: file:///home/runner/work/okhttp/okhttp/okhttp/src/jvmTest/kotlin/okhttp3/test/BaseJavaTest.kt:18:1 'expect'/'actual' classes (including interfaces, objects, annotations, enums, and 'actual' typealiases) are in Beta. You can use -Xexpect-actual-classes flag to suppress this warning. Also see: https://youtrack.jetbrains.com/issue/KT-61573
2025-04-11T03:10:49.6355541Z
> Task :okhttp-tls:lintAnalyzeJvmTest
> Task :okhttp:jvmTestClasses
2025-04-11T03:10:49.8411122Z
> Task :okhttp-tls:lintReportJvm
Wrote HTML report to file:///home/runner/work/okhttp/okhttp/okhttp-tls/build/reports/lint-results.html
2025-04-11T03:10:49.8413610Z
> Task :okhttp-tls:lintJvm
> Task :okhttp-tls:lint
> Task :okhttp-tls:check
2025-04-11T03:10:56.5355340Z
> Task :samples:guide:kaptGenerateStubsKotlin
w: Support for language version 2.0+ in kapt is in Alpha and must be enabled explicitly. Falling back to 1.9.
2025-04-11T03:10:57.0355356Z
> Task :samples:crawler:sympathyForMrMaven
> Task :samples:crawler:lintAnalyzeJvmTest
> Task :samples:simple-client:checkKotlinGradlePluginConfigurationErrors SKIPPED
> Task :samples:simple-client:compileKotlin NO-SOURCE
> Task :samples:simple-client:compileJava FROM-CACHE
> Task :samples:simple-client:processResources NO-SOURCE
> Task :samples:simple-client:classes UP-TO-DATE
> Task :samples:simple-client:animalsnifferMain
> Task :samples:simple-client:checkstyleMain FROM-CACHE
> Task :samples:simple-client:generateJvmMainLintModel
> Task :samples:simple-client:jar
> Task :samples:simple-client:generateJvmTestLintModel
> Task :samples:crawler:lintAnalyzeJvmMain
> Task :samples:simple-client:lintAnalyzeJvmMain
> Task :samples:guide:processResources NO-SOURCE
> Task :samples:guide:sympathyForMrMaven
2025-04-11T03:11:06.4364305Z
> Task :samples:guide:kaptKotlin
warning: Kapt support in Moshi Kotlin Code Gen is deprecated and will be removed in 2.0. Please migrate to KSP. https://github.com/square/moshi#codegen
2025-04-11T03:11:09.7354924Z
> Task :samples:guide:compileKotlin
w: file:///home/runner/work/okhttp/okhttp/samples/guide/src/main/java/okhttp3/recipes/kt/CustomTrust.kt:174:56 'val subjectDN: Principal!' is deprecated. Deprecated in Java.
w: file:///home/runner/work/okhttp/okhttp/samples/guide/src/main/java/okhttp3/recipes/kt/WiresharkExample.kt:16:36 This code uses error suppression for 'INVISIBLE_REFERENCE'. While it might compile and work, the compiler behavior is UNSPECIFIED and WON'T BE PRESERVED. Please report your use case to the Kotlin issue tracker instead: https://kotl.in/issue
w: file:///home/runner/work/okhttp/okhttp/samples/guide/src/main/java/okhttp3/recipes/kt/YubikeyClientAuth.kt:16:36 This code uses error suppression for 'INVISIBLE_REFERENCE'. While it might compile and work, the compiler behavior is UNSPECIFIED and WON'T BE PRESERVED. Please report your use case to the Kotlin issue tracker instead: https://kotl.in/issue
2025-04-11T03:11:09.9356350Z
> Task :samples:guide:compileJava FROM-CACHE
> Task :samples:guide:classes UP-TO-DATE
> Task :samples:guide:animalsnifferMain
> Task :samples:guide:checkstyleMain FROM-CACHE
> Task :samples:guide:generateJvmMainLintModel
> Task :samples:guide:jar
> Task :samples:guide:generateJvmTestLintModel
> Task :okhttp:jvmTest
> Task :samples:crawler:lintReportJvm
> Task :samples:simple-client:lintAnalyzeJvmTest
> Task :samples:guide:lintAnalyzeJvmMain
> Task :samples:guide:lintAnalyzeJvmTest
2025-04-11T03:11:37.0358122Z
> Task :samples:guide:lintReportJvm
Wrote HTML report to file:///home/runner/work/okhttp/okhttp/samples/guide/build/reports/lint-results.html
2025-04-11T03:11:37.0360210Z
> Task :samples:guide:lintJvm
> Task :samples:guide:lint
> Task :samples:guide:check
> Task :samples:simple-client:sympathyForMrMaven
> Task :samples:slack:checkKotlinGradlePluginConfigurationErrors SKIPPED
> Task :samples:slack:compileKotlin NO-SOURCE
> Task :samples:slack:compileJava FROM-CACHE
> Task :samples:slack:processResources NO-SOURCE
> Task :samples:slack:classes UP-TO-DATE
> Task :samples:slack:animalsnifferMain
> Task :samples:slack:checkstyleMain FROM-CACHE
> Task :samples:slack:generateJvmMainLintModel
> Task :samples:slack:jar
> Task :samples:slack:generateJvmTestLintModel
> Task :samples:crawler:lintJvm
> Task :samples:crawler:lint
> Task :samples:crawler:check
> Task :samples:slack:lintAnalyzeJvmMain
> Task :samples:slack:sympathyForMrMaven
> Task :samples:static-server:checkKotlinGradlePluginConfigurationErrors SKIPPED
> Task :samples:static-server:compileKotlin NO-SOURCE
> Task :samples:static-server:compileJava FROM-CACHE
> Task :samples:static-server:processResources NO-SOURCE
> Task :samples:static-server:classes UP-TO-DATE
> Task :samples:simple-client:lintReportJvm
> Task :samples:simple-client:lintJvm
> Task :samples:simple-client:lint
> Task :samples:simple-client:check
> Task :samples:tlssurvey:checkKotlinGradlePluginConfigurationErrors SKIPPED
> Task :samples:static-server:animalsnifferMain
> Task :samples:static-server:checkstyleMain FROM-CACHE
> Task :samples:static-server:generateJvmMainLintModel
> Task :samples:static-server:jar
> Task :samples:static-server:generateJvmTestLintModel
> Task :samples:slack:lintAnalyzeJvmTest
2025-04-11T03:11:40.7354902Z
> Task :samples:slack:lintReportJvm
Wrote HTML report to file:///home/runner/work/okhttp/okhttp/samples/slack/build/reports/lint-results.html
2025-04-11T03:11:40.7369840Z
> Task :samples:slack:lintJvm
> Task :samples:slack:lint
> Task :samples:slack:check
> Task :samples:tlssurvey:kspKotlin
> Task :samples:static-server:sympathyForMrMaven
> Task :samples:static-server:lintAnalyzeJvmMain
> Task :samples:tlssurvey:processResources
> Task :samples:tlssurvey:sympathyForMrMaven
> Task :samples:unixdomainsockets:checkKotlinGradlePluginConfigurationErrors SKIPPED
> Task :samples:unixdomainsockets:compileKotlin NO-SOURCE
> Task :samples:unixdomainsockets:compileJava FROM-CACHE
> Task :samples:unixdomainsockets:processResources NO-SOURCE
> Task :samples:unixdomainsockets:classes UP-TO-DATE
> Task :samples:tlssurvey:compileKotlin
> Task :samples:tlssurvey:compileJava NO-SOURCE
> Task :samples:tlssurvey:classes
> Task :samples:static-server:lintAnalyzeJvmTest
2025-04-11T03:11:43.3359629Z
> Task :samples:static-server:lintReportJvm
Wrote HTML report to file:///home/runner/work/okhttp/okhttp/samples/static-server/build/reports/lint-results.html
2025-04-11T03:11:43.3372939Z
> Task :samples:static-server:lintJvm
> Task :samples:static-server:lint
> Task :samples:static-server:check
> Task :samples:unixdomainsockets:animalsnifferMain
> Task :samples:unixdomainsockets:checkstyleMain FROM-CACHE
> Task :samples:unixdomainsockets:generateJvmMainLintModel
> Task :samples:unixdomainsockets:jar
> Task :samples:tlssurvey:animalsnifferMain
> Task :samples:tlssurvey:checkstyleMain NO-SOURCE
> Task :samples:unixdomainsockets:generateJvmTestLintModel
> Task :samples:tlssurvey:generateJvmMainLintModel
> Task :samples:tlssurvey:jar
> Task :samples:tlssurvey:kspTestKotlin NO-SOURCE
> Task :samples:tlssurvey:generateJvmTestLintModel
> Task :samples:unixdomainsockets:lintAnalyzeJvmTest
> Task :samples:unixdomainsockets:lintAnalyzeJvmMain
> Task :samples:unixdomainsockets:lintReportJvm
> Task :samples:unixdomainsockets:lintJvm
> Task :samples:unixdomainsockets:lint
> Task :samples:unixdomainsockets:sympathyForMrMaven
> Task :samples:unixdomainsockets:check
> Task :samples:tlssurvey:lintAnalyzeJvmMain
> Task :samples:tlssurvey:lintAnalyzeJvmTest
> Task :samples:tlssurvey:lintReportJvm
> Task :samples:tlssurvey:lintJvm
> Task :samples:tlssurvey:lint
> Task :samples:tlssurvey:check
2025-04-11T03:13:30.0371856Z
> Task :okhttp:jvmTest
2025-04-11T03:13:30.0378719Z
HttpOverHttp2Test[jvm] > connectionWindowUpdateAfterCanceling(Protocol, MockWebServer)[jvm] > [1] h2_prior_knowledge[jvm] FAILED
java.lang.AssertionError: Timed out waiting for log message.
at okhttp3.TestLogHandler.take(TestLogHandler.kt:93)
at okhttp3.internal.http2.HttpOverHttp2Test.waitForDataFrames(HttpOverHttp2Test.kt:431)
at okhttp3.internal.http2.HttpOverHttp2Test.connectionWindowUpdateAfterCanceling(HttpOverHttp2Test.kt:412)
2025-04-11T03:13:57.2372466Z
2924 tests completed, 1 failed, 171 skipped
There were failing tests. See the report at: file:///home/runner/work/okhttp/okhttp/okhttp/build/reports/tests/jvmTest/index.html
2025-04-11T03:13:57.6355985Z
> Task :okhttp:allTests FAILED
2025-04-11T03:13:57.7355582Z
gradle/actions: Writing build results to /home/runner/work/_temp/.gradle-actions/build-results/__run-1744340788608.json
FAILURE: Build failed with an exception.
2025-04-11T03:13:57.7366760Z
* What went wrong:
Execution failed for task ':okhttp:allTests'.
> There were failing tests. See the report at: file:///home/runner/work/okhttp/okhttp/okhttp/build/reports/tests/allTests/index.html
2025-04-11T03:13:57.7369773Z
* Try:
> Run with --stacktrace option to get the stack trace.
> Run with --info or --debug option to get more log output.
> Run with --scan to get full insights.
> Get more help at https://help.gradle.org.
2025-04-11T03:13:57.7372949Z
BUILD FAILED in 7m 32s
2025-04-11T03:13:57.7373385Z
[Incubating] Problems report is available at: file:///home/runner/work/okhttp/okhttp/build/reports/problems/problems-report.html
2025-04-11T03:13:57.7375454Z
Deprecated Gradle features were used in this build, making it incompatible with Gradle 9.0.
2025-04-11T03:13:57.7376592Z
You can use '--warning-mode all' to show the individual deprecation warnings and determine if they come from your own scripts or plugins.
2025-04-11T03:13:57.7378189Z
For more on this, please refer to https://docs.gradle.org/8.13/userguide/command_line_interface.html#sec:command_line_warnings in the Gradle documentation.
523 actionable tasks: 487 executed, 36 from cache
##[error]Process completed with exit code 1.

In post-action step
Cache is read-only: will not save state for use in subsequent builds.
Generating Job Summary
Completed post-action step




2 49 0
Temporarily overriding HOME='/home/runner/work/_temp/a7f84631-03fd-4cfd-baf2-d1254baecc18' before making global git config changes

[command]/usr/bin/git config --global --add safe.directory /home/runner/work/okhttp/okhttp
core\.sshCommand
'core\.sshCommand' 'core.sshCommand'
http\.https\:\/\/github\.com\/\.extraheader


'http\.https\:\/\/github\.com\/\.extraheader' 'http.https://github.com/.extraheader'

Terminate orphan process: pid (2137) (java)
Terminate orphan process: pid (2326) (java)
