Requested labels: macos-13
Job defined at: square/retrofit/.github/workflows/build.yml@refs/pull/3866/merge
Waiting for a runner to pick up this job...
Job is waiting for a hosted runner to come online.
Job is about to start running on the hosted runner: GitHub Actions 481 (hosted)
Current runner version: '2.323.0'
##[group]Operating System
macOS
13.7.4
22H420
##[endgroup]
##[group]Runner Image
Image: macos-13
Version: 20250331.901
Included Software: https://github.com/actions/runner-images/blob/macos-13/20250331.901/images/macos/macos-13-Readme.md
Image Release: https://github.com/actions/runner-images/releases/tag/macos-13%2F20250331.901
##[endgroup]
##[group]Runner Image Provisioner
2.0.422.1+55c30c14fe2a0a1547db1b656933ae07d97649a9
##[endgroup]
##[group]GITHUB_TOKEN Permissions
Actions: write
write
write
write
write
write
write


write
write
write
write
write
write
##[endgroup]
Actions



'actions/checkout@v4'
Version: 4.2.2
ccb2698953eaebd21c7bf6268a94f9c26518a7e38e27e0b83c1fe1ad049819b1
11bd71901bbe5b1630ceea73d27597364c9af683
##[endgroup]
'actions/setup-java@v4'
Version: 4.7.0
5f5c07139c6dc32a599e9e0b973af500cb67a72aa7e5c437df96130dd73c8479
3a4f6e1af504cf6a31855fa899c6aa5355ba6c12
##[endgroup]
'gradle/actions@v4' 06832c7b30a0129d7fb559bcc6e43d26f6374244
robovm
actions/checkout@v4

square/retrofit



true


1



false


GRADLE_OPTS: -Dorg.gradle.jvmargs=-Xmx4g -Dorg.gradle.daemon=false -Dkotlin.incremental=false
##[endgroup]
square/retrofit

'/Users/runner/work/retrofit/retrofit'
[command]/usr/local/bin/git version
2 49 0
##[endgroup]
Copying '/Users/runner/.gitconfig' to '/Users/runner/work/_temp/92af553c-75d8-41d9-ad0b-5e8d94219fe2/.gitconfig'
Temporarily overriding HOME='/Users/runner/work/_temp/92af553c-75d8-41d9-ad0b-5e8d94219fe2' before making global git config changes

[command]/usr/local/bin/git config --global --add safe.directory /Users/runner/work/retrofit/retrofit
'/Users/runner/work/retrofit/retrofit'

[command]/usr/local/bin/git init /Users/runner/work/retrofit/retrofit










/Users/runner/work/retrofit/retrofit/.git/
[command]/usr/local/bin/git remote add origin https://github.com/square/retrofit
##[endgroup]

[command]/usr/local/bin/git config --local gc.auto 0
##[endgroup]

[command]/usr/local/bin/git config --local --name-only --get-regexp core\.sshCommand
[command]/usr/local/bin/git submodule foreach --recursive sh -c "git config --local --name-only --get-regexp 'core\.sshCommand' && git config --local --unset-all 'core.sshCommand' || :"
[command]/usr/local/bin/git config --local --name-only --get-regexp http\.https\:\/\/github\.com\/\.extraheader
[command]/usr/local/bin/git submodule foreach --recursive sh -c "git config --local --name-only --get-regexp 'http\.https\:\/\/github\.com\/\.extraheader' && git config --local --unset-all 'http.https://github.com/.extraheader' || :"
[command]/usr/local/bin/git config --local http.https://github.com/.extraheader AUTHORIZATION: basic ***
##[endgroup]

[command]/usr/local/bin/git -c protocol.version=2 fetch --no-tags --prune --no-recurse-submodules --depth=1 origin +de871ce0230c8d95ba4d90051fdcd22daadba3d5:refs/remotes/pull/3866/merge
https://github.com/square/retrofit
de871ce0230c8d95ba4d90051fdcd22daadba3d5  pull/3866/merge
##[endgroup]

##[endgroup]
[command]/usr/local/bin/git sparse-checkout disable
[command]/usr/local/bin/git config --local --unset-all extensions.worktreeConfig

[command]/usr/local/bin/git checkout --progress --force refs/remotes/pull/3866/merge
de871ce 3d502a6f48bf47fb1ad2e4c9ab5ac44e0a34633c 59e9a7975999183cd59e6fd62918661ebe417f63
##[endgroup]
[command]/usr/local/bin/git log -1 --format=%H
de871ce0230c8d95ba4d90051fdcd22daadba3d5
actions/setup-java@v4

distribution: zulu
java-version-file: .github/workflows/.java-version
java-package: jdk

server-id: github
server-username: GITHUB_ACTOR
server-password: GITHUB_TOKEN
overwrite-settings:
job-status: success


GRADLE_OPTS: -Dorg.gradle.jvmargs=-Xmx4g -Dorg.gradle.daemon=false -Dkotlin.incremental=false
##[endgroup]
##[group]Installed distributions
Trying to resolve the latest version from remote
Resolved latest version as 23.0.2+7
Trying to download...
Downloading Java 23.0.2+7 (Zulu) from https://cdn.azul.com/zulu/bin/zulu23.32.11-ca-crac-jdk23.0.2-macosx_x64.tar.gz ...
Extracting Java archive...
[command]/usr/bin/tar xz -C /Users/runner/work/_temp/d98c0735-4248-4905-a6f2-45cc6eb26a6d -f /Users/runner/work/_temp/7e9ff7a0-4265-4b33-b50b-537241eb4c8f
Java 23.0.2+7 was downloaded
Setting Java 23.0.2+7 as the default
Creating toolchains.xml for JDK version 23 from zulu
Writing to /Users/runner/.m2/toolchains.xml
2025-04-03T02:20:39.4383010Z
Java configuration:
Distribution: zulu
Version: 23.0.2+7
Path: /Users/runner/hostedtoolcache/Java_Zulu_jdk/23.0.2-7/x64
2025-04-03T02:20:39.4593520Z
##[endgroup]
Creating settings.xml with server-id: github
Writing to /Users/runner/.m2/settings.xml
gradle/actions/setup-gradle@v4

cache-disabled:
cache-read-only:
cache-write-only:
cache-overwrite-existing:
cache-cleanup: on-success
gradle-home-cache-includes: caches
notifications
add-job-summary: always
add-job-summary-as-pr-comment: never
dependency-graph: disabled
dependency-graph-report-dir: dependency-graph-reports
dependency-graph-continue-on-failure:
build-scan-publish:
validate-wrappers:
allow-snapshot-wrappers:
gradle-home-cache-strict-match:
workflow-job-context: null
github-token: ***

GRADLE_OPTS: -Dorg.gradle.jvmargs=-Xmx4g -Dorg.gradle.daemon=false -Dkotlin.incremental=false
JAVA_HOME: /Users/runner/hostedtoolcache/Java_Zulu_jdk/23.0.2-7/x64
JAVA_HOME_23_X64: /Users/runner/hostedtoolcache/Java_Zulu_jdk/23.0.2-7/x64
##[endgroup]
Gradle User Home already exists at /Users/runner/.gradle
Merged default JDK locations into /Users/runner/.m2/toolchains.xml
##[group]Restore Gradle state from cache
Cache hit for: gradle-home-v1|macOS-X64|robovm[debe7e2089933f89baa724f718db4c25]-de871ce0230c8d95ba4d90051fdcd22daadba3d5
Received 2191286 of 2191286 (100.0%), 4.0 MBs/sec
Cache Size: ~2 MB (2191286 B)
[command]/usr/local/bin/gtar -xf /Users/runner/work/_temp/6aff6370-6d3f-4720-9c73-6408d7c58c32/cache.tzst -P -C /Users/runner/work/retrofit/retrofit --delay-directory-restore --use-compress-program unzstd
Cache restored successfully
Restored cache entry with key gradle-home-v1|macOS-X64|robovm[debe7e2089933f89baa724f718db4c25]-de871ce0230c8d95ba4d90051fdcd22daadba3d5 to /Users/runner/.gradle/caches,/Users/runner/.gradle/notifications,/Users/runner/.gradle/.setup-gradle in 1514ms
Cache hit for: gradle-instrumented-jars-v1-b7cf5f31ba4b44830fa089edf2a5e924
Cache hit for: gradle-java-toolchains-v1-9663ef454c89c9830234c446a9d6390c
Cache hit for: gradle-java-toolchains-v1-0b33a3d7e43e9889ce3a51542db9b2a8
Cache hit for: gradle-dependencies-v1-adb6d778cbf2fddb05f343b1eaf9a94d
Cache hit for: gradle-wrapper-zips-v1-2404ef08b03d28a6a12a9811a47b570f
Cache hit for: gradle-transforms-v1-3c4dff28706fff7715df2d3627500a22
Cache hit for: gradle-groovy-dsl-v1-4152421eb3f29ddfb23de374cbdca000
Received 157265 of 157265 (100.0%), 0.8 MBs/sec
Cache Size: ~0 MB (157265 B)
[command]/usr/local/bin/gtar -xf /Users/runner/work/_temp/43e53ed1-c321-46b8-88f6-3fd2477f9179/cache.tzst -P -C /Users/runner/work/retrofit/retrofit --delay-directory-restore --use-compress-program unzstd
Received 253016 of 253016 (100.0%), 1.1 MBs/sec
Cache Size: ~0 MB (253016 B)
Cache restored successfully
Restored cache entry with key gradle-instrumented-jars-v1-b7cf5f31ba4b44830fa089edf2a5e924 to /Users/runner/.gradle/caches/jars-*/*/ in 787ms
Received 16777216 of 277630295 (6.0%), 14.5 MBs/sec
[command]/usr/local/bin/gtar -xf /Users/runner/work/_temp/3999ec1b-f5bc-402c-b97b-e72013466983/cache.tzst -P -C /Users/runner/work/retrofit/retrofit --delay-directory-restore --use-compress-program unzstd
Received 0 of 193287453 (0.0%), 0.0 MBs/sec
Received 0 of 283288936 (0.0%), 0.0 MBs/sec
Received 4194304 of 136153013 (3.1%), 3.4 MBs/sec
Received 0 of 90178419 (0.0%), 0.0 MBs/sec
Cache restored successfully
Restored cache entry with key gradle-groovy-dsl-v1-4152421eb3f29ddfb23de374cbdca000 to /Users/runner/.gradle/caches/*/groovy-dsl/*/ in 2182ms
Received 54525952 of 277630295 (19.6%), 24.0 MBs/sec
Received 29360128 of 193287453 (15.2%), 12.5 MBs/sec
Received 25165824 of 283288936 (8.9%), 10.9 MBs/sec
Received 37748736 of 136153013 (27.7%), 16.5 MBs/sec
Received 33554432 of 90178419 (37.2%), 14.9 MBs/sec
Received 109051904 of 277630295 (39.3%), 31.7 MBs/sec
Received 67108864 of 193287453 (34.7%), 19.6 MBs/sec
Received 58720256 of 283288936 (20.7%), 17.3 MBs/sec
Received 71303168 of 136153013 (52.4%), 21.2 MBs/sec
Received 67108864 of 90178419 (74.4%), 20.2 MBs/sec
Received 90178419 of 90178419 (100.0%), 23.1 MBs/sec
Cache Size: ~86 MB (90178419 B)
Received 134217728 of 277630295 (48.3%), 29.5 MBs/sec
Received 113246208 of 193287453 (58.6%), 24.7 MBs/sec
Received 109051904 of 283288936 (38.5%), 24.0 MBs/sec
Received 113246208 of 136153013 (83.2%), 25.1 MBs/sec
Received 167772160 of 277630295 (60.4%), 28.1 MBs/sec
Received 134217728 of 193287453 (69.4%), 23.2 MBs/sec
Received 134217728 of 283288936 (47.4%), 23.3 MBs/sec
Received 134217728 of 136153013 (98.6%), 23.5 MBs/sec
Received 136153013 of 136153013 (100.0%), 22.8 MBs/sec
Cache Size: ~130 MB (136153013 B)
[command]/usr/local/bin/gtar -xf /Users/runner/work/_temp/e911bf70-dcbc-402e-82d2-bc6c152f11cb/cache.tzst -P -C /Users/runner/work/retrofit/retrofit --delay-directory-restore --use-compress-program unzstd
Received 201326592 of 277630295 (72.5%), 25.9 MBs/sec
Received 168121629 of 193287453 (87.0%), 22.2 MBs/sec
Received 167772160 of 283288936 (59.2%), 22.3 MBs/sec
Received 209715200 of 277630295 (75.5%), 23.3 MBs/sec
Received 172315933 of 193287453 (89.2%), 19.5 MBs/sec
Received 167772160 of 283288936 (59.2%), 19.1 MBs/sec
Received 193287453 of 193287453 (100.0%), 19.4 MBs/sec
Cache Size: ~184 MB (193287453 B)
Received 226492416 of 277630295 (81.6%), 21.8 MBs/sec
Received 197132288 of 283288936 (69.6%), 19.4 MBs/sec
[command]/usr/local/bin/gtar -xf /Users/runner/work/_temp/7813f711-5f4f-44d3-9b62-139878c5551f/cache.tzst -P -C /Users/runner/work/retrofit/retrofit --delay-directory-restore --use-compress-program unzstd
Received 255852544 of 277630295 (92.2%), 22.3 MBs/sec
Received 226492416 of 283288936 (80.0%), 20.1 MBs/sec
[command]/usr/local/bin/gtar -xf /Users/runner/work/_temp/3855ec4f-a44e-4f59-8b60-efdee914df66/cache.tzst -P -C /Users/runner/work/retrofit/retrofit --delay-directory-restore --use-compress-program unzstd
Received 268435456 of 277630295 (96.7%), 20.9 MBs/sec
Received 264241152 of 283288936 (93.3%), 21.0 MBs/sec
Received 268435456 of 277630295 (96.7%), 17.5 MBs/sec
Received 268435456 of 283288936 (94.8%), 17.8 MBs/sec
Received 277630295 of 277630295 (100.0%), 17.5 MBs/sec
Cache Size: ~265 MB (277630295 B)
[command]/usr/local/bin/gtar -xf /Users/runner/work/_temp/f8ac7f1f-0682-4940-9cd7-5c1eeb5567bb/cache.tzst -P -C /Users/runner/work/retrofit/retrofit --delay-directory-restore --use-compress-program unzstd
Received 279094632 of 283288936 (98.5%), 17.3 MBs/sec
Received 283288936 of 283288936 (100.0%), 16.9 MBs/sec
Cache Size: ~270 MB (283288936 B)
[command]/usr/local/bin/gtar -xf /Users/runner/work/_temp/0b66f321-2fb9-427a-9680-5b6845da18e4/cache.tzst -P -C /Users/runner/work/retrofit/retrofit --delay-directory-restore --use-compress-program unzstd
Cache restored successfully
Restored cache entry with key gradle-wrapper-zips-v1-2404ef08b03d28a6a12a9811a47b570f to /Users/runner/.gradle/wrapper/dists/gradle-8.13-bin/5xuhj0ry160q40clulazy9h7d in 17091ms
Cache restored successfully
Restored cache entry with key gradle-java-toolchains-v1-0b33a3d7e43e9889ce3a51542db9b2a8 to /Users/runner/.gradle/jdks/azul_systems__inc_-14-x86_64-os_x.2 in 20219ms
Cache restored successfully
Restored cache entry with key gradle-dependencies-v1-adb6d778cbf2fddb05f343b1eaf9a94d to /Users/runner/.gradle/caches/modules-*/files-*/*/*/*/* in 23189ms
Cache restored successfully
Restored cache entry with key gradle-transforms-v1-3c4dff28706fff7715df2d3627500a22 to /Users/runner/.gradle/caches/transforms-4/*/,/Users/runner/.gradle/caches/*/transforms/*/ in 23416ms
Cache restored successfully
Restored cache entry with key gradle-java-toolchains-v1-9663ef454c89c9830234c446a9d6390c to /Users/runner/.gradle/jdks/azul_systems__inc_-16-x86_64-os_x.2 in 23709ms
##[endgroup]
##[group]All Gradle Wrapper jars are valid
âœ“ Found known Gradle Wrapper JAR files:
2db75c40782f5e8ba1fc278a5574bab070adccb2d21ca5a6e5ed840888448046 gradle/wrapper/gradle-wrapper.jar
##[endgroup]
##[group]Run ./gradlew retrofit:robovm-test:robovmTest --stacktrace
[36;1m./gradlew retrofit:robovm-test:robovmTest --stacktrace[0m
shell: /bin/bash -e {0}

GRADLE_OPTS: -Dorg.gradle.jvmargs=-Xmx4g -Dorg.gradle.daemon=false -Dkotlin.incremental=false
JAVA_HOME: /Users/runner/hostedtoolcache/Java_Zulu_jdk/23.0.2-7/x64
JAVA_HOME_23_X64: /Users/runner/hostedtoolcache/Java_Zulu_jdk/23.0.2-7/x64
GRADLE_ACTION_ID: gradle/actions/setup-gradle
GRADLE_USER_HOME: /Users/runner/.gradle
GRADLE_BUILD_ACTION_SETUP_COMPLETED: true
GRADLE_BUILD_ACTION_CACHE_RESTORED: true
DEVELOCITY_INJECTION_INIT_SCRIPT_NAME: gradle-actions.inject-develocity.init.gradle
DEVELOCITY_AUTO_INJECTION_CUSTOM_VALUE: gradle-actions
GITHUB_DEPENDENCY_GRAPH_ENABLED: false
##[endgroup]
To honour the JVM settings for this build a single-use Daemon process will be forked. For more on this, please refer to https://docs.gradle.org/8.13/userguide/gradle_daemon.html#sec:disabling_the_daemon in the Gradle documentation.
Daemon will be stopped at the end of the build
Type-safe project accessors is an incubating feature.
2025-04-03T02:21:25.1242600Z
> Configure project :retrofit-converters:kotlinx-serialization
warning: Dokka Gradle plugin V1 is deprecated
2025-04-03T02:21:25.1317940Z
Dokka Gradle plugin V1 is deprecated, and will be removed in Dokka version 2.1.0
Please migrate to Dokka Gradle plugin V2. This will require updating your project.
To learn about migrating read the migration guide https://kotl.in/dokka-gradle-migration
2025-04-03T02:21:25.1339520Z
To start migrating to Dokka Gradle plugin V2 add
org.jetbrains.dokka.experimental.gradle.pluginMode=V2EnabledWithHelpers
into your project's `gradle.properties` file.
2025-04-03T02:21:25.1350600Z
We would appreciate your feedback!
- Please report any feedback or problems https://kotl.in/dokka-issues
- Chat with the community visit #dokka in https://kotlinlang.slack.com/ (To sign up visit https://kotl.in/slack)
2025-04-03T02:21:25.1361330Z
2025-04-03T02:21:27.5218820Z
> Task :retrofit:checkKotlinGradlePluginConfigurationErrors SKIPPED
> Task :retrofit:robovm-test:processResources NO-SOURCE
> Task :retrofit:processResources
> Task :retrofit:processJava14Resources NO-SOURCE
> Task :retrofit:processJava16Resources NO-SOURCE
> Task :retrofit:robovm-test:processTestResources NO-SOURCE
> Task :retrofit:compileKotlin
Note: Some input files use unchecked or unsafe operations.
2025-04-03T02:21:37.2932010Z
Note: Recompile with -Xlint:unchecked for details.
> Task :retrofit:compileJava
2025-04-03T02:21:39.6215810Z
> Task :retrofit:robovm-test:compileJava
> Task :retrofit:robovm-test:classes
> Task :retrofit:robovm-test:jar
> Task :retrofit:robovm-test:assemble
> Task :retrofit:classes
> Task :retrofit:compileJava14Kotlin NO-SOURCE
> Task :retrofit:compileJava14Java
> Task :retrofit:compileJava16Kotlin NO-SOURCE
> Task :retrofit:compileJava16Java
> Task :retrofit:java14Classes
> Task :retrofit:java16Classes
> Task :retrofit:jar
> Task :retrofit:robovm-test:compileTestJava NO-SOURCE
> Task :retrofit:robovm-test:testClasses UP-TO-DATE
> Task :retrofit:robovm-test:test NO-SOURCE
> Task :retrofit:robovm-test:check UP-TO-DATE
> Task :retrofit:robovm-test:build
2025-04-03T02:21:47.3305910Z
> Task :retrofit:robovm-test:robovmInstall
RoboVM has detected that you are running on a slow HDD. Please consider mounting a RAM disk.
To create a 2GB RAM disk, run this in your terminal:
SIZE=2048 ; diskutil erasevolume HFS+ 'RoboVM RAM Disk' `hdiutil attach -nomount ram://$((SIZE * 2048))`
See http://docs.robovm.com/ for more info
Warning: org.robovm.objc.ObjCObject is a phantom class!
Warning: javax.annotation.Nullable is a phantom class!
Warning: java.time.Instant is a phantom class!
Warning: org.codehaus.mojo.animal_sniffer.IgnoreJRERequirement is a phantom class!
Warning: android.os.Build$VERSION is a phantom class!
Warning: android.os.Build is a phantom class!
Warning: android.os.Handler is a phantom class!
Warning: java.time.Duration is a phantom class!
Warning: kotlin.Unit is a phantom class!
Warning: java.nio.file.Path is a phantom class!
Warning: java.nio.file.OpenOption is a phantom class!
Warning: android.os.Looper is a phantom class!
Warning: java.lang.reflect.Parameter is a phantom class!
Warning: android.annotation.TargetApi is a phantom class!
Warning: java.nio.file.Files is a phantom class!
Warning: android.annotation.SuppressLint is a phantom class!
Warning: android.net.ssl.SSLSockets is a phantom class!
Warning: android.util.Log is a phantom class!
Warning: org.conscrypt.Conscrypt$ProviderBuilder is a phantom class!
Warning: org.conscrypt.Conscrypt is a phantom class!
Warning: java.util.concurrent.CompletableFuture is a phantom class!
Warning: java.util.Optional is a phantom class!
Warning: kotlin.coroutines.Continuation is a phantom class!
Warning: javax.annotation.concurrent.GuardedBy is a phantom class!
Warning: kotlin.coroutines.jvm.internal.DebugProbesKt is a phantom class!
Warning: kotlin.jvm.internal.SourceDebugExtension is a phantom class!
Warning: kotlinx.coroutines.Dispatchers is a phantom class!
Warning: kotlinx.coroutines.CancellableContinuationImpl is a phantom class!
Warning: kotlin.KotlinNothingValueException is a phantom class!
Warning: kotlin.jvm.JvmName is a phantom class!
Warning: kotlin.jvm.functions.Function1 is a phantom class!
Warning: kotlinx.coroutines.CoroutineDispatcher is a phantom class!
Warning: kotlin.jvm.internal.Intrinsics is a phantom class!
Warning: kotlin.coroutines.CoroutineContext is a phantom class!
Warning: org.jetbrains.annotations.Nullable is a phantom class!
Warning: kotlin.coroutines.intrinsics.IntrinsicsKt is a phantom class!
Warning: kotlinx.coroutines.CancellableContinuation is a phantom class!
Warning: kotlin.ResultKt is a phantom class!
Warning: org.jetbrains.annotations.NotNull is a phantom class!
Warning: kotlin.Metadata is a phantom class!
Warning: kotlin.coroutines.jvm.internal.ContinuationImpl is a phantom class!
Warning: kotlin.Result is a phantom class!
Warning: kotlin.Result$Companion is a phantom class!
Warning: kotlin.coroutines.jvm.internal.DebugMetadata is a phantom class!
Warning: kotlin.KotlinNullPointerException is a phantom class!
2025-04-03T02:22:27.7972680Z
> Task :retrofit:robovm-test:robovmInstall FAILED
gradle/actions: Writing build results to /Users/runner/work/_temp/.gradle-actions/build-results/__run-1743646870465.json
2025-04-03T02:22:27.9677810Z
2025-04-03T02:22:27.9677830Z
FAILURE: Build failed with an exception.
[Incubating] Problems report is available at: file:///Users/runner/work/retrofit/retrofit/build/reports/problems/problems-report.html
2025-04-03T02:22:27.9795600Z
2025-04-03T02:22:27.9795610Z
* What went wrong:
Deprecated Gradle features were used in this build, making it incompatible with Gradle 9.0.
Execution failed for task ':retrofit:robovm-test:robovmInstall'.
2025-04-03T02:22:27.9819330Z
> Cannot invoke "String.matches(String)" because "candidate" is null
You can use '--warning-mode all' to show the individual deprecation warnings and determine if they come from your own scripts or plugins.
2025-04-03T02:22:27.9824460Z
2025-04-03T02:22:27.9824460Z
* Try:
For more on this, please refer to https://docs.gradle.org/8.13/userguide/command_line_interface.html#sec:command_line_warnings in the Gradle documentation.
> Run with --info or --debug option to get more log output.
> Run with --scan to get full insights.
> Get more help at https://help.gradle.org.
2025-04-03T02:22:27.9830920Z
* Exception is:
org.gradle.api.tasks.TaskExecutionException: Execution failed for task ':retrofit:robovm-test:robovmInstall'.
at org.gradle.api.internal.tasks.execution.ExecuteActionsTaskExecuter.lambda$executeIfValid$1(ExecuteActionsTaskExecuter.java:130)
at org.gradle.internal.Try$Failure.ifSuccessfulOrElse(Try.java:293)
at org.gradle.api.internal.tasks.execution.ExecuteActionsTaskExecuter.executeIfValid(ExecuteActionsTaskExecuter.java:128)
at org.gradle.api.internal.tasks.execution.ExecuteActionsTaskExecuter.execute(ExecuteActionsTaskExecuter.java:116)
at org.gradle.api.internal.tasks.execution.ProblemsTaskPathTrackingTaskExecuter.execute(ProblemsTaskPathTrackingTaskExecuter.java:40)
at org.gradle.api.internal.tasks.execution.FinalizePropertiesTaskExecuter.execute(FinalizePropertiesTaskExecuter.java:46)
at org.gradle.api.internal.tasks.execution.ResolveTaskExecutionModeExecuter.execute(ResolveTaskExecutionModeExecuter.java:51)
at org.gradle.api.internal.tasks.execution.SkipTaskWithNoActionsExecuter.execute(SkipTaskWithNoActionsExecuter.java:57)
at org.gradle.api.internal.tasks.execution.SkipOnlyIfTaskExecuter.execute(SkipOnlyIfTaskExecuter.java:74)
at org.gradle.api.internal.tasks.execution.CatchExceptionTaskExecuter.execute(CatchExceptionTaskExecuter.java:36)
at org.gradle.api.internal.tasks.execution.EventFiringTaskExecuter$1.executeTask(EventFiringTaskExecuter.java:77)
at org.gradle.api.internal.tasks.execution.EventFiringTaskExecuter$1.call(EventFiringTaskExecuter.java:55)
at org.gradle.api.internal.tasks.execution.EventFiringTaskExecuter$1.call(EventFiringTaskExecuter.java:52)
at org.gradle.internal.operations.DefaultBuildOperationRunner$CallableBuildOperationWorker.execute(DefaultBuildOperationRunner.java:210)
at org.gradle.internal.operations.DefaultBuildOperationRunner$CallableBuildOperationWorker.execute(DefaultBuildOperationRunner.java:205)
at org.gradle.internal.operations.DefaultBuildOperationRunner$2.execute(DefaultBuildOperationRunner.java:67)
at org.gradle.internal.operations.DefaultBuildOperationRunner$2.execute(DefaultBuildOperationRunner.java:60)
at org.gradle.internal.operations.DefaultBuildOperationRunner.execute(DefaultBuildOperationRunner.java:167)
at org.gradle.internal.operations.DefaultBuildOperationRunner.execute(DefaultBuildOperationRunner.java:60)
at org.gradle.internal.operations.DefaultBuildOperationRunner.call(DefaultBuildOperationRunner.java:54)
at org.gradle.api.internal.tasks.execution.EventFiringTaskExecuter.execute(EventFiringTaskExecuter.java:52)
at org.gradle.execution.plan.LocalTaskNodeExecutor.execute(LocalTaskNodeExecutor.java:42)
at org.gradle.execution.taskgraph.DefaultTaskExecutionGraph$InvokeNodeExecutorsAction.execute(DefaultTaskExecutionGraph.java:331)
at org.gradle.execution.taskgraph.DefaultTaskExecutionGraph$InvokeNodeExecutorsAction.execute(DefaultTaskExecutionGraph.java:318)
at org.gradle.execution.taskgraph.DefaultTaskExecutionGraph$BuildOperationAwareExecutionAction.lambda$execute$0(DefaultTaskExecutionGraph.java:314)
at org.gradle.internal.operations.CurrentBuildOperationRef.with(CurrentBuildOperationRef.java:85)
at org.gradle.execution.taskgraph.DefaultTaskExecutionGraph$BuildOperationAwareExecutionAction.execute(DefaultTaskExecutionGraph.java:314)
at org.gradle.execution.taskgraph.DefaultTaskExecutionGraph$BuildOperationAwareExecutionAction.execute(DefaultTaskExecutionGraph.java:303)
9 actionable tasks: 9 executed
at org.gradle.execution.plan.DefaultPlanExecutor$ExecutorWorker.execute(DefaultPlanExecutor.java:459)
at org.gradle.execution.plan.DefaultPlanExecutor$ExecutorWorker.run(DefaultPlanExecutor.java:376)
at org.gradle.internal.concurrent.ExecutorPolicy$CatchAndRecordFailures.onExecute(ExecutorPolicy.java:64)
at org.gradle.internal.concurrent.AbstractManagedExecutor$1.run(AbstractManagedExecutor.java:48)
Caused by: java.lang.NullPointerException: Cannot invoke "String.matches(String)" because "candidate" is null
at org.robovm.compiler.target.framework.FrameworkTarget.matches(FrameworkTarget.java:37)
at org.robovm.compiler.plugin.objc.ObjCMemberPlugin.preloadClassesForFramework(ObjCMemberPlugin.java:2009)
at org.robovm.compiler.plugin.objc.ObjCMemberPlugin.beforeLinker(ObjCMemberPlugin.java:698)
at org.robovm.compiler.Linker.link(Linker.java:198)
at org.robovm.compiler.AppCompiler.compile(AppCompiler.java:520)
at org.robovm.compiler.AppCompiler.build(AppCompiler.java:957)
at org.robovm.gradle.tasks.AbstractRoboVMBuildTask.invoke(AbstractRoboVMBuildTask.java:49)
at java.base/jdk.internal.reflect.DirectMethodHandleAccessor.invoke(DirectMethodHandleAccessor.java:103)
at org.gradle.internal.reflect.JavaMethod.invoke(JavaMethod.java:125)
at org.gradle.api.internal.project.taskfactory.StandardTaskAction.doExecute(StandardTaskAction.java:58)
at org.gradle.api.internal.project.taskfactory.StandardTaskAction.execute(StandardTaskAction.java:51)
at org.gradle.api.internal.project.taskfactory.StandardTaskAction.execute(StandardTaskAction.java:29)
at org.gradle.api.internal.tasks.execution.TaskExecution$3.run(TaskExecution.java:244)
at org.gradle.internal.operations.DefaultBuildOperationRunner$1.execute(DefaultBuildOperationRunner.java:30)
at org.gradle.internal.operations.DefaultBuildOperationRunner$1.execute(DefaultBuildOperationRunner.java:27)
at org.gradle.internal.operations.DefaultBuildOperationRunner$2.execute(DefaultBuildOperationRunner.java:67)
at org.gradle.internal.operations.DefaultBuildOperationRunner$2.execute(DefaultBuildOperationRunner.java:60)
at org.gradle.internal.operations.DefaultBuildOperationRunner.execute(DefaultBuildOperationRunner.java:167)
at org.gradle.internal.operations.DefaultBuildOperationRunner.execute(DefaultBuildOperationRunner.java:60)
at org.gradle.internal.operations.DefaultBuildOperationRunner.run(DefaultBuildOperationRunner.java:48)
at org.gradle.api.internal.tasks.execution.TaskExecution.executeAction(TaskExecution.java:229)
at org.gradle.api.internal.tasks.execution.TaskExecution.executeActions(TaskExecution.java:212)
at org.gradle.api.internal.tasks.execution.TaskExecution.executeWithPreviousOutputFiles(TaskExecution.java:195)
at org.gradle.api.internal.tasks.execution.TaskExecution.execute(TaskExecution.java:162)
at org.gradle.internal.execution.steps.ExecuteStep.executeInternal(ExecuteStep.java:105)
at org.gradle.internal.execution.steps.ExecuteStep.access$000(ExecuteStep.java:44)
at org.gradle.internal.execution.steps.ExecuteStep$1.call(ExecuteStep.java:59)
at org.gradle.internal.execution.steps.ExecuteStep$1.call(ExecuteStep.java:56)
at org.gradle.internal.operations.DefaultBuildOperationRunner$CallableBuildOperationWorker.execute(DefaultBuildOperationRunner.java:210)
at org.gradle.internal.operations.DefaultBuildOperationRunner$CallableBuildOperationWorker.execute(DefaultBuildOperationRunner.java:205)
at org.gradle.internal.operations.DefaultBuildOperationRunner$2.execute(DefaultBuildOperationRunner.java:67)
at org.gradle.internal.operations.DefaultBuildOperationRunner$2.execute(DefaultBuildOperationRunner.java:60)
at org.gradle.internal.operations.DefaultBuildOperationRunner.execute(DefaultBuildOperationRunner.java:167)
at org.gradle.internal.operations.DefaultBuildOperationRunner.execute(DefaultBuildOperationRunner.java:60)
at org.gradle.internal.operations.DefaultBuildOperationRunner.call(DefaultBuildOperationRunner.java:54)
at org.gradle.internal.execution.steps.ExecuteStep.execute(ExecuteStep.java:56)
at org.gradle.internal.execution.steps.ExecuteStep.execute(ExecuteStep.java:44)
at org.gradle.internal.execution.steps.CancelExecutionStep.execute(CancelExecutionStep.java:42)
at org.gradle.internal.execution.steps.TimeoutStep.executeWithoutTimeout(TimeoutStep.java:75)
at org.gradle.internal.execution.steps.TimeoutStep.execute(TimeoutStep.java:55)
at org.gradle.internal.execution.steps.PreCreateOutputParentsStep.execute(PreCreateOutputParentsStep.java:50)
at org.gradle.internal.execution.steps.PreCreateOutputParentsStep.execute(PreCreateOutputParentsStep.java:28)
at org.gradle.internal.execution.steps.RemovePreviousOutputsStep.execute(RemovePreviousOutputsStep.java:67)
at org.gradle.internal.execution.steps.RemovePreviousOutputsStep.execute(RemovePreviousOutputsStep.java:37)
at org.gradle.internal.execution.steps.BroadcastChangingOutputsStep.execute(BroadcastChangingOutputsStep.java:61)
at org.gradle.internal.execution.steps.BroadcastChangingOutputsStep.execute(BroadcastChangingOutputsStep.java:26)
at org.gradle.internal.execution.steps.CaptureOutputsAfterExecutionStep.execute(CaptureOutputsAfterExecutionStep.java:69)
at org.gradle.internal.execution.steps.CaptureOutputsAfterExecutionStep.execute(CaptureOutputsAfterExecutionStep.java:46)
at org.gradle.internal.execution.steps.ResolveInputChangesStep.execute(ResolveInputChangesStep.java:40)
at org.gradle.internal.execution.steps.ResolveInputChangesStep.execute(ResolveInputChangesStep.java:29)
at org.gradle.internal.execution.steps.BuildCacheStep.executeWithoutCache(BuildCacheStep.java:189)
at org.gradle.internal.execution.steps.BuildCacheStep.lambda$execute$1(BuildCacheStep.java:75)
at org.gradle.internal.Either$Right.fold(Either.java:175)
at org.gradle.internal.execution.caching.CachingState.fold(CachingState.java:62)
at org.gradle.internal.execution.steps.BuildCacheStep.execute(BuildCacheStep.java:73)
at org.gradle.internal.execution.steps.BuildCacheStep.execute(BuildCacheStep.java:48)
at org.gradle.internal.execution.steps.StoreExecutionStateStep.execute(StoreExecutionStateStep.java:46)
at org.gradle.internal.execution.steps.StoreExecutionStateStep.execute(StoreExecutionStateStep.java:35)
at org.gradle.internal.execution.steps.SkipUpToDateStep.executeBecause(SkipUpToDateStep.java:75)
at org.gradle.internal.execution.steps.SkipUpToDateStep.lambda$execute$2(SkipUpToDateStep.java:53)
at org.gradle.internal.execution.steps.SkipUpToDateStep.execute(SkipUpToDateStep.java:53)
at org.gradle.internal.execution.steps.SkipUpToDateStep.execute(SkipUpToDateStep.java:35)
at org.gradle.internal.execution.steps.legacy.MarkSnapshottingInputsFinishedStep.execute(MarkSnapshottingInputsFinishedStep.java:37)
at org.gradle.internal.execution.steps.legacy.MarkSnapshottingInputsFinishedStep.execute(MarkSnapshottingInputsFinishedStep.java:27)
at org.gradle.internal.execution.steps.ResolveIncrementalCachingStateStep.executeDelegate(ResolveIncrementalCachingStateStep.java:49)
at org.gradle.internal.execution.steps.ResolveIncrementalCachingStateStep.executeDelegate(ResolveIncrementalCachingStateStep.java:27)
at org.gradle.internal.execution.steps.AbstractResolveCachingStateStep.execute(AbstractResolveCachingStateStep.java:71)
at org.gradle.internal.execution.steps.AbstractResolveCachingStateStep.execute(AbstractResolveCachingStateStep.java:39)
at org.gradle.internal.execution.steps.ResolveChangesStep.execute(ResolveChangesStep.java:65)
at org.gradle.internal.execution.steps.ResolveChangesStep.execute(ResolveChangesStep.java:36)
at org.gradle.internal.execution.steps.ValidateStep.execute(ValidateStep.java:107)
at org.gradle.internal.execution.steps.ValidateStep.execute(ValidateStep.java:56)
at org.gradle.internal.execution.steps.AbstractCaptureStateBeforeExecutionStep.execute(AbstractCaptureStateBeforeExecutionStep.java:64)
at org.gradle.internal.execution.steps.AbstractCaptureStateBeforeExecutionStep.execute(AbstractCaptureStateBeforeExecutionStep.java:43)
at org.gradle.internal.execution.steps.AbstractSkipEmptyWorkStep.executeWithNonEmptySources(AbstractSkipEmptyWorkStep.java:125)
at org.gradle.internal.execution.steps.AbstractSkipEmptyWorkStep.execute(AbstractSkipEmptyWorkStep.java:56)
at org.gradle.internal.execution.steps.AbstractSkipEmptyWorkStep.execute(AbstractSkipEmptyWorkStep.java:36)
at org.gradle.internal.execution.steps.legacy.MarkSnapshottingInputsStartedStep.execute(MarkSnapshottingInputsStartedStep.java:38)
at org.gradle.internal.execution.steps.LoadPreviousExecutionStateStep.execute(LoadPreviousExecutionStateStep.java:36)
at org.gradle.internal.execution.steps.LoadPreviousExecutionStateStep.execute(LoadPreviousExecutionStateStep.java:23)
at org.gradle.internal.execution.steps.HandleStaleOutputsStep.execute(HandleStaleOutputsStep.java:75)
at org.gradle.internal.execution.steps.HandleStaleOutputsStep.execute(HandleStaleOutputsStep.java:41)
at org.gradle.internal.execution.steps.AssignMutableWorkspaceStep.lambda$execute$0(AssignMutableWorkspaceStep.java:35)
at org.gradle.api.internal.tasks.execution.TaskExecution$4.withWorkspace(TaskExecution.java:289)
at org.gradle.internal.execution.steps.AssignMutableWorkspaceStep.execute(AssignMutableWorkspaceStep.java:31)
at org.gradle.internal.execution.steps.AssignMutableWorkspaceStep.execute(AssignMutableWorkspaceStep.java:22)
at org.gradle.internal.execution.steps.ChoosePipelineStep.execute(ChoosePipelineStep.java:40)
at org.gradle.internal.execution.steps.ChoosePipelineStep.execute(ChoosePipelineStep.java:23)
at org.gradle.internal.execution.steps.ExecuteWorkBuildOperationFiringStep.lambda$execute$2(ExecuteWorkBuildOperationFiringStep.java:67)
at org.gradle.internal.execution.steps.ExecuteWorkBuildOperationFiringStep.execute(ExecuteWorkBuildOperationFiringStep.java:67)
at org.gradle.internal.execution.steps.ExecuteWorkBuildOperationFiringStep.execute(ExecuteWorkBuildOperationFiringStep.java:39)
at org.gradle.internal.execution.steps.IdentityCacheStep.execute(IdentityCacheStep.java:46)
at org.gradle.internal.execution.steps.IdentityCacheStep.execute(IdentityCacheStep.java:34)
at org.gradle.internal.execution.steps.IdentifyStep.execute(IdentifyStep.java:48)
at org.gradle.internal.execution.steps.IdentifyStep.execute(IdentifyStep.java:35)
at org.gradle.internal.execution.impl.DefaultExecutionEngine$1.execute(DefaultExecutionEngine.java:61)
at org.gradle.api.internal.tasks.execution.ExecuteActionsTaskExecuter.executeIfValid(ExecuteActionsTaskExecuter.java:127)
at org.gradle.api.internal.tasks.execution.ExecuteActionsTaskExecuter.execute(ExecuteActionsTaskExecuter.java:116)
at org.gradle.api.internal.tasks.execution.ProblemsTaskPathTrackingTaskExecuter.execute(ProblemsTaskPathTrackingTaskExecuter.java:40)
at org.gradle.api.internal.tasks.execution.FinalizePropertiesTaskExecuter.execute(FinalizePropertiesTaskExecuter.java:46)
at org.gradle.api.internal.tasks.execution.ResolveTaskExecutionModeExecuter.execute(ResolveTaskExecutionModeExecuter.java:51)
at org.gradle.api.internal.tasks.execution.SkipTaskWithNoActionsExecuter.execute(SkipTaskWithNoActionsExecuter.java:57)
at org.gradle.api.internal.tasks.execution.SkipOnlyIfTaskExecuter.execute(SkipOnlyIfTaskExecuter.java:74)
at org.gradle.api.internal.tasks.execution.CatchExceptionTaskExecuter.execute(CatchExceptionTaskExecuter.java:36)
at org.gradle.api.internal.tasks.execution.EventFiringTaskExecuter$1.executeTask(EventFiringTaskExecuter.java:77)
at org.gradle.api.internal.tasks.execution.EventFiringTaskExecuter$1.call(EventFiringTaskExecuter.java:55)
at org.gradle.api.internal.tasks.execution.EventFiringTaskExecuter$1.call(EventFiringTaskExecuter.java:52)
at org.gradle.internal.operations.DefaultBuildOperationRunner$CallableBuildOperationWorker.execute(DefaultBuildOperationRunner.java:210)
at org.gradle.internal.operations.DefaultBuildOperationRunner$CallableBuildOperationWorker.execute(DefaultBuildOperationRunner.java:205)
at org.gradle.internal.operations.DefaultBuildOperationRunner$2.execute(DefaultBuildOperationRunner.java:67)
at org.gradle.internal.operations.DefaultBuildOperationRunner$2.execute(DefaultBuildOperationRunner.java:60)
at org.gradle.internal.operations.DefaultBuildOperationRunner.execute(DefaultBuildOperationRunner.java:167)
at org.gradle.internal.operations.DefaultBuildOperationRunner.execute(DefaultBuildOperationRunner.java:60)
at org.gradle.internal.operations.DefaultBuildOperationRunner.call(DefaultBuildOperationRunner.java:54)
at org.gradle.api.internal.tasks.execution.EventFiringTaskExecuter.execute(EventFiringTaskExecuter.java:52)
at org.gradle.execution.plan.LocalTaskNodeExecutor.execute(LocalTaskNodeExecutor.java:42)
at org.gradle.execution.taskgraph.DefaultTaskExecutionGraph$InvokeNodeExecutorsAction.execute(DefaultTaskExecutionGraph.java:331)
at org.gradle.execution.taskgraph.DefaultTaskExecutionGraph$InvokeNodeExecutorsAction.execute(DefaultTaskExecutionGraph.java:318)
at org.gradle.execution.taskgraph.DefaultTaskExecutionGraph$BuildOperationAwareExecutionAction.lambda$execute$0(DefaultTaskExecutionGraph.java:314)
at org.gradle.internal.operations.CurrentBuildOperationRef.with(CurrentBuildOperationRef.java:85)
at org.gradle.execution.taskgraph.DefaultTaskExecutionGraph$BuildOperationAwareExecutionAction.execute(DefaultTaskExecutionGraph.java:314)
at org.gradle.execution.taskgraph.DefaultTaskExecutionGraph$BuildOperationAwareExecutionAction.execute(DefaultTaskExecutionGraph.java:303)
at org.gradle.execution.plan.DefaultPlanExecutor$ExecutorWorker.execute(DefaultPlanExecutor.java:459)
at org.gradle.execution.plan.DefaultPlanExecutor$ExecutorWorker.run(DefaultPlanExecutor.java:376)
at org.gradle.internal.concurrent.ExecutorPolicy$CatchAndRecordFailures.onExecute(ExecutorPolicy.java:64)
at org.gradle.internal.concurrent.AbstractManagedExecutor$1.run(AbstractManagedExecutor.java:48)
2025-04-03T02:22:28.0119350Z
2025-04-03T02:22:28.0119350Z
BUILD FAILED in 1m 21s
##[error]Process completed with exit code 1.

In post-action step
Cache is read-only: will not save state for use in subsequent builds.
Generating Job Summary
Completed post-action step


[command]/usr/local/bin/git version
2 49 0
Copying '/Users/runner/.gitconfig' to '/Users/runner/work/_temp/d0149af2-2ed7-435c-b02d-167bfd5785e3/.gitconfig'
Temporarily overriding HOME='/Users/runner/work/_temp/d0149af2-2ed7-435c-b02d-167bfd5785e3' before making global git config changes

[command]/usr/local/bin/git config --global --add safe.directory /Users/runner/work/retrofit/retrofit
[command]/usr/local/bin/git config --local --name-only --get-regexp core\.sshCommand
[command]/usr/local/bin/git submodule foreach --recursive sh -c "git config --local --name-only --get-regexp 'core\.sshCommand' && git config --local --unset-all 'core.sshCommand' || :"
[command]/usr/local/bin/git config --local --name-only --get-regexp http\.https\:\/\/github\.com\/\.extraheader

[command]/usr/local/bin/git config --local --unset-all http.https://github.com/.extraheader
[command]/usr/local/bin/git submodule foreach --recursive sh -c "git config --local --name-only --get-regexp 'http\.https\:\/\/github\.com\/\.extraheader' && git config --local --unset-all 'http.https://github.com/.extraheader' || :"

