Requested labels: ubuntu-latest
Job defined at: microsoft/markitdown/.github/workflows/tests.yml@refs/pull/1176/merge
Waiting for a runner to pick up this job...
Job is waiting for a hosted runner to come online.
Job is about to start running on the hosted runner: GitHub Actions 920 (hosted)
Current runner version: '2.323.0'
##[group]Operating System
Ubuntu
24.04.2
LTS
##[endgroup]
##[group]Runner Image
Image: ubuntu-24.04
Version: 20250406.1.0
Included Software: https://github.com/actions/runner-images/blob/ubuntu24/20250406.1/images/ubuntu/Ubuntu2404-Readme.md
Image Release: https://github.com/actions/runner-images/releases/tag/ubuntu24%2F20250406.1
##[endgroup]
##[group]Runner Image Provisioner
2.0.422.1
##[endgroup]
##[group]GITHUB_TOKEN Permissions
Contents: <:*:>
Metadata: read
Packages: <:*:>
##[endgroup]
Secret source: <:*:>
Prepare workflow directory
Prepare all required actions
Getting action download info
##[group]Download immutable action package <:*:>
Version: 4.2.2
Digest: sha256:<:SEQ:>
Source commit SHA: <:SEQ:>
##[endgroup]
##[group]Download immutable action package <:*:>
Version: 5.5.0
Digest: sha256:<:SEQ:>
Source commit SHA: <:SEQ:>
##[endgroup]
Complete job name: <:*:>
##[group]Run <:*:>
with:
repository: <:*:>
token: ***
ssh-strict: true
ssh-user: git
persist-credentials: <:*:>
clean: true
sparse-checkout-cone-mode: true
fetch-depth: <:NUM:>
fetch-tags: false
show-progress: true
lfs: false
submodules: <:*:>
set-safe-directory: true
##[endgroup]
Syncing repository: <:*:>
##[group]Getting Git version info
Working directory is <:*:>
[command]/usr/bin/git version
git version <:NUM:>.<:NUM:>.<:NUM:>
##[endgroup]
Temporarily overriding HOME='/home/runner/work/_temp/2f4019c8-cebf-4cc2-8026-e42d9225f8ab' before making global git config changes
Adding repository directory to the temporary git global config as a safe directory
[command]/usr/bin/git config --global --add safe.directory /home/runner/work/markitdown/markitdown
Deleting the contents of <:*:>
##[group]Initializing the repository
[command]/usr/bin/git init <:*:>
hint: Using 'master' as the name for the initial branch. This default branch name
hint: is subject to change. To configure the initial branch name to use in all
hint: of your new repositories, which will suppress this warning, call:
hint:
hint: git config --global init.defaultBranch <name>
hint:
hint: Names commonly chosen instead of 'master' are 'main', 'trunk' and
hint: 'development'. The just-created branch can be renamed via this command:
hint:
hint: git branch -m <name>
Initialized empty Git repository in <:*:>
[command]/usr/bin/git remote add origin <:*:>
##[endgroup]
##[group]Disabling automatic garbage collection
[command]/usr/bin/git config --local gc.auto 0
##[endgroup]
##[group]Setting up auth
[command]/usr/bin/git config --local --name-only --get-regexp <:*:>
[command]/usr/bin/git submodule foreach --recursive sh -c "git config --local --name-only --get-regexp <:*:> && git config --local --unset-all <:*:> || :"
[command]/usr/bin/git config --local --name-only --get-regexp <:*:>
[command]/usr/bin/git submodule foreach --recursive sh -c "git config --local --name-only --get-regexp <:*:> && git config --local --unset-all <:*:> || :"
[command]/usr/bin/git config <:*:> http.https://github.com/.extraheader AUTHORIZATION: basic ***
##[endgroup]
##[group]Fetching the repository
[command]/usr/bin/git -c protocol.version=<:NUM:> fetch <:*:> <:*:> <:*:> <:*:> <:*:> <:*:>
From <:*:>
* [new ref] <:SEQ:>-> <:*:>
##[endgroup]
##[group]Determining the checkout info
##[endgroup]
[command]/usr/bin/git sparse-checkout disable
[command]/usr/bin/git config --local --unset-all extensions.worktreeConfig
##[group]Checking out the ref
[command]/usr/bin/git checkout --progress --force refs/remotes/pull/<:NUM:>/merge
Note: switching to 'refs/remotes/pull/<:NUM:>/merge'.
2025-04-13T16:12:14.4886010Z
You are in 'detached HEAD' state. You can look around, make experimental
changes and commit them, and you can discard any commits you make in this
state without impacting any branches by switching back to a branch.
2025-04-13T16:12:14.4892694Z
If you want to create a new branch to retain commits you create, you may
do so (now or later) by using -c with the switch command. Example:
2025-04-13T16:12:14.4896088Z
git switch -c <new-branch-name>
2025-04-13T16:12:14.4897064Z
Or undo this operation with:
2025-04-13T16:12:14.4897956Z
git switch -
2025-04-13T16:12:14.4898697Z
Turn off this advice by setting config variable advice.detachedHead to false
2025-04-13T16:12:14.4900638Z
HEAD is now at <:*:> Merge <:SEQ:> into <:SEQ:>
##[endgroup]
[command]/usr/bin/git log <:NUM:> <:*:>
<:SEQ:>
##[group]Run <:*:>
with:
python-version: <:*:>
3.11
3.12
check-latest: false
token: ***
<:*:> true
<:*:> false
<:*:> false
##[endgroup]
##[group]Installed versions
Successfully set up CPython (<:NUM:>.<:NUM:>.<:NUM:>)
Successfully set up CPython (<:NUM:>.<:NUM:>.<:NUM:>)
Successfully set up CPython (<:NUM:>.<:NUM:>.<:NUM:>)
##[endgroup]
##[group]Run pipx install hatch
[36;1mpipx install hatch[0m
shell: /usr/bin/bash -e {<:NUM:>}
env:
pythonLocation: /opt/hostedtoolcache/Python/<:NUM:>.<:NUM:>.<:NUM:>/x64
PKG CONFIG PATH: /opt/hostedtoolcache/Python/<:NUM:>.<:NUM:>.<:NUM:>/x64/lib/pkgconfig
Python ROOT DIR: /opt/hostedtoolcache/Python/<:NUM:>.<:NUM:>.<:NUM:>/x64
<:*:> ROOT DIR: /opt/hostedtoolcache/Python/<:NUM:>.<:NUM:>.<:NUM:>/x64
<:*:> ROOT DIR: /opt/hostedtoolcache/Python/<:NUM:>.<:NUM:>.<:NUM:>/x64
LD_LIBRARY_PATH: /opt/hostedtoolcache/Python/3.12.9/x64/lib:/opt/hostedtoolcache/Python/3.11.11/x64/lib:/opt/hostedtoolcache/Python/3.10.16/x64/lib
##[endgroup]
creating virtual environment...
installing hatch...
done! âœ¨ ğŸŒŸ âœ¨
installed package hatch 1.14.1, installed using Python 3.12.3
These apps are now globally available
- hatch
##[group]Run cd packages/markitdown; hatch test
[36;1mcd packages/markitdown; hatch test[0m
shell: /usr/bin/bash -e {<:NUM:>}
env:
pythonLocation: /opt/hostedtoolcache/Python/<:NUM:>.<:NUM:>.<:NUM:>/x64
PKG CONFIG PATH: /opt/hostedtoolcache/Python/<:NUM:>.<:NUM:>.<:NUM:>/x64/lib/pkgconfig
Python ROOT DIR: /opt/hostedtoolcache/Python/<:NUM:>.<:NUM:>.<:NUM:>/x64
<:*:> ROOT DIR: /opt/hostedtoolcache/Python/<:NUM:>.<:NUM:>.<:NUM:>/x64
<:*:> ROOT DIR: /opt/hostedtoolcache/Python/<:NUM:>.<:NUM:>.<:NUM:>/x64
LD_LIBRARY_PATH: /opt/hostedtoolcache/Python/3.12.9/x64/lib:/opt/hostedtoolcache/Python/3.11.11/x64/lib:/opt/hostedtoolcache/Python/3.10.16/x64/lib
##[endgroup]
Creating environment: hatch-test.py3.12
Installing project in development mode
Checking dependencies
Syncing dependencies
============================= test session starts ==============================
platform linux -- Python 3.12.3, pytest-8.3.5, pluggy-1.5.0
rootdir: /home/runner/work/markitdown/markitdown/packages/markitdown
configfile: pyproject.toml
plugins: rerunfailures-14.0, anyio-4.9.0, xdist-3.6.1, mock-3.14.0
collected 172 items
2025-04-13T16:12:28.4520604Z
tests/test_cli_misc.py ..                                                [  1%]
tests/test_cli_vectors.py ......F...........F...........F.....ssssssssss [ 27%]
ss..                                                                     [ 30%]
tests/test_module_misc.py ......ss.ss                                    [ 36%]
tests/test_module_vectors.py ........................F..............F... [ 61%]
...........F.....sssssssssssssss.........F..............F.........       [100%]
2025-04-13T16:13:20.3129875Z
=================================== FAILURES ===================================
_____________________ test_output_to_stdout[test_vector6] ______________________
2025-04-13T16:13:20.3131502Z
shared_tmp_dir = PosixPath('/tmp/pytest-of-runner/pytest-0/pytest_tmp0')
test_vector = FileTestVector(filename='test_mskanji.csv', mimetype='text/csv', charset='cp932', url=None, must_include=['åå‰,å¹´é½¢,ä½æ‰€', 'ä½è—¤å¤ªéƒ,30,æ±äº¬', 'ä¸‰æœ¨è‹±å­,25,å¤§é˜ª', 'é«™æ©‹æ·³,35,åå¤å±‹'], must_not_include=[])
2025-04-13T16:13:20.3134850Z
@pytest.mark.parametrize("test_vector", CLI_TEST_VECTORS)
def test_output_to_stdout(shared_tmp_dir, test_vector) -> None:
"""Test that the CLI outputs to stdout correctly."""
2025-04-13T16:13:20.3137159Z
result = subprocess.run(
[
"python",
"-m",
"markitdown",
os.path.join(TEST_FILES_DIR, test_vector.filename),
],
capture_output=True,
text=True,
)
2025-04-13T16:13:20.3141703Z
assert result.returncode == 0, f"CLI exited with error: {result.stderr}"
for test_string in test_vector.must_include:
>           assert test_string in result.stdout
E           assert 'åå‰,å¹´é½¢,ä½æ‰€' in '| åå‰ | å¹´é½¢ | ä½æ‰€ |\n| --- | --- | --- |\n| ä½è—¤å¤ªéƒ | 30 | æ±äº¬ |\n| ä¸‰æœ¨è‹±å­ | 25 | å¤§é˜ª |\n| é«™æ©‹æ·³ | 35 | åå¤å±‹ |\n'
E            +  where '| åå‰ | å¹´é½¢ | ä½æ‰€ |\n| --- | --- | --- |\n| ä½è—¤å¤ªéƒ | 30 | æ±äº¬ |\n| ä¸‰æœ¨è‹±å­ | 25 | å¤§é˜ª |\n| é«™æ©‹æ·³ | 35 | åå¤å±‹ |\n' = CompletedProcess(args=['python', '-m', 'markitdown', '/home/runner/work/markitdown/markitdown/packages/markitdown/test...ut may not work\n  warn("Couldn\'t find ffmpeg or avconv - defaulting to ffmpeg, but may not work", RuntimeWarning)\n').stdout
2025-04-13T16:13:20.3148828Z
tests/test_cli_vectors.py:67: AssertionError
______________________ test_output_to_file[test_vector6] _______________________
2025-04-13T16:13:20.3150230Z
shared_tmp_dir = PosixPath('/tmp/pytest-of-runner/pytest-0/pytest_tmp0')
test_vector = FileTestVector(filename='test_mskanji.csv', mimetype='text/csv', charset='cp932', url=None, must_include=['åå‰,å¹´é½¢,ä½æ‰€', 'ä½è—¤å¤ªéƒ,30,æ±äº¬', 'ä¸‰æœ¨è‹±å­,25,å¤§é˜ª', 'é«™æ©‹æ·³,35,åå¤å±‹'], must_not_include=[])
2025-04-13T16:13:20.3153553Z
@pytest.mark.parametrize("test_vector", CLI_TEST_VECTORS)
def test_output_to_file(shared_tmp_dir, test_vector) -> None:
"""Test that the CLI outputs to a file correctly."""
2025-04-13T16:13:20.3155685Z
output_file = os.path.join(shared_tmp_dir, test_vector.filename + ".output")
result = subprocess.run(
[
"python",
"-m",
"markitdown",
"-o",
output_file,
os.path.join(TEST_FILES_DIR, test_vector.filename),
],
capture_output=True,
text=True,
)
2025-04-13T16:13:20.3161183Z
assert result.returncode == 0, f"CLI exited with error: {result.stderr}"
assert os.path.exists(output_file), f"Output file not created: {output_file}"
2025-04-13T16:13:20.3162838Z
with open(output_file, "r") as f:
output_data = f.read()
for test_string in test_vector.must_include:
>               assert test_string in output_data
E               AssertionError: assert 'åå‰,å¹´é½¢,ä½æ‰€' in '| åå‰ | å¹´é½¢ | ä½æ‰€ |\n| --- | --- | --- |\n| ä½è—¤å¤ªéƒ | 30 | æ±äº¬ |\n| ä¸‰æœ¨è‹±å­ | 25 | å¤§é˜ª |\n| é«™æ©‹æ·³ | 35 | åå¤å±‹ |'
2025-04-13T16:13:20.3165751Z
tests/test_cli_vectors.py:96: AssertionError
______________ test_input_from_stdin_without_hints[test_vector6] _______________
2025-04-13T16:13:20.3166854Z
shared_tmp_dir = PosixPath('/tmp/pytest-of-runner/pytest-0/pytest_tmp0')
test_vector = FileTestVector(filename='test_mskanji.csv', mimetype='text/csv', charset='cp932', url=None, must_include=['åå‰,å¹´é½¢,ä½æ‰€', 'ä½è—¤å¤ªéƒ,30,æ±äº¬', 'ä¸‰æœ¨è‹±å­,25,å¤§é˜ª', 'é«™æ©‹æ·³,35,åå¤å±‹'], must_not_include=[])
2025-04-13T16:13:20.3169339Z
@pytest.mark.parametrize("test_vector", CLI_TEST_VECTORS)
def test_input_from_stdin_without_hints(shared_tmp_dir, test_vector) -> None:
"""Test that the CLI readds from stdin correctly."""
2025-04-13T16:13:20.3171407Z
test_input = b""
with open(os.path.join(TEST_FILES_DIR, test_vector.filename), "rb") as stream:
test_input = stream.read()
2025-04-13T16:13:20.3173393Z
result = subprocess.run(
[
"python",
"-m",
"markitdown",
os.path.join(TEST_FILES_DIR, test_vector.filename),
],
input=test_input,
capture_output=True,
text=False,
)
2025-04-13T16:13:20.3177170Z
stdout = result.stdout.decode(locale.getpreferredencoding())
assert (
result.returncode == 0
), f"CLI exited with error: {result.stderr.decode('utf-8')}"
for test_string in test_vector.must_include:
>           assert test_string in stdout
E           AssertionError: assert 'åå‰,å¹´é½¢,ä½æ‰€' in '| åå‰ | å¹´é½¢ | ä½æ‰€ |\n| --- | --- | --- |\n| ä½è—¤å¤ªéƒ | 30 | æ±äº¬ |\n| ä¸‰æœ¨è‹±å­ | 25 | å¤§é˜ª |\n| é«™æ©‹æ·³ | 35 | åå¤å±‹ |\n'
2025-04-13T16:13:20.3181282Z
tests/test_cli_vectors.py:129: AssertionError
_______________________ test_convert_local[test_vector9] _______________________
2025-04-13T16:13:20.3182365Z
test_vector = FileTestVector(filename='test_mskanji.csv', mimetype='text/csv', charset='cp932', url=None, must_include=['åå‰,å¹´é½¢,ä½æ‰€', 'ä½è—¤å¤ªéƒ,30,æ±äº¬', 'ä¸‰æœ¨è‹±å­,25,å¤§é˜ª', 'é«™æ©‹æ·³,35,åå¤å±‹'], must_not_include=[])
2025-04-13T16:13:20.3184369Z
@pytest.mark.parametrize("test_vector", GENERAL_TEST_VECTORS)
def test_convert_local(test_vector):
"""Test the conversion of a local file."""
markitdown = MarkItDown()
2025-04-13T16:13:20.3186310Z
result = markitdown.convert(
os.path.join(TEST_FILES_DIR, test_vector.filename), url=test_vector.url
)
for string in test_vector.must_include:
>           assert string in result.markdown
E           AssertionError: assert 'åå‰,å¹´é½¢,ä½æ‰€' in '| åå‰ | å¹´é½¢ | ä½æ‰€ |\n| --- | --- | --- |\n| ä½è—¤å¤ªéƒ | 30 | æ±äº¬ |\n| ä¸‰æœ¨è‹±å­ | 25 | å¤§é˜ª |\n| é«™æ©‹æ·³ | 35 | åå¤å±‹ |'
E            +  where '| åå‰ | å¹´é½¢ | ä½æ‰€ |\n| --- | --- | --- |\n| ä½è—¤å¤ªéƒ | 30 | æ±äº¬ |\n| ä¸‰æœ¨è‹±å­ | 25 | å¤§é˜ª |\n| é«™æ©‹æ·³ | 35 | åå¤å±‹ |' = <markitdown._base_converter.DocumentConverterResult object at 0x7f55fa302a80>.markdown
2025-04-13T16:13:20.3191480Z
tests/test_module_vectors.py:69: AssertionError
_________________ test_convert_stream_with_hints[test_vector9] _________________
2025-04-13T16:13:20.3192629Z
test_vector = FileTestVector(filename='test_mskanji.csv', mimetype='text/csv', charset='cp932', url=None, must_include=['åå‰,å¹´é½¢,ä½æ‰€', 'ä½è—¤å¤ªéƒ,30,æ±äº¬', 'ä¸‰æœ¨è‹±å­,25,å¤§é˜ª', 'é«™æ©‹æ·³,35,åå¤å±‹'], must_not_include=[])
2025-04-13T16:13:20.3194458Z
@pytest.mark.parametrize("test_vector", GENERAL_TEST_VECTORS)
def test_convert_stream_with_hints(test_vector):
"""Test the conversion of a stream with full stream info."""
markitdown = MarkItDown()
2025-04-13T16:13:20.3196641Z
stream_info = StreamInfo(
extension=os.path.splitext(test_vector.filename)[1],
mimetype=test_vector.mimetype,
charset=test_vector.charset,
)
2025-04-13T16:13:20.3199042Z
with open(os.path.join(TEST_FILES_DIR, test_vector.filename), "rb") as stream:
result = markitdown.convert(
stream, stream_info=stream_info, url=test_vector.url
)
for string in test_vector.must_include:
>               assert string in result.markdown
E               AssertionError: assert 'åå‰,å¹´é½¢,ä½æ‰€' in '| åå‰ | å¹´é½¢ | ä½æ‰€ |\n| --- | --- | --- |\n| ä½è—¤å¤ªéƒ | 30 | æ±äº¬ |\n| ä¸‰æœ¨è‹±å­ | 25 | å¤§é˜ª |\n| é«™æ©‹æ·³ | 35 | åå¤å±‹ |'
E                +  where '| åå‰ | å¹´é½¢ | ä½æ‰€ |\n| --- | --- | --- |\n| ä½è—¤å¤ªéƒ | 30 | æ±äº¬ |\n| ä¸‰æœ¨è‹±å­ | 25 | å¤§é˜ª |\n| é«™æ©‹æ·³ | 35 | åå¤å±‹ |' = <markitdown._base_converter.DocumentConverterResult object at 0x7f55f9dc9910>.markdown
2025-04-13T16:13:20.3204929Z
tests/test_module_vectors.py:90: AssertionError
_______________ test_convert_stream_without_hints[test_vector9] ________________
2025-04-13T16:13:20.3206053Z
test_vector = FileTestVector(filename='test_mskanji.csv', mimetype='text/csv', charset='cp932', url=None, must_include=['åå‰,å¹´é½¢,ä½æ‰€', 'ä½è—¤å¤ªéƒ,30,æ±äº¬', 'ä¸‰æœ¨è‹±å­,25,å¤§é˜ª', 'é«™æ©‹æ·³,35,åå¤å±‹'], must_not_include=[])
2025-04-13T16:13:20.3207821Z
@pytest.mark.parametrize("test_vector", GENERAL_TEST_VECTORS)
def test_convert_stream_without_hints(test_vector):
"""Test the conversion of a stream with no stream info."""
markitdown = MarkItDown()
2025-04-13T16:13:20.3210193Z
with open(os.path.join(TEST_FILES_DIR, test_vector.filename), "rb") as stream:
result = markitdown.convert(stream, url=test_vector.url)
for string in test_vector.must_include:
>               assert string in result.markdown
E               AssertionError: assert 'åå‰,å¹´é½¢,ä½æ‰€' in '| åå‰ | å¹´é½¢ | ä½æ‰€ |\n| --- | --- | --- |\n| ä½è—¤å¤ªéƒ | 30 | æ±äº¬ |\n| ä¸‰æœ¨è‹±å­ | 25 | å¤§é˜ª |\n| é«™æ©‹æ·³ | 35 | åå¤å±‹ |'
E                +  where '| åå‰ | å¹´é½¢ | ä½æ‰€ |\n| --- | --- | --- |\n| ä½è—¤å¤ªéƒ | 30 | æ±äº¬ |\n| ä¸‰æœ¨è‹±å­ | 25 | å¤§é˜ª |\n| é«™æ©‹æ·³ | 35 | åå¤å±‹ |' = <markitdown._base_converter.DocumentConverterResult object at 0x7f55f9da0c50>.markdown
2025-04-13T16:13:20.3215439Z
tests/test_module_vectors.py:103: AssertionError
_____________________ test_convert_file_uri[test_vector9] ______________________
2025-04-13T16:13:20.3216562Z
test_vector = FileTestVector(filename='test_mskanji.csv', mimetype='text/csv', charset='cp932', url=None, must_include=['åå‰,å¹´é½¢,ä½æ‰€', 'ä½è—¤å¤ªéƒ,30,æ±äº¬', 'ä¸‰æœ¨è‹±å­,25,å¤§é˜ª', 'é«™æ©‹æ·³,35,åå¤å±‹'], must_not_include=[])
2025-04-13T16:13:20.3218418Z
@pytest.mark.parametrize("test_vector", GENERAL_TEST_VECTORS)
def test_convert_file_uri(test_vector):
"""Test the conversion of a file:// URI."""
markitdown = MarkItDown()
2025-04-13T16:13:20.3220389Z
result = markitdown.convert(
Path(os.path.join(TEST_FILES_DIR, test_vector.filename)).as_uri(),
url=test_vector.url,
)
for string in test_vector.must_include:
>           assert string in result.markdown
E           AssertionError: assert 'åå‰,å¹´é½¢,ä½æ‰€' in '| åå‰ | å¹´é½¢ | ä½æ‰€ |\n| --- | --- | --- |\n| ä½è—¤å¤ªéƒ | 30 | æ±äº¬ |\n| ä¸‰æœ¨è‹±å­ | 25 | å¤§é˜ª |\n| é«™æ©‹æ·³ | 35 | åå¤å±‹ |'
E            +  where '| åå‰ | å¹´é½¢ | ä½æ‰€ |\n| --- | --- | --- |\n| ä½è—¤å¤ªéƒ | 30 | æ±äº¬ |\n| ä¸‰æœ¨è‹±å­ | 25 | å¤§é˜ª |\n| é«™æ©‹æ·³ | 35 | åå¤å±‹ |' = <markitdown._base_converter.DocumentConverterResult object at 0x7f55f831fad0>.markdown
2025-04-13T16:13:20.3225932Z
tests/test_module_vectors.py:139: AssertionError
_____________________ test_convert_data_uri[test_vector9] ______________________
2025-04-13T16:13:20.3227021Z
test_vector = FileTestVector(filename='test_mskanji.csv', mimetype='text/csv', charset='cp932', url=None, must_include=['åå‰,å¹´é½¢,ä½æ‰€', 'ä½è—¤å¤ªéƒ,30,æ±äº¬', 'ä¸‰æœ¨è‹±å­,25,å¤§é˜ª', 'é«™æ©‹æ·³,35,åå¤å±‹'], must_not_include=[])
2025-04-13T16:13:20.3228846Z
@pytest.mark.parametrize("test_vector", GENERAL_TEST_VECTORS)
def test_convert_data_uri(test_vector):
"""Test the conversion of a data URI."""
markitdown = MarkItDown()
2025-04-13T16:13:20.3230735Z
data = ""
with open(os.path.join(TEST_FILES_DIR, test_vector.filename), "rb") as stream:
data = base64.b64encode(stream.read()).decode("utf-8")
mimetype = test_vector.mimetype
data_uri = f"data:{mimetype};base64,{data}"
2025-04-13T16:13:20.3233586Z
result = markitdown.convert(
data_uri,
url=test_vector.url,
)
for string in test_vector.must_include:
>           assert string in result.markdown
E           AssertionError: assert 'åå‰,å¹´é½¢,ä½æ‰€' in '| åå‰ | å¹´é½¢ | ä½æ‰€ |\n| --- | --- | --- |\n| ä½è—¤å¤ªéƒ | 30 | æ±äº¬ |\n| ä¸‰æœ¨è‹±å­ | 25 | å¤§é˜ª |\n| é«™æ©‹æ·³ | 35 | åå¤å±‹ |'
E            +  where '| åå‰ | å¹´é½¢ | ä½æ‰€ |\n| --- | --- | --- |\n| ä½è—¤å¤ªéƒ | 30 | æ±äº¬ |\n| ä¸‰æœ¨è‹±å­ | 25 | å¤§é˜ª |\n| é«™æ©‹æ·³ | 35 | åå¤å±‹ |' = <markitdown._base_converter.DocumentConverterResult object at 0x7f55f83f79b0>.markdown
2025-04-13T16:13:20.3238568Z
tests/test_module_vectors.py:160: AssertionError
=============================== warnings summary ===============================
../../../../../.local/share/hatch/env/virtual/markitdown/H_uUSwZ6/hatch-test.py3.12/lib/python3.12/site-packages/pydub/utils.py:170
/home/runner/.local/share/hatch/env/virtual/markitdown/H_uUSwZ6/hatch-test.py3.12/lib/python3.12/site-packages/pydub/utils.py:170: RuntimeWarning: Couldn't find ffmpeg or avconv - defaulting to ffmpeg, but may not work
warn("Couldn't find ffmpeg or avconv - defaulting to ffmpeg, but may not work", RuntimeWarning)
2025-04-13T16:13:20.3244307Z
-- Docs: https://docs.pytest.org/en/stable/how-to/capture-warnings.html
=========================== short test summary info ============================
FAILED tests/test_cli_vectors.py::test_output_to_stdout[test_vector6] - assert 'åå‰,å¹´é½¢,ä½æ‰€' in '| åå‰ | å¹´é½¢ | ä½æ‰€ |\n| --- | --- | --- |\n| ä½è—¤å¤ªéƒ | 30 | æ±äº¬ |\n| ä¸‰æœ¨è‹±å­ | 25 | å¤§é˜ª |\n| é«™æ©‹æ·³ | 35 | åå¤å±‹ |\n'
+  where '| åå‰ | å¹´é½¢ | ä½æ‰€ |\n| --- | --- | --- |\n| ä½è—¤å¤ªéƒ | 30 | æ±äº¬ |\n| ä¸‰æœ¨è‹±å­ | 25 | å¤§é˜ª |\n| é«™æ©‹æ·³ | 35 | åå¤å±‹ |\n' = CompletedProcess(args=['python', '-m', 'markitdown', '/home/runner/work/markitdown/markitdown/packages/markitdown/test...ut may not work\n  warn("Couldn\'t find ffmpeg or avconv - defaulting to ffmpeg, but may not work", RuntimeWarning)\n').stdout
FAILED tests/test_cli_vectors.py::test_output_to_file[test_vector6] - AssertionError: assert 'åå‰,å¹´é½¢,ä½æ‰€' in '| åå‰ | å¹´é½¢ | ä½æ‰€ |\n| --- | --- | --- |\n| ä½è—¤å¤ªéƒ | 30 | æ±äº¬ |\n| ä¸‰æœ¨è‹±å­ | 25 | å¤§é˜ª |\n| é«™æ©‹æ·³ | 35 | åå¤å±‹ |'
FAILED tests/test_cli_vectors.py::test_input_from_stdin_without_hints[test_vector6] - AssertionError: assert 'åå‰,å¹´é½¢,ä½æ‰€' in '| åå‰ | å¹´é½¢ | ä½æ‰€ |\n| --- | --- | --- |\n| ä½è—¤å¤ªéƒ | 30 | æ±äº¬ |\n| ä¸‰æœ¨è‹±å­ | 25 | å¤§é˜ª |\n| é«™æ©‹æ·³ | 35 | åå¤å±‹ |\n'
FAILED tests/test_module_vectors.py::test_convert_local[test_vector9] - AssertionError: assert 'åå‰,å¹´é½¢,ä½æ‰€' in '| åå‰ | å¹´é½¢ | ä½æ‰€ |\n| --- | --- | --- |\n| ä½è—¤å¤ªéƒ | 30 | æ±äº¬ |\n| ä¸‰æœ¨è‹±å­ | 25 | å¤§é˜ª |\n| é«™æ©‹æ·³ | 35 | åå¤å±‹ |'
+  where '| åå‰ | å¹´é½¢ | ä½æ‰€ |\n| --- | --- | --- |\n| ä½è—¤å¤ªéƒ | 30 | æ±äº¬ |\n| ä¸‰æœ¨è‹±å­ | 25 | å¤§é˜ª |\n| é«™æ©‹æ·³ | 35 | åå¤å±‹ |' = <markitdown._base_converter.DocumentConverterResult object at 0x7f55fa302a80>.markdown
FAILED tests/test_module_vectors.py::test_convert_stream_with_hints[test_vector9] - AssertionError: assert 'åå‰,å¹´é½¢,ä½æ‰€' in '| åå‰ | å¹´é½¢ | ä½æ‰€ |\n| --- | --- | --- |\n| ä½è—¤å¤ªéƒ | 30 | æ±äº¬ |\n| ä¸‰æœ¨è‹±å­ | 25 | å¤§é˜ª |\n| é«™æ©‹æ·³ | 35 | åå¤å±‹ |'
+  where '| åå‰ | å¹´é½¢ | ä½æ‰€ |\n| --- | --- | --- |\n| ä½è—¤å¤ªéƒ | 30 | æ±äº¬ |\n| ä¸‰æœ¨è‹±å­ | 25 | å¤§é˜ª |\n| é«™æ©‹æ·³ | 35 | åå¤å±‹ |' = <markitdown._base_converter.DocumentConverterResult object at 0x7f55f9dc9910>.markdown
FAILED tests/test_module_vectors.py::test_convert_stream_without_hints[test_vector9] - AssertionError: assert 'åå‰,å¹´é½¢,ä½æ‰€' in '| åå‰ | å¹´é½¢ | ä½æ‰€ |\n| --- | --- | --- |\n| ä½è—¤å¤ªéƒ | 30 | æ±äº¬ |\n| ä¸‰æœ¨è‹±å­ | 25 | å¤§é˜ª |\n| é«™æ©‹æ·³ | 35 | åå¤å±‹ |'
+  where '| åå‰ | å¹´é½¢ | ä½æ‰€ |\n| --- | --- | --- |\n| ä½è—¤å¤ªéƒ | 30 | æ±äº¬ |\n| ä¸‰æœ¨è‹±å­ | 25 | å¤§é˜ª |\n| é«™æ©‹æ·³ | 35 | åå¤å±‹ |' = <markitdown._base_converter.DocumentConverterResult object at 0x7f55f9da0c50>.markdown
FAILED tests/test_module_vectors.py::test_convert_file_uri[test_vector9] - AssertionError: assert 'åå‰,å¹´é½¢,ä½æ‰€' in '| åå‰ | å¹´é½¢ | ä½æ‰€ |\n| --- | --- | --- |\n| ä½è—¤å¤ªéƒ | 30 | æ±äº¬ |\n| ä¸‰æœ¨è‹±å­ | 25 | å¤§é˜ª |\n| é«™æ©‹æ·³ | 35 | åå¤å±‹ |'
+  where '| åå‰ | å¹´é½¢ | ä½æ‰€ |\n| --- | --- | --- |\n| ä½è—¤å¤ªéƒ | 30 | æ±äº¬ |\n| ä¸‰æœ¨è‹±å­ | 25 | å¤§é˜ª |\n| é«™æ©‹æ·³ | 35 | åå¤å±‹ |' = <markitdown._base_converter.DocumentConverterResult object at 0x7f55f831fad0>.markdown
FAILED tests/test_module_vectors.py::test_convert_data_uri[test_vector9] - AssertionError: assert 'åå‰,å¹´é½¢,ä½æ‰€' in '| åå‰ | å¹´é½¢ | ä½æ‰€ |\n| --- | --- | --- |\n| ä½è—¤å¤ªéƒ | 30 | æ±äº¬ |\n| ä¸‰æœ¨è‹±å­ | 25 | å¤§é˜ª |\n| é«™æ©‹æ·³ | 35 | åå¤å±‹ |'
+  where '| åå‰ | å¹´é½¢ | ä½æ‰€ |\n| --- | --- | --- |\n| ä½è—¤å¤ªéƒ | 30 | æ±äº¬ |\n| ä¸‰æœ¨è‹±å­ | 25 | å¤§é˜ª |\n| é«™æ©‹æ·³ | 35 | åå¤å±‹ |' = <markitdown._base_converter.DocumentConverterResult object at 0x7f55f83f79b0>.markdown
============ 8 failed, 133 passed, 31 skipped, 1 warning in 55.66s =============
##[error]Process completed with exit code 1.
Post job cleanup.
[command]/usr/bin/git version
git version <:NUM:>.<:NUM:>.<:NUM:>
Temporarily overriding HOME='/home/runner/work/_temp/27701047-55e4-4eb6-a51f-fe28f5021f6e' before making global git config changes
Adding repository directory to the temporary git global config as a safe directory
[command]/usr/bin/git config --global --add safe.directory /home/runner/work/markitdown/markitdown
[command]/usr/bin/git config --local --name-only --get-regexp <:*:>
[command]/usr/bin/git submodule foreach --recursive sh -c "git config --local --name-only --get-regexp <:*:> && git config --local --unset-all <:*:> || :"
[command]/usr/bin/git config --local --name-only --get-regexp <:*:>
http.https://github.com/.extraheader
[command]/usr/bin/git config --local --unset-all http.https://github.com/.extraheader
[command]/usr/bin/git submodule foreach --recursive sh -c "git config --local --name-only --get-regexp <:*:> && git config --local --unset-all <:*:> || :"
Cleaning up orphan processes
