2025-04-11T11:10:54.4297589Z Current runner version: '2.323.0'
2025-04-11T11:10:54.4322016Z ##[group]Operating System
2025-04-11T11:10:54.4322791Z Ubuntu
2025-04-11T11:10:54.4323366Z 24.04.2
2025-04-11T11:10:54.4323848Z LTS
2025-04-11T11:10:54.4324329Z ##[endgroup]
2025-04-11T11:10:54.4324890Z ##[group]Runner Image
2025-04-11T11:10:54.4325460Z Image: ubuntu-24.04
2025-04-11T11:10:54.4326317Z Version: 20250406.1.0
2025-04-11T11:10:54.4327300Z Included Software: https://github.com/actions/runner-images/blob/ubuntu24/20250406.1/images/ubuntu/Ubuntu2404-Readme.md
2025-04-11T11:10:54.4328779Z Image Release: https://github.com/actions/runner-images/releases/tag/ubuntu24%2F20250406.1
2025-04-11T11:10:54.4329640Z ##[endgroup]
2025-04-11T11:10:54.4330136Z ##[group]Runner Image Provisioner
2025-04-11T11:10:54.4330808Z 2.0.422.1
2025-04-11T11:10:54.4331236Z ##[endgroup]
2025-04-11T11:10:54.4332596Z ##[group]GITHUB_TOKEN Permissions
2025-04-11T11:10:54.4334686Z Contents: read
2025-04-11T11:10:54.4335210Z Metadata: read
2025-04-11T11:10:54.4336159Z Packages: read
2025-04-11T11:10:54.4336752Z ##[endgroup]
2025-04-11T11:10:54.4339097Z Secret source: Actions
2025-04-11T11:10:54.4339825Z Prepare workflow directory
2025-04-11T11:10:54.4721706Z Prepare all required actions
2025-04-11T11:10:54.4759298Z Getting action download info
2025-04-11T11:10:55.0699882Z ##[group]Download immutable action package 'actions/checkout@v4'
2025-04-11T11:10:55.0700934Z Version: 4.2.2
2025-04-11T11:10:55.0701935Z Digest: sha256:ccb2698953eaebd21c7bf6268a94f9c26518a7e38e27e0b83c1fe1ad049819b1
2025-04-11T11:10:55.0703103Z Source commit SHA: 11bd71901bbe5b1630ceea73d27597364c9af683
2025-04-11T11:10:55.0703865Z ##[endgroup]
2025-04-11T11:10:55.1541379Z ##[group]Download immutable action package 'actions/cache@v4'
2025-04-11T11:10:55.1542087Z Version: 4.2.3
2025-04-11T11:10:55.1542809Z Digest: sha256:c8a3bb963e1f1826d8fcc8d1354f0dd29d8ac1db1d4f6f20247055ae11b81ed9
2025-04-11T11:10:55.1543807Z Source commit SHA: 5a3ec84eff668545956fd18022155c47e93e2684
2025-04-11T11:10:55.1544465Z ##[endgroup]
2025-04-11T11:10:55.3429405Z Complete job name: code-checks / run-checks (3.10)
2025-04-11T11:10:55.4109308Z ##[group]Run actions/checkout@v4
2025-04-11T11:10:55.4110118Z with:
2025-04-11T11:10:55.4110517Z   repository: docling-project/docling
2025-04-11T11:10:55.4111166Z   token: ***
2025-04-11T11:10:55.4111533Z   ssh-strict: true
2025-04-11T11:10:55.4111954Z   ssh-user: git
2025-04-11T11:10:55.4112351Z   persist-credentials: true
2025-04-11T11:10:55.4112780Z   clean: true
2025-04-11T11:10:55.4113167Z   sparse-checkout-cone-mode: true
2025-04-11T11:10:55.4113627Z   fetch-depth: 1
2025-04-11T11:10:55.4114004Z   fetch-tags: false
2025-04-11T11:10:55.4114384Z   show-progress: true
2025-04-11T11:10:55.4114774Z   lfs: false
2025-04-11T11:10:55.4115141Z   submodules: false
2025-04-11T11:10:55.4115529Z   set-safe-directory: true
2025-04-11T11:10:55.4116795Z env:
2025-04-11T11:10:55.4117405Z   HF_HUB_DOWNLOAD_TIMEOUT: 60
2025-04-11T11:10:55.4117993Z   HF_HUB_ETAG_TIMEOUT: 60
2025-04-11T11:10:55.4118404Z ##[endgroup]
2025-04-11T11:10:55.5874780Z Syncing repository: docling-project/docling
2025-04-11T11:10:55.5876694Z ##[group]Getting Git version info
2025-04-11T11:10:55.5877352Z Working directory is '/home/runner/work/docling/docling'
2025-04-11T11:10:55.5878232Z [command]/usr/bin/git version
2025-04-11T11:10:55.5927812Z git version 2.49.0
2025-04-11T11:10:55.5956203Z ##[endgroup]
2025-04-11T11:10:55.5978183Z Temporarily overriding HOME='/home/runner/work/_temp/e426be0a-8314-440a-8b45-2dd92ed040dc' before making global git config changes
2025-04-11T11:10:55.5980589Z Adding repository directory to the temporary git global config as a safe directory
2025-04-11T11:10:55.5984574Z [command]/usr/bin/git config --global --add safe.directory /home/runner/work/docling/docling
2025-04-11T11:10:55.6018451Z Deleting the contents of '/home/runner/work/docling/docling'
2025-04-11T11:10:55.6022409Z ##[group]Initializing the repository
2025-04-11T11:10:55.6026854Z [command]/usr/bin/git init /home/runner/work/docling/docling
2025-04-11T11:10:55.6087172Z hint: Using 'master' as the name for the initial branch. This default branch name
2025-04-11T11:10:55.6088770Z hint: is subject to change. To configure the initial branch name to use in all
2025-04-11T11:10:55.6089785Z hint: of your new repositories, which will suppress this warning, call:
2025-04-11T11:10:55.6090929Z hint:
2025-04-11T11:10:55.6091708Z hint: 	git config --global init.defaultBranch <name>
2025-04-11T11:10:55.6092674Z hint:
2025-04-11T11:10:55.6093544Z hint: Names commonly chosen instead of 'master' are 'main', 'trunk' and
2025-04-11T11:10:55.6094994Z hint: 'development'. The just-created branch can be renamed via this command:
2025-04-11T11:10:55.6095708Z hint:
2025-04-11T11:10:55.6096502Z hint: 	git branch -m <name>
2025-04-11T11:10:55.6097235Z Initialized empty Git repository in /home/runner/work/docling/docling/.git/
2025-04-11T11:10:55.6104763Z [command]/usr/bin/git remote add origin https://github.com/docling-project/docling
2025-04-11T11:10:55.6135382Z ##[endgroup]
2025-04-11T11:10:55.6136781Z ##[group]Disabling automatic garbage collection
2025-04-11T11:10:55.6140431Z [command]/usr/bin/git config --local gc.auto 0
2025-04-11T11:10:55.6167490Z ##[endgroup]
2025-04-11T11:10:55.6168133Z ##[group]Setting up auth
2025-04-11T11:10:55.6173997Z [command]/usr/bin/git config --local --name-only --get-regexp core\.sshCommand
2025-04-11T11:10:55.6203573Z [command]/usr/bin/git submodule foreach --recursive sh -c "git config --local --name-only --get-regexp 'core\.sshCommand' && git config --local --unset-all 'core.sshCommand' || :"
2025-04-11T11:10:55.6479948Z [command]/usr/bin/git config --local --name-only --get-regexp http\.https\:\/\/github\.com\/\.extraheader
2025-04-11T11:10:55.6510014Z [command]/usr/bin/git submodule foreach --recursive sh -c "git config --local --name-only --get-regexp 'http\.https\:\/\/github\.com\/\.extraheader' && git config --local --unset-all 'http.https://github.com/.extraheader' || :"
2025-04-11T11:10:55.6733987Z [command]/usr/bin/git config --local http.https://github.com/.extraheader AUTHORIZATION: basic ***
2025-04-11T11:10:55.6781399Z ##[endgroup]
2025-04-11T11:10:55.6782090Z ##[group]Fetching the repository
2025-04-11T11:10:55.6790736Z [command]/usr/bin/git -c protocol.version=2 fetch --no-tags --prune --no-recurse-submodules --depth=1 origin +0063f15dcc4a47b883ba40b2510475c75e1e0ba8:refs/remotes/origin/dev/add-split-page-html-export
2025-04-11T11:10:57.2712799Z From https://github.com/docling-project/docling
2025-04-11T11:10:57.2717263Z  * [new ref]         0063f15dcc4a47b883ba40b2510475c75e1e0ba8 -> origin/dev/add-split-page-html-export
2025-04-11T11:10:57.2738986Z ##[endgroup]
2025-04-11T11:10:57.2740030Z ##[group]Determining the checkout info
2025-04-11T11:10:57.2741370Z ##[endgroup]
2025-04-11T11:10:57.2747971Z [command]/usr/bin/git sparse-checkout disable
2025-04-11T11:10:57.2788833Z [command]/usr/bin/git config --local --unset-all extensions.worktreeConfig
2025-04-11T11:10:57.2817592Z ##[group]Checking out the ref
2025-04-11T11:10:57.2822802Z [command]/usr/bin/git checkout --progress --force -B dev/add-split-page-html-export refs/remotes/origin/dev/add-split-page-html-export
2025-04-11T11:10:57.5128389Z Switched to a new branch 'dev/add-split-page-html-export'
2025-04-11T11:10:57.5130223Z branch 'dev/add-split-page-html-export' set up to track 'origin/dev/add-split-page-html-export'.
2025-04-11T11:10:57.5150631Z ##[endgroup]
2025-04-11T11:10:57.5189757Z [command]/usr/bin/git log -1 --format=%H
2025-04-11T11:10:57.5211526Z 0063f15dcc4a47b883ba40b2510475c75e1e0ba8
2025-04-11T11:10:57.5390716Z ##[group]Run sudo apt-get update && sudo apt-get install -y tesseract-ocr tesseract-ocr-eng tesseract-ocr-fra tesseract-ocr-deu tesseract-ocr-spa tesseract-ocr-script-latn libleptonica-dev libtesseract-dev pkg-config
2025-04-11T11:10:57.5392229Z [36;1msudo apt-get update && sudo apt-get install -y tesseract-ocr tesseract-ocr-eng tesseract-ocr-fra tesseract-ocr-deu tesseract-ocr-spa tesseract-ocr-script-latn libleptonica-dev libtesseract-dev pkg-config[0m
2025-04-11T11:10:57.5444062Z shell: /usr/bin/bash -e {0}
2025-04-11T11:10:57.5444372Z env:
2025-04-11T11:10:57.5444595Z   HF_HUB_DOWNLOAD_TIMEOUT: 60
2025-04-11T11:10:57.5444880Z   HF_HUB_ETAG_TIMEOUT: 60
2025-04-11T11:10:57.5445122Z ##[endgroup]
2025-04-11T11:10:57.6148322Z Get:1 file:/etc/apt/apt-mirrors.txt Mirrorlist [142 B]
2025-04-11T11:10:57.6453744Z Hit:2 http://azure.archive.ubuntu.com/ubuntu noble InRelease
2025-04-11T11:10:57.6455705Z Hit:6 https://packages.microsoft.com/repos/azure-cli noble InRelease
2025-04-11T11:10:57.6469489Z Get:3 http://azure.archive.ubuntu.com/ubuntu noble-updates InRelease [126 kB]
2025-04-11T11:10:57.6488910Z Get:7 https://packages.microsoft.com/ubuntu/24.04/prod noble InRelease [3600 B]
2025-04-11T11:10:57.6517659Z Hit:4 http://azure.archive.ubuntu.com/ubuntu noble-backports InRelease
2025-04-11T11:10:57.6527201Z Get:5 http://azure.archive.ubuntu.com/ubuntu noble-security InRelease [126 kB]
2025-04-11T11:10:57.8127286Z Get:8 https://packages.microsoft.com/ubuntu/24.04/prod noble/main arm64 Packages [17.1 kB]
2025-04-11T11:10:57.8238123Z Get:9 https://packages.microsoft.com/ubuntu/24.04/prod noble/main amd64 Packages [27.1 kB]
2025-04-11T11:10:57.8606936Z Get:10 http://azure.archive.ubuntu.com/ubuntu noble-updates/main amd64 Packages [991 kB]
2025-04-11T11:10:57.8673755Z Get:11 http://azure.archive.ubuntu.com/ubuntu noble-updates/main Translation-en [219 kB]
2025-04-11T11:10:57.8698198Z Get:12 http://azure.archive.ubuntu.com/ubuntu noble-updates/universe amd64 Packages [1052 kB]
2025-04-11T11:10:57.8758405Z Get:13 http://azure.archive.ubuntu.com/ubuntu noble-updates/restricted Translation-en [182 kB]
2025-04-11T11:10:57.9752763Z Get:14 http://azure.archive.ubuntu.com/ubuntu noble-security/main amd64 Packages [741 kB]
2025-04-11T11:10:57.9800575Z Get:15 http://azure.archive.ubuntu.com/ubuntu noble-security/universe amd64 Packages [829 kB]
2025-04-11T11:10:57.9851708Z Get:16 http://azure.archive.ubuntu.com/ubuntu noble-security/universe Translation-en [180 kB]
2025-04-11T11:11:00.0860886Z Fetched 4495 kB in 1s (6788 kB/s)
2025-04-11T11:11:00.6996643Z Reading package lists...
2025-04-11T11:11:00.7306857Z Reading package lists...
2025-04-11T11:11:00.8658982Z Building dependency tree...
2025-04-11T11:11:00.8670829Z Reading state information...
2025-04-11T11:11:01.0054999Z pkg-config is already the newest version (1.8.1-2build1).
2025-04-11T11:11:01.0056341Z The following additional packages will be installed:
2025-04-11T11:11:01.0057280Z   bzip2-doc comerr-dev libacl1-dev libarchive-dev libattr1-dev libbz2-dev
2025-04-11T11:11:01.0059044Z   libcurl4-openssl-dev libext2fs-dev libgif7 liblept5 liblzma-dev
2025-04-11T11:11:01.0061508Z   libtesseract5 nettle-dev tesseract-ocr-osd
2025-04-11T11:11:01.0067239Z Suggested packages:
2025-04-11T11:11:01.0067854Z   doc-base libcurl4-doc libidn-dev libkrb5-dev libldap2-dev librtmp-dev
2025-04-11T11:11:01.0068496Z   libssh2-1-dev liblzma-doc
2025-04-11T11:11:01.0285066Z The following NEW packages will be installed:
2025-04-11T11:11:01.0286091Z   bzip2-doc comerr-dev libacl1-dev libarchive-dev libattr1-dev libbz2-dev
2025-04-11T11:11:01.0287081Z   libcurl4-openssl-dev libext2fs-dev libgif7 liblept5 libleptonica-dev
2025-04-11T11:11:01.0292558Z   liblzma-dev libtesseract-dev libtesseract5 nettle-dev tesseract-ocr
2025-04-11T11:11:01.0293360Z   tesseract-ocr-deu tesseract-ocr-eng tesseract-ocr-fra tesseract-ocr-osd
2025-04-11T11:11:01.0293803Z   tesseract-ocr-script-latn tesseract-ocr-spa
2025-04-11T11:11:01.0479653Z 0 upgraded, 22 newly installed, 0 to remove and 93 not upgraded.
2025-04-11T11:11:01.0480172Z Need to get 52.9 MB of archives.
2025-04-11T11:11:01.0480494Z After this operation, 141 MB of additional disk space will be used.
2025-04-11T11:11:01.0480884Z Get:1 file:/etc/apt/apt-mirrors.txt Mirrorlist [142 B]
2025-04-11T11:11:01.1527742Z Get:2 http://azure.archive.ubuntu.com/ubuntu noble-updates/main amd64 bzip2-doc all 1.0.8-5.1build0.1 [499 kB]
2025-04-11T11:11:01.3180564Z Get:3 http://azure.archive.ubuntu.com/ubuntu noble-updates/main amd64 libbz2-dev amd64 1.0.8-5.1build0.1 [33.6 kB]
2025-04-11T11:11:01.4017156Z Get:4 http://azure.archive.ubuntu.com/ubuntu noble-updates/main amd64 liblzma-dev amd64 5.6.1+really5.4.5-1ubuntu0.2 [176 kB]
2025-04-11T11:11:01.4876550Z Get:5 http://azure.archive.ubuntu.com/ubuntu noble-updates/main amd64 libattr1-dev amd64 1:2.5.2-1build1.1 [23.1 kB]
2025-04-11T11:11:01.5722030Z Get:6 http://azure.archive.ubuntu.com/ubuntu noble-updates/main amd64 libacl1-dev amd64 2.3.2-1build1.1 [78.5 kB]
2025-04-11T11:11:01.6561175Z Get:7 http://azure.archive.ubuntu.com/ubuntu noble-updates/main amd64 comerr-dev amd64 2.1-1.47.0-2.4~exp1ubuntu4.1 [43.8 kB]
2025-04-11T11:11:01.7402663Z Get:8 http://azure.archive.ubuntu.com/ubuntu noble-updates/main amd64 libext2fs-dev amd64 1.47.0-2.4~exp1ubuntu4.1 [300 kB]
2025-04-11T11:11:01.8275528Z Get:9 http://azure.archive.ubuntu.com/ubuntu noble-updates/main amd64 nettle-dev amd64 3.9.1-2.2build1.1 [1154 kB]
2025-04-11T11:11:02.0744277Z Get:10 http://azure.archive.ubuntu.com/ubuntu noble-updates/main amd64 libarchive-dev amd64 3.7.2-2ubuntu0.3 [589 kB]
2025-04-11T11:11:02.2402428Z Get:11 http://azure.archive.ubuntu.com/ubuntu noble-updates/main amd64 libcurl4-openssl-dev amd64 8.5.0-2ubuntu10.6 [446 kB]
2025-04-11T11:11:02.4044440Z Get:12 http://azure.archive.ubuntu.com/ubuntu noble/main amd64 libgif7 amd64 5.2.2-1ubuntu1 [35.2 kB]
2025-04-11T11:11:02.4878575Z Get:13 http://azure.archive.ubuntu.com/ubuntu noble/universe amd64 liblept5 amd64 1.82.0-3build4 [1099 kB]
2025-04-11T11:11:02.7335640Z Get:14 http://azure.archive.ubuntu.com/ubuntu noble/universe amd64 libleptonica-dev amd64 1.82.0-3build4 [1565 kB]
2025-04-11T11:11:02.9841991Z Get:15 http://azure.archive.ubuntu.com/ubuntu noble/universe amd64 libtesseract5 amd64 5.3.4-1build5 [1291 kB]
2025-04-11T11:11:03.2001279Z Get:16 http://azure.archive.ubuntu.com/ubuntu noble/universe amd64 libtesseract-dev amd64 5.3.4-1build5 [1633 kB]
2025-04-11T11:11:03.4504311Z Get:17 http://azure.archive.ubuntu.com/ubuntu noble/universe amd64 tesseract-ocr-eng all 1:4.1.0-2 [1818 kB]
2025-04-11T11:11:03.7042107Z Get:18 http://azure.archive.ubuntu.com/ubuntu noble/universe amd64 tesseract-ocr-osd all 1:4.1.0-2 [3841 kB]
2025-04-11T11:11:04.1179564Z Get:19 http://azure.archive.ubuntu.com/ubuntu noble/universe amd64 tesseract-ocr amd64 5.3.4-1build5 [328 kB]
2025-04-11T11:11:04.2151658Z Get:20 http://azure.archive.ubuntu.com/ubuntu noble/universe amd64 tesseract-ocr-deu all 1:4.1.0-2 [818 kB]
2025-04-11T11:11:04.3150100Z Get:21 http://azure.archive.ubuntu.com/ubuntu noble/universe amd64 tesseract-ocr-fra all 1:4.1.0-2 [584 kB]
2025-04-11T11:11:04.4966528Z Get:22 http://azure.archive.ubuntu.com/ubuntu noble/universe amd64 tesseract-ocr-script-latn all 1:4.1.0-2 [35.5 MB]
2025-04-11T11:11:05.6043676Z Get:23 http://azure.archive.ubuntu.com/ubuntu noble/universe amd64 tesseract-ocr-spa all 1:4.1.0-2 [1065 kB]
2025-04-11T11:11:06.0157990Z Fetched 52.9 MB in 5s (11.2 MB/s)
2025-04-11T11:11:06.0394842Z Selecting previously unselected package bzip2-doc.
2025-04-11T11:11:06.0612834Z (Reading database ... 
2025-04-11T11:11:06.0613329Z (Reading database ... 5%
2025-04-11T11:11:06.0613782Z (Reading database ... 10%
2025-04-11T11:11:06.0614066Z (Reading database ... 15%
2025-04-11T11:11:06.0614308Z (Reading database ... 20%
2025-04-11T11:11:06.0614539Z (Reading database ... 25%
2025-04-11T11:11:06.0614764Z (Reading database ... 30%
2025-04-11T11:11:06.0614994Z (Reading database ... 35%
2025-04-11T11:11:06.0615344Z (Reading database ... 40%
2025-04-11T11:11:06.0615925Z (Reading database ... 45%
2025-04-11T11:11:06.0616790Z (Reading database ... 50%
2025-04-11T11:11:06.0718151Z (Reading database ... 55%
2025-04-11T11:11:06.1117239Z (Reading database ... 60%
2025-04-11T11:11:06.1346296Z (Reading database ... 65%
2025-04-11T11:11:06.1602754Z (Reading database ... 70%
2025-04-11T11:11:06.1898200Z (Reading database ... 75%
2025-04-11T11:11:06.2284199Z (Reading database ... 80%
2025-04-11T11:11:06.2814450Z (Reading database ... 85%
2025-04-11T11:11:06.3491488Z (Reading database ... 90%
2025-04-11T11:11:06.3874393Z (Reading database ... 95%
2025-04-11T11:11:06.3874762Z (Reading database ... 100%
2025-04-11T11:11:06.3875264Z (Reading database ... 221801 files and directories currently installed.)
2025-04-11T11:11:06.3918526Z Preparing to unpack .../00-bzip2-doc_1.0.8-5.1build0.1_all.deb ...
2025-04-11T11:11:06.3961629Z Unpacking bzip2-doc (1.0.8-5.1build0.1) ...
2025-04-11T11:11:06.9591683Z Selecting previously unselected package libbz2-dev:amd64.
2025-04-11T11:11:06.9730000Z Preparing to unpack .../01-libbz2-dev_1.0.8-5.1build0.1_amd64.deb ...
2025-04-11T11:11:06.9742466Z Unpacking libbz2-dev:amd64 (1.0.8-5.1build0.1) ...
2025-04-11T11:11:06.9965479Z Selecting previously unselected package liblzma-dev:amd64.
2025-04-11T11:11:07.0101020Z Preparing to unpack .../02-liblzma-dev_5.6.1+really5.4.5-1ubuntu0.2_amd64.deb ...
2025-04-11T11:11:07.0113177Z Unpacking liblzma-dev:amd64 (5.6.1+really5.4.5-1ubuntu0.2) ...
2025-04-11T11:11:07.0399876Z Selecting previously unselected package libattr1-dev:amd64.
2025-04-11T11:11:07.0535635Z Preparing to unpack .../03-libattr1-dev_1%3a2.5.2-1build1.1_amd64.deb ...
2025-04-11T11:11:07.0547783Z Unpacking libattr1-dev:amd64 (1:2.5.2-1build1.1) ...
2025-04-11T11:11:07.0826236Z Selecting previously unselected package libacl1-dev:amd64.
2025-04-11T11:11:07.0960656Z Preparing to unpack .../04-libacl1-dev_2.3.2-1build1.1_amd64.deb ...
2025-04-11T11:11:07.0973173Z Unpacking libacl1-dev:amd64 (2.3.2-1build1.1) ...
2025-04-11T11:11:07.1289347Z Selecting previously unselected package comerr-dev:amd64.
2025-04-11T11:11:07.1425564Z Preparing to unpack .../05-comerr-dev_2.1-1.47.0-2.4~exp1ubuntu4.1_amd64.deb ...
2025-04-11T11:11:07.1462845Z Unpacking comerr-dev:amd64 (2.1-1.47.0-2.4~exp1ubuntu4.1) ...
2025-04-11T11:11:07.1725424Z Selecting previously unselected package libext2fs-dev.
2025-04-11T11:11:07.1860131Z Preparing to unpack .../06-libext2fs-dev_1.47.0-2.4~exp1ubuntu4.1_amd64.deb ...
2025-04-11T11:11:07.1872287Z Unpacking libext2fs-dev (1.47.0-2.4~exp1ubuntu4.1) ...
2025-04-11T11:11:07.2153659Z Selecting previously unselected package nettle-dev:amd64.
2025-04-11T11:11:07.2290496Z Preparing to unpack .../07-nettle-dev_3.9.1-2.2build1.1_amd64.deb ...
2025-04-11T11:11:07.2302656Z Unpacking nettle-dev:amd64 (3.9.1-2.2build1.1) ...
2025-04-11T11:11:07.2751295Z Selecting previously unselected package libarchive-dev:amd64.
2025-04-11T11:11:07.2887063Z Preparing to unpack .../08-libarchive-dev_3.7.2-2ubuntu0.3_amd64.deb ...
2025-04-11T11:11:07.2900625Z Unpacking libarchive-dev:amd64 (3.7.2-2ubuntu0.3) ...
2025-04-11T11:11:07.3292962Z Selecting previously unselected package libcurl4-openssl-dev:amd64.
2025-04-11T11:11:07.3429796Z Preparing to unpack .../09-libcurl4-openssl-dev_8.5.0-2ubuntu10.6_amd64.deb ...
2025-04-11T11:11:07.3441771Z Unpacking libcurl4-openssl-dev:amd64 (8.5.0-2ubuntu10.6) ...
2025-04-11T11:11:07.3782847Z Selecting previously unselected package libgif7:amd64.
2025-04-11T11:11:07.3919030Z Preparing to unpack .../10-libgif7_5.2.2-1ubuntu1_amd64.deb ...
2025-04-11T11:11:07.3945584Z Unpacking libgif7:amd64 (5.2.2-1ubuntu1) ...
2025-04-11T11:11:07.4190312Z Selecting previously unselected package liblept5:amd64.
2025-04-11T11:11:07.4325342Z Preparing to unpack .../11-liblept5_1.82.0-3build4_amd64.deb ...
2025-04-11T11:11:07.4337481Z Unpacking liblept5:amd64 (1.82.0-3build4) ...
2025-04-11T11:11:07.4712375Z Selecting previously unselected package libleptonica-dev.
2025-04-11T11:11:07.4848614Z Preparing to unpack .../12-libleptonica-dev_1.82.0-3build4_amd64.deb ...
2025-04-11T11:11:07.4859806Z Unpacking libleptonica-dev (1.82.0-3build4) ...
2025-04-11T11:11:07.5388291Z Selecting previously unselected package libtesseract5:amd64.
2025-04-11T11:11:07.5523983Z Preparing to unpack .../13-libtesseract5_5.3.4-1build5_amd64.deb ...
2025-04-11T11:11:07.5536217Z Unpacking libtesseract5:amd64 (5.3.4-1build5) ...
2025-04-11T11:11:07.5942083Z Selecting previously unselected package libtesseract-dev:amd64.
2025-04-11T11:11:07.6078641Z Preparing to unpack .../14-libtesseract-dev_5.3.4-1build5_amd64.deb ...
2025-04-11T11:11:07.6088988Z Unpacking libtesseract-dev:amd64 (5.3.4-1build5) ...
2025-04-11T11:11:07.6639590Z Selecting previously unselected package tesseract-ocr-eng.
2025-04-11T11:11:07.6776960Z Preparing to unpack .../15-tesseract-ocr-eng_1%3a4.1.0-2_all.deb ...
2025-04-11T11:11:07.6787464Z Unpacking tesseract-ocr-eng (1:4.1.0-2) ...
2025-04-11T11:11:07.7188172Z Selecting previously unselected package tesseract-ocr-osd.
2025-04-11T11:11:07.7323899Z Preparing to unpack .../16-tesseract-ocr-osd_1%3a4.1.0-2_all.deb ...
2025-04-11T11:11:07.7332979Z Unpacking tesseract-ocr-osd (1:4.1.0-2) ...
2025-04-11T11:11:07.8079648Z Selecting previously unselected package tesseract-ocr.
2025-04-11T11:11:07.8216039Z Preparing to unpack .../17-tesseract-ocr_5.3.4-1build5_amd64.deb ...
2025-04-11T11:11:07.8225395Z Unpacking tesseract-ocr (5.3.4-1build5) ...
2025-04-11T11:11:07.8592709Z Selecting previously unselected package tesseract-ocr-deu.
2025-04-11T11:11:07.8729441Z Preparing to unpack .../18-tesseract-ocr-deu_1%3a4.1.0-2_all.deb ...
2025-04-11T11:11:07.8738348Z Unpacking tesseract-ocr-deu (1:4.1.0-2) ...
2025-04-11T11:11:07.9030673Z Selecting previously unselected package tesseract-ocr-fra.
2025-04-11T11:11:07.9166180Z Preparing to unpack .../19-tesseract-ocr-fra_1%3a4.1.0-2_all.deb ...
2025-04-11T11:11:07.9176590Z Unpacking tesseract-ocr-fra (1:4.1.0-2) ...
2025-04-11T11:11:07.9441684Z Selecting previously unselected package tesseract-ocr-script-latn.
2025-04-11T11:11:07.9576866Z Preparing to unpack .../20-tesseract-ocr-script-latn_1%3a4.1.0-2_all.deb ...
2025-04-11T11:11:07.9587565Z Unpacking tesseract-ocr-script-latn (1:4.1.0-2) ...
2025-04-11T11:11:08.3840787Z Selecting previously unselected package tesseract-ocr-spa.
2025-04-11T11:11:08.3976727Z Preparing to unpack .../21-tesseract-ocr-spa_1%3a4.1.0-2_all.deb ...
2025-04-11T11:11:08.3985524Z Unpacking tesseract-ocr-spa (1:4.1.0-2) ...
2025-04-11T11:11:08.4502809Z Setting up bzip2-doc (1.0.8-5.1build0.1) ...
2025-04-11T11:11:08.4532416Z Setting up libattr1-dev:amd64 (1:2.5.2-1build1.1) ...
2025-04-11T11:11:08.4556755Z Setting up nettle-dev:amd64 (3.9.1-2.2build1.1) ...
2025-04-11T11:11:08.4600463Z Setting up tesseract-ocr-script-latn (1:4.1.0-2) ...
2025-04-11T11:11:08.4622515Z Setting up tesseract-ocr-eng (1:4.1.0-2) ...
2025-04-11T11:11:08.4650312Z Setting up libcurl4-openssl-dev:amd64 (8.5.0-2ubuntu10.6) ...
2025-04-11T11:11:08.4673667Z Setting up tesseract-ocr-fra (1:4.1.0-2) ...
2025-04-11T11:11:08.4696535Z Setting up comerr-dev:amd64 (2.1-1.47.0-2.4~exp1ubuntu4.1) ...
2025-04-11T11:11:08.4730175Z Setting up liblzma-dev:amd64 (5.6.1+really5.4.5-1ubuntu0.2) ...
2025-04-11T11:11:08.4756474Z Setting up tesseract-ocr-deu (1:4.1.0-2) ...
2025-04-11T11:11:08.4783479Z Setting up libgif7:amd64 (5.2.2-1ubuntu1) ...
2025-04-11T11:11:08.4810791Z Setting up tesseract-ocr-spa (1:4.1.0-2) ...
2025-04-11T11:11:08.4835653Z Setting up tesseract-ocr-osd (1:4.1.0-2) ...
2025-04-11T11:11:08.4861743Z Setting up libext2fs-dev (1.47.0-2.4~exp1ubuntu4.1) ...
2025-04-11T11:11:08.4886779Z Setting up libacl1-dev:amd64 (2.3.2-1build1.1) ...
2025-04-11T11:11:08.4914975Z Setting up libbz2-dev:amd64 (1.0.8-5.1build0.1) ...
2025-04-11T11:11:08.4944560Z Setting up liblept5:amd64 (1.82.0-3build4) ...
2025-04-11T11:11:08.4967820Z Setting up libleptonica-dev (1.82.0-3build4) ...
2025-04-11T11:11:08.4993198Z Setting up libtesseract5:amd64 (5.3.4-1build5) ...
2025-04-11T11:11:08.5021180Z Setting up libarchive-dev:amd64 (3.7.2-2ubuntu0.3) ...
2025-04-11T11:11:08.5045626Z Setting up libtesseract-dev:amd64 (5.3.4-1build5) ...
2025-04-11T11:11:08.5070469Z Setting up tesseract-ocr (5.3.4-1build5) ...
2025-04-11T11:11:08.5101212Z Processing triggers for libc-bin (2.39-0ubuntu8.4) ...
2025-04-11T11:11:08.7442081Z Processing triggers for man-db (2.12.0-4build2) ...
2025-04-11T11:11:15.4992547Z Processing triggers for install-info (7.1-3build2) ...
2025-04-11T11:11:16.2069167Z 
2025-04-11T11:11:16.2069672Z Running kernel seems to be up-to-date.
2025-04-11T11:11:16.2070014Z 
2025-04-11T11:11:16.2070512Z No services need to be restarted.
2025-04-11T11:11:16.2070773Z 
2025-04-11T11:11:16.2070921Z No containers need to be restarted.
2025-04-11T11:11:16.2071182Z 
2025-04-11T11:11:16.2071370Z No user sessions are running outdated binaries.
2025-04-11T11:11:16.2071684Z 
2025-04-11T11:11:16.2071954Z No VM guests are running outdated hypervisor (qemu) binaries on this host.
2025-04-11T11:11:16.9636949Z ##[group]Run echo "TESSDATA_PREFIX=$(dpkg -L tesseract-ocr-eng | grep tessdata$)" >> "$GITHUB_ENV"
2025-04-11T11:11:16.9637594Z [36;1mecho "TESSDATA_PREFIX=$(dpkg -L tesseract-ocr-eng | grep tessdata$)" >> "$GITHUB_ENV"[0m
2025-04-11T11:11:16.9685987Z shell: /usr/bin/bash -e {0}
2025-04-11T11:11:16.9686225Z env:
2025-04-11T11:11:16.9686404Z   HF_HUB_DOWNLOAD_TIMEOUT: 60
2025-04-11T11:11:16.9686618Z   HF_HUB_ETAG_TIMEOUT: 60
2025-04-11T11:11:16.9686802Z ##[endgroup]
2025-04-11T11:11:16.9950832Z ##[group]Run actions/cache@v4
2025-04-11T11:11:16.9951068Z with:
2025-04-11T11:11:16.9951236Z   path: ~/.cache/huggingface
2025-04-11T11:11:16.9951476Z   key: huggingface-cache-py3.10
2025-04-11T11:11:16.9951700Z   enableCrossOsArchive: false
2025-04-11T11:11:16.9951917Z   fail-on-cache-miss: false
2025-04-11T11:11:16.9952109Z   lookup-only: false
2025-04-11T11:11:16.9952289Z   save-always: false
2025-04-11T11:11:16.9952450Z env:
2025-04-11T11:11:16.9952610Z   HF_HUB_DOWNLOAD_TIMEOUT: 60
2025-04-11T11:11:16.9952813Z   HF_HUB_ETAG_TIMEOUT: 60
2025-04-11T11:11:16.9953050Z   TESSDATA_PREFIX: /usr/share/tesseract-ocr/5/tessdata
2025-04-11T11:11:16.9953318Z ##[endgroup]
2025-04-11T11:11:17.4072644Z Cache hit for: huggingface-cache-py3.10
2025-04-11T11:11:18.6939944Z Received 8388608 of 1113780323 (0.8%), 8.0 MBs/sec
2025-04-11T11:11:19.7219140Z Received 134217728 of 1113780323 (12.1%), 63.1 MBs/sec
2025-04-11T11:11:20.7223115Z Received 264241152 of 1113780323 (23.7%), 83.2 MBs/sec
2025-04-11T11:11:21.7230153Z Received 381681664 of 1113780323 (34.3%), 90.3 MBs/sec
2025-04-11T11:11:22.7235469Z Received 503316480 of 1113780323 (45.2%), 95.4 MBs/sec
2025-04-11T11:11:23.7249611Z Received 595591168 of 1113780323 (53.5%), 94.2 MBs/sec
2025-04-11T11:11:24.7259968Z Received 696254464 of 1113780323 (62.5%), 94.4 MBs/sec
2025-04-11T11:11:25.7271854Z Received 805306368 of 1113780323 (72.3%), 95.6 MBs/sec
2025-04-11T11:11:26.7274690Z Received 922746880 of 1113780323 (82.8%), 97.4 MBs/sec
2025-04-11T11:11:27.7286004Z Received 1031798784 of 1113780323 (92.6%), 98.1 MBs/sec
2025-04-11T11:11:28.5808373Z Received 1113780323 of 1113780323 (100.0%), 97.6 MBs/sec
2025-04-11T11:11:28.5811278Z Cache Size: ~1062 MB (1113780323 B)
2025-04-11T11:11:28.5908360Z [command]/usr/bin/tar -xf /home/runner/work/_temp/40d16489-5670-4265-83b3-288138240b5a/cache.tzst -P -C /home/runner/work/docling/docling --use-compress-program unzstd
2025-04-11T11:11:30.5420294Z Cache restored successfully
2025-04-11T11:11:31.0146876Z Cache restored from key: huggingface-cache-py3.10
2025-04-11T11:11:31.0332349Z Prepare all required actions
2025-04-11T11:11:31.0332814Z Getting action download info
2025-04-11T11:11:31.2736256Z ##[group]Download immutable action package 'actions/setup-python@v5'
2025-04-11T11:11:31.2736738Z Version: 5.5.0
2025-04-11T11:11:31.2737178Z Digest: sha256:1fac95d751afd58314aebd2ab01d4bf3b3109a441917bd2cac2a22898ec494f7
2025-04-11T11:11:31.2737804Z Source commit SHA: 8d9ed9ac5c53483de85588cdf95a591a75ab9f55
2025-04-11T11:11:31.2738225Z ##[endgroup]
2025-04-11T11:11:31.7714072Z ##[group]Run ./.github/actions/setup-poetry
2025-04-11T11:11:31.7714342Z with:
2025-04-11T11:11:31.7714513Z   python-version: 3.10
2025-04-11T11:11:31.7714705Z env:
2025-04-11T11:11:31.7714872Z   HF_HUB_DOWNLOAD_TIMEOUT: 60
2025-04-11T11:11:31.7715086Z   HF_HUB_ETAG_TIMEOUT: 60
2025-04-11T11:11:31.7715346Z   TESSDATA_PREFIX: /usr/share/tesseract-ocr/5/tessdata
2025-04-11T11:11:31.7715626Z ##[endgroup]
2025-04-11T11:11:31.7779583Z ##[group]Run pipx install poetry==1.8.5
2025-04-11T11:11:31.7779908Z [36;1mpipx install poetry==1.8.5[0m
2025-04-11T11:11:31.7827178Z shell: /usr/bin/bash --noprofile --norc -e -o pipefail {0}
2025-04-11T11:11:31.7827683Z env:
2025-04-11T11:11:31.7827855Z   HF_HUB_DOWNLOAD_TIMEOUT: 60
2025-04-11T11:11:31.7828081Z   HF_HUB_ETAG_TIMEOUT: 60
2025-04-11T11:11:31.7828345Z   TESSDATA_PREFIX: /usr/share/tesseract-ocr/5/tessdata
2025-04-11T11:11:31.7828631Z ##[endgroup]
2025-04-11T11:11:31.9221608Z creating virtual environment...
2025-04-11T11:11:32.0157085Z installing poetry from spec 'poetry==1.8.5'...
2025-04-11T11:11:38.1240070Z done! ✨ 🌟 ✨
2025-04-11T11:11:38.1240613Z   installed package poetry 1.8.5, installed using Python 3.12.3
2025-04-11T11:11:38.1241137Z   These apps are now globally available
2025-04-11T11:11:38.1241499Z     - poetry
2025-04-11T11:11:38.1470432Z ##[group]Run actions/setup-python@v5
2025-04-11T11:11:38.1470689Z with:
2025-04-11T11:11:38.1470873Z   python-version: 3.10
2025-04-11T11:11:38.1471079Z   cache: poetry
2025-04-11T11:11:38.1471300Z   check-latest: false
2025-04-11T11:11:38.1471603Z   token: ***
2025-04-11T11:11:38.1471807Z   update-environment: true
2025-04-11T11:11:38.1472060Z   allow-prereleases: false
2025-04-11T11:11:38.1472280Z   freethreaded: false
2025-04-11T11:11:38.1472481Z env:
2025-04-11T11:11:38.1472658Z   HF_HUB_DOWNLOAD_TIMEOUT: 60
2025-04-11T11:11:38.1472895Z   HF_HUB_ETAG_TIMEOUT: 60
2025-04-11T11:11:38.1473165Z   TESSDATA_PREFIX: /usr/share/tesseract-ocr/5/tessdata
2025-04-11T11:11:38.1473453Z ##[endgroup]
2025-04-11T11:11:38.3123547Z ##[group]Installed versions
2025-04-11T11:11:38.3182744Z Successfully set up CPython (3.10.16)
2025-04-11T11:11:38.3183393Z ##[endgroup]
2025-04-11T11:11:38.4144542Z [command]/opt/pipx_bin/poetry config --list
2025-04-11T11:11:38.7893942Z cache-dir = "/home/runner/.cache/pypoetry"
2025-04-11T11:11:38.7894493Z experimental.system-git-client = false
2025-04-11T11:11:38.7894897Z installer.max-workers = null
2025-04-11T11:11:38.7895260Z installer.modern-installation = true
2025-04-11T11:11:38.7896691Z installer.no-binary = null
2025-04-11T11:11:38.7897044Z installer.parallel = true
2025-04-11T11:11:38.7897376Z keyring.enabled = true
2025-04-11T11:11:38.7897669Z solver.lazy-wheel = true
2025-04-11T11:11:38.7897966Z virtualenvs.create = true
2025-04-11T11:11:38.7898284Z virtualenvs.in-project = null
2025-04-11T11:11:38.7898644Z virtualenvs.options.always-copy = false
2025-04-11T11:11:38.7899050Z virtualenvs.options.no-pip = false
2025-04-11T11:11:38.7899434Z virtualenvs.options.no-setuptools = false
2025-04-11T11:11:38.7899941Z virtualenvs.options.system-site-packages = false
2025-04-11T11:11:38.7900606Z virtualenvs.path = "{cache-dir}/virtualenvs"  # /home/runner/.cache/pypoetry/virtualenvs
2025-04-11T11:11:38.7901232Z virtualenvs.prefer-active-python = false
2025-04-11T11:11:38.7901732Z virtualenvs.prompt = "{project_name}-py{python_version}"
2025-04-11T11:11:38.7902194Z warnings.export = true
2025-04-11T11:11:39.1457500Z [command]/opt/pipx_bin/poetry env use /opt/hostedtoolcache/Python/3.10.16/x64/bin/python
2025-04-11T11:11:39.5725546Z Creating virtualenv docling-oEGFWdgn-py3.10 in /home/runner/.cache/pypoetry/virtualenvs
2025-04-11T11:11:40.8868967Z Using virtualenv: /home/runner/.cache/pypoetry/virtualenvs/docling-oEGFWdgn-py3.10
2025-04-11T11:11:40.9254174Z poetry cache is not found
2025-04-11T11:11:40.9386187Z ##[group]Run poetry install --all-extras
2025-04-11T11:11:40.9386670Z [36;1mpoetry install --all-extras[0m
2025-04-11T11:11:40.9435294Z shell: /usr/bin/bash --noprofile --norc -e -o pipefail {0}
2025-04-11T11:11:40.9435609Z env:
2025-04-11T11:11:40.9435957Z   HF_HUB_DOWNLOAD_TIMEOUT: 60
2025-04-11T11:11:40.9436191Z   HF_HUB_ETAG_TIMEOUT: 60
2025-04-11T11:11:40.9436449Z   TESSDATA_PREFIX: /usr/share/tesseract-ocr/5/tessdata
2025-04-11T11:11:40.9436817Z   pythonLocation: /opt/hostedtoolcache/Python/3.10.16/x64
2025-04-11T11:11:40.9437220Z   PKG_CONFIG_PATH: /opt/hostedtoolcache/Python/3.10.16/x64/lib/pkgconfig
2025-04-11T11:11:40.9437616Z   Python_ROOT_DIR: /opt/hostedtoolcache/Python/3.10.16/x64
2025-04-11T11:11:40.9437980Z   Python2_ROOT_DIR: /opt/hostedtoolcache/Python/3.10.16/x64
2025-04-11T11:11:40.9438520Z   Python3_ROOT_DIR: /opt/hostedtoolcache/Python/3.10.16/x64
2025-04-11T11:11:40.9438866Z   LD_LIBRARY_PATH: /opt/hostedtoolcache/Python/3.10.16/x64/lib
2025-04-11T11:11:40.9439157Z ##[endgroup]
2025-04-11T11:11:41.4416179Z Installing dependencies from lock file
2025-04-11T11:11:42.1466272Z 
2025-04-11T11:11:42.1466887Z Package operations: 265 installs, 0 updates, 0 removals
2025-04-11T11:11:42.1467291Z 
2025-04-11T11:11:42.1471797Z   - Installing attrs (25.3.0)
2025-04-11T11:11:42.1475181Z   - Installing rpds-py (0.24.0)
2025-04-11T11:11:42.1478634Z   - Installing six (1.17.0)
2025-04-11T11:11:42.1481357Z   - Installing typing-extensions (4.13.1)
2025-04-11T11:11:42.3953478Z   - Installing certifi (2025.1.31)
2025-04-11T11:11:42.3963458Z   - Installing charset-normalizer (3.4.1)
2025-04-11T11:11:42.3970398Z   - Installing markupsafe (3.0.2)
2025-04-11T11:11:42.3977652Z   - Installing idna (3.10)
2025-04-11T11:11:42.3983542Z   - Installing mergedeep (1.3.4)
2025-04-11T11:11:42.3990886Z   - Installing platformdirs (4.3.7)
2025-04-11T11:11:42.4007849Z   - Installing pycparser (2.22)
2025-04-11T11:11:42.4014150Z   - Installing python-dateutil (2.9.0.post0)
2025-04-11T11:11:42.4836066Z   - Installing pyyaml (6.0.2)
2025-04-11T11:11:42.4945596Z   - Installing referencing (0.36.2)
2025-04-11T11:11:42.5091098Z   - Installing urllib3 (2.3.0)
2025-04-11T11:11:42.5934445Z   - Installing cffi (1.17.1)
2025-04-11T11:11:42.5939003Z   - Installing click (8.1.8)
2025-04-11T11:11:42.5940522Z   - Installing exceptiongroup (1.2.2)
2025-04-11T11:11:42.5951555Z   - Installing filelock (3.18.0)
2025-04-11T11:11:42.5962450Z   - Installing fsspec (2024.6.1)
2025-04-11T11:11:42.5972762Z   - Installing ghp-import (2.1.0)
2025-04-11T11:11:42.5978356Z   - Installing h11 (0.14.0)
2025-04-11T11:11:42.5986343Z   - Installing jinja2 (3.1.6)
2025-04-11T11:11:42.6694350Z   - Installing jsonschema-specifications (2024.10.1)
2025-04-11T11:11:42.6778502Z   - Installing markdown (3.7)
2025-04-11T11:11:42.6799906Z   - Installing mdurl (0.1.2)
2025-04-11T11:11:42.7244582Z   - Installing mkdocs-get-deps (0.2.0)
2025-04-11T11:11:42.7339583Z   - Installing nvidia-nvjitlink-cu12 (12.4.127)
2025-04-11T11:11:42.7405418Z   - Installing packaging (24.2)
2025-04-11T11:11:42.7616112Z   - Installing pathspec (0.12.1)
2025-04-11T11:11:42.7839322Z   - Installing pyyaml-env-tag (0.1)
2025-04-11T11:11:42.7918415Z   - Installing requests (2.32.3)
2025-04-11T11:11:42.8305220Z   - Installing sniffio (1.3.1)
2025-04-11T11:11:42.8320904Z   - Installing tqdm (4.67.1)
2025-04-11T11:11:42.8345443Z   - Installing traitlets (5.14.3)
2025-04-11T11:11:42.8455975Z   - Installing watchdog (6.0.0)
2025-04-11T11:11:43.3791106Z   - Installing annotated-types (0.7.0)
2025-04-11T11:11:43.3792455Z   - Installing anyio (4.9.0)
2025-04-11T11:11:43.3800939Z   - Installing asttokens (3.0.0)
2025-04-11T11:11:43.3811189Z   - Installing backports-tarfile (1.2.0)
2025-04-11T11:11:43.3819373Z   - Installing cryptography (43.0.3)
2025-04-11T11:11:43.3834080Z   - Installing executing (2.2.0)
2025-04-11T11:11:43.3842566Z   - Installing fastjsonschema (2.21.1)
2025-04-11T11:11:43.3852989Z   - Installing frozenlist (1.5.0)
2025-04-11T11:11:43.4656245Z   - Installing httpcore (1.0.7)
2025-04-11T11:11:43.4729826Z   - Installing huggingface-hub (0.30.1)
2025-04-11T11:11:43.4744720Z   - Installing jeepney (0.9.0)
2025-04-11T11:11:43.4767169Z   - Installing jsonschema (4.23.0)
2025-04-11T11:11:43.4864397Z   - Installing jupyter-core (5.7.2)
2025-04-11T11:11:43.5500796Z   - Installing markdown-it-py (3.0.0)
2025-04-11T11:11:43.5638812Z   - Installing mkdocs (1.6.1)
2025-04-11T11:11:43.5731516Z   - Installing more-itertools (10.6.0)
2025-04-11T11:11:43.6061509Z   - Installing mpmath (1.3.0)
2025-04-11T11:11:43.6200949Z   - Installing multidict (6.3.2)
2025-04-11T11:11:43.6532641Z   - Installing numpy (2.2.4)
2025-04-11T11:11:43.6726037Z   - Installing nvidia-cublas-cu12 (12.4.5.8)
2025-04-11T11:11:43.7594300Z   - Installing nvidia-cusparse-cu12 (12.3.1.170)
2025-04-11T11:11:43.7904787Z   - Installing parso (0.8.4)
2025-04-11T11:11:43.9229488Z   - Installing propcache (0.3.1)
2025-04-11T11:11:43.9632024Z   - Installing ptyprocess (0.7.0)
2025-04-11T11:11:44.0129055Z   - Installing pure-eval (0.2.3)
2025-04-11T11:11:44.0216390Z   - Installing pydantic-core (2.33.1)
2025-04-11T11:11:44.0624172Z   - Installing pygments (2.19.1)
2025-04-11T11:11:44.0799908Z   - Installing pyzmq (26.4.0)
2025-04-11T11:11:44.5109395Z   - Installing tornado (6.4.2)
2025-04-11T11:11:44.5305506Z   - Installing typing-inspection (0.4.0)
2025-04-11T11:11:44.5810862Z   - Installing wcwidth (0.2.13)
2025-04-11T11:11:44.6524344Z   - Installing webencodings (0.5.1)
2025-04-11T11:11:44.7104569Z   - Installing zipp (3.21.0)
2025-04-11T11:11:51.3175311Z Installing /home/runner/.cache/pypoetry/virtualenvs/docling-oEGFWdgn-py3.10/lib/python3.10/site-packages/nvidia/__init__.py over existing file
2025-04-11T11:11:52.2461280Z Installing /home/runner/.cache/pypoetry/virtualenvs/docling-oEGFWdgn-py3.10/lib/python3.10/site-packages/nvidia/__init__.py over existing file
2025-04-11T11:11:55.6563142Z   - Installing aiohappyeyeballs (2.6.1)
2025-04-11T11:11:55.6564283Z   - Installing aiosignal (1.3.2)
2025-04-11T11:11:55.6573395Z   - Installing async-timeout (5.0.1)
2025-04-11T11:11:55.6584929Z   - Installing colorama (0.4.6)
2025-04-11T11:11:55.6595440Z   - Installing decorator (5.2.1)
2025-04-11T11:11:55.6600063Z   - Installing docutils (0.21.2)
2025-04-11T11:11:55.6604526Z   - Installing httpx (0.28.1)
2025-04-11T11:11:55.6623896Z   - Installing humanfriendly (10.0)
2025-04-11T11:11:55.7193487Z   - Installing importlib-metadata (8.6.1)
2025-04-11T11:11:55.7230652Z   - Installing jaraco-classes (3.4.0)
2025-04-11T11:11:55.7241371Z   - Installing jaraco-context (6.0.1)
2025-04-11T11:11:55.7470448Z   - Installing jaraco-functools (4.1.0)
2025-04-11T11:11:55.7564885Z   - Installing jedi (0.19.2)
2025-04-11T11:11:55.7821432Z   - Installing joblib (1.4.2)
2025-04-11T11:11:55.7850553Z   - Installing jsonpointer (3.0.0)
2025-04-11T11:11:55.7942681Z   - Installing jupyter-client (8.6.3)
2025-04-11T11:11:55.8080585Z   - Installing matplotlib-inline (0.1.7)
2025-04-11T11:11:55.8100912Z   - Installing mkdocs-autorefs (1.4.1)
2025-04-11T11:11:55.8193500Z   - Installing nbformat (5.10.4)
2025-04-11T11:11:55.8510074Z   - Installing networkx (3.2.1)
2025-04-11T11:11:55.8773938Z   - Installing nh3 (0.2.21)
2025-04-11T11:11:55.9731193Z   - Installing nvidia-cuda-cupti-cu12 (12.4.127)
2025-04-11T11:11:55.9928722Z   - Installing nvidia-cuda-nvrtc-cu12 (12.4.127)
2025-04-11T11:11:56.1460285Z   - Installing nvidia-cuda-runtime-cu12 (12.4.127)
2025-04-11T11:11:56.2072305Z   - Installing nvidia-cudnn-cu12 (9.1.0.70)
2025-04-11T11:11:56.3306502Z Installing /home/runner/.cache/pypoetry/virtualenvs/docling-oEGFWdgn-py3.10/lib/python3.10/site-packages/nvidia/__init__.py over existing file
2025-04-11T11:11:56.3625405Z   - Installing nvidia-cufft-cu12 (11.2.1.3)
2025-04-11T11:11:56.6691038Z   - Installing nvidia-curand-cu12 (10.3.5.147)
2025-04-11T11:11:57.5966839Z   - Installing nvidia-cusolver-cu12 (11.6.1.9)
2025-04-11T11:11:58.2430833Z Installing /home/runner/.cache/pypoetry/virtualenvs/docling-oEGFWdgn-py3.10/lib/python3.10/site-packages/nvidia/__init__.py over existing file
2025-04-11T11:11:59.7172373Z   - Installing nvidia-cusparselt-cu12 (0.6.2)
2025-04-11T11:11:59.7953698Z   - Installing nvidia-nccl-cu12 (2.21.5)
2025-04-11T11:11:59.9732361Z Installing /home/runner/.cache/pypoetry/virtualenvs/docling-oEGFWdgn-py3.10/lib/python3.10/site-packages/nvidia/__init__.py over existing file
2025-04-11T11:12:02.1502539Z   - Installing nvidia-nvtx-cu12 (12.4.127)
2025-04-11T11:12:02.2045213Z Installing /home/runner/.cache/pypoetry/virtualenvs/docling-oEGFWdgn-py3.10/lib/python3.10/site-packages/nvidia/__init__.py over existing file
2025-04-11T11:12:02.2803048Z   - Installing orjson (3.10.16)
2025-04-11T11:12:02.3763990Z   - Installing pexpect (4.9.0)
2025-04-11T11:12:02.5453398Z   - Installing pillow (11.1.0)
2025-04-11T11:12:03.7300471Z   - Installing prompt-toolkit (3.0.50)
2025-04-11T11:12:03.9326983Z   - Installing pydantic (2.11.2)
2025-04-11T11:12:04.1473547Z   - Installing pymdown-extensions (10.14.3)
2025-04-11T11:12:04.2811176Z   - Installing pytz (2025.2)
2025-04-11T11:12:04.3523895Z   - Installing regex (2024.11.6)
2025-04-11T11:12:04.6008424Z   - Installing requests-toolbelt (1.0.0)
2025-04-11T11:12:04.7190456Z   - Installing rich (14.0.0)
2025-04-11T11:12:04.9759847Z   - Installing safetensors (0.5.3)
2025-04-11T11:12:05.1609709Z   - Installing scipy (1.15.2)
2025-04-11T11:12:05.3904000Z Installing /home/runner/.cache/pypoetry/virtualenvs/docling-oEGFWdgn-py3.10/lib/python3.10/site-packages/nvidia/__init__.py over existing file
2025-04-11T11:12:05.6468143Z   - Installing secretstorage (3.3.3)
2025-04-11T11:12:05.7139696Z   - Installing shellingham (1.5.4)
2025-04-11T11:12:05.7701387Z   - Installing smmap (5.0.2)
2025-04-11T11:12:05.8463453Z   - Installing soupsieve (2.6)
2025-04-11T11:12:05.9139118Z   - Installing stack-data (0.6.3)
2025-04-11T11:12:05.9734208Z   - Installing sympy (1.13.1)
2025-04-11T11:12:08.7196783Z   - Installing threadpoolctl (3.6.0)
2025-04-11T11:12:08.7706577Z   - Installing tinycss2 (1.4.0)
2025-04-11T11:12:08.8414430Z   - Installing tokenizers (0.21.1)
2025-04-11T11:12:09.6948192Z   - Installing triton (3.2.0)
2025-04-11T11:12:10.7414896Z   - Installing tzdata (2025.2)
2025-04-11T11:12:12.1395650Z   - Installing yarl (1.19.0)
2025-04-11T11:12:16.1787664Z Installing /home/runner/.cache/pypoetry/virtualenvs/docling-oEGFWdgn-py3.10/lib/python3.10/site-packages/nvidia/__init__.py over existing file
2025-04-11T11:12:22.1799437Z Installing /home/runner/.cache/pypoetry/virtualenvs/docling-oEGFWdgn-py3.10/lib/python3.10/site-packages/nvidia/__init__.py over existing file
2025-04-11T11:12:22.2459370Z Installing /home/runner/.cache/pypoetry/virtualenvs/docling-oEGFWdgn-py3.10/lib/python3.10/site-packages/nvidia/__init__.py over existing file
2025-04-11T11:12:31.7103717Z Installing /home/runner/.cache/pypoetry/virtualenvs/docling-oEGFWdgn-py3.10/lib/python3.10/site-packages/nvidia/__init__.py over existing file
2025-04-11T11:12:38.4843251Z   - Installing aiohttp (3.11.16)
2025-04-11T11:12:38.4844948Z   - Installing babel (2.17.0)
2025-04-11T11:12:38.4850858Z   - Installing backrefs (5.8)
2025-04-11T11:12:38.4864164Z   - Installing beautifulsoup4 (4.13.3)
2025-04-11T11:12:38.4869928Z   - Installing bleach (6.2.0)
2025-04-11T11:12:38.4879929Z   - Installing coloredlogs (15.0.1)
2025-04-11T11:12:38.4895205Z   - Installing comm (0.2.2)
2025-04-11T11:12:38.4902263Z   - Installing debugpy (1.8.13)
2025-04-11T11:12:38.5570467Z   - Installing defusedxml (0.7.1)
2025-04-11T11:12:38.5909277Z   - Installing dill (0.3.8)
2025-04-11T11:12:38.6318582Z   - Installing distlib (0.3.9)
2025-04-11T11:12:38.7027850Z   - Installing flatbuffers (25.2.10)
2025-04-11T11:12:38.7148775Z   - Installing gitdb (4.0.12)
2025-04-11T11:12:38.7434565Z   - Installing griffe (1.7.2)
2025-04-11T11:12:38.7644262Z   - Installing grpcio (1.67.1)
2025-04-11T11:12:38.7878911Z   - Installing imageio (2.37.0)
2025-04-11T11:12:38.8273692Z   - Installing iniconfig (2.1.0)
2025-04-11T11:12:38.8383770Z   - Installing ipython (8.18.1)
2025-04-11T11:12:38.8808322Z   - Installing jsonpatch (1.33)
2025-04-11T11:12:38.9239904Z   - Installing jsonref (1.1.0)
2025-04-11T11:12:38.9422377Z   - Installing jupyterlab-pygments (0.3.0)
2025-04-11T11:12:38.9746964Z   - Installing keyring (25.6.0)
2025-04-11T11:12:39.0096801Z   - Installing langsmith (0.1.147)
2025-04-11T11:12:39.0457076Z   - Installing latex2mathml (3.77.0)
2025-04-11T11:12:39.0952484Z   - Installing lazy-loader (0.4)
2025-04-11T11:12:39.1200803Z   - Installing lazy-object-proxy (1.10.0)
2025-04-11T11:12:39.1677995Z   - Installing mccabe (0.7.0)
2025-04-11T11:12:39.1847949Z   - Installing mdit-py-plugins (0.4.2)
2025-04-11T11:12:39.2066658Z   - Installing milvus-lite (2.4.12)
2025-04-11T11:12:39.2114280Z   - Installing mistune (3.1.3)
2025-04-11T11:12:39.2246719Z   - Installing mkdocs-material-extensions (1.3.1)
2025-04-11T11:12:39.2734014Z   - Installing mkdocstrings (0.27.0)
2025-04-11T11:12:39.3362582Z   - Installing nbclient (0.10.2)
2025-04-11T11:12:39.3485588Z   - Installing nest-asyncio (1.6.0)
2025-04-11T11:12:39.3498808Z   - Installing paginate (0.5.7)
2025-04-11T11:12:39.4039664Z   - Installing pandas (2.2.3)
2025-04-11T11:12:39.4112682Z   - Installing pandocfilters (1.5.1)
2025-04-11T11:12:39.4191355Z   - Installing pkginfo (1.12.1.2)
2025-04-11T11:12:39.4640820Z   - Installing pluggy (1.5.0)
2025-04-11T11:12:39.5294546Z   - Installing protobuf (6.30.2)
2025-04-11T11:12:39.5509970Z   - Installing psutil (7.0.0)
2025-04-11T11:12:39.7027307Z   - Installing pycodestyle (2.11.1)
2025-04-11T11:12:39.7199077Z   - Installing pyflakes (3.1.0)
2025-04-11T11:12:39.7634222Z   - Installing python-dotenv (1.1.0)
2025-04-11T11:12:39.7877023Z   - Installing readme-renderer (44.0)
2025-04-11T11:12:39.8198190Z   - Installing rfc3986 (2.0.0)
2025-04-11T11:12:39.8301612Z   - Installing scikit-learn (1.6.1)
2025-04-11T11:12:39.8517782Z   - Installing tabulate (0.9.0)
2025-04-11T11:12:39.8975025Z   - Installing tenacity (8.5.0)
2025-04-11T11:12:39.9118862Z   - Installing tifffile (2024.8.30)
2025-04-11T11:12:39.9644186Z   - Installing tomli (2.2.1)
2025-04-11T11:12:40.0129069Z   - Installing torch (2.6.0)
2025-04-11T11:12:40.0428291Z   - Installing transformers (4.51.0)
2025-04-11T11:12:40.2769241Z   - Installing typer (0.12.5)
2025-04-11T11:12:40.3614095Z   - Installing ujson (5.10.0)
2025-04-11T11:12:40.4236127Z   - Installing wrapt (1.17.2)
2025-04-11T11:13:03.4746525Z   - Installing astroid (2.15.8)
2025-04-11T11:13:03.4751995Z   - Installing autopep8 (2.2.0)
2025-04-11T11:13:03.4756200Z   - Installing cfgv (3.4.0)
2025-04-11T11:13:03.4771187Z   - Installing click-log (0.4.0)
2025-04-11T11:13:03.4775593Z   - Installing docling-core (2.26.0)
2025-04-11T11:13:03.4780685Z   - Installing dotty-dict (1.3.1)
2025-04-11T11:13:03.4791341Z   - Installing et-xmlfile (2.0.0)
2025-04-11T11:13:03.4817947Z   - Installing execnet (2.1.1)
2025-04-11T11:13:03.5366680Z   - Installing flake8 (6.1.0)
2025-04-11T11:13:03.5401799Z   - Installing gitpython (3.1.44)
2025-04-11T11:13:03.5429447Z   - Installing identify (2.6.9)
2025-04-11T11:13:03.5516720Z   - Installing invoke (2.2.0)
2025-04-11T11:13:03.5622972Z   - Installing ipykernel (6.29.5)
2025-04-11T11:13:03.5990130Z   - Installing isort (5.13.2)
2025-04-11T11:13:03.6448579Z   - Installing jsonlines (3.1.0)
2025-04-11T11:13:03.6850239Z   - Installing jupyterlab-widgets (3.0.13)
2025-04-11T11:13:03.7023377Z   - Installing jupytext (1.17.0)
2025-04-11T11:13:03.7304873Z   - Installing langchain-core (0.2.43)
2025-04-11T11:13:03.7339874Z   - Installing lxml (5.3.2)
2025-04-11T11:13:03.7729112Z   - Installing mkdocs-material (9.6.11)
2025-04-11T11:13:03.7954648Z   - Installing mkdocstrings-python (1.13.0)
2025-04-11T11:13:03.8162707Z   - Installing multiprocess (0.70.16)
2025-04-11T11:13:03.8503907Z   - Installing mypy-extensions (1.0.0)
2025-04-11T11:13:03.8716261Z   - Installing nbconvert (7.16.6)
2025-04-11T11:13:03.9027346Z   - Installing ninja (1.11.1.4)
2025-04-11T11:13:03.9400110Z   - Installing nodeenv (1.9.1)
2025-04-11T11:13:03.9796409Z   - Installing onnxruntime (1.21.0)
2025-04-11T11:13:04.0072282Z   - Installing opencv-python (4.11.0.86)
2025-04-11T11:13:04.0874546Z   - Installing opencv-python-headless (4.11.0.86)
2025-04-11T11:13:04.2358716Z   - Installing pyarrow (19.0.1)
2025-04-11T11:13:04.2756736Z   - Installing pyclipper (1.3.0.post6)
2025-04-11T11:13:04.3062510Z   - Installing pymilvus (2.5.6)
2025-04-11T11:13:04.5385994Z   - Installing pytest (7.4.4)
2025-04-11T11:13:04.6327790Z   - Installing python-bidi (0.6.6)
2025-04-11T11:13:04.7896562Z   - Installing python-gitlab (3.15.0)
2025-04-11T11:13:04.8258290Z   - Installing scikit-image (0.24.0)
2025-04-11T11:13:05.0630267Z   - Installing semver (2.13.0)
2025-04-11T11:13:05.1233435Z   - Installing sentence-transformers (4.0.2)
2025-04-11T11:13:05.5822716Z   - Installing shapely (2.0.7)
2025-04-11T11:13:05.7102987Z   - Installing tokenize-rt (6.1.0)
2025-04-11T11:13:05.7648303Z   - Installing tomlkit (0.13.2)
2025-04-11T11:13:05.8565128Z   - Installing torchvision (0.21.0)
2025-04-11T11:13:06.5498109Z   - Installing twine (3.8.0)
2025-04-11T11:13:06.6393793Z   - Installing types-pytz (2025.2.0.20250326)
2025-04-11T11:13:06.6930630Z   - Installing types-requests (2.32.0.20250328)
2025-04-11T11:13:06.7694286Z   - Installing virtualenv (20.30.0)
2025-04-11T11:13:07.7333373Z   - Installing wheel (0.45.1)
2025-04-11T11:13:07.8483506Z   - Installing widgetsnbextension (4.0.13)
2025-04-11T11:13:07.8572165Z   - Installing xlsxwriter (3.2.2)
2025-04-11T11:13:08.0127009Z   - Installing xxhash (3.5.0)
2025-04-11T11:13:11.5474766Z Installing /home/runner/.cache/pypoetry/virtualenvs/docling-oEGFWdgn-py3.10/lib/python3.10/site-packages/cv2/load_config_py2.py over existing file
2025-04-11T11:13:11.5480671Z Installing /home/runner/.cache/pypoetry/virtualenvs/docling-oEGFWdgn-py3.10/lib/python3.10/site-packages/cv2/version.py over existing file
2025-04-11T11:13:11.5493140Z Installing /home/runner/.cache/pypoetry/virtualenvs/docling-oEGFWdgn-py3.10/lib/python3.10/site-packages/cv2/load_config_py3.py over existing file
2025-04-11T11:13:11.5498381Z Installing /home/runner/.cache/pypoetry/virtualenvs/docling-oEGFWdgn-py3.10/lib/python3.10/site-packages/cv2/LICENSE.txt over existing file
2025-04-11T11:13:11.5507818Z Installing /home/runner/.cache/pypoetry/virtualenvs/docling-oEGFWdgn-py3.10/lib/python3.10/site-packages/cv2/py.typed over existing file
2025-04-11T11:13:11.5512649Z Installing /home/runner/.cache/pypoetry/virtualenvs/docling-oEGFWdgn-py3.10/lib/python3.10/site-packages/cv2/cv2.abi3.so over existing file
2025-04-11T11:13:12.1889646Z Installing /home/runner/.cache/pypoetry/virtualenvs/docling-oEGFWdgn-py3.10/lib/python3.10/site-packages/cv2/__init__.py over existing file
2025-04-11T11:13:12.1894992Z Installing /home/runner/.cache/pypoetry/virtualenvs/docling-oEGFWdgn-py3.10/lib/python3.10/site-packages/cv2/config-3.py over existing file
2025-04-11T11:13:12.1899984Z Installing /home/runner/.cache/pypoetry/virtualenvs/docling-oEGFWdgn-py3.10/lib/python3.10/site-packages/cv2/__init__.pyi over existing file
2025-04-11T11:13:12.1924493Z Installing /home/runner/.cache/pypoetry/virtualenvs/docling-oEGFWdgn-py3.10/lib/python3.10/site-packages/cv2/config.py over existing file
2025-04-11T11:13:12.1927847Z Installing /home/runner/.cache/pypoetry/virtualenvs/docling-oEGFWdgn-py3.10/lib/python3.10/site-packages/cv2/LICENSE-3RD-PARTY.txt over existing file
2025-04-11T11:13:12.1945121Z Installing /home/runner/.cache/pypoetry/virtualenvs/docling-oEGFWdgn-py3.10/lib/python3.10/site-packages/cv2/segmentation/__init__.pyi over existing file
2025-04-11T11:13:12.1950054Z Installing /home/runner/.cache/pypoetry/virtualenvs/docling-oEGFWdgn-py3.10/lib/python3.10/site-packages/cv2/videoio_registry/__init__.pyi over existing file
2025-04-11T11:13:12.1955000Z Installing /home/runner/.cache/pypoetry/virtualenvs/docling-oEGFWdgn-py3.10/lib/python3.10/site-packages/cv2/ogl/__init__.pyi over existing file
2025-04-11T11:13:12.1958095Z Installing /home/runner/.cache/pypoetry/virtualenvs/docling-oEGFWdgn-py3.10/lib/python3.10/site-packages/cv2/parallel/__init__.pyi over existing file
2025-04-11T11:13:12.1962169Z Installing /home/runner/.cache/pypoetry/virtualenvs/docling-oEGFWdgn-py3.10/lib/python3.10/site-packages/cv2/gapi/__init__.py over existing file
2025-04-11T11:13:12.1967354Z Installing /home/runner/.cache/pypoetry/virtualenvs/docling-oEGFWdgn-py3.10/lib/python3.10/site-packages/cv2/gapi/__init__.pyi over existing file
2025-04-11T11:13:12.1971902Z Installing /home/runner/.cache/pypoetry/virtualenvs/docling-oEGFWdgn-py3.10/lib/python3.10/site-packages/cv2/gapi/oak/__init__.pyi over existing file
2025-04-11T11:13:12.1975514Z Installing /home/runner/.cache/pypoetry/virtualenvs/docling-oEGFWdgn-py3.10/lib/python3.10/site-packages/cv2/gapi/wip/__init__.pyi over existing file
2025-04-11T11:13:12.1981231Z Installing /home/runner/.cache/pypoetry/virtualenvs/docling-oEGFWdgn-py3.10/lib/python3.10/site-packages/cv2/gapi/wip/draw/__init__.pyi over existing file
2025-04-11T11:13:12.1985590Z Installing /home/runner/.cache/pypoetry/virtualenvs/docling-oEGFWdgn-py3.10/lib/python3.10/site-packages/cv2/gapi/wip/gst/__init__.pyi over existing file
2025-04-11T11:13:12.1989926Z Installing /home/runner/.cache/pypoetry/virtualenvs/docling-oEGFWdgn-py3.10/lib/python3.10/site-packages/cv2/gapi/wip/onevpl/__init__.pyi over existing file
2025-04-11T11:13:12.1993916Z Installing /home/runner/.cache/pypoetry/virtualenvs/docling-oEGFWdgn-py3.10/lib/python3.10/site-packages/cv2/gapi/render/__init__.pyi over existing file
2025-04-11T11:13:12.1998117Z Installing /home/runner/.cache/pypoetry/virtualenvs/docling-oEGFWdgn-py3.10/lib/python3.10/site-packages/cv2/gapi/render/ocv/__init__.pyi over existing file
2025-04-11T11:13:12.2001653Z Installing /home/runner/.cache/pypoetry/virtualenvs/docling-oEGFWdgn-py3.10/lib/python3.10/site-packages/cv2/gapi/imgproc/__init__.pyi over existing file
2025-04-11T11:13:12.2006272Z Installing /home/runner/.cache/pypoetry/virtualenvs/docling-oEGFWdgn-py3.10/lib/python3.10/site-packages/cv2/gapi/imgproc/fluid/__init__.pyi over existing file
2025-04-11T11:13:12.2008869Z Installing /home/runner/.cache/pypoetry/virtualenvs/docling-oEGFWdgn-py3.10/lib/python3.10/site-packages/cv2/gapi/video/__init__.pyi over existing file
2025-04-11T11:13:12.2015036Z Installing /home/runner/.cache/pypoetry/virtualenvs/docling-oEGFWdgn-py3.10/lib/python3.10/site-packages/cv2/gapi/streaming/__init__.pyi over existing file
2025-04-11T11:13:12.2018963Z Installing /home/runner/.cache/pypoetry/virtualenvs/docling-oEGFWdgn-py3.10/lib/python3.10/site-packages/cv2/gapi/ot/__init__.pyi over existing file
2025-04-11T11:13:12.2022394Z Installing /home/runner/.cache/pypoetry/virtualenvs/docling-oEGFWdgn-py3.10/lib/python3.10/site-packages/cv2/gapi/ot/cpu/__init__.pyi over existing file
2025-04-11T11:13:12.2026655Z Installing /home/runner/.cache/pypoetry/virtualenvs/docling-oEGFWdgn-py3.10/lib/python3.10/site-packages/cv2/gapi/ov/__init__.pyi over existing file
2025-04-11T11:13:12.2031321Z Installing /home/runner/.cache/pypoetry/virtualenvs/docling-oEGFWdgn-py3.10/lib/python3.10/site-packages/cv2/gapi/own/__init__.pyi over existing file
2025-04-11T11:13:12.2035415Z Installing /home/runner/.cache/pypoetry/virtualenvs/docling-oEGFWdgn-py3.10/lib/python3.10/site-packages/cv2/gapi/own/detail/__init__.pyi over existing file
2025-04-11T11:13:12.2039577Z Installing /home/runner/.cache/pypoetry/virtualenvs/docling-oEGFWdgn-py3.10/lib/python3.10/site-packages/cv2/gapi/ie/__init__.pyi over existing file
2025-04-11T11:13:12.2043630Z Installing /home/runner/.cache/pypoetry/virtualenvs/docling-oEGFWdgn-py3.10/lib/python3.10/site-packages/cv2/gapi/ie/detail/__init__.pyi over existing file
2025-04-11T11:13:12.2047594Z Installing /home/runner/.cache/pypoetry/virtualenvs/docling-oEGFWdgn-py3.10/lib/python3.10/site-packages/cv2/gapi/core/__init__.pyi over existing file
2025-04-11T11:13:12.2050958Z Installing /home/runner/.cache/pypoetry/virtualenvs/docling-oEGFWdgn-py3.10/lib/python3.10/site-packages/cv2/gapi/core/fluid/__init__.pyi over existing file
2025-04-11T11:13:12.2055575Z Installing /home/runner/.cache/pypoetry/virtualenvs/docling-oEGFWdgn-py3.10/lib/python3.10/site-packages/cv2/gapi/core/cpu/__init__.pyi over existing file
2025-04-11T11:13:12.2059342Z Installing /home/runner/.cache/pypoetry/virtualenvs/docling-oEGFWdgn-py3.10/lib/python3.10/site-packages/cv2/gapi/core/ocl/__init__.pyi over existing file
2025-04-11T11:13:12.2063119Z Installing /home/runner/.cache/pypoetry/virtualenvs/docling-oEGFWdgn-py3.10/lib/python3.10/site-packages/cv2/gapi/onnx/__init__.pyi over existing file
2025-04-11T11:13:12.2067143Z Installing /home/runner/.cache/pypoetry/virtualenvs/docling-oEGFWdgn-py3.10/lib/python3.10/site-packages/cv2/gapi/onnx/ep/__init__.pyi over existing file
2025-04-11T11:13:12.2071553Z Installing /home/runner/.cache/pypoetry/virtualenvs/docling-oEGFWdgn-py3.10/lib/python3.10/site-packages/cv2/utils/__init__.py over existing file
2025-04-11T11:13:12.2074371Z Installing /home/runner/.cache/pypoetry/virtualenvs/docling-oEGFWdgn-py3.10/lib/python3.10/site-packages/cv2/utils/__init__.pyi over existing file
2025-04-11T11:13:12.2078612Z Installing /home/runner/.cache/pypoetry/virtualenvs/docling-oEGFWdgn-py3.10/lib/python3.10/site-packages/cv2/utils/nested/__init__.pyi over existing file
2025-04-11T11:13:12.2082763Z Installing /home/runner/.cache/pypoetry/virtualenvs/docling-oEGFWdgn-py3.10/lib/python3.10/site-packages/cv2/utils/fs/__init__.pyi over existing file
2025-04-11T11:13:12.2087012Z Installing /home/runner/.cache/pypoetry/virtualenvs/docling-oEGFWdgn-py3.10/lib/python3.10/site-packages/cv2/typing/__init__.py over existing file
2025-04-11T11:13:12.2091496Z Installing /home/runner/.cache/pypoetry/virtualenvs/docling-oEGFWdgn-py3.10/lib/python3.10/site-packages/cv2/cuda/__init__.pyi over existing file
2025-04-11T11:13:12.2096591Z Installing /home/runner/.cache/pypoetry/virtualenvs/docling-oEGFWdgn-py3.10/lib/python3.10/site-packages/cv2/Error/__init__.pyi over existing file
2025-04-11T11:13:12.2101156Z Installing /home/runner/.cache/pypoetry/virtualenvs/docling-oEGFWdgn-py3.10/lib/python3.10/site-packages/cv2/ml/__init__.pyi over existing file
2025-04-11T11:13:12.2107195Z Installing /home/runner/.cache/pypoetry/virtualenvs/docling-oEGFWdgn-py3.10/lib/python3.10/site-packages/cv2/fisheye/__init__.pyi over existing file
2025-04-11T11:13:12.2110627Z Installing /home/runner/.cache/pypoetry/virtualenvs/docling-oEGFWdgn-py3.10/lib/python3.10/site-packages/cv2/ipp/__init__.pyi over existing file
2025-04-11T11:13:12.2114655Z Installing /home/runner/.cache/pypoetry/virtualenvs/docling-oEGFWdgn-py3.10/lib/python3.10/site-packages/cv2/data/haarcascade_lowerbody.xml over existing file
2025-04-11T11:13:12.2146500Z Installing /home/runner/.cache/pypoetry/virtualenvs/docling-oEGFWdgn-py3.10/lib/python3.10/site-packages/cv2/data/haarcascade_frontalface_alt_tree.xml over existing file
2025-04-11T11:13:12.2340876Z Installing /home/runner/.cache/pypoetry/virtualenvs/docling-oEGFWdgn-py3.10/lib/python3.10/site-packages/cv2/data/haarcascade_frontalface_default.xml over existing file
2025-04-11T11:13:12.2398526Z Installing /home/runner/.cache/pypoetry/virtualenvs/docling-oEGFWdgn-py3.10/lib/python3.10/site-packages/cv2/data/haarcascade_righteye_2splits.xml over existing file
2025-04-11T11:13:12.2414648Z Installing /home/runner/.cache/pypoetry/virtualenvs/docling-oEGFWdgn-py3.10/lib/python3.10/site-packages/cv2/data/haarcascade_profileface.xml over existing file
2025-04-11T11:13:12.2477134Z Installing /home/runner/.cache/pypoetry/virtualenvs/docling-oEGFWdgn-py3.10/lib/python3.10/site-packages/cv2/data/haarcascade_eye_tree_eyeglasses.xml over existing file
2025-04-11T11:13:12.2528485Z Installing /home/runner/.cache/pypoetry/virtualenvs/docling-oEGFWdgn-py3.10/lib/python3.10/site-packages/cv2/data/haarcascade_smile.xml over existing file
2025-04-11T11:13:12.2557080Z Installing /home/runner/.cache/pypoetry/virtualenvs/docling-oEGFWdgn-py3.10/lib/python3.10/site-packages/cv2/data/haarcascade_frontalcatface_extended.xml over existing file
2025-04-11T11:13:12.2584535Z Installing /home/runner/.cache/pypoetry/virtualenvs/docling-oEGFWdgn-py3.10/lib/python3.10/site-packages/cv2/data/__init__.py over existing file
2025-04-11T11:13:12.2587783Z Installing /home/runner/.cache/pypoetry/virtualenvs/docling-oEGFWdgn-py3.10/lib/python3.10/site-packages/cv2/data/haarcascade_eye.xml over existing file
2025-04-11T11:13:12.2615113Z Installing /home/runner/.cache/pypoetry/virtualenvs/docling-oEGFWdgn-py3.10/lib/python3.10/site-packages/cv2/data/haarcascade_frontalcatface.xml over existing file
2025-04-11T11:13:12.2646779Z Installing /home/runner/.cache/pypoetry/virtualenvs/docling-oEGFWdgn-py3.10/lib/python3.10/site-packages/cv2/data/haarcascade_lefteye_2splits.xml over existing file
2025-04-11T11:13:12.2664596Z Installing /home/runner/.cache/pypoetry/virtualenvs/docling-oEGFWdgn-py3.10/lib/python3.10/site-packages/cv2/data/haarcascade_frontalface_alt2.xml over existing file
2025-04-11T11:13:12.2706309Z Installing /home/runner/.cache/pypoetry/virtualenvs/docling-oEGFWdgn-py3.10/lib/python3.10/site-packages/cv2/data/haarcascade_russian_plate_number.xml over existing file
2025-04-11T11:13:12.2715966Z Installing /home/runner/.cache/pypoetry/virtualenvs/docling-oEGFWdgn-py3.10/lib/python3.10/site-packages/cv2/data/haarcascade_upperbody.xml over existing file
2025-04-11T11:13:12.2774373Z Installing /home/runner/.cache/pypoetry/virtualenvs/docling-oEGFWdgn-py3.10/lib/python3.10/site-packages/cv2/data/haarcascade_license_plate_rus_16stages.xml over existing file
2025-04-11T11:13:12.2780996Z Installing /home/runner/.cache/pypoetry/virtualenvs/docling-oEGFWdgn-py3.10/lib/python3.10/site-packages/cv2/data/haarcascade_fullbody.xml over existing file
2025-04-11T11:13:12.2818756Z Installing /home/runner/.cache/pypoetry/virtualenvs/docling-oEGFWdgn-py3.10/lib/python3.10/site-packages/cv2/data/haarcascade_frontalface_alt.xml over existing file
2025-04-11T11:13:12.2872264Z Installing /home/runner/.cache/pypoetry/virtualenvs/docling-oEGFWdgn-py3.10/lib/python3.10/site-packages/cv2/detail/__init__.pyi over existing file
2025-04-11T11:13:12.2879419Z Installing /home/runner/.cache/pypoetry/virtualenvs/docling-oEGFWdgn-py3.10/lib/python3.10/site-packages/cv2/misc/version.py over existing file
2025-04-11T11:13:12.2883207Z Installing /home/runner/.cache/pypoetry/virtualenvs/docling-oEGFWdgn-py3.10/lib/python3.10/site-packages/cv2/misc/__init__.py over existing file
2025-04-11T11:13:12.2885980Z Installing /home/runner/.cache/pypoetry/virtualenvs/docling-oEGFWdgn-py3.10/lib/python3.10/site-packages/cv2/mat_wrapper/__init__.py over existing file
2025-04-11T11:13:12.2890338Z Installing /home/runner/.cache/pypoetry/virtualenvs/docling-oEGFWdgn-py3.10/lib/python3.10/site-packages/cv2/dnn/__init__.pyi over existing file
2025-04-11T11:13:12.2895632Z Installing /home/runner/.cache/pypoetry/virtualenvs/docling-oEGFWdgn-py3.10/lib/python3.10/site-packages/cv2/ocl/__init__.pyi over existing file
2025-04-11T11:13:12.2900134Z Installing /home/runner/.cache/pypoetry/virtualenvs/docling-oEGFWdgn-py3.10/lib/python3.10/site-packages/cv2/barcode/__init__.pyi over existing file
2025-04-11T11:13:12.2904463Z Installing /home/runner/.cache/pypoetry/virtualenvs/docling-oEGFWdgn-py3.10/lib/python3.10/site-packages/cv2/samples/__init__.pyi over existing file
2025-04-11T11:13:12.3363247Z Installing /home/runner/.cache/pypoetry/virtualenvs/docling-oEGFWdgn-py3.10/lib/python3.10/site-packages/cv2/flann/__init__.pyi over existing file
2025-04-11T11:13:12.3367408Z Installing /home/runner/.cache/pypoetry/virtualenvs/docling-oEGFWdgn-py3.10/lib/python3.10/site-packages/cv2/aruco/__init__.pyi over existing file
2025-04-11T11:13:12.7654563Z   - Installing accelerate (1.6.0)
2025-04-11T11:13:12.7659822Z   - Installing black (24.10.0)
2025-04-11T11:13:12.7664799Z   - Installing datasets (2.21.0)
2025-04-11T11:13:12.7680242Z   - Installing docling-ibm-models (3.4.1)
2025-04-11T11:13:12.7684757Z   - Installing docling-parse (4.0.0)
2025-04-11T11:13:12.7694453Z   - Installing easyocr (1.7.2)
2025-04-11T11:13:12.7695723Z   - Installing filetype (1.2.0)
2025-04-11T11:13:12.7701819Z   - Installing flake8-pyproject (1.2.3)
2025-04-11T11:13:12.8323659Z   - Installing griffe-pydantic (1.1.4)
2025-04-11T11:13:12.8590870Z   - Installing ipywidgets (8.1.5)
2025-04-11T11:13:12.9079337Z   - Installing langchain-huggingface (0.0.3)
2025-04-11T11:13:12.9541305Z   - Installing langchain-milvus (0.1.9)
2025-04-11T11:13:12.9829985Z   - Installing langchain-text-splitters (0.2.4)
2025-04-11T11:13:13.0282757Z   - Installing marko (2.1.3)
2025-04-11T11:13:13.0607814Z   - Installing mkdocs-click (0.8.1)
2025-04-11T11:13:13.0811161Z   - Installing mkdocs-jupyter (0.25.1)
2025-04-11T11:13:13.0929981Z   - Installing mypy (1.15.0)
2025-04-11T11:13:13.1326483Z   - Installing nbqa (1.9.1)
2025-04-11T11:13:13.1437298Z   - Installing openpyxl (3.1.5)
2025-04-11T11:13:13.2209347Z   - Installing pandas-stubs (2.2.2.240807)
2025-04-11T11:13:13.2458576Z   - Installing pre-commit (3.8.0)
2025-04-11T11:13:13.4733509Z   - Installing pydantic-settings (2.8.1)
2025-04-11T11:13:13.4959115Z   - Installing pylatexenc (2.10)
2025-04-11T11:13:13.5415163Z   - Installing pylint (2.17.7)
2025-04-11T11:13:13.6105369Z   - Installing pypdfium2 (4.30.1)
2025-04-11T11:13:13.6334876Z   - Installing pyproject-flake8 (6.1.0)
2025-04-11T11:13:13.6580414Z   - Installing pytest-xdist (3.6.1)
2025-04-11T11:13:13.7524758Z   - Installing python-docx (1.1.2)
2025-04-11T11:13:13.7540786Z   - Installing python-pptx (1.0.2)
2025-04-11T11:13:14.1686763Z   - Installing python-semantic-release (7.34.6)
2025-04-11T11:13:14.1944013Z   - Installing rapidocr-onnxruntime (1.4.4)
2025-04-11T11:13:14.2031438Z   - Installing rtree (1.4.0)
2025-04-11T11:13:14.2744402Z   - Installing tesserocr (2.8.0)
2025-04-11T11:13:14.3261730Z   - Installing types-openpyxl (3.1.5.20250306)
2025-04-11T11:13:14.4713133Z   - Installing types-tqdm (4.67.0.20250404)
2025-04-11T11:13:15.9609383Z Warning: The file chosen for install of multidict 6.3.2 (multidict-6.3.2-cp310-cp310-manylinux_2_17_x86_64.manylinux2014_x86_64.whl) is yanked. Reason for being yanked: Memory leak: https://github.com/aio-libs/multidict/issues/1131#issuecomment-2787514071
2025-04-11T11:13:15.9630865Z 
2025-04-11T11:13:15.9631202Z Installing the current project: docling (2.29.0)
2025-04-11T11:13:16.0503455Z ##[group]Run poetry run pre-commit run --all-files
2025-04-11T11:13:16.0503851Z [36;1mpoetry run pre-commit run --all-files[0m
2025-04-11T11:13:16.0568864Z shell: /usr/bin/bash -e {0}
2025-04-11T11:13:16.0569087Z env:
2025-04-11T11:13:16.0569267Z   HF_HUB_DOWNLOAD_TIMEOUT: 60
2025-04-11T11:13:16.0569500Z   HF_HUB_ETAG_TIMEOUT: 60
2025-04-11T11:13:16.0569764Z   TESSDATA_PREFIX: /usr/share/tesseract-ocr/5/tessdata
2025-04-11T11:13:16.0570130Z   pythonLocation: /opt/hostedtoolcache/Python/3.10.16/x64
2025-04-11T11:13:16.0570539Z   PKG_CONFIG_PATH: /opt/hostedtoolcache/Python/3.10.16/x64/lib/pkgconfig
2025-04-11T11:13:16.0570937Z   Python_ROOT_DIR: /opt/hostedtoolcache/Python/3.10.16/x64
2025-04-11T11:13:16.0571284Z   Python2_ROOT_DIR: /opt/hostedtoolcache/Python/3.10.16/x64
2025-04-11T11:13:16.0571650Z   Python3_ROOT_DIR: /opt/hostedtoolcache/Python/3.10.16/x64
2025-04-11T11:13:16.0572021Z   LD_LIBRARY_PATH: /opt/hostedtoolcache/Python/3.10.16/x64/lib
2025-04-11T11:13:16.0572349Z ##[endgroup]
2025-04-11T11:13:19.5374419Z Black....................................................................Passed
2025-04-11T11:13:20.6557211Z isort....................................................................Passed
2025-04-11T11:14:25.0756109Z MyPy.....................................................................Passed
2025-04-11T11:14:28.7297517Z nbQA Black...............................................................Passed
2025-04-11T11:14:30.5813202Z nbQA isort...............................................................Passed
2025-04-11T11:14:31.3250966Z Poetry check.............................................................Passed
2025-04-11T11:14:31.3432631Z ##[group]Run poetry install --all-extras
2025-04-11T11:14:31.3432958Z [36;1mpoetry install --all-extras[0m
2025-04-11T11:14:31.3480302Z shell: /usr/bin/bash -e {0}
2025-04-11T11:14:31.3480523Z env:
2025-04-11T11:14:31.3480699Z   HF_HUB_DOWNLOAD_TIMEOUT: 60
2025-04-11T11:14:31.3480925Z   HF_HUB_ETAG_TIMEOUT: 60
2025-04-11T11:14:31.3481179Z   TESSDATA_PREFIX: /usr/share/tesseract-ocr/5/tessdata
2025-04-11T11:14:31.3481542Z   pythonLocation: /opt/hostedtoolcache/Python/3.10.16/x64
2025-04-11T11:14:31.3481953Z   PKG_CONFIG_PATH: /opt/hostedtoolcache/Python/3.10.16/x64/lib/pkgconfig
2025-04-11T11:14:31.3482354Z   Python_ROOT_DIR: /opt/hostedtoolcache/Python/3.10.16/x64
2025-04-11T11:14:31.3482740Z   Python2_ROOT_DIR: /opt/hostedtoolcache/Python/3.10.16/x64
2025-04-11T11:14:31.3483103Z   Python3_ROOT_DIR: /opt/hostedtoolcache/Python/3.10.16/x64
2025-04-11T11:14:31.3483462Z   LD_LIBRARY_PATH: /opt/hostedtoolcache/Python/3.10.16/x64/lib
2025-04-11T11:14:31.3483754Z ##[endgroup]
2025-04-11T11:14:32.3274094Z Installing dependencies from lock file
2025-04-11T11:14:33.0454186Z 
2025-04-11T11:14:33.0454796Z No dependencies to install or update
2025-04-11T11:14:33.0504671Z 
2025-04-11T11:14:33.0505305Z Installing the current project: docling (2.29.0)
2025-04-11T11:14:33.1254486Z ##[group]Run poetry run pytest -v tests
2025-04-11T11:14:33.1255026Z [36;1mpoetry run pytest -v tests[0m
2025-04-11T11:14:33.1302574Z shell: /usr/bin/bash -e {0}
2025-04-11T11:14:33.1303028Z env:
2025-04-11T11:14:33.1303282Z   HF_HUB_DOWNLOAD_TIMEOUT: 60
2025-04-11T11:14:33.1303594Z   HF_HUB_ETAG_TIMEOUT: 60
2025-04-11T11:14:33.1304059Z   TESSDATA_PREFIX: /usr/share/tesseract-ocr/5/tessdata
2025-04-11T11:14:33.1304520Z   pythonLocation: /opt/hostedtoolcache/Python/3.10.16/x64
2025-04-11T11:14:33.1305110Z   PKG_CONFIG_PATH: /opt/hostedtoolcache/Python/3.10.16/x64/lib/pkgconfig
2025-04-11T11:14:33.1305684Z   Python_ROOT_DIR: /opt/hostedtoolcache/Python/3.10.16/x64
2025-04-11T11:14:33.1306353Z   Python2_ROOT_DIR: /opt/hostedtoolcache/Python/3.10.16/x64
2025-04-11T11:14:33.1306873Z   Python3_ROOT_DIR: /opt/hostedtoolcache/Python/3.10.16/x64
2025-04-11T11:14:33.1307325Z   LD_LIBRARY_PATH: /opt/hostedtoolcache/Python/3.10.16/x64/lib
2025-04-11T11:14:33.1307717Z ##[endgroup]
2025-04-11T11:14:34.1146587Z ============================= test session starts ==============================
2025-04-11T11:14:34.1147717Z platform linux -- Python 3.10.16, pytest-7.4.4, pluggy-1.5.0 -- /home/runner/.cache/pypoetry/virtualenvs/docling-oEGFWdgn-py3.10/bin/python
2025-04-11T11:14:34.1148686Z cachedir: .pytest_cache
2025-04-11T11:14:34.1149092Z rootdir: /home/runner/work/docling/docling
2025-04-11T11:14:34.1149576Z plugins: anyio-4.9.0, xdist-3.6.1
2025-04-11T11:14:47.2941681Z collecting ... collected 67 items
2025-04-11T11:14:47.2941976Z 
2025-04-11T11:14:47.3287421Z tests/test_backend_asciidoc.py::test_asciidocs_examples PASSED           [  1%]
2025-04-11T11:14:48.0742951Z tests/test_backend_csv.py::test_e2e_valid_csv_conversions PASSED         [  2%]
2025-04-11T11:14:48.0778517Z tests/test_backend_csv.py::test_e2e_invalid_csv_conversions PASSED       [  4%]
2025-04-11T11:14:48.1807659Z tests/test_backend_docling_json.py::test_convert_valid_docling_json PASSED [  5%]
2025-04-11T11:14:48.1818917Z tests/test_backend_docling_json.py::test_invalid_docling_json PASSED     [  7%]
2025-04-11T11:15:14.8894857Z tests/test_backend_docling_parse.py::test_text_cell_counts PASSED        [  8%]
2025-04-11T11:15:20.0309677Z tests/test_backend_docling_parse.py::test_get_text_from_rect PASSED      [ 10%]
2025-04-11T11:15:25.0980411Z tests/test_backend_docling_parse.py::test_crop_page_image PASSED         [ 11%]
2025-04-11T11:15:25.2998597Z tests/test_backend_docling_parse.py::test_num_pages PASSED               [ 13%]
2025-04-11T11:15:27.2679586Z tests/test_backend_docling_parse_v2.py::test_text_cell_counts PASSED     [ 14%]
2025-04-11T11:15:28.4456351Z tests/test_backend_docling_parse_v2.py::test_get_text_from_rect PASSED   [ 16%]
2025-04-11T11:15:29.6194855Z tests/test_backend_docling_parse_v2.py::test_crop_page_image PASSED      [ 17%]
2025-04-11T11:15:29.6269766Z tests/test_backend_docling_parse_v2.py::test_num_pages PASSED            [ 19%]
2025-04-11T11:15:29.7074883Z tests/test_backend_docling_parse_v4.py::test_text_cell_counts PASSED     [ 20%]
2025-04-11T11:15:32.7380157Z tests/test_backend_docling_parse_v4.py::test_get_text_from_rect PASSED   [ 22%]
2025-04-11T11:15:35.5877603Z tests/test_backend_docling_parse_v4.py::test_crop_page_image PASSED      [ 23%]
2025-04-11T11:15:35.5955136Z tests/test_backend_docling_parse_v4.py::test_num_pages PASSED            [ 25%]
2025-04-11T11:15:35.8838819Z tests/test_backend_html.py::test_heading_levels PASSED                   [ 26%]
2025-04-11T11:15:35.8847567Z tests/test_backend_html.py::test_ordered_lists SKIPPED (Temporarily ...) [ 28%]
2025-04-11T11:15:36.1958110Z tests/test_backend_html.py::test_e2e_html_conversions PASSED             [ 29%]
2025-04-11T11:15:36.1972324Z tests/test_backend_jats.py::test_e2e_pubmed_conversions PASSED           [ 31%]
2025-04-11T11:15:36.1984311Z tests/test_backend_jats.py::test_e2e_pubmed_conversions_stream PASSED    [ 32%]
2025-04-11T11:15:36.1996707Z tests/test_backend_jats.py::test_e2e_pubmed_conversions_no_stream PASSED [ 34%]
2025-04-11T11:15:36.4316439Z tests/test_backend_markdown.py::test_convert_valid FAILED                [ 35%]
2025-04-11T11:15:36.6432936Z tests/test_backend_msexcel.py::test_e2e_xlsx_conversions PASSED          [ 37%]
2025-04-11T11:15:36.6865594Z tests/test_backend_msexcel.py::test_pages PASSED                         [ 38%]
2025-04-11T11:15:36.7420655Z tests/test_backend_msword.py::test_heading_levels PASSED                 [ 40%]
2025-04-11T11:15:37.3705029Z tests/test_backend_msword.py::test_e2e_docx_conversions FAILED           [ 41%]
2025-04-11T11:15:37.3713196Z tests/test_backend_patent_uspto.py::test_patent_export SKIPPED (Slow...) [ 43%]
2025-04-11T11:15:40.1913481Z tests/test_backend_patent_uspto.py::test_patent_groundtruth PASSED       [ 44%]
2025-04-11T11:15:40.1996438Z tests/test_backend_patent_uspto.py::test_tables PASSED                   [ 46%]
2025-04-11T11:15:40.2006296Z tests/test_backend_patent_uspto.py::test_patent_uspto_ice PASSED         [ 47%]
2025-04-11T11:15:40.2014933Z tests/test_backend_patent_uspto.py::test_patent_uspto_grant_v2 PASSED    [ 49%]
2025-04-11T11:15:40.2023867Z tests/test_backend_patent_uspto.py::test_patent_uspto_app_v1 PASSED      [ 50%]
2025-04-11T11:15:40.2121781Z tests/test_backend_patent_uspto.py::test_patent_uspto_grant_aps PASSED   [ 52%]
2025-04-11T11:15:40.5571158Z tests/test_backend_pdfium.py::test_text_cell_counts PASSED               [ 53%]
2025-04-11T11:15:40.5861701Z tests/test_backend_pdfium.py::test_get_text_from_rect PASSED             [ 55%]
2025-04-11T11:15:40.6380480Z tests/test_backend_pdfium.py::test_crop_page_image PASSED                [ 56%]
2025-04-11T11:15:40.6425463Z tests/test_backend_pdfium.py::test_num_pages PASSED                      [ 58%]
2025-04-11T11:15:40.8164049Z tests/test_backend_pptx.py::test_e2e_pptx_conversions PASSED             [ 59%]
2025-04-11T11:15:40.8780486Z tests/test_cli.py::test_cli_help PASSED                                  [ 61%]
2025-04-11T11:15:40.8854929Z tests/test_cli.py::test_cli_version PASSED                               [ 62%]
2025-04-11T11:15:51.4097168Z tests/test_cli.py::test_cli_convert PASSED                               [ 64%]
2025-04-11T11:16:17.2507133Z tests/test_code_formula.py::test_code_and_formula_conversion PASSED      [ 65%]
2025-04-11T11:16:17.2515722Z tests/test_data_gen_flag.py::test_gen_test_data_flag PASSED              [ 67%]
2025-04-11T11:16:21.3652537Z tests/test_document_picture_classifier.py::test_picture_classifier PASSED [ 68%]
2025-04-11T11:20:49.6922413Z tests/test_e2e_conversion.py::test_e2e_pdfs_conversions PASSED           [ 70%]
2025-04-11T11:22:08.2042679Z tests/test_e2e_ocr_conversion.py::test_e2e_conversions PASSED            [ 71%]
2025-04-11T11:22:08.2116400Z tests/test_input_doc.py::test_in_doc_from_valid_path PASSED              [ 73%]
2025-04-11T11:22:08.2269393Z tests/test_input_doc.py::test_in_doc_from_invalid_path PASSED            [ 74%]
2025-04-11T11:22:08.2326912Z tests/test_input_doc.py::test_in_doc_from_valid_buf PASSED               [ 76%]
2025-04-11T11:22:08.2340883Z tests/test_input_doc.py::test_in_doc_from_invalid_buf PASSED             [ 77%]
2025-04-11T11:22:10.8335220Z tests/test_input_doc.py::test_image_in_pdf_backend PASSED                [ 79%]
2025-04-11T11:22:10.8452911Z tests/test_input_doc.py::test_in_doc_with_page_range PASSED              [ 80%]
2025-04-11T11:22:10.8524650Z tests/test_input_doc.py::test_guess_format PASSED                        [ 82%]
2025-04-11T11:22:17.2323595Z tests/test_interfaces.py::test_convert_path PASSED                       [ 83%]
2025-04-11T11:22:24.0888213Z tests/test_interfaces.py::test_convert_stream PASSED                     [ 85%]
2025-04-11T11:22:24.0929482Z tests/test_invalid_input.py::test_convert_unsupported_doc_format_wout_exception PASSED [ 86%]
2025-04-11T11:22:24.0965243Z tests/test_invalid_input.py::test_convert_unsupported_doc_format_with_exception PASSED [ 88%]
2025-04-11T11:22:24.1003554Z tests/test_invalid_input.py::test_convert_too_small_filesize_limit_wout_exception PASSED [ 89%]
2025-04-11T11:22:24.1037595Z tests/test_invalid_input.py::test_convert_too_small_filesize_limit_with_exception PASSED [ 91%]
2025-04-11T11:23:23.2793590Z tests/test_legacy_format_transform.py::test_compare_legacy_output PASSED [ 92%]
2025-04-11T11:23:23.2840392Z tests/test_options.py::test_accelerator_options PASSED                   [ 94%]
2025-04-11T11:26:20.3230945Z tests/test_options.py::test_e2e_conversions PASSED                       [ 95%]
2025-04-11T11:26:45.9945261Z tests/test_options.py::test_page_range PASSED                            [ 97%]
2025-04-11T11:26:49.8807324Z tests/test_options.py::test_ocr_coverage_threshold PASSED                [ 98%]
2025-04-11T11:27:03.1833750Z tests/test_options.py::test_parser_backends PASSED                       [100%]
2025-04-11T11:27:03.1834393Z 
2025-04-11T11:27:03.1836249Z =================================== FAILURES ===================================
2025-04-11T11:27:03.1837169Z ______________________________ test_convert_valid ______________________________
2025-04-11T11:27:03.1837665Z 
2025-04-11T11:27:03.1837836Z     def test_convert_valid():
2025-04-11T11:27:03.1838292Z         fmt = InputFormat.MD
2025-04-11T11:27:03.1838872Z         cls = MarkdownDocumentBackend
2025-04-11T11:27:03.1839408Z     
2025-04-11T11:27:03.1841339Z         test_data_path = Path("tests") / "data"
2025-04-11T11:27:03.1841930Z         relevant_paths = sorted((test_data_path / "md").rglob("*.md"))
2025-04-11T11:27:03.1842477Z         assert len(relevant_paths) > 0
2025-04-11T11:27:03.1842850Z     
2025-04-11T11:27:03.1843125Z         for in_path in relevant_paths:
2025-04-11T11:27:03.1843758Z             gt_path = test_data_path / "groundtruth" / "docling_v2" / f"{in_path.name}.md"
2025-04-11T11:27:03.1844332Z     
2025-04-11T11:27:03.1844599Z             in_doc = InputDocument(
2025-04-11T11:27:03.1844985Z                 path_or_stream=in_path,
2025-04-11T11:27:03.1845337Z                 format=fmt,
2025-04-11T11:27:03.1845663Z                 backend=cls,
2025-04-11T11:27:03.1846202Z             )
2025-04-11T11:27:03.1846489Z             backend = cls(
2025-04-11T11:27:03.1846792Z                 in_doc=in_doc,
2025-04-11T11:27:03.1847120Z                 path_or_stream=in_path,
2025-04-11T11:27:03.1847462Z             )
2025-04-11T11:27:03.1847790Z             assert backend.is_valid()
2025-04-11T11:27:03.1848114Z     
2025-04-11T11:27:03.1848378Z             act_doc = backend.convert()
2025-04-11T11:27:03.1848814Z             act_data = act_doc.export_to_markdown()
2025-04-11T11:27:03.1849229Z     
2025-04-11T11:27:03.1849508Z             if GEN_TEST_DATA:
2025-04-11T11:27:03.1849960Z                 with open(gt_path, mode="w", encoding="utf-8") as f:
2025-04-11T11:27:03.1850273Z                     f.write(f"{act_data}\n")
2025-04-11T11:27:03.1850513Z             else:
2025-04-11T11:27:03.1850731Z                 with open(gt_path, encoding="utf-8") as f:
2025-04-11T11:27:03.1851013Z                     exp_data = f.read().rstrip()
2025-04-11T11:27:03.1851280Z >               assert exp_data == act_data
2025-04-11T11:27:03.1851674Z E               AssertionError: assert '# Title\n\nS...r\n\nThe end!' == '# Title\n\nS...;\n\nThe end!'
2025-04-11T11:27:03.1852182Z E                   # Title
2025-04-11T11:27:03.1852522Z E                   
2025-04-11T11:27:03.1852816Z E                   Some text
2025-04-11T11:27:03.1853141Z E                   
2025-04-11T11:27:03.1853441Z E                   ## Famous ducks
2025-04-11T11:27:03.1853789Z E                   
2025-04-11T11:27:03.1854088Z E                   Here is a table:
2025-04-11T11:27:03.1854437Z E                   
2025-04-11T11:27:03.1854772Z E                 + | Character      | Name in German   | Name in French   | Name in Italian   |
2025-04-11T11:27:03.1855205Z E                 + |----------------|------------------|------------------|-------------------|
2025-04-11T11:27:03.1855607Z E                 + | Scrooge McDuck | Dagobert Duck    | Balthazar Picsou | Paperone          |
2025-04-11T11:27:03.1856703Z E                 + | Huey           | Tick             | Riri             | Qui               |
2025-04-11T11:27:03.1857060Z E                 + | Dewey          | Trick            | Fifi             | Quo               |
2025-04-11T11:27:03.1857414Z E                 + | Louie          | Track            | Loulou           | Qua               |
2025-04-11T11:27:03.1857723Z E                 - &lt;table&gt;
2025-04-11T11:27:03.1857949Z E                 -   &lt;tr&gt;
2025-04-11T11:27:03.1858186Z E                 -     &lt;th&gt;Character&lt;/th&gt;
2025-04-11T11:27:03.1858466Z E                 -     &lt;th&gt;Name in German&lt;/th&gt;
2025-04-11T11:27:03.1858740Z E                 -     &lt;th&gt;Name in French&lt;/th&gt;
2025-04-11T11:27:03.1859017Z E                 -     &lt;th&gt;Name in Italian&lt;/th&gt;
2025-04-11T11:27:03.1859274Z E                 -   &lt;/tr&gt;
2025-04-11T11:27:03.1859484Z E                 -   &lt;tr&gt;
2025-04-11T11:27:03.1859721Z E                 -     &lt;td&gt;Scrooge McDuck&lt;/td&gt;
2025-04-11T11:27:03.1859999Z E                 -     &lt;td&gt;Dagobert Duck&lt;/td&gt;
2025-04-11T11:27:03.1860281Z E                 -     &lt;td&gt;Balthazar Picsou&lt;/td&gt;
2025-04-11T11:27:03.1860561Z E                 -     &lt;td&gt;Paperone&lt;/td&gt;
2025-04-11T11:27:03.1860807Z E                 -   &lt;/tr&gt;
2025-04-11T11:27:03.1861016Z E                 -   &lt;tr&gt;
2025-04-11T11:27:03.1861237Z E                 -     &lt;td&gt;Huey&lt;/td&gt;
2025-04-11T11:27:03.1861493Z E                 -     &lt;td&gt;Tick&lt;/td&gt;
2025-04-11T11:27:03.1861739Z E                 -     &lt;td&gt;Riri&lt;/td&gt;
2025-04-11T11:27:03.1861985Z E                 -     &lt;td&gt;Qui&lt;/td&gt;
2025-04-11T11:27:03.1862222Z E                 -   &lt;/tr&gt;
2025-04-11T11:27:03.1862432Z E                 -   &lt;tr&gt;
2025-04-11T11:27:03.1862649Z E                 -     &lt;td&gt;Dewey&lt;/td&gt;
2025-04-11T11:27:03.1862911Z E                 -     &lt;td&gt;Trick&lt;/td&gt;
2025-04-11T11:27:03.1863166Z E                 -     &lt;td&gt;Fifi&lt;/td&gt;
2025-04-11T11:27:03.1863419Z E                 -     &lt;td&gt;Quo&lt;/td&gt;
2025-04-11T11:27:03.1863729Z E                 -   &lt;/tr&gt;
2025-04-11T11:27:03.1863937Z E                 -   &lt;tr&gt;
2025-04-11T11:27:03.1864155Z E                 -     &lt;td&gt;Louie&lt;/td&gt;
2025-04-11T11:27:03.1864393Z E                 -     &lt;td&gt;Track&lt;/td&gt;
2025-04-11T11:27:03.1864645Z E                 -     &lt;td&gt;Loulou&lt;/td&gt;
2025-04-11T11:27:03.1864894Z E                 -     &lt;td&gt;Qua&lt;/td&gt;
2025-04-11T11:27:03.1865120Z E                 -   &lt;/tr&gt;
2025-04-11T11:27:03.1865332Z E                 - &lt;/table&gt;
2025-04-11T11:27:03.1865544Z E                   
2025-04-11T11:27:03.1865876Z E                   And here is more HTML:
2025-04-11T11:27:03.1866120Z E                   
2025-04-11T11:27:03.1866304Z E                 + Some paragraph.
2025-04-11T11:27:03.1866526Z E                 + 
2025-04-11T11:27:03.1866996Z E                 + Now a div — almost there...
2025-04-11T11:27:03.1867238Z E                 + 
2025-04-11T11:27:03.1867413Z E                 + - foo
2025-04-11T11:27:03.1867596Z E                 + - bar
2025-04-11T11:27:03.1867820Z E                 - &lt;p&gt;Some paragraph.&lt;/p&gt;
2025-04-11T11:27:03.1868078Z E                 - &lt;div&gt;
2025-04-11T11:27:03.1868383Z E                 -     &lt;p&gt;Now a div — almost there...&lt;/p&gt;
2025-04-11T11:27:03.1868660Z E                 -     &lt;ul&gt;
2025-04-11T11:27:03.1868897Z E                 -         &lt;li&gt;foo&lt;/li&gt;
2025-04-11T11:27:03.1869157Z E                 -         &lt;li&gt;bar&lt;/li&gt;
2025-04-11T11:27:03.1869393Z E                 -     &lt;/ul&gt;
2025-04-11T11:27:03.1869613Z E                 - &lt;/div&gt;
2025-04-11T11:27:03.1869812Z E                   
2025-04-11T11:27:03.1869979Z E                   The end!
2025-04-11T11:27:03.1870113Z 
2025-04-11T11:27:03.1870376Z tests/test_backend_markdown.py:41: AssertionError
2025-04-11T11:27:03.1870826Z __________________________ test_e2e_docx_conversions ___________________________
2025-04-11T11:27:03.1871064Z 
2025-04-11T11:27:03.1871153Z     def test_e2e_docx_conversions():
2025-04-11T11:27:03.1871373Z     
2025-04-11T11:27:03.1871548Z         docx_paths = get_docx_paths()
2025-04-11T11:27:03.1871793Z         converter = get_converter()
2025-04-11T11:27:03.1872004Z     
2025-04-11T11:27:03.1872163Z         for docx_path in docx_paths:
2025-04-11T11:27:03.1872411Z             # print(f"converting {docx_path}")
2025-04-11T11:27:03.1872639Z     
2025-04-11T11:27:03.1872791Z             gt_path = (
2025-04-11T11:27:03.1873131Z                 docx_path.parent.parent / "groundtruth" / "docling_v2" / docx_path.name
2025-04-11T11:27:03.1873460Z             )
2025-04-11T11:27:03.1873617Z     
2025-04-11T11:27:03.1873850Z             conv_result: ConversionResult = converter.convert(docx_path)
2025-04-11T11:27:03.1874151Z     
2025-04-11T11:27:03.1874334Z             doc: DoclingDocument = conv_result.document
2025-04-11T11:27:03.1874582Z     
2025-04-11T11:27:03.1874759Z             pred_md: str = doc.export_to_markdown()
2025-04-11T11:27:03.1875011Z             assert verify_export(
2025-04-11T11:27:03.1875276Z                 pred_md, str(gt_path) + ".md", generate=GENERATE
2025-04-11T11:27:03.1876193Z             ), "export to md"
2025-04-11T11:27:03.1876400Z     
2025-04-11T11:27:03.1876597Z             pred_itxt: str = doc._export_to_indented_text(
2025-04-11T11:27:03.1876896Z                 max_text_len=70, explicit_tables=False
2025-04-11T11:27:03.1877198Z             )
2025-04-11T11:27:03.1877378Z             assert verify_export(
2025-04-11T11:27:03.1877652Z                 pred_itxt, str(gt_path) + ".itxt", generate=GENERATE
2025-04-11T11:27:03.1878045Z             ), "export to indented-text"
2025-04-11T11:27:03.1878277Z     
2025-04-11T11:27:03.1878435Z             assert verify_document(
2025-04-11T11:27:03.1878703Z                 doc, str(gt_path) + ".json", generate=GENERATE
2025-04-11T11:27:03.1878975Z             ), "document document"
2025-04-11T11:27:03.1879177Z     
2025-04-11T11:27:03.1879363Z             if docx_path.name == "word_tables.docx":
2025-04-11T11:27:03.1879943Z                 pred_html: str = doc.export_to_html()
2025-04-11T11:27:03.1880402Z >               assert verify_export(
2025-04-11T11:27:03.1880821Z                     pred_text=pred_html,
2025-04-11T11:27:03.1881244Z                     gtfile=str(gt_path) + ".html",
2025-04-11T11:27:03.1881682Z                     generate=GENERATE,
2025-04-11T11:27:03.1882038Z                 ), "export to html"
2025-04-11T11:27:03.1882292Z E               AssertionError: export to html
2025-04-11T11:27:03.1882545Z E               assert False
2025-04-11T11:27:03.1887897Z E                +  where False = verify_export(pred_text='<!DOCTYPE html>\n<head>\n<meta charset="UTF-8">\n<title>word_tables</title>\n<meta name="generator" content="Docling HTML Serializer">\n<style>\n    html {\n        background-color: #f5f5f5;\n        font-family: Arial, sans-serif;\n        line-height: 1.6;\n    }\n    body {\n        max-width: 800px;\n        margin: 0 auto;\n        padding: 2rem;\n        background-color: white;\n        box-shadow: 0 0 10px rgba(0,0,0,0.1);\n    }\n    h1, h2, h3, h4, h5, h6 {\n        color: #333;\n        margin-top: 1.5em;\n        margin-bottom: 0.5em;\n    }\n    h1 {\n        font-size: 2em;\n        border-bottom: 1px solid #eee;\n        padding-bottom: 0.3em;\n    }\n    table {\n        border-collapse: collapse;\n        margin: 1em 0;\n        width: 100%;\n    }\n    th, td {\n        border: 1px solid #ddd;\n        padding: 8px;\n        text-align: left;\n    }\n    th {\n        background-color: #f2f2f2;\n        font-weight: bold;\n    }\n    figure {\n        margin: 1.5em 0;\n        text-align: center;\n    }\n    figcaption {\n        color: #666;\n        font-style: italic;\n        margin-top: 0.5em;\n    }\n    img {\n        max-width: 100%;\n        height: a...tbody></table>\n<p></p>\n<p>A non-uniform table with vertical spans</p>\n<table><tbody><tr><th>Header 0.0</th><th>Header 0.1</th><th>Header 0.2</th></tr><tr><td>Cell 1.0</td><td rowspan="2">Merged Cell 1.1 2.1</td><td>Cell 1.2</td></tr><tr><td>Cell 2.0</td><td>Cell 2.2</td></tr><tr><td>Cell 3.0</td><td rowspan="2">Merged Cell 3.1 4.1</td><td>Cell 3.2</td></tr><tr><td>Cell 4.0</td><td>Cell 4.2</td></tr></tbody></table>\n<p></p>\n<p>A non-uniform table with all kinds of spans and empty cells</p>\n<table><tbody><tr><th>Header 0.0</th><th>Header 0.1</th><th>Header 0.2</th><th></th><th></th></tr><tr><td>Cell 1.0</td><td rowspan="2">Merged Cell 1.1 2.1</td><td>Cell 1.2</td><td></td><td></td></tr><tr><td>Cell 2.0</td><td>Cell 2.2</td><td></td><td></td></tr><tr><td>Cell 3.0</td><td rowspan="2">Merged Cell 3.1 4.1</td><td>Cell 3.2</td><td rowspan="3"></td><td></td></tr><tr><td>Cell 4.0</td><td>Cell 4.2</td><td rowspan="2">Merged Cell 4.4 5.4</td></tr><tr><td></td><td></td><td></td></tr><tr><td></td><td></td><td></td><td></td><td></td></tr><tr><td colspan="5"></td></tr><tr><td></td><td></td><td></td><td></td><td>Cell 8.4</td></tr></tbody></table>\n<p></p>\n<p></p>\n</div>\n</body>\n</html>', gtfile=('tests/data/groundtruth/docling_v2/word_tables.docx' + '.html'), generate=False)
2025-04-11T11:27:03.1893361Z E                +    where 'tests/data/groundtruth/docling_v2/word_tables.docx' = str(PosixPath('tests/data/groundtruth/docling_v2/word_tables.docx'))
2025-04-11T11:27:03.1893821Z 
2025-04-11T11:27:03.1893933Z tests/test_backend_msword.py:96: AssertionError
2025-04-11T11:27:03.1894279Z ------------------------------ Captured log call -------------------------------
2025-04-11T11:27:03.1894808Z WARNING  docling.backend.msword_backend:msword_backend.py:883 Warning: image cannot be loaded by Pillow
2025-04-11T11:27:03.1895456Z WARNING  docling.backend.msword_backend:msword_backend.py:883 Warning: image cannot be loaded by Pillow
2025-04-11T11:27:03.1896111Z =============================== warnings summary ===============================
2025-04-11T11:27:03.1896740Z ../../../.cache/pypoetry/virtualenvs/docling-oEGFWdgn-py3.10/lib/python3.10/site-packages/docling_core/types/doc/document.py:4067: 1 warning
2025-04-11T11:27:03.1897336Z tests/test_backend_asciidoc.py: 4 warnings
2025-04-11T11:27:03.1897616Z tests/test_backend_csv.py: 24 warnings
2025-04-11T11:27:03.1897875Z tests/test_backend_docling_json.py: 3 warnings
2025-04-11T11:27:03.1898142Z tests/test_backend_html.py: 28 warnings
2025-04-11T11:27:03.1898397Z tests/test_backend_markdown.py: 10 warnings
2025-04-11T11:27:03.1898650Z tests/test_backend_msexcel.py: 3 warnings
2025-04-11T11:27:03.1898909Z tests/test_backend_msword.py: 32 warnings
2025-04-11T11:27:03.1899181Z tests/test_backend_patent_uspto.py: 14 warnings
2025-04-11T11:27:03.1899451Z tests/test_backend_pptx.py: 6 warnings
2025-04-11T11:27:03.1899695Z tests/test_cli.py: 2 warnings
2025-04-11T11:27:03.1899922Z tests/test_code_formula.py: 1 warning
2025-04-11T11:27:03.1900201Z tests/test_document_picture_classifier.py: 1 warning
2025-04-11T11:27:03.1900499Z tests/test_e2e_conversion.py: 44 warnings
2025-04-11T11:27:03.1900766Z tests/test_e2e_ocr_conversion.py: 40 warnings
2025-04-11T11:27:03.1901027Z tests/test_interfaces.py: 8 warnings
2025-04-11T11:27:03.1901286Z tests/test_legacy_format_transform.py: 6 warnings
2025-04-11T11:27:03.1901562Z tests/test_options.py: 10 warnings
2025-04-11T11:27:03.1902251Z   /home/runner/.cache/pypoetry/virtualenvs/docling-oEGFWdgn-py3.10/lib/python3.10/site-packages/docling_core/types/doc/document.py:4067: DeprecationWarning: deprecated
2025-04-11T11:27:03.1903024Z     if not d.validate_tree(d.body) or not d.validate_tree(d.furniture):
2025-04-11T11:27:03.1903274Z 
2025-04-11T11:27:03.1903424Z tests/test_backend_asciidoc.py::test_asciidocs_examples
2025-04-11T11:27:03.1904875Z   /home/runner/.cache/pypoetry/virtualenvs/docling-oEGFWdgn-py3.10/lib/python3.10/site-packages/pydantic/_internal/_config.py:323: PydanticDeprecatedSince20: Support for class-based `config` is deprecated, use ConfigDict instead. Deprecated in Pydantic V2.0 to be removed in V3.0. See Pydantic V2 Migration Guide at https://errors.pydantic.dev/2.11/migration/
2025-04-11T11:27:03.1906474Z     warnings.warn(DEPRECATION_MESSAGE, DeprecationWarning)
2025-04-11T11:27:03.1906698Z 
2025-04-11T11:27:03.1906850Z tests/test_backend_csv.py::test_e2e_valid_csv_conversions
2025-04-11T11:27:03.1907792Z   /home/runner/work/docling/docling/docling/backend/csv_backend.py:76: UserWarning: Inconsistent column lengths detected in CSV data. Expected 3 columns, but found rows with varying lengths. Ensure all rows have the same number of columns.
2025-04-11T11:27:03.1908667Z     warnings.warn(
2025-04-11T11:27:03.1908783Z 
2025-04-11T11:27:03.1908919Z tests/test_backend_csv.py::test_e2e_valid_csv_conversions
2025-04-11T11:27:03.1909841Z   /home/runner/work/docling/docling/docling/backend/csv_backend.py:76: UserWarning: Inconsistent column lengths detected in CSV data. Expected 4 columns, but found rows with varying lengths. Ensure all rows have the same number of columns.
2025-04-11T11:27:03.1910717Z     warnings.warn(
2025-04-11T11:27:03.1910827Z 
2025-04-11T11:27:03.1910917Z tests/test_cli.py::test_cli_convert
2025-04-11T11:27:03.1911978Z   /home/runner/work/docling/docling/docling/pipeline/standard_pdf_pipeline.py:226: DeprecationWarning: Field `generate_table_images` is deprecated. To obtain table images, set `PdfPipelineOptions.generate_page_images = True` before conversion and then use the `TableItem.get_image` function.
2025-04-11T11:27:03.1913064Z     and self.pipeline_options.generate_table_images
2025-04-11T11:27:03.1913263Z 
2025-04-11T11:27:03.1913357Z tests/test_code_formula.py: 1 warning
2025-04-11T11:27:03.1913603Z tests/test_e2e_conversion.py: 11 warnings
2025-04-11T11:27:03.1913875Z tests/test_e2e_ocr_conversion.py: 10 warnings
2025-04-11T11:27:03.1914143Z tests/test_interfaces.py: 2 warnings
2025-04-11T11:27:03.1914407Z tests/test_legacy_format_transform.py: 2 warnings
2025-04-11T11:27:03.1914686Z tests/test_options.py: 10 warnings
2025-04-11T11:27:03.1915890Z   /home/runner/work/docling/docling/docling/pipeline/standard_pdf_pipeline.py:215: DeprecationWarning: Field `generate_table_images` is deprecated. To obtain table images, set `PdfPipelineOptions.generate_page_images = True` before conversion and then use the `TableItem.get_image` function.
2025-04-11T11:27:03.1917051Z     or self.pipeline_options.generate_table_images
2025-04-11T11:27:03.1917244Z 
2025-04-11T11:27:03.1917330Z tests/test_e2e_conversion.py: 1 warning
2025-04-11T11:27:03.1917592Z tests/test_e2e_ocr_conversion.py: 10 warnings
2025-04-11T11:27:03.1917855Z tests/test_interfaces.py: 2 warnings
2025-04-11T11:27:03.1918117Z tests/test_legacy_format_transform.py: 1 warning
2025-04-11T11:27:03.1918383Z tests/test_options.py: 10 warnings
2025-04-11T11:27:03.1919452Z   /home/runner/work/docling/docling/docling/pipeline/standard_pdf_pipeline.py:61: DeprecationWarning: Field `generate_table_images` is deprecated. To obtain table images, set `PdfPipelineOptions.generate_page_images = True` before conversion and then use the `TableItem.get_image` function.
2025-04-11T11:27:03.1920544Z     or self.pipeline_options.generate_table_images
2025-04-11T11:27:03.1920744Z 
2025-04-11T11:27:03.1920834Z tests/test_e2e_conversion.py: 11 warnings
2025-04-11T11:27:03.1921102Z tests/test_e2e_ocr_conversion.py: 10 warnings
2025-04-11T11:27:03.1921359Z tests/test_interfaces.py: 2 warnings
2025-04-11T11:27:03.1921820Z   /home/runner/work/docling/docling/tests/verify_utils.py:311: DeprecationWarning: Use document instead.
2025-04-11T11:27:03.1922320Z     doc_pred: DsDocument = doc_result.legacy_document
2025-04-11T11:27:03.1922516Z 
2025-04-11T11:27:03.1922608Z tests/test_e2e_conversion.py: 11 warnings
2025-04-11T11:27:03.1922875Z tests/test_e2e_ocr_conversion.py: 10 warnings
2025-04-11T11:27:03.1923134Z tests/test_interfaces.py: 2 warnings
2025-04-11T11:27:03.1923627Z   /home/runner/work/docling/docling/tests/verify_utils.py:397: DeprecationWarning: Use export_to_doctags() instead.
2025-04-11T11:27:03.1924431Z     doc_pred_dt = doc_result.document.export_to_document_tokens()
2025-04-11T11:27:03.1924664Z 
2025-04-11T11:27:03.1924829Z tests/test_legacy_format_transform.py::test_compare_legacy_output
2025-04-11T11:27:03.1925226Z tests/test_legacy_format_transform.py::test_compare_legacy_output
2025-04-11T11:27:03.1925615Z tests/test_legacy_format_transform.py::test_compare_legacy_output
2025-04-11T11:27:03.1926134Z tests/test_legacy_format_transform.py::test_compare_legacy_output
2025-04-11T11:27:03.1926515Z tests/test_legacy_format_transform.py::test_compare_legacy_output
2025-04-11T11:27:03.1926905Z tests/test_legacy_format_transform.py::test_compare_legacy_output
2025-04-11T11:27:03.1927497Z   /home/runner/work/docling/docling/tests/test_legacy_format_transform.py:51: DeprecationWarning: Use document instead.
2025-04-11T11:27:03.1928023Z     conv_res.legacy_document.model_dump(
2025-04-11T11:27:03.1928200Z 
2025-04-11T11:27:03.1928388Z -- Docs: https://docs.pytest.org/en/stable/how-to/capture-warnings.html
2025-04-11T11:27:03.1928789Z =========================== short test summary info ============================
2025-04-11T11:27:03.1929448Z FAILED tests/test_backend_markdown.py::test_convert_valid - AssertionError: assert '# Title\n\nS...r\n\nThe end!' == '# Title\n\nS...;\n\nThe end!'
2025-04-11T11:27:03.1929985Z     # Title
2025-04-11T11:27:03.1930138Z     
2025-04-11T11:27:03.1930285Z     Some text
2025-04-11T11:27:03.1930438Z     
2025-04-11T11:27:03.1930580Z     ## Famous ducks
2025-04-11T11:27:03.1930747Z     
2025-04-11T11:27:03.1930895Z     Here is a table:
2025-04-11T11:27:03.1931060Z     
2025-04-11T11:27:03.1931303Z   + | Character      | Name in German   | Name in French   | Name in Italian   |
2025-04-11T11:27:03.1931674Z   + |----------------|------------------|------------------|-------------------|
2025-04-11T11:27:03.1932061Z   + | Scrooge McDuck | Dagobert Duck    | Balthazar Picsou | Paperone          |
2025-04-11T11:27:03.1932432Z   + | Huey           | Tick             | Riri             | Qui               |
2025-04-11T11:27:03.1932752Z   + | Dewey          | Trick            | Fifi             | Quo               |
2025-04-11T11:27:03.1933077Z   + | Louie          | Track            | Loulou           | Qua               |
2025-04-11T11:27:03.1933351Z   - &lt;table&gt;
2025-04-11T11:27:03.1933524Z   -   &lt;tr&gt;
2025-04-11T11:27:03.1933711Z   -     &lt;th&gt;Character&lt;/th&gt;
2025-04-11T11:27:03.1933960Z   -     &lt;th&gt;Name in German&lt;/th&gt;
2025-04-11T11:27:03.1934206Z   -     &lt;th&gt;Name in French&lt;/th&gt;
2025-04-11T11:27:03.1934456Z   -     &lt;th&gt;Name in Italian&lt;/th&gt;
2025-04-11T11:27:03.1934689Z   -   &lt;/tr&gt;
2025-04-11T11:27:03.1934856Z   -   &lt;tr&gt;
2025-04-11T11:27:03.1935039Z   -     &lt;td&gt;Scrooge McDuck&lt;/td&gt;
2025-04-11T11:27:03.1935286Z   -     &lt;td&gt;Dagobert Duck&lt;/td&gt;
2025-04-11T11:27:03.1935540Z   -     &lt;td&gt;Balthazar Picsou&lt;/td&gt;
2025-04-11T11:27:03.1935919Z   -     &lt;td&gt;Paperone&lt;/td&gt;
2025-04-11T11:27:03.1936144Z   -   &lt;/tr&gt;
2025-04-11T11:27:03.1936308Z   -   &lt;tr&gt;
2025-04-11T11:27:03.1936490Z   -     &lt;td&gt;Huey&lt;/td&gt;
2025-04-11T11:27:03.1936716Z   -     &lt;td&gt;Tick&lt;/td&gt;
2025-04-11T11:27:03.1936932Z   -     &lt;td&gt;Riri&lt;/td&gt;
2025-04-11T11:27:03.1937143Z   -     &lt;td&gt;Qui&lt;/td&gt;
2025-04-11T11:27:03.1937347Z   -   &lt;/tr&gt;
2025-04-11T11:27:03.1937513Z   -   &lt;tr&gt;
2025-04-11T11:27:03.1937686Z   -     &lt;td&gt;Dewey&lt;/td&gt;
2025-04-11T11:27:03.1937910Z   -     &lt;td&gt;Trick&lt;/td&gt;
2025-04-11T11:27:03.1938132Z   -     &lt;td&gt;Fifi&lt;/td&gt;
2025-04-11T11:27:03.1938343Z   -     &lt;td&gt;Quo&lt;/td&gt;
2025-04-11T11:27:03.1938547Z   -   &lt;/tr&gt;
2025-04-11T11:27:03.1938711Z   -   &lt;tr&gt;
2025-04-11T11:27:03.1938880Z   -     &lt;td&gt;Louie&lt;/td&gt;
2025-04-11T11:27:03.1939098Z   -     &lt;td&gt;Track&lt;/td&gt;
2025-04-11T11:27:03.1939320Z   -     &lt;td&gt;Loulou&lt;/td&gt;
2025-04-11T11:27:03.1939742Z   -     &lt;td&gt;Qua&lt;/td&gt;
2025-04-11T11:27:03.1939949Z   -   &lt;/tr&gt;
2025-04-11T11:27:03.1940228Z   - &lt;/table&gt;
2025-04-11T11:27:03.1940393Z     
2025-04-11T11:27:03.1940553Z     And here is more HTML:
2025-04-11T11:27:03.1940744Z     
2025-04-11T11:27:03.1940895Z   + Some paragraph.
2025-04-11T11:27:03.1941057Z   + 
2025-04-11T11:27:03.1941408Z   + Now a div — almost there...
2025-04-11T11:27:03.1941610Z   + 
2025-04-11T11:27:03.1941750Z   + - foo
2025-04-11T11:27:03.1941902Z   + - bar
2025-04-11T11:27:03.1942076Z   - &lt;p&gt;Some paragraph.&lt;/p&gt;
2025-04-11T11:27:03.1942301Z   - &lt;div&gt;
2025-04-11T11:27:03.1942738Z   -     &lt;p&gt;Now a div — almost there...&lt;/p&gt;
2025-04-11T11:27:03.1943148Z   -     &lt;ul&gt;
2025-04-11T11:27:03.1943440Z   -         &lt;li&gt;foo&lt;/li&gt;
2025-04-11T11:27:03.1943814Z   -         &lt;li&gt;bar&lt;/li&gt;
2025-04-11T11:27:03.1944172Z   -     &lt;/ul&gt;
2025-04-11T11:27:03.1944449Z   - &lt;/div&gt;
2025-04-11T11:27:03.1944743Z     
2025-04-11T11:27:03.1944988Z     The end!
2025-04-11T11:27:03.1945571Z FAILED tests/test_backend_msword.py::test_e2e_docx_conversions - AssertionError: export to html
2025-04-11T11:27:03.1946442Z assert False
2025-04-11T11:27:03.1951831Z  +  where False = verify_export(pred_text='<!DOCTYPE html>\n<head>\n<meta charset="UTF-8">\n<title>word_tables</title>\n<meta name="generator" content="Docling HTML Serializer">\n<style>\n    html {\n        background-color: #f5f5f5;\n        font-family: Arial, sans-serif;\n        line-height: 1.6;\n    }\n    body {\n        max-width: 800px;\n        margin: 0 auto;\n        padding: 2rem;\n        background-color: white;\n        box-shadow: 0 0 10px rgba(0,0,0,0.1);\n    }\n    h1, h2, h3, h4, h5, h6 {\n        color: #333;\n        margin-top: 1.5em;\n        margin-bottom: 0.5em;\n    }\n    h1 {\n        font-size: 2em;\n        border-bottom: 1px solid #eee;\n        padding-bottom: 0.3em;\n    }\n    table {\n        border-collapse: collapse;\n        margin: 1em 0;\n        width: 100%;\n    }\n    th, td {\n        border: 1px solid #ddd;\n        padding: 8px;\n        text-align: left;\n    }\n    th {\n        background-color: #f2f2f2;\n        font-weight: bold;\n    }\n    figure {\n        margin: 1.5em 0;\n        text-align: center;\n    }\n    figcaption {\n        color: #666;\n        font-style: italic;\n        margin-top: 0.5em;\n    }\n    img {\n        max-width: 100%;\n        height: a...tbody></table>\n<p></p>\n<p>A non-uniform table with vertical spans</p>\n<table><tbody><tr><th>Header 0.0</th><th>Header 0.1</th><th>Header 0.2</th></tr><tr><td>Cell 1.0</td><td rowspan="2">Merged Cell 1.1 2.1</td><td>Cell 1.2</td></tr><tr><td>Cell 2.0</td><td>Cell 2.2</td></tr><tr><td>Cell 3.0</td><td rowspan="2">Merged Cell 3.1 4.1</td><td>Cell 3.2</td></tr><tr><td>Cell 4.0</td><td>Cell 4.2</td></tr></tbody></table>\n<p></p>\n<p>A non-uniform table with all kinds of spans and empty cells</p>\n<table><tbody><tr><th>Header 0.0</th><th>Header 0.1</th><th>Header 0.2</th><th></th><th></th></tr><tr><td>Cell 1.0</td><td rowspan="2">Merged Cell 1.1 2.1</td><td>Cell 1.2</td><td></td><td></td></tr><tr><td>Cell 2.0</td><td>Cell 2.2</td><td></td><td></td></tr><tr><td>Cell 3.0</td><td rowspan="2">Merged Cell 3.1 4.1</td><td>Cell 3.2</td><td rowspan="3"></td><td></td></tr><tr><td>Cell 4.0</td><td>Cell 4.2</td><td rowspan="2">Merged Cell 4.4 5.4</td></tr><tr><td></td><td></td><td></td></tr><tr><td></td><td></td><td></td><td></td><td></td></tr><tr><td colspan="5"></td></tr><tr><td></td><td></td><td></td><td></td><td>Cell 8.4</td></tr></tbody></table>\n<p></p>\n<p></p>\n</div>\n</body>\n</html>', gtfile=('tests/data/groundtruth/docling_v2/word_tables.docx' + '.html'), generate=False)
2025-04-11T11:27:03.1957295Z  +    where 'tests/data/groundtruth/docling_v2/word_tables.docx' = str(PosixPath('tests/data/groundtruth/docling_v2/word_tables.docx'))
2025-04-11T11:27:03.1957928Z ====== 2 failed, 63 passed, 2 skipped, 353 warnings in 749.07s (0:12:29) =======
2025-04-11T11:27:04.5252882Z ##[error]Process completed with exit code 1.
2025-04-11T11:27:04.5318630Z Post job cleanup.
2025-04-11T11:27:04.5382534Z Post job cleanup.
2025-04-11T11:27:04.6371462Z [command]/usr/bin/git version
2025-04-11T11:27:04.6409674Z git version 2.49.0
2025-04-11T11:27:04.6454165Z Temporarily overriding HOME='/home/runner/work/_temp/63c50139-b002-43eb-9e43-a62b48752eb3' before making global git config changes
2025-04-11T11:27:04.6455478Z Adding repository directory to the temporary git global config as a safe directory
2025-04-11T11:27:04.6468348Z [command]/usr/bin/git config --global --add safe.directory /home/runner/work/docling/docling
2025-04-11T11:27:04.6504783Z [command]/usr/bin/git config --local --name-only --get-regexp core\.sshCommand
2025-04-11T11:27:04.6538353Z [command]/usr/bin/git submodule foreach --recursive sh -c "git config --local --name-only --get-regexp 'core\.sshCommand' && git config --local --unset-all 'core.sshCommand' || :"
2025-04-11T11:27:04.6803195Z [command]/usr/bin/git config --local --name-only --get-regexp http\.https\:\/\/github\.com\/\.extraheader
2025-04-11T11:27:04.6826977Z http.https://github.com/.extraheader
2025-04-11T11:27:04.6838947Z [command]/usr/bin/git config --local --unset-all http.https://github.com/.extraheader
2025-04-11T11:27:04.6870948Z [command]/usr/bin/git submodule foreach --recursive sh -c "git config --local --name-only --get-regexp 'http\.https\:\/\/github\.com\/\.extraheader' && git config --local --unset-all 'http.https://github.com/.extraheader' || :"
2025-04-11T11:27:04.7215482Z Cleaning up orphan processes
