Requested labels: ubuntu-latest
Job defined at: alpinejs/alpine/.github/workflows/run-tests.yml@refs/pull/4525/merge
Waiting for a runner to pick up this job...
Job is waiting for a hosted runner to come online.
Job is about to start running on the hosted runner: GitHub Actions 19 (hosted)
Current runner version: '2.322.0'
##[group]Operating System
Ubuntu
24.04.1
LTS
##[endgroup]
##[group]Runner Image
Image: ubuntu-24.04
Version: 20250202.1.0
Included Software: https://github.com/actions/runner-images/blob/ubuntu24/20250202.1/images/ubuntu/Ubuntu2404-Readme.md
Image Release: https://github.com/actions/runner-images/releases/tag/ubuntu24%2F20250202.1
##[endgroup]
##[group]Runner Image Provisioner
2.0.422.1
##[endgroup]
##[group]GITHUB_TOKEN Permissions
Actions: read
read
read
read
read
read
read

read
read
read
read
read
read
##[endgroup]
Dependabot



'actions/checkout@v3'
Version: 3.6.0
942562b9c7d4b1f2557f1da21f4d3eb4eb4fd01f2ad78b2a6e187d1b193e0a0f
f43a0e5ff2bd294095638e18286ca9a3d1956744
##[endgroup]
'actions/setup-node@v3'
Version: 3.8.2
68fc4b9708f7154a0a41cdc7ba02b867f6c9d8cbf1979d824253e8e80bbdb973
1a4442cacd436585916779262731d5b162bc6ec7
##[endgroup]
build
actions/checkout@v3

alpinejs/alpine


true


1


false

##[endgroup]
alpinejs/alpine

'/home/runner/work/alpine/alpine'

2 48 1
##[endgroup]
Temporarily overriding HOME='/home/runner/work/_temp/26e2a008-3c36-4cf2-ad59-2bb721174e72' before making global git config changes

[command]/usr/bin/git config --global --add safe.directory /home/runner/work/alpine/alpine
'/home/runner/work/alpine/alpine'

/home/runner/work/alpine/alpine










/home/runner/work/alpine/alpine/.git/
https://github.com/alpinejs/alpine
##[endgroup]

[command]/usr/bin/git config --local gc.auto 0
##[endgroup]

core\.sshCommand
'core\.sshCommand' 'core.sshCommand'
http\.https\:\/\/github\.com\/\.extraheader
'http\.https\:\/\/github\.com\/\.extraheader' 'http.https://github.com/.extraheader'
--local
##[endgroup]

2 1 d0331d6e542ddc908f8da8531ef4686b2c9d6f3b 4525
Enumerating 359, done.
Counting 0% (1/359)
Counting 1% (4/359)
Counting 2% (8/359)
Counting 3% (11/359)
Counting 4% (15/359)
Counting 5% (18/359)
Counting 6% (22/359)
Counting 7% (26/359)
Counting 8% (29/359)
Counting 9% (33/359)
Counting 10% (36/359)
Counting 11% (40/359)
Counting 12% (44/359)
Counting 13% (47/359)
Counting 14% (51/359)
Counting 15% (54/359)
Counting 16% (58/359)
Counting 17% (62/359)
Counting 18% (65/359)
Counting 19% (69/359)
Counting 20% (72/359)
Counting 21% (76/359)
Counting 22% (79/359)
Counting 23% (83/359)
Counting 24% (87/359)
Counting 25% (90/359)
Counting 26% (94/359)
Counting 27% (97/359)
Counting 28% (101/359)
Counting 29% (105/359)
Counting 30% (108/359)
Counting 31% (112/359)
Counting 32% (115/359)
Counting 33% (119/359)
Counting 34% (123/359)
Counting 35% (126/359)
Counting 36% (130/359)
Counting 37% (133/359)
Counting 38% (137/359)
Counting 39% (141/359)
Counting 40% (144/359)
Counting 41% (148/359)
Counting 42% (151/359)
Counting 43% (155/359)
Counting 44% (158/359)
Counting 45% (162/359)
Counting 46% (166/359)
Counting 47% (169/359)
Counting 48% (173/359)
Counting 49% (176/359)
Counting 50% (180/359)
Counting 51% (184/359)
Counting 52% (187/359)
Counting 53% (191/359)
Counting 54% (194/359)
Counting 55% (198/359)
Counting 56% (202/359)
Counting 57% (205/359)
Counting 58% (209/359)
Counting 59% (212/359)
Counting 60% (216/359)
Counting 61% (219/359)
Counting 62% (223/359)
Counting 63% (227/359)
Counting 64% (230/359)
Counting 65% (234/359)
Counting 66% (237/359)
Counting 67% (241/359)
Counting 68% (245/359)
Counting 69% (248/359)
Counting 70% (252/359)
Counting 71% (255/359)
Counting 72% (259/359)
Counting 73% (263/359)
Counting 74% (266/359)
Counting 75% (270/359)
Counting 76% (273/359)
Counting 77% (277/359)
Counting 78% (281/359)
Counting 79% (284/359)
Counting 80% (288/359)
Counting 81% (291/359)
Counting 82% (295/359)
Counting 83% (298/359)
Counting 84% (302/359)
Counting 85% (306/359)
Counting 86% (309/359)
Counting 87% (313/359)
Counting 88% (316/359)
Counting 89% (320/359)
Counting 90% (324/359)
Counting 91% (327/359)
Counting 92% (331/359)
Counting 93% (334/359)
Counting 94% (338/359)
Counting 95% (342/359)
Counting 96% (345/359)
Counting 97% (349/359)
Counting 98% (352/359)
Counting 99% (356/359)
Counting 100% (359/359)
Counting 100 359 359
Compressing 0% (1/317)
Compressing 1% (4/317)
Compressing 2% (7/317)
Compressing 3% (10/317)
Compressing 4% (13/317)
Compressing 5% (16/317)
Compressing 6% (20/317)
Compressing 7% (23/317)
Compressing 8% (26/317)
Compressing 9% (29/317)
Compressing 10% (32/317)
Compressing 11% (35/317)
Compressing 12% (39/317)
Compressing 13% (42/317)
Compressing 14% (45/317)
Compressing 15% (48/317)
Compressing 16% (51/317)
Compressing 17% (54/317)
Compressing 18% (58/317)
Compressing 19% (61/317)
Compressing 20% (64/317)
Compressing 21% (67/317)
Compressing 22% (70/317)
Compressing 23% (73/317)
Compressing 24% (77/317)
Compressing 25% (80/317)
Compressing 26% (83/317)
Compressing 27% (86/317)
Compressing 28% (89/317)
Compressing 29% (92/317)
Compressing 30% (96/317)
Compressing 31% (99/317)
Compressing 32% (102/317)
Compressing 33% (105/317)
Compressing 34% (108/317)
Compressing 35% (111/317)
Compressing 36% (115/317)
Compressing 37% (118/317)
Compressing 38% (121/317)
Compressing 39% (124/317)
Compressing 40% (127/317)
Compressing 41% (130/317)
Compressing 42% (134/317)
Compressing 43% (137/317)
Compressing 44% (140/317)
Compressing 45% (143/317)
Compressing 46% (146/317)
Compressing 47% (149/317)
Compressing 48% (153/317)
Compressing 49% (156/317)
Compressing 50% (159/317)
Compressing 51% (162/317)
Compressing 52% (165/317)
Compressing 53% (169/317)
Compressing 54% (172/317)
Compressing 55% (175/317)
Compressing 56% (178/317)
Compressing 57% (181/317)
Compressing 58% (184/317)
Compressing 59% (188/317)
Compressing 60% (191/317)
Compressing 61% (194/317)
Compressing 62% (197/317)
Compressing 63% (200/317)
Compressing 64% (203/317)
Compressing 65% (207/317)
Compressing 66% (210/317)
Compressing 67% (213/317)
Compressing 68% (216/317)
Compressing 69% (219/317)
Compressing 70% (222/317)
Compressing 71% (226/317)
Compressing 72% (229/317)
Compressing 73% (232/317)
Compressing 74% (235/317)
Compressing 75% (238/317)
Compressing 76% (241/317)
Compressing 77% (245/317)
Compressing 78% (248/317)
Compressing 79% (251/317)
Compressing 80% (254/317)
Compressing 81% (257/317)
Compressing 82% (260/317)
Compressing 83% (264/317)
Compressing 84% (267/317)
Compressing 85% (270/317)
Compressing 86% (273/317)
Compressing 87% (276/317)
Compressing 88% (279/317)
Compressing 89% (283/317)
Compressing 90% (286/317)
Compressing 91% (289/317)
Compressing 92% (292/317)
Compressing 93% (295/317)
Compressing 94% (298/317)
Compressing 95% (302/317)
Compressing 96% (305/317)
Compressing 97% (308/317)
Compressing 98% (311/317)
Compressing 99% (314/317)
Compressing 100% (317/317)
Compressing 100 317 317
0 1 359
1 4 359
2 8 359
3 11 359
4 15 359
5 18 359
6 22 359
7 26 359
8 29 359
9 33 359
10 36 359
11 40 359
12 44 359
13 47 359
14 51 359
15 54 359
16 58 359
17 62 359
18 65 359
19 69 359
20 72 359
21 76 359
22 79 359
23 83 359
24 87 359
25 90 359
26 94 359
27 97 359
28 101 359
29 105 359
30 108 359
31 112 359
32 115 359
33 119 359
34 123 359
35 126 359
36 130 359
37 133 359
38 137 359
39 141 359
40 144 359
41 148 359
42 151 359
43 155 359
44 158 359
45 162 359
46 166 359
47 169 359
48 173 359
49 176 359
50 180 359
51 184 359
52 187 359
53 191 359
54 194 359
55 198 359
56 202 359
57 205 359
58 209 359
59 212 359
60 216 359
61 219 359
62 223 359
63 227 359
64 230 359
65 234 359
66 237 359
67 241 359
68 245 359
69 248 359
70 252 359
71 255 359
72 259 359
73 263 359
74 266 359
75 270 359
76 273 359
77 277 359
78 281 359
79 284 359
80 288 359
359 41 170 24 0 0
81 291 359
82 295 359
83 298 359
84 302 359
85 306 359
86 309 359
87 313 359
88 316 359
89 320 359
90 324 359
91 327 359
92 331 359
93 334 359
94 338 359
95 342 359
96 345 359
97 349 359
98 352 359
99 356 359
100 359 359
100 359 359 1 48 15 20
0 0 41
2 1 41
4 2 41
7 3 41
9 4 41
12 5 41
14 6 41
17 7 41
19 8 41
21 9 41
24 10 41
26 11 41
29 12 41
31 13 41
34 14 41
36 15 41
39 16 41
43 18 41
46 19 41
48 20 41
51 21 41
53 22 41
56 23 41
58 24 41
60 25 41
63 26 41
65 27 41
68 28 41
70 29 41
73 30 41
75 31 41
78 32 41
80 33 41
82 34 41
87 36 41
90 37 41
92 38 41
95 39 41
97 40 41
100 41 41
100 41 41
https://github.com/alpinejs/alpine
d0331d6e542ddc908f8da8531ef4686b2c9d6f3b  pull/4525/merge
##[endgroup]

##[endgroup]

4525
4525
2025-02-11T00:36:52.1635110Z



2025-02-11T00:36:52.1639963Z


2025-02-11T00:36:52.1641935Z

2025-02-11T00:36:52.1642502Z

2025-02-11T00:36:52.1643036Z

2025-02-11T00:36:52.1643563Z

2025-02-11T00:36:52.1644786Z
d0331d6 a848a3dc5221ce25f71eb9667982698215fff544 28a2aa89d63dd21af20f4152e2c44c3f78b48216
##[endgroup]
-1 --format='%H'
d0331d6e542ddc908f8da8531ef4686b2c9d6f3b
actions/setup-node@v3

node-version: 18
always-auth: false


##[endgroup]
Found in cache @ /opt/hostedtoolcache/node/18.20.6/x64
##[group]Environment details
node: v18.20.6
npm: 10.8.2
yarn: 1.22.22
##[endgroup]
##[group]Run npm install
[36;1mnpm install[0m
0
##[endgroup]
npm warn deprecated urix@0.1.0: Please see https://github.com/lydell/urix#deprecated
npm warn deprecated w3c-hr-time@1.0.2: Use your platform's native performance.now() and performance.timeOrigin.
npm warn deprecated source-map-url@0.4.1: See https://github.com/lydell/source-map-url#deprecated
npm warn deprecated sane@4.1.0: some dependency vulnerabilities fixed, support for node < 10 dropped, and newer ECMAScript syntax/features added
npm warn deprecated resolve-url@0.2.1: https://github.com/lydell/resolve-url#deprecated
npm warn deprecated source-map-resolve@0.5.3: See https://github.com/lydell/source-map-resolve#deprecated
npm warn deprecated querystring@0.2.0: The querystring API is considered Legacy. new code should use the URLSearchParams API instead.
2025-02-11T00:37:16.9153543Z
added 659 packages, and audited 675 packages in 20s
2025-02-11T00:37:16.9156250Z
51 packages are looking for funding
run `npm fund` for details
2025-02-11T00:37:16.9630189Z
30 vulnerabilities (22 moderate, 7 high, 1 critical)
2025-02-11T00:37:16.9631668Z
To address issues that do not require attention, run:
npm audit fix
2025-02-11T00:37:16.9633001Z
To address all issues possible (including breaking changes), run:
npm audit fix --force
2025-02-11T00:37:16.9634634Z
Some issues need review, and may require choosing
a different dependency.
2025-02-11T00:37:16.9635602Z
Run `npm audit` for details.
##[group]Run npm run build
[36;1mnpm run build[0m
0
##[endgroup]
2025-02-11T00:37:17.1254551Z
> build
> node ./scripts/build.js
2025-02-11T00:37:17.1255301Z
âœ˜ [ERROR] Invalid option in build() call: "watch"
2025-02-11T00:37:17.1845573Z
/home/runner/work/alpine/alpine/node_modules/esbuild/lib/main.js:254:12:
254 â”‚       throw new Error(`Invalid option ${where}: ${quote(key)}`);
â•µ             ^
2025-02-11T00:37:17.1877965Z
at checkForInvalidFlags (/home/runner/work/alpine/alpine/node_modules/esbuild/lib/main.js:254:13)
at flagsForBuildOptions (/home/runner/work/alpine/alpine/node_modules/esbuild/lib/main.js:427:3)
at buildOrContextContinue (/home/runner/work/alpine/alpine/node_modules/esbuild/lib/main.js:914:9)
at buildOrContextImpl (/home/runner/work/alpine/alpine/node_modules/esbuild/lib/main.js:898:5)
at Object.buildOrContext (/home/runner/work/alpine/alpine/node_modules/esbuild/lib/main.js:700:5)
at /home/runner/work/alpine/alpine/node_modules/esbuild/lib/main.js:2030:15
at new Promise (<anonymous>)
at Object.build (/home/runner/work/alpine/alpine/node_modules/esbuild/lib/main.js:2029:25)
at Object.build (/home/runner/work/alpine/alpine/node_modules/esbuild/lib/main.js:1880:51)
at build (/home/runner/work/alpine/alpine/scripts/build.js:91:31)
2025-02-11T00:37:17.1889996Z
âœ˜ [ERROR] Invalid option in build() call: "watch"
2025-02-11T00:37:17.1890890Z
/home/runner/work/alpine/alpine/node_modules/esbuild/lib/main.js:254:12:
254 â”‚       throw new Error(`Invalid option ${where}: ${quote(key)}`);
â•µ             ^
2025-02-11T00:37:17.1893515Z
at checkForInvalidFlags (/home/runner/work/alpine/alpine/node_modules/esbuild/lib/main.js:254:13)
at flagsForBuildOptions (/home/runner/work/alpine/alpine/node_modules/esbuild/lib/main.js:427:3)
at buildOrContextContinue (/home/runner/work/alpine/alpine/node_modules/esbuild/lib/main.js:914:9)
at buildOrContextImpl (/home/runner/work/alpine/alpine/node_modules/esbuild/lib/main.js:898:5)
at Object.buildOrContext (/home/runner/work/alpine/alpine/node_modules/esbuild/lib/main.js:700:5)
at /home/runner/work/alpine/alpine/node_modules/esbuild/lib/main.js:2030:15
at new Promise (<anonymous>)
at Object.build (/home/runner/work/alpine/alpine/node_modules/esbuild/lib/main.js:2029:25)
at Object.build (/home/runner/work/alpine/alpine/node_modules/esbuild/lib/main.js:1880:51)
at build (/home/runner/work/alpine/alpine/scripts/build.js:91:31)
2025-02-11T00:37:17.1905061Z
âœ˜ [ERROR] Invalid option in build() call: "watch"
2025-02-11T00:37:17.1905999Z
/home/runner/work/alpine/alpine/node_modules/esbuild/lib/main.js:254:12:
254 â”‚       throw new Error(`Invalid option ${where}: ${quote(key)}`);
â•µ             ^
2025-02-11T00:37:17.1908281Z
at checkForInvalidFlags (/home/runner/work/alpine/alpine/node_modules/esbuild/lib/main.js:254:13)
at flagsForBuildOptions (/home/runner/work/alpine/alpine/node_modules/esbuild/lib/main.js:427:3)
at buildOrContextContinue (/home/runner/work/alpine/alpine/node_modules/esbuild/lib/main.js:914:9)
at buildOrContextImpl (/home/runner/work/alpine/alpine/node_modules/esbuild/lib/main.js:898:5)
at Object.buildOrContext (/home/runner/work/alpine/alpine/node_modules/esbuild/lib/main.js:700:5)
at /home/runner/work/alpine/alpine/node_modules/esbuild/lib/main.js:2030:15
at new Promise (<anonymous>)
at Object.build (/home/runner/work/alpine/alpine/node_modules/esbuild/lib/main.js:2029:25)
at Object.build (/home/runner/work/alpine/alpine/node_modules/esbuild/lib/main.js:1880:51)
at build (/home/runner/work/alpine/alpine/scripts/build.js:91:31)
2025-02-11T00:37:17.1920621Z
âœ˜ [ERROR] Invalid option in build() call: "watch"
2025-02-11T00:37:17.1921467Z
/home/runner/work/alpine/alpine/node_modules/esbuild/lib/main.js:254:12:
254 â”‚       throw new Error(`Invalid option ${where}: ${quote(key)}`);
â•µ             ^
2025-02-11T00:37:17.1923902Z
at checkForInvalidFlags (/home/runner/work/alpine/alpine/node_modules/esbuild/lib/main.js:254:13)
at flagsForBuildOptions (/home/runner/work/alpine/alpine/node_modules/esbuild/lib/main.js:427:3)
at buildOrContextContinue (/home/runner/work/alpine/alpine/node_modules/esbuild/lib/main.js:914:9)
at buildOrContextImpl (/home/runner/work/alpine/alpine/node_modules/esbuild/lib/main.js:898:5)
at Object.buildOrContext (/home/runner/work/alpine/alpine/node_modules/esbuild/lib/main.js:700:5)
at /home/runner/work/alpine/alpine/node_modules/esbuild/lib/main.js:2030:15
at new Promise (<anonymous>)
at Object.build (/home/runner/work/alpine/alpine/node_modules/esbuild/lib/main.js:2029:25)
at Object.build (/home/runner/work/alpine/alpine/node_modules/esbuild/lib/main.js:1880:51)
at build (/home/runner/work/alpine/alpine/scripts/build.js:91:31)
2025-02-11T00:37:17.1935302Z
âœ˜ [ERROR] Invalid option in build() call: "watch"
2025-02-11T00:37:17.1936287Z
/home/runner/work/alpine/alpine/node_modules/esbuild/lib/main.js:254:12:
254 â”‚       throw new Error(`Invalid option ${where}: ${quote(key)}`);
â•µ             ^
2025-02-11T00:37:17.1938777Z
at checkForInvalidFlags (/home/runner/work/alpine/alpine/node_modules/esbuild/lib/main.js:254:13)
at flagsForBuildOptions (/home/runner/work/alpine/alpine/node_modules/esbuild/lib/main.js:427:3)
at buildOrContextContinue (/home/runner/work/alpine/alpine/node_modules/esbuild/lib/main.js:914:9)
at buildOrContextImpl (/home/runner/work/alpine/alpine/node_modules/esbuild/lib/main.js:898:5)
at Object.buildOrContext (/home/runner/work/alpine/alpine/node_modules/esbuild/lib/main.js:700:5)
at /home/runner/work/alpine/alpine/node_modules/esbuild/lib/main.js:2030:15
at new Promise (<anonymous>)
at Object.build (/home/runner/work/alpine/alpine/node_modules/esbuild/lib/main.js:2029:25)
at Object.build (/home/runner/work/alpine/alpine/node_modules/esbuild/lib/main.js:1880:51)
at build (/home/runner/work/alpine/alpine/scripts/build.js:91:31)
2025-02-11T00:37:17.1950498Z
âœ˜ [ERROR] Invalid option in build() call: "watch"
2025-02-11T00:37:17.1951752Z
/home/runner/work/alpine/alpine/node_modules/esbuild/lib/main.js:254:12:
254 â”‚       throw new Error(`Invalid option ${where}: ${quote(key)}`);
â•µ             ^
2025-02-11T00:37:17.1954286Z
at checkForInvalidFlags (/home/runner/work/alpine/alpine/node_modules/esbuild/lib/main.js:254:13)
at flagsForBuildOptions (/home/runner/work/alpine/alpine/node_modules/esbuild/lib/main.js:427:3)
at buildOrContextContinue (/home/runner/work/alpine/alpine/node_modules/esbuild/lib/main.js:914:9)
at buildOrContextImpl (/home/runner/work/alpine/alpine/node_modules/esbuild/lib/main.js:898:5)
at Object.buildOrContext (/home/runner/work/alpine/alpine/node_modules/esbuild/lib/main.js:700:5)
at /home/runner/work/alpine/alpine/node_modules/esbuild/lib/main.js:2030:15
at new Promise (<anonymous>)
at Object.build (/home/runner/work/alpine/alpine/node_modules/esbuild/lib/main.js:2029:25)
at Object.build (/home/runner/work/alpine/alpine/node_modules/esbuild/lib/main.js:1880:51)
at build (/home/runner/work/alpine/alpine/scripts/build.js:91:31)
2025-02-11T00:37:17.1965732Z
âœ˜ [ERROR] Invalid option in build() call: "watch"
2025-02-11T00:37:17.1966556Z
/home/runner/work/alpine/alpine/node_modules/esbuild/lib/main.js:254:12:
254 â”‚       throw new Error(`Invalid option ${where}: ${quote(key)}`);
â•µ             ^
2025-02-11T00:37:17.1968872Z
at checkForInvalidFlags (/home/runner/work/alpine/alpine/node_modules/esbuild/lib/main.js:254:13)
at flagsForBuildOptions (/home/runner/work/alpine/alpine/node_modules/esbuild/lib/main.js:427:3)
at buildOrContextContinue (/home/runner/work/alpine/alpine/node_modules/esbuild/lib/main.js:914:9)
at buildOrContextImpl (/home/runner/work/alpine/alpine/node_modules/esbuild/lib/main.js:898:5)
at Object.buildOrContext (/home/runner/work/alpine/alpine/node_modules/esbuild/lib/main.js:700:5)
at /home/runner/work/alpine/alpine/node_modules/esbuild/lib/main.js:2030:15
at new Promise (<anonymous>)
at Object.build (/home/runner/work/alpine/alpine/node_modules/esbuild/lib/main.js:2029:25)
at Object.build (/home/runner/work/alpine/alpine/node_modules/esbuild/lib/main.js:1880:51)
at build (/home/runner/work/alpine/alpine/scripts/build.js:91:31)
2025-02-11T00:37:17.1980502Z
âœ˜ [ERROR] Invalid option in build() call: "watch"
2025-02-11T00:37:17.1981399Z
/home/runner/work/alpine/alpine/node_modules/esbuild/lib/main.js:254:12:
254 â”‚       throw new Error(`Invalid option ${where}: ${quote(key)}`);
â•µ             ^
2025-02-11T00:37:17.1983930Z
at checkForInvalidFlags (/home/runner/work/alpine/alpine/node_modules/esbuild/lib/main.js:254:13)
at flagsForBuildOptions (/home/runner/work/alpine/alpine/node_modules/esbuild/lib/main.js:427:3)
at buildOrContextContinue (/home/runner/work/alpine/alpine/node_modules/esbuild/lib/main.js:914:9)
at buildOrContextImpl (/home/runner/work/alpine/alpine/node_modules/esbuild/lib/main.js:898:5)
at Object.buildOrContext (/home/runner/work/alpine/alpine/node_modules/esbuild/lib/main.js:700:5)
at /home/runner/work/alpine/alpine/node_modules/esbuild/lib/main.js:2030:15
at new Promise (<anonymous>)
at Object.build (/home/runner/work/alpine/alpine/node_modules/esbuild/lib/main.js:2029:25)
at Object.build (/home/runner/work/alpine/alpine/node_modules/esbuild/lib/main.js:1880:51)
at build (/home/runner/work/alpine/alpine/scripts/build.js:91:31)
2025-02-11T00:37:17.1995810Z
âœ˜ [ERROR] Invalid option in build() call: "watch"
2025-02-11T00:37:17.1996745Z
/home/runner/work/alpine/alpine/node_modules/esbuild/lib/main.js:254:12:
254 â”‚       throw new Error(`Invalid option ${where}: ${quote(key)}`);
â•µ             ^
2025-02-11T00:37:17.1999242Z
at checkForInvalidFlags (/home/runner/work/alpine/alpine/node_modules/esbuild/lib/main.js:254:13)
at flagsForBuildOptions (/home/runner/work/alpine/alpine/node_modules/esbuild/lib/main.js:427:3)
at buildOrContextContinue (/home/runner/work/alpine/alpine/node_modules/esbuild/lib/main.js:914:9)
at buildOrContextImpl (/home/runner/work/alpine/alpine/node_modules/esbuild/lib/main.js:898:5)
at Object.buildOrContext (/home/runner/work/alpine/alpine/node_modules/esbuild/lib/main.js:700:5)
at /home/runner/work/alpine/alpine/node_modules/esbuild/lib/main.js:2030:15
at new Promise (<anonymous>)
at Object.build (/home/runner/work/alpine/alpine/node_modules/esbuild/lib/main.js:2029:25)
at Object.build (/home/runner/work/alpine/alpine/node_modules/esbuild/lib/main.js:1880:51)
at build (/home/runner/work/alpine/alpine/scripts/build.js:91:31)
2025-02-11T00:37:17.2010693Z
âœ˜ [ERROR] Invalid option in build() call: "watch"
2025-02-11T00:37:17.2011599Z
/home/runner/work/alpine/alpine/node_modules/esbuild/lib/main.js:254:12:
254 â”‚       throw new Error(`Invalid option ${where}: ${quote(key)}`);
â•µ             ^
2025-02-11T00:37:17.2014135Z
at checkForInvalidFlags (/home/runner/work/alpine/alpine/node_modules/esbuild/lib/main.js:254:13)
at flagsForBuildOptions (/home/runner/work/alpine/alpine/node_modules/esbuild/lib/main.js:427:3)
at buildOrContextContinue (/home/runner/work/alpine/alpine/node_modules/esbuild/lib/main.js:914:9)
at buildOrContextImpl (/home/runner/work/alpine/alpine/node_modules/esbuild/lib/main.js:898:5)
at Object.buildOrContext (/home/runner/work/alpine/alpine/node_modules/esbuild/lib/main.js:700:5)
at /home/runner/work/alpine/alpine/node_modules/esbuild/lib/main.js:2030:15
at new Promise (<anonymous>)
at Object.build (/home/runner/work/alpine/alpine/node_modules/esbuild/lib/main.js:2029:25)
at Object.build (/home/runner/work/alpine/alpine/node_modules/esbuild/lib/main.js:1880:51)
at build (/home/runner/work/alpine/alpine/scripts/build.js:91:31)
2025-02-11T00:37:17.2025815Z
âœ˜ [ERROR] Invalid option in build() call: "watch"
2025-02-11T00:37:17.2026759Z
/home/runner/work/alpine/alpine/node_modules/esbuild/lib/main.js:254:12:
254 â”‚       throw new Error(`Invalid option ${where}: ${quote(key)}`);
â•µ             ^
2025-02-11T00:37:17.2029695Z
at checkForInvalidFlags (/home/runner/work/alpine/alpine/node_modules/esbuild/lib/main.js:254:13)
at flagsForBuildOptions (/home/runner/work/alpine/alpine/node_modules/esbuild/lib/main.js:427:3)
at buildOrContextContinue (/home/runner/work/alpine/alpine/node_modules/esbuild/lib/main.js:914:9)
at buildOrContextImpl (/home/runner/work/alpine/alpine/node_modules/esbuild/lib/main.js:898:5)
at Object.buildOrContext (/home/runner/work/alpine/alpine/node_modules/esbuild/lib/main.js:700:5)
at /home/runner/work/alpine/alpine/node_modules/esbuild/lib/main.js:2030:15
at new Promise (<anonymous>)
at Object.build (/home/runner/work/alpine/alpine/node_modules/esbuild/lib/main.js:2029:25)
at Object.build (/home/runner/work/alpine/alpine/node_modules/esbuild/lib/main.js:1880:51)
at build (/home/runner/work/alpine/alpine/scripts/build.js:91:31)
2025-02-11T00:37:17.2041157Z
âœ˜ [ERROR] Invalid option in build() call: "watch"
2025-02-11T00:37:17.2042077Z
/home/runner/work/alpine/alpine/node_modules/esbuild/lib/main.js:254:12:
254 â”‚       throw new Error(`Invalid option ${where}: ${quote(key)}`);
â•µ             ^
2025-02-11T00:37:17.2044648Z
at checkForInvalidFlags (/home/runner/work/alpine/alpine/node_modules/esbuild/lib/main.js:254:13)
at flagsForBuildOptions (/home/runner/work/alpine/alpine/node_modules/esbuild/lib/main.js:427:3)
at buildOrContextContinue (/home/runner/work/alpine/alpine/node_modules/esbuild/lib/main.js:914:9)
at buildOrContextImpl (/home/runner/work/alpine/alpine/node_modules/esbuild/lib/main.js:898:5)
at Object.buildOrContext (/home/runner/work/alpine/alpine/node_modules/esbuild/lib/main.js:700:5)
at /home/runner/work/alpine/alpine/node_modules/esbuild/lib/main.js:2030:15
at new Promise (<anonymous>)
at Object.build (/home/runner/work/alpine/alpine/node_modules/esbuild/lib/main.js:2029:25)
at Object.build (/home/runner/work/alpine/alpine/node_modules/esbuild/lib/main.js:1880:51)
at build (/home/runner/work/alpine/alpine/scripts/build.js:91:31)
2025-02-11T00:37:17.2056057Z
âœ˜ [ERROR] Invalid option in build() call: "watch"
2025-02-11T00:37:17.2057062Z
/home/runner/work/alpine/alpine/node_modules/esbuild/lib/main.js:254:12:
254 â”‚       throw new Error(`Invalid option ${where}: ${quote(key)}`);
â•µ             ^
2025-02-11T00:37:17.2059826Z
at checkForInvalidFlags (/home/runner/work/alpine/alpine/node_modules/esbuild/lib/main.js:254:13)
at flagsForBuildOptions (/home/runner/work/alpine/alpine/node_modules/esbuild/lib/main.js:427:3)
at buildOrContextContinue (/home/runner/work/alpine/alpine/node_modules/esbuild/lib/main.js:914:9)
at buildOrContextImpl (/home/runner/work/alpine/alpine/node_modules/esbuild/lib/main.js:898:5)
at Object.buildOrContext (/home/runner/work/alpine/alpine/node_modules/esbuild/lib/main.js:700:5)
at /home/runner/work/alpine/alpine/node_modules/esbuild/lib/main.js:2030:15
at new Promise (<anonymous>)
at Object.build (/home/runner/work/alpine/alpine/node_modules/esbuild/lib/main.js:2029:25)
at Object.build (/home/runner/work/alpine/alpine/node_modules/esbuild/lib/main.js:1880:51)
at build (/home/runner/work/alpine/alpine/scripts/build.js:91:31)
2025-02-11T00:37:17.2071619Z
âœ˜ [ERROR] Invalid option in build() call: "watch"
2025-02-11T00:37:17.2072490Z
/home/runner/work/alpine/alpine/node_modules/esbuild/lib/main.js:254:12:
254 â”‚       throw new Error(`Invalid option ${where}: ${quote(key)}`);
â•µ             ^
2025-02-11T00:37:17.2074867Z
at checkForInvalidFlags (/home/runner/work/alpine/alpine/node_modules/esbuild/lib/main.js:254:13)
at flagsForBuildOptions (/home/runner/work/alpine/alpine/node_modules/esbuild/lib/main.js:427:3)
at buildOrContextContinue (/home/runner/work/alpine/alpine/node_modules/esbuild/lib/main.js:914:9)
at buildOrContextImpl (/home/runner/work/alpine/alpine/node_modules/esbuild/lib/main.js:898:5)
at Object.buildOrContext (/home/runner/work/alpine/alpine/node_modules/esbuild/lib/main.js:700:5)
at /home/runner/work/alpine/alpine/node_modules/esbuild/lib/main.js:2030:15
at new Promise (<anonymous>)
at Object.build (/home/runner/work/alpine/alpine/node_modules/esbuild/lib/main.js:2029:25)
at Object.build (/home/runner/work/alpine/alpine/node_modules/esbuild/lib/main.js:1880:51)
at build (/home/runner/work/alpine/alpine/scripts/build.js:91:31)
2025-02-11T00:37:17.2086416Z
âœ˜ [ERROR] Invalid option in build() call: "watch"
2025-02-11T00:37:17.2087421Z
/home/runner/work/alpine/alpine/node_modules/esbuild/lib/main.js:254:12:
254 â”‚       throw new Error(`Invalid option ${where}: ${quote(key)}`);
â•µ             ^
2025-02-11T00:37:17.2090011Z
at checkForInvalidFlags (/home/runner/work/alpine/alpine/node_modules/esbuild/lib/main.js:254:13)
at flagsForBuildOptions (/home/runner/work/alpine/alpine/node_modules/esbuild/lib/main.js:427:3)
at buildOrContextContinue (/home/runner/work/alpine/alpine/node_modules/esbuild/lib/main.js:914:9)
at buildOrContextImpl (/home/runner/work/alpine/alpine/node_modules/esbuild/lib/main.js:898:5)
at Object.buildOrContext (/home/runner/work/alpine/alpine/node_modules/esbuild/lib/main.js:700:5)
at /home/runner/work/alpine/alpine/node_modules/esbuild/lib/main.js:2030:15
at new Promise (<anonymous>)
at Object.build (/home/runner/work/alpine/alpine/node_modules/esbuild/lib/main.js:2029:25)
at Object.build (/home/runner/work/alpine/alpine/node_modules/esbuild/lib/main.js:1880:51)
at build (/home/runner/work/alpine/alpine/scripts/build.js:91:31)
2025-02-11T00:37:17.2101546Z
âœ˜ [ERROR] Invalid option in build() call: "watch"
2025-02-11T00:37:17.2102373Z
/home/runner/work/alpine/alpine/node_modules/esbuild/lib/main.js:254:12:
254 â”‚       throw new Error(`Invalid option ${where}: ${quote(key)}`);
â•µ             ^
2025-02-11T00:37:17.2105315Z
at checkForInvalidFlags (/home/runner/work/alpine/alpine/node_modules/esbuild/lib/main.js:254:13)
at flagsForBuildOptions (/home/runner/work/alpine/alpine/node_modules/esbuild/lib/main.js:427:3)
at buildOrContextContinue (/home/runner/work/alpine/alpine/node_modules/esbuild/lib/main.js:914:9)
at buildOrContextImpl (/home/runner/work/alpine/alpine/node_modules/esbuild/lib/main.js:898:5)
at Object.buildOrContext (/home/runner/work/alpine/alpine/node_modules/esbuild/lib/main.js:700:5)
at /home/runner/work/alpine/alpine/node_modules/esbuild/lib/main.js:2030:15
at new Promise (<anonymous>)
at Object.build (/home/runner/work/alpine/alpine/node_modules/esbuild/lib/main.js:2029:25)
at Object.build (/home/runner/work/alpine/alpine/node_modules/esbuild/lib/main.js:1880:51)
at build (/home/runner/work/alpine/alpine/scripts/build.js:91:31)
2025-02-11T00:37:17.2116714Z
âœ˜ [ERROR] Invalid option in build() call: "watch"
2025-02-11T00:37:17.2117539Z
/home/runner/work/alpine/alpine/node_modules/esbuild/lib/main.js:254:12:
254 â”‚       throw new Error(`Invalid option ${where}: ${quote(key)}`);
â•µ             ^
2025-02-11T00:37:17.2120383Z
at checkForInvalidFlags (/home/runner/work/alpine/alpine/node_modules/esbuild/lib/main.js:254:13)
at flagsForBuildOptions (/home/runner/work/alpine/alpine/node_modules/esbuild/lib/main.js:427:3)
at buildOrContextContinue (/home/runner/work/alpine/alpine/node_modules/esbuild/lib/main.js:914:9)
at buildOrContextImpl (/home/runner/work/alpine/alpine/node_modules/esbuild/lib/main.js:898:5)
at Object.buildOrContext (/home/runner/work/alpine/alpine/node_modules/esbuild/lib/main.js:700:5)
at /home/runner/work/alpine/alpine/node_modules/esbuild/lib/main.js:2030:15
at new Promise (<anonymous>)
at Object.build (/home/runner/work/alpine/alpine/node_modules/esbuild/lib/main.js:2029:25)
at Object.build (/home/runner/work/alpine/alpine/node_modules/esbuild/lib/main.js:1880:51)
at build (/home/runner/work/alpine/alpine/scripts/build.js:91:31)
2025-02-11T00:37:17.2131703Z
âœ˜ [ERROR] Invalid option in build() call: "watch"
2025-02-11T00:37:17.2132566Z
/home/runner/work/alpine/alpine/node_modules/esbuild/lib/main.js:254:12:
254 â”‚       throw new Error(`Invalid option ${where}: ${quote(key)}`);
â•µ             ^
2025-02-11T00:37:17.2134790Z
at checkForInvalidFlags (/home/runner/work/alpine/alpine/node_modules/esbuild/lib/main.js:254:13)
at flagsForBuildOptions (/home/runner/work/alpine/alpine/node_modules/esbuild/lib/main.js:427:3)
at buildOrContextContinue (/home/runner/work/alpine/alpine/node_modules/esbuild/lib/main.js:914:9)
at buildOrContextImpl (/home/runner/work/alpine/alpine/node_modules/esbuild/lib/main.js:898:5)
at Object.buildOrContext (/home/runner/work/alpine/alpine/node_modules/esbuild/lib/main.js:700:5)
at /home/runner/work/alpine/alpine/node_modules/esbuild/lib/main.js:2030:15
at new Promise (<anonymous>)
at Object.build (/home/runner/work/alpine/alpine/node_modules/esbuild/lib/main.js:2029:25)
at Object.build (/home/runner/work/alpine/alpine/node_modules/esbuild/lib/main.js:1880:51)
at build (/home/runner/work/alpine/alpine/scripts/build.js:91:31)
2025-02-11T00:37:17.2146799Z
âœ˜ [ERROR] Invalid option in build() call: "watch"
2025-02-11T00:37:17.2147614Z
/home/runner/work/alpine/alpine/node_modules/esbuild/lib/main.js:254:12:
254 â”‚       throw new Error(`Invalid option ${where}: ${quote(key)}`);
â•µ             ^
2025-02-11T00:37:17.2150117Z
at checkForInvalidFlags (/home/runner/work/alpine/alpine/node_modules/esbuild/lib/main.js:254:13)
at flagsForBuildOptions (/home/runner/work/alpine/alpine/node_modules/esbuild/lib/main.js:427:3)
at buildOrContextContinue (/home/runner/work/alpine/alpine/node_modules/esbuild/lib/main.js:914:9)
at buildOrContextImpl (/home/runner/work/alpine/alpine/node_modules/esbuild/lib/main.js:898:5)
at Object.buildOrContext (/home/runner/work/alpine/alpine/node_modules/esbuild/lib/main.js:700:5)
at /home/runner/work/alpine/alpine/node_modules/esbuild/lib/main.js:2030:15
at new Promise (<anonymous>)
at Object.build (/home/runner/work/alpine/alpine/node_modules/esbuild/lib/main.js:2029:25)
at Object.build (/home/runner/work/alpine/alpine/node_modules/esbuild/lib/main.js:1880:51)
at build (/home/runner/work/alpine/alpine/scripts/build.js:91:31)
2025-02-11T00:37:17.2161639Z
âœ˜ [ERROR] Invalid option in build() call: "watch"
2025-02-11T00:37:17.2162465Z
/home/runner/work/alpine/alpine/node_modules/esbuild/lib/main.js:254:12:
254 â”‚       throw new Error(`Invalid option ${where}: ${quote(key)}`);
â•µ             ^
2025-02-11T00:37:17.2164918Z
at checkForInvalidFlags (/home/runner/work/alpine/alpine/node_modules/esbuild/lib/main.js:254:13)
at flagsForBuildOptions (/home/runner/work/alpine/alpine/node_modules/esbuild/lib/main.js:427:3)
at buildOrContextContinue (/home/runner/work/alpine/alpine/node_modules/esbuild/lib/main.js:914:9)
at buildOrContextImpl (/home/runner/work/alpine/alpine/node_modules/esbuild/lib/main.js:898:5)
at Object.buildOrContext (/home/runner/work/alpine/alpine/node_modules/esbuild/lib/main.js:700:5)
at /home/runner/work/alpine/alpine/node_modules/esbuild/lib/main.js:2030:15
at new Promise (<anonymous>)
at Object.build (/home/runner/work/alpine/alpine/node_modules/esbuild/lib/main.js:2029:25)
at Object.build (/home/runner/work/alpine/alpine/node_modules/esbuild/lib/main.js:1880:51)
at build (/home/runner/work/alpine/alpine/scripts/build.js:91:31)
2025-02-11T00:37:17.2176492Z
âœ˜ [ERROR] Invalid option in build() call: "watch"
2025-02-11T00:37:17.2177346Z
/home/runner/work/alpine/alpine/node_modules/esbuild/lib/main.js:254:12:
254 â”‚       throw new Error(`Invalid option ${where}: ${quote(key)}`);
â•µ             ^
2025-02-11T00:37:17.2180105Z
at checkForInvalidFlags (/home/runner/work/alpine/alpine/node_modules/esbuild/lib/main.js:254:13)
at flagsForBuildOptions (/home/runner/work/alpine/alpine/node_modules/esbuild/lib/main.js:427:3)
at buildOrContextContinue (/home/runner/work/alpine/alpine/node_modules/esbuild/lib/main.js:914:9)
at buildOrContextImpl (/home/runner/work/alpine/alpine/node_modules/esbuild/lib/main.js:898:5)
at Object.buildOrContext (/home/runner/work/alpine/alpine/node_modules/esbuild/lib/main.js:700:5)
at /home/runner/work/alpine/alpine/node_modules/esbuild/lib/main.js:2030:15
at new Promise (<anonymous>)
at Object.build (/home/runner/work/alpine/alpine/node_modules/esbuild/lib/main.js:2029:25)
at Object.build (/home/runner/work/alpine/alpine/node_modules/esbuild/lib/main.js:1880:51)
at build (/home/runner/work/alpine/alpine/scripts/build.js:91:31)
2025-02-11T00:37:17.2192028Z
âœ˜ [ERROR] Invalid option in build() call: "watch"
2025-02-11T00:37:17.2192873Z
/home/runner/work/alpine/alpine/node_modules/esbuild/lib/main.js:254:12:
254 â”‚       throw new Error(`Invalid option ${where}: ${quote(key)}`);
â•µ             ^
2025-02-11T00:37:17.2195092Z
at checkForInvalidFlags (/home/runner/work/alpine/alpine/node_modules/esbuild/lib/main.js:254:13)
at flagsForBuildOptions (/home/runner/work/alpine/alpine/node_modules/esbuild/lib/main.js:427:3)
at buildOrContextContinue (/home/runner/work/alpine/alpine/node_modules/esbuild/lib/main.js:914:9)
at buildOrContextImpl (/home/runner/work/alpine/alpine/node_modules/esbuild/lib/main.js:898:5)
at Object.buildOrContext (/home/runner/work/alpine/alpine/node_modules/esbuild/lib/main.js:700:5)
at /home/runner/work/alpine/alpine/node_modules/esbuild/lib/main.js:2030:15
at new Promise (<anonymous>)
at Object.build (/home/runner/work/alpine/alpine/node_modules/esbuild/lib/main.js:2029:25)
at Object.build (/home/runner/work/alpine/alpine/node_modules/esbuild/lib/main.js:1880:51)
at build (/home/runner/work/alpine/alpine/scripts/build.js:91:31)
2025-02-11T00:37:17.2206765Z
âœ˜ [ERROR] Invalid option in build() call: "watch"
2025-02-11T00:37:17.2207596Z
/home/runner/work/alpine/alpine/node_modules/esbuild/lib/main.js:254:12:
254 â”‚       throw new Error(`Invalid option ${where}: ${quote(key)}`);
â•µ             ^
2025-02-11T00:37:17.2210107Z
at checkForInvalidFlags (/home/runner/work/alpine/alpine/node_modules/esbuild/lib/main.js:254:13)
at flagsForBuildOptions (/home/runner/work/alpine/alpine/node_modules/esbuild/lib/main.js:427:3)
at buildOrContextContinue (/home/runner/work/alpine/alpine/node_modules/esbuild/lib/main.js:914:9)
at buildOrContextImpl (/home/runner/work/alpine/alpine/node_modules/esbuild/lib/main.js:898:5)
at Object.buildOrContext (/home/runner/work/alpine/alpine/node_modules/esbuild/lib/main.js:700:5)
at /home/runner/work/alpine/alpine/node_modules/esbuild/lib/main.js:2030:15
at new Promise (<anonymous>)
at Object.build (/home/runner/work/alpine/alpine/node_modules/esbuild/lib/main.js:2029:25)
at Object.build (/home/runner/work/alpine/alpine/node_modules/esbuild/lib/main.js:1880:51)
at build (/home/runner/work/alpine/alpine/scripts/build.js:91:31)
2025-02-11T00:37:17.2222119Z
âœ˜ [ERROR] Invalid option in build() call: "watch"
2025-02-11T00:37:17.2222933Z
/home/runner/work/alpine/alpine/node_modules/esbuild/lib/main.js:254:12:
254 â”‚       throw new Error(`Invalid option ${where}: ${quote(key)}`);
â•µ             ^
2025-02-11T00:37:17.2225419Z
at checkForInvalidFlags (/home/runner/work/alpine/alpine/node_modules/esbuild/lib/main.js:254:13)
at flagsForBuildOptions (/home/runner/work/alpine/alpine/node_modules/esbuild/lib/main.js:427:3)
at buildOrContextContinue (/home/runner/work/alpine/alpine/node_modules/esbuild/lib/main.js:914:9)
at buildOrContextImpl (/home/runner/work/alpine/alpine/node_modules/esbuild/lib/main.js:898:5)
at Object.buildOrContext (/home/runner/work/alpine/alpine/node_modules/esbuild/lib/main.js:700:5)
at /home/runner/work/alpine/alpine/node_modules/esbuild/lib/main.js:2030:15
at new Promise (<anonymous>)
at Object.build (/home/runner/work/alpine/alpine/node_modules/esbuild/lib/main.js:2029:25)
at Object.build (/home/runner/work/alpine/alpine/node_modules/esbuild/lib/main.js:1880:51)
at build (/home/runner/work/alpine/alpine/scripts/build.js:91:31)
2025-02-11T00:37:17.2236724Z
âœ˜ [ERROR] Invalid option in build() call: "watch"
2025-02-11T00:37:17.2237922Z
/home/runner/work/alpine/alpine/node_modules/esbuild/lib/main.js:254:12:
254 â”‚       throw new Error(`Invalid option ${where}: ${quote(key)}`);
â•µ             ^
2025-02-11T00:37:17.2240538Z
at checkForInvalidFlags (/home/runner/work/alpine/alpine/node_modules/esbuild/lib/main.js:254:13)
at flagsForBuildOptions (/home/runner/work/alpine/alpine/node_modules/esbuild/lib/main.js:427:3)
at buildOrContextContinue (/home/runner/work/alpine/alpine/node_modules/esbuild/lib/main.js:914:9)
at buildOrContextImpl (/home/runner/work/alpine/alpine/node_modules/esbuild/lib/main.js:898:5)
at Object.buildOrContext (/home/runner/work/alpine/alpine/node_modules/esbuild/lib/main.js:700:5)
at /home/runner/work/alpine/alpine/node_modules/esbuild/lib/main.js:2030:15
at new Promise (<anonymous>)
at Object.build (/home/runner/work/alpine/alpine/node_modules/esbuild/lib/main.js:2029:25)
at Object.build (/home/runner/work/alpine/alpine/node_modules/esbuild/lib/main.js:1880:51)
at build (/home/runner/work/alpine/alpine/scripts/build.js:91:31)
2025-02-11T00:37:17.2251872Z
âœ˜ [ERROR] Invalid option in build() call: "watch"
2025-02-11T00:37:17.2252794Z
/home/runner/work/alpine/alpine/node_modules/esbuild/lib/main.js:254:12:
254 â”‚       throw new Error(`Invalid option ${where}: ${quote(key)}`);
â•µ             ^
2025-02-11T00:37:17.2255021Z
at checkForInvalidFlags (/home/runner/work/alpine/alpine/node_modules/esbuild/lib/main.js:254:13)
at flagsForBuildOptions (/home/runner/work/alpine/alpine/node_modules/esbuild/lib/main.js:427:3)
at buildOrContextContinue (/home/runner/work/alpine/alpine/node_modules/esbuild/lib/main.js:914:9)
at buildOrContextImpl (/home/runner/work/alpine/alpine/node_modules/esbuild/lib/main.js:898:5)
at Object.buildOrContext (/home/runner/work/alpine/alpine/node_modules/esbuild/lib/main.js:700:5)
at /home/runner/work/alpine/alpine/node_modules/esbuild/lib/main.js:2030:15
at new Promise (<anonymous>)
at Object.build (/home/runner/work/alpine/alpine/node_modules/esbuild/lib/main.js:2029:25)
at Object.build (/home/runner/work/alpine/alpine/node_modules/esbuild/lib/main.js:1880:51)
at build (/home/runner/work/alpine/alpine/scripts/build.js:91:31)
2025-02-11T00:37:17.2266938Z
âœ˜ [ERROR] Invalid option in build() call: "watch"
2025-02-11T00:37:17.2267850Z
/home/runner/work/alpine/alpine/node_modules/esbuild/lib/main.js:254:12:
254 â”‚       throw new Error(`Invalid option ${where}: ${quote(key)}`);
â•µ             ^
2025-02-11T00:37:17.2270529Z
at checkForInvalidFlags (/home/runner/work/alpine/alpine/node_modules/esbuild/lib/main.js:254:13)
at flagsForBuildOptions (/home/runner/work/alpine/alpine/node_modules/esbuild/lib/main.js:427:3)
at buildOrContextContinue (/home/runner/work/alpine/alpine/node_modules/esbuild/lib/main.js:914:9)
at buildOrContextImpl (/home/runner/work/alpine/alpine/node_modules/esbuild/lib/main.js:898:5)
at Object.buildOrContext (/home/runner/work/alpine/alpine/node_modules/esbuild/lib/main.js:700:5)
at /home/runner/work/alpine/alpine/node_modules/esbuild/lib/main.js:2030:15
at new Promise (<anonymous>)
at Object.build (/home/runner/work/alpine/alpine/node_modules/esbuild/lib/main.js:2029:25)
at Object.build (/home/runner/work/alpine/alpine/node_modules/esbuild/lib/main.js:1880:51)
at build (/home/runner/work/alpine/alpine/scripts/build.js:91:31)
2025-02-11T00:37:17.2282048Z
âœ˜ [ERROR] Invalid option in build() call: "watch"
2025-02-11T00:37:17.2282964Z
/home/runner/work/alpine/alpine/node_modules/esbuild/lib/main.js:254:12:
254 â”‚       throw new Error(`Invalid option ${where}: ${quote(key)}`);
â•µ             ^
2025-02-11T00:37:17.2285514Z
at checkForInvalidFlags (/home/runner/work/alpine/alpine/node_modules/esbuild/lib/main.js:254:13)
at flagsForBuildOptions (/home/runner/work/alpine/alpine/node_modules/esbuild/lib/main.js:427:3)
at buildOrContextContinue (/home/runner/work/alpine/alpine/node_modules/esbuild/lib/main.js:914:9)
at buildOrContextImpl (/home/runner/work/alpine/alpine/node_modules/esbuild/lib/main.js:898:5)
at Object.buildOrContext (/home/runner/work/alpine/alpine/node_modules/esbuild/lib/main.js:700:5)
at /home/runner/work/alpine/alpine/node_modules/esbuild/lib/main.js:2030:15
at new Promise (<anonymous>)
at Object.build (/home/runner/work/alpine/alpine/node_modules/esbuild/lib/main.js:2029:25)
at Object.build (/home/runner/work/alpine/alpine/node_modules/esbuild/lib/main.js:1880:51)
at build (/home/runner/work/alpine/alpine/scripts/build.js:91:31)
2025-02-11T00:37:17.2297813Z
âœ˜ [ERROR] Invalid option in build() call: "watch"
2025-02-11T00:37:17.2298739Z
/home/runner/work/alpine/alpine/node_modules/esbuild/lib/main.js:254:12:
254 â”‚       throw new Error(`Invalid option ${where}: ${quote(key)}`);
â•µ             ^
2025-02-11T00:37:17.2301549Z
at checkForInvalidFlags (/home/runner/work/alpine/alpine/node_modules/esbuild/lib/main.js:254:13)
at flagsForBuildOptions (/home/runner/work/alpine/alpine/node_modules/esbuild/lib/main.js:427:3)
at buildOrContextContinue (/home/runner/work/alpine/alpine/node_modules/esbuild/lib/main.js:914:9)
at buildOrContextImpl (/home/runner/work/alpine/alpine/node_modules/esbuild/lib/main.js:898:5)
at Object.buildOrContext (/home/runner/work/alpine/alpine/node_modules/esbuild/lib/main.js:700:5)
at /home/runner/work/alpine/alpine/node_modules/esbuild/lib/main.js:2030:15
at new Promise (<anonymous>)
at Object.build (/home/runner/work/alpine/alpine/node_modules/esbuild/lib/main.js:2029:25)
at Object.build (/home/runner/work/alpine/alpine/node_modules/esbuild/lib/main.js:1880:51)
at build (/home/runner/work/alpine/alpine/scripts/build.js:91:31)
2025-02-11T00:37:17.2311856Z
âœ˜ [ERROR] Invalid option in build() call: "watch"
2025-02-11T00:37:17.2312675Z
/home/runner/work/alpine/alpine/node_modules/esbuild/lib/main.js:254:12:
254 â”‚       throw new Error(`Invalid option ${where}: ${quote(key)}`);
â•µ             ^
2025-02-11T00:37:17.2314738Z
at checkForInvalidFlags (/home/runner/work/alpine/alpine/node_modules/esbuild/lib/main.js:254:13)
at flagsForBuildOptions (/home/runner/work/alpine/alpine/node_modules/esbuild/lib/main.js:427:3)
at buildOrContextContinue (/home/runner/work/alpine/alpine/node_modules/esbuild/lib/main.js:914:9)
at buildOrContextImpl (/home/runner/work/alpine/alpine/node_modules/esbuild/lib/main.js:898:5)
at Object.buildOrContext (/home/runner/work/alpine/alpine/node_modules/esbuild/lib/main.js:700:5)
at /home/runner/work/alpine/alpine/node_modules/esbuild/lib/main.js:2030:15
at new Promise (<anonymous>)
at Object.build (/home/runner/work/alpine/alpine/node_modules/esbuild/lib/main.js:2029:25)
at Object.build (/home/runner/work/alpine/alpine/node_modules/esbuild/lib/main.js:1880:51)
at build (/home/runner/work/alpine/alpine/scripts/build.js:91:31)
2025-02-11T00:37:17.2321769Z
âœ˜ [ERROR] Invalid option in build() call: "watch"
2025-02-11T00:37:17.2322263Z
/home/runner/work/alpine/alpine/node_modules/esbuild/lib/main.js:254:12:
254 â”‚       throw new Error(`Invalid option ${where}: ${quote(key)}`);
â•µ             ^
2025-02-11T00:37:17.2323571Z
at checkForInvalidFlags (/home/runner/work/alpine/alpine/node_modules/esbuild/lib/main.js:254:13)
at flagsForBuildOptions (/home/runner/work/alpine/alpine/node_modules/esbuild/lib/main.js:427:3)
at buildOrContextContinue (/home/runner/work/alpine/alpine/node_modules/esbuild/lib/main.js:914:9)
at buildOrContextImpl (/home/runner/work/alpine/alpine/node_modules/esbuild/lib/main.js:898:5)
at Object.buildOrContext (/home/runner/work/alpine/alpine/node_modules/esbuild/lib/main.js:700:5)
at /home/runner/work/alpine/alpine/node_modules/esbuild/lib/main.js:2030:15
at new Promise (<anonymous>)
at Object.build (/home/runner/work/alpine/alpine/node_modules/esbuild/lib/main.js:2029:25)
at Object.build (/home/runner/work/alpine/alpine/node_modules/esbuild/lib/main.js:1880:51)
at build (/home/runner/work/alpine/alpine/scripts/build.js:91:31)
2025-02-11T00:37:17.2330316Z
âœ˜ [ERROR] Invalid option in build() call: "watch"
2025-02-11T00:37:17.2330787Z
/home/runner/work/alpine/alpine/node_modules/esbuild/lib/main.js:254:12:
254 â”‚       throw new Error(`Invalid option ${where}: ${quote(key)}`);
â•µ             ^
2025-02-11T00:37:17.2332090Z
at checkForInvalidFlags (/home/runner/work/alpine/alpine/node_modules/esbuild/lib/main.js:254:13)
at flagsForBuildOptions (/home/runner/work/alpine/alpine/node_modules/esbuild/lib/main.js:427:3)
at buildOrContextContinue (/home/runner/work/alpine/alpine/node_modules/esbuild/lib/main.js:914:9)
at buildOrContextImpl (/home/runner/work/alpine/alpine/node_modules/esbuild/lib/main.js:898:5)
at Object.buildOrContext (/home/runner/work/alpine/alpine/node_modules/esbuild/lib/main.js:700:5)
at /home/runner/work/alpine/alpine/node_modules/esbuild/lib/main.js:2030:15
at new Promise (<anonymous>)
at Object.build (/home/runner/work/alpine/alpine/node_modules/esbuild/lib/main.js:2029:25)
at Object.build (/home/runner/work/alpine/alpine/node_modules/esbuild/lib/main.js:1880:51)
at build (/home/runner/work/alpine/alpine/scripts/build.js:91:31)
2025-02-11T00:37:17.2338343Z
âœ˜ [ERROR] Invalid option in build() call: "watch"
2025-02-11T00:37:17.2338785Z
/home/runner/work/alpine/alpine/node_modules/esbuild/lib/main.js:254:12:
254 â”‚       throw new Error(`Invalid option ${where}: ${quote(key)}`);
â•µ             ^
2025-02-11T00:37:17.2340298Z
at checkForInvalidFlags (/home/runner/work/alpine/alpine/node_modules/esbuild/lib/main.js:254:13)
at flagsForBuildOptions (/home/runner/work/alpine/alpine/node_modules/esbuild/lib/main.js:427:3)
at buildOrContextContinue (/home/runner/work/alpine/alpine/node_modules/esbuild/lib/main.js:914:9)
at buildOrContextImpl (/home/runner/work/alpine/alpine/node_modules/esbuild/lib/main.js:898:5)
at Object.buildOrContext (/home/runner/work/alpine/alpine/node_modules/esbuild/lib/main.js:700:5)
at /home/runner/work/alpine/alpine/node_modules/esbuild/lib/main.js:2030:15
at new Promise (<anonymous>)
at Object.build (/home/runner/work/alpine/alpine/node_modules/esbuild/lib/main.js:2029:25)
at Object.build (/home/runner/work/alpine/alpine/node_modules/esbuild/lib/main.js:1880:51)
at build (/home/runner/work/alpine/alpine/scripts/build.js:91:31)
2025-02-11T00:37:17.2347988Z
âœ˜ [ERROR] Invalid option in build() call: "watch"
2025-02-11T00:37:17.2349419Z
/home/runner/work/alpine/alpine/node_modules/esbuild/lib/main.js:254:12:
254 â”‚       throw new Error(`Invalid option ${where}: ${quote(key)}`);
â•µ             ^
2025-02-11T00:37:17.2351870Z
at checkForInvalidFlags (/home/runner/work/alpine/alpine/node_modules/esbuild/lib/main.js:254:13)
at flagsForBuildOptions (/home/runner/work/alpine/alpine/node_modules/esbuild/lib/main.js:427:3)
at buildOrContextContinue (/home/runner/work/alpine/alpine/node_modules/esbuild/lib/main.js:914:9)
at buildOrContextImpl (/home/runner/work/alpine/alpine/node_modules/esbuild/lib/main.js:898:5)
at Object.buildOrContext (/home/runner/work/alpine/alpine/node_modules/esbuild/lib/main.js:700:5)
at /home/runner/work/alpine/alpine/node_modules/esbuild/lib/main.js:2030:15
at new Promise (<anonymous>)
at Object.build (/home/runner/work/alpine/alpine/node_modules/esbuild/lib/main.js:2029:25)
at Object.build (/home/runner/work/alpine/alpine/node_modules/esbuild/lib/main.js:1880:51)
at build (/home/runner/work/alpine/alpine/scripts/build.js:91:31)
2025-02-11T00:37:17.2363730Z
âœ˜ [ERROR] Invalid option in build() call: "watch"
2025-02-11T00:37:17.2364344Z
/home/runner/work/alpine/alpine/node_modules/esbuild/lib/main.js:254:12:
254 â”‚       throw new Error(`Invalid option ${where}: ${quote(key)}`);
â•µ             ^
2025-02-11T00:37:17.2366247Z
at checkForInvalidFlags (/home/runner/work/alpine/alpine/node_modules/esbuild/lib/main.js:254:13)
at flagsForBuildOptions (/home/runner/work/alpine/alpine/node_modules/esbuild/lib/main.js:427:3)
at buildOrContextContinue (/home/runner/work/alpine/alpine/node_modules/esbuild/lib/main.js:914:9)
at buildOrContextImpl (/home/runner/work/alpine/alpine/node_modules/esbuild/lib/main.js:898:5)
at Object.buildOrContext (/home/runner/work/alpine/alpine/node_modules/esbuild/lib/main.js:700:5)
at /home/runner/work/alpine/alpine/node_modules/esbuild/lib/main.js:2030:15
at new Promise (<anonymous>)
at Object.build (/home/runner/work/alpine/alpine/node_modules/esbuild/lib/main.js:2029:25)
at Object.build (/home/runner/work/alpine/alpine/node_modules/esbuild/lib/main.js:1880:51)
at build (/home/runner/work/alpine/alpine/scripts/build.js:91:31)
2025-02-11T00:37:17.2377916Z
âœ˜ [ERROR] Invalid option in build() call: "watch"
2025-02-11T00:37:17.2378831Z
/home/runner/work/alpine/alpine/node_modules/esbuild/lib/main.js:254:12:
254 â”‚       throw new Error(`Invalid option ${where}: ${quote(key)}`);
â•µ             ^
2025-02-11T00:37:17.2381546Z
at checkForInvalidFlags (/home/runner/work/alpine/alpine/node_modules/esbuild/lib/main.js:254:13)
at flagsForBuildOptions (/home/runner/work/alpine/alpine/node_modules/esbuild/lib/main.js:427:3)
at buildOrContextContinue (/home/runner/work/alpine/alpine/node_modules/esbuild/lib/main.js:914:9)
at buildOrContextImpl (/home/runner/work/alpine/alpine/node_modules/esbuild/lib/main.js:898:5)
at Object.buildOrContext (/home/runner/work/alpine/alpine/node_modules/esbuild/lib/main.js:700:5)
at /home/runner/work/alpine/alpine/node_modules/esbuild/lib/main.js:2030:15
at new Promise (<anonymous>)
at Object.build (/home/runner/work/alpine/alpine/node_modules/esbuild/lib/main.js:2029:25)
at Object.build (/home/runner/work/alpine/alpine/node_modules/esbuild/lib/main.js:1880:51)
at build (/home/runner/work/alpine/alpine/scripts/build.js:91:31)
2025-02-11T00:37:17.2393891Z
âœ˜ [ERROR] Invalid option in build() call: "watch"
2025-02-11T00:37:17.2394823Z
/home/runner/work/alpine/alpine/node_modules/esbuild/lib/main.js:254:12:
254 â”‚       throw new Error(`Invalid option ${where}: ${quote(key)}`);
â•µ             ^
2025-02-11T00:37:17.2397361Z
at checkForInvalidFlags (/home/runner/work/alpine/alpine/node_modules/esbuild/lib/main.js:254:13)
at flagsForBuildOptions (/home/runner/work/alpine/alpine/node_modules/esbuild/lib/main.js:427:3)
at buildOrContextContinue (/home/runner/work/alpine/alpine/node_modules/esbuild/lib/main.js:914:9)
at buildOrContextImpl (/home/runner/work/alpine/alpine/node_modules/esbuild/lib/main.js:898:5)
at Object.buildOrContext (/home/runner/work/alpine/alpine/node_modules/esbuild/lib/main.js:700:5)
at /home/runner/work/alpine/alpine/node_modules/esbuild/lib/main.js:2030:15
at new Promise (<anonymous>)
at Object.build (/home/runner/work/alpine/alpine/node_modules/esbuild/lib/main.js:2029:25)
at Object.build (/home/runner/work/alpine/alpine/node_modules/esbuild/lib/main.js:1880:51)
at build (/home/runner/work/alpine/alpine/scripts/build.js:91:31)
2025-02-11T00:37:17.2407684Z
âœ˜ [ERROR] Invalid option in build() call: "watch"
2025-02-11T00:37:17.2408467Z
/home/runner/work/alpine/alpine/node_modules/esbuild/lib/main.js:254:12:
254 â”‚       throw new Error(`Invalid option ${where}: ${quote(key)}`);
â•µ             ^
2025-02-11T00:37:17.2410772Z
at checkForInvalidFlags (/home/runner/work/alpine/alpine/node_modules/esbuild/lib/main.js:254:13)
at flagsForBuildOptions (/home/runner/work/alpine/alpine/node_modules/esbuild/lib/main.js:427:3)
at buildOrContextContinue (/home/runner/work/alpine/alpine/node_modules/esbuild/lib/main.js:914:9)
at buildOrContextImpl (/home/runner/work/alpine/alpine/node_modules/esbuild/lib/main.js:898:5)
at Object.buildOrContext (/home/runner/work/alpine/alpine/node_modules/esbuild/lib/main.js:700:5)
at /home/runner/work/alpine/alpine/node_modules/esbuild/lib/main.js:2030:15
at new Promise (<anonymous>)
at Object.build (/home/runner/work/alpine/alpine/node_modules/esbuild/lib/main.js:2029:25)
at Object.build (/home/runner/work/alpine/alpine/node_modules/esbuild/lib/main.js:1880:51)
at build (/home/runner/work/alpine/alpine/scripts/build.js:91:31)
2025-02-11T00:37:17.2417541Z
âœ˜ [ERROR] Invalid option in build() call: "watch"
2025-02-11T00:37:17.2418232Z
/home/runner/work/alpine/alpine/node_modules/esbuild/lib/main.js:254:12:
254 â”‚       throw new Error(`Invalid option ${where}: ${quote(key)}`);
â•µ             ^
2025-02-11T00:37:17.2419941Z
at checkForInvalidFlags (/home/runner/work/alpine/alpine/node_modules/esbuild/lib/main.js:254:13)
at flagsForBuildOptions (/home/runner/work/alpine/alpine/node_modules/esbuild/lib/main.js:427:3)
at buildOrContextContinue (/home/runner/work/alpine/alpine/node_modules/esbuild/lib/main.js:914:9)
at buildOrContextImpl (/home/runner/work/alpine/alpine/node_modules/esbuild/lib/main.js:898:5)
at Object.buildOrContext (/home/runner/work/alpine/alpine/node_modules/esbuild/lib/main.js:700:5)
at /home/runner/work/alpine/alpine/node_modules/esbuild/lib/main.js:2030:15
at new Promise (<anonymous>)
at Object.build (/home/runner/work/alpine/alpine/node_modules/esbuild/lib/main.js:2029:25)
at Object.build (/home/runner/work/alpine/alpine/node_modules/esbuild/lib/main.js:1880:51)
at build (/home/runner/work/alpine/alpine/scripts/build.js:91:31)
2025-02-11T00:37:17.2426144Z
âœ˜ [ERROR] Invalid option in build() call: "watch"
2025-02-11T00:37:17.2426597Z
/home/runner/work/alpine/alpine/node_modules/esbuild/lib/main.js:254:12:
254 â”‚       throw new Error(`Invalid option ${where}: ${quote(key)}`);
â•µ             ^
2025-02-11T00:37:17.2427921Z
at checkForInvalidFlags (/home/runner/work/alpine/alpine/node_modules/esbuild/lib/main.js:254:13)
at flagsForBuildOptions (/home/runner/work/alpine/alpine/node_modules/esbuild/lib/main.js:427:3)
at buildOrContextContinue (/home/runner/work/alpine/alpine/node_modules/esbuild/lib/main.js:914:9)
at buildOrContextImpl (/home/runner/work/alpine/alpine/node_modules/esbuild/lib/main.js:898:5)
at Object.buildOrContext (/home/runner/work/alpine/alpine/node_modules/esbuild/lib/main.js:700:5)
at /home/runner/work/alpine/alpine/node_modules/esbuild/lib/main.js:2030:15
at new Promise (<anonymous>)
at Object.build (/home/runner/work/alpine/alpine/node_modules/esbuild/lib/main.js:2029:25)
at Object.build (/home/runner/work/alpine/alpine/node_modules/esbuild/lib/main.js:1880:51)
at build (/home/runner/work/alpine/alpine/scripts/build.js:91:31)
2025-02-11T00:37:17.2434445Z
âœ˜ [ERROR] Invalid option in build() call: "watch"
2025-02-11T00:37:17.2434899Z
/home/runner/work/alpine/alpine/node_modules/esbuild/lib/main.js:254:12:
254 â”‚       throw new Error(`Invalid option ${where}: ${quote(key)}`);
â•µ             ^
2025-02-11T00:37:17.2436196Z
at checkForInvalidFlags (/home/runner/work/alpine/alpine/node_modules/esbuild/lib/main.js:254:13)
at flagsForBuildOptions (/home/runner/work/alpine/alpine/node_modules/esbuild/lib/main.js:427:3)
at buildOrContextContinue (/home/runner/work/alpine/alpine/node_modules/esbuild/lib/main.js:914:9)
at buildOrContextImpl (/home/runner/work/alpine/alpine/node_modules/esbuild/lib/main.js:898:5)
at Object.buildOrContext (/home/runner/work/alpine/alpine/node_modules/esbuild/lib/main.js:700:5)
at /home/runner/work/alpine/alpine/node_modules/esbuild/lib/main.js:2030:15
at new Promise (<anonymous>)
at Object.build (/home/runner/work/alpine/alpine/node_modules/esbuild/lib/main.js:2029:25)
at Object.build (/home/runner/work/alpine/alpine/node_modules/esbuild/lib/main.js:1880:51)
at build (/home/runner/work/alpine/alpine/scripts/build.js:91:31)
2025-02-11T00:37:17.2442978Z
âœ˜ [ERROR] Invalid option in build() call: "watch"
2025-02-11T00:37:17.2443439Z
/home/runner/work/alpine/alpine/node_modules/esbuild/lib/main.js:254:12:
254 â”‚       throw new Error(`Invalid option ${where}: ${quote(key)}`);
â•µ             ^
2025-02-11T00:37:17.2444740Z
at checkForInvalidFlags (/home/runner/work/alpine/alpine/node_modules/esbuild/lib/main.js:254:13)
at flagsForBuildOptions (/home/runner/work/alpine/alpine/node_modules/esbuild/lib/main.js:427:3)
at buildOrContextContinue (/home/runner/work/alpine/alpine/node_modules/esbuild/lib/main.js:914:9)
at buildOrContextImpl (/home/runner/work/alpine/alpine/node_modules/esbuild/lib/main.js:898:5)
at Object.buildOrContext (/home/runner/work/alpine/alpine/node_modules/esbuild/lib/main.js:700:5)
at /home/runner/work/alpine/alpine/node_modules/esbuild/lib/main.js:2030:15
at new Promise (<anonymous>)
at Object.build (/home/runner/work/alpine/alpine/node_modules/esbuild/lib/main.js:2029:25)
at Object.build (/home/runner/work/alpine/alpine/node_modules/esbuild/lib/main.js:1880:51)
at build (/home/runner/work/alpine/alpine/scripts/build.js:91:31)
2025-02-11T00:37:17.2451202Z
âœ˜ [ERROR] Invalid option in build() call: "watch"
2025-02-11T00:37:17.2451661Z
/home/runner/work/alpine/alpine/node_modules/esbuild/lib/main.js:254:12:
254 â”‚       throw new Error(`Invalid option ${where}: ${quote(key)}`);
â•µ             ^
2025-02-11T00:37:17.2453271Z
at checkForInvalidFlags (/home/runner/work/alpine/alpine/node_modules/esbuild/lib/main.js:254:13)
at flagsForBuildOptions (/home/runner/work/alpine/alpine/node_modules/esbuild/lib/main.js:427:3)
at buildOrContextContinue (/home/runner/work/alpine/alpine/node_modules/esbuild/lib/main.js:914:9)
at buildOrContextImpl (/home/runner/work/alpine/alpine/node_modules/esbuild/lib/main.js:898:5)
at Object.buildOrContext (/home/runner/work/alpine/alpine/node_modules/esbuild/lib/main.js:700:5)
at /home/runner/work/alpine/alpine/node_modules/esbuild/lib/main.js:2030:15
at new Promise (<anonymous>)
at Object.build (/home/runner/work/alpine/alpine/node_modules/esbuild/lib/main.js:2029:25)
at Object.build (/home/runner/work/alpine/alpine/node_modules/esbuild/lib/main.js:1880:51)
at build (/home/runner/work/alpine/alpine/scripts/build.js:91:31)
2025-02-11T00:37:17.2462375Z
âœ˜ [ERROR] Invalid option in build() call: "watch"
2025-02-11T00:37:17.2462893Z
/home/runner/work/alpine/alpine/node_modules/esbuild/lib/main.js:254:12:
254 â”‚       throw new Error(`Invalid option ${where}: ${quote(key)}`);
â•µ             ^
2025-02-11T00:37:17.2464404Z
at checkForInvalidFlags (/home/runner/work/alpine/alpine/node_modules/esbuild/lib/main.js:254:13)
at flagsForBuildOptions (/home/runner/work/alpine/alpine/node_modules/esbuild/lib/main.js:427:3)
at buildOrContextContinue (/home/runner/work/alpine/alpine/node_modules/esbuild/lib/main.js:914:9)
at buildOrContextImpl (/home/runner/work/alpine/alpine/node_modules/esbuild/lib/main.js:898:5)
at Object.buildOrContext (/home/runner/work/alpine/alpine/node_modules/esbuild/lib/main.js:700:5)
at /home/runner/work/alpine/alpine/node_modules/esbuild/lib/main.js:2030:15
at new Promise (<anonymous>)
at Object.build (/home/runner/work/alpine/alpine/node_modules/esbuild/lib/main.js:2029:25)
at Object.build (/home/runner/work/alpine/alpine/node_modules/esbuild/lib/main.js:1880:51)
at build (/home/runner/work/alpine/alpine/scripts/build.js:91:31)
2025-02-11T00:37:17.2471235Z
âœ˜ [ERROR] Invalid option in build() call: "watch"
2025-02-11T00:37:17.2471828Z
/home/runner/work/alpine/alpine/node_modules/esbuild/lib/main.js:254:12:
254 â”‚       throw new Error(`Invalid option ${where}: ${quote(key)}`);
â•µ             ^
2025-02-11T00:37:17.2473110Z
at checkForInvalidFlags (/home/runner/work/alpine/alpine/node_modules/esbuild/lib/main.js:254:13)
at flagsForBuildOptions (/home/runner/work/alpine/alpine/node_modules/esbuild/lib/main.js:427:3)
at buildOrContextContinue (/home/runner/work/alpine/alpine/node_modules/esbuild/lib/main.js:914:9)
at buildOrContextImpl (/home/runner/work/alpine/alpine/node_modules/esbuild/lib/main.js:898:5)
at Object.buildOrContext (/home/runner/work/alpine/alpine/node_modules/esbuild/lib/main.js:700:5)
at /home/runner/work/alpine/alpine/node_modules/esbuild/lib/main.js:2030:15
at new Promise (<anonymous>)
at Object.build (/home/runner/work/alpine/alpine/node_modules/esbuild/lib/main.js:2029:25)
at Object.build (/home/runner/work/alpine/alpine/node_modules/esbuild/lib/main.js:1880:51)
at build (/home/runner/work/alpine/alpine/scripts/build.js:91:31)
2025-02-11T00:37:17.2479522Z
âœ˜ [ERROR] Invalid option in build() call: "watch"
2025-02-11T00:37:17.2479976Z
/home/runner/work/alpine/alpine/node_modules/esbuild/lib/main.js:254:12:
254 â”‚       throw new Error(`Invalid option ${where}: ${quote(key)}`);
â•µ             ^
2025-02-11T00:37:17.2481252Z
at checkForInvalidFlags (/home/runner/work/alpine/alpine/node_modules/esbuild/lib/main.js:254:13)
at flagsForBuildOptions (/home/runner/work/alpine/alpine/node_modules/esbuild/lib/main.js:427:3)
at buildOrContextContinue (/home/runner/work/alpine/alpine/node_modules/esbuild/lib/main.js:914:9)
at buildOrContextImpl (/home/runner/work/alpine/alpine/node_modules/esbuild/lib/main.js:898:5)
at Object.buildOrContext (/home/runner/work/alpine/alpine/node_modules/esbuild/lib/main.js:700:5)
at /home/runner/work/alpine/alpine/node_modules/esbuild/lib/main.js:2030:15
at new Promise (<anonymous>)
at Object.build (/home/runner/work/alpine/alpine/node_modules/esbuild/lib/main.js:2029:25)
at Object.build (/home/runner/work/alpine/alpine/node_modules/esbuild/lib/main.js:1880:51)
at build (/home/runner/work/alpine/alpine/scripts/build.js:91:31)
2025-02-11T00:37:17.2487712Z
âœ˜ [ERROR] Invalid option in build() call: "watch"
2025-02-11T00:37:17.2488159Z
/home/runner/work/alpine/alpine/node_modules/esbuild/lib/main.js:254:12:
254 â”‚       throw new Error(`Invalid option ${where}: ${quote(key)}`);
â•µ             ^
2025-02-11T00:37:17.2489704Z
at checkForInvalidFlags (/home/runner/work/alpine/alpine/node_modules/esbuild/lib/main.js:254:13)
at flagsForBuildOptions (/home/runner/work/alpine/alpine/node_modules/esbuild/lib/main.js:427:3)
at buildOrContextContinue (/home/runner/work/alpine/alpine/node_modules/esbuild/lib/main.js:914:9)
at buildOrContextImpl (/home/runner/work/alpine/alpine/node_modules/esbuild/lib/main.js:898:5)
at Object.buildOrContext (/home/runner/work/alpine/alpine/node_modules/esbuild/lib/main.js:700:5)
at /home/runner/work/alpine/alpine/node_modules/esbuild/lib/main.js:2030:15
at new Promise (<anonymous>)
at Object.build (/home/runner/work/alpine/alpine/node_modules/esbuild/lib/main.js:2029:25)
at Object.build (/home/runner/work/alpine/alpine/node_modules/esbuild/lib/main.js:1880:51)
at build (/home/runner/work/alpine/alpine/scripts/build.js:91:31)
2025-02-11T00:37:17.2496006Z
âœ˜ [ERROR] Invalid option in build() call: "watch"
2025-02-11T00:37:17.2496451Z
/home/runner/work/alpine/alpine/node_modules/esbuild/lib/main.js:254:12:
254 â”‚       throw new Error(`Invalid option ${where}: ${quote(key)}`);
â•µ             ^
2025-02-11T00:37:17.2497735Z
at checkForInvalidFlags (/home/runner/work/alpine/alpine/node_modules/esbuild/lib/main.js:254:13)
at flagsForBuildOptions (/home/runner/work/alpine/alpine/node_modules/esbuild/lib/main.js:427:3)
at buildOrContextContinue (/home/runner/work/alpine/alpine/node_modules/esbuild/lib/main.js:914:9)
at buildOrContextImpl (/home/runner/work/alpine/alpine/node_modules/esbuild/lib/main.js:898:5)
at Object.buildOrContext (/home/runner/work/alpine/alpine/node_modules/esbuild/lib/main.js:700:5)
at /home/runner/work/alpine/alpine/node_modules/esbuild/lib/main.js:2030:15
at new Promise (<anonymous>)
at Object.build (/home/runner/work/alpine/alpine/node_modules/esbuild/lib/main.js:2029:25)
at Object.build (/home/runner/work/alpine/alpine/node_modules/esbuild/lib/main.js:1880:51)
at build (/home/runner/work/alpine/alpine/scripts/build.js:91:31)
2025-02-11T00:37:17.2504080Z
##[error]Process completed with exit code 1.


2 48 1
Temporarily overriding HOME='/home/runner/work/_temp/e5b6f98c-7ad0-478f-b0f1-371289400931' before making global git config changes

[command]/usr/bin/git config --global --add safe.directory /home/runner/work/alpine/alpine
core\.sshCommand
'core\.sshCommand' 'core.sshCommand'
http\.https\:\/\/github\.com\/\.extraheader


'http\.https\:\/\/github\.com\/\.extraheader' 'http.https://github.com/.extraheader'

