2025-02-11T00:36:43.6248591Z Requested labels: ubuntu-latest
2025-02-11T00:36:43.6248867Z Job defined at: alpinejs/alpine/.github/workflows/run-tests.yml@refs/pull/4525/merge
2025-02-11T00:36:43.6248967Z Waiting for a runner to pick up this job...
2025-02-11T00:36:44.0412610Z Job is waiting for a hosted runner to come online.
2025-02-11T00:36:48.5786157Z Job is about to start running on the hosted runner: GitHub Actions 19 (hosted)
2025-02-11T00:36:50.5966885Z Current runner version: '2.322.0'
2025-02-11T00:36:50.5994505Z ##[group]Operating System
2025-02-11T00:36:50.5995295Z Ubuntu
2025-02-11T00:36:50.5995799Z 24.04.1
2025-02-11T00:36:50.5996355Z LTS
2025-02-11T00:36:50.5996860Z ##[endgroup]
2025-02-11T00:36:50.5997400Z ##[group]Runner Image
2025-02-11T00:36:50.5997976Z Image: ubuntu-24.04
2025-02-11T00:36:50.5998538Z Version: 20250202.1.0
2025-02-11T00:36:50.5999790Z Included Software: https://github.com/actions/runner-images/blob/ubuntu24/20250202.1/images/ubuntu/Ubuntu2404-Readme.md
2025-02-11T00:36:50.6001222Z Image Release: https://github.com/actions/runner-images/releases/tag/ubuntu24%2F20250202.1
2025-02-11T00:36:50.6002147Z ##[endgroup]
2025-02-11T00:36:50.6002659Z ##[group]Runner Image Provisioner
2025-02-11T00:36:50.6003321Z 2.0.422.1
2025-02-11T00:36:50.6003827Z ##[endgroup]
2025-02-11T00:36:50.6005978Z ##[group]GITHUB_TOKEN Permissions
2025-02-11T00:36:50.6007976Z Actions: read
2025-02-11T00:36:50.6008785Z Attestations: read
2025-02-11T00:36:50.6009711Z Checks: read
2025-02-11T00:36:50.6010331Z Contents: read
2025-02-11T00:36:50.6010855Z Deployments: read
2025-02-11T00:36:50.6011386Z Discussions: read
2025-02-11T00:36:50.6011947Z Issues: read
2025-02-11T00:36:50.6012477Z Metadata: read
2025-02-11T00:36:50.6012983Z Packages: read
2025-02-11T00:36:50.6013497Z Pages: read
2025-02-11T00:36:50.6014044Z PullRequests: read
2025-02-11T00:36:50.6014611Z RepositoryProjects: read
2025-02-11T00:36:50.6015261Z SecurityEvents: read
2025-02-11T00:36:50.6015822Z Statuses: read
2025-02-11T00:36:50.6016308Z ##[endgroup]
2025-02-11T00:36:50.6019609Z Secret source: Dependabot
2025-02-11T00:36:50.6020362Z Prepare workflow directory
2025-02-11T00:36:50.6443813Z Prepare all required actions
2025-02-11T00:36:50.6480729Z Getting action download info
2025-02-11T00:36:50.8424213Z ##[group]Download immutable action package 'actions/checkout@v3'
2025-02-11T00:36:50.8425159Z Version: 3.6.0
2025-02-11T00:36:50.8426009Z Digest: sha256:942562b9c7d4b1f2557f1da21f4d3eb4eb4fd01f2ad78b2a6e187d1b193e0a0f
2025-02-11T00:36:50.8427065Z Source commit SHA: f43a0e5ff2bd294095638e18286ca9a3d1956744
2025-02-11T00:36:50.8427717Z ##[endgroup]
2025-02-11T00:36:50.9821235Z ##[group]Download immutable action package 'actions/setup-node@v3'
2025-02-11T00:36:50.9821951Z Version: 3.8.2
2025-02-11T00:36:50.9822603Z Digest: sha256:68fc4b9708f7154a0a41cdc7ba02b867f6c9d8cbf1979d824253e8e80bbdb973
2025-02-11T00:36:50.9823474Z Source commit SHA: 1a4442cacd436585916779262731d5b162bc6ec7
2025-02-11T00:36:50.9824094Z ##[endgroup]
2025-02-11T00:36:51.2936174Z Complete job name: build
2025-02-11T00:36:51.3626037Z ##[group]Run actions/checkout@v3
2025-02-11T00:36:51.3626893Z with:
2025-02-11T00:36:51.3627317Z   repository: alpinejs/alpine
2025-02-11T00:36:51.3627972Z   token: ***
2025-02-11T00:36:51.3628382Z   ssh-strict: true
2025-02-11T00:36:51.3628828Z   persist-credentials: true
2025-02-11T00:36:51.3629478Z   clean: true
2025-02-11T00:36:51.3629913Z   sparse-checkout-cone-mode: true
2025-02-11T00:36:51.3630415Z   fetch-depth: 1
2025-02-11T00:36:51.3630858Z   fetch-tags: false
2025-02-11T00:36:51.3631271Z   lfs: false
2025-02-11T00:36:51.3631669Z   submodules: false
2025-02-11T00:36:51.3632094Z   set-safe-directory: true
2025-02-11T00:36:51.3632782Z ##[endgroup]
2025-02-11T00:36:51.5206757Z Syncing repository: alpinejs/alpine
2025-02-11T00:36:51.5209492Z ##[group]Getting Git version info
2025-02-11T00:36:51.5210225Z Working directory is '/home/runner/work/alpine/alpine'
2025-02-11T00:36:51.5211202Z [command]/usr/bin/git version
2025-02-11T00:36:51.5258655Z git version 2.48.1
2025-02-11T00:36:51.5287341Z ##[endgroup]
2025-02-11T00:36:51.5366031Z Temporarily overriding HOME='/home/runner/work/_temp/26e2a008-3c36-4cf2-ad59-2bb721174e72' before making global git config changes
2025-02-11T00:36:51.5368432Z Adding repository directory to the temporary git global config as a safe directory
2025-02-11T00:36:51.5370554Z [command]/usr/bin/git config --global --add safe.directory /home/runner/work/alpine/alpine
2025-02-11T00:36:51.5403528Z Deleting the contents of '/home/runner/work/alpine/alpine'
2025-02-11T00:36:51.5407396Z ##[group]Initializing the repository
2025-02-11T00:36:51.5411208Z [command]/usr/bin/git init /home/runner/work/alpine/alpine
2025-02-11T00:36:51.5473717Z hint: Using 'master' as the name for the initial branch. This default branch name
2025-02-11T00:36:51.5475304Z hint: is subject to change. To configure the initial branch name to use in all
2025-02-11T00:36:51.5476814Z hint: of your new repositories, which will suppress this warning, call:
2025-02-11T00:36:51.5477918Z hint:
2025-02-11T00:36:51.5478704Z hint: 	git config --global init.defaultBranch <name>
2025-02-11T00:36:51.5479860Z hint:
2025-02-11T00:36:51.5480766Z hint: Names commonly chosen instead of 'master' are 'main', 'trunk' and
2025-02-11T00:36:51.5482230Z hint: 'development'. The just-created branch can be renamed via this command:
2025-02-11T00:36:51.5483421Z hint:
2025-02-11T00:36:51.5484037Z hint: 	git branch -m <name>
2025-02-11T00:36:51.5485156Z Initialized empty Git repository in /home/runner/work/alpine/alpine/.git/
2025-02-11T00:36:51.5488309Z [command]/usr/bin/git remote add origin https://github.com/alpinejs/alpine
2025-02-11T00:36:51.5519799Z ##[endgroup]
2025-02-11T00:36:51.5520552Z ##[group]Disabling automatic garbage collection
2025-02-11T00:36:51.5522331Z [command]/usr/bin/git config --local gc.auto 0
2025-02-11T00:36:51.5547674Z ##[endgroup]
2025-02-11T00:36:51.5548384Z ##[group]Setting up auth
2025-02-11T00:36:51.5552892Z [command]/usr/bin/git config --local --name-only --get-regexp core\.sshCommand
2025-02-11T00:36:51.5578704Z [command]/usr/bin/git submodule foreach --recursive sh -c "git config --local --name-only --get-regexp 'core\.sshCommand' && git config --local --unset-all 'core.sshCommand' || :"
2025-02-11T00:36:51.5882503Z [command]/usr/bin/git config --local --name-only --get-regexp http\.https\:\/\/github\.com\/\.extraheader
2025-02-11T00:36:51.5908355Z [command]/usr/bin/git submodule foreach --recursive sh -c "git config --local --name-only --get-regexp 'http\.https\:\/\/github\.com\/\.extraheader' && git config --local --unset-all 'http.https://github.com/.extraheader' || :"
2025-02-11T00:36:51.6145838Z [command]/usr/bin/git config --local http.https://github.com/.extraheader AUTHORIZATION: basic ***
2025-02-11T00:36:51.6180459Z ##[endgroup]
2025-02-11T00:36:51.6181770Z ##[group]Fetching the repository
2025-02-11T00:36:51.6190470Z [command]/usr/bin/git -c protocol.version=2 fetch --no-tags --prune --progress --no-recurse-submodules --depth=1 origin +d0331d6e542ddc908f8da8531ef4686b2c9d6f3b:refs/remotes/pull/4525/merge
2025-02-11T00:36:51.9252637Z remote: Enumerating objects: 359, done.        
2025-02-11T00:36:51.9264664Z remote: Counting objects:   0% (1/359)        
2025-02-11T00:36:51.9265723Z remote: Counting objects:   1% (4/359)        
2025-02-11T00:36:51.9266638Z remote: Counting objects:   2% (8/359)        
2025-02-11T00:36:51.9267398Z remote: Counting objects:   3% (11/359)        
2025-02-11T00:36:51.9268078Z remote: Counting objects:   4% (15/359)        
2025-02-11T00:36:51.9269341Z remote: Counting objects:   5% (18/359)        
2025-02-11T00:36:51.9270244Z remote: Counting objects:   6% (22/359)        
2025-02-11T00:36:51.9271270Z remote: Counting objects:   7% (26/359)        
2025-02-11T00:36:51.9271963Z remote: Counting objects:   8% (29/359)        
2025-02-11T00:36:51.9272616Z remote: Counting objects:   9% (33/359)        
2025-02-11T00:36:51.9273263Z remote: Counting objects:  10% (36/359)        
2025-02-11T00:36:51.9274246Z remote: Counting objects:  11% (40/359)        
2025-02-11T00:36:51.9275381Z remote: Counting objects:  12% (44/359)        
2025-02-11T00:36:51.9276084Z remote: Counting objects:  13% (47/359)        
2025-02-11T00:36:51.9277132Z remote: Counting objects:  14% (51/359)        
2025-02-11T00:36:51.9278179Z remote: Counting objects:  15% (54/359)        
2025-02-11T00:36:51.9278840Z remote: Counting objects:  16% (58/359)        
2025-02-11T00:36:51.9280007Z remote: Counting objects:  17% (62/359)        
2025-02-11T00:36:51.9281320Z remote: Counting objects:  18% (65/359)        
2025-02-11T00:36:51.9282091Z remote: Counting objects:  19% (69/359)        
2025-02-11T00:36:51.9283180Z remote: Counting objects:  20% (72/359)        
2025-02-11T00:36:51.9283919Z remote: Counting objects:  21% (76/359)        
2025-02-11T00:36:51.9285012Z remote: Counting objects:  22% (79/359)        
2025-02-11T00:36:51.9285901Z remote: Counting objects:  23% (83/359)        
2025-02-11T00:36:51.9286535Z remote: Counting objects:  24% (87/359)        
2025-02-11T00:36:51.9287153Z remote: Counting objects:  25% (90/359)        
2025-02-11T00:36:51.9287986Z remote: Counting objects:  26% (94/359)        
2025-02-11T00:36:51.9289282Z remote: Counting objects:  27% (97/359)        
2025-02-11T00:36:51.9289944Z remote: Counting objects:  28% (101/359)        
2025-02-11T00:36:51.9290562Z remote: Counting objects:  29% (105/359)        
2025-02-11T00:36:51.9291486Z remote: Counting objects:  30% (108/359)        
2025-02-11T00:36:51.9292601Z remote: Counting objects:  31% (112/359)        
2025-02-11T00:36:51.9293533Z remote: Counting objects:  32% (115/359)        
2025-02-11T00:36:51.9294241Z remote: Counting objects:  33% (119/359)        
2025-02-11T00:36:51.9295347Z remote: Counting objects:  34% (123/359)        
2025-02-11T00:36:51.9296209Z remote: Counting objects:  35% (126/359)        
2025-02-11T00:36:51.9296814Z remote: Counting objects:  36% (130/359)        
2025-02-11T00:36:51.9297413Z remote: Counting objects:  37% (133/359)        
2025-02-11T00:36:51.9298018Z remote: Counting objects:  38% (137/359)        
2025-02-11T00:36:51.9298620Z remote: Counting objects:  39% (141/359)        
2025-02-11T00:36:51.9299597Z remote: Counting objects:  40% (144/359)        
2025-02-11T00:36:51.9300462Z remote: Counting objects:  41% (148/359)        
2025-02-11T00:36:51.9301306Z remote: Counting objects:  42% (151/359)        
2025-02-11T00:36:51.9301908Z remote: Counting objects:  43% (155/359)        
2025-02-11T00:36:51.9302518Z remote: Counting objects:  44% (158/359)        
2025-02-11T00:36:51.9303111Z remote: Counting objects:  45% (162/359)        
2025-02-11T00:36:51.9382643Z remote: Counting objects:  46% (166/359)        
2025-02-11T00:36:51.9383424Z remote: Counting objects:  47% (169/359)        
2025-02-11T00:36:51.9384085Z remote: Counting objects:  48% (173/359)        
2025-02-11T00:36:51.9384778Z remote: Counting objects:  49% (176/359)        
2025-02-11T00:36:51.9385435Z remote: Counting objects:  50% (180/359)        
2025-02-11T00:36:51.9386354Z remote: Counting objects:  51% (184/359)        
2025-02-11T00:36:51.9386979Z remote: Counting objects:  52% (187/359)        
2025-02-11T00:36:51.9387585Z remote: Counting objects:  53% (191/359)        
2025-02-11T00:36:51.9388261Z remote: Counting objects:  54% (194/359)        
2025-02-11T00:36:51.9388855Z remote: Counting objects:  55% (198/359)        
2025-02-11T00:36:51.9389746Z remote: Counting objects:  56% (202/359)        
2025-02-11T00:36:51.9390358Z remote: Counting objects:  57% (205/359)        
2025-02-11T00:36:51.9390958Z remote: Counting objects:  58% (209/359)        
2025-02-11T00:36:51.9391552Z remote: Counting objects:  59% (212/359)        
2025-02-11T00:36:51.9392147Z remote: Counting objects:  60% (216/359)        
2025-02-11T00:36:51.9392730Z remote: Counting objects:  61% (219/359)        
2025-02-11T00:36:51.9393313Z remote: Counting objects:  62% (223/359)        
2025-02-11T00:36:51.9393908Z remote: Counting objects:  63% (227/359)        
2025-02-11T00:36:51.9394506Z remote: Counting objects:  64% (230/359)        
2025-02-11T00:36:51.9395105Z remote: Counting objects:  65% (234/359)        
2025-02-11T00:36:51.9395686Z remote: Counting objects:  66% (237/359)        
2025-02-11T00:36:51.9396282Z remote: Counting objects:  67% (241/359)        
2025-02-11T00:36:51.9396888Z remote: Counting objects:  68% (245/359)        
2025-02-11T00:36:51.9397503Z remote: Counting objects:  69% (248/359)        
2025-02-11T00:36:51.9398091Z remote: Counting objects:  70% (252/359)        
2025-02-11T00:36:51.9398858Z remote: Counting objects:  71% (255/359)        
2025-02-11T00:36:51.9399569Z remote: Counting objects:  72% (259/359)        
2025-02-11T00:36:51.9400156Z remote: Counting objects:  73% (263/359)        
2025-02-11T00:36:51.9400740Z remote: Counting objects:  74% (266/359)        
2025-02-11T00:36:51.9401323Z remote: Counting objects:  75% (270/359)        
2025-02-11T00:36:51.9401913Z remote: Counting objects:  76% (273/359)        
2025-02-11T00:36:51.9402511Z remote: Counting objects:  77% (277/359)        
2025-02-11T00:36:51.9403101Z remote: Counting objects:  78% (281/359)        
2025-02-11T00:36:51.9403685Z remote: Counting objects:  79% (284/359)        
2025-02-11T00:36:51.9404281Z remote: Counting objects:  80% (288/359)        
2025-02-11T00:36:51.9404876Z remote: Counting objects:  81% (291/359)        
2025-02-11T00:36:51.9405459Z remote: Counting objects:  82% (295/359)        
2025-02-11T00:36:51.9406049Z remote: Counting objects:  83% (298/359)        
2025-02-11T00:36:51.9406633Z remote: Counting objects:  84% (302/359)        
2025-02-11T00:36:51.9407213Z remote: Counting objects:  85% (306/359)        
2025-02-11T00:36:51.9407809Z remote: Counting objects:  86% (309/359)        
2025-02-11T00:36:51.9408402Z remote: Counting objects:  87% (313/359)        
2025-02-11T00:36:51.9408991Z remote: Counting objects:  88% (316/359)        
2025-02-11T00:36:51.9410562Z remote: Counting objects:  89% (320/359)        
2025-02-11T00:36:51.9411510Z remote: Counting objects:  90% (324/359)        
2025-02-11T00:36:51.9412144Z remote: Counting objects:  91% (327/359)        
2025-02-11T00:36:51.9413069Z remote: Counting objects:  92% (331/359)        
2025-02-11T00:36:51.9413838Z remote: Counting objects:  93% (334/359)        
2025-02-11T00:36:51.9414441Z remote: Counting objects:  94% (338/359)        
2025-02-11T00:36:51.9415028Z remote: Counting objects:  95% (342/359)        
2025-02-11T00:36:51.9415624Z remote: Counting objects:  96% (345/359)        
2025-02-11T00:36:51.9416223Z remote: Counting objects:  97% (349/359)        
2025-02-11T00:36:51.9416841Z remote: Counting objects:  98% (352/359)        
2025-02-11T00:36:51.9417431Z remote: Counting objects:  99% (356/359)        
2025-02-11T00:36:51.9418018Z remote: Counting objects: 100% (359/359)        
2025-02-11T00:36:51.9418635Z remote: Counting objects: 100% (359/359), done.        
2025-02-11T00:36:51.9419445Z remote: Compressing objects:   0% (1/317)        
2025-02-11T00:36:51.9420068Z remote: Compressing objects:   1% (4/317)        
2025-02-11T00:36:51.9420862Z remote: Compressing objects:   2% (7/317)        
2025-02-11T00:36:51.9421478Z remote: Compressing objects:   3% (10/317)        
2025-02-11T00:36:51.9422088Z remote: Compressing objects:   4% (13/317)        
2025-02-11T00:36:51.9422695Z remote: Compressing objects:   5% (16/317)        
2025-02-11T00:36:51.9423305Z remote: Compressing objects:   6% (20/317)        
2025-02-11T00:36:51.9423915Z remote: Compressing objects:   7% (23/317)        
2025-02-11T00:36:51.9424525Z remote: Compressing objects:   8% (26/317)        
2025-02-11T00:36:51.9425125Z remote: Compressing objects:   9% (29/317)        
2025-02-11T00:36:51.9425985Z remote: Compressing objects:  10% (32/317)        
2025-02-11T00:36:51.9426906Z remote: Compressing objects:  11% (35/317)        
2025-02-11T00:36:51.9427617Z remote: Compressing objects:  12% (39/317)        
2025-02-11T00:36:51.9428231Z remote: Compressing objects:  13% (42/317)        
2025-02-11T00:36:51.9428846Z remote: Compressing objects:  14% (45/317)        
2025-02-11T00:36:51.9429704Z remote: Compressing objects:  15% (48/317)        
2025-02-11T00:36:51.9430310Z remote: Compressing objects:  16% (51/317)        
2025-02-11T00:36:51.9430911Z remote: Compressing objects:  17% (54/317)        
2025-02-11T00:36:51.9431508Z remote: Compressing objects:  18% (58/317)        
2025-02-11T00:36:51.9432157Z remote: Compressing objects:  19% (61/317)        
2025-02-11T00:36:51.9432759Z remote: Compressing objects:  20% (64/317)        
2025-02-11T00:36:51.9433703Z remote: Compressing objects:  21% (67/317)        
2025-02-11T00:36:51.9434723Z remote: Compressing objects:  22% (70/317)        
2025-02-11T00:36:51.9435501Z remote: Compressing objects:  23% (73/317)        
2025-02-11T00:36:51.9436121Z remote: Compressing objects:  24% (77/317)        
2025-02-11T00:36:51.9436728Z remote: Compressing objects:  25% (80/317)        
2025-02-11T00:36:51.9437337Z remote: Compressing objects:  26% (83/317)        
2025-02-11T00:36:51.9437950Z remote: Compressing objects:  27% (86/317)        
2025-02-11T00:36:51.9438549Z remote: Compressing objects:  28% (89/317)        
2025-02-11T00:36:51.9439293Z remote: Compressing objects:  29% (92/317)        
2025-02-11T00:36:51.9439912Z remote: Compressing objects:  30% (96/317)        
2025-02-11T00:36:51.9440509Z remote: Compressing objects:  31% (99/317)        
2025-02-11T00:36:51.9441111Z remote: Compressing objects:  32% (102/317)        
2025-02-11T00:36:51.9441733Z remote: Compressing objects:  33% (105/317)        
2025-02-11T00:36:51.9442339Z remote: Compressing objects:  34% (108/317)        
2025-02-11T00:36:51.9442946Z remote: Compressing objects:  35% (111/317)        
2025-02-11T00:36:51.9443558Z remote: Compressing objects:  36% (115/317)        
2025-02-11T00:36:51.9444164Z remote: Compressing objects:  37% (118/317)        
2025-02-11T00:36:51.9444777Z remote: Compressing objects:  38% (121/317)        
2025-02-11T00:36:51.9445378Z remote: Compressing objects:  39% (124/317)        
2025-02-11T00:36:51.9446538Z remote: Compressing objects:  40% (127/317)        
2025-02-11T00:36:51.9447598Z remote: Compressing objects:  41% (130/317)        
2025-02-11T00:36:51.9448249Z remote: Compressing objects:  42% (134/317)        
2025-02-11T00:36:51.9448867Z remote: Compressing objects:  43% (137/317)        
2025-02-11T00:36:51.9449620Z remote: Compressing objects:  44% (140/317)        
2025-02-11T00:36:51.9450228Z remote: Compressing objects:  45% (143/317)        
2025-02-11T00:36:51.9450860Z remote: Compressing objects:  46% (146/317)        
2025-02-11T00:36:51.9451487Z remote: Compressing objects:  47% (149/317)        
2025-02-11T00:36:51.9452093Z remote: Compressing objects:  48% (153/317)        
2025-02-11T00:36:51.9452858Z remote: Compressing objects:  49% (156/317)        
2025-02-11T00:36:51.9454336Z remote: Compressing objects:  50% (159/317)        
2025-02-11T00:36:51.9459904Z remote: Compressing objects:  51% (162/317)        
2025-02-11T00:36:51.9467122Z remote: Compressing objects:  52% (165/317)        
2025-02-11T00:36:51.9472687Z remote: Compressing objects:  53% (169/317)        
2025-02-11T00:36:51.9474269Z remote: Compressing objects:  54% (172/317)        
2025-02-11T00:36:51.9481803Z remote: Compressing objects:  55% (175/317)        
2025-02-11T00:36:51.9482861Z remote: Compressing objects:  56% (178/317)        
2025-02-11T00:36:51.9486008Z remote: Compressing objects:  57% (181/317)        
2025-02-11T00:36:51.9489614Z remote: Compressing objects:  58% (184/317)        
2025-02-11T00:36:51.9723485Z remote: Compressing objects:  59% (188/317)        
2025-02-11T00:36:51.9726009Z remote: Compressing objects:  60% (191/317)        
2025-02-11T00:36:51.9727110Z remote: Compressing objects:  61% (194/317)        
2025-02-11T00:36:51.9861637Z remote: Compressing objects:  62% (197/317)        
2025-02-11T00:36:51.9863228Z remote: Compressing objects:  63% (200/317)        
2025-02-11T00:36:51.9869979Z remote: Compressing objects:  64% (203/317)        
2025-02-11T00:36:51.9872257Z remote: Compressing objects:  65% (207/317)        
2025-02-11T00:36:51.9877713Z remote: Compressing objects:  66% (210/317)        
2025-02-11T00:36:51.9879445Z remote: Compressing objects:  67% (213/317)        
2025-02-11T00:36:51.9884120Z remote: Compressing objects:  68% (216/317)        
2025-02-11T00:36:51.9887975Z remote: Compressing objects:  69% (219/317)        
2025-02-11T00:36:51.9893300Z remote: Compressing objects:  70% (222/317)        
2025-02-11T00:36:51.9903112Z remote: Compressing objects:  71% (226/317)        
2025-02-11T00:36:51.9911072Z remote: Compressing objects:  72% (229/317)        
2025-02-11T00:36:51.9921410Z remote: Compressing objects:  73% (232/317)        
2025-02-11T00:36:51.9924394Z remote: Compressing objects:  74% (235/317)        
2025-02-11T00:36:51.9930399Z remote: Compressing objects:  75% (238/317)        
2025-02-11T00:36:51.9937423Z remote: Compressing objects:  76% (241/317)        
2025-02-11T00:36:51.9938688Z remote: Compressing objects:  77% (245/317)        
2025-02-11T00:36:51.9946534Z remote: Compressing objects:  78% (248/317)        
2025-02-11T00:36:51.9948588Z remote: Compressing objects:  79% (251/317)        
2025-02-11T00:36:51.9951723Z remote: Compressing objects:  80% (254/317)        
2025-02-11T00:36:51.9953652Z remote: Compressing objects:  81% (257/317)        
2025-02-11T00:36:51.9954817Z remote: Compressing objects:  82% (260/317)        
2025-02-11T00:36:51.9955864Z remote: Compressing objects:  83% (264/317)        
2025-02-11T00:36:51.9956856Z remote: Compressing objects:  84% (267/317)        
2025-02-11T00:36:51.9957666Z remote: Compressing objects:  85% (270/317)        
2025-02-11T00:36:51.9958350Z remote: Compressing objects:  86% (273/317)        
2025-02-11T00:36:51.9959318Z remote: Compressing objects:  87% (276/317)        
2025-02-11T00:36:51.9959981Z remote: Compressing objects:  88% (279/317)        
2025-02-11T00:36:51.9960618Z remote: Compressing objects:  89% (283/317)        
2025-02-11T00:36:51.9961272Z remote: Compressing objects:  90% (286/317)        
2025-02-11T00:36:51.9961913Z remote: Compressing objects:  91% (289/317)        
2025-02-11T00:36:51.9962550Z remote: Compressing objects:  92% (292/317)        
2025-02-11T00:36:51.9963179Z remote: Compressing objects:  93% (295/317)        
2025-02-11T00:36:51.9963802Z remote: Compressing objects:  94% (298/317)        
2025-02-11T00:36:51.9964413Z remote: Compressing objects:  95% (302/317)        
2025-02-11T00:36:51.9965027Z remote: Compressing objects:  96% (305/317)        
2025-02-11T00:36:51.9965652Z remote: Compressing objects:  97% (308/317)        
2025-02-11T00:36:51.9966264Z remote: Compressing objects:  98% (311/317)        
2025-02-11T00:36:51.9966877Z remote: Compressing objects:  99% (314/317)        
2025-02-11T00:36:51.9967494Z remote: Compressing objects: 100% (317/317)        
2025-02-11T00:36:51.9968174Z remote: Compressing objects: 100% (317/317), done.        
2025-02-11T00:36:52.0179913Z Receiving objects:   0% (1/359)
2025-02-11T00:36:52.0181160Z Receiving objects:   1% (4/359)
2025-02-11T00:36:52.0181853Z Receiving objects:   2% (8/359)
2025-02-11T00:36:52.0525123Z Receiving objects:   3% (11/359)
2025-02-11T00:36:52.0525957Z Receiving objects:   4% (15/359)
2025-02-11T00:36:52.1014162Z Receiving objects:   5% (18/359)
2025-02-11T00:36:52.1037763Z Receiving objects:   6% (22/359)
2025-02-11T00:36:52.1038596Z Receiving objects:   7% (26/359)
2025-02-11T00:36:52.1039542Z Receiving objects:   8% (29/359)
2025-02-11T00:36:52.1040112Z Receiving objects:   9% (33/359)
2025-02-11T00:36:52.1041036Z Receiving objects:  10% (36/359)
2025-02-11T00:36:52.1042242Z Receiving objects:  11% (40/359)
2025-02-11T00:36:52.1044319Z Receiving objects:  12% (44/359)
2025-02-11T00:36:52.1045361Z Receiving objects:  13% (47/359)
2025-02-11T00:36:52.1046781Z Receiving objects:  14% (51/359)
2025-02-11T00:36:52.1047862Z Receiving objects:  15% (54/359)
2025-02-11T00:36:52.1050920Z Receiving objects:  16% (58/359)
2025-02-11T00:36:52.1051820Z Receiving objects:  17% (62/359)
2025-02-11T00:36:52.1052853Z Receiving objects:  18% (65/359)
2025-02-11T00:36:52.1053696Z Receiving objects:  19% (69/359)
2025-02-11T00:36:52.1054518Z Receiving objects:  20% (72/359)
2025-02-11T00:36:52.1055346Z Receiving objects:  21% (76/359)
2025-02-11T00:36:52.1056170Z Receiving objects:  22% (79/359)
2025-02-11T00:36:52.1057438Z Receiving objects:  23% (83/359)
2025-02-11T00:36:52.1058260Z Receiving objects:  24% (87/359)
2025-02-11T00:36:52.1059956Z Receiving objects:  25% (90/359)
2025-02-11T00:36:52.1061117Z Receiving objects:  26% (94/359)
2025-02-11T00:36:52.1061950Z Receiving objects:  27% (97/359)
2025-02-11T00:36:52.1062768Z Receiving objects:  28% (101/359)
2025-02-11T00:36:52.1063619Z Receiving objects:  29% (105/359)
2025-02-11T00:36:52.1064430Z Receiving objects:  30% (108/359)
2025-02-11T00:36:52.1065229Z Receiving objects:  31% (112/359)
2025-02-11T00:36:52.1066024Z Receiving objects:  32% (115/359)
2025-02-11T00:36:52.1066858Z Receiving objects:  33% (119/359)
2025-02-11T00:36:52.1067697Z Receiving objects:  34% (123/359)
2025-02-11T00:36:52.1069424Z Receiving objects:  35% (126/359)
2025-02-11T00:36:52.1071031Z Receiving objects:  36% (130/359)
2025-02-11T00:36:52.1072258Z Receiving objects:  37% (133/359)
2025-02-11T00:36:52.1075974Z Receiving objects:  38% (137/359)
2025-02-11T00:36:52.1076840Z Receiving objects:  39% (141/359)
2025-02-11T00:36:52.1078053Z Receiving objects:  40% (144/359)
2025-02-11T00:36:52.1079854Z Receiving objects:  41% (148/359)
2025-02-11T00:36:52.1082370Z Receiving objects:  42% (151/359)
2025-02-11T00:36:52.1083626Z Receiving objects:  43% (155/359)
2025-02-11T00:36:52.1084708Z Receiving objects:  44% (158/359)
2025-02-11T00:36:52.1086100Z Receiving objects:  45% (162/359)
2025-02-11T00:36:52.1086942Z Receiving objects:  46% (166/359)
2025-02-11T00:36:52.1088577Z Receiving objects:  47% (169/359)
2025-02-11T00:36:52.1092198Z Receiving objects:  48% (173/359)
2025-02-11T00:36:52.1095958Z Receiving objects:  49% (176/359)
2025-02-11T00:36:52.1098922Z Receiving objects:  50% (180/359)
2025-02-11T00:36:52.1100404Z Receiving objects:  51% (184/359)
2025-02-11T00:36:52.1101263Z Receiving objects:  52% (187/359)
2025-02-11T00:36:52.1102070Z Receiving objects:  53% (191/359)
2025-02-11T00:36:52.1102849Z Receiving objects:  54% (194/359)
2025-02-11T00:36:52.1103647Z Receiving objects:  55% (198/359)
2025-02-11T00:36:52.1106627Z Receiving objects:  56% (202/359)
2025-02-11T00:36:52.1107472Z Receiving objects:  57% (205/359)
2025-02-11T00:36:52.1108290Z Receiving objects:  58% (209/359)
2025-02-11T00:36:52.1109246Z Receiving objects:  59% (212/359)
2025-02-11T00:36:52.1110098Z Receiving objects:  60% (216/359)
2025-02-11T00:36:52.1110885Z Receiving objects:  61% (219/359)
2025-02-11T00:36:52.1111655Z Receiving objects:  62% (223/359)
2025-02-11T00:36:52.1112420Z Receiving objects:  63% (227/359)
2025-02-11T00:36:52.1113189Z Receiving objects:  64% (230/359)
2025-02-11T00:36:52.1113960Z Receiving objects:  65% (234/359)
2025-02-11T00:36:52.1114722Z Receiving objects:  66% (237/359)
2025-02-11T00:36:52.1115691Z Receiving objects:  67% (241/359)
2025-02-11T00:36:52.1116493Z Receiving objects:  68% (245/359)
2025-02-11T00:36:52.1117299Z Receiving objects:  69% (248/359)
2025-02-11T00:36:52.1118080Z Receiving objects:  70% (252/359)
2025-02-11T00:36:52.1118858Z Receiving objects:  71% (255/359)
2025-02-11T00:36:52.1119811Z Receiving objects:  72% (259/359)
2025-02-11T00:36:52.1120589Z Receiving objects:  73% (263/359)
2025-02-11T00:36:52.1121328Z Receiving objects:  74% (266/359)
2025-02-11T00:36:52.1122105Z Receiving objects:  75% (270/359)
2025-02-11T00:36:52.1122882Z Receiving objects:  76% (273/359)
2025-02-11T00:36:52.1123679Z Receiving objects:  77% (277/359)
2025-02-11T00:36:52.1124523Z Receiving objects:  78% (281/359)
2025-02-11T00:36:52.1125429Z Receiving objects:  79% (284/359)
2025-02-11T00:36:52.1126391Z Receiving objects:  80% (288/359)
2025-02-11T00:36:52.1127209Z remote: Total 359 (delta 41), reused 170 (delta 24), pack-reused 0 (from 0)        
2025-02-11T00:36:52.1128421Z Receiving objects:  81% (291/359)
2025-02-11T00:36:52.1129916Z Receiving objects:  82% (295/359)
2025-02-11T00:36:52.1133609Z Receiving objects:  83% (298/359)
2025-02-11T00:36:52.1134846Z Receiving objects:  84% (302/359)
2025-02-11T00:36:52.1135878Z Receiving objects:  85% (306/359)
2025-02-11T00:36:52.1136699Z Receiving objects:  86% (309/359)
2025-02-11T00:36:52.1137476Z Receiving objects:  87% (313/359)
2025-02-11T00:36:52.1138913Z Receiving objects:  88% (316/359)
2025-02-11T00:36:52.1141816Z Receiving objects:  89% (320/359)
2025-02-11T00:36:52.1144075Z Receiving objects:  90% (324/359)
2025-02-11T00:36:52.1146861Z Receiving objects:  91% (327/359)
2025-02-11T00:36:52.1148249Z Receiving objects:  92% (331/359)
2025-02-11T00:36:52.1150791Z Receiving objects:  93% (334/359)
2025-02-11T00:36:52.1151987Z Receiving objects:  94% (338/359)
2025-02-11T00:36:52.1153058Z Receiving objects:  95% (342/359)
2025-02-11T00:36:52.1153868Z Receiving objects:  96% (345/359)
2025-02-11T00:36:52.1155229Z Receiving objects:  97% (349/359)
2025-02-11T00:36:52.1156050Z Receiving objects:  98% (352/359)
2025-02-11T00:36:52.1156928Z Receiving objects:  99% (356/359)
2025-02-11T00:36:52.1157751Z Receiving objects: 100% (359/359)
2025-02-11T00:36:52.1158826Z Receiving objects: 100% (359/359), 1.48 MiB | 15.20 MiB/s, done.
2025-02-11T00:36:52.1160399Z Resolving deltas:   0% (0/41)
2025-02-11T00:36:52.1162004Z Resolving deltas:   2% (1/41)
2025-02-11T00:36:52.1162830Z Resolving deltas:   4% (2/41)
2025-02-11T00:36:52.1163640Z Resolving deltas:   7% (3/41)
2025-02-11T00:36:52.1164420Z Resolving deltas:   9% (4/41)
2025-02-11T00:36:52.1165195Z Resolving deltas:  12% (5/41)
2025-02-11T00:36:52.1165973Z Resolving deltas:  14% (6/41)
2025-02-11T00:36:52.1166726Z Resolving deltas:  17% (7/41)
2025-02-11T00:36:52.1167519Z Resolving deltas:  19% (8/41)
2025-02-11T00:36:52.1168281Z Resolving deltas:  21% (9/41)
2025-02-11T00:36:52.1169219Z Resolving deltas:  24% (10/41)
2025-02-11T00:36:52.1170007Z Resolving deltas:  26% (11/41)
2025-02-11T00:36:52.1170848Z Resolving deltas:  29% (12/41)
2025-02-11T00:36:52.1171617Z Resolving deltas:  31% (13/41)
2025-02-11T00:36:52.1172426Z Resolving deltas:  34% (14/41)
2025-02-11T00:36:52.1173201Z Resolving deltas:  36% (15/41)
2025-02-11T00:36:52.1173978Z Resolving deltas:  39% (16/41)
2025-02-11T00:36:52.1174765Z Resolving deltas:  43% (18/41)
2025-02-11T00:36:52.1175553Z Resolving deltas:  46% (19/41)
2025-02-11T00:36:52.1176336Z Resolving deltas:  48% (20/41)
2025-02-11T00:36:52.1177109Z Resolving deltas:  51% (21/41)
2025-02-11T00:36:52.1177808Z Resolving deltas:  53% (22/41)
2025-02-11T00:36:52.1178588Z Resolving deltas:  56% (23/41)
2025-02-11T00:36:52.1179483Z Resolving deltas:  58% (24/41)
2025-02-11T00:36:52.1180305Z Resolving deltas:  60% (25/41)
2025-02-11T00:36:52.1181083Z Resolving deltas:  63% (26/41)
2025-02-11T00:36:52.1181913Z Resolving deltas:  65% (27/41)
2025-02-11T00:36:52.1182688Z Resolving deltas:  68% (28/41)
2025-02-11T00:36:52.1183393Z Resolving deltas:  70% (29/41)
2025-02-11T00:36:52.1184053Z Resolving deltas:  73% (30/41)
2025-02-11T00:36:52.1184622Z Resolving deltas:  75% (31/41)
2025-02-11T00:36:52.1185408Z Resolving deltas:  78% (32/41)
2025-02-11T00:36:52.1186178Z Resolving deltas:  80% (33/41)
2025-02-11T00:36:52.1186964Z Resolving deltas:  82% (34/41)
2025-02-11T00:36:52.1187741Z Resolving deltas:  87% (36/41)
2025-02-11T00:36:52.1188507Z Resolving deltas:  90% (37/41)
2025-02-11T00:36:52.1189469Z Resolving deltas:  92% (38/41)
2025-02-11T00:36:52.1190253Z Resolving deltas:  95% (39/41)
2025-02-11T00:36:52.1191021Z Resolving deltas:  97% (40/41)
2025-02-11T00:36:52.1191786Z Resolving deltas: 100% (41/41)
2025-02-11T00:36:52.1192578Z Resolving deltas: 100% (41/41), done.
2025-02-11T00:36:52.1304533Z From https://github.com/alpinejs/alpine
2025-02-11T00:36:52.1305734Z  * [new ref]         d0331d6e542ddc908f8da8531ef4686b2c9d6f3b -> pull/4525/merge
2025-02-11T00:36:52.1331414Z ##[endgroup]
2025-02-11T00:36:52.1332149Z ##[group]Determining the checkout info
2025-02-11T00:36:52.1333360Z ##[endgroup]
2025-02-11T00:36:52.1334178Z ##[group]Checking out the ref
2025-02-11T00:36:52.1337591Z [command]/usr/bin/git checkout --progress --force refs/remotes/pull/4525/merge
2025-02-11T00:36:52.1634311Z Note: switching to 'refs/remotes/pull/4525/merge'.
2025-02-11T00:36:52.1635110Z 
2025-02-11T00:36:52.1635740Z You are in 'detached HEAD' state. You can look around, make experimental
2025-02-11T00:36:52.1637215Z changes and commit them, and you can discard any commits you make in this
2025-02-11T00:36:52.1638900Z state without impacting any branches by switching back to a branch.
2025-02-11T00:36:52.1639963Z 
2025-02-11T00:36:52.1640558Z If you want to create a new branch to retain commits you create, you may
2025-02-11T00:36:52.1641468Z do so (now or later) by using -c with the switch command. Example:
2025-02-11T00:36:52.1641935Z 
2025-02-11T00:36:52.1642164Z   git switch -c <new-branch-name>
2025-02-11T00:36:52.1642502Z 
2025-02-11T00:36:52.1642725Z Or undo this operation with:
2025-02-11T00:36:52.1643036Z 
2025-02-11T00:36:52.1643233Z   git switch -
2025-02-11T00:36:52.1643563Z 
2025-02-11T00:36:52.1644222Z Turn off this advice by setting config variable advice.detachedHead to false
2025-02-11T00:36:52.1644786Z 
2025-02-11T00:36:52.1645470Z HEAD is now at d0331d6 Merge a848a3dc5221ce25f71eb9667982698215fff544 into 28a2aa89d63dd21af20f4152e2c44c3f78b48216
2025-02-11T00:36:52.1647258Z ##[endgroup]
2025-02-11T00:36:52.1677516Z [command]/usr/bin/git log -1 --format='%H'
2025-02-11T00:36:52.1698658Z 'd0331d6e542ddc908f8da8531ef4686b2c9d6f3b'
2025-02-11T00:36:52.1928459Z ##[group]Run actions/setup-node@v3
2025-02-11T00:36:52.1929161Z with:
2025-02-11T00:36:52.1929535Z   node-version: 18
2025-02-11T00:36:52.1929944Z   always-auth: false
2025-02-11T00:36:52.1930362Z   check-latest: false
2025-02-11T00:36:52.1930921Z   token: ***
2025-02-11T00:36:52.1931300Z ##[endgroup]
2025-02-11T00:36:52.3693790Z Found in cache @ /opt/hostedtoolcache/node/18.20.6/x64
2025-02-11T00:36:52.3699908Z ##[group]Environment details
2025-02-11T00:36:56.8572106Z node: v18.20.6
2025-02-11T00:36:56.8573441Z npm: 10.8.2
2025-02-11T00:36:56.8573855Z yarn: 1.22.22
2025-02-11T00:36:56.8575099Z ##[endgroup]
2025-02-11T00:36:56.8742605Z ##[group]Run npm install
2025-02-11T00:36:56.8742970Z [36;1mnpm install[0m
2025-02-11T00:36:56.8776840Z shell: /usr/bin/bash -e {0}
2025-02-11T00:36:56.8777147Z ##[endgroup]
2025-02-11T00:37:00.8766682Z npm warn deprecated urix@0.1.0: Please see https://github.com/lydell/urix#deprecated
2025-02-11T00:37:00.9213990Z npm warn deprecated w3c-hr-time@1.0.2: Use your platform's native performance.now() and performance.timeOrigin.
2025-02-11T00:37:01.1313025Z npm warn deprecated source-map-url@0.4.1: See https://github.com/lydell/source-map-url#deprecated
2025-02-11T00:37:01.1726788Z npm warn deprecated sane@4.1.0: some dependency vulnerabilities fixed, support for node < 10 dropped, and newer ECMAScript syntax/features added
2025-02-11T00:37:01.2836526Z npm warn deprecated resolve-url@0.2.1: https://github.com/lydell/resolve-url#deprecated
2025-02-11T00:37:01.3165316Z npm warn deprecated source-map-resolve@0.5.3: See https://github.com/lydell/source-map-resolve#deprecated
2025-02-11T00:37:01.4638198Z npm warn deprecated querystring@0.2.0: The querystring API is considered Legacy. new code should use the URLSearchParams API instead.
2025-02-11T00:37:16.9153543Z 
2025-02-11T00:37:16.9155126Z added 659 packages, and audited 675 packages in 20s
2025-02-11T00:37:16.9156250Z 
2025-02-11T00:37:16.9156651Z 51 packages are looking for funding
2025-02-11T00:37:16.9158116Z   run `npm fund` for details
2025-02-11T00:37:16.9630189Z 
2025-02-11T00:37:16.9631090Z 30 vulnerabilities (22 moderate, 7 high, 1 critical)
2025-02-11T00:37:16.9631668Z 
2025-02-11T00:37:16.9632116Z To address issues that do not require attention, run:
2025-02-11T00:37:16.9632747Z   npm audit fix
2025-02-11T00:37:16.9633001Z 
2025-02-11T00:37:16.9633540Z To address all issues possible (including breaking changes), run:
2025-02-11T00:37:16.9634388Z   npm audit fix --force
2025-02-11T00:37:16.9634634Z 
2025-02-11T00:37:16.9634898Z Some issues need review, and may require choosing
2025-02-11T00:37:16.9635407Z a different dependency.
2025-02-11T00:37:16.9635602Z 
2025-02-11T00:37:16.9635752Z Run `npm audit` for details.
2025-02-11T00:37:16.9931114Z ##[group]Run npm run build
2025-02-11T00:37:16.9931422Z [36;1mnpm run build[0m
2025-02-11T00:37:16.9960348Z shell: /usr/bin/bash -e {0}
2025-02-11T00:37:16.9960604Z ##[endgroup]
2025-02-11T00:37:17.1254551Z 
2025-02-11T00:37:17.1254821Z > build
2025-02-11T00:37:17.1255126Z > node ./scripts/build.js
2025-02-11T00:37:17.1255301Z 
2025-02-11T00:37:17.1844927Z âœ˜ [ERROR] Invalid option in build() call: "watch"
2025-02-11T00:37:17.1845573Z 
2025-02-11T00:37:17.1846067Z     /home/runner/work/alpine/alpine/node_modules/esbuild/lib/main.js:254:12:
2025-02-11T00:37:17.1847444Z       254 â”‚       throw new Error(`Invalid option ${where}: ${quote(key)}`);
2025-02-11T00:37:17.1877694Z           â•µ             ^
2025-02-11T00:37:17.1877965Z 
2025-02-11T00:37:17.1878611Z     at checkForInvalidFlags (/home/runner/work/alpine/alpine/node_modules/esbuild/lib/main.js:254:13)
2025-02-11T00:37:17.1880316Z     at flagsForBuildOptions (/home/runner/work/alpine/alpine/node_modules/esbuild/lib/main.js:427:3)
2025-02-11T00:37:17.1881664Z     at buildOrContextContinue (/home/runner/work/alpine/alpine/node_modules/esbuild/lib/main.js:914:9)
2025-02-11T00:37:17.1882893Z     at buildOrContextImpl (/home/runner/work/alpine/alpine/node_modules/esbuild/lib/main.js:898:5)
2025-02-11T00:37:17.1884248Z     at Object.buildOrContext (/home/runner/work/alpine/alpine/node_modules/esbuild/lib/main.js:700:5)
2025-02-11T00:37:17.1885430Z     at /home/runner/work/alpine/alpine/node_modules/esbuild/lib/main.js:2030:15
2025-02-11T00:37:17.1886222Z     at new Promise (<anonymous>)
2025-02-11T00:37:17.1887200Z     at Object.build (/home/runner/work/alpine/alpine/node_modules/esbuild/lib/main.js:2029:25)
2025-02-11T00:37:17.1888385Z     at Object.build (/home/runner/work/alpine/alpine/node_modules/esbuild/lib/main.js:1880:51)
2025-02-11T00:37:17.1889546Z     at build (/home/runner/work/alpine/alpine/scripts/build.js:91:31)
2025-02-11T00:37:17.1889996Z 
2025-02-11T00:37:17.1890500Z âœ˜ [ERROR] Invalid option in build() call: "watch"
2025-02-11T00:37:17.1890890Z 
2025-02-11T00:37:17.1891339Z     /home/runner/work/alpine/alpine/node_modules/esbuild/lib/main.js:254:12:
2025-02-11T00:37:17.1892452Z       254 â”‚       throw new Error(`Invalid option ${where}: ${quote(key)}`);
2025-02-11T00:37:17.1893229Z           â•µ             ^
2025-02-11T00:37:17.1893515Z 
2025-02-11T00:37:17.1894185Z     at checkForInvalidFlags (/home/runner/work/alpine/alpine/node_modules/esbuild/lib/main.js:254:13)
2025-02-11T00:37:17.1895561Z     at flagsForBuildOptions (/home/runner/work/alpine/alpine/node_modules/esbuild/lib/main.js:427:3)
2025-02-11T00:37:17.1896928Z     at buildOrContextContinue (/home/runner/work/alpine/alpine/node_modules/esbuild/lib/main.js:914:9)
2025-02-11T00:37:17.1898195Z     at buildOrContextImpl (/home/runner/work/alpine/alpine/node_modules/esbuild/lib/main.js:898:5)
2025-02-11T00:37:17.1899633Z     at Object.buildOrContext (/home/runner/work/alpine/alpine/node_modules/esbuild/lib/main.js:700:5)
2025-02-11T00:37:17.1900741Z     at /home/runner/work/alpine/alpine/node_modules/esbuild/lib/main.js:2030:15
2025-02-11T00:37:17.1901477Z     at new Promise (<anonymous>)
2025-02-11T00:37:17.1902312Z     at Object.build (/home/runner/work/alpine/alpine/node_modules/esbuild/lib/main.js:2029:25)
2025-02-11T00:37:17.1903537Z     at Object.build (/home/runner/work/alpine/alpine/node_modules/esbuild/lib/main.js:1880:51)
2025-02-11T00:37:17.1904564Z     at build (/home/runner/work/alpine/alpine/scripts/build.js:91:31)
2025-02-11T00:37:17.1905061Z 
2025-02-11T00:37:17.1905584Z âœ˜ [ERROR] Invalid option in build() call: "watch"
2025-02-11T00:37:17.1905999Z 
2025-02-11T00:37:17.1906451Z     /home/runner/work/alpine/alpine/node_modules/esbuild/lib/main.js:254:12:
2025-02-11T00:37:17.1907443Z       254 â”‚       throw new Error(`Invalid option ${where}: ${quote(key)}`);
2025-02-11T00:37:17.1908052Z           â•µ             ^
2025-02-11T00:37:17.1908281Z 
2025-02-11T00:37:17.1909453Z     at checkForInvalidFlags (/home/runner/work/alpine/alpine/node_modules/esbuild/lib/main.js:254:13)
2025-02-11T00:37:17.1910776Z     at flagsForBuildOptions (/home/runner/work/alpine/alpine/node_modules/esbuild/lib/main.js:427:3)
2025-02-11T00:37:17.1912099Z     at buildOrContextContinue (/home/runner/work/alpine/alpine/node_modules/esbuild/lib/main.js:914:9)
2025-02-11T00:37:17.1913698Z     at buildOrContextImpl (/home/runner/work/alpine/alpine/node_modules/esbuild/lib/main.js:898:5)
2025-02-11T00:37:17.1915042Z     at Object.buildOrContext (/home/runner/work/alpine/alpine/node_modules/esbuild/lib/main.js:700:5)
2025-02-11T00:37:17.1916227Z     at /home/runner/work/alpine/alpine/node_modules/esbuild/lib/main.js:2030:15
2025-02-11T00:37:17.1916998Z     at new Promise (<anonymous>)
2025-02-11T00:37:17.1917832Z     at Object.build (/home/runner/work/alpine/alpine/node_modules/esbuild/lib/main.js:2029:25)
2025-02-11T00:37:17.1918948Z     at Object.build (/home/runner/work/alpine/alpine/node_modules/esbuild/lib/main.js:1880:51)
2025-02-11T00:37:17.1920162Z     at build (/home/runner/work/alpine/alpine/scripts/build.js:91:31)
2025-02-11T00:37:17.1920621Z 
2025-02-11T00:37:17.1921092Z âœ˜ [ERROR] Invalid option in build() call: "watch"
2025-02-11T00:37:17.1921467Z 
2025-02-11T00:37:17.1921899Z     /home/runner/work/alpine/alpine/node_modules/esbuild/lib/main.js:254:12:
2025-02-11T00:37:17.1922938Z       254 â”‚       throw new Error(`Invalid option ${where}: ${quote(key)}`);
2025-02-11T00:37:17.1923631Z           â•µ             ^
2025-02-11T00:37:17.1923902Z 
2025-02-11T00:37:17.1924540Z     at checkForInvalidFlags (/home/runner/work/alpine/alpine/node_modules/esbuild/lib/main.js:254:13)
2025-02-11T00:37:17.1925906Z     at flagsForBuildOptions (/home/runner/work/alpine/alpine/node_modules/esbuild/lib/main.js:427:3)
2025-02-11T00:37:17.1927268Z     at buildOrContextContinue (/home/runner/work/alpine/alpine/node_modules/esbuild/lib/main.js:914:9)
2025-02-11T00:37:17.1928598Z     at buildOrContextImpl (/home/runner/work/alpine/alpine/node_modules/esbuild/lib/main.js:898:5)
2025-02-11T00:37:17.1930146Z     at Object.buildOrContext (/home/runner/work/alpine/alpine/node_modules/esbuild/lib/main.js:700:5)
2025-02-11T00:37:17.1931289Z     at /home/runner/work/alpine/alpine/node_modules/esbuild/lib/main.js:2030:15
2025-02-11T00:37:17.1932001Z     at new Promise (<anonymous>)
2025-02-11T00:37:17.1932805Z     at Object.build (/home/runner/work/alpine/alpine/node_modules/esbuild/lib/main.js:2029:25)
2025-02-11T00:37:17.1933899Z     at Object.build (/home/runner/work/alpine/alpine/node_modules/esbuild/lib/main.js:1880:51)
2025-02-11T00:37:17.1934828Z     at build (/home/runner/work/alpine/alpine/scripts/build.js:91:31)
2025-02-11T00:37:17.1935302Z 
2025-02-11T00:37:17.1935893Z âœ˜ [ERROR] Invalid option in build() call: "watch"
2025-02-11T00:37:17.1936287Z 
2025-02-11T00:37:17.1936758Z     /home/runner/work/alpine/alpine/node_modules/esbuild/lib/main.js:254:12:
2025-02-11T00:37:17.1937825Z       254 â”‚       throw new Error(`Invalid option ${where}: ${quote(key)}`);
2025-02-11T00:37:17.1938500Z           â•µ             ^
2025-02-11T00:37:17.1938777Z 
2025-02-11T00:37:17.1939619Z     at checkForInvalidFlags (/home/runner/work/alpine/alpine/node_modules/esbuild/lib/main.js:254:13)
2025-02-11T00:37:17.1941003Z     at flagsForBuildOptions (/home/runner/work/alpine/alpine/node_modules/esbuild/lib/main.js:427:3)
2025-02-11T00:37:17.1942378Z     at buildOrContextContinue (/home/runner/work/alpine/alpine/node_modules/esbuild/lib/main.js:914:9)
2025-02-11T00:37:17.1943693Z     at buildOrContextImpl (/home/runner/work/alpine/alpine/node_modules/esbuild/lib/main.js:898:5)
2025-02-11T00:37:17.1944932Z     at Object.buildOrContext (/home/runner/work/alpine/alpine/node_modules/esbuild/lib/main.js:700:5)
2025-02-11T00:37:17.1946003Z     at /home/runner/work/alpine/alpine/node_modules/esbuild/lib/main.js:2030:15
2025-02-11T00:37:17.1946732Z     at new Promise (<anonymous>)
2025-02-11T00:37:17.1947544Z     at Object.build (/home/runner/work/alpine/alpine/node_modules/esbuild/lib/main.js:2029:25)
2025-02-11T00:37:17.1948871Z     at Object.build (/home/runner/work/alpine/alpine/node_modules/esbuild/lib/main.js:1880:51)
2025-02-11T00:37:17.1950019Z     at build (/home/runner/work/alpine/alpine/scripts/build.js:91:31)
2025-02-11T00:37:17.1950498Z 
2025-02-11T00:37:17.1951325Z âœ˜ [ERROR] Invalid option in build() call: "watch"
2025-02-11T00:37:17.1951752Z 
2025-02-11T00:37:17.1952227Z     /home/runner/work/alpine/alpine/node_modules/esbuild/lib/main.js:254:12:
2025-02-11T00:37:17.1953295Z       254 â”‚       throw new Error(`Invalid option ${where}: ${quote(key)}`);
2025-02-11T00:37:17.1954012Z           â•µ             ^
2025-02-11T00:37:17.1954286Z 
2025-02-11T00:37:17.1954938Z     at checkForInvalidFlags (/home/runner/work/alpine/alpine/node_modules/esbuild/lib/main.js:254:13)
2025-02-11T00:37:17.1956309Z     at flagsForBuildOptions (/home/runner/work/alpine/alpine/node_modules/esbuild/lib/main.js:427:3)
2025-02-11T00:37:17.1957581Z     at buildOrContextContinue (/home/runner/work/alpine/alpine/node_modules/esbuild/lib/main.js:914:9)
2025-02-11T00:37:17.1958827Z     at buildOrContextImpl (/home/runner/work/alpine/alpine/node_modules/esbuild/lib/main.js:898:5)
2025-02-11T00:37:17.1960314Z     at Object.buildOrContext (/home/runner/work/alpine/alpine/node_modules/esbuild/lib/main.js:700:5)
2025-02-11T00:37:17.1961482Z     at /home/runner/work/alpine/alpine/node_modules/esbuild/lib/main.js:2030:15
2025-02-11T00:37:17.1962258Z     at new Promise (<anonymous>)
2025-02-11T00:37:17.1963107Z     at Object.build (/home/runner/work/alpine/alpine/node_modules/esbuild/lib/main.js:2029:25)
2025-02-11T00:37:17.1964284Z     at Object.build (/home/runner/work/alpine/alpine/node_modules/esbuild/lib/main.js:1880:51)
2025-02-11T00:37:17.1965294Z     at build (/home/runner/work/alpine/alpine/scripts/build.js:91:31)
2025-02-11T00:37:17.1965732Z 
2025-02-11T00:37:17.1966202Z âœ˜ [ERROR] Invalid option in build() call: "watch"
2025-02-11T00:37:17.1966556Z 
2025-02-11T00:37:17.1966990Z     /home/runner/work/alpine/alpine/node_modules/esbuild/lib/main.js:254:12:
2025-02-11T00:37:17.1967963Z       254 â”‚       throw new Error(`Invalid option ${where}: ${quote(key)}`);
2025-02-11T00:37:17.1968616Z           â•µ             ^
2025-02-11T00:37:17.1968872Z 
2025-02-11T00:37:17.1969705Z     at checkForInvalidFlags (/home/runner/work/alpine/alpine/node_modules/esbuild/lib/main.js:254:13)
2025-02-11T00:37:17.1971030Z     at flagsForBuildOptions (/home/runner/work/alpine/alpine/node_modules/esbuild/lib/main.js:427:3)
2025-02-11T00:37:17.1972349Z     at buildOrContextContinue (/home/runner/work/alpine/alpine/node_modules/esbuild/lib/main.js:914:9)
2025-02-11T00:37:17.1973732Z     at buildOrContextImpl (/home/runner/work/alpine/alpine/node_modules/esbuild/lib/main.js:898:5)
2025-02-11T00:37:17.1975044Z     at Object.buildOrContext (/home/runner/work/alpine/alpine/node_modules/esbuild/lib/main.js:700:5)
2025-02-11T00:37:17.1976239Z     at /home/runner/work/alpine/alpine/node_modules/esbuild/lib/main.js:2030:15
2025-02-11T00:37:17.1976977Z     at new Promise (<anonymous>)
2025-02-11T00:37:17.1977797Z     at Object.build (/home/runner/work/alpine/alpine/node_modules/esbuild/lib/main.js:2029:25)
2025-02-11T00:37:17.1978903Z     at Object.build (/home/runner/work/alpine/alpine/node_modules/esbuild/lib/main.js:1880:51)
2025-02-11T00:37:17.1980056Z     at build (/home/runner/work/alpine/alpine/scripts/build.js:91:31)
2025-02-11T00:37:17.1980502Z 
2025-02-11T00:37:17.1981013Z âœ˜ [ERROR] Invalid option in build() call: "watch"
2025-02-11T00:37:17.1981399Z 
2025-02-11T00:37:17.1981856Z     /home/runner/work/alpine/alpine/node_modules/esbuild/lib/main.js:254:12:
2025-02-11T00:37:17.1982946Z       254 â”‚       throw new Error(`Invalid option ${where}: ${quote(key)}`);
2025-02-11T00:37:17.1983671Z           â•µ             ^
2025-02-11T00:37:17.1983930Z 
2025-02-11T00:37:17.1984588Z     at checkForInvalidFlags (/home/runner/work/alpine/alpine/node_modules/esbuild/lib/main.js:254:13)
2025-02-11T00:37:17.1985938Z     at flagsForBuildOptions (/home/runner/work/alpine/alpine/node_modules/esbuild/lib/main.js:427:3)
2025-02-11T00:37:17.1987418Z     at buildOrContextContinue (/home/runner/work/alpine/alpine/node_modules/esbuild/lib/main.js:914:9)
2025-02-11T00:37:17.1988676Z     at buildOrContextImpl (/home/runner/work/alpine/alpine/node_modules/esbuild/lib/main.js:898:5)
2025-02-11T00:37:17.1990307Z     at Object.buildOrContext (/home/runner/work/alpine/alpine/node_modules/esbuild/lib/main.js:700:5)
2025-02-11T00:37:17.1991472Z     at /home/runner/work/alpine/alpine/node_modules/esbuild/lib/main.js:2030:15
2025-02-11T00:37:17.1992317Z     at new Promise (<anonymous>)
2025-02-11T00:37:17.1993178Z     at Object.build (/home/runner/work/alpine/alpine/node_modules/esbuild/lib/main.js:2029:25)
2025-02-11T00:37:17.1994412Z     at Object.build (/home/runner/work/alpine/alpine/node_modules/esbuild/lib/main.js:1880:51)
2025-02-11T00:37:17.1995365Z     at build (/home/runner/work/alpine/alpine/scripts/build.js:91:31)
2025-02-11T00:37:17.1995810Z 
2025-02-11T00:37:17.1996374Z âœ˜ [ERROR] Invalid option in build() call: "watch"
2025-02-11T00:37:17.1996745Z 
2025-02-11T00:37:17.1997187Z     /home/runner/work/alpine/alpine/node_modules/esbuild/lib/main.js:254:12:
2025-02-11T00:37:17.1998149Z       254 â”‚       throw new Error(`Invalid option ${where}: ${quote(key)}`);
2025-02-11T00:37:17.1998808Z           â•µ             ^
2025-02-11T00:37:17.1999242Z 
2025-02-11T00:37:17.1999902Z     at checkForInvalidFlags (/home/runner/work/alpine/alpine/node_modules/esbuild/lib/main.js:254:13)
2025-02-11T00:37:17.2001249Z     at flagsForBuildOptions (/home/runner/work/alpine/alpine/node_modules/esbuild/lib/main.js:427:3)
2025-02-11T00:37:17.2002606Z     at buildOrContextContinue (/home/runner/work/alpine/alpine/node_modules/esbuild/lib/main.js:914:9)
2025-02-11T00:37:17.2003992Z     at buildOrContextImpl (/home/runner/work/alpine/alpine/node_modules/esbuild/lib/main.js:898:5)
2025-02-11T00:37:17.2005306Z     at Object.buildOrContext (/home/runner/work/alpine/alpine/node_modules/esbuild/lib/main.js:700:5)
2025-02-11T00:37:17.2006446Z     at /home/runner/work/alpine/alpine/node_modules/esbuild/lib/main.js:2030:15
2025-02-11T00:37:17.2007168Z     at new Promise (<anonymous>)
2025-02-11T00:37:17.2007951Z     at Object.build (/home/runner/work/alpine/alpine/node_modules/esbuild/lib/main.js:2029:25)
2025-02-11T00:37:17.2009263Z     at Object.build (/home/runner/work/alpine/alpine/node_modules/esbuild/lib/main.js:1880:51)
2025-02-11T00:37:17.2010216Z     at build (/home/runner/work/alpine/alpine/scripts/build.js:91:31)
2025-02-11T00:37:17.2010693Z 
2025-02-11T00:37:17.2011194Z âœ˜ [ERROR] Invalid option in build() call: "watch"
2025-02-11T00:37:17.2011599Z 
2025-02-11T00:37:17.2012058Z     /home/runner/work/alpine/alpine/node_modules/esbuild/lib/main.js:254:12:
2025-02-11T00:37:17.2013148Z       254 â”‚       throw new Error(`Invalid option ${where}: ${quote(key)}`);
2025-02-11T00:37:17.2013876Z           â•µ             ^
2025-02-11T00:37:17.2014135Z 
2025-02-11T00:37:17.2014771Z     at checkForInvalidFlags (/home/runner/work/alpine/alpine/node_modules/esbuild/lib/main.js:254:13)
2025-02-11T00:37:17.2016100Z     at flagsForBuildOptions (/home/runner/work/alpine/alpine/node_modules/esbuild/lib/main.js:427:3)
2025-02-11T00:37:17.2017426Z     at buildOrContextContinue (/home/runner/work/alpine/alpine/node_modules/esbuild/lib/main.js:914:9)
2025-02-11T00:37:17.2018715Z     at buildOrContextImpl (/home/runner/work/alpine/alpine/node_modules/esbuild/lib/main.js:898:5)
2025-02-11T00:37:17.2020201Z     at Object.buildOrContext (/home/runner/work/alpine/alpine/node_modules/esbuild/lib/main.js:700:5)
2025-02-11T00:37:17.2021376Z     at /home/runner/work/alpine/alpine/node_modules/esbuild/lib/main.js:2030:15
2025-02-11T00:37:17.2022085Z     at new Promise (<anonymous>)
2025-02-11T00:37:17.2022877Z     at Object.build (/home/runner/work/alpine/alpine/node_modules/esbuild/lib/main.js:2029:25)
2025-02-11T00:37:17.2024007Z     at Object.build (/home/runner/work/alpine/alpine/node_modules/esbuild/lib/main.js:1880:51)
2025-02-11T00:37:17.2025247Z     at build (/home/runner/work/alpine/alpine/scripts/build.js:91:31)
2025-02-11T00:37:17.2025815Z 
2025-02-11T00:37:17.2026346Z âœ˜ [ERROR] Invalid option in build() call: "watch"
2025-02-11T00:37:17.2026759Z 
2025-02-11T00:37:17.2027241Z     /home/runner/work/alpine/alpine/node_modules/esbuild/lib/main.js:254:12:
2025-02-11T00:37:17.2028616Z       254 â”‚       throw new Error(`Invalid option ${where}: ${quote(key)}`);
2025-02-11T00:37:17.2029464Z           â•µ             ^
2025-02-11T00:37:17.2029695Z 
2025-02-11T00:37:17.2030323Z     at checkForInvalidFlags (/home/runner/work/alpine/alpine/node_modules/esbuild/lib/main.js:254:13)
2025-02-11T00:37:17.2031601Z     at flagsForBuildOptions (/home/runner/work/alpine/alpine/node_modules/esbuild/lib/main.js:427:3)
2025-02-11T00:37:17.2032968Z     at buildOrContextContinue (/home/runner/work/alpine/alpine/node_modules/esbuild/lib/main.js:914:9)
2025-02-11T00:37:17.2034358Z     at buildOrContextImpl (/home/runner/work/alpine/alpine/node_modules/esbuild/lib/main.js:898:5)
2025-02-11T00:37:17.2035716Z     at Object.buildOrContext (/home/runner/work/alpine/alpine/node_modules/esbuild/lib/main.js:700:5)
2025-02-11T00:37:17.2036890Z     at /home/runner/work/alpine/alpine/node_modules/esbuild/lib/main.js:2030:15
2025-02-11T00:37:17.2037607Z     at new Promise (<anonymous>)
2025-02-11T00:37:17.2038412Z     at Object.build (/home/runner/work/alpine/alpine/node_modules/esbuild/lib/main.js:2029:25)
2025-02-11T00:37:17.2039709Z     at Object.build (/home/runner/work/alpine/alpine/node_modules/esbuild/lib/main.js:1880:51)
2025-02-11T00:37:17.2040679Z     at build (/home/runner/work/alpine/alpine/scripts/build.js:91:31)
2025-02-11T00:37:17.2041157Z 
2025-02-11T00:37:17.2041668Z âœ˜ [ERROR] Invalid option in build() call: "watch"
2025-02-11T00:37:17.2042077Z 
2025-02-11T00:37:17.2042562Z     /home/runner/work/alpine/alpine/node_modules/esbuild/lib/main.js:254:12:
2025-02-11T00:37:17.2043672Z       254 â”‚       throw new Error(`Invalid option ${where}: ${quote(key)}`);
2025-02-11T00:37:17.2044394Z           â•µ             ^
2025-02-11T00:37:17.2044648Z 
2025-02-11T00:37:17.2045267Z     at checkForInvalidFlags (/home/runner/work/alpine/alpine/node_modules/esbuild/lib/main.js:254:13)
2025-02-11T00:37:17.2046529Z     at flagsForBuildOptions (/home/runner/work/alpine/alpine/node_modules/esbuild/lib/main.js:427:3)
2025-02-11T00:37:17.2047854Z     at buildOrContextContinue (/home/runner/work/alpine/alpine/node_modules/esbuild/lib/main.js:914:9)
2025-02-11T00:37:17.2049379Z     at buildOrContextImpl (/home/runner/work/alpine/alpine/node_modules/esbuild/lib/main.js:898:5)
2025-02-11T00:37:17.2050743Z     at Object.buildOrContext (/home/runner/work/alpine/alpine/node_modules/esbuild/lib/main.js:700:5)
2025-02-11T00:37:17.2051959Z     at /home/runner/work/alpine/alpine/node_modules/esbuild/lib/main.js:2030:15
2025-02-11T00:37:17.2052710Z     at new Promise (<anonymous>)
2025-02-11T00:37:17.2053510Z     at Object.build (/home/runner/work/alpine/alpine/node_modules/esbuild/lib/main.js:2029:25)
2025-02-11T00:37:17.2054622Z     at Object.build (/home/runner/work/alpine/alpine/node_modules/esbuild/lib/main.js:1880:51)
2025-02-11T00:37:17.2055580Z     at build (/home/runner/work/alpine/alpine/scripts/build.js:91:31)
2025-02-11T00:37:17.2056057Z 
2025-02-11T00:37:17.2056631Z âœ˜ [ERROR] Invalid option in build() call: "watch"
2025-02-11T00:37:17.2057062Z 
2025-02-11T00:37:17.2057532Z     /home/runner/work/alpine/alpine/node_modules/esbuild/lib/main.js:254:12:
2025-02-11T00:37:17.2058652Z       254 â”‚       throw new Error(`Invalid option ${where}: ${quote(key)}`);
2025-02-11T00:37:17.2059572Z           â•µ             ^
2025-02-11T00:37:17.2059826Z 
2025-02-11T00:37:17.2060475Z     at checkForInvalidFlags (/home/runner/work/alpine/alpine/node_modules/esbuild/lib/main.js:254:13)
2025-02-11T00:37:17.2061730Z     at flagsForBuildOptions (/home/runner/work/alpine/alpine/node_modules/esbuild/lib/main.js:427:3)
2025-02-11T00:37:17.2062988Z     at buildOrContextContinue (/home/runner/work/alpine/alpine/node_modules/esbuild/lib/main.js:914:9)
2025-02-11T00:37:17.2064528Z     at buildOrContextImpl (/home/runner/work/alpine/alpine/node_modules/esbuild/lib/main.js:898:5)
2025-02-11T00:37:17.2065927Z     at Object.buildOrContext (/home/runner/work/alpine/alpine/node_modules/esbuild/lib/main.js:700:5)
2025-02-11T00:37:17.2067395Z     at /home/runner/work/alpine/alpine/node_modules/esbuild/lib/main.js:2030:15
2025-02-11T00:37:17.2068118Z     at new Promise (<anonymous>)
2025-02-11T00:37:17.2068918Z     at Object.build (/home/runner/work/alpine/alpine/node_modules/esbuild/lib/main.js:2029:25)
2025-02-11T00:37:17.2070221Z     at Object.build (/home/runner/work/alpine/alpine/node_modules/esbuild/lib/main.js:1880:51)
2025-02-11T00:37:17.2071166Z     at build (/home/runner/work/alpine/alpine/scripts/build.js:91:31)
2025-02-11T00:37:17.2071619Z 
2025-02-11T00:37:17.2072108Z âœ˜ [ERROR] Invalid option in build() call: "watch"
2025-02-11T00:37:17.2072490Z 
2025-02-11T00:37:17.2072934Z     /home/runner/work/alpine/alpine/node_modules/esbuild/lib/main.js:254:12:
2025-02-11T00:37:17.2073960Z       254 â”‚       throw new Error(`Invalid option ${where}: ${quote(key)}`);
2025-02-11T00:37:17.2074614Z           â•µ             ^
2025-02-11T00:37:17.2074867Z 
2025-02-11T00:37:17.2075526Z     at checkForInvalidFlags (/home/runner/work/alpine/alpine/node_modules/esbuild/lib/main.js:254:13)
2025-02-11T00:37:17.2076905Z     at flagsForBuildOptions (/home/runner/work/alpine/alpine/node_modules/esbuild/lib/main.js:427:3)
2025-02-11T00:37:17.2078255Z     at buildOrContextContinue (/home/runner/work/alpine/alpine/node_modules/esbuild/lib/main.js:914:9)
2025-02-11T00:37:17.2079698Z     at buildOrContextImpl (/home/runner/work/alpine/alpine/node_modules/esbuild/lib/main.js:898:5)
2025-02-11T00:37:17.2080913Z     at Object.buildOrContext (/home/runner/work/alpine/alpine/node_modules/esbuild/lib/main.js:700:5)
2025-02-11T00:37:17.2082047Z     at /home/runner/work/alpine/alpine/node_modules/esbuild/lib/main.js:2030:15
2025-02-11T00:37:17.2082819Z     at new Promise (<anonymous>)
2025-02-11T00:37:17.2083697Z     at Object.build (/home/runner/work/alpine/alpine/node_modules/esbuild/lib/main.js:2029:25)
2025-02-11T00:37:17.2084912Z     at Object.build (/home/runner/work/alpine/alpine/node_modules/esbuild/lib/main.js:1880:51)
2025-02-11T00:37:17.2085961Z     at build (/home/runner/work/alpine/alpine/scripts/build.js:91:31)
2025-02-11T00:37:17.2086416Z 
2025-02-11T00:37:17.2087057Z âœ˜ [ERROR] Invalid option in build() call: "watch"
2025-02-11T00:37:17.2087421Z 
2025-02-11T00:37:17.2087858Z     /home/runner/work/alpine/alpine/node_modules/esbuild/lib/main.js:254:12:
2025-02-11T00:37:17.2088821Z       254 â”‚       throw new Error(`Invalid option ${where}: ${quote(key)}`);
2025-02-11T00:37:17.2089723Z           â•µ             ^
2025-02-11T00:37:17.2090011Z 
2025-02-11T00:37:17.2090667Z     at checkForInvalidFlags (/home/runner/work/alpine/alpine/node_modules/esbuild/lib/main.js:254:13)
2025-02-11T00:37:17.2092113Z     at flagsForBuildOptions (/home/runner/work/alpine/alpine/node_modules/esbuild/lib/main.js:427:3)
2025-02-11T00:37:17.2093510Z     at buildOrContextContinue (/home/runner/work/alpine/alpine/node_modules/esbuild/lib/main.js:914:9)
2025-02-11T00:37:17.2094764Z     at buildOrContextImpl (/home/runner/work/alpine/alpine/node_modules/esbuild/lib/main.js:898:5)
2025-02-11T00:37:17.2095988Z     at Object.buildOrContext (/home/runner/work/alpine/alpine/node_modules/esbuild/lib/main.js:700:5)
2025-02-11T00:37:17.2097078Z     at /home/runner/work/alpine/alpine/node_modules/esbuild/lib/main.js:2030:15
2025-02-11T00:37:17.2097829Z     at new Promise (<anonymous>)
2025-02-11T00:37:17.2098704Z     at Object.build (/home/runner/work/alpine/alpine/node_modules/esbuild/lib/main.js:2029:25)
2025-02-11T00:37:17.2100120Z     at Object.build (/home/runner/work/alpine/alpine/node_modules/esbuild/lib/main.js:1880:51)
2025-02-11T00:37:17.2101103Z     at build (/home/runner/work/alpine/alpine/scripts/build.js:91:31)
2025-02-11T00:37:17.2101546Z 
2025-02-11T00:37:17.2102017Z âœ˜ [ERROR] Invalid option in build() call: "watch"
2025-02-11T00:37:17.2102373Z 
2025-02-11T00:37:17.2103031Z     /home/runner/work/alpine/alpine/node_modules/esbuild/lib/main.js:254:12:
2025-02-11T00:37:17.2104043Z       254 â”‚       throw new Error(`Invalid option ${where}: ${quote(key)}`);
2025-02-11T00:37:17.2105036Z           â•µ             ^
2025-02-11T00:37:17.2105315Z 
2025-02-11T00:37:17.2105964Z     at checkForInvalidFlags (/home/runner/work/alpine/alpine/node_modules/esbuild/lib/main.js:254:13)
2025-02-11T00:37:17.2107317Z     at flagsForBuildOptions (/home/runner/work/alpine/alpine/node_modules/esbuild/lib/main.js:427:3)
2025-02-11T00:37:17.2108585Z     at buildOrContextContinue (/home/runner/work/alpine/alpine/node_modules/esbuild/lib/main.js:914:9)
2025-02-11T00:37:17.2110015Z     at buildOrContextImpl (/home/runner/work/alpine/alpine/node_modules/esbuild/lib/main.js:898:5)
2025-02-11T00:37:17.2111291Z     at Object.buildOrContext (/home/runner/work/alpine/alpine/node_modules/esbuild/lib/main.js:700:5)
2025-02-11T00:37:17.2112463Z     at /home/runner/work/alpine/alpine/node_modules/esbuild/lib/main.js:2030:15
2025-02-11T00:37:17.2113241Z     at new Promise (<anonymous>)
2025-02-11T00:37:17.2114097Z     at Object.build (/home/runner/work/alpine/alpine/node_modules/esbuild/lib/main.js:2029:25)
2025-02-11T00:37:17.2115322Z     at Object.build (/home/runner/work/alpine/alpine/node_modules/esbuild/lib/main.js:1880:51)
2025-02-11T00:37:17.2116272Z     at build (/home/runner/work/alpine/alpine/scripts/build.js:91:31)
2025-02-11T00:37:17.2116714Z 
2025-02-11T00:37:17.2117183Z âœ˜ [ERROR] Invalid option in build() call: "watch"
2025-02-11T00:37:17.2117539Z 
2025-02-11T00:37:17.2117984Z     /home/runner/work/alpine/alpine/node_modules/esbuild/lib/main.js:254:12:
2025-02-11T00:37:17.2119331Z       254 â”‚       throw new Error(`Invalid option ${where}: ${quote(key)}`);
2025-02-11T00:37:17.2120111Z           â•µ             ^
2025-02-11T00:37:17.2120383Z 
2025-02-11T00:37:17.2121033Z     at checkForInvalidFlags (/home/runner/work/alpine/alpine/node_modules/esbuild/lib/main.js:254:13)
2025-02-11T00:37:17.2122362Z     at flagsForBuildOptions (/home/runner/work/alpine/alpine/node_modules/esbuild/lib/main.js:427:3)
2025-02-11T00:37:17.2123628Z     at buildOrContextContinue (/home/runner/work/alpine/alpine/node_modules/esbuild/lib/main.js:914:9)
2025-02-11T00:37:17.2124907Z     at buildOrContextImpl (/home/runner/work/alpine/alpine/node_modules/esbuild/lib/main.js:898:5)
2025-02-11T00:37:17.2126129Z     at Object.buildOrContext (/home/runner/work/alpine/alpine/node_modules/esbuild/lib/main.js:700:5)
2025-02-11T00:37:17.2127233Z     at /home/runner/work/alpine/alpine/node_modules/esbuild/lib/main.js:2030:15
2025-02-11T00:37:17.2127973Z     at new Promise (<anonymous>)
2025-02-11T00:37:17.2128802Z     at Object.build (/home/runner/work/alpine/alpine/node_modules/esbuild/lib/main.js:2029:25)
2025-02-11T00:37:17.2130201Z     at Object.build (/home/runner/work/alpine/alpine/node_modules/esbuild/lib/main.js:1880:51)
2025-02-11T00:37:17.2131222Z     at build (/home/runner/work/alpine/alpine/scripts/build.js:91:31)
2025-02-11T00:37:17.2131703Z 
2025-02-11T00:37:17.2132199Z âœ˜ [ERROR] Invalid option in build() call: "watch"
2025-02-11T00:37:17.2132566Z 
2025-02-11T00:37:17.2133003Z     /home/runner/work/alpine/alpine/node_modules/esbuild/lib/main.js:254:12:
2025-02-11T00:37:17.2133960Z       254 â”‚       throw new Error(`Invalid option ${where}: ${quote(key)}`);
2025-02-11T00:37:17.2134560Z           â•µ             ^
2025-02-11T00:37:17.2134790Z 
2025-02-11T00:37:17.2135424Z     at checkForInvalidFlags (/home/runner/work/alpine/alpine/node_modules/esbuild/lib/main.js:254:13)
2025-02-11T00:37:17.2136767Z     at flagsForBuildOptions (/home/runner/work/alpine/alpine/node_modules/esbuild/lib/main.js:427:3)
2025-02-11T00:37:17.2138145Z     at buildOrContextContinue (/home/runner/work/alpine/alpine/node_modules/esbuild/lib/main.js:914:9)
2025-02-11T00:37:17.2139653Z     at buildOrContextImpl (/home/runner/work/alpine/alpine/node_modules/esbuild/lib/main.js:898:5)
2025-02-11T00:37:17.2141098Z     at Object.buildOrContext (/home/runner/work/alpine/alpine/node_modules/esbuild/lib/main.js:700:5)
2025-02-11T00:37:17.2142210Z     at /home/runner/work/alpine/alpine/node_modules/esbuild/lib/main.js:2030:15
2025-02-11T00:37:17.2142966Z     at new Promise (<anonymous>)
2025-02-11T00:37:17.2144066Z     at Object.build (/home/runner/work/alpine/alpine/node_modules/esbuild/lib/main.js:2029:25)
2025-02-11T00:37:17.2145283Z     at Object.build (/home/runner/work/alpine/alpine/node_modules/esbuild/lib/main.js:1880:51)
2025-02-11T00:37:17.2146340Z     at build (/home/runner/work/alpine/alpine/scripts/build.js:91:31)
2025-02-11T00:37:17.2146799Z 
2025-02-11T00:37:17.2147264Z âœ˜ [ERROR] Invalid option in build() call: "watch"
2025-02-11T00:37:17.2147614Z 
2025-02-11T00:37:17.2148043Z     /home/runner/work/alpine/alpine/node_modules/esbuild/lib/main.js:254:12:
2025-02-11T00:37:17.2148978Z       254 â”‚       throw new Error(`Invalid option ${where}: ${quote(key)}`);
2025-02-11T00:37:17.2149861Z           â•µ             ^
2025-02-11T00:37:17.2150117Z 
2025-02-11T00:37:17.2150774Z     at checkForInvalidFlags (/home/runner/work/alpine/alpine/node_modules/esbuild/lib/main.js:254:13)
2025-02-11T00:37:17.2152152Z     at flagsForBuildOptions (/home/runner/work/alpine/alpine/node_modules/esbuild/lib/main.js:427:3)
2025-02-11T00:37:17.2153552Z     at buildOrContextContinue (/home/runner/work/alpine/alpine/node_modules/esbuild/lib/main.js:914:9)
2025-02-11T00:37:17.2154809Z     at buildOrContextImpl (/home/runner/work/alpine/alpine/node_modules/esbuild/lib/main.js:898:5)
2025-02-11T00:37:17.2156016Z     at Object.buildOrContext (/home/runner/work/alpine/alpine/node_modules/esbuild/lib/main.js:700:5)
2025-02-11T00:37:17.2157132Z     at /home/runner/work/alpine/alpine/node_modules/esbuild/lib/main.js:2030:15
2025-02-11T00:37:17.2157915Z     at new Promise (<anonymous>)
2025-02-11T00:37:17.2158790Z     at Object.build (/home/runner/work/alpine/alpine/node_modules/esbuild/lib/main.js:2029:25)
2025-02-11T00:37:17.2160231Z     at Object.build (/home/runner/work/alpine/alpine/node_modules/esbuild/lib/main.js:1880:51)
2025-02-11T00:37:17.2161202Z     at build (/home/runner/work/alpine/alpine/scripts/build.js:91:31)
2025-02-11T00:37:17.2161639Z 
2025-02-11T00:37:17.2162104Z âœ˜ [ERROR] Invalid option in build() call: "watch"
2025-02-11T00:37:17.2162465Z 
2025-02-11T00:37:17.2162898Z     /home/runner/work/alpine/alpine/node_modules/esbuild/lib/main.js:254:12:
2025-02-11T00:37:17.2163899Z       254 â”‚       throw new Error(`Invalid option ${where}: ${quote(key)}`);
2025-02-11T00:37:17.2164634Z           â•µ             ^
2025-02-11T00:37:17.2164918Z 
2025-02-11T00:37:17.2165584Z     at checkForInvalidFlags (/home/runner/work/alpine/alpine/node_modules/esbuild/lib/main.js:254:13)
2025-02-11T00:37:17.2166967Z     at flagsForBuildOptions (/home/runner/work/alpine/alpine/node_modules/esbuild/lib/main.js:427:3)
2025-02-11T00:37:17.2168243Z     at buildOrContextContinue (/home/runner/work/alpine/alpine/node_modules/esbuild/lib/main.js:914:9)
2025-02-11T00:37:17.2169730Z     at buildOrContextImpl (/home/runner/work/alpine/alpine/node_modules/esbuild/lib/main.js:898:5)
2025-02-11T00:37:17.2171024Z     at Object.buildOrContext (/home/runner/work/alpine/alpine/node_modules/esbuild/lib/main.js:700:5)
2025-02-11T00:37:17.2172186Z     at /home/runner/work/alpine/alpine/node_modules/esbuild/lib/main.js:2030:15
2025-02-11T00:37:17.2172950Z     at new Promise (<anonymous>)
2025-02-11T00:37:17.2173824Z     at Object.build (/home/runner/work/alpine/alpine/node_modules/esbuild/lib/main.js:2029:25)
2025-02-11T00:37:17.2175055Z     at Object.build (/home/runner/work/alpine/alpine/node_modules/esbuild/lib/main.js:1880:51)
2025-02-11T00:37:17.2176039Z     at build (/home/runner/work/alpine/alpine/scripts/build.js:91:31)
2025-02-11T00:37:17.2176492Z 
2025-02-11T00:37:17.2176975Z âœ˜ [ERROR] Invalid option in build() call: "watch"
2025-02-11T00:37:17.2177346Z 
2025-02-11T00:37:17.2177807Z     /home/runner/work/alpine/alpine/node_modules/esbuild/lib/main.js:254:12:
2025-02-11T00:37:17.2179215Z       254 â”‚       throw new Error(`Invalid option ${where}: ${quote(key)}`);
2025-02-11T00:37:17.2179874Z           â•µ             ^
2025-02-11T00:37:17.2180105Z 
2025-02-11T00:37:17.2180728Z     at checkForInvalidFlags (/home/runner/work/alpine/alpine/node_modules/esbuild/lib/main.js:254:13)
2025-02-11T00:37:17.2182219Z     at flagsForBuildOptions (/home/runner/work/alpine/alpine/node_modules/esbuild/lib/main.js:427:3)
2025-02-11T00:37:17.2183632Z     at buildOrContextContinue (/home/runner/work/alpine/alpine/node_modules/esbuild/lib/main.js:914:9)
2025-02-11T00:37:17.2185041Z     at buildOrContextImpl (/home/runner/work/alpine/alpine/node_modules/esbuild/lib/main.js:898:5)
2025-02-11T00:37:17.2186301Z     at Object.buildOrContext (/home/runner/work/alpine/alpine/node_modules/esbuild/lib/main.js:700:5)
2025-02-11T00:37:17.2187373Z     at /home/runner/work/alpine/alpine/node_modules/esbuild/lib/main.js:2030:15
2025-02-11T00:37:17.2188082Z     at new Promise (<anonymous>)
2025-02-11T00:37:17.2188949Z     at Object.build (/home/runner/work/alpine/alpine/node_modules/esbuild/lib/main.js:2029:25)
2025-02-11T00:37:17.2190371Z     at Object.build (/home/runner/work/alpine/alpine/node_modules/esbuild/lib/main.js:1880:51)
2025-02-11T00:37:17.2191431Z     at build (/home/runner/work/alpine/alpine/scripts/build.js:91:31)
2025-02-11T00:37:17.2192028Z 
2025-02-11T00:37:17.2192513Z âœ˜ [ERROR] Invalid option in build() call: "watch"
2025-02-11T00:37:17.2192873Z 
2025-02-11T00:37:17.2193307Z     /home/runner/work/alpine/alpine/node_modules/esbuild/lib/main.js:254:12:
2025-02-11T00:37:17.2194255Z       254 â”‚       throw new Error(`Invalid option ${where}: ${quote(key)}`);
2025-02-11T00:37:17.2194859Z           â•µ             ^
2025-02-11T00:37:17.2195092Z 
2025-02-11T00:37:17.2195734Z     at checkForInvalidFlags (/home/runner/work/alpine/alpine/node_modules/esbuild/lib/main.js:254:13)
2025-02-11T00:37:17.2197098Z     at flagsForBuildOptions (/home/runner/work/alpine/alpine/node_modules/esbuild/lib/main.js:427:3)
2025-02-11T00:37:17.2198527Z     at buildOrContextContinue (/home/runner/work/alpine/alpine/node_modules/esbuild/lib/main.js:914:9)
2025-02-11T00:37:17.2200023Z     at buildOrContextImpl (/home/runner/work/alpine/alpine/node_modules/esbuild/lib/main.js:898:5)
2025-02-11T00:37:17.2201257Z     at Object.buildOrContext (/home/runner/work/alpine/alpine/node_modules/esbuild/lib/main.js:700:5)
2025-02-11T00:37:17.2202358Z     at /home/runner/work/alpine/alpine/node_modules/esbuild/lib/main.js:2030:15
2025-02-11T00:37:17.2203132Z     at new Promise (<anonymous>)
2025-02-11T00:37:17.2203997Z     at Object.build (/home/runner/work/alpine/alpine/node_modules/esbuild/lib/main.js:2029:25)
2025-02-11T00:37:17.2205237Z     at Object.build (/home/runner/work/alpine/alpine/node_modules/esbuild/lib/main.js:1880:51)
2025-02-11T00:37:17.2206297Z     at build (/home/runner/work/alpine/alpine/scripts/build.js:91:31)
2025-02-11T00:37:17.2206765Z 
2025-02-11T00:37:17.2207234Z âœ˜ [ERROR] Invalid option in build() call: "watch"
2025-02-11T00:37:17.2207596Z 
2025-02-11T00:37:17.2208052Z     /home/runner/work/alpine/alpine/node_modules/esbuild/lib/main.js:254:12:
2025-02-11T00:37:17.2208995Z       254 â”‚       throw new Error(`Invalid option ${where}: ${quote(key)}`);
2025-02-11T00:37:17.2209840Z           â•µ             ^
2025-02-11T00:37:17.2210107Z 
2025-02-11T00:37:17.2210756Z     at checkForInvalidFlags (/home/runner/work/alpine/alpine/node_modules/esbuild/lib/main.js:254:13)
2025-02-11T00:37:17.2212153Z     at flagsForBuildOptions (/home/runner/work/alpine/alpine/node_modules/esbuild/lib/main.js:427:3)
2025-02-11T00:37:17.2213544Z     at buildOrContextContinue (/home/runner/work/alpine/alpine/node_modules/esbuild/lib/main.js:914:9)
2025-02-11T00:37:17.2214803Z     at buildOrContextImpl (/home/runner/work/alpine/alpine/node_modules/esbuild/lib/main.js:898:5)
2025-02-11T00:37:17.2216011Z     at Object.buildOrContext (/home/runner/work/alpine/alpine/node_modules/esbuild/lib/main.js:700:5)
2025-02-11T00:37:17.2217142Z     at /home/runner/work/alpine/alpine/node_modules/esbuild/lib/main.js:2030:15
2025-02-11T00:37:17.2218167Z     at new Promise (<anonymous>)
2025-02-11T00:37:17.2219282Z     at Object.build (/home/runner/work/alpine/alpine/node_modules/esbuild/lib/main.js:2029:25)
2025-02-11T00:37:17.2220734Z     at Object.build (/home/runner/work/alpine/alpine/node_modules/esbuild/lib/main.js:1880:51)
2025-02-11T00:37:17.2221675Z     at build (/home/runner/work/alpine/alpine/scripts/build.js:91:31)
2025-02-11T00:37:17.2222119Z 
2025-02-11T00:37:17.2222576Z âœ˜ [ERROR] Invalid option in build() call: "watch"
2025-02-11T00:37:17.2222933Z 
2025-02-11T00:37:17.2223394Z     /home/runner/work/alpine/alpine/node_modules/esbuild/lib/main.js:254:12:
2025-02-11T00:37:17.2224441Z       254 â”‚       throw new Error(`Invalid option ${where}: ${quote(key)}`);
2025-02-11T00:37:17.2225162Z           â•µ             ^
2025-02-11T00:37:17.2225419Z 
2025-02-11T00:37:17.2226075Z     at checkForInvalidFlags (/home/runner/work/alpine/alpine/node_modules/esbuild/lib/main.js:254:13)
2025-02-11T00:37:17.2227422Z     at flagsForBuildOptions (/home/runner/work/alpine/alpine/node_modules/esbuild/lib/main.js:427:3)
2025-02-11T00:37:17.2228704Z     at buildOrContextContinue (/home/runner/work/alpine/alpine/node_modules/esbuild/lib/main.js:914:9)
2025-02-11T00:37:17.2230196Z     at buildOrContextImpl (/home/runner/work/alpine/alpine/node_modules/esbuild/lib/main.js:898:5)
2025-02-11T00:37:17.2231453Z     at Object.buildOrContext (/home/runner/work/alpine/alpine/node_modules/esbuild/lib/main.js:700:5)
2025-02-11T00:37:17.2232521Z     at /home/runner/work/alpine/alpine/node_modules/esbuild/lib/main.js:2030:15
2025-02-11T00:37:17.2233216Z     at new Promise (<anonymous>)
2025-02-11T00:37:17.2234047Z     at Object.build (/home/runner/work/alpine/alpine/node_modules/esbuild/lib/main.js:2029:25)
2025-02-11T00:37:17.2235219Z     at Object.build (/home/runner/work/alpine/alpine/node_modules/esbuild/lib/main.js:1880:51)
2025-02-11T00:37:17.2236221Z     at build (/home/runner/work/alpine/alpine/scripts/build.js:91:31)
2025-02-11T00:37:17.2236724Z 
2025-02-11T00:37:17.2237492Z âœ˜ [ERROR] Invalid option in build() call: "watch"
2025-02-11T00:37:17.2237922Z 
2025-02-11T00:37:17.2238393Z     /home/runner/work/alpine/alpine/node_modules/esbuild/lib/main.js:254:12:
2025-02-11T00:37:17.2239688Z       254 â”‚       throw new Error(`Invalid option ${where}: ${quote(key)}`);
2025-02-11T00:37:17.2240307Z           â•µ             ^
2025-02-11T00:37:17.2240538Z 
2025-02-11T00:37:17.2241144Z     at checkForInvalidFlags (/home/runner/work/alpine/alpine/node_modules/esbuild/lib/main.js:254:13)
2025-02-11T00:37:17.2242389Z     at flagsForBuildOptions (/home/runner/work/alpine/alpine/node_modules/esbuild/lib/main.js:427:3)
2025-02-11T00:37:17.2243689Z     at buildOrContextContinue (/home/runner/work/alpine/alpine/node_modules/esbuild/lib/main.js:914:9)
2025-02-11T00:37:17.2245051Z     at buildOrContextImpl (/home/runner/work/alpine/alpine/node_modules/esbuild/lib/main.js:898:5)
2025-02-11T00:37:17.2246394Z     at Object.buildOrContext (/home/runner/work/alpine/alpine/node_modules/esbuild/lib/main.js:700:5)
2025-02-11T00:37:17.2247487Z     at /home/runner/work/alpine/alpine/node_modules/esbuild/lib/main.js:2030:15
2025-02-11T00:37:17.2248171Z     at new Promise (<anonymous>)
2025-02-11T00:37:17.2248969Z     at Object.build (/home/runner/work/alpine/alpine/node_modules/esbuild/lib/main.js:2029:25)
2025-02-11T00:37:17.2250335Z     at Object.build (/home/runner/work/alpine/alpine/node_modules/esbuild/lib/main.js:1880:51)
2025-02-11T00:37:17.2251377Z     at build (/home/runner/work/alpine/alpine/scripts/build.js:91:31)
2025-02-11T00:37:17.2251872Z 
2025-02-11T00:37:17.2252384Z âœ˜ [ERROR] Invalid option in build() call: "watch"
2025-02-11T00:37:17.2252794Z 
2025-02-11T00:37:17.2253239Z     /home/runner/work/alpine/alpine/node_modules/esbuild/lib/main.js:254:12:
2025-02-11T00:37:17.2254204Z       254 â”‚       throw new Error(`Invalid option ${where}: ${quote(key)}`);
2025-02-11T00:37:17.2254792Z           â•µ             ^
2025-02-11T00:37:17.2255021Z 
2025-02-11T00:37:17.2255962Z     at checkForInvalidFlags (/home/runner/work/alpine/alpine/node_modules/esbuild/lib/main.js:254:13)
2025-02-11T00:37:17.2257320Z     at flagsForBuildOptions (/home/runner/work/alpine/alpine/node_modules/esbuild/lib/main.js:427:3)
2025-02-11T00:37:17.2258953Z     at buildOrContextContinue (/home/runner/work/alpine/alpine/node_modules/esbuild/lib/main.js:914:9)
2025-02-11T00:37:17.2260507Z     at buildOrContextImpl (/home/runner/work/alpine/alpine/node_modules/esbuild/lib/main.js:898:5)
2025-02-11T00:37:17.2261729Z     at Object.buildOrContext (/home/runner/work/alpine/alpine/node_modules/esbuild/lib/main.js:700:5)
2025-02-11T00:37:17.2262821Z     at /home/runner/work/alpine/alpine/node_modules/esbuild/lib/main.js:2030:15
2025-02-11T00:37:17.2263556Z     at new Promise (<anonymous>)
2025-02-11T00:37:17.2264333Z     at Object.build (/home/runner/work/alpine/alpine/node_modules/esbuild/lib/main.js:2029:25)
2025-02-11T00:37:17.2265449Z     at Object.build (/home/runner/work/alpine/alpine/node_modules/esbuild/lib/main.js:1880:51)
2025-02-11T00:37:17.2266450Z     at build (/home/runner/work/alpine/alpine/scripts/build.js:91:31)
2025-02-11T00:37:17.2266938Z 
2025-02-11T00:37:17.2267443Z âœ˜ [ERROR] Invalid option in build() call: "watch"
2025-02-11T00:37:17.2267850Z 
2025-02-11T00:37:17.2268315Z     /home/runner/work/alpine/alpine/node_modules/esbuild/lib/main.js:254:12:
2025-02-11T00:37:17.2269587Z       254 â”‚       throw new Error(`Invalid option ${where}: ${quote(key)}`);
2025-02-11T00:37:17.2270267Z           â•µ             ^
2025-02-11T00:37:17.2270529Z 
2025-02-11T00:37:17.2271165Z     at checkForInvalidFlags (/home/runner/work/alpine/alpine/node_modules/esbuild/lib/main.js:254:13)
2025-02-11T00:37:17.2272474Z     at flagsForBuildOptions (/home/runner/work/alpine/alpine/node_modules/esbuild/lib/main.js:427:3)
2025-02-11T00:37:17.2273782Z     at buildOrContextContinue (/home/runner/work/alpine/alpine/node_modules/esbuild/lib/main.js:914:9)
2025-02-11T00:37:17.2275068Z     at buildOrContextImpl (/home/runner/work/alpine/alpine/node_modules/esbuild/lib/main.js:898:5)
2025-02-11T00:37:17.2276331Z     at Object.buildOrContext (/home/runner/work/alpine/alpine/node_modules/esbuild/lib/main.js:700:5)
2025-02-11T00:37:17.2277466Z     at /home/runner/work/alpine/alpine/node_modules/esbuild/lib/main.js:2030:15
2025-02-11T00:37:17.2278219Z     at new Promise (<anonymous>)
2025-02-11T00:37:17.2279285Z     at Object.build (/home/runner/work/alpine/alpine/node_modules/esbuild/lib/main.js:2029:25)
2025-02-11T00:37:17.2280496Z     at Object.build (/home/runner/work/alpine/alpine/node_modules/esbuild/lib/main.js:1880:51)
2025-02-11T00:37:17.2281556Z     at build (/home/runner/work/alpine/alpine/scripts/build.js:91:31)
2025-02-11T00:37:17.2282048Z 
2025-02-11T00:37:17.2282564Z âœ˜ [ERROR] Invalid option in build() call: "watch"
2025-02-11T00:37:17.2282964Z 
2025-02-11T00:37:17.2283420Z     /home/runner/work/alpine/alpine/node_modules/esbuild/lib/main.js:254:12:
2025-02-11T00:37:17.2284511Z       254 â”‚       throw new Error(`Invalid option ${where}: ${quote(key)}`);
2025-02-11T00:37:17.2285227Z           â•µ             ^
2025-02-11T00:37:17.2285514Z 
2025-02-11T00:37:17.2286170Z     at checkForInvalidFlags (/home/runner/work/alpine/alpine/node_modules/esbuild/lib/main.js:254:13)
2025-02-11T00:37:17.2287538Z     at flagsForBuildOptions (/home/runner/work/alpine/alpine/node_modules/esbuild/lib/main.js:427:3)
2025-02-11T00:37:17.2288881Z     at buildOrContextContinue (/home/runner/work/alpine/alpine/node_modules/esbuild/lib/main.js:914:9)
2025-02-11T00:37:17.2290443Z     at buildOrContextImpl (/home/runner/work/alpine/alpine/node_modules/esbuild/lib/main.js:898:5)
2025-02-11T00:37:17.2291835Z     at Object.buildOrContext (/home/runner/work/alpine/alpine/node_modules/esbuild/lib/main.js:700:5)
2025-02-11T00:37:17.2292990Z     at /home/runner/work/alpine/alpine/node_modules/esbuild/lib/main.js:2030:15
2025-02-11T00:37:17.2293733Z     at new Promise (<anonymous>)
2025-02-11T00:37:17.2294850Z     at Object.build (/home/runner/work/alpine/alpine/node_modules/esbuild/lib/main.js:2029:25)
2025-02-11T00:37:17.2296106Z     at Object.build (/home/runner/work/alpine/alpine/node_modules/esbuild/lib/main.js:1880:51)
2025-02-11T00:37:17.2297115Z     at build (/home/runner/work/alpine/alpine/scripts/build.js:91:31)
2025-02-11T00:37:17.2297813Z 
2025-02-11T00:37:17.2298330Z âœ˜ [ERROR] Invalid option in build() call: "watch"
2025-02-11T00:37:17.2298739Z 
2025-02-11T00:37:17.2299420Z     /home/runner/work/alpine/alpine/node_modules/esbuild/lib/main.js:254:12:
2025-02-11T00:37:17.2300480Z       254 â”‚       throw new Error(`Invalid option ${where}: ${quote(key)}`);
2025-02-11T00:37:17.2301289Z           â•µ             ^
2025-02-11T00:37:17.2301549Z 
2025-02-11T00:37:17.2302183Z     at checkForInvalidFlags (/home/runner/work/alpine/alpine/node_modules/esbuild/lib/main.js:254:13)
2025-02-11T00:37:17.2303436Z     at flagsForBuildOptions (/home/runner/work/alpine/alpine/node_modules/esbuild/lib/main.js:427:3)
2025-02-11T00:37:17.2304625Z     at buildOrContextContinue (/home/runner/work/alpine/alpine/node_modules/esbuild/lib/main.js:914:9)
2025-02-11T00:37:17.2305835Z     at buildOrContextImpl (/home/runner/work/alpine/alpine/node_modules/esbuild/lib/main.js:898:5)
2025-02-11T00:37:17.2306953Z     at Object.buildOrContext (/home/runner/work/alpine/alpine/node_modules/esbuild/lib/main.js:700:5)
2025-02-11T00:37:17.2307978Z     at /home/runner/work/alpine/alpine/node_modules/esbuild/lib/main.js:2030:15
2025-02-11T00:37:17.2308636Z     at new Promise (<anonymous>)
2025-02-11T00:37:17.2309547Z     at Object.build (/home/runner/work/alpine/alpine/node_modules/esbuild/lib/main.js:2029:25)
2025-02-11T00:37:17.2310579Z     at Object.build (/home/runner/work/alpine/alpine/node_modules/esbuild/lib/main.js:1880:51)
2025-02-11T00:37:17.2311443Z     at build (/home/runner/work/alpine/alpine/scripts/build.js:91:31)
2025-02-11T00:37:17.2311856Z 
2025-02-11T00:37:17.2312315Z âœ˜ [ERROR] Invalid option in build() call: "watch"
2025-02-11T00:37:17.2312675Z 
2025-02-11T00:37:17.2313104Z     /home/runner/work/alpine/alpine/node_modules/esbuild/lib/main.js:254:12:
2025-02-11T00:37:17.2313986Z       254 â”‚       throw new Error(`Invalid option ${where}: ${quote(key)}`);
2025-02-11T00:37:17.2314519Z           â•µ             ^
2025-02-11T00:37:17.2314738Z 
2025-02-11T00:37:17.2315293Z     at checkForInvalidFlags (/home/runner/work/alpine/alpine/node_modules/esbuild/lib/main.js:254:13)
2025-02-11T00:37:17.2316176Z     at flagsForBuildOptions (/home/runner/work/alpine/alpine/node_modules/esbuild/lib/main.js:427:3)
2025-02-11T00:37:17.2316925Z     at buildOrContextContinue (/home/runner/work/alpine/alpine/node_modules/esbuild/lib/main.js:914:9)
2025-02-11T00:37:17.2317647Z     at buildOrContextImpl (/home/runner/work/alpine/alpine/node_modules/esbuild/lib/main.js:898:5)
2025-02-11T00:37:17.2318358Z     at Object.buildOrContext (/home/runner/work/alpine/alpine/node_modules/esbuild/lib/main.js:700:5)
2025-02-11T00:37:17.2318990Z     at /home/runner/work/alpine/alpine/node_modules/esbuild/lib/main.js:2030:15
2025-02-11T00:37:17.2319784Z     at new Promise (<anonymous>)
2025-02-11T00:37:17.2320296Z     at Object.build (/home/runner/work/alpine/alpine/node_modules/esbuild/lib/main.js:2029:25)
2025-02-11T00:37:17.2320943Z     at Object.build (/home/runner/work/alpine/alpine/node_modules/esbuild/lib/main.js:1880:51)
2025-02-11T00:37:17.2321505Z     at build (/home/runner/work/alpine/alpine/scripts/build.js:91:31)
2025-02-11T00:37:17.2321769Z 
2025-02-11T00:37:17.2322045Z âœ˜ [ERROR] Invalid option in build() call: "watch"
2025-02-11T00:37:17.2322263Z 
2025-02-11T00:37:17.2322521Z     /home/runner/work/alpine/alpine/node_modules/esbuild/lib/main.js:254:12:
2025-02-11T00:37:17.2323080Z       254 â”‚       throw new Error(`Invalid option ${where}: ${quote(key)}`);
2025-02-11T00:37:17.2323430Z           â•µ             ^
2025-02-11T00:37:17.2323571Z 
2025-02-11T00:37:17.2323922Z     at checkForInvalidFlags (/home/runner/work/alpine/alpine/node_modules/esbuild/lib/main.js:254:13)
2025-02-11T00:37:17.2324845Z     at flagsForBuildOptions (/home/runner/work/alpine/alpine/node_modules/esbuild/lib/main.js:427:3)
2025-02-11T00:37:17.2325608Z     at buildOrContextContinue (/home/runner/work/alpine/alpine/node_modules/esbuild/lib/main.js:914:9)
2025-02-11T00:37:17.2326450Z     at buildOrContextImpl (/home/runner/work/alpine/alpine/node_modules/esbuild/lib/main.js:898:5)
2025-02-11T00:37:17.2327161Z     at Object.buildOrContext (/home/runner/work/alpine/alpine/node_modules/esbuild/lib/main.js:700:5)
2025-02-11T00:37:17.2327794Z     at /home/runner/work/alpine/alpine/node_modules/esbuild/lib/main.js:2030:15
2025-02-11T00:37:17.2328206Z     at new Promise (<anonymous>)
2025-02-11T00:37:17.2328670Z     at Object.build (/home/runner/work/alpine/alpine/node_modules/esbuild/lib/main.js:2029:25)
2025-02-11T00:37:17.2329502Z     at Object.build (/home/runner/work/alpine/alpine/node_modules/esbuild/lib/main.js:1880:51)
2025-02-11T00:37:17.2330057Z     at build (/home/runner/work/alpine/alpine/scripts/build.js:91:31)
2025-02-11T00:37:17.2330316Z 
2025-02-11T00:37:17.2330575Z âœ˜ [ERROR] Invalid option in build() call: "watch"
2025-02-11T00:37:17.2330787Z 
2025-02-11T00:37:17.2331049Z     /home/runner/work/alpine/alpine/node_modules/esbuild/lib/main.js:254:12:
2025-02-11T00:37:17.2331601Z       254 â”‚       throw new Error(`Invalid option ${where}: ${quote(key)}`);
2025-02-11T00:37:17.2331948Z           â•µ             ^
2025-02-11T00:37:17.2332090Z 
2025-02-11T00:37:17.2332439Z     at checkForInvalidFlags (/home/runner/work/alpine/alpine/node_modules/esbuild/lib/main.js:254:13)
2025-02-11T00:37:17.2333165Z     at flagsForBuildOptions (/home/runner/work/alpine/alpine/node_modules/esbuild/lib/main.js:427:3)
2025-02-11T00:37:17.2333915Z     at buildOrContextContinue (/home/runner/work/alpine/alpine/node_modules/esbuild/lib/main.js:914:9)
2025-02-11T00:37:17.2334645Z     at buildOrContextImpl (/home/runner/work/alpine/alpine/node_modules/esbuild/lib/main.js:898:5)
2025-02-11T00:37:17.2335364Z     at Object.buildOrContext (/home/runner/work/alpine/alpine/node_modules/esbuild/lib/main.js:700:5)
2025-02-11T00:37:17.2336001Z     at /home/runner/work/alpine/alpine/node_modules/esbuild/lib/main.js:2030:15
2025-02-11T00:37:17.2336408Z     at new Promise (<anonymous>)
2025-02-11T00:37:17.2336880Z     at Object.build (/home/runner/work/alpine/alpine/node_modules/esbuild/lib/main.js:2029:25)
2025-02-11T00:37:17.2337534Z     at Object.build (/home/runner/work/alpine/alpine/node_modules/esbuild/lib/main.js:1880:51)
2025-02-11T00:37:17.2338081Z     at build (/home/runner/work/alpine/alpine/scripts/build.js:91:31)
2025-02-11T00:37:17.2338343Z 
2025-02-11T00:37:17.2338574Z âœ˜ [ERROR] Invalid option in build() call: "watch"
2025-02-11T00:37:17.2338785Z 
2025-02-11T00:37:17.2339190Z     /home/runner/work/alpine/alpine/node_modules/esbuild/lib/main.js:254:12:
2025-02-11T00:37:17.2339810Z       254 â”‚       throw new Error(`Invalid option ${where}: ${quote(key)}`);
2025-02-11T00:37:17.2340157Z           â•µ             ^
2025-02-11T00:37:17.2340298Z 
2025-02-11T00:37:17.2340653Z     at checkForInvalidFlags (/home/runner/work/alpine/alpine/node_modules/esbuild/lib/main.js:254:13)
2025-02-11T00:37:17.2341383Z     at flagsForBuildOptions (/home/runner/work/alpine/alpine/node_modules/esbuild/lib/main.js:427:3)
2025-02-11T00:37:17.2342125Z     at buildOrContextContinue (/home/runner/work/alpine/alpine/node_modules/esbuild/lib/main.js:914:9)
2025-02-11T00:37:17.2342842Z     at buildOrContextImpl (/home/runner/work/alpine/alpine/node_modules/esbuild/lib/main.js:898:5)
2025-02-11T00:37:17.2343553Z     at Object.buildOrContext (/home/runner/work/alpine/alpine/node_modules/esbuild/lib/main.js:700:5)
2025-02-11T00:37:17.2344174Z     at /home/runner/work/alpine/alpine/node_modules/esbuild/lib/main.js:2030:15
2025-02-11T00:37:17.2344580Z     at new Promise (<anonymous>)
2025-02-11T00:37:17.2345047Z     at Object.build (/home/runner/work/alpine/alpine/node_modules/esbuild/lib/main.js:2029:25)
2025-02-11T00:37:17.2345689Z     at Object.build (/home/runner/work/alpine/alpine/node_modules/esbuild/lib/main.js:1880:51)
2025-02-11T00:37:17.2347414Z     at build (/home/runner/work/alpine/alpine/scripts/build.js:91:31)
2025-02-11T00:37:17.2347988Z 
2025-02-11T00:37:17.2348462Z âœ˜ [ERROR] Invalid option in build() call: "watch"
2025-02-11T00:37:17.2349419Z 
2025-02-11T00:37:17.2349893Z     /home/runner/work/alpine/alpine/node_modules/esbuild/lib/main.js:254:12:
2025-02-11T00:37:17.2350949Z       254 â”‚       throw new Error(`Invalid option ${where}: ${quote(key)}`);
2025-02-11T00:37:17.2351606Z           â•µ             ^
2025-02-11T00:37:17.2351870Z 
2025-02-11T00:37:17.2352503Z     at checkForInvalidFlags (/home/runner/work/alpine/alpine/node_modules/esbuild/lib/main.js:254:13)
2025-02-11T00:37:17.2353840Z     at flagsForBuildOptions (/home/runner/work/alpine/alpine/node_modules/esbuild/lib/main.js:427:3)
2025-02-11T00:37:17.2355179Z     at buildOrContextContinue (/home/runner/work/alpine/alpine/node_modules/esbuild/lib/main.js:914:9)
2025-02-11T00:37:17.2356490Z     at buildOrContextImpl (/home/runner/work/alpine/alpine/node_modules/esbuild/lib/main.js:898:5)
2025-02-11T00:37:17.2357789Z     at Object.buildOrContext (/home/runner/work/alpine/alpine/node_modules/esbuild/lib/main.js:700:5)
2025-02-11T00:37:17.2358957Z     at /home/runner/work/alpine/alpine/node_modules/esbuild/lib/main.js:2030:15
2025-02-11T00:37:17.2360332Z     at new Promise (<anonymous>)
2025-02-11T00:37:17.2361171Z     at Object.build (/home/runner/work/alpine/alpine/node_modules/esbuild/lib/main.js:2029:25)
2025-02-11T00:37:17.2362295Z     at Object.build (/home/runner/work/alpine/alpine/node_modules/esbuild/lib/main.js:1880:51)
2025-02-11T00:37:17.2363255Z     at build (/home/runner/work/alpine/alpine/scripts/build.js:91:31)
2025-02-11T00:37:17.2363730Z 
2025-02-11T00:37:17.2364114Z âœ˜ [ERROR] Invalid option in build() call: "watch"
2025-02-11T00:37:17.2364344Z 
2025-02-11T00:37:17.2364612Z     /home/runner/work/alpine/alpine/node_modules/esbuild/lib/main.js:254:12:
2025-02-11T00:37:17.2365311Z       254 â”‚       throw new Error(`Invalid option ${where}: ${quote(key)}`);
2025-02-11T00:37:17.2365976Z           â•µ             ^
2025-02-11T00:37:17.2366247Z 
2025-02-11T00:37:17.2366868Z     at checkForInvalidFlags (/home/runner/work/alpine/alpine/node_modules/esbuild/lib/main.js:254:13)
2025-02-11T00:37:17.2368157Z     at flagsForBuildOptions (/home/runner/work/alpine/alpine/node_modules/esbuild/lib/main.js:427:3)
2025-02-11T00:37:17.2369785Z     at buildOrContextContinue (/home/runner/work/alpine/alpine/node_modules/esbuild/lib/main.js:914:9)
2025-02-11T00:37:17.2371126Z     at buildOrContextImpl (/home/runner/work/alpine/alpine/node_modules/esbuild/lib/main.js:898:5)
2025-02-11T00:37:17.2372428Z     at Object.buildOrContext (/home/runner/work/alpine/alpine/node_modules/esbuild/lib/main.js:700:5)
2025-02-11T00:37:17.2373545Z     at /home/runner/work/alpine/alpine/node_modules/esbuild/lib/main.js:2030:15
2025-02-11T00:37:17.2374283Z     at new Promise (<anonymous>)
2025-02-11T00:37:17.2375140Z     at Object.build (/home/runner/work/alpine/alpine/node_modules/esbuild/lib/main.js:2029:25)
2025-02-11T00:37:17.2376363Z     at Object.build (/home/runner/work/alpine/alpine/node_modules/esbuild/lib/main.js:1880:51)
2025-02-11T00:37:17.2377410Z     at build (/home/runner/work/alpine/alpine/scripts/build.js:91:31)
2025-02-11T00:37:17.2377916Z 
2025-02-11T00:37:17.2378433Z âœ˜ [ERROR] Invalid option in build() call: "watch"
2025-02-11T00:37:17.2378831Z 
2025-02-11T00:37:17.2379545Z     /home/runner/work/alpine/alpine/node_modules/esbuild/lib/main.js:254:12:
2025-02-11T00:37:17.2380640Z       254 â”‚       throw new Error(`Invalid option ${where}: ${quote(key)}`);
2025-02-11T00:37:17.2381292Z           â•µ             ^
2025-02-11T00:37:17.2381546Z 
2025-02-11T00:37:17.2382198Z     at checkForInvalidFlags (/home/runner/work/alpine/alpine/node_modules/esbuild/lib/main.js:254:13)
2025-02-11T00:37:17.2383512Z     at flagsForBuildOptions (/home/runner/work/alpine/alpine/node_modules/esbuild/lib/main.js:427:3)
2025-02-11T00:37:17.2385101Z     at buildOrContextContinue (/home/runner/work/alpine/alpine/node_modules/esbuild/lib/main.js:914:9)
2025-02-11T00:37:17.2386481Z     at buildOrContextImpl (/home/runner/work/alpine/alpine/node_modules/esbuild/lib/main.js:898:5)
2025-02-11T00:37:17.2387822Z     at Object.buildOrContext (/home/runner/work/alpine/alpine/node_modules/esbuild/lib/main.js:700:5)
2025-02-11T00:37:17.2389506Z     at /home/runner/work/alpine/alpine/node_modules/esbuild/lib/main.js:2030:15
2025-02-11T00:37:17.2390273Z     at new Promise (<anonymous>)
2025-02-11T00:37:17.2391102Z     at Object.build (/home/runner/work/alpine/alpine/node_modules/esbuild/lib/main.js:2029:25)
2025-02-11T00:37:17.2392349Z     at Object.build (/home/runner/work/alpine/alpine/node_modules/esbuild/lib/main.js:1880:51)
2025-02-11T00:37:17.2393393Z     at build (/home/runner/work/alpine/alpine/scripts/build.js:91:31)
2025-02-11T00:37:17.2393891Z 
2025-02-11T00:37:17.2394415Z âœ˜ [ERROR] Invalid option in build() call: "watch"
2025-02-11T00:37:17.2394823Z 
2025-02-11T00:37:17.2395321Z     /home/runner/work/alpine/alpine/node_modules/esbuild/lib/main.js:254:12:
2025-02-11T00:37:17.2396416Z       254 â”‚       throw new Error(`Invalid option ${where}: ${quote(key)}`);
2025-02-11T00:37:17.2397094Z           â•µ             ^
2025-02-11T00:37:17.2397361Z 
2025-02-11T00:37:17.2397986Z     at checkForInvalidFlags (/home/runner/work/alpine/alpine/node_modules/esbuild/lib/main.js:254:13)
2025-02-11T00:37:17.2399451Z     at flagsForBuildOptions (/home/runner/work/alpine/alpine/node_modules/esbuild/lib/main.js:427:3)
2025-02-11T00:37:17.2400656Z     at buildOrContextContinue (/home/runner/work/alpine/alpine/node_modules/esbuild/lib/main.js:914:9)
2025-02-11T00:37:17.2401796Z     at buildOrContextImpl (/home/runner/work/alpine/alpine/node_modules/esbuild/lib/main.js:898:5)
2025-02-11T00:37:17.2402950Z     at Object.buildOrContext (/home/runner/work/alpine/alpine/node_modules/esbuild/lib/main.js:700:5)
2025-02-11T00:37:17.2403959Z     at /home/runner/work/alpine/alpine/node_modules/esbuild/lib/main.js:2030:15
2025-02-11T00:37:17.2404605Z     at new Promise (<anonymous>)
2025-02-11T00:37:17.2405374Z     at Object.build (/home/runner/work/alpine/alpine/node_modules/esbuild/lib/main.js:2029:25)
2025-02-11T00:37:17.2406383Z     at Object.build (/home/runner/work/alpine/alpine/node_modules/esbuild/lib/main.js:1880:51)
2025-02-11T00:37:17.2407268Z     at build (/home/runner/work/alpine/alpine/scripts/build.js:91:31)
2025-02-11T00:37:17.2407684Z 
2025-02-11T00:37:17.2408131Z âœ˜ [ERROR] Invalid option in build() call: "watch"
2025-02-11T00:37:17.2408467Z 
2025-02-11T00:37:17.2408899Z     /home/runner/work/alpine/alpine/node_modules/esbuild/lib/main.js:254:12:
2025-02-11T00:37:17.2410021Z       254 â”‚       throw new Error(`Invalid option ${where}: ${quote(key)}`);
2025-02-11T00:37:17.2410560Z           â•µ             ^
2025-02-11T00:37:17.2410772Z 
2025-02-11T00:37:17.2411326Z     at checkForInvalidFlags (/home/runner/work/alpine/alpine/node_modules/esbuild/lib/main.js:254:13)
2025-02-11T00:37:17.2412344Z     at flagsForBuildOptions (/home/runner/work/alpine/alpine/node_modules/esbuild/lib/main.js:427:3)
2025-02-11T00:37:17.2413106Z     at buildOrContextContinue (/home/runner/work/alpine/alpine/node_modules/esbuild/lib/main.js:914:9)
2025-02-11T00:37:17.2413837Z     at buildOrContextImpl (/home/runner/work/alpine/alpine/node_modules/esbuild/lib/main.js:898:5)
2025-02-11T00:37:17.2414562Z     at Object.buildOrContext (/home/runner/work/alpine/alpine/node_modules/esbuild/lib/main.js:700:5)
2025-02-11T00:37:17.2415197Z     at /home/runner/work/alpine/alpine/node_modules/esbuild/lib/main.js:2030:15
2025-02-11T00:37:17.2415605Z     at new Promise (<anonymous>)
2025-02-11T00:37:17.2416084Z     at Object.build (/home/runner/work/alpine/alpine/node_modules/esbuild/lib/main.js:2029:25)
2025-02-11T00:37:17.2416730Z     at Object.build (/home/runner/work/alpine/alpine/node_modules/esbuild/lib/main.js:1880:51)
2025-02-11T00:37:17.2417281Z     at build (/home/runner/work/alpine/alpine/scripts/build.js:91:31)
2025-02-11T00:37:17.2417541Z 
2025-02-11T00:37:17.2418000Z âœ˜ [ERROR] Invalid option in build() call: "watch"
2025-02-11T00:37:17.2418232Z 
2025-02-11T00:37:17.2418491Z     /home/runner/work/alpine/alpine/node_modules/esbuild/lib/main.js:254:12:
2025-02-11T00:37:17.2419256Z       254 â”‚       throw new Error(`Invalid option ${where}: ${quote(key)}`);
2025-02-11T00:37:17.2419792Z           â•µ             ^
2025-02-11T00:37:17.2419941Z 
2025-02-11T00:37:17.2420295Z     at checkForInvalidFlags (/home/runner/work/alpine/alpine/node_modules/esbuild/lib/main.js:254:13)
2025-02-11T00:37:17.2421024Z     at flagsForBuildOptions (/home/runner/work/alpine/alpine/node_modules/esbuild/lib/main.js:427:3)
2025-02-11T00:37:17.2421756Z     at buildOrContextContinue (/home/runner/work/alpine/alpine/node_modules/esbuild/lib/main.js:914:9)
2025-02-11T00:37:17.2422476Z     at buildOrContextImpl (/home/runner/work/alpine/alpine/node_modules/esbuild/lib/main.js:898:5)
2025-02-11T00:37:17.2423187Z     at Object.buildOrContext (/home/runner/work/alpine/alpine/node_modules/esbuild/lib/main.js:700:5)
2025-02-11T00:37:17.2423825Z     at /home/runner/work/alpine/alpine/node_modules/esbuild/lib/main.js:2030:15
2025-02-11T00:37:17.2424234Z     at new Promise (<anonymous>)
2025-02-11T00:37:17.2424698Z     at Object.build (/home/runner/work/alpine/alpine/node_modules/esbuild/lib/main.js:2029:25)
2025-02-11T00:37:17.2425342Z     at Object.build (/home/runner/work/alpine/alpine/node_modules/esbuild/lib/main.js:1880:51)
2025-02-11T00:37:17.2425888Z     at build (/home/runner/work/alpine/alpine/scripts/build.js:91:31)
2025-02-11T00:37:17.2426144Z 
2025-02-11T00:37:17.2426387Z âœ˜ [ERROR] Invalid option in build() call: "watch"
2025-02-11T00:37:17.2426597Z 
2025-02-11T00:37:17.2426860Z     /home/runner/work/alpine/alpine/node_modules/esbuild/lib/main.js:254:12:
2025-02-11T00:37:17.2427429Z       254 â”‚       throw new Error(`Invalid option ${where}: ${quote(key)}`);
2025-02-11T00:37:17.2427778Z           â•µ             ^
2025-02-11T00:37:17.2427921Z 
2025-02-11T00:37:17.2428281Z     at checkForInvalidFlags (/home/runner/work/alpine/alpine/node_modules/esbuild/lib/main.js:254:13)
2025-02-11T00:37:17.2429182Z     at flagsForBuildOptions (/home/runner/work/alpine/alpine/node_modules/esbuild/lib/main.js:427:3)
2025-02-11T00:37:17.2430038Z     at buildOrContextContinue (/home/runner/work/alpine/alpine/node_modules/esbuild/lib/main.js:914:9)
2025-02-11T00:37:17.2430784Z     at buildOrContextImpl (/home/runner/work/alpine/alpine/node_modules/esbuild/lib/main.js:898:5)
2025-02-11T00:37:17.2431499Z     at Object.buildOrContext (/home/runner/work/alpine/alpine/node_modules/esbuild/lib/main.js:700:5)
2025-02-11T00:37:17.2432130Z     at /home/runner/work/alpine/alpine/node_modules/esbuild/lib/main.js:2030:15
2025-02-11T00:37:17.2432532Z     at new Promise (<anonymous>)
2025-02-11T00:37:17.2432991Z     at Object.build (/home/runner/work/alpine/alpine/node_modules/esbuild/lib/main.js:2029:25)
2025-02-11T00:37:17.2433628Z     at Object.build (/home/runner/work/alpine/alpine/node_modules/esbuild/lib/main.js:1880:51)
2025-02-11T00:37:17.2434184Z     at build (/home/runner/work/alpine/alpine/scripts/build.js:91:31)
2025-02-11T00:37:17.2434445Z 
2025-02-11T00:37:17.2434691Z âœ˜ [ERROR] Invalid option in build() call: "watch"
2025-02-11T00:37:17.2434899Z 
2025-02-11T00:37:17.2435157Z     /home/runner/work/alpine/alpine/node_modules/esbuild/lib/main.js:254:12:
2025-02-11T00:37:17.2435705Z       254 â”‚       throw new Error(`Invalid option ${where}: ${quote(key)}`);
2025-02-11T00:37:17.2436055Z           â•µ             ^
2025-02-11T00:37:17.2436196Z 
2025-02-11T00:37:17.2436541Z     at checkForInvalidFlags (/home/runner/work/alpine/alpine/node_modules/esbuild/lib/main.js:254:13)
2025-02-11T00:37:17.2437266Z     at flagsForBuildOptions (/home/runner/work/alpine/alpine/node_modules/esbuild/lib/main.js:427:3)
2025-02-11T00:37:17.2438002Z     at buildOrContextContinue (/home/runner/work/alpine/alpine/node_modules/esbuild/lib/main.js:914:9)
2025-02-11T00:37:17.2438721Z     at buildOrContextImpl (/home/runner/work/alpine/alpine/node_modules/esbuild/lib/main.js:898:5)
2025-02-11T00:37:17.2439893Z     at Object.buildOrContext (/home/runner/work/alpine/alpine/node_modules/esbuild/lib/main.js:700:5)
2025-02-11T00:37:17.2440543Z     at /home/runner/work/alpine/alpine/node_modules/esbuild/lib/main.js:2030:15
2025-02-11T00:37:17.2441078Z     at new Promise (<anonymous>)
2025-02-11T00:37:17.2441543Z     at Object.build (/home/runner/work/alpine/alpine/node_modules/esbuild/lib/main.js:2029:25)
2025-02-11T00:37:17.2442181Z     at Object.build (/home/runner/work/alpine/alpine/node_modules/esbuild/lib/main.js:1880:51)
2025-02-11T00:37:17.2442723Z     at build (/home/runner/work/alpine/alpine/scripts/build.js:91:31)
2025-02-11T00:37:17.2442978Z 
2025-02-11T00:37:17.2443232Z âœ˜ [ERROR] Invalid option in build() call: "watch"
2025-02-11T00:37:17.2443439Z 
2025-02-11T00:37:17.2443687Z     /home/runner/work/alpine/alpine/node_modules/esbuild/lib/main.js:254:12:
2025-02-11T00:37:17.2444231Z       254 â”‚       throw new Error(`Invalid option ${where}: ${quote(key)}`);
2025-02-11T00:37:17.2444595Z           â•µ             ^
2025-02-11T00:37:17.2444740Z 
2025-02-11T00:37:17.2445095Z     at checkForInvalidFlags (/home/runner/work/alpine/alpine/node_modules/esbuild/lib/main.js:254:13)
2025-02-11T00:37:17.2445837Z     at flagsForBuildOptions (/home/runner/work/alpine/alpine/node_modules/esbuild/lib/main.js:427:3)
2025-02-11T00:37:17.2446570Z     at buildOrContextContinue (/home/runner/work/alpine/alpine/node_modules/esbuild/lib/main.js:914:9)
2025-02-11T00:37:17.2447298Z     at buildOrContextImpl (/home/runner/work/alpine/alpine/node_modules/esbuild/lib/main.js:898:5)
2025-02-11T00:37:17.2448017Z     at Object.buildOrContext (/home/runner/work/alpine/alpine/node_modules/esbuild/lib/main.js:700:5)
2025-02-11T00:37:17.2448653Z     at /home/runner/work/alpine/alpine/node_modules/esbuild/lib/main.js:2030:15
2025-02-11T00:37:17.2449233Z     at new Promise (<anonymous>)
2025-02-11T00:37:17.2449719Z     at Object.build (/home/runner/work/alpine/alpine/node_modules/esbuild/lib/main.js:2029:25)
2025-02-11T00:37:17.2450372Z     at Object.build (/home/runner/work/alpine/alpine/node_modules/esbuild/lib/main.js:1880:51)
2025-02-11T00:37:17.2450926Z     at build (/home/runner/work/alpine/alpine/scripts/build.js:91:31)
2025-02-11T00:37:17.2451202Z 
2025-02-11T00:37:17.2451447Z âœ˜ [ERROR] Invalid option in build() call: "watch"
2025-02-11T00:37:17.2451661Z 
2025-02-11T00:37:17.2451915Z     /home/runner/work/alpine/alpine/node_modules/esbuild/lib/main.js:254:12:
2025-02-11T00:37:17.2452464Z       254 â”‚       throw new Error(`Invalid option ${where}: ${quote(key)}`);
2025-02-11T00:37:17.2453042Z           â•µ             ^
2025-02-11T00:37:17.2453271Z 
2025-02-11T00:37:17.2453868Z     at checkForInvalidFlags (/home/runner/work/alpine/alpine/node_modules/esbuild/lib/main.js:254:13)
2025-02-11T00:37:17.2455094Z     at flagsForBuildOptions (/home/runner/work/alpine/alpine/node_modules/esbuild/lib/main.js:427:3)
2025-02-11T00:37:17.2456541Z     at buildOrContextContinue (/home/runner/work/alpine/alpine/node_modules/esbuild/lib/main.js:914:9)
2025-02-11T00:37:17.2457694Z     at buildOrContextImpl (/home/runner/work/alpine/alpine/node_modules/esbuild/lib/main.js:898:5)
2025-02-11T00:37:17.2458798Z     at Object.buildOrContext (/home/runner/work/alpine/alpine/node_modules/esbuild/lib/main.js:700:5)
2025-02-11T00:37:17.2459976Z     at /home/runner/work/alpine/alpine/node_modules/esbuild/lib/main.js:2030:15
2025-02-11T00:37:17.2460413Z     at new Promise (<anonymous>)
2025-02-11T00:37:17.2460905Z     at Object.build (/home/runner/work/alpine/alpine/node_modules/esbuild/lib/main.js:2029:25)
2025-02-11T00:37:17.2461559Z     at Object.build (/home/runner/work/alpine/alpine/node_modules/esbuild/lib/main.js:1880:51)
2025-02-11T00:37:17.2462110Z     at build (/home/runner/work/alpine/alpine/scripts/build.js:91:31)
2025-02-11T00:37:17.2462375Z 
2025-02-11T00:37:17.2462674Z âœ˜ [ERROR] Invalid option in build() call: "watch"
2025-02-11T00:37:17.2462893Z 
2025-02-11T00:37:17.2463326Z     /home/runner/work/alpine/alpine/node_modules/esbuild/lib/main.js:254:12:
2025-02-11T00:37:17.2463904Z       254 â”‚       throw new Error(`Invalid option ${where}: ${quote(key)}`);
2025-02-11T00:37:17.2464259Z           â•µ             ^
2025-02-11T00:37:17.2464404Z 
2025-02-11T00:37:17.2464884Z     at checkForInvalidFlags (/home/runner/work/alpine/alpine/node_modules/esbuild/lib/main.js:254:13)
2025-02-11T00:37:17.2465624Z     at flagsForBuildOptions (/home/runner/work/alpine/alpine/node_modules/esbuild/lib/main.js:427:3)
2025-02-11T00:37:17.2466370Z     at buildOrContextContinue (/home/runner/work/alpine/alpine/node_modules/esbuild/lib/main.js:914:9)
2025-02-11T00:37:17.2467095Z     at buildOrContextImpl (/home/runner/work/alpine/alpine/node_modules/esbuild/lib/main.js:898:5)
2025-02-11T00:37:17.2467814Z     at Object.buildOrContext (/home/runner/work/alpine/alpine/node_modules/esbuild/lib/main.js:700:5)
2025-02-11T00:37:17.2468453Z     at /home/runner/work/alpine/alpine/node_modules/esbuild/lib/main.js:2030:15
2025-02-11T00:37:17.2468866Z     at new Promise (<anonymous>)
2025-02-11T00:37:17.2469774Z     at Object.build (/home/runner/work/alpine/alpine/node_modules/esbuild/lib/main.js:2029:25)
2025-02-11T00:37:17.2470426Z     at Object.build (/home/runner/work/alpine/alpine/node_modules/esbuild/lib/main.js:1880:51)
2025-02-11T00:37:17.2470976Z     at build (/home/runner/work/alpine/alpine/scripts/build.js:91:31)
2025-02-11T00:37:17.2471235Z 
2025-02-11T00:37:17.2471610Z âœ˜ [ERROR] Invalid option in build() call: "watch"
2025-02-11T00:37:17.2471828Z 
2025-02-11T00:37:17.2472077Z     /home/runner/work/alpine/alpine/node_modules/esbuild/lib/main.js:254:12:
2025-02-11T00:37:17.2472622Z       254 â”‚       throw new Error(`Invalid option ${where}: ${quote(key)}`);
2025-02-11T00:37:17.2472975Z           â•µ             ^
2025-02-11T00:37:17.2473110Z 
2025-02-11T00:37:17.2473466Z     at checkForInvalidFlags (/home/runner/work/alpine/alpine/node_modules/esbuild/lib/main.js:254:13)
2025-02-11T00:37:17.2474207Z     at flagsForBuildOptions (/home/runner/work/alpine/alpine/node_modules/esbuild/lib/main.js:427:3)
2025-02-11T00:37:17.2474941Z     at buildOrContextContinue (/home/runner/work/alpine/alpine/node_modules/esbuild/lib/main.js:914:9)
2025-02-11T00:37:17.2475668Z     at buildOrContextImpl (/home/runner/work/alpine/alpine/node_modules/esbuild/lib/main.js:898:5)
2025-02-11T00:37:17.2476388Z     at Object.buildOrContext (/home/runner/work/alpine/alpine/node_modules/esbuild/lib/main.js:700:5)
2025-02-11T00:37:17.2477022Z     at /home/runner/work/alpine/alpine/node_modules/esbuild/lib/main.js:2030:15
2025-02-11T00:37:17.2477436Z     at new Promise (<anonymous>)
2025-02-11T00:37:17.2477904Z     at Object.build (/home/runner/work/alpine/alpine/node_modules/esbuild/lib/main.js:2029:25)
2025-02-11T00:37:17.2478543Z     at Object.build (/home/runner/work/alpine/alpine/node_modules/esbuild/lib/main.js:1880:51)
2025-02-11T00:37:17.2479256Z     at build (/home/runner/work/alpine/alpine/scripts/build.js:91:31)
2025-02-11T00:37:17.2479522Z 
2025-02-11T00:37:17.2479760Z âœ˜ [ERROR] Invalid option in build() call: "watch"
2025-02-11T00:37:17.2479976Z 
2025-02-11T00:37:17.2480221Z     /home/runner/work/alpine/alpine/node_modules/esbuild/lib/main.js:254:12:
2025-02-11T00:37:17.2480762Z       254 â”‚       throw new Error(`Invalid option ${where}: ${quote(key)}`);
2025-02-11T00:37:17.2481119Z           â•µ             ^
2025-02-11T00:37:17.2481252Z 
2025-02-11T00:37:17.2481602Z     at checkForInvalidFlags (/home/runner/work/alpine/alpine/node_modules/esbuild/lib/main.js:254:13)
2025-02-11T00:37:17.2482322Z     at flagsForBuildOptions (/home/runner/work/alpine/alpine/node_modules/esbuild/lib/main.js:427:3)
2025-02-11T00:37:17.2483054Z     at buildOrContextContinue (/home/runner/work/alpine/alpine/node_modules/esbuild/lib/main.js:914:9)
2025-02-11T00:37:17.2483782Z     at buildOrContextImpl (/home/runner/work/alpine/alpine/node_modules/esbuild/lib/main.js:898:5)
2025-02-11T00:37:17.2484486Z     at Object.buildOrContext (/home/runner/work/alpine/alpine/node_modules/esbuild/lib/main.js:700:5)
2025-02-11T00:37:17.2485265Z     at /home/runner/work/alpine/alpine/node_modules/esbuild/lib/main.js:2030:15
2025-02-11T00:37:17.2485688Z     at new Promise (<anonymous>)
2025-02-11T00:37:17.2486153Z     at Object.build (/home/runner/work/alpine/alpine/node_modules/esbuild/lib/main.js:2029:25)
2025-02-11T00:37:17.2486900Z     at Object.build (/home/runner/work/alpine/alpine/node_modules/esbuild/lib/main.js:1880:51)
2025-02-11T00:37:17.2487450Z     at build (/home/runner/work/alpine/alpine/scripts/build.js:91:31)
2025-02-11T00:37:17.2487712Z 
2025-02-11T00:37:17.2487940Z âœ˜ [ERROR] Invalid option in build() call: "watch"
2025-02-11T00:37:17.2488159Z 
2025-02-11T00:37:17.2488409Z     /home/runner/work/alpine/alpine/node_modules/esbuild/lib/main.js:254:12:
2025-02-11T00:37:17.2488953Z       254 â”‚       throw new Error(`Invalid option ${where}: ${quote(key)}`);
2025-02-11T00:37:17.2489565Z           â•µ             ^
2025-02-11T00:37:17.2489704Z 
2025-02-11T00:37:17.2490078Z     at checkForInvalidFlags (/home/runner/work/alpine/alpine/node_modules/esbuild/lib/main.js:254:13)
2025-02-11T00:37:17.2490807Z     at flagsForBuildOptions (/home/runner/work/alpine/alpine/node_modules/esbuild/lib/main.js:427:3)
2025-02-11T00:37:17.2491540Z     at buildOrContextContinue (/home/runner/work/alpine/alpine/node_modules/esbuild/lib/main.js:914:9)
2025-02-11T00:37:17.2492307Z     at buildOrContextImpl (/home/runner/work/alpine/alpine/node_modules/esbuild/lib/main.js:898:5)
2025-02-11T00:37:17.2493021Z     at Object.buildOrContext (/home/runner/work/alpine/alpine/node_modules/esbuild/lib/main.js:700:5)
2025-02-11T00:37:17.2493652Z     at /home/runner/work/alpine/alpine/node_modules/esbuild/lib/main.js:2030:15
2025-02-11T00:37:17.2494071Z     at new Promise (<anonymous>)
2025-02-11T00:37:17.2494545Z     at Object.build (/home/runner/work/alpine/alpine/node_modules/esbuild/lib/main.js:2029:25)
2025-02-11T00:37:17.2495189Z     at Object.build (/home/runner/work/alpine/alpine/node_modules/esbuild/lib/main.js:1880:51)
2025-02-11T00:37:17.2495740Z     at build (/home/runner/work/alpine/alpine/scripts/build.js:91:31)
2025-02-11T00:37:17.2496006Z 
2025-02-11T00:37:17.2496234Z âœ˜ [ERROR] Invalid option in build() call: "watch"
2025-02-11T00:37:17.2496451Z 
2025-02-11T00:37:17.2496698Z     /home/runner/work/alpine/alpine/node_modules/esbuild/lib/main.js:254:12:
2025-02-11T00:37:17.2497252Z       254 â”‚       throw new Error(`Invalid option ${where}: ${quote(key)}`);
2025-02-11T00:37:17.2497602Z           â•µ             ^
2025-02-11T00:37:17.2497735Z 
2025-02-11T00:37:17.2498087Z     at checkForInvalidFlags (/home/runner/work/alpine/alpine/node_modules/esbuild/lib/main.js:254:13)
2025-02-11T00:37:17.2498811Z     at flagsForBuildOptions (/home/runner/work/alpine/alpine/node_modules/esbuild/lib/main.js:427:3)
2025-02-11T00:37:17.2499708Z     at buildOrContextContinue (/home/runner/work/alpine/alpine/node_modules/esbuild/lib/main.js:914:9)
2025-02-11T00:37:17.2500433Z     at buildOrContextImpl (/home/runner/work/alpine/alpine/node_modules/esbuild/lib/main.js:898:5)
2025-02-11T00:37:17.2501147Z     at Object.buildOrContext (/home/runner/work/alpine/alpine/node_modules/esbuild/lib/main.js:700:5)
2025-02-11T00:37:17.2501775Z     at /home/runner/work/alpine/alpine/node_modules/esbuild/lib/main.js:2030:15
2025-02-11T00:37:17.2502188Z     at new Promise (<anonymous>)
2025-02-11T00:37:17.2502646Z     at Object.build (/home/runner/work/alpine/alpine/node_modules/esbuild/lib/main.js:2029:25)
2025-02-11T00:37:17.2503275Z     at Object.build (/home/runner/work/alpine/alpine/node_modules/esbuild/lib/main.js:1880:51)
2025-02-11T00:37:17.2503819Z     at build (/home/runner/work/alpine/alpine/scripts/build.js:91:31)
2025-02-11T00:37:17.2504080Z 
2025-02-11T00:37:17.2515053Z ##[error]Process completed with exit code 1.
2025-02-11T00:37:17.2674414Z Post job cleanup.
2025-02-11T00:37:17.3397342Z [command]/usr/bin/git version
2025-02-11T00:37:17.3431672Z git version 2.48.1
2025-02-11T00:37:17.3474002Z Temporarily overriding HOME='/home/runner/work/_temp/e5b6f98c-7ad0-478f-b0f1-371289400931' before making global git config changes
2025-02-11T00:37:17.3474911Z Adding repository directory to the temporary git global config as a safe directory
2025-02-11T00:37:17.3477456Z [command]/usr/bin/git config --global --add safe.directory /home/runner/work/alpine/alpine
2025-02-11T00:37:17.3507729Z [command]/usr/bin/git config --local --name-only --get-regexp core\.sshCommand
2025-02-11T00:37:17.3536442Z [command]/usr/bin/git submodule foreach --recursive sh -c "git config --local --name-only --get-regexp 'core\.sshCommand' && git config --local --unset-all 'core.sshCommand' || :"
2025-02-11T00:37:17.3765772Z [command]/usr/bin/git config --local --name-only --get-regexp http\.https\:\/\/github\.com\/\.extraheader
2025-02-11T00:37:17.3787015Z http.https://github.com/.extraheader
2025-02-11T00:37:17.3799735Z [command]/usr/bin/git config --local --unset-all http.https://github.com/.extraheader
2025-02-11T00:37:17.3828954Z [command]/usr/bin/git submodule foreach --recursive sh -c "git config --local --name-only --get-regexp 'http\.https\:\/\/github\.com\/\.extraheader' && git config --local --unset-all 'http.https://github.com/.extraheader' || :"
2025-02-11T00:37:17.4154382Z Cleaning up orphan processes
