##[group]Run <:*:>
[36;1m./build/github/lint.sh[0m
shell: /usr/bin/bash -e {<:NUM:>}
env:
GITHUB_ACTIONS_BRANCH: 143554
##[endgroup]
++ bazel info workspace
+ WORKSPACE=/github-actions-runner/_work/cockroach/cockroach
++ ./build/github/engflow-args.sh
+ bazel run //pkg/gen:code --config crosslinux --jobs 50 --remote_download_minimal --config engflowpublic --tls_client_certificate=/home/agent/engflow.crt --tls_client_key=/home/agent/engflow.key --experimental_build_event_upload_retry_minimum_delay 3s --experimental_build_event_upload_max_retries 8 --bes_keywords branch=143554 --bes_keywords job=lint
WARNING: option '--remote_download_outputs' was expanded to from both option '--remote_download_minimal' (source command line options) and option '--remote_download_toplevel' (source expanded from --config=engflowpublic)
INFO: Invocation ID: fd7d251b-7f46-4015-aadf-5053ddda624f
INFO: Streaming build results to: https://mesolite.cluster.engflow.com/invocation/fd7d251b-7f46-4015-aadf-5053ddda624f
Computing main repo mapping:
WARNING: option '--remote_download_outputs' was expanded to from both option '--remote_download_minimal' (source command line options) and option '--remote_download_toplevel' (source expanded from --config=engflowpublic)
Loading:
Loading: 0 packages loaded
Analyzing: target //pkg/gen:code (1 packages loaded, 0 targets configured)
Analyzing: target //pkg/gen:code (1 packages loaded, 0 targets configured)
2025-04-15T10:15:39.6389887Z
Analyzing: target //pkg/gen:code (369 packages loaded, 4029 targets configured)
2025-04-15T10:15:40.6452720Z
Analyzing: target //pkg/gen:code (751 packages loaded, 6176 targets configured)
2025-04-15T10:15:41.6505136Z
Analyzing: target //pkg/gen:code (946 packages loaded, 8550 targets configured)
2025-04-15T10:15:42.6513168Z
Analyzing: target //pkg/gen:code (1186 packages loaded, 10744 targets configured)
2025-04-15T10:15:43.6526702Z
Analyzing: target //pkg/gen:code (1469 packages loaded, 13065 targets configured)
2025-04-15T10:15:44.6594975Z
Analyzing: target //pkg/gen:code (1622 packages loaded, 16870 targets configured)
2025-04-15T10:15:45.6735607Z
Analyzing: target //pkg/gen:code (1655 packages loaded, 17868 targets configured)
2025-04-15T10:15:47.5540928Z
Analyzing: target //pkg/gen:code (1655 packages loaded, 17868 targets configured)
2025-04-15T10:15:48.8499692Z
INFO: Analyzed target //pkg/gen:code (1666 packages loaded, 18146 targets configured).
[760 / 5,912] Executing genrule //pkg/sql/schemachanger/rel:gen-systemattribute-stringer; Downloading pkg/sql/schemachanger/rel/systemattribute_string.go; 0s remote, remote-cache ... (49 actions, 0 running)
[1,391 / 6,245] Executing genrule //pkg/sql/catalog/catalogkeys:gen-comment-type-stringer; Downloading pkg/sql/catalog/catalogkeys/commenttype_string.go; 0s remote, remote-cache ... (48 actions, 0 running)
[2,239 / 6,279] [Sched] Executing genrule //pkg/sql/parser:sql-goyacc; Downloading external/org_golang_x_tools/cmd/goyacc/goyacc_/goyacc, 1024.0 KiB / 2.2 MiB ... (46 actions, 0 running)
[2,837 / 6,279] Executing genrule //pkg/sql/parser:sql-goyacc; 0s remote-cache, linux-sandbox ... (49 actions, 2 running)
[3,518 / 6,279] Executing genrule //pkg/sql/parser:sql-goyacc; 1s remote-cache, linux-sandbox ... (50 actions, 2 running)
[4,076 / 6,279] Executing genrule //pkg/sql/parser:sql-goyacc; 2s remote-cache, linux-sandbox ... (42 actions, 2 running)
[4,589 / 6,279] Executing genrule //pkg/sql/parser:sql-goyacc; 3s remote-cache, linux-sandbox ... (50 actions, 2 running)
[4,692 / 6,279] Executing genrule //pkg/sql/parser:sql-goyacc; 4s remote-cache, linux-sandbox ... (50 actions, 15 running)
[4,762 / 6,279] Executing genrule //pkg/sql/parser:sql-goyacc; 5s remote-cache, linux-sandbox ... (50 actions, 16 running)
[4,906 / 6,279] Executing genrule //pkg/sql/parser:sql-goyacc; 7s remote-cache, linux-sandbox ... (2 actions running)
[4,907 / 6,279] Executing genrule //pkg/sql/parser:sql-goyacc; 8s remote-cache, linux-sandbox ... (4 actions, 1 running)
[5,324 / 6,279] GoCompilePkg pkg/rpc/rpc.a [for tool]; 0s remote, remote-cache ... (50 actions, 0 running)
[5,975 / 6,279] [Sched] GoCompilePkg pkg/rpc/rpc.a [for tool] ... (36 actions, 0 running)
[6,040 / 6,279] [Sched] GoCompilePkg pkg/rpc/rpc.a [for tool] ... (8 actions, 4 running)
[6,051 / 6,279] GoCompilePkg pkg/sql/colflow/colflow.a; 1s remote, remote-cache ... (5 actions, 3 running)
[6,054 / 6,279] GoCompilePkg pkg/rpc/rpc.a [for tool]; 2s remote, remote-cache ... (5 actions, 4 running)
[6,062 / 6,279] GoCompilePkg pkg/sql/distsql/distsql.a; 1s remote, remote-cache ... (9 actions, 7 running)
[6,071 / 6,279] GoCompilePkg pkg/sql/distsql/distsql.a; 2s remote, remote-cache ... (6 actions, 4 running)
[6,076 / 6,279] GoLink pkg/rpc/mock_rpc_gomock_prog_bin_/mock_rpc_gomock_prog_bin [for tool]; 2s remote, remote-cache ... (7 actions, 3 running)
[6,086 / 6,279] GoLink pkg/rpc/mock_rpc_gomock_prog_bin_/mock_rpc_gomock_prog_bin [for tool]; 3s remote, remote-cache ... (16 actions, 6 running)
[6,111 / 6,279] GoCompilePkg pkg/sql/sql.a; 2s remote, remote-cache ... (9 actions, 6 running)
[6,111 / 6,279] GoCompilePkg pkg/sql/sql.a; 3s remote, remote-cache ... (9 actions, 8 running)
[6,115 / 6,279] GoCompilePkg pkg/sql/sql.a; 4s remote, remote-cache ... (12 actions, 7 running)
[6,115 / 6,279] GoCompilePkg pkg/sql/sql.a; 6s remote, remote-cache ... (12 actions, 9 running)
[6,116 / 6,279] GoCompilePkg pkg/sql/sql.a; 7s remote, remote-cache ... (11 actions, 9 running)
[6,123 / 6,279] GoCompilePkg pkg/sql/sql.a; 8s remote, remote-cache ... (10 actions, 9 running)
[6,127 / 6,279] GoCompilePkg pkg/sql/sql.a; 9s remote, remote-cache ... (9 actions, 6 running)
[6,128 / 6,279] GoCompilePkg pkg/sql/sql.a; 10s remote, remote-cache ... (9 actions running)
[6,183 / 6,279] GoCompilePkg pkg/sql/sql.a; 11s remote, remote-cache ... (13 actions, 8 running)
[6,189 / 6,279] GoCompilePkg pkg/sql/sql.a; 12s remote, remote-cache ... (10 actions, 8 running)
[6,191 / 6,279] GoCompilePkg pkg/sql/sql.a; 13s remote, remote-cache ... (10 actions, 9 running)
[6,197 / 6,279] GoCompilePkg pkg/sql/sql.a; 14s remote, remote-cache ... (14 actions, 8 running)
[6,199 / 6,279] GoCompilePkg pkg/sql/sql.a; 16s remote, remote-cache ... (13 actions, 9 running)
[6,203 / 6,279] GoCompilePkg pkg/sql/sql.a; 17s remote, remote-cache ... (11 actions, 8 running)
[6,206 / 6,279] GoCompilePkg pkg/sql/sql.a; 18s remote, remote-cache ... (11 actions, 8 running)
[6,212 / 6,279] GoCompilePkg pkg/sql/colexec/colexecwindow/colexecwindow.a [for tool]; 4s remote, remote-cache ... (17 actions, 7 running)
[6,216 / 6,279] GoCompilePkg pkg/kv/kvserver/kvserver.a [for tool]; 2s remote, remote-cache ... (14 actions, 5 running)
[6,222 / 6,279] GoCompilePkg pkg/kv/kvserver/kvserver.a [for tool]; 3s remote, remote-cache ... (12 actions, 3 running)
[6,223 / 6,279] GoCompilePkg pkg/kv/kvserver/kvserver.a [for tool]; 5s remote, remote-cache ... (11 actions, 3 running)
[6,224 / 6,279] GoCompilePkg pkg/kv/kvserver/kvserver.a [for tool]; 6s remote, remote-cache ... (11 actions, 3 running)
[6,226 / 6,279] GoCompilePkg pkg/kv/kvserver/kvserver.a [for tool]; 8s remote, remote-cache ... (9 actions, 2 running)
[6,226 / 6,279] GoCompilePkg pkg/kv/kvserver/kvserver.a [for tool]; 9s remote, remote-cache ... (9 actions, 3 running)
[6,229 / 6,279] GoCompilePkg pkg/kv/kvserver/kvserver.a [for tool]; 10s remote, remote-cache ... (10 actions, 3 running)
[6,233 / 6,279] [Sched] GoCompilePkg pkg/sql/schemachanger/scexec/backfiller/backfiller.a [for tool]; 8s ... (11 actions, 1 running)
[6,234 / 6,279] [Sched] GoCompilePkg pkg/sql/rowexec/rowexec.a [for tool]; 9s ... (10 actions, 1 running)
[6,235 / 6,279] [Sched] GoCompilePkg pkg/sql/colexec/colexecdisk/colexecdisk.a [for tool]; 8s ... (10 actions, 1 running)
[6,236 / 6,279] [Sched] GoCompilePkg pkg/ccl/changefeedccl/avro/avro.a; 4s ... (9 actions, 2 running)
[6,237 / 6,279] [Sched] GoCompilePkg pkg/ccl/changefeedccl/avro/avro.a; 6s ... (9 actions, 1 running)
[6,238 / 6,279] [Sched] GoCompilePkg pkg/ccl/changefeedccl/avro/avro.a; 7s ... (9 actions, 1 running)
[6,238 / 6,279] [Sched] GoCompilePkg pkg/ccl/changefeedccl/avro/avro.a; 8s ... (9 actions, 2 running)
[6,241 / 6,279] [Sched] GoCompilePkg pkg/ccl/changefeedccl/avro/avro.a; 10s ... (8 actions, 3 running)
[6,245 / 6,279] [Sched] GoCompilePkg pkg/ccl/changefeedccl/avro/avro.a; 11s ... (5 actions, 1 running)
[6,246 / 6,279] GoCompilePkg pkg/ccl/changefeedccl/avro/avro.a; 0s remote, remote-cache ... (5 actions, 4 running)
[6,249 / 6,279] GoCompilePkg pkg/sql/colexec/colbuilder/colbuilder.a [for tool]; 2s remote, remote-cache ... (3 actions, 2 running)
[6,250 / 6,279] [Sched] GoCompilePkg pkg/roachprod/roachprod.a [for tool] ... (3 actions, 1 running)
[6,253 / 6,279] [Sched] GoCompilePkg pkg/sql/colflow/colflow.a [for tool] ... (2 actions, 0 running)
[6,256 / 6,279] GoCompilePkg pkg/sql/colflow/colflow.a [for tool]; 0s remote, remote-cache ... (2 actions, 1 running)
[6,257 / 6,279] [Sched] GoLink pkg/cmd/roachtest/clusterstats/mock_cluster_gomock_prog_bin_/mock_cluster_gomock_prog_bin [for tool] ... (2 actions, 0 running)
[6,257 / 6,279] GoLink pkg/cmd/roachtest/clusterstats/mock_cluster_gomock_prog_bin_/mock_cluster_gomock_prog_bin [for tool]; 0s remote, remote-cache ... (2 actions running)
[6,258 / 6,279] GoLink pkg/cmd/roachtest/clusterstats/mock_cluster_gomock_prog_bin_/mock_cluster_gomock_prog_bin [for tool]; 2s remote, remote-cache ... (2 actions, 1 running)
[6,258 / 6,279] GoLink pkg/cmd/roachtest/clusterstats/mock_cluster_gomock_prog_bin_/mock_cluster_gomock_prog_bin [for tool]; 4s remote, remote-cache ... (2 actions, 1 running)
[6,258 / 6,279] GoLink pkg/cmd/roachtest/clusterstats/mock_cluster_gomock_prog_bin_/mock_cluster_gomock_prog_bin [for tool]; 6s remote, remote-cache ... (2 actions running)
[6,259 / 6,279] GoCompilePkg pkg/sql/sql.a [for tool]; 1s remote, remote-cache ... (2 actions, 1 running)
[6,259 / 6,279] GoCompilePkg pkg/sql/sql.a [for tool]; 2s remote, remote-cache ... (2 actions, 1 running)
[6,259 / 6,279] GoCompilePkg pkg/sql/sql.a [for tool]; 3s remote, remote-cache ... (2 actions running)
[6,260 / 6,279] GoCompilePkg pkg/sql/sql.a [for tool]; 5s remote, remote-cache
[6,260 / 6,279] GoCompilePkg pkg/sql/sql.a [for tool]; 15s remote, remote-cache
[6,261 / 6,279] [Prepa] GoCompilePkg pkg/jobs/jobsprofiler/jobsprofiler.a [for tool]
[6,261 / 6,279] [Sched] GoCompilePkg pkg/backup/backupresolver/backupresolver.a [for tool] ... (6 actions, 0 running)
[6,261 / 6,279] [Sched] GoCompilePkg pkg/jobs/jobsprofiler/jobsprofiler.a [for tool]; 8s ... (6 actions, 1 running)
[6,261 / 6,279] [Sched] GoCompilePkg pkg/ccl/kvccl/kvfollowerreadsccl/kvfollowerreadsccl.a [for tool]; 9s ... (6 actions, 4 running)
[6,265 / 6,279] GoCompilePkg pkg/scheduledjobs/schedulebase/schedulebase.a [for tool]; 1s remote, remote-cache ... (3 actions, 2 running)
[6,267 / 6,279] [Sched] GoLink pkg/sql/gen-reports-TxnStateTransitions_stateNoTxn_bin_/gen-reports-TxnStateTransitions_stateNoTxn_bin [for tool] ... (4 actions, 0 running)
[6,267 / 6,279] [Sched] GoLink pkg/sql/gen-reports-TxnStateTransitions_stateNoTxn_bin_/gen-reports-TxnStateTransitions_stateNoTxn_bin [for tool]; 9s ... (4 actions, 0 running)
[6,267 / 6,279] [Sched] GoLink pkg/sql/gen-reports-TxnStateTransitions_stateNoTxn_bin_/gen-reports-TxnStateTransitions_stateNoTxn_bin [for tool]; 12s ... (4 actions, 1 running)
[6,267 / 6,279] [Sched] GoCompilePkg pkg/ccl/changefeedccl/kcjsonschema/kcjsonschema.a [for tool]; 13s ... (4 actions, 3 running)
[6,268 / 6,279] GoCompilePkg pkg/ccl/changefeedccl/cdceval/cdceval.a [for tool]; 2s remote, remote-cache ... (3 actions running)
[6,270 / 6,279] GoLink pkg/sql/gen-reports-TxnStateTransitions_stateNoTxn_bin_/gen-reports-TxnStateTransitions_stateNoTxn_bin [for tool]; 2s remote, remote-cache ... (2 actions, 1 running)
[6,270 / 6,279] GoLink pkg/sql/gen-reports-TxnStateTransitions_stateNoTxn_bin_/gen-reports-TxnStateTransitions_stateNoTxn_bin [for tool]; 13s remote, remote-cache ... (2 actions, 1 running)
[6,271 / 6,279] [Sched] GoCompilePkg pkg/ccl/changefeedccl/changefeedccl.a [for tool]; 13s ... (2 actions, 0 running)
[6,271 / 6,279] [Sched] Executing genrule //pkg/sql:txnstatetransitions_report ... (2 actions, 1 running)
[6,272 / 6,279] [Sched] Executing genrule //pkg/sql:txnstatetransitions_report; 7s ... (3 actions, 0 running)
[6,272 / 6,279] [Sched] Executing genrule //pkg/sql:txnstatetransitions_report; 8s ... (3 actions, 0 running)
[6,272 / 6,279] [Sched] GoCompilePkg pkg/ccl/changefeedccl/mocks/kafka_admin_v2_generated_gomock_prog_bin.a [for tool] ... (3 actions, 1 running)
[6,272 / 6,279] [Sched] GoCompilePkg pkg/ccl/changefeedccl/mocks/kafka_admin_v2_generated_gomock_prog_bin.a [for tool]; 4s ... (3 actions, 1 running)
[6,272 / 6,279] [Sched] GoCompilePkg pkg/ccl/changefeedccl/mocks/kafka_admin_v2_generated_gomock_prog_bin.a [for tool]; 5s ... (3 actions, 1 running)
[6,273 / 6,279] [Sched] GoCompilePkg pkg/ccl/changefeedccl/mocks/kafka_admin_v2_generated_gomock_prog_bin.a [for tool]; 7s ... (2 actions, 0 running)
[6,273 / 6,279] [Sched] GoCompilePkg pkg/ccl/changefeedccl/mocks/kafka_client_v2_generated_gomock_prog_bin.a [for tool]; 15s ... (2 actions, 1 running)
[6,274 / 6,279] [Sched] GoCompilePkg pkg/ccl/changefeedccl/mocks/kafka_client_v2_generated_gomock_prog_bin.a [for tool]; 16s ... (2 actions, 0 running)
[6,275 / 6,279] [Sched] GoLink pkg/ccl/changefeedccl/mocks/kafka_admin_v2_generated_gomock_prog_bin_/kafka_admin_v2_generated_gomock_prog_bin [for tool] ... (2 actions, 0 running)
[6,275 / 6,279] [Sched] GoLink pkg/ccl/changefeedccl/mocks/kafka_admin_v2_generated_gomock_prog_bin_/kafka_admin_v2_generated_gomock_prog_bin [for tool] ... (2 actions, 0 running)
[6,275 / 6,279] [Sched] GoLink pkg/ccl/changefeedccl/mocks/kafka_admin_v2_generated_gomock_prog_bin_/kafka_admin_v2_generated_gomock_prog_bin [for tool]; 10s ... (2 actions, 0 running)
[6,275 / 6,279] [Sched] GoLink pkg/ccl/changefeedccl/mocks/kafka_client_v2_generated_gomock_prog_bin_/kafka_client_v2_generated_gomock_prog_bin [for tool]; 14s ... (2 actions, 1 running)
[6,275 / 6,279] GoLink pkg/ccl/changefeedccl/mocks/kafka_admin_v2_generated_gomock_prog_bin_/kafka_admin_v2_generated_gomock_prog_bin [for tool]; 1s remote, remote-cache ... (2 actions running)
[6,275 / 6,279] GoLink pkg/ccl/changefeedccl/mocks/kafka_admin_v2_generated_gomock_prog_bin_/kafka_admin_v2_generated_gomock_prog_bin [for tool]; 25s remote, remote-cache ... (2 actions running)
[6,276 / 6,279] GoLink pkg/ccl/changefeedccl/mocks/kafka_admin_v2_generated_gomock_prog_bin_/kafka_admin_v2_generated_gomock_prog_bin [for tool]; 42s remote, remote-cache ... (2 actions, 1 running)
[6,276 / 6,279] GoLink pkg/ccl/changefeedccl/mocks/kafka_admin_v2_generated_gomock_prog_bin_/kafka_admin_v2_generated_gomock_prog_bin [for tool]; 44s remote, remote-cache ... (2 actions, 1 running)
[6,276 / 6,279] GoLink pkg/ccl/changefeedccl/mocks/kafka_admin_v2_generated_gomock_prog_bin_/kafka_admin_v2_generated_gomock_prog_bin [for tool]; 54s remote, remote-cache ... (2 actions, 1 running)
[6,277 / 6,279] [Sched] GoMockReflectExecOnlyGen pkg/ccl/changefeedccl/mocks/kafka_client_v2_generated.go; 22s ... (2 actions, 0 running)
[6,277 / 6,279] [Sched] GoMockReflectExecOnlyGen pkg/ccl/changefeedccl/mocks/kafka_client_v2_generated.go; 23s ... (2 actions, 0 running)
[6,277 / 6,279] [Sched] GoMockReflectExecOnlyGen pkg/ccl/changefeedccl/mocks/kafka_admin_v2_generated.go; 9s ... (2 actions, 1 running)
[6,278 / 6,279] [Sched] GoMockReflectExecOnlyGen pkg/ccl/changefeedccl/mocks/kafka_admin_v2_generated.go; 10s
[6,278 / 6,279] [Sched] GoMockReflectExecOnlyGen pkg/ccl/changefeedccl/mocks/kafka_admin_v2_generated.go; 21s
[6,278 / 6,279] GoMockReflectExecOnlyGen pkg/ccl/changefeedccl/mocks/kafka_admin_v2_generated.go; 0s remote, remote-cache
INFO: Found 1 target...
Target //pkg/gen:code up-to-date:
_bazel/bin/pkg/gen/code
INFO: Elapsed time: 280.709s, Critical Path: 267.48s
INFO: 5960 processes: 5263 remote cache hit, 408 internal, 172 linux-sandbox, 117 remote.
INFO: Build completed successfully, 5960 total actions
INFO:
INFO: Running command line: _bazel/bin/pkg/gen/code
INFO: Streaming build results to: https://mesolite.cluster.engflow.com/invocation/fd7d251b-7f46-4015-aadf-5053ddda624f
++ ./build/github/engflow-args.sh
+ bazel run //pkg/cmd/generate-cgo:generate-cgo '--run_under=cd /github-actions-runner/_work/cockroach/cockroach && ' --config crosslinux --jobs 50 --remote_download_minimal --config engflowpublic --tls_client_certificate=/home/agent/engflow.crt --tls_client_key=/home/agent/engflow.key --experimental_build_event_upload_retry_minimum_delay 3s --experimental_build_event_upload_max_retries 8 --bes_keywords branch=143554 --bes_keywords job=lint
WARNING: option '--remote_download_outputs' was expanded to from both option '--remote_download_minimal' (source command line options) and option '--remote_download_toplevel' (source expanded from --config=engflowpublic)
INFO: Invocation ID: 6128c663-502b-42c8-87bb-4168ee7f5d6c
INFO: Streaming build results to: https://mesolite.cluster.engflow.com/invocation/6128c663-502b-42c8-87bb-4168ee7f5d6c
Computing main repo mapping:
WARNING: option '--remote_download_outputs' was expanded to from both option '--remote_download_minimal' (source command line options) and option '--remote_download_toplevel' (source expanded from --config=engflowpublic)
Loading:
Loading: 0 packages loaded
WARNING: Build option --run_under has changed, discarding analysis cache (this can be expensive, see https://bazel.build/advanced/performance/iteration-speed).
Analyzing: target //pkg/cmd/generate-cgo:generate-cgo (1 packages loaded, 0 targets configured)
Analyzing: target //pkg/cmd/generate-cgo:generate-cgo (1 packages loaded, 0 targets configured)
2025-04-15T10:20:23.4887479Z
INFO: Analyzed target //pkg/cmd/generate-cgo:generate-cgo (1 packages loaded, 9976 targets configured).
INFO: Found 1 target...
Target //pkg/cmd/generate-cgo:generate-cgo up-to-date:
_bazel/bin/pkg/cmd/generate-cgo/generate-cgo_/generate-cgo
INFO: Elapsed time: 2.070s, Critical Path: 1.13s
INFO: 10 processes: 6 remote cache hit, 4 internal.
INFO: Build completed successfully, 10 total actions
INFO:
INFO: Running command line: /bin/bash -c 'cd /github-actions-runner/_work/cockroach/cockroach &&  _bazel/bin/pkg/cmd/generate-cgo/generate-cgo_/generate-cgo '
INFO: Streaming build results to: https://mesolite.cluster.engflow.com/invocation/6128c663-502b-42c8-87bb-4168ee7f5d6c
2025/04/15 10:20:25 $ bazel info workspace --color=no
2025/04/15 10:20:25 $ bazel info bazel-bin --color=no
2025/04/15 10:20:26 $ bazel build //build/bazelutil:test_force_build_cdeps //c-deps:libjemalloc //c-deps:libproj //c-deps:libkrb5
2025/04/15 10:20:27 $ bazel info execution_root --color=no
2025/04/15 10:20:27 $ cp -r /home/agent/.cache/bazel/_bazel_agent/5ff96bfab82c7a794450c7f1830ec61e/execroot/com_github_cockroachdb_cockroach/external/archived_cdep_libjemalloc_linux /github-actions-runner/_work/cockroach/cockroach/bin/c-deps
2025/04/15 10:20:27 $ cp -r /home/agent/.cache/bazel/_bazel_agent/5ff96bfab82c7a794450c7f1830ec61e/execroot/com_github_cockroachdb_cockroach/external/archived_cdep_libproj_linux /github-actions-runner/_work/cockroach/cockroach/bin/c-deps
2025/04/15 10:20:27 $ cp -r /home/agent/.cache/bazel/_bazel_agent/5ff96bfab82c7a794450c7f1830ec61e/execroot/com_github_cockroachdb_cockroach/external/archived_cdep_libkrb5_linux /github-actions-runner/_work/cockroach/cockroach/bin/c-deps
++ which gcc
++ which gcc
++++ bazel run @go_sdk//:bin/go --run_under=realpath
Computing main repo mapping:
Loading:
Loading: 0 packages loaded
WARNING: Build option --run_under has changed, discarding analysis cache (this can be expensive, see https://bazel.build/advanced/performance/iteration-speed).
Analyzing: target @@go_sdk//:bin/go (1 packages loaded, 0 targets configured)
Analyzing: target @@go_sdk//:bin/go (1 packages loaded, 1 target configured)
2025-04-15T10:20:27.5304341Z
INFO: Analyzed target @@go_sdk//:bin/go (1 packages loaded, 1 target configured).
WARNING: /home/agent/.cache/bazel/_bazel_agent/5ff96bfab82c7a794450c7f1830ec61e/external/go_sdk/BUILD.bazel:61:7: @@go_sdk//:bin/go is a source file, nothing will be built for it. If you want to build a target that consumes this file, try --compile_one_dependency
INFO: Found 1 target...
INFO: Elapsed time: 0.257s, Critical Path: 0.00s
INFO: 1 process: 1 internal.
INFO: Build completed successfully, 1 total action
INFO: Running command line: /bin/bash -c 'realpath /home/agent/.cache/bazel/_bazel_agent/5ff96bfab82c7a794450c7f1830ec61e/external/go_sdk/bin/go '
+++ dirname /home/agent/.cache/bazel/_bazel_agent/5ff96bfab82c7a794450c7f1830ec61e/external/go_sdk/bin/go
++ dirname /home/agent/.cache/bazel/_bazel_agent/5ff96bfab82c7a794450c7f1830ec61e/external/go_sdk/bin
++ ./build/github/engflow-args.sh
+ bazel test //pkg/testutils/lint:lint_test --config crosslinux --test_env=CC=/usr/bin/gcc --test_env=CXX=/usr/bin/gcc --test_env=HOME --sandbox_writable_path=/home/agent --test_env=GO_SDK=/home/agent/.cache/bazel/_bazel_agent/5ff96bfab82c7a794450c7f1830ec61e/external/go_sdk --test_env=COCKROACH_WORKSPACE=/github-actions-runner/_work/cockroach/cockroach --test_timeout=1800 --build_event_binary_file=bes.bin --jobs 50 --remote_download_minimal --config engflowpublic --tls_client_certificate=/home/agent/engflow.crt --tls_client_key=/home/agent/engflow.key --experimental_build_event_upload_retry_minimum_delay 3s --experimental_build_event_upload_max_retries 8 --bes_keywords branch=143554 --bes_keywords job=lint
WARNING: option '--remote_download_outputs' was expanded to from both option '--remote_download_minimal' (source command line options) and option '--remote_download_toplevel' (source expanded from --config=engflowpublic)
INFO: Invocation ID: aa12f204-cd94-48db-9b54-cfa9fa68d13c
INFO: Streaming build results to: https://mesolite.cluster.engflow.com/invocation/aa12f204-cd94-48db-9b54-cfa9fa68d13c
Computing main repo mapping:
WARNING: option '--remote_download_outputs' was expanded to from both option '--remote_download_minimal' (source command line options) and option '--remote_download_toplevel' (source expanded from --config=engflowpublic)
Loading:
Loading: 0 packages loaded
WARNING: Build options --//build/toolchains:crdb_test_flag, --//build/toolchains:cross_flag, --action_env, and 6 more have changed, discarding analysis cache (this can be expensive, see https://bazel.build/advanced/performance/iteration-speed).
Analyzing: target //pkg/testutils/lint:lint_test (1 packages loaded, 0 targets configured)
Analyzing: target //pkg/testutils/lint:lint_test (1 packages loaded, 0 targets configured)
2025-04-15T10:20:27.7747076Z
Analyzing: target //pkg/testutils/lint:lint_test (519 packages loaded, 11248 targets configured)
2025-04-15T10:20:28.7976966Z
INFO: Analyzed target //pkg/testutils/lint:lint_test (1242 packages loaded, 17506 targets configured).
[193 / 2,609] Executing genrule //pkg/util/buildutil:gen-crdb-test-on; 0s remote, remote-cache ... (5 actions, 0 running)
[2,163 / 2,609] GoLink pkg/sql/opt/optgen/cmd/optfmt/optfmt_/optfmt; 0s remote, remote-cache ... (10 actions, 0 running)
[2,506 / 2,609] GoLink pkg/sql/opt/optgen/cmd/optfmt/optfmt_/optfmt; 0s remote, remote-cache ... (9 actions, 1 running)
[2,601 / 2,609] [Sched] Running nogo on //pkg/testutils/lint:lint_test; Downloading external/io_bazel_rules_go/stdlib_/pkg/linux_amd64/math/rand.a ... (2 actions, 0 running)
[2,601 / 2,609] [Sched] Running nogo on //pkg/testutils/lint:lint_test; Downloading external/io_bazel_rules_go/stdlib_/pkg/tool/linux_amd64/compile, 16.0 MiB / 18.9 MiB ... (2 actions, 0 running)
[2,608 / 2,609] [Sched] GoLink pkg/testutils/lint/lint_test_/lint_test
[2,608 / 2,609] GoLink pkg/testutils/lint/lint_test_/lint_test; 0s remote-cache, linux-sandbox
[2,609 / 2,610] [Prepa] Testing //pkg/testutils/lint:lint_test
[2,609 / 2,610] Testing //pkg/testutils/lint:lint_test; 0s remote-cache, linux-sandbox
[2,609 / 2,610] Testing //pkg/testutils/lint:lint_test; 10s remote-cache, linux-sandbox
[2,609 / 2,610] Testing //pkg/testutils/lint:lint_test; 40s remote-cache, linux-sandbox
[2,609 / 2,610] Testing //pkg/testutils/lint:lint_test; 100s remote-cache, linux-sandbox
[2,609 / 2,610] Testing //pkg/testutils/lint:lint_test; 160s remote-cache, linux-sandbox
[2,609 / 2,610] Testing //pkg/testutils/lint:lint_test; 220s remote-cache, linux-sandbox
[2,609 / 2,610] Testing //pkg/testutils/lint:lint_test; 280s remote-cache, linux-sandbox
[2,609 / 2,610] Testing //pkg/testutils/lint:lint_test; 340s remote-cache, linux-sandbox
[2,609 / 2,610] Testing //pkg/testutils/lint:lint_test; 400s remote-cache, linux-sandbox
[2,609 / 2,610] Testing //pkg/testutils/lint:lint_test; 460s remote-cache, linux-sandbox
[2,609 / 2,610] Testing //pkg/testutils/lint:lint_test; 520s remote-cache, linux-sandbox
[2,609 / 2,610] Testing //pkg/testutils/lint:lint_test; 580s remote-cache, linux-sandbox
[2,609 / 2,610] Testing //pkg/testutils/lint:lint_test; 640s remote-cache, linux-sandbox
[2,609 / 2,610] Testing //pkg/testutils/lint:lint_test; 700s remote-cache, linux-sandbox
[2,609 / 2,610] Testing //pkg/testutils/lint:lint_test; 760s remote-cache, linux-sandbox
[2,609 / 2,610] Testing //pkg/testutils/lint:lint_test; 821s remote-cache, linux-sandbox
[2,609 / 2,610] Testing //pkg/testutils/lint:lint_test; 881s remote-cache, linux-sandbox
[2,609 / 2,610] Testing //pkg/testutils/lint:lint_test; 941s remote-cache, linux-sandbox
[2,609 / 2,610] Testing //pkg/testutils/lint:lint_test; 1001s remote-cache, linux-sandbox
[2,609 / 2,610] Testing //pkg/testutils/lint:lint_test; 1061s remote-cache, linux-sandbox
[2,609 / 2,610] Testing //pkg/testutils/lint:lint_test; 1121s remote-cache, linux-sandbox
[2,609 / 2,610] Testing //pkg/testutils/lint:lint_test; 1181s remote-cache, linux-sandbox
[2,609 / 2,610] Testing //pkg/testutils/lint:lint_test; 1241s remote-cache, linux-sandbox
[2,609 / 2,610] Testing //pkg/testutils/lint:lint_test; 1301s remote-cache, linux-sandbox
[2,609 / 2,610] Testing //pkg/testutils/lint:lint_test; 1361s remote-cache, linux-sandbox
[2,609 / 2,610] Testing //pkg/testutils/lint:lint_test; 1421s remote-cache, linux-sandbox
[2,609 / 2,610] Testing //pkg/testutils/lint:lint_test; 1481s remote-cache, linux-sandbox
[2,609 / 2,610] Testing //pkg/testutils/lint:lint_test; 1541s remote-cache, linux-sandbox
[2,609 / 2,610] Testing //pkg/testutils/lint:lint_test; 1601s remote-cache, linux-sandbox
FAIL: //pkg/testutils/lint:lint_test (see /home/agent/.cache/bazel/_bazel_agent/5ff96bfab82c7a794450c7f1830ec61e/execroot/com_github_cockroachdb_cockroach/bazel-out/k8-fastbuild/testlogs/pkg/testutils/lint/lint_test/test.log)
[2,609 / 2,610] 1 / 1 tests, 1 failed; Testing //pkg/testutils/lint:lint_test; 1625s remote-cache, linux-sandbox
INFO: Found 1 test target...
Target //pkg/testutils/lint:lint_test up-to-date:
_bazel/bin/pkg/testutils/lint/lint_test_/lint_test
INFO: Elapsed time: 1638.430s, Critical Path: 1636.05s
INFO: 585 processes: 569 remote cache hit, 4 internal, 11 linux-sandbox, 1 remote.
INFO: Build completed, 1 test FAILED, 585 total actions
INFO:
//pkg/testutils/lint:lint_test                                           FAILED in 1625.6s
/home/agent/.cache/bazel/_bazel_agent/5ff96bfab82c7a794450c7f1830ec61e/execroot/com_github_cockroachdb_cockroach/bazel-out/k8-fastbuild/testlogs/pkg/testutils/lint/lint_test/test.log
2025-04-15T10:47:46.0829142Z
Executed 1 out of 1 test: 1 fails locally.
INFO: Streaming build results to: https://mesolite.cluster.engflow.com/invocation/aa12f204-cd94-48db-9b54-cfa9fa68d13c
##[error]Process completed with exit code 3.
