Requested labels: ubuntu-24.04
Job defined at: duckdb/duckdb/.github/workflows/CodeQuality.yml@refs/heads/main
Waiting for a runner to pick up this job...
Job is waiting for a hosted runner to come online.
Job is about to start running on the hosted runner: GitHub Actions 50 (hosted)
Current runner version: '2.323.0'
##[group]Operating System
Ubuntu
24.04.2
LTS
##[endgroup]
##[group]Runner Image
Image: ubuntu-24.04
Version: 20250406.1.0
Included Software: https://github.com/actions/runner-images/blob/ubuntu24/20250406.1/images/ubuntu/Ubuntu2404-Readme.md
Image Release: https://github.com/actions/runner-images/releases/tag/ubuntu24%2F20250406.1
##[endgroup]
##[group]Runner Image Provisioner
2.0.422.1
##[endgroup]
##[group]GITHUB_TOKEN Permissions
read

read
##[endgroup]
Actions



'actions/checkout@v4'
Version: 4.2.2
ccb2698953eaebd21c7bf6268a94f9c26518a7e38e27e0b83c1fe1ad049819b1
11bd71901bbe5b1630ceea73d27597364c9af683
##[endgroup]
'hendrikmuhs/ccache-action@main' 15fe4dd483de6883ed9b919e77778f61f69fc053
Complete job name: Tidy Check
actions/checkout@v4

0
duckdb/duckdb



true





false



CC: gcc
CXX: g++
GEN: ninja
TIDY_THREADS: 4
TIDY_CHECKS:
##[endgroup]
duckdb/duckdb

'/home/runner/work/duckdb/duckdb'

2 49 0
##[endgroup]
Temporarily overriding HOME='/home/runner/work/_temp/e483f6d8-c0e4-4dd5-a5e1-79fb78b794c5' before making global git config changes

[command]/usr/bin/git config --global --add safe.directory /home/runner/work/duckdb/duckdb
'/home/runner/work/duckdb/duckdb'

/home/runner/work/duckdb/duckdb










/home/runner/work/duckdb/duckdb/.git/
https://github.com/duckdb/duckdb
##[endgroup]

[command]/usr/bin/git config --local gc.auto 0
##[endgroup]

core\.sshCommand
'core\.sshCommand' 'core.sshCommand'
http\.https\:\/\/github\.com\/\.extraheader
'http\.https\:\/\/github\.com\/\.extraheader' 'http.https://github.com/.extraheader'
--local
##[endgroup]

[command]/usr/bin/git -c protocol.version=2 fetch --prune --no-recurse-submodules origin +refs/heads/*:refs/remotes/origin/* +refs/tags/*:refs/tags/*
https://github.com/duckdb/duckdb
branch] main origin/main
branch] v1.1-eatoni origin/v1.1-eatoni
branch] v1.2-histrionicus origin/v1.2-histrionicus
tag] v0.1.0 v0.1.0
tag] v0.1.1 v0.1.1
tag] v0.1.2 v0.1.2
tag] v0.1.3 v0.1.3
tag] v0.1.4 v0.1.4
tag] v0.1.5 v0.1.5
tag] v0.1.6 v0.1.6
tag] v0.1.7 v0.1.7
tag] v0.1.8 v0.1.8
tag] v0.1.9 v0.1.9
tag] v0.10.0 v0.10.0
tag] v0.10.1 v0.10.1
tag] v0.10.2 v0.10.2
tag] v0.10.3 v0.10.3
tag] v0.2.0 v0.2.0
tag] v0.2.1 v0.2.1
tag] v0.2.2 v0.2.2
tag] v0.2.3 v0.2.3
tag] v0.2.4 v0.2.4
tag] v0.2.5 v0.2.5
tag] v0.2.6 v0.2.6
tag] v0.2.7 v0.2.7
tag] v0.2.8 v0.2.8
tag] v0.2.9 v0.2.9
tag] v0.3.0 v0.3.0
tag] v0.3.1 v0.3.1
tag] v0.3.2 v0.3.2
tag] v0.3.3 v0.3.3
tag] v0.3.4 v0.3.4
tag] v0.4.0 v0.4.0
tag] v0.5.0 v0.5.0
tag] v0.5.1 v0.5.1
tag] v0.6.0 v0.6.0
tag] v0.6.1 v0.6.1
tag] v0.7.0 v0.7.0
tag] v0.7.1 v0.7.1
tag] v0.8.0 v0.8.0
tag] v0.8.1 v0.8.1
tag] v0.9.0 v0.9.0
tag] v0.9.1 v0.9.1
tag] v0.9.2 v0.9.2
tag] v1.0.0 v1.0.0
tag] v1.1.0 v1.1.0
tag] v1.1.1 v1.1.1
tag] v1.1.2 v1.1.2
tag] v1.1.3 v1.1.3
tag] v1.2.0 v1.2.0
tag] v1.2.1 v1.2.1
tag] v1.2.2 v1.2.2
[command]/usr/bin/git branch --list --remote origin/main
origin/main
[command]/usr/bin/git rev-parse refs/remotes/origin/main
cae7a680bc78d82d0a3f721291c3a36ce99c6561
##[endgroup]

##[endgroup]

[command]/usr/bin/git config --local --unset-all extensions.worktreeConfig

main refs/remotes/origin/main
Updating files:  59% (8160/13781)
Updating files:  60% (8269/13781)
Updating files:  61% (8407/13781)
Updating files:  62% (8545/13781)
Updating files:  63% (8683/13781)
Updating files:  64% (8820/13781)
Updating files:  65% (8958/13781)
Updating files:  66% (9096/13781)
Updating files:  67% (9234/13781)
Updating files:  68% (9372/13781)
Updating files:  69% (9509/13781)
Updating files:  70% (9647/13781)
Updating files:  71% (9785/13781)
Updating files:  72% (9923/13781)
Updating files:  73% (10061/13781)
Updating files:  74% (10198/13781)
Updating files:  75% (10336/13781)
Updating files:  76% (10474/13781)
Updating files:  77% (10612/13781)
Updating files:  78% (10750/13781)
Updating files:  79% (10887/13781)
Updating files:  80% (11025/13781)
Updating files:  81% (11163/13781)
Updating files:  82% (11301/13781)
Updating files:  83% (11439/13781)
Updating files:  84% (11577/13781)
Updating files:  85% (11714/13781)
Updating files:  86% (11852/13781)
Updating files:  87% (11990/13781)
Updating files:  88% (12128/13781)
Updating files:  89% (12266/13781)
Updating files:  90% (12403/13781)
Updating files:  91% (12541/13781)
Updating files:  92% (12679/13781)
Updating files:  93% (12817/13781)
Updating files:  94% (12955/13781)
Updating files:  95% (13092/13781)
Updating files:  96% (13230/13781)
Updating files:  97% (13368/13781)
Updating files:  98% (13506/13781)
Updating files:  99% (13644/13781)
Updating files: 100% (13781/13781)
Updating files: 100% (13781/13781), done.

'main' 'origin/main'.
##[endgroup]
-1 --format=%H
cae7a680bc78d82d0a3f721291c3a36ce99c6561
##[group]Run sudo apt-get update -y -qq && sudo apt-get install -y -qq ninja-build clang-tidy && sudo pip3 install pybind11[global] --break-system-packages
[36;1msudo apt-get update -y -qq && sudo apt-get install -y -qq ninja-build clang-tidy && sudo pip3 install pybind11[global] --break-system-packages[0m
0


CC: gcc
CXX: g++
GEN: ninja
TIDY_THREADS: 4
TIDY_CHECKS:
##[endgroup]
Selecting previously unselected package clang-tidy.
(Reading database ...
(Reading database ... 5%
(Reading database ... 10%
(Reading database ... 15%
(Reading database ... 20%
(Reading database ... 25%
(Reading database ... 30%
(Reading database ... 35%
(Reading database ... 40%
(Reading database ... 45%
(Reading database ... 50%
(Reading database ... 55%
(Reading database ... 60%
(Reading database ... 65%
(Reading database ... 70%
(Reading database ... 75%
(Reading database ... 80%
(Reading database ... 85%
(Reading database ... 90%
(Reading database ... 95%
(Reading database ... 100%
(Reading database ... 221801 files and directories currently installed.)
Preparing to unpack .../clang-tidy_1%3a18.0-59~exp2_amd64.deb ...
Unpacking clang-tidy (1:18.0-59~exp2) ...
Selecting previously unselected package ninja-build.
Preparing to unpack .../ninja-build_1.11.1-2_amd64.deb ...
Unpacking ninja-build (1.11.1-2) ...
Setting up clang-tidy (1:18.0-59~exp2) ...
Setting up ninja-build (1.11.1-2) ...
Processing triggers for man-db (2.12.0-4build2) ...
2025-04-15T00:41:46.8066098Z
Running kernel seems to be up-to-date.
2025-04-15T00:41:46.8067145Z
No services need to be restarted.
2025-04-15T00:41:46.8067435Z
No containers need to be restarted.
2025-04-15T00:41:46.8067720Z
No user sessions are running outdated binaries.
2025-04-15T00:41:46.8068091Z
No VM guests are running outdated hypervisor (qemu) binaries on this host.
pybind11[global]
pybind11-2.13.6-py3-none-any.whl.metadata (9.5
pybind11-global==2.13.6 pybind11[global])
pybind11 global-2.13.6-py3-none-any.whl.metadata (9.4
pybind11 global-2.13.6-py3-none-any.whl (439
439 5 439 5 kB 16 2 0 00 00
pybind11-2.13.6-py3-none-any.whl (243
243 3 243 3 kB 26 4 0 00 00
Installing collected packages: pybind11-global, pybind11
Successfully installed pybind11-2.13.6 pybind11-global-2.13.6
WARNING: Running pip as the 'root' user can result in broken permissions and conflicting behaviour with the system package manager. It is recommended to use a virtual environment instead: https://pip.pypa.io/warnings/venv
hendrikmuhs/ccache-action@main

key: tidy-check
save:
restore:
max-size: 500M
verbose: 0
variant: ccache
append-timestamp:
create-symlink:
job-summary: CCache Statistics


CC: gcc
CXX: g++
GEN: ninja
TIDY_THREADS: 4
TIDY_CHECKS:
##[endgroup]
##[group]Install ccache
[command]/usr/bin/sh -xc $(which sudo) apt-get install -y ccache
+ which sudo
+ /usr/bin/sudo apt-get install -y ccache
Reading package lists...
Building dependency tree...
Reading state information...
The following additional packages will be installed:
libhiredis1.1.0
Suggested packages:
distcc | icecc
The following NEW packages will be installed:
ccache libhiredis1.1.0
0 upgraded, 2 newly installed, 0 to remove and 101 not upgraded.
Need to get 633 kB of archives.
After this operation, 1756 kB of additional disk space will be used.
Get:1 file:/etc/apt/apt-mirrors.txt Mirrorlist [142 B]
Get:2 http://azure.archive.ubuntu.com/ubuntu noble/universe amd64 libhiredis1.1.0 amd64 1.2.0-6ubuntu3 [41.4 kB]
Get:3 http://azure.archive.ubuntu.com/ubuntu noble/universe amd64 ccache amd64 4.9.1-1 [592 kB]
Fetched 633 kB in 1s (460 kB/s)
Selecting previously unselected package libhiredis1.1.0:amd64.
(Reading database ...
(Reading database ... 5%
(Reading database ... 10%
(Reading database ... 15%
(Reading database ... 20%
(Reading database ... 25%
(Reading database ... 30%
(Reading database ... 35%
(Reading database ... 40%
(Reading database ... 45%
(Reading database ... 50%
(Reading database ... 55%
(Reading database ... 60%
(Reading database ... 65%
(Reading database ... 70%
(Reading database ... 75%
(Reading database ... 80%
(Reading database ... 85%
(Reading database ... 90%
(Reading database ... 95%
(Reading database ... 100%
(Reading database ... 221820 files and directories currently installed.)
Preparing to unpack .../libhiredis1.1.0_1.2.0-6ubuntu3_amd64.deb ...
Unpacking libhiredis1.1.0:amd64 (1.2.0-6ubuntu3) ...
Selecting previously unselected package ccache.
Preparing to unpack .../ccache_4.9.1-1_amd64.deb ...
Unpacking ccache (4.9.1-1) ...
Setting up libhiredis1.1.0:amd64 (1.2.0-6ubuntu3) ...
Setting up ccache (4.9.1-1) ...
Updating symlinks in /usr/lib/ccache ...
Processing triggers for libc-bin (2.39-0ubuntu8.4) ...
Processing triggers for man-db (2.12.0-4build2) ...
2025-04-15T00:41:56.3381050Z
Running kernel seems to be up-to-date.
2025-04-15T00:41:56.3381844Z
No services need to be restarted.
2025-04-15T00:41:56.3383651Z
No containers need to be restarted.
2025-04-15T00:41:56.3384129Z
No user sessions are running outdated binaries.
2025-04-15T00:41:56.3384561Z
No VM guests are running outdated hypervisor (qemu) binaries on this host.
2025-04-15T00:41:57.2890016Z
##[endgroup]
##[group]Restore cache
##[warning]Cache not found for keys: ccache-tidy-check-
No cache found.
##[endgroup]
##[group]Configure ccache, linux
[command]/usr/bin/sh -xc ccache --set-config=cache_dir='/home/runner/work/duckdb/duckdb/.ccache'
+ ccache --set-config=cache_dir=/home/runner/work/duckdb/duckdb/.ccache
[command]/usr/bin/sh -xc ccache --set-config=max_size='500M'
+ ccache --set-config=max_size=500M
[command]/usr/bin/sh -xc ccache --set-config=compression=true
+ ccache --set-config=compression=true
Cccache config:
[command]/usr/bin/sh -xc ccache -p
+ ccache -p
(default) absolute_paths_in_stderr = false
(default) base_dir =
(/home/runner/.config/ccache/ccache.conf) cache_dir = /home/runner/work/duckdb/duckdb/.ccache
(default) compiler =
(default) compiler_check = mtime
(default) compiler_type = auto
(/home/runner/.config/ccache/ccache.conf) compression = true
(default) compression_level = 0
(default) cpp_extension =
(default) debug = false
(default) debug_dir =
(default) debug_level = 2
(default) depend_mode = false
(default) direct_mode = true
(default) disable = false
(default) extra_files_to_hash =
(default) file_clone = false
(default) hard_link = false
(default) hash_dir = true
(default) ignore_headers_in_manifest =
(default) ignore_options =
(default) inode_cache = true
(default) keep_comments_cpp = false
(default) log_file =
(default) max_files = 0
(/home/runner/.config/ccache/ccache.conf) max_size = 500.0 MB
(default) msvc_dep_prefix = Note: including file:
(default) namespace =
(default) path =
(default) pch_external_checksum = false
(default) prefix_command =
(default) prefix_command_cpp =
(default) read_only = false
(default) read_only_direct = false
(default) recache = false
(default) remote_only = false
(default) remote_storage =
(default) reshare = false
(default) run_second_cpp = true
(default) sloppiness =
(default) stats = true
(default) stats_log =
(default) temporary_dir = /run/user/1001/ccache-tmp
(default) umask =
[command]/usr/bin/sh -xc ccache -z
+ ccache -z
Statistics zeroed
##[endgroup]
##[group]Run set -e
[36;1mset -e[0m
[36;1mcurl -Lo /tmp/clang-tidy-cache https://github.com/ejfitzgerald/clang-tidy-cache/releases/download/v0.4.0/clang-tidy-cache-linux-amd64[0m
[36;1mmd5sum /tmp/clang-tidy-cache | grep 880b290d7bbe7c1fb2a4f591f9a86cc1[0m
[36;1mchmod +x /tmp/clang-tidy-cache[0m
0


CC: gcc
CXX: g++
GEN: ninja
TIDY_THREADS: 4
TIDY_CHECKS:
##[endgroup]
% Total    % Received % Xferd  Average Speed   Time    Time     Time  Current
Dload  Upload   Total   Spent    Left  Speed
2025-04-15T00:41:57.4931783Z
0     0    0     0    0     0      0      0 --:--:-- --:--:-- --:--:--     0
0     0    0     0    0     0      0      0 --:--:-- --:--:-- --:--:--     0
2025-04-15T00:41:57.8642340Z
100 14.8M  100 14.8M    0     0  39.9M      0 --:--:-- --:--:-- --:--:-- 39.9M
880b290d7bbe7c1fb2a4f591f9a86cc1  /tmp/clang-tidy-cache
##[group]Run make tidy-check TIDY_BINARY=/tmp/clang-tidy-cache
[36;1mmake tidy-check TIDY_BINARY=/tmp/clang-tidy-cache[0m
0


CC: gcc
CXX: g++
GEN: ninja
TIDY_THREADS: 4
TIDY_CHECKS:
##[endgroup]
mkdir -p ./build/tidy && \
cd build/tidy && \
cmake -DCLANG_TIDY=1 -DDISABLE_UNITY=1 -DBUILD_EXTENSIONS=parquet -DBUILD_PYTHON_PKG=TRUE -DBUILD_SHELL=0 ../.. && \
python3 ../../scripts/run-clang-tidy.py -quiet -j 4 -clang-tidy-binary /tmp/clang-tidy-cache
C 13 3 0
CXX 13 3 0
C
C
C /usr/bin/gcc
C
C
CXX
CXX
CXX /usr/bin/g++
CXX
CXX
CMAKE HAVE LIBC PTHREAD
CMAKE HAVE LIBC PTHREAD Success

Git: /usr/bin/git 2 49 0
-- git hash cae7a680bc, version v1.3.0-dev2456, extension folder cae7a680bc
-- Setting build type to 'Release'.
-- Load extension 'parquet' from '/home/runner/work/duckdb/duckdb/extensions' @ cae7a680bc
-- Load extension 'core_functions' from '/home/runner/work/duckdb/duckdb/extensions' @ cae7a680bc
CMake Warning at tools/pythonpkg/CMakeLists.txt:5 (find_package):
By not providing "FindPythonLibs.cmake" in CMAKE_MODULE_PATH this project
has asked CMake to find a package configuration file provided by
"PythonLibs", but CMake did not find one.
2025-04-15T00:41:58.7758762Z
Could not find a package configuration file provided by "PythonLibs" with
any of the following names:
2025-04-15T00:41:58.7759694Z
PythonLibsConfig.cmake
pythonlibs-config.cmake
2025-04-15T00:41:58.7760517Z
Add the installation prefix of "PythonLibs" to CMAKE_PREFIX_PATH or set
"PythonLibs_DIR" to a directory containing one of the above files.  If
"PythonLibs" provides a separate development package or SDK, be sure it has
been installed.
2025-04-15T00:41:58.7762223Z
2025-04-15T00:41:58.7762227Z
-- Extensions linked into DuckDB: [parquet, core_functions]
-- Configuring done (0.9s)
-- Generating done (0.7s)
-- Build files have been written to: /home/runner/work/duckdb/duckdb/build/tidy
31810 warnings generated.
/tmp/clang-tidy-cache -p=/home/runner/work/duckdb/duckdb/build/tidy --quiet /home/runner/work/duckdb/duckdb/extension/parquet/parquet_reader.cpp
/home/runner/work/duckdb/duckdb/extension/parquet/parquet_reader.cpp:1229:43: error: narrowing conversion from 'idx_t' (aka 'unsigned long') to signed type 'row_t' (aka 'long') is implementation-defined [bugprone-narrowing-conversions,-warnings-as-errors]
63620 warnings generated.
1229 |                         filter_count = deletion_filter->Filter(state.offset_in_group + state.group_offset, scan_count, state.sel);
^
Failed to get commands: exit status 1
31810 warnings generated.
/tmp/clang-tidy-cache -p=/home/runner/work/duckdb/duckdb/build/tidy --quiet /home/runner/work/duckdb/duckdb/extension/parquet/parquet_reader.cpp
63620 warnings generated.
/home/runner/work/duckdb/duckdb/extension/parquet/parquet_reader.cpp:1229:43: error: narrowing conversion from 'idx_t' (aka 'unsigned long') to signed type 'row_t' (aka 'long') is implementation-defined [bugprone-narrowing-conversions,-warnings-as-errors]
1229 |                         filter_count = deletion_filter->Filter(state.offset_in_group + state.group_offset, scan_count, state.sel);
^
Failed to get commands: exit status 1
make: *** [Makefile:426: tidy-check] Error 1
##[error]Process completed with exit code 2.

##[group]ccache stats
[command]/usr/bin/ccache -s
Local storage:
Cache size (GB): 0.0 / 0.5 ( 0.00%)
[command]/usr/bin/ccache --version
ccache version 4.9.1
Features: file-storage http-storage redis+unix-storage redis-storage
2025-04-15T02:15:26.5978887Z
Copyright (C) 2002-2007 Andrew Tridgell
Copyright (C) 2009-2024 Joel Rosdahl and other contributors
2025-04-15T02:15:26.5979760Z
See <https://ccache.dev/credits.html> for a complete list of contributors.
2025-04-15T02:15:26.5980263Z
This program is free software; you can redistribute it and/or modify it under
the terms of the GNU General Public License as published by the Free Software
Foundation; either version 3 of the License, or (at your option) any later
version.
##[endgroup]
Not saving cache because no objects are cached.


2 49 0
Temporarily overriding HOME='/home/runner/work/_temp/0c515fa0-8ceb-425a-a706-999175174865' before making global git config changes

[command]/usr/bin/git config --global --add safe.directory /home/runner/work/duckdb/duckdb
core\.sshCommand
'core\.sshCommand' 'core.sshCommand'
http\.https\:\/\/github\.com\/\.extraheader


'http\.https\:\/\/github\.com\/\.extraheader' 'http.https://github.com/.extraheader'

