Requested labels: ubuntu-24.04
Job defined at: duckdb/duckdb/.github/workflows/CodeQuality.yml@refs/heads/main
Waiting for a runner to pick up this job...
Job is waiting for a hosted runner to come online.
Job is about to start running on the hosted runner: GitHub Actions 50 (hosted)
Current runner version: '2.323.0'
##[group]Operating System
Ubuntu
24.04.2
LTS
##[endgroup]
##[group]Runner Image
Image: ubuntu-24.04
Version: 20250406.1.0
Included Software: https://github.com/actions/runner-images/blob/ubuntu24/20250406.1/images/ubuntu/Ubuntu2404-Readme.md
Image Release: https://github.com/actions/runner-images/releases/tag/ubuntu24%2F20250406.1
##[endgroup]
##[group]Runner Image Provisioner
2.0.422.1
##[endgroup]
##[group]GITHUB_TOKEN Permissions
Contents: <:*:>
Metadata: read
Packages: <:*:>
##[endgroup]
Secret source: <:*:>
Prepare workflow directory
Prepare all required actions
Getting action download info
##[group]Download immutable action package <:*:>
Version: 4.2.2
Digest: sha256:<:SEQ:>
Source commit SHA: <:SEQ:>
##[endgroup]
Download action repository <:*:> (SHA:<:SEQ:>)
Complete job name: Tidy Check
##[group]Run <:*:>
with:
fetch-depth: <:NUM:>
repository: <:*:>
token: ***
ssh-strict: true
ssh-user: git
persist-credentials: <:*:>
clean: true
sparse-checkout-cone-mode: true
fetch-tags: false
show-progress: true
lfs: false
submodules: <:*:>
set-safe-directory: true
env:
GH TOKEN: ***
CC: gcc
CXX: g++
GEN: ninja
TIDY_THREADS: 4
TIDY_CHECKS:
##[endgroup]
Syncing repository: <:*:>
##[group]Getting Git version info
Working directory is <:*:>
[command]/usr/bin/git version
git version <:NUM:>.<:NUM:>.<:NUM:>
##[endgroup]
Temporarily overriding HOME='/home/runner/work/_temp/e483f6d8-c0e4-4dd5-a5e1-79fb78b794c5' before making global git config changes
Adding repository directory to the temporary git global config as a safe directory
[command]/usr/bin/git config --global --add safe.directory /home/runner/work/duckdb/duckdb
Deleting the contents of <:*:>
##[group]Initializing the repository
[command]/usr/bin/git init <:*:>
hint: Using 'master' as the name for the initial branch. This default branch name
hint: is subject to change. To configure the initial branch name to use in all
hint: of your new repositories, which will suppress this warning, call:
hint:
hint: git config --global init.defaultBranch <name>
hint:
hint: Names commonly chosen instead of 'master' are 'main', 'trunk' and
hint: 'development'. The just-created branch can be renamed via this command:
hint:
hint: git branch -m <name>
Initialized empty Git repository in <:*:>
[command]/usr/bin/git remote add origin <:*:>
##[endgroup]
##[group]Disabling automatic garbage collection
[command]/usr/bin/git config --local gc.auto 0
##[endgroup]
##[group]Setting up auth
[command]/usr/bin/git config --local --name-only --get-regexp <:*:>
[command]/usr/bin/git submodule foreach --recursive sh -c "git config --local --name-only --get-regexp <:*:> && git config --local --unset-all <:*:> || :"
[command]/usr/bin/git config --local --name-only --get-regexp <:*:>
[command]/usr/bin/git submodule foreach --recursive sh -c "git config --local --name-only --get-regexp <:*:> && git config --local --unset-all <:*:> || :"
[command]/usr/bin/git config <:*:> http.https://github.com/.extraheader AUTHORIZATION: basic ***
##[endgroup]
##[group]Fetching the repository
[command]/usr/bin/git -c protocol.version=2 fetch --prune --no-recurse-submodules origin +refs/heads/*:refs/remotes/origin/* +refs/tags/*:refs/tags/*
From <:*:>
* [new <:*:> <:*:> -> <:*:>
* [new <:*:> <:*:> -> <:*:>
* [new <:*:> <:*:> -> <:*:>
* [new <:*:> <:*:> -> <:*:>
* [new <:*:> <:*:> -> <:*:>
* [new <:*:> <:*:> -> <:*:>
* [new <:*:> <:*:> -> <:*:>
* [new <:*:> <:*:> -> <:*:>
* [new <:*:> <:*:> -> <:*:>
* [new <:*:> <:*:> -> <:*:>
* [new <:*:> <:*:> -> <:*:>
* [new <:*:> <:*:> -> <:*:>
* [new <:*:> <:*:> -> <:*:>
* [new <:*:> <:*:> -> <:*:>
* [new <:*:> <:*:> -> <:*:>
* [new <:*:> <:*:> -> <:*:>
* [new <:*:> <:*:> -> <:*:>
* [new <:*:> <:*:> -> <:*:>
* [new <:*:> <:*:> -> <:*:>
* [new <:*:> <:*:> -> <:*:>
* [new <:*:> <:*:> -> <:*:>
* [new <:*:> <:*:> -> <:*:>
* [new <:*:> <:*:> -> <:*:>
* [new <:*:> <:*:> -> <:*:>
* [new <:*:> <:*:> -> <:*:>
* [new <:*:> <:*:> -> <:*:>
* [new <:*:> <:*:> -> <:*:>
* [new <:*:> <:*:> -> <:*:>
* [new <:*:> <:*:> -> <:*:>
* [new <:*:> <:*:> -> <:*:>
* [new <:*:> <:*:> -> <:*:>
* [new <:*:> <:*:> -> <:*:>
* [new <:*:> <:*:> -> <:*:>
* [new <:*:> <:*:> -> <:*:>
* [new <:*:> <:*:> -> <:*:>
* [new <:*:> <:*:> -> <:*:>
* [new <:*:> <:*:> -> <:*:>
* [new <:*:> <:*:> -> <:*:>
* [new <:*:> <:*:> -> <:*:>
* [new <:*:> <:*:> -> <:*:>
* [new <:*:> <:*:> -> <:*:>
* [new <:*:> <:*:> -> <:*:>
* [new <:*:> <:*:> -> <:*:>
* [new <:*:> <:*:> -> <:*:>
* [new <:*:> <:*:> -> <:*:>
* [new <:*:> <:*:> -> <:*:>
* [new <:*:> <:*:> -> <:*:>
* [new <:*:> <:*:> -> <:*:>
* [new <:*:> <:*:> -> <:*:>
* [new <:*:> <:*:> -> <:*:>
* [new <:*:> <:*:> -> <:*:>
* [new <:*:> <:*:> -> <:*:>
[command]/usr/bin/git branch --list --remote origin/main
origin/main
[command]/usr/bin/git rev-parse refs/remotes/origin/main
<:SEQ:>
##[endgroup]
##[group]Determining the checkout info
##[endgroup]
[command]/usr/bin/git sparse-checkout disable
[command]/usr/bin/git config --local --unset-all extensions.worktreeConfig
##[group]Checking out the ref
[command]/usr/bin/git checkout --progress --force -B <:*:> <:*:>
Updating files:  59% (8160/13781)
Updating files:  60% (8269/13781)
Updating files:  61% (8407/13781)
Updating files:  62% (8545/13781)
Updating files:  63% (8683/13781)
Updating files:  64% (8820/13781)
Updating files:  65% (8958/13781)
Updating files:  66% (9096/13781)
Updating files:  67% (9234/13781)
Updating files:  68% (9372/13781)
Updating files:  69% (9509/13781)
Updating files:  70% (9647/13781)
Updating files:  71% (9785/13781)
Updating files:  72% (9923/13781)
Updating files:  73% (10061/13781)
Updating files:  74% (10198/13781)
Updating files:  75% (10336/13781)
Updating files:  76% (10474/13781)
Updating files:  77% (10612/13781)
Updating files:  78% (10750/13781)
Updating files:  79% (10887/13781)
Updating files:  80% (11025/13781)
Updating files:  81% (11163/13781)
Updating files:  82% (11301/13781)
Updating files:  83% (11439/13781)
Updating files:  84% (11577/13781)
Updating files:  85% (11714/13781)
Updating files:  86% (11852/13781)
Updating files:  87% (11990/13781)
Updating files:  88% (12128/13781)
Updating files:  89% (12266/13781)
Updating files:  90% (12403/13781)
Updating files:  91% (12541/13781)
Updating files:  92% (12679/13781)
Updating files:  93% (12817/13781)
Updating files:  94% (12955/13781)
Updating files:  95% (13092/13781)
Updating files:  96% (13230/13781)
Updating files:  97% (13368/13781)
Updating files:  98% (13506/13781)
Updating files:  99% (13644/13781)
Updating files: 100% (13781/13781)
Updating files: 100% (13781/13781), done.
Switched to a new branch 'main'
branch <:*:> set up to track <:*:>
##[endgroup]
[command]/usr/bin/git log <:NUM:> <:*:>
<:SEQ:>
##[group]Run sudo apt-get update -y -qq && sudo apt-get install -y -qq ninja-build clang-tidy && sudo pip3 install pybind11[global] --break-system-packages
[36;1msudo apt-get update -y -qq && sudo apt-get install -y -qq ninja-build clang-tidy && sudo pip3 install pybind11[global] --break-system-packages[0m
shell: /usr/bin/bash --noprofile --norc -e -o pipefail {<:NUM:>}
env:
GH TOKEN: ***
CC: gcc
CXX: g++
GEN: ninja
TIDY_THREADS: 4
TIDY_CHECKS:
##[endgroup]
Selecting previously unselected package clang-tidy.
(Reading database ...
(Reading database ... 5%
(Reading database ... 10%
(Reading database ... 15%
(Reading database ... 20%
(Reading database ... 25%
(Reading database ... 30%
(Reading database ... 35%
(Reading database ... 40%
(Reading database ... 45%
(Reading database ... 50%
(Reading database ... 55%
(Reading database ... 60%
(Reading database ... 65%
(Reading database ... 70%
(Reading database ... 75%
(Reading database ... 80%
(Reading database ... 85%
(Reading database ... 90%
(Reading database ... 95%
(Reading database ... 100%
(Reading database ... 221801 files and directories currently installed.)
Preparing to unpack .../clang-tidy_1%3a18.0-59~exp2_amd64.deb ...
Unpacking clang-tidy (1:18.0-59~exp2) ...
Selecting previously unselected package ninja-build.
Preparing to unpack .../ninja-build_1.11.1-2_amd64.deb ...
Unpacking ninja-build (1.11.1-2) ...
Setting up clang-tidy (1:18.0-59~exp2) ...
Setting up ninja-build (1.11.1-2) ...
Processing triggers for man-db (2.12.0-4build2) ...
2025-04-15T00:41:46.8066098Z
Running kernel seems to be up-to-date.
2025-04-15T00:41:46.8067145Z
No services need to be restarted.
2025-04-15T00:41:46.8067435Z
No containers need to be restarted.
2025-04-15T00:41:46.8067720Z
No user sessions are running outdated binaries.
2025-04-15T00:41:46.8068091Z
No VM guests are running outdated hypervisor (qemu) binaries on this host.
Collecting <:*:>
Downloading <:*:> <:*:> kB)
Collecting <:*:> (from <:*:>
Downloading <:*:> <:*:> <:*:> kB)
Downloading <:*:> <:*:> <:*:> kB)
‚îÅ‚îÅ‚îÅ‚îÅ‚îÅ‚îÅ‚îÅ‚îÅ‚îÅ‚îÅ‚îÅ‚îÅ‚îÅ‚îÅ‚îÅ‚îÅ‚îÅ‚îÅ‚îÅ‚îÅ‚îÅ‚îÅ‚îÅ‚îÅ‚îÅ‚îÅ‚îÅ‚îÅ‚îÅ‚îÅ‚îÅ‚îÅ‚îÅ‚îÅ‚îÅ‚îÅ‚îÅ‚îÅ‚îÅ‚îÅ <:NUM:>.<:NUM:>/<:NUM:>.<:NUM:> <:*:> <:NUM:>.<:NUM:> MB/s eta <:NUM:>:<:NUM:>:<:NUM:>
Downloading <:*:> <:*:> kB)
‚îÅ‚îÅ‚îÅ‚îÅ‚îÅ‚îÅ‚îÅ‚îÅ‚îÅ‚îÅ‚îÅ‚îÅ‚îÅ‚îÅ‚îÅ‚îÅ‚îÅ‚îÅ‚îÅ‚îÅ‚îÅ‚îÅ‚îÅ‚îÅ‚îÅ‚îÅ‚îÅ‚îÅ‚îÅ‚îÅ‚îÅ‚îÅ‚îÅ‚îÅ‚îÅ‚îÅ‚îÅ‚îÅ‚îÅ‚îÅ <:NUM:>.<:NUM:>/<:NUM:>.<:NUM:> <:*:> <:NUM:>.<:NUM:> MB/s eta <:NUM:>:<:NUM:>:<:NUM:>
Installing collected packages: pybind11-global, pybind11
Successfully installed pybind11-2.13.6 pybind11-global-2.13.6
WARNING: Running pip as the 'root' user can result in broken permissions and conflicting behaviour with the system package manager. It is recommended to use a virtual environment instead: https://pip.pypa.io/warnings/venv
##[group]Run <:*:>
with:
key: tidy-check
<:*:> true
<:*:> true
max-size: 500M
verbose: 0
variant: ccache
<:*:> true
<:*:> false
job-summary: CCache Statistics
env:
GH TOKEN: ***
CC: gcc
CXX: g++
GEN: ninja
TIDY_THREADS: 4
TIDY_CHECKS:
##[endgroup]
##[group]Install ccache
[command]/usr/bin/sh -xc $(which sudo) apt-get install -y ccache
+ which sudo
+ /usr/bin/sudo apt-get install -y ccache
Reading package lists...
Building dependency tree...
Reading state information...
The following additional packages will be installed:
libhiredis1.1.0
Suggested packages:
distcc | icecc
The following NEW packages will be installed:
ccache libhiredis1.1.0
0 upgraded, 2 newly installed, 0 to remove and 101 not upgraded.
Need to get 633 kB of archives.
After this operation, 1756 kB of additional disk space will be used.
Get:1 file:/etc/apt/apt-mirrors.txt Mirrorlist [142 B]
Get:2 http://azure.archive.ubuntu.com/ubuntu noble/universe amd64 libhiredis1.1.0 amd64 1.2.0-6ubuntu3 [41.4 kB]
Get:3 http://azure.archive.ubuntu.com/ubuntu noble/universe amd64 ccache amd64 4.9.1-1 [592 kB]
Fetched 633 kB in 1s (460 kB/s)
Selecting previously unselected package libhiredis1.1.0:amd64.
(Reading database ...
(Reading database ... 5%
(Reading database ... 10%
(Reading database ... 15%
(Reading database ... 20%
(Reading database ... 25%
(Reading database ... 30%
(Reading database ... 35%
(Reading database ... 40%
(Reading database ... 45%
(Reading database ... 50%
(Reading database ... 55%
(Reading database ... 60%
(Reading database ... 65%
(Reading database ... 70%
(Reading database ... 75%
(Reading database ... 80%
(Reading database ... 85%
(Reading database ... 90%
(Reading database ... 95%
(Reading database ... 100%
(Reading database ... 221820 files and directories currently installed.)
Preparing to unpack .../libhiredis1.1.0_1.2.0-6ubuntu3_amd64.deb ...
Unpacking libhiredis1.1.0:amd64 (1.2.0-6ubuntu3) ...
Selecting previously unselected package ccache.
Preparing to unpack .../ccache_4.9.1-1_amd64.deb ...
Unpacking ccache (4.9.1-1) ...
Setting up libhiredis1.1.0:amd64 (1.2.0-6ubuntu3) ...
Setting up ccache (4.9.1-1) ...
Updating symlinks in /usr/lib/ccache ...
Processing triggers for libc-bin (2.39-0ubuntu8.4) ...
Processing triggers for man-db (2.12.0-4build2) ...
2025-04-15T00:41:56.3381050Z
Running kernel seems to be up-to-date.
2025-04-15T00:41:56.3381844Z
No services need to be restarted.
2025-04-15T00:41:56.3383651Z
No containers need to be restarted.
2025-04-15T00:41:56.3384129Z
No user sessions are running outdated binaries.
2025-04-15T00:41:56.3384561Z
No VM guests are running outdated hypervisor (qemu) binaries on this host.
2025-04-15T00:41:57.2890016Z
##[endgroup]
##[group]Restore cache
##[warning]Cache not found for keys: ccache-tidy-check-
No cache found.
##[endgroup]
##[group]Configure ccache, linux
[command]/usr/bin/sh -xc ccache --set-config=cache_dir='/home/runner/work/duckdb/duckdb/.ccache'
+ ccache --set-config=cache_dir=/home/runner/work/duckdb/duckdb/.ccache
[command]/usr/bin/sh -xc ccache --set-config=max_size='500M'
+ ccache --set-config=max_size=500M
[command]/usr/bin/sh -xc ccache --set-config=compression=true
+ ccache --set-config=compression=true
Cccache config:
[command]/usr/bin/sh -xc ccache -p
+ ccache -p
(default) absolute_paths_in_stderr = false
(default) base_dir =
(/home/runner/.config/ccache/ccache.conf) cache_dir = /home/runner/work/duckdb/duckdb/.ccache
(default) compiler =
(default) compiler_check = mtime
(default) compiler_type = auto
(/home/runner/.config/ccache/ccache.conf) compression = true
(default) compression_level = 0
(default) cpp_extension =
(default) debug = false
(default) debug_dir =
(default) debug_level = 2
(default) depend_mode = false
(default) direct_mode = true
(default) disable = false
(default) extra_files_to_hash =
(default) file_clone = false
(default) hard_link = false
(default) hash_dir = true
(default) ignore_headers_in_manifest =
(default) ignore_options =
(default) inode_cache = true
(default) keep_comments_cpp = false
(default) log_file =
(default) max_files = 0
(/home/runner/.config/ccache/ccache.conf) max_size = 500.0 MB
(default) msvc_dep_prefix = Note: including file:
(default) namespace =
(default) path =
(default) pch_external_checksum = false
(default) prefix_command =
(default) prefix_command_cpp =
(default) read_only = false
(default) read_only_direct = false
(default) recache = false
(default) remote_only = false
(default) remote_storage =
(default) reshare = false
(default) run_second_cpp = true
(default) sloppiness =
(default) stats = true
(default) stats_log =
(default) temporary_dir = /run/user/1001/ccache-tmp
(default) umask =
[command]/usr/bin/sh -xc ccache -z
+ ccache -z
Statistics zeroed
##[endgroup]
##[group]Run set -e
[36;1mset -e[0m
[36;1mcurl -Lo /tmp/clang-tidy-cache https://github.com/ejfitzgerald/clang-tidy-cache/releases/download/v0.4.0/clang-tidy-cache-linux-amd64[0m
[36;1mmd5sum /tmp/clang-tidy-cache | grep 880b290d7bbe7c1fb2a4f591f9a86cc1[0m
[36;1mchmod +x /tmp/clang-tidy-cache[0m
shell: /usr/bin/bash --noprofile --norc -e -o pipefail {<:NUM:>}
env:
GH TOKEN: ***
CC: gcc
CXX: g++
GEN: ninja
TIDY_THREADS: 4
TIDY_CHECKS:
##[endgroup]
% Total    % Received % Xferd  Average Speed   Time    Time     Time  Current
Dload  Upload   Total   Spent    Left  Speed
2025-04-15T00:41:57.4931783Z
0     0    0     0    0     0      0      0 --:--:-- --:--:-- --:--:--     0
0     0    0     0    0     0      0      0 --:--:-- --:--:-- --:--:--     0
2025-04-15T00:41:57.8642340Z
100 14.8M  100 14.8M    0     0  39.9M      0 --:--:-- --:--:-- --:--:-- 39.9M
880b290d7bbe7c1fb2a4f591f9a86cc1  /tmp/clang-tidy-cache
##[group]Run make tidy-check TIDY_BINARY=/tmp/clang-tidy-cache
[36;1mmake tidy-check TIDY_BINARY=/tmp/clang-tidy-cache[0m
shell: /usr/bin/bash --noprofile --norc -e -o pipefail {<:NUM:>}
env:
GH TOKEN: ***
CC: gcc
CXX: g++
GEN: ninja
TIDY_THREADS: 4
TIDY_CHECKS:
##[endgroup]
mkdir -p ./build/tidy && \
cd build/tidy && \
cmake -DCLANG_TIDY=1 -DDISABLE_UNITY=1 -DBUILD_EXTENSIONS=parquet -DBUILD_PYTHON_PKG=TRUE -DBUILD_SHELL=0 ../.. && \
python3 ../../scripts/run-clang-tidy.py -quiet -j 4 -clang-tidy-binary /tmp/clang-tidy-cache
-- The <:*:> compiler identification is GNU <:NUM:>.<:NUM:>.<:NUM:>
-- The <:*:> compiler identification is GNU <:NUM:>.<:NUM:>.<:NUM:>
-- Detecting <:*:> compiler ABI info
-- Detecting <:*:> compiler ABI info - done
-- Check for working <:*:> compiler: <:*:> - skipped
-- Detecting <:*:> compile features
-- Detecting <:*:> compile features - done
-- Detecting <:*:> compiler ABI info
-- Detecting <:*:> compiler ABI info - done
-- Check for working <:*:> compiler: <:*:> - skipped
-- Detecting <:*:> compile features
-- Detecting <:*:> compile features - done
-- Performing Test <:*:> <:*:> <:*:> <:*:>
-- Performing Test <:*:> <:*:> <:*:> <:*:> - <:*:>
-- Found Threads: TRUE
-- Found <:*:> <:*:> (found version "<:NUM:>.<:NUM:>.<:NUM:>")
-- git hash cae7a680bc, version v1.3.0-dev2456, extension folder cae7a680bc
-- Setting build type to 'Release'.
-- Load extension 'parquet' from '/home/runner/work/duckdb/duckdb/extensions' @ cae7a680bc
-- Load extension 'core_functions' from '/home/runner/work/duckdb/duckdb/extensions' @ cae7a680bc
CMake Warning at tools/pythonpkg/CMakeLists.txt:5 (find_package):
By not providing "FindPythonLibs.cmake" in CMAKE_MODULE_PATH this project
has asked CMake to find a package configuration file provided by
"PythonLibs", but CMake did not find one.
2025-04-15T00:41:58.7758762Z
Could not find a package configuration file provided by "PythonLibs" with
any of the following names:
2025-04-15T00:41:58.7759694Z
PythonLibsConfig.cmake
pythonlibs-config.cmake
2025-04-15T00:41:58.7760517Z
Add the installation prefix of "PythonLibs" to CMAKE_PREFIX_PATH or set
"PythonLibs_DIR" to a directory containing one of the above files.  If
"PythonLibs" provides a separate development package or SDK, be sure it has
been installed.
2025-04-15T00:41:58.7762223Z
2025-04-15T00:41:58.7762227Z
-- Extensions linked into DuckDB: [parquet, core_functions]
-- Configuring done (0.9s)
-- Generating done (0.7s)
-- Build files have been written to: /home/runner/work/duckdb/duckdb/build/tidy
31810 warnings generated.
/tmp/clang-tidy-cache -p=/home/runner/work/duckdb/duckdb/build/tidy --quiet /home/runner/work/duckdb/duckdb/extension/parquet/parquet_reader.cpp
/home/runner/work/duckdb/duckdb/extension/parquet/parquet_reader.cpp:1229:43: error: narrowing conversion from 'idx_t' (aka 'unsigned long') to signed type 'row_t' (aka 'long') is implementation-defined [bugprone-narrowing-conversions,-warnings-as-errors]
63620 warnings generated.
1229 |                         filter_count = deletion_filter->Filter(state.offset_in_group + state.group_offset, scan_count, state.sel);
| <:*:>
Failed to get commands: exit status 1
31810 warnings generated.
/tmp/clang-tidy-cache -p=/home/runner/work/duckdb/duckdb/build/tidy --quiet /home/runner/work/duckdb/duckdb/extension/parquet/parquet_reader.cpp
63620 warnings generated.
/home/runner/work/duckdb/duckdb/extension/parquet/parquet_reader.cpp:1229:43: error: narrowing conversion from 'idx_t' (aka 'unsigned long') to signed type 'row_t' (aka 'long') is implementation-defined [bugprone-narrowing-conversions,-warnings-as-errors]
1229 |                         filter_count = deletion_filter->Filter(state.offset_in_group + state.group_offset, scan_count, state.sel);
| <:*:>
Failed to get commands: exit status 1
make: *** [Makefile:426: tidy-check] Error 1
##[error]Process completed with exit code 2.
Post job cleanup.
##[group]ccache stats
[command]/usr/bin/ccache -s
Local storage:
Cache size (GB): 0.0 / 0.5 ( 0.00%)
[command]/usr/bin/ccache --version
ccache version 4.9.1
Features: file-storage http-storage redis+unix-storage redis-storage
2025-04-15T02:15:26.5978887Z
Copyright (C) 2002-2007 Andrew Tridgell
Copyright (C) 2009-2024 Joel Rosdahl and other contributors
2025-04-15T02:15:26.5979760Z
See <https://ccache.dev/credits.html> for a complete list of contributors.
2025-04-15T02:15:26.5980263Z
This program is free software; you can redistribute it and/or modify it under
the terms of the GNU General Public License as published by the Free Software
Foundation; either version 3 of the License, or (at your option) any later
version.
##[endgroup]
Not saving cache because no objects are cached.
Post job cleanup.
[command]/usr/bin/git version
git version <:NUM:>.<:NUM:>.<:NUM:>
Temporarily overriding HOME='/home/runner/work/_temp/0c515fa0-8ceb-425a-a706-999175174865' before making global git config changes
Adding repository directory to the temporary git global config as a safe directory
[command]/usr/bin/git config --global --add safe.directory /home/runner/work/duckdb/duckdb
[command]/usr/bin/git config --local --name-only --get-regexp <:*:>
[command]/usr/bin/git submodule foreach --recursive sh -c "git config --local --name-only --get-regexp <:*:> && git config --local --unset-all <:*:> || :"
[command]/usr/bin/git config --local --name-only --get-regexp <:*:>
http.https://github.com/.extraheader
[command]/usr/bin/git config --local --unset-all http.https://github.com/.extraheader
[command]/usr/bin/git submodule foreach --recursive sh -c "git config --local --name-only --get-regexp <:*:> && git config --local --unset-all <:*:> || :"
Cleaning up orphan processes
