2025-02-11T00:37:16.9931095Z ##[group]Run npm run build
2025-02-11T00:37:16.9931420Z [36;1mnpm run build[0m
2025-02-11T00:37:16.9960340Z shell: /usr/bin/bash -e {0}
2025-02-11T00:37:16.9960601Z ##[endgroup]
2025-02-11T00:37:17.1254505Z 
2025-02-11T00:37:17.1254815Z > build
2025-02-11T00:37:17.1255123Z > node ./scripts/build.js
2025-02-11T00:37:17.1255299Z 
2025-02-11T00:37:17.1844887Z âœ˜ [ERROR] Invalid option in build() call: "watch"
2025-02-11T00:37:17.1845562Z 
2025-02-11T00:37:17.1846052Z     /home/runner/work/alpine/alpine/node_modules/esbuild/lib/main.js:254:12:
2025-02-11T00:37:17.1847429Z       254 â”‚       throw new Error(`Invalid option ${where}: ${quote(key)}`);
2025-02-11T00:37:17.1877674Z           â•µ             ^
2025-02-11T00:37:17.1877961Z 
2025-02-11T00:37:17.1878606Z     at checkForInvalidFlags (/home/runner/work/alpine/alpine/node_modules/esbuild/lib/main.js:254:13)
2025-02-11T00:37:17.1880231Z     at flagsForBuildOptions (/home/runner/work/alpine/alpine/node_modules/esbuild/lib/main.js:427:3)
2025-02-11T00:37:17.1881654Z     at buildOrContextContinue (/home/runner/work/alpine/alpine/node_modules/esbuild/lib/main.js:914:9)
2025-02-11T00:37:17.1882884Z     at buildOrContextImpl (/home/runner/work/alpine/alpine/node_modules/esbuild/lib/main.js:898:5)
2025-02-11T00:37:17.1884236Z     at Object.buildOrContext (/home/runner/work/alpine/alpine/node_modules/esbuild/lib/main.js:700:5)
2025-02-11T00:37:17.1885419Z     at /home/runner/work/alpine/alpine/node_modules/esbuild/lib/main.js:2030:15
2025-02-11T00:37:17.1886215Z     at new Promise (<anonymous>)
2025-02-11T00:37:17.1887188Z     at Object.build (/home/runner/work/alpine/alpine/node_modules/esbuild/lib/main.js:2029:25)
2025-02-11T00:37:17.1888379Z     at Object.build (/home/runner/work/alpine/alpine/node_modules/esbuild/lib/main.js:1880:51)
2025-02-11T00:37:17.1889540Z     at build (/home/runner/work/alpine/alpine/scripts/build.js:91:31)
2025-02-11T00:37:17.1889991Z 
2025-02-11T00:37:17.1890494Z âœ˜ [ERROR] Invalid option in build() call: "watch"
2025-02-11T00:37:17.1890872Z 
2025-02-11T00:37:17.1891332Z     /home/runner/work/alpine/alpine/node_modules/esbuild/lib/main.js:254:12:
2025-02-11T00:37:17.1892441Z       254 â”‚       throw new Error(`Invalid option ${where}: ${quote(key)}`);
2025-02-11T00:37:17.1893220Z           â•µ             ^
2025-02-11T00:37:17.1893506Z 
2025-02-11T00:37:17.1894176Z     at checkForInvalidFlags (/home/runner/work/alpine/alpine/node_modules/esbuild/lib/main.js:254:13)
2025-02-11T00:37:17.1895550Z     at flagsForBuildOptions (/home/runner/work/alpine/alpine/node_modules/esbuild/lib/main.js:427:3)
2025-02-11T00:37:17.1896912Z     at buildOrContextContinue (/home/runner/work/alpine/alpine/node_modules/esbuild/lib/main.js:914:9)
2025-02-11T00:37:17.1898190Z     at buildOrContextImpl (/home/runner/work/alpine/alpine/node_modules/esbuild/lib/main.js:898:5)
2025-02-11T00:37:17.1899626Z     at Object.buildOrContext (/home/runner/work/alpine/alpine/node_modules/esbuild/lib/main.js:700:5)
2025-02-11T00:37:17.1900718Z     at /home/runner/work/alpine/alpine/node_modules/esbuild/lib/main.js:2030:15
2025-02-11T00:37:17.1901470Z     at new Promise (<anonymous>)
2025-02-11T00:37:17.1902303Z     at Object.build (/home/runner/work/alpine/alpine/node_modules/esbuild/lib/main.js:2029:25)
2025-02-11T00:37:17.1903525Z     at Object.build (/home/runner/work/alpine/alpine/node_modules/esbuild/lib/main.js:1880:51)
2025-02-11T00:37:17.1904555Z     at build (/home/runner/work/alpine/alpine/scripts/build.js:91:31)
2025-02-11T00:37:17.1905053Z 
2025-02-11T00:37:17.1905575Z âœ˜ [ERROR] Invalid option in build() call: "watch"
2025-02-11T00:37:17.1905994Z 
2025-02-11T00:37:17.1906444Z     /home/runner/work/alpine/alpine/node_modules/esbuild/lib/main.js:254:12:
2025-02-11T00:37:17.1907437Z       254 â”‚       throw new Error(`Invalid option ${where}: ${quote(key)}`);
2025-02-11T00:37:17.1908047Z           â•µ             ^
2025-02-11T00:37:17.1908277Z 
2025-02-11T00:37:17.1908903Z     at checkForInvalidFlags (/home/runner/work/alpine/alpine/node_modules/esbuild/lib/main.js:254:13)
2025-02-11T00:37:17.1910770Z     at flagsForBuildOptions (/home/runner/work/alpine/alpine/node_modules/esbuild/lib/main.js:427:3)
2025-02-11T00:37:17.1912078Z     at buildOrContextContinue (/home/runner/work/alpine/alpine/node_modules/esbuild/lib/main.js:914:9)
2025-02-11T00:37:17.1913688Z     at buildOrContextImpl (/home/runner/work/alpine/alpine/node_modules/esbuild/lib/main.js:898:5)
2025-02-11T00:37:17.1915029Z     at Object.buildOrContext (/home/runner/work/alpine/alpine/node_modules/esbuild/lib/main.js:700:5)
2025-02-11T00:37:17.1916218Z     at /home/runner/work/alpine/alpine/node_modules/esbuild/lib/main.js:2030:15
2025-02-11T00:37:17.1916991Z     at new Promise (<anonymous>)
2025-02-11T00:37:17.1917826Z     at Object.build (/home/runner/work/alpine/alpine/node_modules/esbuild/lib/main.js:2029:25)
2025-02-11T00:37:17.1918943Z     at Object.build (/home/runner/work/alpine/alpine/node_modules/esbuild/lib/main.js:1880:51)
2025-02-11T00:37:17.1920130Z     at build (/home/runner/work/alpine/alpine/scripts/build.js:91:31)
2025-02-11T00:37:17.1920616Z 
2025-02-11T00:37:17.1921086Z âœ˜ [ERROR] Invalid option in build() call: "watch"
2025-02-11T00:37:17.1921463Z 
2025-02-11T00:37:17.1921893Z     /home/runner/work/alpine/alpine/node_modules/esbuild/lib/main.js:254:12:
2025-02-11T00:37:17.1922929Z       254 â”‚       throw new Error(`Invalid option ${where}: ${quote(key)}`);
2025-02-11T00:37:17.1923621Z           â•µ             ^
2025-02-11T00:37:17.1923896Z 
2025-02-11T00:37:17.1924531Z     at checkForInvalidFlags (/home/runner/work/alpine/alpine/node_modules/esbuild/lib/main.js:254:13)
2025-02-11T00:37:17.1925893Z     at flagsForBuildOptions (/home/runner/work/alpine/alpine/node_modules/esbuild/lib/main.js:427:3)
2025-02-11T00:37:17.1927244Z     at buildOrContextContinue (/home/runner/work/alpine/alpine/node_modules/esbuild/lib/main.js:914:9)
2025-02-11T00:37:17.1928587Z     at buildOrContextImpl (/home/runner/work/alpine/alpine/node_modules/esbuild/lib/main.js:898:5)
2025-02-11T00:37:17.1930119Z     at Object.buildOrContext (/home/runner/work/alpine/alpine/node_modules/esbuild/lib/main.js:700:5)
2025-02-11T00:37:17.1931283Z     at /home/runner/work/alpine/alpine/node_modules/esbuild/lib/main.js:2030:15
2025-02-11T00:37:17.1931997Z     at new Promise (<anonymous>)
2025-02-11T00:37:17.1932800Z     at Object.build (/home/runner/work/alpine/alpine/node_modules/esbuild/lib/main.js:2029:25)
2025-02-11T00:37:17.1933896Z     at Object.build (/home/runner/work/alpine/alpine/node_modules/esbuild/lib/main.js:1880:51)
2025-02-11T00:37:17.1934822Z     at build (/home/runner/work/alpine/alpine/scripts/build.js:91:31)
2025-02-11T00:37:17.1935295Z 
2025-02-11T00:37:17.1935884Z âœ˜ [ERROR] Invalid option in build() call: "watch"
2025-02-11T00:37:17.1936280Z 
2025-02-11T00:37:17.1936752Z     /home/runner/work/alpine/alpine/node_modules/esbuild/lib/main.js:254:12:
2025-02-11T00:37:17.1937813Z       254 â”‚       throw new Error(`Invalid option ${where}: ${quote(key)}`);
2025-02-11T00:37:17.1938491Z           â•µ             ^
2025-02-11T00:37:17.1938751Z 
2025-02-11T00:37:17.1939608Z     at checkForInvalidFlags (/home/runner/work/alpine/alpine/node_modules/esbuild/lib/main.js:254:13)
2025-02-11T00:37:17.1940990Z     at flagsForBuildOptions (/home/runner/work/alpine/alpine/node_modules/esbuild/lib/main.js:427:3)
2025-02-11T00:37:17.1942367Z     at buildOrContextContinue (/home/runner/work/alpine/alpine/node_modules/esbuild/lib/main.js:914:9)
2025-02-11T00:37:17.1943684Z     at buildOrContextImpl (/home/runner/work/alpine/alpine/node_modules/esbuild/lib/main.js:898:5)
2025-02-11T00:37:17.1944915Z     at Object.buildOrContext (/home/runner/work/alpine/alpine/node_modules/esbuild/lib/main.js:700:5)
2025-02-11T00:37:17.1945997Z     at /home/runner/work/alpine/alpine/node_modules/esbuild/lib/main.js:2030:15
2025-02-11T00:37:17.1946723Z     at new Promise (<anonymous>)
2025-02-11T00:37:17.1947540Z     at Object.build (/home/runner/work/alpine/alpine/node_modules/esbuild/lib/main.js:2029:25)
2025-02-11T00:37:17.1948636Z     at Object.build (/home/runner/work/alpine/alpine/node_modules/esbuild/lib/main.js:1880:51)
2025-02-11T00:37:17.1950012Z     at build (/home/runner/work/alpine/alpine/scripts/build.js:91:31)
2025-02-11T00:37:17.1950491Z 
2025-02-11T00:37:17.1951315Z âœ˜ [ERROR] Invalid option in build() call: "watch"
2025-02-11T00:37:17.1951739Z 
2025-02-11T00:37:17.1952220Z     /home/runner/work/alpine/alpine/node_modules/esbuild/lib/main.js:254:12:
2025-02-11T00:37:17.1953283Z       254 â”‚       throw new Error(`Invalid option ${where}: ${quote(key)}`);
2025-02-11T00:37:17.1954002Z           â•µ             ^
2025-02-11T00:37:17.1954279Z 
2025-02-11T00:37:17.1954930Z     at checkForInvalidFlags (/home/runner/work/alpine/alpine/node_modules/esbuild/lib/main.js:254:13)
2025-02-11T00:37:17.1956297Z     at flagsForBuildOptions (/home/runner/work/alpine/alpine/node_modules/esbuild/lib/main.js:427:3)
2025-02-11T00:37:17.1957577Z     at buildOrContextContinue (/home/runner/work/alpine/alpine/node_modules/esbuild/lib/main.js:914:9)
2025-02-11T00:37:17.1958806Z     at buildOrContextImpl (/home/runner/work/alpine/alpine/node_modules/esbuild/lib/main.js:898:5)
2025-02-11T00:37:17.1960296Z     at Object.buildOrContext (/home/runner/work/alpine/alpine/node_modules/esbuild/lib/main.js:700:5)
2025-02-11T00:37:17.1961469Z     at /home/runner/work/alpine/alpine/node_modules/esbuild/lib/main.js:2030:15
2025-02-11T00:37:17.1962248Z     at new Promise (<anonymous>)
2025-02-11T00:37:17.1963099Z     at Object.build (/home/runner/work/alpine/alpine/node_modules/esbuild/lib/main.js:2029:25)
2025-02-11T00:37:17.1964272Z     at Object.build (/home/runner/work/alpine/alpine/node_modules/esbuild/lib/main.js:1880:51)
2025-02-11T00:37:17.1965286Z     at build (/home/runner/work/alpine/alpine/scripts/build.js:91:31)
2025-02-11T00:37:17.1965728Z 
2025-02-11T00:37:17.1966197Z âœ˜ [ERROR] Invalid option in build() call: "watch"
2025-02-11T00:37:17.1966551Z 
2025-02-11T00:37:17.1966985Z     /home/runner/work/alpine/alpine/node_modules/esbuild/lib/main.js:254:12:
2025-02-11T00:37:17.1967942Z       254 â”‚       throw new Error(`Invalid option ${where}: ${quote(key)}`);
2025-02-11T00:37:17.1968610Z           â•µ             ^
2025-02-11T00:37:17.1968865Z 
2025-02-11T00:37:17.1969694Z     at checkForInvalidFlags (/home/runner/work/alpine/alpine/node_modules/esbuild/lib/main.js:254:13)
2025-02-11T00:37:17.1971019Z     at flagsForBuildOptions (/home/runner/work/alpine/alpine/node_modules/esbuild/lib/main.js:427:3)
2025-02-11T00:37:17.1972336Z     at buildOrContextContinue (/home/runner/work/alpine/alpine/node_modules/esbuild/lib/main.js:914:9)
2025-02-11T00:37:17.1973720Z     at buildOrContextImpl (/home/runner/work/alpine/alpine/node_modules/esbuild/lib/main.js:898:5)
2025-02-11T00:37:17.1975035Z     at Object.buildOrContext (/home/runner/work/alpine/alpine/node_modules/esbuild/lib/main.js:700:5)
2025-02-11T00:37:17.1976227Z     at /home/runner/work/alpine/alpine/node_modules/esbuild/lib/main.js:2030:15
2025-02-11T00:37:17.1976972Z     at new Promise (<anonymous>)
2025-02-11T00:37:17.1977775Z     at Object.build (/home/runner/work/alpine/alpine/node_modules/esbuild/lib/main.js:2029:25)
2025-02-11T00:37:17.1978899Z     at Object.build (/home/runner/work/alpine/alpine/node_modules/esbuild/lib/main.js:1880:51)
2025-02-11T00:37:17.1980050Z     at build (/home/runner/work/alpine/alpine/scripts/build.js:91:31)
2025-02-11T00:37:17.1980498Z 
2025-02-11T00:37:17.1981005Z âœ˜ [ERROR] Invalid option in build() call: "watch"
2025-02-11T00:37:17.1981394Z 
2025-02-11T00:37:17.1981848Z     /home/runner/work/alpine/alpine/node_modules/esbuild/lib/main.js:254:12:
2025-02-11T00:37:17.1982933Z       254 â”‚       throw new Error(`Invalid option ${where}: ${quote(key)}`);
2025-02-11T00:37:17.1983661Z           â•µ             ^
2025-02-11T00:37:17.1983924Z 
2025-02-11T00:37:17.1984577Z     at checkForInvalidFlags (/home/runner/work/alpine/alpine/node_modules/esbuild/lib/main.js:254:13)
2025-02-11T00:37:17.1985931Z     at flagsForBuildOptions (/home/runner/work/alpine/alpine/node_modules/esbuild/lib/main.js:427:3)
2025-02-11T00:37:17.1987201Z     at buildOrContextContinue (/home/runner/work/alpine/alpine/node_modules/esbuild/lib/main.js:914:9)
2025-02-11T00:37:17.1988671Z     at buildOrContextImpl (/home/runner/work/alpine/alpine/node_modules/esbuild/lib/main.js:898:5)
2025-02-11T00:37:17.1990284Z     at Object.buildOrContext (/home/runner/work/alpine/alpine/node_modules/esbuild/lib/main.js:700:5)
2025-02-11T00:37:17.1991461Z     at /home/runner/work/alpine/alpine/node_modules/esbuild/lib/main.js:2030:15
2025-02-11T00:37:17.1992307Z     at new Promise (<anonymous>)
2025-02-11T00:37:17.1993168Z     at Object.build (/home/runner/work/alpine/alpine/node_modules/esbuild/lib/main.js:2029:25)
2025-02-11T00:37:17.1994403Z     at Object.build (/home/runner/work/alpine/alpine/node_modules/esbuild/lib/main.js:1880:51)
2025-02-11T00:37:17.1995361Z     at build (/home/runner/work/alpine/alpine/scripts/build.js:91:31)
2025-02-11T00:37:17.1995806Z 
2025-02-11T00:37:17.1996368Z âœ˜ [ERROR] Invalid option in build() call: "watch"
2025-02-11T00:37:17.1996726Z 
2025-02-11T00:37:17.1997183Z     /home/runner/work/alpine/alpine/node_modules/esbuild/lib/main.js:254:12:
2025-02-11T00:37:17.1998144Z       254 â”‚       throw new Error(`Invalid option ${where}: ${quote(key)}`);
2025-02-11T00:37:17.1998800Z           â•µ             ^
2025-02-11T00:37:17.1999236Z 
2025-02-11T00:37:17.1999894Z     at checkForInvalidFlags (/home/runner/work/alpine/alpine/node_modules/esbuild/lib/main.js:254:13)
2025-02-11T00:37:17.2001238Z     at flagsForBuildOptions (/home/runner/work/alpine/alpine/node_modules/esbuild/lib/main.js:427:3)
2025-02-11T00:37:17.2002593Z     at buildOrContextContinue (/home/runner/work/alpine/alpine/node_modules/esbuild/lib/main.js:914:9)
2025-02-11T00:37:17.2003980Z     at buildOrContextImpl (/home/runner/work/alpine/alpine/node_modules/esbuild/lib/main.js:898:5)
2025-02-11T00:37:17.2005295Z     at Object.buildOrContext (/home/runner/work/alpine/alpine/node_modules/esbuild/lib/main.js:700:5)
2025-02-11T00:37:17.2006423Z     at /home/runner/work/alpine/alpine/node_modules/esbuild/lib/main.js:2030:15
2025-02-11T00:37:17.2007151Z     at new Promise (<anonymous>)
2025-02-11T00:37:17.2007947Z     at Object.build (/home/runner/work/alpine/alpine/node_modules/esbuild/lib/main.js:2029:25)
2025-02-11T00:37:17.2009257Z     at Object.build (/home/runner/work/alpine/alpine/node_modules/esbuild/lib/main.js:1880:51)
2025-02-11T00:37:17.2010211Z     at build (/home/runner/work/alpine/alpine/scripts/build.js:91:31)
2025-02-11T00:37:17.2010680Z 
2025-02-11T00:37:17.2011186Z âœ˜ [ERROR] Invalid option in build() call: "watch"
2025-02-11T00:37:17.2011591Z 
2025-02-11T00:37:17.2012051Z     /home/runner/work/alpine/alpine/node_modules/esbuild/lib/main.js:254:12:
2025-02-11T00:37:17.2013135Z       254 â”‚       throw new Error(`Invalid option ${where}: ${quote(key)}`);
2025-02-11T00:37:17.2013866Z           â•µ             ^
2025-02-11T00:37:17.2014130Z 
2025-02-11T00:37:17.2014766Z     at checkForInvalidFlags (/home/runner/work/alpine/alpine/node_modules/esbuild/lib/main.js:254:13)
2025-02-11T00:37:17.2016073Z     at flagsForBuildOptions (/home/runner/work/alpine/alpine/node_modules/esbuild/lib/main.js:427:3)
2025-02-11T00:37:17.2017418Z     at buildOrContextContinue (/home/runner/work/alpine/alpine/node_modules/esbuild/lib/main.js:914:9)
2025-02-11T00:37:17.2018708Z     at buildOrContextImpl (/home/runner/work/alpine/alpine/node_modules/esbuild/lib/main.js:898:5)
2025-02-11T00:37:17.2020188Z     at Object.buildOrContext (/home/runner/work/alpine/alpine/node_modules/esbuild/lib/main.js:700:5)
2025-02-11T00:37:17.2021369Z     at /home/runner/work/alpine/alpine/node_modules/esbuild/lib/main.js:2030:15
2025-02-11T00:37:17.2022073Z     at new Promise (<anonymous>)
2025-02-11T00:37:17.2022873Z     at Object.build (/home/runner/work/alpine/alpine/node_modules/esbuild/lib/main.js:2029:25)
2025-02-11T00:37:17.2024001Z     at Object.build (/home/runner/work/alpine/alpine/node_modules/esbuild/lib/main.js:1880:51)
2025-02-11T00:37:17.2024991Z     at build (/home/runner/work/alpine/alpine/scripts/build.js:91:31)
2025-02-11T00:37:17.2025792Z 
2025-02-11T00:37:17.2026334Z âœ˜ [ERROR] Invalid option in build() call: "watch"
2025-02-11T00:37:17.2026753Z 
2025-02-11T00:37:17.2027233Z     /home/runner/work/alpine/alpine/node_modules/esbuild/lib/main.js:254:12:
2025-02-11T00:37:17.2028607Z       254 â”‚       throw new Error(`Invalid option ${where}: ${quote(key)}`);
2025-02-11T00:37:17.2029457Z           â•µ             ^
2025-02-11T00:37:17.2029691Z 
2025-02-11T00:37:17.2030318Z     at checkForInvalidFlags (/home/runner/work/alpine/alpine/node_modules/esbuild/lib/main.js:254:13)
2025-02-11T00:37:17.2031595Z     at flagsForBuildOptions (/home/runner/work/alpine/alpine/node_modules/esbuild/lib/main.js:427:3)
2025-02-11T00:37:17.2032956Z     at buildOrContextContinue (/home/runner/work/alpine/alpine/node_modules/esbuild/lib/main.js:914:9)
2025-02-11T00:37:17.2034344Z     at buildOrContextImpl (/home/runner/work/alpine/alpine/node_modules/esbuild/lib/main.js:898:5)
2025-02-11T00:37:17.2035685Z     at Object.buildOrContext (/home/runner/work/alpine/alpine/node_modules/esbuild/lib/main.js:700:5)
2025-02-11T00:37:17.2036883Z     at /home/runner/work/alpine/alpine/node_modules/esbuild/lib/main.js:2030:15
2025-02-11T00:37:17.2037602Z     at new Promise (<anonymous>)
2025-02-11T00:37:17.2038407Z     at Object.build (/home/runner/work/alpine/alpine/node_modules/esbuild/lib/main.js:2029:25)
2025-02-11T00:37:17.2039703Z     at Object.build (/home/runner/work/alpine/alpine/node_modules/esbuild/lib/main.js:1880:51)
2025-02-11T00:37:17.2040673Z     at build (/home/runner/work/alpine/alpine/scripts/build.js:91:31)
2025-02-11T00:37:17.2041141Z 
2025-02-11T00:37:17.2041659Z âœ˜ [ERROR] Invalid option in build() call: "watch"
2025-02-11T00:37:17.2042068Z 
2025-02-11T00:37:17.2042551Z     /home/runner/work/alpine/alpine/node_modules/esbuild/lib/main.js:254:12:
2025-02-11T00:37:17.2043658Z       254 â”‚       throw new Error(`Invalid option ${where}: ${quote(key)}`);
2025-02-11T00:37:17.2044385Z           â•µ             ^
2025-02-11T00:37:17.2044628Z 
2025-02-11T00:37:17.2045262Z     at checkForInvalidFlags (/home/runner/work/alpine/alpine/node_modules/esbuild/lib/main.js:254:13)
2025-02-11T00:37:17.2046525Z     at flagsForBuildOptions (/home/runner/work/alpine/alpine/node_modules/esbuild/lib/main.js:427:3)
2025-02-11T00:37:17.2047847Z     at buildOrContextContinue (/home/runner/work/alpine/alpine/node_modules/esbuild/lib/main.js:914:9)
2025-02-11T00:37:17.2049364Z     at buildOrContextImpl (/home/runner/work/alpine/alpine/node_modules/esbuild/lib/main.js:898:5)
2025-02-11T00:37:17.2050730Z     at Object.buildOrContext (/home/runner/work/alpine/alpine/node_modules/esbuild/lib/main.js:700:5)
2025-02-11T00:37:17.2051946Z     at /home/runner/work/alpine/alpine/node_modules/esbuild/lib/main.js:2030:15
2025-02-11T00:37:17.2052704Z     at new Promise (<anonymous>)
2025-02-11T00:37:17.2053498Z     at Object.build (/home/runner/work/alpine/alpine/node_modules/esbuild/lib/main.js:2029:25)
2025-02-11T00:37:17.2054607Z     at Object.build (/home/runner/work/alpine/alpine/node_modules/esbuild/lib/main.js:1880:51)
2025-02-11T00:37:17.2055575Z     at build (/home/runner/work/alpine/alpine/scripts/build.js:91:31)
2025-02-11T00:37:17.2056051Z 
2025-02-11T00:37:17.2056621Z âœ˜ [ERROR] Invalid option in build() call: "watch"
2025-02-11T00:37:17.2057051Z 
2025-02-11T00:37:17.2057525Z     /home/runner/work/alpine/alpine/node_modules/esbuild/lib/main.js:254:12:
2025-02-11T00:37:17.2058639Z       254 â”‚       throw new Error(`Invalid option ${where}: ${quote(key)}`);
2025-02-11T00:37:17.2059563Z           â•µ             ^
2025-02-11T00:37:17.2059820Z 
2025-02-11T00:37:17.2060468Z     at checkForInvalidFlags (/home/runner/work/alpine/alpine/node_modules/esbuild/lib/main.js:254:13)
2025-02-11T00:37:17.2061726Z     at flagsForBuildOptions (/home/runner/work/alpine/alpine/node_modules/esbuild/lib/main.js:427:3)
2025-02-11T00:37:17.2062984Z     at buildOrContextContinue (/home/runner/work/alpine/alpine/node_modules/esbuild/lib/main.js:914:9)
2025-02-11T00:37:17.2064270Z     at buildOrContextImpl (/home/runner/work/alpine/alpine/node_modules/esbuild/lib/main.js:898:5)
2025-02-11T00:37:17.2065913Z     at Object.buildOrContext (/home/runner/work/alpine/alpine/node_modules/esbuild/lib/main.js:700:5)
2025-02-11T00:37:17.2067382Z     at /home/runner/work/alpine/alpine/node_modules/esbuild/lib/main.js:2030:15
2025-02-11T00:37:17.2068112Z     at new Promise (<anonymous>)
2025-02-11T00:37:17.2068906Z     at Object.build (/home/runner/work/alpine/alpine/node_modules/esbuild/lib/main.js:2029:25)
2025-02-11T00:37:17.2070215Z     at Object.build (/home/runner/work/alpine/alpine/node_modules/esbuild/lib/main.js:1880:51)
2025-02-11T00:37:17.2071160Z     at build (/home/runner/work/alpine/alpine/scripts/build.js:91:31)
2025-02-11T00:37:17.2071614Z 
2025-02-11T00:37:17.2072101Z âœ˜ [ERROR] Invalid option in build() call: "watch"
2025-02-11T00:37:17.2072484Z 
2025-02-11T00:37:17.2072929Z     /home/runner/work/alpine/alpine/node_modules/esbuild/lib/main.js:254:12:
2025-02-11T00:37:17.2073934Z       254 â”‚       throw new Error(`Invalid option ${where}: ${quote(key)}`);
2025-02-11T00:37:17.2074608Z           â•µ             ^
2025-02-11T00:37:17.2074858Z 
2025-02-11T00:37:17.2075517Z     at checkForInvalidFlags (/home/runner/work/alpine/alpine/node_modules/esbuild/lib/main.js:254:13)
2025-02-11T00:37:17.2076892Z     at flagsForBuildOptions (/home/runner/work/alpine/alpine/node_modules/esbuild/lib/main.js:427:3)
2025-02-11T00:37:17.2078248Z     at buildOrContextContinue (/home/runner/work/alpine/alpine/node_modules/esbuild/lib/main.js:914:9)
2025-02-11T00:37:17.2079692Z     at buildOrContextImpl (/home/runner/work/alpine/alpine/node_modules/esbuild/lib/main.js:898:5)
2025-02-11T00:37:17.2080908Z     at Object.buildOrContext (/home/runner/work/alpine/alpine/node_modules/esbuild/lib/main.js:700:5)
2025-02-11T00:37:17.2082035Z     at /home/runner/work/alpine/alpine/node_modules/esbuild/lib/main.js:2030:15
2025-02-11T00:37:17.2082810Z     at new Promise (<anonymous>)
2025-02-11T00:37:17.2083662Z     at Object.build (/home/runner/work/alpine/alpine/node_modules/esbuild/lib/main.js:2029:25)
2025-02-11T00:37:17.2084899Z     at Object.build (/home/runner/work/alpine/alpine/node_modules/esbuild/lib/main.js:1880:51)
2025-02-11T00:37:17.2085954Z     at build (/home/runner/work/alpine/alpine/scripts/build.js:91:31)
2025-02-11T00:37:17.2086411Z 
2025-02-11T00:37:17.2087051Z âœ˜ [ERROR] Invalid option in build() call: "watch"
2025-02-11T00:37:17.2087418Z 
2025-02-11T00:37:17.2087854Z     /home/runner/work/alpine/alpine/node_modules/esbuild/lib/main.js:254:12:
2025-02-11T00:37:17.2088813Z       254 â”‚       throw new Error(`Invalid option ${where}: ${quote(key)}`);
2025-02-11T00:37:17.2089709Z           â•µ             ^
2025-02-11T00:37:17.2090002Z 
2025-02-11T00:37:17.2090657Z     at checkForInvalidFlags (/home/runner/work/alpine/alpine/node_modules/esbuild/lib/main.js:254:13)
2025-02-11T00:37:17.2092099Z     at flagsForBuildOptions (/home/runner/work/alpine/alpine/node_modules/esbuild/lib/main.js:427:3)
2025-02-11T00:37:17.2093482Z     at buildOrContextContinue (/home/runner/work/alpine/alpine/node_modules/esbuild/lib/main.js:914:9)
2025-02-11T00:37:17.2094760Z     at buildOrContextImpl (/home/runner/work/alpine/alpine/node_modules/esbuild/lib/main.js:898:5)
2025-02-11T00:37:17.2095984Z     at Object.buildOrContext (/home/runner/work/alpine/alpine/node_modules/esbuild/lib/main.js:700:5)
2025-02-11T00:37:17.2097073Z     at /home/runner/work/alpine/alpine/node_modules/esbuild/lib/main.js:2030:15
2025-02-11T00:37:17.2097821Z     at new Promise (<anonymous>)
2025-02-11T00:37:17.2098691Z     at Object.build (/home/runner/work/alpine/alpine/node_modules/esbuild/lib/main.js:2029:25)
2025-02-11T00:37:17.2100106Z     at Object.build (/home/runner/work/alpine/alpine/node_modules/esbuild/lib/main.js:1880:51)
2025-02-11T00:37:17.2101098Z     at build (/home/runner/work/alpine/alpine/scripts/build.js:91:31)
2025-02-11T00:37:17.2101541Z 
2025-02-11T00:37:17.2102011Z âœ˜ [ERROR] Invalid option in build() call: "watch"
2025-02-11T00:37:17.2102370Z 
2025-02-11T00:37:17.2102802Z     /home/runner/work/alpine/alpine/node_modules/esbuild/lib/main.js:254:12:
2025-02-11T00:37:17.2104036Z       254 â”‚       throw new Error(`Invalid option ${where}: ${quote(key)}`);
2025-02-11T00:37:17.2105023Z           â•µ             ^
2025-02-11T00:37:17.2105308Z 
2025-02-11T00:37:17.2105956Z     at checkForInvalidFlags (/home/runner/work/alpine/alpine/node_modules/esbuild/lib/main.js:254:13)
2025-02-11T00:37:17.2107306Z     at flagsForBuildOptions (/home/runner/work/alpine/alpine/node_modules/esbuild/lib/main.js:427:3)
2025-02-11T00:37:17.2108581Z     at buildOrContextContinue (/home/runner/work/alpine/alpine/node_modules/esbuild/lib/main.js:914:9)
2025-02-11T00:37:17.2110010Z     at buildOrContextImpl (/home/runner/work/alpine/alpine/node_modules/esbuild/lib/main.js:898:5)
2025-02-11T00:37:17.2111277Z     at Object.buildOrContext (/home/runner/work/alpine/alpine/node_modules/esbuild/lib/main.js:700:5)
2025-02-11T00:37:17.2112434Z     at /home/runner/work/alpine/alpine/node_modules/esbuild/lib/main.js:2030:15
2025-02-11T00:37:17.2113232Z     at new Promise (<anonymous>)
2025-02-11T00:37:17.2114087Z     at Object.build (/home/runner/work/alpine/alpine/node_modules/esbuild/lib/main.js:2029:25)
2025-02-11T00:37:17.2115315Z     at Object.build (/home/runner/work/alpine/alpine/node_modules/esbuild/lib/main.js:1880:51)
2025-02-11T00:37:17.2116267Z     at build (/home/runner/work/alpine/alpine/scripts/build.js:91:31)
2025-02-11T00:37:17.2116710Z 
2025-02-11T00:37:17.2117177Z âœ˜ [ERROR] Invalid option in build() call: "watch"
2025-02-11T00:37:17.2117536Z 
2025-02-11T00:37:17.2117979Z     /home/runner/work/alpine/alpine/node_modules/esbuild/lib/main.js:254:12:
2025-02-11T00:37:17.2119316Z       254 â”‚       throw new Error(`Invalid option ${where}: ${quote(key)}`);
2025-02-11T00:37:17.2120096Z           â•µ             ^
2025-02-11T00:37:17.2120377Z 
2025-02-11T00:37:17.2121024Z     at checkForInvalidFlags (/home/runner/work/alpine/alpine/node_modules/esbuild/lib/main.js:254:13)
2025-02-11T00:37:17.2122337Z     at flagsForBuildOptions (/home/runner/work/alpine/alpine/node_modules/esbuild/lib/main.js:427:3)
2025-02-11T00:37:17.2123622Z     at buildOrContextContinue (/home/runner/work/alpine/alpine/node_modules/esbuild/lib/main.js:914:9)
2025-02-11T00:37:17.2124898Z     at buildOrContextImpl (/home/runner/work/alpine/alpine/node_modules/esbuild/lib/main.js:898:5)
2025-02-11T00:37:17.2126124Z     at Object.buildOrContext (/home/runner/work/alpine/alpine/node_modules/esbuild/lib/main.js:700:5)
2025-02-11T00:37:17.2127223Z     at /home/runner/work/alpine/alpine/node_modules/esbuild/lib/main.js:2030:15
2025-02-11T00:37:17.2127967Z     at new Promise (<anonymous>)
2025-02-11T00:37:17.2128792Z     at Object.build (/home/runner/work/alpine/alpine/node_modules/esbuild/lib/main.js:2029:25)
2025-02-11T00:37:17.2130186Z     at Object.build (/home/runner/work/alpine/alpine/node_modules/esbuild/lib/main.js:1880:51)
2025-02-11T00:37:17.2131211Z     at build (/home/runner/work/alpine/alpine/scripts/build.js:91:31)
2025-02-11T00:37:17.2131685Z 
2025-02-11T00:37:17.2132192Z âœ˜ [ERROR] Invalid option in build() call: "watch"
2025-02-11T00:37:17.2132563Z 
2025-02-11T00:37:17.2132999Z     /home/runner/work/alpine/alpine/node_modules/esbuild/lib/main.js:254:12:
2025-02-11T00:37:17.2133955Z       254 â”‚       throw new Error(`Invalid option ${where}: ${quote(key)}`);
2025-02-11T00:37:17.2134556Z           â•µ             ^
2025-02-11T00:37:17.2134787Z 
2025-02-11T00:37:17.2135417Z     at checkForInvalidFlags (/home/runner/work/alpine/alpine/node_modules/esbuild/lib/main.js:254:13)
2025-02-11T00:37:17.2136755Z     at flagsForBuildOptions (/home/runner/work/alpine/alpine/node_modules/esbuild/lib/main.js:427:3)
2025-02-11T00:37:17.2138131Z     at buildOrContextContinue (/home/runner/work/alpine/alpine/node_modules/esbuild/lib/main.js:914:9)
2025-02-11T00:37:17.2139645Z     at buildOrContextImpl (/home/runner/work/alpine/alpine/node_modules/esbuild/lib/main.js:898:5)
2025-02-11T00:37:17.2140870Z     at Object.buildOrContext (/home/runner/work/alpine/alpine/node_modules/esbuild/lib/main.js:700:5)
2025-02-11T00:37:17.2142204Z     at /home/runner/work/alpine/alpine/node_modules/esbuild/lib/main.js:2030:15
2025-02-11T00:37:17.2142956Z     at new Promise (<anonymous>)
2025-02-11T00:37:17.2144056Z     at Object.build (/home/runner/work/alpine/alpine/node_modules/esbuild/lib/main.js:2029:25)
2025-02-11T00:37:17.2145270Z     at Object.build (/home/runner/work/alpine/alpine/node_modules/esbuild/lib/main.js:1880:51)
2025-02-11T00:37:17.2146330Z     at build (/home/runner/work/alpine/alpine/scripts/build.js:91:31)
2025-02-11T00:37:17.2146795Z 
2025-02-11T00:37:17.2147258Z âœ˜ [ERROR] Invalid option in build() call: "watch"
2025-02-11T00:37:17.2147610Z 
2025-02-11T00:37:17.2148039Z     /home/runner/work/alpine/alpine/node_modules/esbuild/lib/main.js:254:12:
2025-02-11T00:37:17.2148974Z       254 â”‚       throw new Error(`Invalid option ${where}: ${quote(key)}`);
2025-02-11T00:37:17.2149851Z           â•µ             ^
2025-02-11T00:37:17.2150113Z 
2025-02-11T00:37:17.2150747Z     at checkForInvalidFlags (/home/runner/work/alpine/alpine/node_modules/esbuild/lib/main.js:254:13)
2025-02-11T00:37:17.2152136Z     at flagsForBuildOptions (/home/runner/work/alpine/alpine/node_modules/esbuild/lib/main.js:427:3)
2025-02-11T00:37:17.2153542Z     at buildOrContextContinue (/home/runner/work/alpine/alpine/node_modules/esbuild/lib/main.js:914:9)
2025-02-11T00:37:17.2154804Z     at buildOrContextImpl (/home/runner/work/alpine/alpine/node_modules/esbuild/lib/main.js:898:5)
2025-02-11T00:37:17.2156012Z     at Object.buildOrContext (/home/runner/work/alpine/alpine/node_modules/esbuild/lib/main.js:700:5)
2025-02-11T00:37:17.2157122Z     at /home/runner/work/alpine/alpine/node_modules/esbuild/lib/main.js:2030:15
2025-02-11T00:37:17.2157904Z     at new Promise (<anonymous>)
2025-02-11T00:37:17.2158779Z     at Object.build (/home/runner/work/alpine/alpine/node_modules/esbuild/lib/main.js:2029:25)
2025-02-11T00:37:17.2160209Z     at Object.build (/home/runner/work/alpine/alpine/node_modules/esbuild/lib/main.js:1880:51)
2025-02-11T00:37:17.2161198Z     at build (/home/runner/work/alpine/alpine/scripts/build.js:91:31)
2025-02-11T00:37:17.2161635Z 
2025-02-11T00:37:17.2162099Z âœ˜ [ERROR] Invalid option in build() call: "watch"
2025-02-11T00:37:17.2162461Z 
2025-02-11T00:37:17.2162894Z     /home/runner/work/alpine/alpine/node_modules/esbuild/lib/main.js:254:12:
2025-02-11T00:37:17.2163890Z       254 â”‚       throw new Error(`Invalid option ${where}: ${quote(key)}`);
2025-02-11T00:37:17.2164623Z           â•µ             ^
2025-02-11T00:37:17.2164910Z 
2025-02-11T00:37:17.2165573Z     at checkForInvalidFlags (/home/runner/work/alpine/alpine/node_modules/esbuild/lib/main.js:254:13)
2025-02-11T00:37:17.2166957Z     at flagsForBuildOptions (/home/runner/work/alpine/alpine/node_modules/esbuild/lib/main.js:427:3)
2025-02-11T00:37:17.2168239Z     at buildOrContextContinue (/home/runner/work/alpine/alpine/node_modules/esbuild/lib/main.js:914:9)
2025-02-11T00:37:17.2169707Z     at buildOrContextImpl (/home/runner/work/alpine/alpine/node_modules/esbuild/lib/main.js:898:5)
2025-02-11T00:37:17.2171013Z     at Object.buildOrContext (/home/runner/work/alpine/alpine/node_modules/esbuild/lib/main.js:700:5)
2025-02-11T00:37:17.2172173Z     at /home/runner/work/alpine/alpine/node_modules/esbuild/lib/main.js:2030:15
2025-02-11T00:37:17.2172942Z     at new Promise (<anonymous>)
2025-02-11T00:37:17.2173812Z     at Object.build (/home/runner/work/alpine/alpine/node_modules/esbuild/lib/main.js:2029:25)
2025-02-11T00:37:17.2175040Z     at Object.build (/home/runner/work/alpine/alpine/node_modules/esbuild/lib/main.js:1880:51)
2025-02-11T00:37:17.2176033Z     at build (/home/runner/work/alpine/alpine/scripts/build.js:91:31)
2025-02-11T00:37:17.2176485Z 
2025-02-11T00:37:17.2176969Z âœ˜ [ERROR] Invalid option in build() call: "watch"
2025-02-11T00:37:17.2177341Z 
2025-02-11T00:37:17.2177800Z     /home/runner/work/alpine/alpine/node_modules/esbuild/lib/main.js:254:12:
2025-02-11T00:37:17.2178810Z       254 â”‚       throw new Error(`Invalid option ${where}: ${quote(key)}`);
2025-02-11T00:37:17.2179869Z           â•µ             ^
2025-02-11T00:37:17.2180101Z 
2025-02-11T00:37:17.2180723Z     at checkForInvalidFlags (/home/runner/work/alpine/alpine/node_modules/esbuild/lib/main.js:254:13)
2025-02-11T00:37:17.2182210Z     at flagsForBuildOptions (/home/runner/work/alpine/alpine/node_modules/esbuild/lib/main.js:427:3)
2025-02-11T00:37:17.2183618Z     at buildOrContextContinue (/home/runner/work/alpine/alpine/node_modules/esbuild/lib/main.js:914:9)
2025-02-11T00:37:17.2185029Z     at buildOrContextImpl (/home/runner/work/alpine/alpine/node_modules/esbuild/lib/main.js:898:5)
2025-02-11T00:37:17.2186297Z     at Object.buildOrContext (/home/runner/work/alpine/alpine/node_modules/esbuild/lib/main.js:700:5)
2025-02-11T00:37:17.2187369Z     at /home/runner/work/alpine/alpine/node_modules/esbuild/lib/main.js:2030:15
2025-02-11T00:37:17.2188077Z     at new Promise (<anonymous>)
2025-02-11T00:37:17.2188925Z     at Object.build (/home/runner/work/alpine/alpine/node_modules/esbuild/lib/main.js:2029:25)
2025-02-11T00:37:17.2190357Z     at Object.build (/home/runner/work/alpine/alpine/node_modules/esbuild/lib/main.js:1880:51)
2025-02-11T00:37:17.2191419Z     at build (/home/runner/work/alpine/alpine/scripts/build.js:91:31)
2025-02-11T00:37:17.2192021Z 
2025-02-11T00:37:17.2192507Z âœ˜ [ERROR] Invalid option in build() call: "watch"
2025-02-11T00:37:17.2192870Z 
2025-02-11T00:37:17.2193303Z     /home/runner/work/alpine/alpine/node_modules/esbuild/lib/main.js:254:12:
2025-02-11T00:37:17.2194251Z       254 â”‚       throw new Error(`Invalid option ${where}: ${quote(key)}`);
2025-02-11T00:37:17.2194854Z           â•µ             ^
2025-02-11T00:37:17.2195088Z 
2025-02-11T00:37:17.2195728Z     at checkForInvalidFlags (/home/runner/work/alpine/alpine/node_modules/esbuild/lib/main.js:254:13)
2025-02-11T00:37:17.2197083Z     at flagsForBuildOptions (/home/runner/work/alpine/alpine/node_modules/esbuild/lib/main.js:427:3)
2025-02-11T00:37:17.2198498Z     at buildOrContextContinue (/home/runner/work/alpine/alpine/node_modules/esbuild/lib/main.js:914:9)
2025-02-11T00:37:17.2200017Z     at buildOrContextImpl (/home/runner/work/alpine/alpine/node_modules/esbuild/lib/main.js:898:5)
2025-02-11T00:37:17.2201253Z     at Object.buildOrContext (/home/runner/work/alpine/alpine/node_modules/esbuild/lib/main.js:700:5)
2025-02-11T00:37:17.2202351Z     at /home/runner/work/alpine/alpine/node_modules/esbuild/lib/main.js:2030:15
2025-02-11T00:37:17.2203120Z     at new Promise (<anonymous>)
2025-02-11T00:37:17.2203985Z     at Object.build (/home/runner/work/alpine/alpine/node_modules/esbuild/lib/main.js:2029:25)
2025-02-11T00:37:17.2205223Z     at Object.build (/home/runner/work/alpine/alpine/node_modules/esbuild/lib/main.js:1880:51)
2025-02-11T00:37:17.2206287Z     at build (/home/runner/work/alpine/alpine/scripts/build.js:91:31)
2025-02-11T00:37:17.2206761Z 
2025-02-11T00:37:17.2207229Z âœ˜ [ERROR] Invalid option in build() call: "watch"
2025-02-11T00:37:17.2207592Z 
2025-02-11T00:37:17.2208034Z     /home/runner/work/alpine/alpine/node_modules/esbuild/lib/main.js:254:12:
2025-02-11T00:37:17.2208990Z       254 â”‚       throw new Error(`Invalid option ${where}: ${quote(key)}`);
2025-02-11T00:37:17.2209832Z           â•µ             ^
2025-02-11T00:37:17.2210102Z 
2025-02-11T00:37:17.2210745Z     at checkForInvalidFlags (/home/runner/work/alpine/alpine/node_modules/esbuild/lib/main.js:254:13)
2025-02-11T00:37:17.2212139Z     at flagsForBuildOptions (/home/runner/work/alpine/alpine/node_modules/esbuild/lib/main.js:427:3)
2025-02-11T00:37:17.2213535Z     at buildOrContextContinue (/home/runner/work/alpine/alpine/node_modules/esbuild/lib/main.js:914:9)
2025-02-11T00:37:17.2214798Z     at buildOrContextImpl (/home/runner/work/alpine/alpine/node_modules/esbuild/lib/main.js:898:5)
2025-02-11T00:37:17.2216007Z     at Object.buildOrContext (/home/runner/work/alpine/alpine/node_modules/esbuild/lib/main.js:700:5)
2025-02-11T00:37:17.2217132Z     at /home/runner/work/alpine/alpine/node_modules/esbuild/lib/main.js:2030:15
2025-02-11T00:37:17.2217916Z     at new Promise (<anonymous>)
2025-02-11T00:37:17.2219267Z     at Object.build (/home/runner/work/alpine/alpine/node_modules/esbuild/lib/main.js:2029:25)
2025-02-11T00:37:17.2220727Z     at Object.build (/home/runner/work/alpine/alpine/node_modules/esbuild/lib/main.js:1880:51)
2025-02-11T00:37:17.2221672Z     at build (/home/runner/work/alpine/alpine/scripts/build.js:91:31)
2025-02-11T00:37:17.2222115Z 
2025-02-11T00:37:17.2222571Z âœ˜ [ERROR] Invalid option in build() call: "watch"
2025-02-11T00:37:17.2222929Z 
2025-02-11T00:37:17.2223389Z     /home/runner/work/alpine/alpine/node_modules/esbuild/lib/main.js:254:12:
2025-02-11T00:37:17.2224430Z       254 â”‚       throw new Error(`Invalid option ${where}: ${quote(key)}`);
2025-02-11T00:37:17.2225150Z           â•µ             ^
2025-02-11T00:37:17.2225414Z 
2025-02-11T00:37:17.2226066Z     at checkForInvalidFlags (/home/runner/work/alpine/alpine/node_modules/esbuild/lib/main.js:254:13)
2025-02-11T00:37:17.2227399Z     at flagsForBuildOptions (/home/runner/work/alpine/alpine/node_modules/esbuild/lib/main.js:427:3)
2025-02-11T00:37:17.2228698Z     at buildOrContextContinue (/home/runner/work/alpine/alpine/node_modules/esbuild/lib/main.js:914:9)
2025-02-11T00:37:17.2230184Z     at buildOrContextImpl (/home/runner/work/alpine/alpine/node_modules/esbuild/lib/main.js:898:5)
2025-02-11T00:37:17.2231448Z     at Object.buildOrContext (/home/runner/work/alpine/alpine/node_modules/esbuild/lib/main.js:700:5)
2025-02-11T00:37:17.2232517Z     at /home/runner/work/alpine/alpine/node_modules/esbuild/lib/main.js:2030:15
2025-02-11T00:37:17.2233212Z     at new Promise (<anonymous>)
2025-02-11T00:37:17.2234040Z     at Object.build (/home/runner/work/alpine/alpine/node_modules/esbuild/lib/main.js:2029:25)
2025-02-11T00:37:17.2235207Z     at Object.build (/home/runner/work/alpine/alpine/node_modules/esbuild/lib/main.js:1880:51)
2025-02-11T00:37:17.2236209Z     at build (/home/runner/work/alpine/alpine/scripts/build.js:91:31)
2025-02-11T00:37:17.2236715Z 
2025-02-11T00:37:17.2237467Z âœ˜ [ERROR] Invalid option in build() call: "watch"
2025-02-11T00:37:17.2237915Z 
2025-02-11T00:37:17.2238384Z     /home/runner/work/alpine/alpine/node_modules/esbuild/lib/main.js:254:12:
2025-02-11T00:37:17.2239677Z       254 â”‚       throw new Error(`Invalid option ${where}: ${quote(key)}`);
2025-02-11T00:37:17.2240302Z           â•µ             ^
2025-02-11T00:37:17.2240534Z 
2025-02-11T00:37:17.2241140Z     at checkForInvalidFlags (/home/runner/work/alpine/alpine/node_modules/esbuild/lib/main.js:254:13)
2025-02-11T00:37:17.2242385Z     at flagsForBuildOptions (/home/runner/work/alpine/alpine/node_modules/esbuild/lib/main.js:427:3)
2025-02-11T00:37:17.2243679Z     at buildOrContextContinue (/home/runner/work/alpine/alpine/node_modules/esbuild/lib/main.js:914:9)
2025-02-11T00:37:17.2245037Z     at buildOrContextImpl (/home/runner/work/alpine/alpine/node_modules/esbuild/lib/main.js:898:5)
2025-02-11T00:37:17.2246367Z     at Object.buildOrContext (/home/runner/work/alpine/alpine/node_modules/esbuild/lib/main.js:700:5)
2025-02-11T00:37:17.2247483Z     at /home/runner/work/alpine/alpine/node_modules/esbuild/lib/main.js:2030:15
2025-02-11T00:37:17.2248167Z     at new Promise (<anonymous>)
2025-02-11T00:37:17.2248965Z     at Object.build (/home/runner/work/alpine/alpine/node_modules/esbuild/lib/main.js:2029:25)
2025-02-11T00:37:17.2250321Z     at Object.build (/home/runner/work/alpine/alpine/node_modules/esbuild/lib/main.js:1880:51)
2025-02-11T00:37:17.2251364Z     at build (/home/runner/work/alpine/alpine/scripts/build.js:91:31)
2025-02-11T00:37:17.2251863Z 
2025-02-11T00:37:17.2252376Z âœ˜ [ERROR] Invalid option in build() call: "watch"
2025-02-11T00:37:17.2252788Z 
2025-02-11T00:37:17.2253235Z     /home/runner/work/alpine/alpine/node_modules/esbuild/lib/main.js:254:12:
2025-02-11T00:37:17.2254200Z       254 â”‚       throw new Error(`Invalid option ${where}: ${quote(key)}`);
2025-02-11T00:37:17.2254788Z           â•µ             ^
2025-02-11T00:37:17.2255018Z 
2025-02-11T00:37:17.2255623Z     at checkForInvalidFlags (/home/runner/work/alpine/alpine/node_modules/esbuild/lib/main.js:254:13)
2025-02-11T00:37:17.2257309Z     at flagsForBuildOptions (/home/runner/work/alpine/alpine/node_modules/esbuild/lib/main.js:427:3)
2025-02-11T00:37:17.2258939Z     at buildOrContextContinue (/home/runner/work/alpine/alpine/node_modules/esbuild/lib/main.js:914:9)
2025-02-11T00:37:17.2260500Z     at buildOrContextImpl (/home/runner/work/alpine/alpine/node_modules/esbuild/lib/main.js:898:5)
2025-02-11T00:37:17.2261725Z     at Object.buildOrContext (/home/runner/work/alpine/alpine/node_modules/esbuild/lib/main.js:700:5)
2025-02-11T00:37:17.2262815Z     at /home/runner/work/alpine/alpine/node_modules/esbuild/lib/main.js:2030:15
2025-02-11T00:37:17.2263548Z     at new Promise (<anonymous>)
2025-02-11T00:37:17.2264326Z     at Object.build (/home/runner/work/alpine/alpine/node_modules/esbuild/lib/main.js:2029:25)
2025-02-11T00:37:17.2265426Z     at Object.build (/home/runner/work/alpine/alpine/node_modules/esbuild/lib/main.js:1880:51)
2025-02-11T00:37:17.2266440Z     at build (/home/runner/work/alpine/alpine/scripts/build.js:91:31)
2025-02-11T00:37:17.2266931Z 
2025-02-11T00:37:17.2267433Z âœ˜ [ERROR] Invalid option in build() call: "watch"
2025-02-11T00:37:17.2267843Z 
2025-02-11T00:37:17.2268308Z     /home/runner/work/alpine/alpine/node_modules/esbuild/lib/main.js:254:12:
2025-02-11T00:37:17.2269573Z       254 â”‚       throw new Error(`Invalid option ${where}: ${quote(key)}`);
2025-02-11T00:37:17.2270259Z           â•µ             ^
2025-02-11T00:37:17.2270523Z 
2025-02-11T00:37:17.2271157Z     at checkForInvalidFlags (/home/runner/work/alpine/alpine/node_modules/esbuild/lib/main.js:254:13)
2025-02-11T00:37:17.2272465Z     at flagsForBuildOptions (/home/runner/work/alpine/alpine/node_modules/esbuild/lib/main.js:427:3)
2025-02-11T00:37:17.2273772Z     at buildOrContextContinue (/home/runner/work/alpine/alpine/node_modules/esbuild/lib/main.js:914:9)
2025-02-11T00:37:17.2275040Z     at buildOrContextImpl (/home/runner/work/alpine/alpine/node_modules/esbuild/lib/main.js:898:5)
2025-02-11T00:37:17.2276321Z     at Object.buildOrContext (/home/runner/work/alpine/alpine/node_modules/esbuild/lib/main.js:700:5)
2025-02-11T00:37:17.2277454Z     at /home/runner/work/alpine/alpine/node_modules/esbuild/lib/main.js:2030:15
2025-02-11T00:37:17.2278211Z     at new Promise (<anonymous>)
2025-02-11T00:37:17.2279273Z     at Object.build (/home/runner/work/alpine/alpine/node_modules/esbuild/lib/main.js:2029:25)
2025-02-11T00:37:17.2280486Z     at Object.build (/home/runner/work/alpine/alpine/node_modules/esbuild/lib/main.js:1880:51)
2025-02-11T00:37:17.2281545Z     at build (/home/runner/work/alpine/alpine/scripts/build.js:91:31)
2025-02-11T00:37:17.2282039Z 
2025-02-11T00:37:17.2282554Z âœ˜ [ERROR] Invalid option in build() call: "watch"
2025-02-11T00:37:17.2282957Z 
2025-02-11T00:37:17.2283414Z     /home/runner/work/alpine/alpine/node_modules/esbuild/lib/main.js:254:12:
2025-02-11T00:37:17.2284480Z       254 â”‚       throw new Error(`Invalid option ${where}: ${quote(key)}`);
2025-02-11T00:37:17.2285216Z           â•µ             ^
2025-02-11T00:37:17.2285508Z 
2025-02-11T00:37:17.2286163Z     at checkForInvalidFlags (/home/runner/work/alpine/alpine/node_modules/esbuild/lib/main.js:254:13)
2025-02-11T00:37:17.2287528Z     at flagsForBuildOptions (/home/runner/work/alpine/alpine/node_modules/esbuild/lib/main.js:427:3)
2025-02-11T00:37:17.2288871Z     at buildOrContextContinue (/home/runner/work/alpine/alpine/node_modules/esbuild/lib/main.js:914:9)
2025-02-11T00:37:17.2290431Z     at buildOrContextImpl (/home/runner/work/alpine/alpine/node_modules/esbuild/lib/main.js:898:5)
2025-02-11T00:37:17.2291825Z     at Object.buildOrContext (/home/runner/work/alpine/alpine/node_modules/esbuild/lib/main.js:700:5)
2025-02-11T00:37:17.2292979Z     at /home/runner/work/alpine/alpine/node_modules/esbuild/lib/main.js:2030:15
2025-02-11T00:37:17.2293727Z     at new Promise (<anonymous>)
2025-02-11T00:37:17.2294602Z     at Object.build (/home/runner/work/alpine/alpine/node_modules/esbuild/lib/main.js:2029:25)
2025-02-11T00:37:17.2296098Z     at Object.build (/home/runner/work/alpine/alpine/node_modules/esbuild/lib/main.js:1880:51)
2025-02-11T00:37:17.2297110Z     at build (/home/runner/work/alpine/alpine/scripts/build.js:91:31)
2025-02-11T00:37:17.2297805Z 
2025-02-11T00:37:17.2298320Z âœ˜ [ERROR] Invalid option in build() call: "watch"
2025-02-11T00:37:17.2298732Z 
2025-02-11T00:37:17.2299409Z     /home/runner/work/alpine/alpine/node_modules/esbuild/lib/main.js:254:12:
2025-02-11T00:37:17.2300470Z       254 â”‚       throw new Error(`Invalid option ${where}: ${quote(key)}`);
2025-02-11T00:37:17.2301281Z           â•µ             ^
2025-02-11T00:37:17.2301544Z 
2025-02-11T00:37:17.2302174Z     at checkForInvalidFlags (/home/runner/work/alpine/alpine/node_modules/esbuild/lib/main.js:254:13)
2025-02-11T00:37:17.2303427Z     at flagsForBuildOptions (/home/runner/work/alpine/alpine/node_modules/esbuild/lib/main.js:427:3)
2025-02-11T00:37:17.2304597Z     at buildOrContextContinue (/home/runner/work/alpine/alpine/node_modules/esbuild/lib/main.js:914:9)
2025-02-11T00:37:17.2305827Z     at buildOrContextImpl (/home/runner/work/alpine/alpine/node_modules/esbuild/lib/main.js:898:5)
2025-02-11T00:37:17.2306948Z     at Object.buildOrContext (/home/runner/work/alpine/alpine/node_modules/esbuild/lib/main.js:700:5)
2025-02-11T00:37:17.2307973Z     at /home/runner/work/alpine/alpine/node_modules/esbuild/lib/main.js:2030:15
2025-02-11T00:37:17.2308632Z     at new Promise (<anonymous>)
2025-02-11T00:37:17.2309541Z     at Object.build (/home/runner/work/alpine/alpine/node_modules/esbuild/lib/main.js:2029:25)
2025-02-11T00:37:17.2310576Z     at Object.build (/home/runner/work/alpine/alpine/node_modules/esbuild/lib/main.js:1880:51)
2025-02-11T00:37:17.2311440Z     at build (/home/runner/work/alpine/alpine/scripts/build.js:91:31)
2025-02-11T00:37:17.2311851Z 
2025-02-11T00:37:17.2312309Z âœ˜ [ERROR] Invalid option in build() call: "watch"
2025-02-11T00:37:17.2312671Z 
2025-02-11T00:37:17.2313089Z     /home/runner/work/alpine/alpine/node_modules/esbuild/lib/main.js:254:12:
2025-02-11T00:37:17.2313980Z       254 â”‚       throw new Error(`Invalid option ${where}: ${quote(key)}`);
2025-02-11T00:37:17.2314514Z           â•µ             ^
2025-02-11T00:37:17.2314734Z 
2025-02-11T00:37:17.2315287Z     at checkForInvalidFlags (/home/runner/work/alpine/alpine/node_modules/esbuild/lib/main.js:254:13)
2025-02-11T00:37:17.2316173Z     at flagsForBuildOptions (/home/runner/work/alpine/alpine/node_modules/esbuild/lib/main.js:427:3)
2025-02-11T00:37:17.2316922Z     at buildOrContextContinue (/home/runner/work/alpine/alpine/node_modules/esbuild/lib/main.js:914:9)
2025-02-11T00:37:17.2317644Z     at buildOrContextImpl (/home/runner/work/alpine/alpine/node_modules/esbuild/lib/main.js:898:5)
2025-02-11T00:37:17.2318355Z     at Object.buildOrContext (/home/runner/work/alpine/alpine/node_modules/esbuild/lib/main.js:700:5)
2025-02-11T00:37:17.2318987Z     at /home/runner/work/alpine/alpine/node_modules/esbuild/lib/main.js:2030:15
2025-02-11T00:37:17.2319768Z     at new Promise (<anonymous>)
2025-02-11T00:37:17.2320293Z     at Object.build (/home/runner/work/alpine/alpine/node_modules/esbuild/lib/main.js:2029:25)
2025-02-11T00:37:17.2320940Z     at Object.build (/home/runner/work/alpine/alpine/node_modules/esbuild/lib/main.js:1880:51)
2025-02-11T00:37:17.2321502Z     at build (/home/runner/work/alpine/alpine/scripts/build.js:91:31)
2025-02-11T00:37:17.2321766Z 
2025-02-11T00:37:17.2322041Z âœ˜ [ERROR] Invalid option in build() call: "watch"
2025-02-11T00:37:17.2322260Z 
2025-02-11T00:37:17.2322518Z     /home/runner/work/alpine/alpine/node_modules/esbuild/lib/main.js:254:12:
2025-02-11T00:37:17.2323077Z       254 â”‚       throw new Error(`Invalid option ${where}: ${quote(key)}`);
2025-02-11T00:37:17.2323427Z           â•µ             ^
2025-02-11T00:37:17.2323569Z 
2025-02-11T00:37:17.2323919Z     at checkForInvalidFlags (/home/runner/work/alpine/alpine/node_modules/esbuild/lib/main.js:254:13)
2025-02-11T00:37:17.2324653Z     at flagsForBuildOptions (/home/runner/work/alpine/alpine/node_modules/esbuild/lib/main.js:427:3)
2025-02-11T00:37:17.2325605Z     at buildOrContextContinue (/home/runner/work/alpine/alpine/node_modules/esbuild/lib/main.js:914:9)
2025-02-11T00:37:17.2326447Z     at buildOrContextImpl (/home/runner/work/alpine/alpine/node_modules/esbuild/lib/main.js:898:5)
2025-02-11T00:37:17.2327159Z     at Object.buildOrContext (/home/runner/work/alpine/alpine/node_modules/esbuild/lib/main.js:700:5)
2025-02-11T00:37:17.2327791Z     at /home/runner/work/alpine/alpine/node_modules/esbuild/lib/main.js:2030:15
2025-02-11T00:37:17.2328203Z     at new Promise (<anonymous>)
2025-02-11T00:37:17.2328667Z     at Object.build (/home/runner/work/alpine/alpine/node_modules/esbuild/lib/main.js:2029:25)
2025-02-11T00:37:17.2329498Z     at Object.build (/home/runner/work/alpine/alpine/node_modules/esbuild/lib/main.js:1880:51)
2025-02-11T00:37:17.2330054Z     at build (/home/runner/work/alpine/alpine/scripts/build.js:91:31)
2025-02-11T00:37:17.2330313Z 
2025-02-11T00:37:17.2330566Z âœ˜ [ERROR] Invalid option in build() call: "watch"
2025-02-11T00:37:17.2330784Z 
2025-02-11T00:37:17.2331046Z     /home/runner/work/alpine/alpine/node_modules/esbuild/lib/main.js:254:12:
2025-02-11T00:37:17.2331598Z       254 â”‚       throw new Error(`Invalid option ${where}: ${quote(key)}`);
2025-02-11T00:37:17.2331945Z           â•µ             ^
2025-02-11T00:37:17.2332087Z 
2025-02-11T00:37:17.2332436Z     at checkForInvalidFlags (/home/runner/work/alpine/alpine/node_modules/esbuild/lib/main.js:254:13)
2025-02-11T00:37:17.2333163Z     at flagsForBuildOptions (/home/runner/work/alpine/alpine/node_modules/esbuild/lib/main.js:427:3)
2025-02-11T00:37:17.2333912Z     at buildOrContextContinue (/home/runner/work/alpine/alpine/node_modules/esbuild/lib/main.js:914:9)
2025-02-11T00:37:17.2334642Z     at buildOrContextImpl (/home/runner/work/alpine/alpine/node_modules/esbuild/lib/main.js:898:5)
2025-02-11T00:37:17.2335355Z     at Object.buildOrContext (/home/runner/work/alpine/alpine/node_modules/esbuild/lib/main.js:700:5)
2025-02-11T00:37:17.2335998Z     at /home/runner/work/alpine/alpine/node_modules/esbuild/lib/main.js:2030:15
2025-02-11T00:37:17.2336405Z     at new Promise (<anonymous>)
2025-02-11T00:37:17.2336877Z     at Object.build (/home/runner/work/alpine/alpine/node_modules/esbuild/lib/main.js:2029:25)
2025-02-11T00:37:17.2337531Z     at Object.build (/home/runner/work/alpine/alpine/node_modules/esbuild/lib/main.js:1880:51)
2025-02-11T00:37:17.2338078Z     at build (/home/runner/work/alpine/alpine/scripts/build.js:91:31)
2025-02-11T00:37:17.2338341Z 
2025-02-11T00:37:17.2338571Z âœ˜ [ERROR] Invalid option in build() call: "watch"
2025-02-11T00:37:17.2338783Z 
2025-02-11T00:37:17.2339186Z     /home/runner/work/alpine/alpine/node_modules/esbuild/lib/main.js:254:12:
2025-02-11T00:37:17.2339806Z       254 â”‚       throw new Error(`Invalid option ${where}: ${quote(key)}`);
2025-02-11T00:37:17.2340154Z           â•µ             ^
2025-02-11T00:37:17.2340296Z 
2025-02-11T00:37:17.2340643Z     at checkForInvalidFlags (/home/runner/work/alpine/alpine/node_modules/esbuild/lib/main.js:254:13)
2025-02-11T00:37:17.2341381Z     at flagsForBuildOptions (/home/runner/work/alpine/alpine/node_modules/esbuild/lib/main.js:427:3)
2025-02-11T00:37:17.2342122Z     at buildOrContextContinue (/home/runner/work/alpine/alpine/node_modules/esbuild/lib/main.js:914:9)
2025-02-11T00:37:17.2342839Z     at buildOrContextImpl (/home/runner/work/alpine/alpine/node_modules/esbuild/lib/main.js:898:5)
2025-02-11T00:37:17.2343550Z     at Object.buildOrContext (/home/runner/work/alpine/alpine/node_modules/esbuild/lib/main.js:700:5)
2025-02-11T00:37:17.2344171Z     at /home/runner/work/alpine/alpine/node_modules/esbuild/lib/main.js:2030:15
2025-02-11T00:37:17.2344577Z     at new Promise (<anonymous>)
2025-02-11T00:37:17.2345044Z     at Object.build (/home/runner/work/alpine/alpine/node_modules/esbuild/lib/main.js:2029:25)
2025-02-11T00:37:17.2345686Z     at Object.build (/home/runner/work/alpine/alpine/node_modules/esbuild/lib/main.js:1880:51)
2025-02-11T00:37:17.2347177Z     at build (/home/runner/work/alpine/alpine/scripts/build.js:91:31)
2025-02-11T00:37:17.2347982Z 
2025-02-11T00:37:17.2348454Z âœ˜ [ERROR] Invalid option in build() call: "watch"
2025-02-11T00:37:17.2349409Z 
2025-02-11T00:37:17.2349887Z     /home/runner/work/alpine/alpine/node_modules/esbuild/lib/main.js:254:12:
2025-02-11T00:37:17.2350937Z       254 â”‚       throw new Error(`Invalid option ${where}: ${quote(key)}`);
2025-02-11T00:37:17.2351597Z           â•µ             ^
2025-02-11T00:37:17.2351863Z 
2025-02-11T00:37:17.2352492Z     at checkForInvalidFlags (/home/runner/work/alpine/alpine/node_modules/esbuild/lib/main.js:254:13)
2025-02-11T00:37:17.2353827Z     at flagsForBuildOptions (/home/runner/work/alpine/alpine/node_modules/esbuild/lib/main.js:427:3)
2025-02-11T00:37:17.2355167Z     at buildOrContextContinue (/home/runner/work/alpine/alpine/node_modules/esbuild/lib/main.js:914:9)
2025-02-11T00:37:17.2356461Z     at buildOrContextImpl (/home/runner/work/alpine/alpine/node_modules/esbuild/lib/main.js:898:5)
2025-02-11T00:37:17.2357778Z     at Object.buildOrContext (/home/runner/work/alpine/alpine/node_modules/esbuild/lib/main.js:700:5)
2025-02-11T00:37:17.2358945Z     at /home/runner/work/alpine/alpine/node_modules/esbuild/lib/main.js:2030:15
2025-02-11T00:37:17.2360319Z     at new Promise (<anonymous>)
2025-02-11T00:37:17.2361162Z     at Object.build (/home/runner/work/alpine/alpine/node_modules/esbuild/lib/main.js:2029:25)
2025-02-11T00:37:17.2362288Z     at Object.build (/home/runner/work/alpine/alpine/node_modules/esbuild/lib/main.js:1880:51)
2025-02-11T00:37:17.2363245Z     at build (/home/runner/work/alpine/alpine/scripts/build.js:91:31)
2025-02-11T00:37:17.2363721Z 
2025-02-11T00:37:17.2364109Z âœ˜ [ERROR] Invalid option in build() call: "watch"
2025-02-11T00:37:17.2364341Z 
2025-02-11T00:37:17.2364608Z     /home/runner/work/alpine/alpine/node_modules/esbuild/lib/main.js:254:12:
2025-02-11T00:37:17.2365303Z       254 â”‚       throw new Error(`Invalid option ${where}: ${quote(key)}`);
2025-02-11T00:37:17.2365949Z           â•µ             ^
2025-02-11T00:37:17.2366241Z 
2025-02-11T00:37:17.2366858Z     at checkForInvalidFlags (/home/runner/work/alpine/alpine/node_modules/esbuild/lib/main.js:254:13)
2025-02-11T00:37:17.2368147Z     at flagsForBuildOptions (/home/runner/work/alpine/alpine/node_modules/esbuild/lib/main.js:427:3)
2025-02-11T00:37:17.2369771Z     at buildOrContextContinue (/home/runner/work/alpine/alpine/node_modules/esbuild/lib/main.js:914:9)
2025-02-11T00:37:17.2371114Z     at buildOrContextImpl (/home/runner/work/alpine/alpine/node_modules/esbuild/lib/main.js:898:5)
2025-02-11T00:37:17.2372417Z     at Object.buildOrContext (/home/runner/work/alpine/alpine/node_modules/esbuild/lib/main.js:700:5)
2025-02-11T00:37:17.2373537Z     at /home/runner/work/alpine/alpine/node_modules/esbuild/lib/main.js:2030:15
2025-02-11T00:37:17.2374274Z     at new Promise (<anonymous>)
2025-02-11T00:37:17.2375131Z     at Object.build (/home/runner/work/alpine/alpine/node_modules/esbuild/lib/main.js:2029:25)
2025-02-11T00:37:17.2376333Z     at Object.build (/home/runner/work/alpine/alpine/node_modules/esbuild/lib/main.js:1880:51)
2025-02-11T00:37:17.2377398Z     at build (/home/runner/work/alpine/alpine/scripts/build.js:91:31)
2025-02-11T00:37:17.2377910Z 
2025-02-11T00:37:17.2378423Z âœ˜ [ERROR] Invalid option in build() call: "watch"
2025-02-11T00:37:17.2378824Z 
2025-02-11T00:37:17.2379535Z     /home/runner/work/alpine/alpine/node_modules/esbuild/lib/main.js:254:12:
2025-02-11T00:37:17.2380628Z       254 â”‚       throw new Error(`Invalid option ${where}: ${quote(key)}`);
2025-02-11T00:37:17.2381285Z           â•µ             ^
2025-02-11T00:37:17.2381540Z 
2025-02-11T00:37:17.2382191Z     at checkForInvalidFlags (/home/runner/work/alpine/alpine/node_modules/esbuild/lib/main.js:254:13)
2025-02-11T00:37:17.2383501Z     at flagsForBuildOptions (/home/runner/work/alpine/alpine/node_modules/esbuild/lib/main.js:427:3)
2025-02-11T00:37:17.2384860Z     at buildOrContextContinue (/home/runner/work/alpine/alpine/node_modules/esbuild/lib/main.js:914:9)
2025-02-11T00:37:17.2386471Z     at buildOrContextImpl (/home/runner/work/alpine/alpine/node_modules/esbuild/lib/main.js:898:5)
2025-02-11T00:37:17.2387808Z     at Object.buildOrContext (/home/runner/work/alpine/alpine/node_modules/esbuild/lib/main.js:700:5)
2025-02-11T00:37:17.2389493Z     at /home/runner/work/alpine/alpine/node_modules/esbuild/lib/main.js:2030:15
2025-02-11T00:37:17.2390266Z     at new Promise (<anonymous>)
2025-02-11T00:37:17.2391095Z     at Object.build (/home/runner/work/alpine/alpine/node_modules/esbuild/lib/main.js:2029:25)
2025-02-11T00:37:17.2392340Z     at Object.build (/home/runner/work/alpine/alpine/node_modules/esbuild/lib/main.js:1880:51)
2025-02-11T00:37:17.2393380Z     at build (/home/runner/work/alpine/alpine/scripts/build.js:91:31)
2025-02-11T00:37:17.2393881Z 
2025-02-11T00:37:17.2394406Z âœ˜ [ERROR] Invalid option in build() call: "watch"
2025-02-11T00:37:17.2394816Z 
2025-02-11T00:37:17.2395296Z     /home/runner/work/alpine/alpine/node_modules/esbuild/lib/main.js:254:12:
2025-02-11T00:37:17.2396401Z       254 â”‚       throw new Error(`Invalid option ${where}: ${quote(key)}`);
2025-02-11T00:37:17.2397086Z           â•µ             ^
2025-02-11T00:37:17.2397355Z 
2025-02-11T00:37:17.2397977Z     at checkForInvalidFlags (/home/runner/work/alpine/alpine/node_modules/esbuild/lib/main.js:254:13)
2025-02-11T00:37:17.2399440Z     at flagsForBuildOptions (/home/runner/work/alpine/alpine/node_modules/esbuild/lib/main.js:427:3)
2025-02-11T00:37:17.2400644Z     at buildOrContextContinue (/home/runner/work/alpine/alpine/node_modules/esbuild/lib/main.js:914:9)
2025-02-11T00:37:17.2401787Z     at buildOrContextImpl (/home/runner/work/alpine/alpine/node_modules/esbuild/lib/main.js:898:5)
2025-02-11T00:37:17.2402944Z     at Object.buildOrContext (/home/runner/work/alpine/alpine/node_modules/esbuild/lib/main.js:700:5)
2025-02-11T00:37:17.2403953Z     at /home/runner/work/alpine/alpine/node_modules/esbuild/lib/main.js:2030:15
2025-02-11T00:37:17.2404588Z     at new Promise (<anonymous>)
2025-02-11T00:37:17.2405370Z     at Object.build (/home/runner/work/alpine/alpine/node_modules/esbuild/lib/main.js:2029:25)
2025-02-11T00:37:17.2406379Z     at Object.build (/home/runner/work/alpine/alpine/node_modules/esbuild/lib/main.js:1880:51)
2025-02-11T00:37:17.2407264Z     at build (/home/runner/work/alpine/alpine/scripts/build.js:91:31)
2025-02-11T00:37:17.2407680Z 
2025-02-11T00:37:17.2408125Z âœ˜ [ERROR] Invalid option in build() call: "watch"
2025-02-11T00:37:17.2408464Z 
2025-02-11T00:37:17.2408895Z     /home/runner/work/alpine/alpine/node_modules/esbuild/lib/main.js:254:12:
2025-02-11T00:37:17.2410014Z       254 â”‚       throw new Error(`Invalid option ${where}: ${quote(key)}`);
2025-02-11T00:37:17.2410556Z           â•µ             ^
2025-02-11T00:37:17.2410768Z 
2025-02-11T00:37:17.2411321Z     at checkForInvalidFlags (/home/runner/work/alpine/alpine/node_modules/esbuild/lib/main.js:254:13)
2025-02-11T00:37:17.2412329Z     at flagsForBuildOptions (/home/runner/work/alpine/alpine/node_modules/esbuild/lib/main.js:427:3)
2025-02-11T00:37:17.2413103Z     at buildOrContextContinue (/home/runner/work/alpine/alpine/node_modules/esbuild/lib/main.js:914:9)
2025-02-11T00:37:17.2413835Z     at buildOrContextImpl (/home/runner/work/alpine/alpine/node_modules/esbuild/lib/main.js:898:5)
2025-02-11T00:37:17.2414559Z     at Object.buildOrContext (/home/runner/work/alpine/alpine/node_modules/esbuild/lib/main.js:700:5)
2025-02-11T00:37:17.2415194Z     at /home/runner/work/alpine/alpine/node_modules/esbuild/lib/main.js:2030:15
2025-02-11T00:37:17.2415603Z     at new Promise (<anonymous>)
2025-02-11T00:37:17.2416081Z     at Object.build (/home/runner/work/alpine/alpine/node_modules/esbuild/lib/main.js:2029:25)
2025-02-11T00:37:17.2416727Z     at Object.build (/home/runner/work/alpine/alpine/node_modules/esbuild/lib/main.js:1880:51)
2025-02-11T00:37:17.2417278Z     at build (/home/runner/work/alpine/alpine/scripts/build.js:91:31)
2025-02-11T00:37:17.2417538Z 
2025-02-11T00:37:17.2417807Z âœ˜ [ERROR] Invalid option in build() call: "watch"
2025-02-11T00:37:17.2418229Z 
2025-02-11T00:37:17.2418488Z     /home/runner/work/alpine/alpine/node_modules/esbuild/lib/main.js:254:12:
2025-02-11T00:37:17.2419252Z       254 â”‚       throw new Error(`Invalid option ${where}: ${quote(key)}`);
2025-02-11T00:37:17.2419788Z           â•µ             ^
2025-02-11T00:37:17.2419939Z 
2025-02-11T00:37:17.2420291Z     at checkForInvalidFlags (/home/runner/work/alpine/alpine/node_modules/esbuild/lib/main.js:254:13)
2025-02-11T00:37:17.2421021Z     at flagsForBuildOptions (/home/runner/work/alpine/alpine/node_modules/esbuild/lib/main.js:427:3)
2025-02-11T00:37:17.2421753Z     at buildOrContextContinue (/home/runner/work/alpine/alpine/node_modules/esbuild/lib/main.js:914:9)
2025-02-11T00:37:17.2422473Z     at buildOrContextImpl (/home/runner/work/alpine/alpine/node_modules/esbuild/lib/main.js:898:5)
2025-02-11T00:37:17.2423184Z     at Object.buildOrContext (/home/runner/work/alpine/alpine/node_modules/esbuild/lib/main.js:700:5)
2025-02-11T00:37:17.2423816Z     at /home/runner/work/alpine/alpine/node_modules/esbuild/lib/main.js:2030:15
2025-02-11T00:37:17.2424231Z     at new Promise (<anonymous>)
2025-02-11T00:37:17.2424695Z     at Object.build (/home/runner/work/alpine/alpine/node_modules/esbuild/lib/main.js:2029:25)
2025-02-11T00:37:17.2425339Z     at Object.build (/home/runner/work/alpine/alpine/node_modules/esbuild/lib/main.js:1880:51)
2025-02-11T00:37:17.2425885Z     at build (/home/runner/work/alpine/alpine/scripts/build.js:91:31)
2025-02-11T00:37:17.2426142Z 
2025-02-11T00:37:17.2426384Z âœ˜ [ERROR] Invalid option in build() call: "watch"
2025-02-11T00:37:17.2426595Z 
2025-02-11T00:37:17.2426857Z     /home/runner/work/alpine/alpine/node_modules/esbuild/lib/main.js:254:12:
2025-02-11T00:37:17.2427425Z       254 â”‚       throw new Error(`Invalid option ${where}: ${quote(key)}`);
2025-02-11T00:37:17.2427775Z           â•µ             ^
2025-02-11T00:37:17.2427919Z 
2025-02-11T00:37:17.2428272Z     at checkForInvalidFlags (/home/runner/work/alpine/alpine/node_modules/esbuild/lib/main.js:254:13)
2025-02-11T00:37:17.2429179Z     at flagsForBuildOptions (/home/runner/work/alpine/alpine/node_modules/esbuild/lib/main.js:427:3)
2025-02-11T00:37:17.2430035Z     at buildOrContextContinue (/home/runner/work/alpine/alpine/node_modules/esbuild/lib/main.js:914:9)
2025-02-11T00:37:17.2430782Z     at buildOrContextImpl (/home/runner/work/alpine/alpine/node_modules/esbuild/lib/main.js:898:5)
2025-02-11T00:37:17.2431496Z     at Object.buildOrContext (/home/runner/work/alpine/alpine/node_modules/esbuild/lib/main.js:700:5)
2025-02-11T00:37:17.2432127Z     at /home/runner/work/alpine/alpine/node_modules/esbuild/lib/main.js:2030:15
2025-02-11T00:37:17.2432529Z     at new Promise (<anonymous>)
2025-02-11T00:37:17.2432988Z     at Object.build (/home/runner/work/alpine/alpine/node_modules/esbuild/lib/main.js:2029:25)
2025-02-11T00:37:17.2433625Z     at Object.build (/home/runner/work/alpine/alpine/node_modules/esbuild/lib/main.js:1880:51)
2025-02-11T00:37:17.2434177Z     at build (/home/runner/work/alpine/alpine/scripts/build.js:91:31)
2025-02-11T00:37:17.2434442Z 
2025-02-11T00:37:17.2434687Z âœ˜ [ERROR] Invalid option in build() call: "watch"
2025-02-11T00:37:17.2434897Z 
2025-02-11T00:37:17.2435155Z     /home/runner/work/alpine/alpine/node_modules/esbuild/lib/main.js:254:12:
2025-02-11T00:37:17.2435702Z       254 â”‚       throw new Error(`Invalid option ${where}: ${quote(key)}`);
2025-02-11T00:37:17.2436052Z           â•µ             ^
2025-02-11T00:37:17.2436193Z 
2025-02-11T00:37:17.2436538Z     at checkForInvalidFlags (/home/runner/work/alpine/alpine/node_modules/esbuild/lib/main.js:254:13)
2025-02-11T00:37:17.2437263Z     at flagsForBuildOptions (/home/runner/work/alpine/alpine/node_modules/esbuild/lib/main.js:427:3)
2025-02-11T00:37:17.2437999Z     at buildOrContextContinue (/home/runner/work/alpine/alpine/node_modules/esbuild/lib/main.js:914:9)
2025-02-11T00:37:17.2438718Z     at buildOrContextImpl (/home/runner/work/alpine/alpine/node_modules/esbuild/lib/main.js:898:5)
2025-02-11T00:37:17.2439736Z     at Object.buildOrContext (/home/runner/work/alpine/alpine/node_modules/esbuild/lib/main.js:700:5)
2025-02-11T00:37:17.2440540Z     at /home/runner/work/alpine/alpine/node_modules/esbuild/lib/main.js:2030:15
2025-02-11T00:37:17.2441075Z     at new Promise (<anonymous>)
2025-02-11T00:37:17.2441539Z     at Object.build (/home/runner/work/alpine/alpine/node_modules/esbuild/lib/main.js:2029:25)
2025-02-11T00:37:17.2442178Z     at Object.build (/home/runner/work/alpine/alpine/node_modules/esbuild/lib/main.js:1880:51)
2025-02-11T00:37:17.2442720Z     at build (/home/runner/work/alpine/alpine/scripts/build.js:91:31)
2025-02-11T00:37:17.2442975Z 
2025-02-11T00:37:17.2443229Z âœ˜ [ERROR] Invalid option in build() call: "watch"
2025-02-11T00:37:17.2443437Z 
2025-02-11T00:37:17.2443684Z     /home/runner/work/alpine/alpine/node_modules/esbuild/lib/main.js:254:12:
2025-02-11T00:37:17.2444228Z       254 â”‚       throw new Error(`Invalid option ${where}: ${quote(key)}`);
2025-02-11T00:37:17.2444585Z           â•µ             ^
2025-02-11T00:37:17.2444738Z 
2025-02-11T00:37:17.2445092Z     at checkForInvalidFlags (/home/runner/work/alpine/alpine/node_modules/esbuild/lib/main.js:254:13)
2025-02-11T00:37:17.2445834Z     at flagsForBuildOptions (/home/runner/work/alpine/alpine/node_modules/esbuild/lib/main.js:427:3)
2025-02-11T00:37:17.2446568Z     at buildOrContextContinue (/home/runner/work/alpine/alpine/node_modules/esbuild/lib/main.js:914:9)
2025-02-11T00:37:17.2447295Z     at buildOrContextImpl (/home/runner/work/alpine/alpine/node_modules/esbuild/lib/main.js:898:5)
2025-02-11T00:37:17.2448014Z     at Object.buildOrContext (/home/runner/work/alpine/alpine/node_modules/esbuild/lib/main.js:700:5)
2025-02-11T00:37:17.2448650Z     at /home/runner/work/alpine/alpine/node_modules/esbuild/lib/main.js:2030:15
2025-02-11T00:37:17.2449229Z     at new Promise (<anonymous>)
2025-02-11T00:37:17.2449716Z     at Object.build (/home/runner/work/alpine/alpine/node_modules/esbuild/lib/main.js:2029:25)
2025-02-11T00:37:17.2450362Z     at Object.build (/home/runner/work/alpine/alpine/node_modules/esbuild/lib/main.js:1880:51)
2025-02-11T00:37:17.2450923Z     at build (/home/runner/work/alpine/alpine/scripts/build.js:91:31)
2025-02-11T00:37:17.2451199Z 
2025-02-11T00:37:17.2451444Z âœ˜ [ERROR] Invalid option in build() call: "watch"
2025-02-11T00:37:17.2451659Z 
2025-02-11T00:37:17.2451912Z     /home/runner/work/alpine/alpine/node_modules/esbuild/lib/main.js:254:12:
2025-02-11T00:37:17.2452461Z       254 â”‚       throw new Error(`Invalid option ${where}: ${quote(key)}`);
2025-02-11T00:37:17.2453034Z           â•µ             ^
2025-02-11T00:37:17.2453267Z 
2025-02-11T00:37:17.2453864Z     at checkForInvalidFlags (/home/runner/work/alpine/alpine/node_modules/esbuild/lib/main.js:254:13)
2025-02-11T00:37:17.2455090Z     at flagsForBuildOptions (/home/runner/work/alpine/alpine/node_modules/esbuild/lib/main.js:427:3)
2025-02-11T00:37:17.2456523Z     at buildOrContextContinue (/home/runner/work/alpine/alpine/node_modules/esbuild/lib/main.js:914:9)
2025-02-11T00:37:17.2457691Z     at buildOrContextImpl (/home/runner/work/alpine/alpine/node_modules/esbuild/lib/main.js:898:5)
2025-02-11T00:37:17.2458793Z     at Object.buildOrContext (/home/runner/work/alpine/alpine/node_modules/esbuild/lib/main.js:700:5)
2025-02-11T00:37:17.2459965Z     at /home/runner/work/alpine/alpine/node_modules/esbuild/lib/main.js:2030:15
2025-02-11T00:37:17.2460410Z     at new Promise (<anonymous>)
2025-02-11T00:37:17.2460902Z     at Object.build (/home/runner/work/alpine/alpine/node_modules/esbuild/lib/main.js:2029:25)
2025-02-11T00:37:17.2461556Z     at Object.build (/home/runner/work/alpine/alpine/node_modules/esbuild/lib/main.js:1880:51)
2025-02-11T00:37:17.2462107Z     at build (/home/runner/work/alpine/alpine/scripts/build.js:91:31)
2025-02-11T00:37:17.2462371Z 
2025-02-11T00:37:17.2462670Z âœ˜ [ERROR] Invalid option in build() call: "watch"
2025-02-11T00:37:17.2462890Z 
2025-02-11T00:37:17.2463149Z     /home/runner/work/alpine/alpine/node_modules/esbuild/lib/main.js:254:12:
2025-02-11T00:37:17.2463900Z       254 â”‚       throw new Error(`Invalid option ${where}: ${quote(key)}`);
2025-02-11T00:37:17.2464255Z           â•µ             ^
2025-02-11T00:37:17.2464402Z 
2025-02-11T00:37:17.2464881Z     at checkForInvalidFlags (/home/runner/work/alpine/alpine/node_modules/esbuild/lib/main.js:254:13)
2025-02-11T00:37:17.2465621Z     at flagsForBuildOptions (/home/runner/work/alpine/alpine/node_modules/esbuild/lib/main.js:427:3)
2025-02-11T00:37:17.2466367Z     at buildOrContextContinue (/home/runner/work/alpine/alpine/node_modules/esbuild/lib/main.js:914:9)
2025-02-11T00:37:17.2467093Z     at buildOrContextImpl (/home/runner/work/alpine/alpine/node_modules/esbuild/lib/main.js:898:5)
2025-02-11T00:37:17.2467812Z     at Object.buildOrContext (/home/runner/work/alpine/alpine/node_modules/esbuild/lib/main.js:700:5)
2025-02-11T00:37:17.2468450Z     at /home/runner/work/alpine/alpine/node_modules/esbuild/lib/main.js:2030:15
2025-02-11T00:37:17.2468863Z     at new Promise (<anonymous>)
2025-02-11T00:37:17.2469760Z     at Object.build (/home/runner/work/alpine/alpine/node_modules/esbuild/lib/main.js:2029:25)
2025-02-11T00:37:17.2470423Z     at Object.build (/home/runner/work/alpine/alpine/node_modules/esbuild/lib/main.js:1880:51)
2025-02-11T00:37:17.2470973Z     at build (/home/runner/work/alpine/alpine/scripts/build.js:91:31)
2025-02-11T00:37:17.2471232Z 
2025-02-11T00:37:17.2471606Z âœ˜ [ERROR] Invalid option in build() call: "watch"
2025-02-11T00:37:17.2471826Z 
2025-02-11T00:37:17.2472074Z     /home/runner/work/alpine/alpine/node_modules/esbuild/lib/main.js:254:12:
2025-02-11T00:37:17.2472619Z       254 â”‚       throw new Error(`Invalid option ${where}: ${quote(key)}`);
2025-02-11T00:37:17.2472972Z           â•µ             ^
2025-02-11T00:37:17.2473107Z 
2025-02-11T00:37:17.2473463Z     at checkForInvalidFlags (/home/runner/work/alpine/alpine/node_modules/esbuild/lib/main.js:254:13)
2025-02-11T00:37:17.2474198Z     at flagsForBuildOptions (/home/runner/work/alpine/alpine/node_modules/esbuild/lib/main.js:427:3)
2025-02-11T00:37:17.2474939Z     at buildOrContextContinue (/home/runner/work/alpine/alpine/node_modules/esbuild/lib/main.js:914:9)
2025-02-11T00:37:17.2475665Z     at buildOrContextImpl (/home/runner/work/alpine/alpine/node_modules/esbuild/lib/main.js:898:5)
2025-02-11T00:37:17.2476386Z     at Object.buildOrContext (/home/runner/work/alpine/alpine/node_modules/esbuild/lib/main.js:700:5)
2025-02-11T00:37:17.2477019Z     at /home/runner/work/alpine/alpine/node_modules/esbuild/lib/main.js:2030:15
2025-02-11T00:37:17.2477434Z     at new Promise (<anonymous>)
2025-02-11T00:37:17.2477901Z     at Object.build (/home/runner/work/alpine/alpine/node_modules/esbuild/lib/main.js:2029:25)
2025-02-11T00:37:17.2478540Z     at Object.build (/home/runner/work/alpine/alpine/node_modules/esbuild/lib/main.js:1880:51)
2025-02-11T00:37:17.2479253Z     at build (/home/runner/work/alpine/alpine/scripts/build.js:91:31)
2025-02-11T00:37:17.2479520Z 
2025-02-11T00:37:17.2479750Z âœ˜ [ERROR] Invalid option in build() call: "watch"
2025-02-11T00:37:17.2479973Z 
2025-02-11T00:37:17.2480219Z     /home/runner/work/alpine/alpine/node_modules/esbuild/lib/main.js:254:12:
2025-02-11T00:37:17.2480759Z       254 â”‚       throw new Error(`Invalid option ${where}: ${quote(key)}`);
2025-02-11T00:37:17.2481116Z           â•µ             ^
2025-02-11T00:37:17.2481250Z 
2025-02-11T00:37:17.2481600Z     at checkForInvalidFlags (/home/runner/work/alpine/alpine/node_modules/esbuild/lib/main.js:254:13)
2025-02-11T00:37:17.2482320Z     at flagsForBuildOptions (/home/runner/work/alpine/alpine/node_modules/esbuild/lib/main.js:427:3)
2025-02-11T00:37:17.2483051Z     at buildOrContextContinue (/home/runner/work/alpine/alpine/node_modules/esbuild/lib/main.js:914:9)
2025-02-11T00:37:17.2483779Z     at buildOrContextImpl (/home/runner/work/alpine/alpine/node_modules/esbuild/lib/main.js:898:5)
2025-02-11T00:37:17.2484483Z     at Object.buildOrContext (/home/runner/work/alpine/alpine/node_modules/esbuild/lib/main.js:700:5)
2025-02-11T00:37:17.2485114Z     at /home/runner/work/alpine/alpine/node_modules/esbuild/lib/main.js:2030:15
2025-02-11T00:37:17.2485685Z     at new Promise (<anonymous>)
2025-02-11T00:37:17.2486150Z     at Object.build (/home/runner/work/alpine/alpine/node_modules/esbuild/lib/main.js:2029:25)
2025-02-11T00:37:17.2486898Z     at Object.build (/home/runner/work/alpine/alpine/node_modules/esbuild/lib/main.js:1880:51)
2025-02-11T00:37:17.2487448Z     at build (/home/runner/work/alpine/alpine/scripts/build.js:91:31)
2025-02-11T00:37:17.2487709Z 
2025-02-11T00:37:17.2487937Z âœ˜ [ERROR] Invalid option in build() call: "watch"
2025-02-11T00:37:17.2488157Z 
2025-02-11T00:37:17.2488406Z     /home/runner/work/alpine/alpine/node_modules/esbuild/lib/main.js:254:12:
2025-02-11T00:37:17.2488950Z       254 â”‚       throw new Error(`Invalid option ${where}: ${quote(key)}`);
2025-02-11T00:37:17.2489561Z           â•µ             ^
2025-02-11T00:37:17.2489701Z 
2025-02-11T00:37:17.2490066Z     at checkForInvalidFlags (/home/runner/work/alpine/alpine/node_modules/esbuild/lib/main.js:254:13)
2025-02-11T00:37:17.2490804Z     at flagsForBuildOptions (/home/runner/work/alpine/alpine/node_modules/esbuild/lib/main.js:427:3)
2025-02-11T00:37:17.2491537Z     at buildOrContextContinue (/home/runner/work/alpine/alpine/node_modules/esbuild/lib/main.js:914:9)
2025-02-11T00:37:17.2492305Z     at buildOrContextImpl (/home/runner/work/alpine/alpine/node_modules/esbuild/lib/main.js:898:5)
2025-02-11T00:37:17.2493018Z     at Object.buildOrContext (/home/runner/work/alpine/alpine/node_modules/esbuild/lib/main.js:700:5)
2025-02-11T00:37:17.2493649Z     at /home/runner/work/alpine/alpine/node_modules/esbuild/lib/main.js:2030:15
2025-02-11T00:37:17.2494069Z     at new Promise (<anonymous>)
2025-02-11T00:37:17.2494542Z     at Object.build (/home/runner/work/alpine/alpine/node_modules/esbuild/lib/main.js:2029:25)
2025-02-11T00:37:17.2495186Z     at Object.build (/home/runner/work/alpine/alpine/node_modules/esbuild/lib/main.js:1880:51)
2025-02-11T00:37:17.2495733Z     at build (/home/runner/work/alpine/alpine/scripts/build.js:91:31)
2025-02-11T00:37:17.2496003Z 
2025-02-11T00:37:17.2496231Z âœ˜ [ERROR] Invalid option in build() call: "watch"
2025-02-11T00:37:17.2496449Z 
2025-02-11T00:37:17.2496695Z     /home/runner/work/alpine/alpine/node_modules/esbuild/lib/main.js:254:12:
2025-02-11T00:37:17.2497249Z       254 â”‚       throw new Error(`Invalid option ${where}: ${quote(key)}`);
2025-02-11T00:37:17.2497600Z           â•µ             ^
2025-02-11T00:37:17.2497733Z 
2025-02-11T00:37:17.2498084Z     at checkForInvalidFlags (/home/runner/work/alpine/alpine/node_modules/esbuild/lib/main.js:254:13)
2025-02-11T00:37:17.2498808Z     at flagsForBuildOptions (/home/runner/work/alpine/alpine/node_modules/esbuild/lib/main.js:427:3)
2025-02-11T00:37:17.2499705Z     at buildOrContextContinue (/home/runner/work/alpine/alpine/node_modules/esbuild/lib/main.js:914:9)
2025-02-11T00:37:17.2500430Z     at buildOrContextImpl (/home/runner/work/alpine/alpine/node_modules/esbuild/lib/main.js:898:5)
2025-02-11T00:37:17.2501139Z     at Object.buildOrContext (/home/runner/work/alpine/alpine/node_modules/esbuild/lib/main.js:700:5)
2025-02-11T00:37:17.2501772Z     at /home/runner/work/alpine/alpine/node_modules/esbuild/lib/main.js:2030:15
2025-02-11T00:37:17.2502185Z     at new Promise (<anonymous>)
2025-02-11T00:37:17.2502643Z     at Object.build (/home/runner/work/alpine/alpine/node_modules/esbuild/lib/main.js:2029:25)
2025-02-11T00:37:17.2503272Z     at Object.build (/home/runner/work/alpine/alpine/node_modules/esbuild/lib/main.js:1880:51)
2025-02-11T00:37:17.2503816Z     at build (/home/runner/work/alpine/alpine/scripts/build.js:91:31)
2025-02-11T00:37:17.2504078Z 
2025-02-11T00:37:17.2515039Z ##[error]Process completed with exit code 1.
