##[group]Run npm run build
[36;1mnpm run build[0m
0
##[endgroup]
2025-02-11T00:37:17.1254505Z
> build
> node ./scripts/build.js
2025-02-11T00:37:17.1255299Z
âœ˜ [ERROR] Invalid option in build() call: "watch"
2025-02-11T00:37:17.1845562Z
/home/runner/work/alpine/alpine/node_modules/esbuild/lib/main.js:254:12:
254 â”‚       throw new Error(`Invalid option ${where}: ${quote(key)}`);
â•µ             ^
2025-02-11T00:37:17.1877961Z
at checkForInvalidFlags (/home/runner/work/alpine/alpine/node_modules/esbuild/lib/main.js:254:13)
at flagsForBuildOptions (/home/runner/work/alpine/alpine/node_modules/esbuild/lib/main.js:427:3)
at buildOrContextContinue (/home/runner/work/alpine/alpine/node_modules/esbuild/lib/main.js:914:9)
at buildOrContextImpl (/home/runner/work/alpine/alpine/node_modules/esbuild/lib/main.js:898:5)
at Object.buildOrContext (/home/runner/work/alpine/alpine/node_modules/esbuild/lib/main.js:700:5)
at /home/runner/work/alpine/alpine/node_modules/esbuild/lib/main.js:2030:15
at new Promise (<anonymous>)
at Object.build (/home/runner/work/alpine/alpine/node_modules/esbuild/lib/main.js:2029:25)
at Object.build (/home/runner/work/alpine/alpine/node_modules/esbuild/lib/main.js:1880:51)
at build (/home/runner/work/alpine/alpine/scripts/build.js:91:31)
2025-02-11T00:37:17.1889991Z
âœ˜ [ERROR] Invalid option in build() call: "watch"
2025-02-11T00:37:17.1890872Z
/home/runner/work/alpine/alpine/node_modules/esbuild/lib/main.js:254:12:
254 â”‚       throw new Error(`Invalid option ${where}: ${quote(key)}`);
â•µ             ^
2025-02-11T00:37:17.1893506Z
at checkForInvalidFlags (/home/runner/work/alpine/alpine/node_modules/esbuild/lib/main.js:254:13)
at flagsForBuildOptions (/home/runner/work/alpine/alpine/node_modules/esbuild/lib/main.js:427:3)
at buildOrContextContinue (/home/runner/work/alpine/alpine/node_modules/esbuild/lib/main.js:914:9)
at buildOrContextImpl (/home/runner/work/alpine/alpine/node_modules/esbuild/lib/main.js:898:5)
at Object.buildOrContext (/home/runner/work/alpine/alpine/node_modules/esbuild/lib/main.js:700:5)
at /home/runner/work/alpine/alpine/node_modules/esbuild/lib/main.js:2030:15
at new Promise (<anonymous>)
at Object.build (/home/runner/work/alpine/alpine/node_modules/esbuild/lib/main.js:2029:25)
at Object.build (/home/runner/work/alpine/alpine/node_modules/esbuild/lib/main.js:1880:51)
at build (/home/runner/work/alpine/alpine/scripts/build.js:91:31)
2025-02-11T00:37:17.1905053Z
âœ˜ [ERROR] Invalid option in build() call: "watch"
2025-02-11T00:37:17.1905994Z
/home/runner/work/alpine/alpine/node_modules/esbuild/lib/main.js:254:12:
254 â”‚       throw new Error(`Invalid option ${where}: ${quote(key)}`);
â•µ             ^
2025-02-11T00:37:17.1908277Z
at checkForInvalidFlags (/home/runner/work/alpine/alpine/node_modules/esbuild/lib/main.js:254:13)
at flagsForBuildOptions (/home/runner/work/alpine/alpine/node_modules/esbuild/lib/main.js:427:3)
at buildOrContextContinue (/home/runner/work/alpine/alpine/node_modules/esbuild/lib/main.js:914:9)
at buildOrContextImpl (/home/runner/work/alpine/alpine/node_modules/esbuild/lib/main.js:898:5)
at Object.buildOrContext (/home/runner/work/alpine/alpine/node_modules/esbuild/lib/main.js:700:5)
at /home/runner/work/alpine/alpine/node_modules/esbuild/lib/main.js:2030:15
at new Promise (<anonymous>)
at Object.build (/home/runner/work/alpine/alpine/node_modules/esbuild/lib/main.js:2029:25)
at Object.build (/home/runner/work/alpine/alpine/node_modules/esbuild/lib/main.js:1880:51)
at build (/home/runner/work/alpine/alpine/scripts/build.js:91:31)
2025-02-11T00:37:17.1920616Z
âœ˜ [ERROR] Invalid option in build() call: "watch"
2025-02-11T00:37:17.1921463Z
/home/runner/work/alpine/alpine/node_modules/esbuild/lib/main.js:254:12:
254 â”‚       throw new Error(`Invalid option ${where}: ${quote(key)}`);
â•µ             ^
2025-02-11T00:37:17.1923896Z
at checkForInvalidFlags (/home/runner/work/alpine/alpine/node_modules/esbuild/lib/main.js:254:13)
at flagsForBuildOptions (/home/runner/work/alpine/alpine/node_modules/esbuild/lib/main.js:427:3)
at buildOrContextContinue (/home/runner/work/alpine/alpine/node_modules/esbuild/lib/main.js:914:9)
at buildOrContextImpl (/home/runner/work/alpine/alpine/node_modules/esbuild/lib/main.js:898:5)
at Object.buildOrContext (/home/runner/work/alpine/alpine/node_modules/esbuild/lib/main.js:700:5)
at /home/runner/work/alpine/alpine/node_modules/esbuild/lib/main.js:2030:15
at new Promise (<anonymous>)
at Object.build (/home/runner/work/alpine/alpine/node_modules/esbuild/lib/main.js:2029:25)
at Object.build (/home/runner/work/alpine/alpine/node_modules/esbuild/lib/main.js:1880:51)
at build (/home/runner/work/alpine/alpine/scripts/build.js:91:31)
2025-02-11T00:37:17.1935295Z
âœ˜ [ERROR] Invalid option in build() call: "watch"
2025-02-11T00:37:17.1936280Z
/home/runner/work/alpine/alpine/node_modules/esbuild/lib/main.js:254:12:
254 â”‚       throw new Error(`Invalid option ${where}: ${quote(key)}`);
â•µ             ^
2025-02-11T00:37:17.1938751Z
at checkForInvalidFlags (/home/runner/work/alpine/alpine/node_modules/esbuild/lib/main.js:254:13)
at flagsForBuildOptions (/home/runner/work/alpine/alpine/node_modules/esbuild/lib/main.js:427:3)
at buildOrContextContinue (/home/runner/work/alpine/alpine/node_modules/esbuild/lib/main.js:914:9)
at buildOrContextImpl (/home/runner/work/alpine/alpine/node_modules/esbuild/lib/main.js:898:5)
at Object.buildOrContext (/home/runner/work/alpine/alpine/node_modules/esbuild/lib/main.js:700:5)
at /home/runner/work/alpine/alpine/node_modules/esbuild/lib/main.js:2030:15
at new Promise (<anonymous>)
at Object.build (/home/runner/work/alpine/alpine/node_modules/esbuild/lib/main.js:2029:25)
at Object.build (/home/runner/work/alpine/alpine/node_modules/esbuild/lib/main.js:1880:51)
at build (/home/runner/work/alpine/alpine/scripts/build.js:91:31)
2025-02-11T00:37:17.1950491Z
âœ˜ [ERROR] Invalid option in build() call: "watch"
2025-02-11T00:37:17.1951739Z
/home/runner/work/alpine/alpine/node_modules/esbuild/lib/main.js:254:12:
254 â”‚       throw new Error(`Invalid option ${where}: ${quote(key)}`);
â•µ             ^
2025-02-11T00:37:17.1954279Z
at checkForInvalidFlags (/home/runner/work/alpine/alpine/node_modules/esbuild/lib/main.js:254:13)
at flagsForBuildOptions (/home/runner/work/alpine/alpine/node_modules/esbuild/lib/main.js:427:3)
at buildOrContextContinue (/home/runner/work/alpine/alpine/node_modules/esbuild/lib/main.js:914:9)
at buildOrContextImpl (/home/runner/work/alpine/alpine/node_modules/esbuild/lib/main.js:898:5)
at Object.buildOrContext (/home/runner/work/alpine/alpine/node_modules/esbuild/lib/main.js:700:5)
at /home/runner/work/alpine/alpine/node_modules/esbuild/lib/main.js:2030:15
at new Promise (<anonymous>)
at Object.build (/home/runner/work/alpine/alpine/node_modules/esbuild/lib/main.js:2029:25)
at Object.build (/home/runner/work/alpine/alpine/node_modules/esbuild/lib/main.js:1880:51)
at build (/home/runner/work/alpine/alpine/scripts/build.js:91:31)
2025-02-11T00:37:17.1965728Z
âœ˜ [ERROR] Invalid option in build() call: "watch"
2025-02-11T00:37:17.1966551Z
/home/runner/work/alpine/alpine/node_modules/esbuild/lib/main.js:254:12:
254 â”‚       throw new Error(`Invalid option ${where}: ${quote(key)}`);
â•µ             ^
2025-02-11T00:37:17.1968865Z
at checkForInvalidFlags (/home/runner/work/alpine/alpine/node_modules/esbuild/lib/main.js:254:13)
at flagsForBuildOptions (/home/runner/work/alpine/alpine/node_modules/esbuild/lib/main.js:427:3)
at buildOrContextContinue (/home/runner/work/alpine/alpine/node_modules/esbuild/lib/main.js:914:9)
at buildOrContextImpl (/home/runner/work/alpine/alpine/node_modules/esbuild/lib/main.js:898:5)
at Object.buildOrContext (/home/runner/work/alpine/alpine/node_modules/esbuild/lib/main.js:700:5)
at /home/runner/work/alpine/alpine/node_modules/esbuild/lib/main.js:2030:15
at new Promise (<anonymous>)
at Object.build (/home/runner/work/alpine/alpine/node_modules/esbuild/lib/main.js:2029:25)
at Object.build (/home/runner/work/alpine/alpine/node_modules/esbuild/lib/main.js:1880:51)
at build (/home/runner/work/alpine/alpine/scripts/build.js:91:31)
2025-02-11T00:37:17.1980498Z
âœ˜ [ERROR] Invalid option in build() call: "watch"
2025-02-11T00:37:17.1981394Z
/home/runner/work/alpine/alpine/node_modules/esbuild/lib/main.js:254:12:
254 â”‚       throw new Error(`Invalid option ${where}: ${quote(key)}`);
â•µ             ^
2025-02-11T00:37:17.1983924Z
at checkForInvalidFlags (/home/runner/work/alpine/alpine/node_modules/esbuild/lib/main.js:254:13)
at flagsForBuildOptions (/home/runner/work/alpine/alpine/node_modules/esbuild/lib/main.js:427:3)
at buildOrContextContinue (/home/runner/work/alpine/alpine/node_modules/esbuild/lib/main.js:914:9)
at buildOrContextImpl (/home/runner/work/alpine/alpine/node_modules/esbuild/lib/main.js:898:5)
at Object.buildOrContext (/home/runner/work/alpine/alpine/node_modules/esbuild/lib/main.js:700:5)
at /home/runner/work/alpine/alpine/node_modules/esbuild/lib/main.js:2030:15
at new Promise (<anonymous>)
at Object.build (/home/runner/work/alpine/alpine/node_modules/esbuild/lib/main.js:2029:25)
at Object.build (/home/runner/work/alpine/alpine/node_modules/esbuild/lib/main.js:1880:51)
at build (/home/runner/work/alpine/alpine/scripts/build.js:91:31)
2025-02-11T00:37:17.1995806Z
âœ˜ [ERROR] Invalid option in build() call: "watch"
2025-02-11T00:37:17.1996726Z
/home/runner/work/alpine/alpine/node_modules/esbuild/lib/main.js:254:12:
254 â”‚       throw new Error(`Invalid option ${where}: ${quote(key)}`);
â•µ             ^
2025-02-11T00:37:17.1999236Z
at checkForInvalidFlags (/home/runner/work/alpine/alpine/node_modules/esbuild/lib/main.js:254:13)
at flagsForBuildOptions (/home/runner/work/alpine/alpine/node_modules/esbuild/lib/main.js:427:3)
at buildOrContextContinue (/home/runner/work/alpine/alpine/node_modules/esbuild/lib/main.js:914:9)
at buildOrContextImpl (/home/runner/work/alpine/alpine/node_modules/esbuild/lib/main.js:898:5)
at Object.buildOrContext (/home/runner/work/alpine/alpine/node_modules/esbuild/lib/main.js:700:5)
at /home/runner/work/alpine/alpine/node_modules/esbuild/lib/main.js:2030:15
at new Promise (<anonymous>)
at Object.build (/home/runner/work/alpine/alpine/node_modules/esbuild/lib/main.js:2029:25)
at Object.build (/home/runner/work/alpine/alpine/node_modules/esbuild/lib/main.js:1880:51)
at build (/home/runner/work/alpine/alpine/scripts/build.js:91:31)
2025-02-11T00:37:17.2010680Z
âœ˜ [ERROR] Invalid option in build() call: "watch"
2025-02-11T00:37:17.2011591Z
/home/runner/work/alpine/alpine/node_modules/esbuild/lib/main.js:254:12:
254 â”‚       throw new Error(`Invalid option ${where}: ${quote(key)}`);
â•µ             ^
2025-02-11T00:37:17.2014130Z
at checkForInvalidFlags (/home/runner/work/alpine/alpine/node_modules/esbuild/lib/main.js:254:13)
at flagsForBuildOptions (/home/runner/work/alpine/alpine/node_modules/esbuild/lib/main.js:427:3)
at buildOrContextContinue (/home/runner/work/alpine/alpine/node_modules/esbuild/lib/main.js:914:9)
at buildOrContextImpl (/home/runner/work/alpine/alpine/node_modules/esbuild/lib/main.js:898:5)
at Object.buildOrContext (/home/runner/work/alpine/alpine/node_modules/esbuild/lib/main.js:700:5)
at /home/runner/work/alpine/alpine/node_modules/esbuild/lib/main.js:2030:15
at new Promise (<anonymous>)
at Object.build (/home/runner/work/alpine/alpine/node_modules/esbuild/lib/main.js:2029:25)
at Object.build (/home/runner/work/alpine/alpine/node_modules/esbuild/lib/main.js:1880:51)
at build (/home/runner/work/alpine/alpine/scripts/build.js:91:31)
2025-02-11T00:37:17.2025792Z
âœ˜ [ERROR] Invalid option in build() call: "watch"
2025-02-11T00:37:17.2026753Z
/home/runner/work/alpine/alpine/node_modules/esbuild/lib/main.js:254:12:
254 â”‚       throw new Error(`Invalid option ${where}: ${quote(key)}`);
â•µ             ^
2025-02-11T00:37:17.2029691Z
at checkForInvalidFlags (/home/runner/work/alpine/alpine/node_modules/esbuild/lib/main.js:254:13)
at flagsForBuildOptions (/home/runner/work/alpine/alpine/node_modules/esbuild/lib/main.js:427:3)
at buildOrContextContinue (/home/runner/work/alpine/alpine/node_modules/esbuild/lib/main.js:914:9)
at buildOrContextImpl (/home/runner/work/alpine/alpine/node_modules/esbuild/lib/main.js:898:5)
at Object.buildOrContext (/home/runner/work/alpine/alpine/node_modules/esbuild/lib/main.js:700:5)
at /home/runner/work/alpine/alpine/node_modules/esbuild/lib/main.js:2030:15
at new Promise (<anonymous>)
at Object.build (/home/runner/work/alpine/alpine/node_modules/esbuild/lib/main.js:2029:25)
at Object.build (/home/runner/work/alpine/alpine/node_modules/esbuild/lib/main.js:1880:51)
at build (/home/runner/work/alpine/alpine/scripts/build.js:91:31)
2025-02-11T00:37:17.2041141Z
âœ˜ [ERROR] Invalid option in build() call: "watch"
2025-02-11T00:37:17.2042068Z
/home/runner/work/alpine/alpine/node_modules/esbuild/lib/main.js:254:12:
254 â”‚       throw new Error(`Invalid option ${where}: ${quote(key)}`);
â•µ             ^
2025-02-11T00:37:17.2044628Z
at checkForInvalidFlags (/home/runner/work/alpine/alpine/node_modules/esbuild/lib/main.js:254:13)
at flagsForBuildOptions (/home/runner/work/alpine/alpine/node_modules/esbuild/lib/main.js:427:3)
at buildOrContextContinue (/home/runner/work/alpine/alpine/node_modules/esbuild/lib/main.js:914:9)
at buildOrContextImpl (/home/runner/work/alpine/alpine/node_modules/esbuild/lib/main.js:898:5)
at Object.buildOrContext (/home/runner/work/alpine/alpine/node_modules/esbuild/lib/main.js:700:5)
at /home/runner/work/alpine/alpine/node_modules/esbuild/lib/main.js:2030:15
at new Promise (<anonymous>)
at Object.build (/home/runner/work/alpine/alpine/node_modules/esbuild/lib/main.js:2029:25)
at Object.build (/home/runner/work/alpine/alpine/node_modules/esbuild/lib/main.js:1880:51)
at build (/home/runner/work/alpine/alpine/scripts/build.js:91:31)
2025-02-11T00:37:17.2056051Z
âœ˜ [ERROR] Invalid option in build() call: "watch"
2025-02-11T00:37:17.2057051Z
/home/runner/work/alpine/alpine/node_modules/esbuild/lib/main.js:254:12:
254 â”‚       throw new Error(`Invalid option ${where}: ${quote(key)}`);
â•µ             ^
2025-02-11T00:37:17.2059820Z
at checkForInvalidFlags (/home/runner/work/alpine/alpine/node_modules/esbuild/lib/main.js:254:13)
at flagsForBuildOptions (/home/runner/work/alpine/alpine/node_modules/esbuild/lib/main.js:427:3)
at buildOrContextContinue (/home/runner/work/alpine/alpine/node_modules/esbuild/lib/main.js:914:9)
at buildOrContextImpl (/home/runner/work/alpine/alpine/node_modules/esbuild/lib/main.js:898:5)
at Object.buildOrContext (/home/runner/work/alpine/alpine/node_modules/esbuild/lib/main.js:700:5)
at /home/runner/work/alpine/alpine/node_modules/esbuild/lib/main.js:2030:15
at new Promise (<anonymous>)
at Object.build (/home/runner/work/alpine/alpine/node_modules/esbuild/lib/main.js:2029:25)
at Object.build (/home/runner/work/alpine/alpine/node_modules/esbuild/lib/main.js:1880:51)
at build (/home/runner/work/alpine/alpine/scripts/build.js:91:31)
2025-02-11T00:37:17.2071614Z
âœ˜ [ERROR] Invalid option in build() call: "watch"
2025-02-11T00:37:17.2072484Z
/home/runner/work/alpine/alpine/node_modules/esbuild/lib/main.js:254:12:
254 â”‚       throw new Error(`Invalid option ${where}: ${quote(key)}`);
â•µ             ^
2025-02-11T00:37:17.2074858Z
at checkForInvalidFlags (/home/runner/work/alpine/alpine/node_modules/esbuild/lib/main.js:254:13)
at flagsForBuildOptions (/home/runner/work/alpine/alpine/node_modules/esbuild/lib/main.js:427:3)
at buildOrContextContinue (/home/runner/work/alpine/alpine/node_modules/esbuild/lib/main.js:914:9)
at buildOrContextImpl (/home/runner/work/alpine/alpine/node_modules/esbuild/lib/main.js:898:5)
at Object.buildOrContext (/home/runner/work/alpine/alpine/node_modules/esbuild/lib/main.js:700:5)
at /home/runner/work/alpine/alpine/node_modules/esbuild/lib/main.js:2030:15
at new Promise (<anonymous>)
at Object.build (/home/runner/work/alpine/alpine/node_modules/esbuild/lib/main.js:2029:25)
at Object.build (/home/runner/work/alpine/alpine/node_modules/esbuild/lib/main.js:1880:51)
at build (/home/runner/work/alpine/alpine/scripts/build.js:91:31)
2025-02-11T00:37:17.2086411Z
âœ˜ [ERROR] Invalid option in build() call: "watch"
2025-02-11T00:37:17.2087418Z
/home/runner/work/alpine/alpine/node_modules/esbuild/lib/main.js:254:12:
254 â”‚       throw new Error(`Invalid option ${where}: ${quote(key)}`);
â•µ             ^
2025-02-11T00:37:17.2090002Z
at checkForInvalidFlags (/home/runner/work/alpine/alpine/node_modules/esbuild/lib/main.js:254:13)
at flagsForBuildOptions (/home/runner/work/alpine/alpine/node_modules/esbuild/lib/main.js:427:3)
at buildOrContextContinue (/home/runner/work/alpine/alpine/node_modules/esbuild/lib/main.js:914:9)
at buildOrContextImpl (/home/runner/work/alpine/alpine/node_modules/esbuild/lib/main.js:898:5)
at Object.buildOrContext (/home/runner/work/alpine/alpine/node_modules/esbuild/lib/main.js:700:5)
at /home/runner/work/alpine/alpine/node_modules/esbuild/lib/main.js:2030:15
at new Promise (<anonymous>)
at Object.build (/home/runner/work/alpine/alpine/node_modules/esbuild/lib/main.js:2029:25)
at Object.build (/home/runner/work/alpine/alpine/node_modules/esbuild/lib/main.js:1880:51)
at build (/home/runner/work/alpine/alpine/scripts/build.js:91:31)
2025-02-11T00:37:17.2101541Z
âœ˜ [ERROR] Invalid option in build() call: "watch"
2025-02-11T00:37:17.2102370Z
/home/runner/work/alpine/alpine/node_modules/esbuild/lib/main.js:254:12:
254 â”‚       throw new Error(`Invalid option ${where}: ${quote(key)}`);
â•µ             ^
2025-02-11T00:37:17.2105308Z
at checkForInvalidFlags (/home/runner/work/alpine/alpine/node_modules/esbuild/lib/main.js:254:13)
at flagsForBuildOptions (/home/runner/work/alpine/alpine/node_modules/esbuild/lib/main.js:427:3)
at buildOrContextContinue (/home/runner/work/alpine/alpine/node_modules/esbuild/lib/main.js:914:9)
at buildOrContextImpl (/home/runner/work/alpine/alpine/node_modules/esbuild/lib/main.js:898:5)
at Object.buildOrContext (/home/runner/work/alpine/alpine/node_modules/esbuild/lib/main.js:700:5)
at /home/runner/work/alpine/alpine/node_modules/esbuild/lib/main.js:2030:15
at new Promise (<anonymous>)
at Object.build (/home/runner/work/alpine/alpine/node_modules/esbuild/lib/main.js:2029:25)
at Object.build (/home/runner/work/alpine/alpine/node_modules/esbuild/lib/main.js:1880:51)
at build (/home/runner/work/alpine/alpine/scripts/build.js:91:31)
2025-02-11T00:37:17.2116710Z
âœ˜ [ERROR] Invalid option in build() call: "watch"
2025-02-11T00:37:17.2117536Z
/home/runner/work/alpine/alpine/node_modules/esbuild/lib/main.js:254:12:
254 â”‚       throw new Error(`Invalid option ${where}: ${quote(key)}`);
â•µ             ^
2025-02-11T00:37:17.2120377Z
at checkForInvalidFlags (/home/runner/work/alpine/alpine/node_modules/esbuild/lib/main.js:254:13)
at flagsForBuildOptions (/home/runner/work/alpine/alpine/node_modules/esbuild/lib/main.js:427:3)
at buildOrContextContinue (/home/runner/work/alpine/alpine/node_modules/esbuild/lib/main.js:914:9)
at buildOrContextImpl (/home/runner/work/alpine/alpine/node_modules/esbuild/lib/main.js:898:5)
at Object.buildOrContext (/home/runner/work/alpine/alpine/node_modules/esbuild/lib/main.js:700:5)
at /home/runner/work/alpine/alpine/node_modules/esbuild/lib/main.js:2030:15
at new Promise (<anonymous>)
at Object.build (/home/runner/work/alpine/alpine/node_modules/esbuild/lib/main.js:2029:25)
at Object.build (/home/runner/work/alpine/alpine/node_modules/esbuild/lib/main.js:1880:51)
at build (/home/runner/work/alpine/alpine/scripts/build.js:91:31)
2025-02-11T00:37:17.2131685Z
âœ˜ [ERROR] Invalid option in build() call: "watch"
2025-02-11T00:37:17.2132563Z
/home/runner/work/alpine/alpine/node_modules/esbuild/lib/main.js:254:12:
254 â”‚       throw new Error(`Invalid option ${where}: ${quote(key)}`);
â•µ             ^
2025-02-11T00:37:17.2134787Z
at checkForInvalidFlags (/home/runner/work/alpine/alpine/node_modules/esbuild/lib/main.js:254:13)
at flagsForBuildOptions (/home/runner/work/alpine/alpine/node_modules/esbuild/lib/main.js:427:3)
at buildOrContextContinue (/home/runner/work/alpine/alpine/node_modules/esbuild/lib/main.js:914:9)
at buildOrContextImpl (/home/runner/work/alpine/alpine/node_modules/esbuild/lib/main.js:898:5)
at Object.buildOrContext (/home/runner/work/alpine/alpine/node_modules/esbuild/lib/main.js:700:5)
at /home/runner/work/alpine/alpine/node_modules/esbuild/lib/main.js:2030:15
at new Promise (<anonymous>)
at Object.build (/home/runner/work/alpine/alpine/node_modules/esbuild/lib/main.js:2029:25)
at Object.build (/home/runner/work/alpine/alpine/node_modules/esbuild/lib/main.js:1880:51)
at build (/home/runner/work/alpine/alpine/scripts/build.js:91:31)
2025-02-11T00:37:17.2146795Z
âœ˜ [ERROR] Invalid option in build() call: "watch"
2025-02-11T00:37:17.2147610Z
/home/runner/work/alpine/alpine/node_modules/esbuild/lib/main.js:254:12:
254 â”‚       throw new Error(`Invalid option ${where}: ${quote(key)}`);
â•µ             ^
2025-02-11T00:37:17.2150113Z
at checkForInvalidFlags (/home/runner/work/alpine/alpine/node_modules/esbuild/lib/main.js:254:13)
at flagsForBuildOptions (/home/runner/work/alpine/alpine/node_modules/esbuild/lib/main.js:427:3)
at buildOrContextContinue (/home/runner/work/alpine/alpine/node_modules/esbuild/lib/main.js:914:9)
at buildOrContextImpl (/home/runner/work/alpine/alpine/node_modules/esbuild/lib/main.js:898:5)
at Object.buildOrContext (/home/runner/work/alpine/alpine/node_modules/esbuild/lib/main.js:700:5)
at /home/runner/work/alpine/alpine/node_modules/esbuild/lib/main.js:2030:15
at new Promise (<anonymous>)
at Object.build (/home/runner/work/alpine/alpine/node_modules/esbuild/lib/main.js:2029:25)
at Object.build (/home/runner/work/alpine/alpine/node_modules/esbuild/lib/main.js:1880:51)
at build (/home/runner/work/alpine/alpine/scripts/build.js:91:31)
2025-02-11T00:37:17.2161635Z
âœ˜ [ERROR] Invalid option in build() call: "watch"
2025-02-11T00:37:17.2162461Z
/home/runner/work/alpine/alpine/node_modules/esbuild/lib/main.js:254:12:
254 â”‚       throw new Error(`Invalid option ${where}: ${quote(key)}`);
â•µ             ^
2025-02-11T00:37:17.2164910Z
at checkForInvalidFlags (/home/runner/work/alpine/alpine/node_modules/esbuild/lib/main.js:254:13)
at flagsForBuildOptions (/home/runner/work/alpine/alpine/node_modules/esbuild/lib/main.js:427:3)
at buildOrContextContinue (/home/runner/work/alpine/alpine/node_modules/esbuild/lib/main.js:914:9)
at buildOrContextImpl (/home/runner/work/alpine/alpine/node_modules/esbuild/lib/main.js:898:5)
at Object.buildOrContext (/home/runner/work/alpine/alpine/node_modules/esbuild/lib/main.js:700:5)
at /home/runner/work/alpine/alpine/node_modules/esbuild/lib/main.js:2030:15
at new Promise (<anonymous>)
at Object.build (/home/runner/work/alpine/alpine/node_modules/esbuild/lib/main.js:2029:25)
at Object.build (/home/runner/work/alpine/alpine/node_modules/esbuild/lib/main.js:1880:51)
at build (/home/runner/work/alpine/alpine/scripts/build.js:91:31)
2025-02-11T00:37:17.2176485Z
âœ˜ [ERROR] Invalid option in build() call: "watch"
2025-02-11T00:37:17.2177341Z
/home/runner/work/alpine/alpine/node_modules/esbuild/lib/main.js:254:12:
254 â”‚       throw new Error(`Invalid option ${where}: ${quote(key)}`);
â•µ             ^
2025-02-11T00:37:17.2180101Z
at checkForInvalidFlags (/home/runner/work/alpine/alpine/node_modules/esbuild/lib/main.js:254:13)
at flagsForBuildOptions (/home/runner/work/alpine/alpine/node_modules/esbuild/lib/main.js:427:3)
at buildOrContextContinue (/home/runner/work/alpine/alpine/node_modules/esbuild/lib/main.js:914:9)
at buildOrContextImpl (/home/runner/work/alpine/alpine/node_modules/esbuild/lib/main.js:898:5)
at Object.buildOrContext (/home/runner/work/alpine/alpine/node_modules/esbuild/lib/main.js:700:5)
at /home/runner/work/alpine/alpine/node_modules/esbuild/lib/main.js:2030:15
at new Promise (<anonymous>)
at Object.build (/home/runner/work/alpine/alpine/node_modules/esbuild/lib/main.js:2029:25)
at Object.build (/home/runner/work/alpine/alpine/node_modules/esbuild/lib/main.js:1880:51)
at build (/home/runner/work/alpine/alpine/scripts/build.js:91:31)
2025-02-11T00:37:17.2192021Z
âœ˜ [ERROR] Invalid option in build() call: "watch"
2025-02-11T00:37:17.2192870Z
/home/runner/work/alpine/alpine/node_modules/esbuild/lib/main.js:254:12:
254 â”‚       throw new Error(`Invalid option ${where}: ${quote(key)}`);
â•µ             ^
2025-02-11T00:37:17.2195088Z
at checkForInvalidFlags (/home/runner/work/alpine/alpine/node_modules/esbuild/lib/main.js:254:13)
at flagsForBuildOptions (/home/runner/work/alpine/alpine/node_modules/esbuild/lib/main.js:427:3)
at buildOrContextContinue (/home/runner/work/alpine/alpine/node_modules/esbuild/lib/main.js:914:9)
at buildOrContextImpl (/home/runner/work/alpine/alpine/node_modules/esbuild/lib/main.js:898:5)
at Object.buildOrContext (/home/runner/work/alpine/alpine/node_modules/esbuild/lib/main.js:700:5)
at /home/runner/work/alpine/alpine/node_modules/esbuild/lib/main.js:2030:15
at new Promise (<anonymous>)
at Object.build (/home/runner/work/alpine/alpine/node_modules/esbuild/lib/main.js:2029:25)
at Object.build (/home/runner/work/alpine/alpine/node_modules/esbuild/lib/main.js:1880:51)
at build (/home/runner/work/alpine/alpine/scripts/build.js:91:31)
2025-02-11T00:37:17.2206761Z
âœ˜ [ERROR] Invalid option in build() call: "watch"
2025-02-11T00:37:17.2207592Z
/home/runner/work/alpine/alpine/node_modules/esbuild/lib/main.js:254:12:
254 â”‚       throw new Error(`Invalid option ${where}: ${quote(key)}`);
â•µ             ^
2025-02-11T00:37:17.2210102Z
at checkForInvalidFlags (/home/runner/work/alpine/alpine/node_modules/esbuild/lib/main.js:254:13)
at flagsForBuildOptions (/home/runner/work/alpine/alpine/node_modules/esbuild/lib/main.js:427:3)
at buildOrContextContinue (/home/runner/work/alpine/alpine/node_modules/esbuild/lib/main.js:914:9)
at buildOrContextImpl (/home/runner/work/alpine/alpine/node_modules/esbuild/lib/main.js:898:5)
at Object.buildOrContext (/home/runner/work/alpine/alpine/node_modules/esbuild/lib/main.js:700:5)
at /home/runner/work/alpine/alpine/node_modules/esbuild/lib/main.js:2030:15
at new Promise (<anonymous>)
at Object.build (/home/runner/work/alpine/alpine/node_modules/esbuild/lib/main.js:2029:25)
at Object.build (/home/runner/work/alpine/alpine/node_modules/esbuild/lib/main.js:1880:51)
at build (/home/runner/work/alpine/alpine/scripts/build.js:91:31)
2025-02-11T00:37:17.2222115Z
âœ˜ [ERROR] Invalid option in build() call: "watch"
2025-02-11T00:37:17.2222929Z
/home/runner/work/alpine/alpine/node_modules/esbuild/lib/main.js:254:12:
254 â”‚       throw new Error(`Invalid option ${where}: ${quote(key)}`);
â•µ             ^
2025-02-11T00:37:17.2225414Z
at checkForInvalidFlags (/home/runner/work/alpine/alpine/node_modules/esbuild/lib/main.js:254:13)
at flagsForBuildOptions (/home/runner/work/alpine/alpine/node_modules/esbuild/lib/main.js:427:3)
at buildOrContextContinue (/home/runner/work/alpine/alpine/node_modules/esbuild/lib/main.js:914:9)
at buildOrContextImpl (/home/runner/work/alpine/alpine/node_modules/esbuild/lib/main.js:898:5)
at Object.buildOrContext (/home/runner/work/alpine/alpine/node_modules/esbuild/lib/main.js:700:5)
at /home/runner/work/alpine/alpine/node_modules/esbuild/lib/main.js:2030:15
at new Promise (<anonymous>)
at Object.build (/home/runner/work/alpine/alpine/node_modules/esbuild/lib/main.js:2029:25)
at Object.build (/home/runner/work/alpine/alpine/node_modules/esbuild/lib/main.js:1880:51)
at build (/home/runner/work/alpine/alpine/scripts/build.js:91:31)
2025-02-11T00:37:17.2236715Z
âœ˜ [ERROR] Invalid option in build() call: "watch"
2025-02-11T00:37:17.2237915Z
/home/runner/work/alpine/alpine/node_modules/esbuild/lib/main.js:254:12:
254 â”‚       throw new Error(`Invalid option ${where}: ${quote(key)}`);
â•µ             ^
2025-02-11T00:37:17.2240534Z
at checkForInvalidFlags (/home/runner/work/alpine/alpine/node_modules/esbuild/lib/main.js:254:13)
at flagsForBuildOptions (/home/runner/work/alpine/alpine/node_modules/esbuild/lib/main.js:427:3)
at buildOrContextContinue (/home/runner/work/alpine/alpine/node_modules/esbuild/lib/main.js:914:9)
at buildOrContextImpl (/home/runner/work/alpine/alpine/node_modules/esbuild/lib/main.js:898:5)
at Object.buildOrContext (/home/runner/work/alpine/alpine/node_modules/esbuild/lib/main.js:700:5)
at /home/runner/work/alpine/alpine/node_modules/esbuild/lib/main.js:2030:15
at new Promise (<anonymous>)
at Object.build (/home/runner/work/alpine/alpine/node_modules/esbuild/lib/main.js:2029:25)
at Object.build (/home/runner/work/alpine/alpine/node_modules/esbuild/lib/main.js:1880:51)
at build (/home/runner/work/alpine/alpine/scripts/build.js:91:31)
2025-02-11T00:37:17.2251863Z
âœ˜ [ERROR] Invalid option in build() call: "watch"
2025-02-11T00:37:17.2252788Z
/home/runner/work/alpine/alpine/node_modules/esbuild/lib/main.js:254:12:
254 â”‚       throw new Error(`Invalid option ${where}: ${quote(key)}`);
â•µ             ^
2025-02-11T00:37:17.2255018Z
at checkForInvalidFlags (/home/runner/work/alpine/alpine/node_modules/esbuild/lib/main.js:254:13)
at flagsForBuildOptions (/home/runner/work/alpine/alpine/node_modules/esbuild/lib/main.js:427:3)
at buildOrContextContinue (/home/runner/work/alpine/alpine/node_modules/esbuild/lib/main.js:914:9)
at buildOrContextImpl (/home/runner/work/alpine/alpine/node_modules/esbuild/lib/main.js:898:5)
at Object.buildOrContext (/home/runner/work/alpine/alpine/node_modules/esbuild/lib/main.js:700:5)
at /home/runner/work/alpine/alpine/node_modules/esbuild/lib/main.js:2030:15
at new Promise (<anonymous>)
at Object.build (/home/runner/work/alpine/alpine/node_modules/esbuild/lib/main.js:2029:25)
at Object.build (/home/runner/work/alpine/alpine/node_modules/esbuild/lib/main.js:1880:51)
at build (/home/runner/work/alpine/alpine/scripts/build.js:91:31)
2025-02-11T00:37:17.2266931Z
âœ˜ [ERROR] Invalid option in build() call: "watch"
2025-02-11T00:37:17.2267843Z
/home/runner/work/alpine/alpine/node_modules/esbuild/lib/main.js:254:12:
254 â”‚       throw new Error(`Invalid option ${where}: ${quote(key)}`);
â•µ             ^
2025-02-11T00:37:17.2270523Z
at checkForInvalidFlags (/home/runner/work/alpine/alpine/node_modules/esbuild/lib/main.js:254:13)
at flagsForBuildOptions (/home/runner/work/alpine/alpine/node_modules/esbuild/lib/main.js:427:3)
at buildOrContextContinue (/home/runner/work/alpine/alpine/node_modules/esbuild/lib/main.js:914:9)
at buildOrContextImpl (/home/runner/work/alpine/alpine/node_modules/esbuild/lib/main.js:898:5)
at Object.buildOrContext (/home/runner/work/alpine/alpine/node_modules/esbuild/lib/main.js:700:5)
at /home/runner/work/alpine/alpine/node_modules/esbuild/lib/main.js:2030:15
at new Promise (<anonymous>)
at Object.build (/home/runner/work/alpine/alpine/node_modules/esbuild/lib/main.js:2029:25)
at Object.build (/home/runner/work/alpine/alpine/node_modules/esbuild/lib/main.js:1880:51)
at build (/home/runner/work/alpine/alpine/scripts/build.js:91:31)
2025-02-11T00:37:17.2282039Z
âœ˜ [ERROR] Invalid option in build() call: "watch"
2025-02-11T00:37:17.2282957Z
/home/runner/work/alpine/alpine/node_modules/esbuild/lib/main.js:254:12:
254 â”‚       throw new Error(`Invalid option ${where}: ${quote(key)}`);
â•µ             ^
2025-02-11T00:37:17.2285508Z
at checkForInvalidFlags (/home/runner/work/alpine/alpine/node_modules/esbuild/lib/main.js:254:13)
at flagsForBuildOptions (/home/runner/work/alpine/alpine/node_modules/esbuild/lib/main.js:427:3)
at buildOrContextContinue (/home/runner/work/alpine/alpine/node_modules/esbuild/lib/main.js:914:9)
at buildOrContextImpl (/home/runner/work/alpine/alpine/node_modules/esbuild/lib/main.js:898:5)
at Object.buildOrContext (/home/runner/work/alpine/alpine/node_modules/esbuild/lib/main.js:700:5)
at /home/runner/work/alpine/alpine/node_modules/esbuild/lib/main.js:2030:15
at new Promise (<anonymous>)
at Object.build (/home/runner/work/alpine/alpine/node_modules/esbuild/lib/main.js:2029:25)
at Object.build (/home/runner/work/alpine/alpine/node_modules/esbuild/lib/main.js:1880:51)
at build (/home/runner/work/alpine/alpine/scripts/build.js:91:31)
2025-02-11T00:37:17.2297805Z
âœ˜ [ERROR] Invalid option in build() call: "watch"
2025-02-11T00:37:17.2298732Z
/home/runner/work/alpine/alpine/node_modules/esbuild/lib/main.js:254:12:
254 â”‚       throw new Error(`Invalid option ${where}: ${quote(key)}`);
â•µ             ^
2025-02-11T00:37:17.2301544Z
at checkForInvalidFlags (/home/runner/work/alpine/alpine/node_modules/esbuild/lib/main.js:254:13)
at flagsForBuildOptions (/home/runner/work/alpine/alpine/node_modules/esbuild/lib/main.js:427:3)
at buildOrContextContinue (/home/runner/work/alpine/alpine/node_modules/esbuild/lib/main.js:914:9)
at buildOrContextImpl (/home/runner/work/alpine/alpine/node_modules/esbuild/lib/main.js:898:5)
at Object.buildOrContext (/home/runner/work/alpine/alpine/node_modules/esbuild/lib/main.js:700:5)
at /home/runner/work/alpine/alpine/node_modules/esbuild/lib/main.js:2030:15
at new Promise (<anonymous>)
at Object.build (/home/runner/work/alpine/alpine/node_modules/esbuild/lib/main.js:2029:25)
at Object.build (/home/runner/work/alpine/alpine/node_modules/esbuild/lib/main.js:1880:51)
at build (/home/runner/work/alpine/alpine/scripts/build.js:91:31)
2025-02-11T00:37:17.2311851Z
âœ˜ [ERROR] Invalid option in build() call: "watch"
2025-02-11T00:37:17.2312671Z
/home/runner/work/alpine/alpine/node_modules/esbuild/lib/main.js:254:12:
254 â”‚       throw new Error(`Invalid option ${where}: ${quote(key)}`);
â•µ             ^
2025-02-11T00:37:17.2314734Z
at checkForInvalidFlags (/home/runner/work/alpine/alpine/node_modules/esbuild/lib/main.js:254:13)
at flagsForBuildOptions (/home/runner/work/alpine/alpine/node_modules/esbuild/lib/main.js:427:3)
at buildOrContextContinue (/home/runner/work/alpine/alpine/node_modules/esbuild/lib/main.js:914:9)
at buildOrContextImpl (/home/runner/work/alpine/alpine/node_modules/esbuild/lib/main.js:898:5)
at Object.buildOrContext (/home/runner/work/alpine/alpine/node_modules/esbuild/lib/main.js:700:5)
at /home/runner/work/alpine/alpine/node_modules/esbuild/lib/main.js:2030:15
at new Promise (<anonymous>)
at Object.build (/home/runner/work/alpine/alpine/node_modules/esbuild/lib/main.js:2029:25)
at Object.build (/home/runner/work/alpine/alpine/node_modules/esbuild/lib/main.js:1880:51)
at build (/home/runner/work/alpine/alpine/scripts/build.js:91:31)
2025-02-11T00:37:17.2321766Z
âœ˜ [ERROR] Invalid option in build() call: "watch"
2025-02-11T00:37:17.2322260Z
/home/runner/work/alpine/alpine/node_modules/esbuild/lib/main.js:254:12:
254 â”‚       throw new Error(`Invalid option ${where}: ${quote(key)}`);
â•µ             ^
2025-02-11T00:37:17.2323569Z
at checkForInvalidFlags (/home/runner/work/alpine/alpine/node_modules/esbuild/lib/main.js:254:13)
at flagsForBuildOptions (/home/runner/work/alpine/alpine/node_modules/esbuild/lib/main.js:427:3)
at buildOrContextContinue (/home/runner/work/alpine/alpine/node_modules/esbuild/lib/main.js:914:9)
at buildOrContextImpl (/home/runner/work/alpine/alpine/node_modules/esbuild/lib/main.js:898:5)
at Object.buildOrContext (/home/runner/work/alpine/alpine/node_modules/esbuild/lib/main.js:700:5)
at /home/runner/work/alpine/alpine/node_modules/esbuild/lib/main.js:2030:15
at new Promise (<anonymous>)
at Object.build (/home/runner/work/alpine/alpine/node_modules/esbuild/lib/main.js:2029:25)
at Object.build (/home/runner/work/alpine/alpine/node_modules/esbuild/lib/main.js:1880:51)
at build (/home/runner/work/alpine/alpine/scripts/build.js:91:31)
2025-02-11T00:37:17.2330313Z
âœ˜ [ERROR] Invalid option in build() call: "watch"
2025-02-11T00:37:17.2330784Z
/home/runner/work/alpine/alpine/node_modules/esbuild/lib/main.js:254:12:
254 â”‚       throw new Error(`Invalid option ${where}: ${quote(key)}`);
â•µ             ^
2025-02-11T00:37:17.2332087Z
at checkForInvalidFlags (/home/runner/work/alpine/alpine/node_modules/esbuild/lib/main.js:254:13)
at flagsForBuildOptions (/home/runner/work/alpine/alpine/node_modules/esbuild/lib/main.js:427:3)
at buildOrContextContinue (/home/runner/work/alpine/alpine/node_modules/esbuild/lib/main.js:914:9)
at buildOrContextImpl (/home/runner/work/alpine/alpine/node_modules/esbuild/lib/main.js:898:5)
at Object.buildOrContext (/home/runner/work/alpine/alpine/node_modules/esbuild/lib/main.js:700:5)
at /home/runner/work/alpine/alpine/node_modules/esbuild/lib/main.js:2030:15
at new Promise (<anonymous>)
at Object.build (/home/runner/work/alpine/alpine/node_modules/esbuild/lib/main.js:2029:25)
at Object.build (/home/runner/work/alpine/alpine/node_modules/esbuild/lib/main.js:1880:51)
at build (/home/runner/work/alpine/alpine/scripts/build.js:91:31)
2025-02-11T00:37:17.2338341Z
âœ˜ [ERROR] Invalid option in build() call: "watch"
2025-02-11T00:37:17.2338783Z
/home/runner/work/alpine/alpine/node_modules/esbuild/lib/main.js:254:12:
254 â”‚       throw new Error(`Invalid option ${where}: ${quote(key)}`);
â•µ             ^
2025-02-11T00:37:17.2340296Z
at checkForInvalidFlags (/home/runner/work/alpine/alpine/node_modules/esbuild/lib/main.js:254:13)
at flagsForBuildOptions (/home/runner/work/alpine/alpine/node_modules/esbuild/lib/main.js:427:3)
at buildOrContextContinue (/home/runner/work/alpine/alpine/node_modules/esbuild/lib/main.js:914:9)
at buildOrContextImpl (/home/runner/work/alpine/alpine/node_modules/esbuild/lib/main.js:898:5)
at Object.buildOrContext (/home/runner/work/alpine/alpine/node_modules/esbuild/lib/main.js:700:5)
at /home/runner/work/alpine/alpine/node_modules/esbuild/lib/main.js:2030:15
at new Promise (<anonymous>)
at Object.build (/home/runner/work/alpine/alpine/node_modules/esbuild/lib/main.js:2029:25)
at Object.build (/home/runner/work/alpine/alpine/node_modules/esbuild/lib/main.js:1880:51)
at build (/home/runner/work/alpine/alpine/scripts/build.js:91:31)
2025-02-11T00:37:17.2347982Z
âœ˜ [ERROR] Invalid option in build() call: "watch"
2025-02-11T00:37:17.2349409Z
/home/runner/work/alpine/alpine/node_modules/esbuild/lib/main.js:254:12:
254 â”‚       throw new Error(`Invalid option ${where}: ${quote(key)}`);
â•µ             ^
2025-02-11T00:37:17.2351863Z
at checkForInvalidFlags (/home/runner/work/alpine/alpine/node_modules/esbuild/lib/main.js:254:13)
at flagsForBuildOptions (/home/runner/work/alpine/alpine/node_modules/esbuild/lib/main.js:427:3)
at buildOrContextContinue (/home/runner/work/alpine/alpine/node_modules/esbuild/lib/main.js:914:9)
at buildOrContextImpl (/home/runner/work/alpine/alpine/node_modules/esbuild/lib/main.js:898:5)
at Object.buildOrContext (/home/runner/work/alpine/alpine/node_modules/esbuild/lib/main.js:700:5)
at /home/runner/work/alpine/alpine/node_modules/esbuild/lib/main.js:2030:15
at new Promise (<anonymous>)
at Object.build (/home/runner/work/alpine/alpine/node_modules/esbuild/lib/main.js:2029:25)
at Object.build (/home/runner/work/alpine/alpine/node_modules/esbuild/lib/main.js:1880:51)
at build (/home/runner/work/alpine/alpine/scripts/build.js:91:31)
2025-02-11T00:37:17.2363721Z
âœ˜ [ERROR] Invalid option in build() call: "watch"
2025-02-11T00:37:17.2364341Z
/home/runner/work/alpine/alpine/node_modules/esbuild/lib/main.js:254:12:
254 â”‚       throw new Error(`Invalid option ${where}: ${quote(key)}`);
â•µ             ^
2025-02-11T00:37:17.2366241Z
at checkForInvalidFlags (/home/runner/work/alpine/alpine/node_modules/esbuild/lib/main.js:254:13)
at flagsForBuildOptions (/home/runner/work/alpine/alpine/node_modules/esbuild/lib/main.js:427:3)
at buildOrContextContinue (/home/runner/work/alpine/alpine/node_modules/esbuild/lib/main.js:914:9)
at buildOrContextImpl (/home/runner/work/alpine/alpine/node_modules/esbuild/lib/main.js:898:5)
at Object.buildOrContext (/home/runner/work/alpine/alpine/node_modules/esbuild/lib/main.js:700:5)
at /home/runner/work/alpine/alpine/node_modules/esbuild/lib/main.js:2030:15
at new Promise (<anonymous>)
at Object.build (/home/runner/work/alpine/alpine/node_modules/esbuild/lib/main.js:2029:25)
at Object.build (/home/runner/work/alpine/alpine/node_modules/esbuild/lib/main.js:1880:51)
at build (/home/runner/work/alpine/alpine/scripts/build.js:91:31)
2025-02-11T00:37:17.2377910Z
âœ˜ [ERROR] Invalid option in build() call: "watch"
2025-02-11T00:37:17.2378824Z
/home/runner/work/alpine/alpine/node_modules/esbuild/lib/main.js:254:12:
254 â”‚       throw new Error(`Invalid option ${where}: ${quote(key)}`);
â•µ             ^
2025-02-11T00:37:17.2381540Z
at checkForInvalidFlags (/home/runner/work/alpine/alpine/node_modules/esbuild/lib/main.js:254:13)
at flagsForBuildOptions (/home/runner/work/alpine/alpine/node_modules/esbuild/lib/main.js:427:3)
at buildOrContextContinue (/home/runner/work/alpine/alpine/node_modules/esbuild/lib/main.js:914:9)
at buildOrContextImpl (/home/runner/work/alpine/alpine/node_modules/esbuild/lib/main.js:898:5)
at Object.buildOrContext (/home/runner/work/alpine/alpine/node_modules/esbuild/lib/main.js:700:5)
at /home/runner/work/alpine/alpine/node_modules/esbuild/lib/main.js:2030:15
at new Promise (<anonymous>)
at Object.build (/home/runner/work/alpine/alpine/node_modules/esbuild/lib/main.js:2029:25)
at Object.build (/home/runner/work/alpine/alpine/node_modules/esbuild/lib/main.js:1880:51)
at build (/home/runner/work/alpine/alpine/scripts/build.js:91:31)
2025-02-11T00:37:17.2393881Z
âœ˜ [ERROR] Invalid option in build() call: "watch"
2025-02-11T00:37:17.2394816Z
/home/runner/work/alpine/alpine/node_modules/esbuild/lib/main.js:254:12:
254 â”‚       throw new Error(`Invalid option ${where}: ${quote(key)}`);
â•µ             ^
2025-02-11T00:37:17.2397355Z
at checkForInvalidFlags (/home/runner/work/alpine/alpine/node_modules/esbuild/lib/main.js:254:13)
at flagsForBuildOptions (/home/runner/work/alpine/alpine/node_modules/esbuild/lib/main.js:427:3)
at buildOrContextContinue (/home/runner/work/alpine/alpine/node_modules/esbuild/lib/main.js:914:9)
at buildOrContextImpl (/home/runner/work/alpine/alpine/node_modules/esbuild/lib/main.js:898:5)
at Object.buildOrContext (/home/runner/work/alpine/alpine/node_modules/esbuild/lib/main.js:700:5)
at /home/runner/work/alpine/alpine/node_modules/esbuild/lib/main.js:2030:15
at new Promise (<anonymous>)
at Object.build (/home/runner/work/alpine/alpine/node_modules/esbuild/lib/main.js:2029:25)
at Object.build (/home/runner/work/alpine/alpine/node_modules/esbuild/lib/main.js:1880:51)
at build (/home/runner/work/alpine/alpine/scripts/build.js:91:31)
2025-02-11T00:37:17.2407680Z
âœ˜ [ERROR] Invalid option in build() call: "watch"
2025-02-11T00:37:17.2408464Z
/home/runner/work/alpine/alpine/node_modules/esbuild/lib/main.js:254:12:
254 â”‚       throw new Error(`Invalid option ${where}: ${quote(key)}`);
â•µ             ^
2025-02-11T00:37:17.2410768Z
at checkForInvalidFlags (/home/runner/work/alpine/alpine/node_modules/esbuild/lib/main.js:254:13)
at flagsForBuildOptions (/home/runner/work/alpine/alpine/node_modules/esbuild/lib/main.js:427:3)
at buildOrContextContinue (/home/runner/work/alpine/alpine/node_modules/esbuild/lib/main.js:914:9)
at buildOrContextImpl (/home/runner/work/alpine/alpine/node_modules/esbuild/lib/main.js:898:5)
at Object.buildOrContext (/home/runner/work/alpine/alpine/node_modules/esbuild/lib/main.js:700:5)
at /home/runner/work/alpine/alpine/node_modules/esbuild/lib/main.js:2030:15
at new Promise (<anonymous>)
at Object.build (/home/runner/work/alpine/alpine/node_modules/esbuild/lib/main.js:2029:25)
at Object.build (/home/runner/work/alpine/alpine/node_modules/esbuild/lib/main.js:1880:51)
at build (/home/runner/work/alpine/alpine/scripts/build.js:91:31)
2025-02-11T00:37:17.2417538Z
âœ˜ [ERROR] Invalid option in build() call: "watch"
2025-02-11T00:37:17.2418229Z
/home/runner/work/alpine/alpine/node_modules/esbuild/lib/main.js:254:12:
254 â”‚       throw new Error(`Invalid option ${where}: ${quote(key)}`);
â•µ             ^
2025-02-11T00:37:17.2419939Z
at checkForInvalidFlags (/home/runner/work/alpine/alpine/node_modules/esbuild/lib/main.js:254:13)
at flagsForBuildOptions (/home/runner/work/alpine/alpine/node_modules/esbuild/lib/main.js:427:3)
at buildOrContextContinue (/home/runner/work/alpine/alpine/node_modules/esbuild/lib/main.js:914:9)
at buildOrContextImpl (/home/runner/work/alpine/alpine/node_modules/esbuild/lib/main.js:898:5)
at Object.buildOrContext (/home/runner/work/alpine/alpine/node_modules/esbuild/lib/main.js:700:5)
at /home/runner/work/alpine/alpine/node_modules/esbuild/lib/main.js:2030:15
at new Promise (<anonymous>)
at Object.build (/home/runner/work/alpine/alpine/node_modules/esbuild/lib/main.js:2029:25)
at Object.build (/home/runner/work/alpine/alpine/node_modules/esbuild/lib/main.js:1880:51)
at build (/home/runner/work/alpine/alpine/scripts/build.js:91:31)
2025-02-11T00:37:17.2426142Z
âœ˜ [ERROR] Invalid option in build() call: "watch"
2025-02-11T00:37:17.2426595Z
/home/runner/work/alpine/alpine/node_modules/esbuild/lib/main.js:254:12:
254 â”‚       throw new Error(`Invalid option ${where}: ${quote(key)}`);
â•µ             ^
2025-02-11T00:37:17.2427919Z
at checkForInvalidFlags (/home/runner/work/alpine/alpine/node_modules/esbuild/lib/main.js:254:13)
at flagsForBuildOptions (/home/runner/work/alpine/alpine/node_modules/esbuild/lib/main.js:427:3)
at buildOrContextContinue (/home/runner/work/alpine/alpine/node_modules/esbuild/lib/main.js:914:9)
at buildOrContextImpl (/home/runner/work/alpine/alpine/node_modules/esbuild/lib/main.js:898:5)
at Object.buildOrContext (/home/runner/work/alpine/alpine/node_modules/esbuild/lib/main.js:700:5)
at /home/runner/work/alpine/alpine/node_modules/esbuild/lib/main.js:2030:15
at new Promise (<anonymous>)
at Object.build (/home/runner/work/alpine/alpine/node_modules/esbuild/lib/main.js:2029:25)
at Object.build (/home/runner/work/alpine/alpine/node_modules/esbuild/lib/main.js:1880:51)
at build (/home/runner/work/alpine/alpine/scripts/build.js:91:31)
2025-02-11T00:37:17.2434442Z
âœ˜ [ERROR] Invalid option in build() call: "watch"
2025-02-11T00:37:17.2434897Z
/home/runner/work/alpine/alpine/node_modules/esbuild/lib/main.js:254:12:
254 â”‚       throw new Error(`Invalid option ${where}: ${quote(key)}`);
â•µ             ^
2025-02-11T00:37:17.2436193Z
at checkForInvalidFlags (/home/runner/work/alpine/alpine/node_modules/esbuild/lib/main.js:254:13)
at flagsForBuildOptions (/home/runner/work/alpine/alpine/node_modules/esbuild/lib/main.js:427:3)
at buildOrContextContinue (/home/runner/work/alpine/alpine/node_modules/esbuild/lib/main.js:914:9)
at buildOrContextImpl (/home/runner/work/alpine/alpine/node_modules/esbuild/lib/main.js:898:5)
at Object.buildOrContext (/home/runner/work/alpine/alpine/node_modules/esbuild/lib/main.js:700:5)
at /home/runner/work/alpine/alpine/node_modules/esbuild/lib/main.js:2030:15
at new Promise (<anonymous>)
at Object.build (/home/runner/work/alpine/alpine/node_modules/esbuild/lib/main.js:2029:25)
at Object.build (/home/runner/work/alpine/alpine/node_modules/esbuild/lib/main.js:1880:51)
at build (/home/runner/work/alpine/alpine/scripts/build.js:91:31)
2025-02-11T00:37:17.2442975Z
âœ˜ [ERROR] Invalid option in build() call: "watch"
2025-02-11T00:37:17.2443437Z
/home/runner/work/alpine/alpine/node_modules/esbuild/lib/main.js:254:12:
254 â”‚       throw new Error(`Invalid option ${where}: ${quote(key)}`);
â•µ             ^
2025-02-11T00:37:17.2444738Z
at checkForInvalidFlags (/home/runner/work/alpine/alpine/node_modules/esbuild/lib/main.js:254:13)
at flagsForBuildOptions (/home/runner/work/alpine/alpine/node_modules/esbuild/lib/main.js:427:3)
at buildOrContextContinue (/home/runner/work/alpine/alpine/node_modules/esbuild/lib/main.js:914:9)
at buildOrContextImpl (/home/runner/work/alpine/alpine/node_modules/esbuild/lib/main.js:898:5)
at Object.buildOrContext (/home/runner/work/alpine/alpine/node_modules/esbuild/lib/main.js:700:5)
at /home/runner/work/alpine/alpine/node_modules/esbuild/lib/main.js:2030:15
at new Promise (<anonymous>)
at Object.build (/home/runner/work/alpine/alpine/node_modules/esbuild/lib/main.js:2029:25)
at Object.build (/home/runner/work/alpine/alpine/node_modules/esbuild/lib/main.js:1880:51)
at build (/home/runner/work/alpine/alpine/scripts/build.js:91:31)
2025-02-11T00:37:17.2451199Z
âœ˜ [ERROR] Invalid option in build() call: "watch"
2025-02-11T00:37:17.2451659Z
/home/runner/work/alpine/alpine/node_modules/esbuild/lib/main.js:254:12:
254 â”‚       throw new Error(`Invalid option ${where}: ${quote(key)}`);
â•µ             ^
2025-02-11T00:37:17.2453267Z
at checkForInvalidFlags (/home/runner/work/alpine/alpine/node_modules/esbuild/lib/main.js:254:13)
at flagsForBuildOptions (/home/runner/work/alpine/alpine/node_modules/esbuild/lib/main.js:427:3)
at buildOrContextContinue (/home/runner/work/alpine/alpine/node_modules/esbuild/lib/main.js:914:9)
at buildOrContextImpl (/home/runner/work/alpine/alpine/node_modules/esbuild/lib/main.js:898:5)
at Object.buildOrContext (/home/runner/work/alpine/alpine/node_modules/esbuild/lib/main.js:700:5)
at /home/runner/work/alpine/alpine/node_modules/esbuild/lib/main.js:2030:15
at new Promise (<anonymous>)
at Object.build (/home/runner/work/alpine/alpine/node_modules/esbuild/lib/main.js:2029:25)
at Object.build (/home/runner/work/alpine/alpine/node_modules/esbuild/lib/main.js:1880:51)
at build (/home/runner/work/alpine/alpine/scripts/build.js:91:31)
2025-02-11T00:37:17.2462371Z
âœ˜ [ERROR] Invalid option in build() call: "watch"
2025-02-11T00:37:17.2462890Z
/home/runner/work/alpine/alpine/node_modules/esbuild/lib/main.js:254:12:
254 â”‚       throw new Error(`Invalid option ${where}: ${quote(key)}`);
â•µ             ^
2025-02-11T00:37:17.2464402Z
at checkForInvalidFlags (/home/runner/work/alpine/alpine/node_modules/esbuild/lib/main.js:254:13)
at flagsForBuildOptions (/home/runner/work/alpine/alpine/node_modules/esbuild/lib/main.js:427:3)
at buildOrContextContinue (/home/runner/work/alpine/alpine/node_modules/esbuild/lib/main.js:914:9)
at buildOrContextImpl (/home/runner/work/alpine/alpine/node_modules/esbuild/lib/main.js:898:5)
at Object.buildOrContext (/home/runner/work/alpine/alpine/node_modules/esbuild/lib/main.js:700:5)
at /home/runner/work/alpine/alpine/node_modules/esbuild/lib/main.js:2030:15
at new Promise (<anonymous>)
at Object.build (/home/runner/work/alpine/alpine/node_modules/esbuild/lib/main.js:2029:25)
at Object.build (/home/runner/work/alpine/alpine/node_modules/esbuild/lib/main.js:1880:51)
at build (/home/runner/work/alpine/alpine/scripts/build.js:91:31)
2025-02-11T00:37:17.2471232Z
âœ˜ [ERROR] Invalid option in build() call: "watch"
2025-02-11T00:37:17.2471826Z
/home/runner/work/alpine/alpine/node_modules/esbuild/lib/main.js:254:12:
254 â”‚       throw new Error(`Invalid option ${where}: ${quote(key)}`);
â•µ             ^
2025-02-11T00:37:17.2473107Z
at checkForInvalidFlags (/home/runner/work/alpine/alpine/node_modules/esbuild/lib/main.js:254:13)
at flagsForBuildOptions (/home/runner/work/alpine/alpine/node_modules/esbuild/lib/main.js:427:3)
at buildOrContextContinue (/home/runner/work/alpine/alpine/node_modules/esbuild/lib/main.js:914:9)
at buildOrContextImpl (/home/runner/work/alpine/alpine/node_modules/esbuild/lib/main.js:898:5)
at Object.buildOrContext (/home/runner/work/alpine/alpine/node_modules/esbuild/lib/main.js:700:5)
at /home/runner/work/alpine/alpine/node_modules/esbuild/lib/main.js:2030:15
at new Promise (<anonymous>)
at Object.build (/home/runner/work/alpine/alpine/node_modules/esbuild/lib/main.js:2029:25)
at Object.build (/home/runner/work/alpine/alpine/node_modules/esbuild/lib/main.js:1880:51)
at build (/home/runner/work/alpine/alpine/scripts/build.js:91:31)
2025-02-11T00:37:17.2479520Z
âœ˜ [ERROR] Invalid option in build() call: "watch"
2025-02-11T00:37:17.2479973Z
/home/runner/work/alpine/alpine/node_modules/esbuild/lib/main.js:254:12:
254 â”‚       throw new Error(`Invalid option ${where}: ${quote(key)}`);
â•µ             ^
2025-02-11T00:37:17.2481250Z
at checkForInvalidFlags (/home/runner/work/alpine/alpine/node_modules/esbuild/lib/main.js:254:13)
at flagsForBuildOptions (/home/runner/work/alpine/alpine/node_modules/esbuild/lib/main.js:427:3)
at buildOrContextContinue (/home/runner/work/alpine/alpine/node_modules/esbuild/lib/main.js:914:9)
at buildOrContextImpl (/home/runner/work/alpine/alpine/node_modules/esbuild/lib/main.js:898:5)
at Object.buildOrContext (/home/runner/work/alpine/alpine/node_modules/esbuild/lib/main.js:700:5)
at /home/runner/work/alpine/alpine/node_modules/esbuild/lib/main.js:2030:15
at new Promise (<anonymous>)
at Object.build (/home/runner/work/alpine/alpine/node_modules/esbuild/lib/main.js:2029:25)
at Object.build (/home/runner/work/alpine/alpine/node_modules/esbuild/lib/main.js:1880:51)
at build (/home/runner/work/alpine/alpine/scripts/build.js:91:31)
2025-02-11T00:37:17.2487709Z
âœ˜ [ERROR] Invalid option in build() call: "watch"
2025-02-11T00:37:17.2488157Z
/home/runner/work/alpine/alpine/node_modules/esbuild/lib/main.js:254:12:
254 â”‚       throw new Error(`Invalid option ${where}: ${quote(key)}`);
â•µ             ^
2025-02-11T00:37:17.2489701Z
at checkForInvalidFlags (/home/runner/work/alpine/alpine/node_modules/esbuild/lib/main.js:254:13)
at flagsForBuildOptions (/home/runner/work/alpine/alpine/node_modules/esbuild/lib/main.js:427:3)
at buildOrContextContinue (/home/runner/work/alpine/alpine/node_modules/esbuild/lib/main.js:914:9)
at buildOrContextImpl (/home/runner/work/alpine/alpine/node_modules/esbuild/lib/main.js:898:5)
at Object.buildOrContext (/home/runner/work/alpine/alpine/node_modules/esbuild/lib/main.js:700:5)
at /home/runner/work/alpine/alpine/node_modules/esbuild/lib/main.js:2030:15
at new Promise (<anonymous>)
at Object.build (/home/runner/work/alpine/alpine/node_modules/esbuild/lib/main.js:2029:25)
at Object.build (/home/runner/work/alpine/alpine/node_modules/esbuild/lib/main.js:1880:51)
at build (/home/runner/work/alpine/alpine/scripts/build.js:91:31)
2025-02-11T00:37:17.2496003Z
âœ˜ [ERROR] Invalid option in build() call: "watch"
2025-02-11T00:37:17.2496449Z
/home/runner/work/alpine/alpine/node_modules/esbuild/lib/main.js:254:12:
254 â”‚       throw new Error(`Invalid option ${where}: ${quote(key)}`);
â•µ             ^
2025-02-11T00:37:17.2497733Z
at checkForInvalidFlags (/home/runner/work/alpine/alpine/node_modules/esbuild/lib/main.js:254:13)
at flagsForBuildOptions (/home/runner/work/alpine/alpine/node_modules/esbuild/lib/main.js:427:3)
at buildOrContextContinue (/home/runner/work/alpine/alpine/node_modules/esbuild/lib/main.js:914:9)
at buildOrContextImpl (/home/runner/work/alpine/alpine/node_modules/esbuild/lib/main.js:898:5)
at Object.buildOrContext (/home/runner/work/alpine/alpine/node_modules/esbuild/lib/main.js:700:5)
at /home/runner/work/alpine/alpine/node_modules/esbuild/lib/main.js:2030:15
at new Promise (<anonymous>)
at Object.build (/home/runner/work/alpine/alpine/node_modules/esbuild/lib/main.js:2029:25)
at Object.build (/home/runner/work/alpine/alpine/node_modules/esbuild/lib/main.js:1880:51)
at build (/home/runner/work/alpine/alpine/scripts/build.js:91:31)
2025-02-11T00:37:17.2504078Z
##[error]Process completed with exit code 1.
