##[group]Run cd packages/markitdown; hatch test
[36;1mcd packages/markitdown; hatch test[0m
shell: /usr/bin/bash -e {<:NUM:>}
env:
pythonLocation: /opt/hostedtoolcache/Python/<:NUM:>.<:NUM:>.<:NUM:>/x64
PKG CONFIG PATH: /opt/hostedtoolcache/Python/<:NUM:>.<:NUM:>.<:NUM:>/x64/lib/pkgconfig
Python ROOT DIR: /opt/hostedtoolcache/Python/<:NUM:>.<:NUM:>.<:NUM:>/x64
<:*:> ROOT DIR: /opt/hostedtoolcache/Python/<:NUM:>.<:NUM:>.<:NUM:>/x64
<:*:> ROOT DIR: /opt/hostedtoolcache/Python/<:NUM:>.<:NUM:>.<:NUM:>/x64
LD_LIBRARY_PATH: /opt/hostedtoolcache/Python/3.12.9/x64/lib:/opt/hostedtoolcache/Python/3.11.11/x64/lib:/opt/hostedtoolcache/Python/3.10.16/x64/lib
##[endgroup]
Creating environment: hatch-test.py3.12
Installing project in development mode
Checking dependencies
Syncing dependencies
============================= test session starts ==============================
platform linux -- Python 3.12.3, pytest-8.3.5, pluggy-1.5.0
rootdir: /home/runner/work/markitdown/markitdown/packages/markitdown
configfile: pyproject.toml
plugins: rerunfailures-14.0, anyio-4.9.0, xdist-3.6.1, mock-3.14.0
collected 172 items
2025-04-13T16:12:28.4520599Z
tests/test_cli_misc.py ..                                                [  1%]
tests/test_cli_vectors.py ......F...........F...........F.....ssssssssss [ 27%]
ss..                                                                     [ 30%]
tests/test_module_misc.py ......ss.ss                                    [ 36%]
tests/test_module_vectors.py ........................F..............F... [ 61%]
...........F.....sssssssssssssss.........F..............F.........       [100%]
2025-04-13T16:13:20.3129867Z
=================================== FAILURES ===================================
_____________________ test_output_to_stdout[test_vector6] ______________________
2025-04-13T16:13:20.3131494Z
shared_tmp_dir = PosixPath('/tmp/pytest-of-runner/pytest-0/pytest_tmp0')
test_vector = FileTestVector(filename='test_mskanji.csv', mimetype='text/csv', charset='cp932', url=None, must_include=['åå‰,å¹´é½¢,ä½æ‰€', 'ä½è—¤å¤ªéƒ,30,æ±äº¬', 'ä¸‰æœ¨è‹±å­,25,å¤§é˜ª', 'é«™æ©‹æ·³,35,åå¤å±‹'], must_not_include=[])
2025-04-13T16:13:20.3134843Z
@pytest.mark.parametrize("test_vector", CLI_TEST_VECTORS)
def test_output_to_stdout(shared_tmp_dir, test_vector) -> None:
"""Test that the CLI outputs to stdout correctly."""
2025-04-13T16:13:20.3137153Z
result = subprocess.run(
[
"python",
"-m",
"markitdown",
os.path.join(TEST_FILES_DIR, test_vector.filename),
],
capture_output=True,
text=True,
)
2025-04-13T16:13:20.3141699Z
assert result.returncode == 0, f"CLI exited with error: {result.stderr}"
for test_string in test_vector.must_include:
>           assert test_string in result.stdout
E           assert 'åå‰,å¹´é½¢,ä½æ‰€' in '| åå‰ | å¹´é½¢ | ä½æ‰€ |\n| --- | --- | --- |\n| ä½è—¤å¤ªéƒ | 30 | æ±äº¬ |\n| ä¸‰æœ¨è‹±å­ | 25 | å¤§é˜ª |\n| é«™æ©‹æ·³ | 35 | åå¤å±‹ |\n'
E            +  where '| åå‰ | å¹´é½¢ | ä½æ‰€ |\n| --- | --- | --- |\n| ä½è—¤å¤ªéƒ | 30 | æ±äº¬ |\n| ä¸‰æœ¨è‹±å­ | 25 | å¤§é˜ª |\n| é«™æ©‹æ·³ | 35 | åå¤å±‹ |\n' = CompletedProcess(args=['python', '-m', 'markitdown', '/home/runner/work/markitdown/markitdown/packages/markitdown/test...ut may not work\n  warn("Couldn\'t find ffmpeg or avconv - defaulting to ffmpeg, but may not work", RuntimeWarning)\n').stdout
2025-04-13T16:13:20.3148818Z
tests/test_cli_vectors.py:67: AssertionError
______________________ test_output_to_file[test_vector6] _______________________
2025-04-13T16:13:20.3150224Z
shared_tmp_dir = PosixPath('/tmp/pytest-of-runner/pytest-0/pytest_tmp0')
test_vector = FileTestVector(filename='test_mskanji.csv', mimetype='text/csv', charset='cp932', url=None, must_include=['åå‰,å¹´é½¢,ä½æ‰€', 'ä½è—¤å¤ªéƒ,30,æ±äº¬', 'ä¸‰æœ¨è‹±å­,25,å¤§é˜ª', 'é«™æ©‹æ·³,35,åå¤å±‹'], must_not_include=[])
2025-04-13T16:13:20.3153548Z
@pytest.mark.parametrize("test_vector", CLI_TEST_VECTORS)
def test_output_to_file(shared_tmp_dir, test_vector) -> None:
"""Test that the CLI outputs to a file correctly."""
2025-04-13T16:13:20.3155682Z
output_file = os.path.join(shared_tmp_dir, test_vector.filename + ".output")
result = subprocess.run(
[
"python",
"-m",
"markitdown",
"-o",
output_file,
os.path.join(TEST_FILES_DIR, test_vector.filename),
],
capture_output=True,
text=True,
)
2025-04-13T16:13:20.3161179Z
assert result.returncode == 0, f"CLI exited with error: {result.stderr}"
assert os.path.exists(output_file), f"Output file not created: {output_file}"
2025-04-13T16:13:20.3162834Z
with open(output_file, "r") as f:
output_data = f.read()
for test_string in test_vector.must_include:
>               assert test_string in output_data
E               AssertionError: assert 'åå‰,å¹´é½¢,ä½æ‰€' in '| åå‰ | å¹´é½¢ | ä½æ‰€ |\n| --- | --- | --- |\n| ä½è—¤å¤ªéƒ | 30 | æ±äº¬ |\n| ä¸‰æœ¨è‹±å­ | 25 | å¤§é˜ª |\n| é«™æ©‹æ·³ | 35 | åå¤å±‹ |'
2025-04-13T16:13:20.3165744Z
tests/test_cli_vectors.py:96: AssertionError
______________ test_input_from_stdin_without_hints[test_vector6] _______________
2025-04-13T16:13:20.3166851Z
shared_tmp_dir = PosixPath('/tmp/pytest-of-runner/pytest-0/pytest_tmp0')
test_vector = FileTestVector(filename='test_mskanji.csv', mimetype='text/csv', charset='cp932', url=None, must_include=['åå‰,å¹´é½¢,ä½æ‰€', 'ä½è—¤å¤ªéƒ,30,æ±äº¬', 'ä¸‰æœ¨è‹±å­,25,å¤§é˜ª', 'é«™æ©‹æ·³,35,åå¤å±‹'], must_not_include=[])
2025-04-13T16:13:20.3169335Z
@pytest.mark.parametrize("test_vector", CLI_TEST_VECTORS)
def test_input_from_stdin_without_hints(shared_tmp_dir, test_vector) -> None:
"""Test that the CLI readds from stdin correctly."""
2025-04-13T16:13:20.3171404Z
test_input = b""
with open(os.path.join(TEST_FILES_DIR, test_vector.filename), "rb") as stream:
test_input = stream.read()
2025-04-13T16:13:20.3173389Z
result = subprocess.run(
[
"python",
"-m",
"markitdown",
os.path.join(TEST_FILES_DIR, test_vector.filename),
],
input=test_input,
capture_output=True,
text=False,
)
2025-04-13T16:13:20.3177168Z
stdout = result.stdout.decode(locale.getpreferredencoding())
assert (
result.returncode == 0
), f"CLI exited with error: {result.stderr.decode('utf-8')}"
for test_string in test_vector.must_include:
>           assert test_string in stdout
E           AssertionError: assert 'åå‰,å¹´é½¢,ä½æ‰€' in '| åå‰ | å¹´é½¢ | ä½æ‰€ |\n| --- | --- | --- |\n| ä½è—¤å¤ªéƒ | 30 | æ±äº¬ |\n| ä¸‰æœ¨è‹±å­ | 25 | å¤§é˜ª |\n| é«™æ©‹æ·³ | 35 | åå¤å±‹ |\n'
2025-04-13T16:13:20.3181278Z
tests/test_cli_vectors.py:129: AssertionError
_______________________ test_convert_local[test_vector9] _______________________
2025-04-13T16:13:20.3182356Z
test_vector = FileTestVector(filename='test_mskanji.csv', mimetype='text/csv', charset='cp932', url=None, must_include=['åå‰,å¹´é½¢,ä½æ‰€', 'ä½è—¤å¤ªéƒ,30,æ±äº¬', 'ä¸‰æœ¨è‹±å­,25,å¤§é˜ª', 'é«™æ©‹æ·³,35,åå¤å±‹'], must_not_include=[])
2025-04-13T16:13:20.3184366Z
@pytest.mark.parametrize("test_vector", GENERAL_TEST_VECTORS)
def test_convert_local(test_vector):
"""Test the conversion of a local file."""
markitdown = MarkItDown()
2025-04-13T16:13:20.3186307Z
result = markitdown.convert(
os.path.join(TEST_FILES_DIR, test_vector.filename), url=test_vector.url
)
for string in test_vector.must_include:
>           assert string in result.markdown
E           AssertionError: assert 'åå‰,å¹´é½¢,ä½æ‰€' in '| åå‰ | å¹´é½¢ | ä½æ‰€ |\n| --- | --- | --- |\n| ä½è—¤å¤ªéƒ | 30 | æ±äº¬ |\n| ä¸‰æœ¨è‹±å­ | 25 | å¤§é˜ª |\n| é«™æ©‹æ·³ | 35 | åå¤å±‹ |'
E            +  where '| åå‰ | å¹´é½¢ | ä½æ‰€ |\n| --- | --- | --- |\n| ä½è—¤å¤ªéƒ | 30 | æ±äº¬ |\n| ä¸‰æœ¨è‹±å­ | 25 | å¤§é˜ª |\n| é«™æ©‹æ·³ | 35 | åå¤å±‹ |' = <markitdown._base_converter.DocumentConverterResult object at 0x7f55fa302a80>.markdown
2025-04-13T16:13:20.3191476Z
tests/test_module_vectors.py:69: AssertionError
_________________ test_convert_stream_with_hints[test_vector9] _________________
2025-04-13T16:13:20.3192626Z
test_vector = FileTestVector(filename='test_mskanji.csv', mimetype='text/csv', charset='cp932', url=None, must_include=['åå‰,å¹´é½¢,ä½æ‰€', 'ä½è—¤å¤ªéƒ,30,æ±äº¬', 'ä¸‰æœ¨è‹±å­,25,å¤§é˜ª', 'é«™æ©‹æ·³,35,åå¤å±‹'], must_not_include=[])
2025-04-13T16:13:20.3194455Z
@pytest.mark.parametrize("test_vector", GENERAL_TEST_VECTORS)
def test_convert_stream_with_hints(test_vector):
"""Test the conversion of a stream with full stream info."""
markitdown = MarkItDown()
2025-04-13T16:13:20.3196637Z
stream_info = StreamInfo(
extension=os.path.splitext(test_vector.filename)[1],
mimetype=test_vector.mimetype,
charset=test_vector.charset,
)
2025-04-13T16:13:20.3199040Z
with open(os.path.join(TEST_FILES_DIR, test_vector.filename), "rb") as stream:
result = markitdown.convert(
stream, stream_info=stream_info, url=test_vector.url
)
for string in test_vector.must_include:
>               assert string in result.markdown
E               AssertionError: assert 'åå‰,å¹´é½¢,ä½æ‰€' in '| åå‰ | å¹´é½¢ | ä½æ‰€ |\n| --- | --- | --- |\n| ä½è—¤å¤ªéƒ | 30 | æ±äº¬ |\n| ä¸‰æœ¨è‹±å­ | 25 | å¤§é˜ª |\n| é«™æ©‹æ·³ | 35 | åå¤å±‹ |'
E                +  where '| åå‰ | å¹´é½¢ | ä½æ‰€ |\n| --- | --- | --- |\n| ä½è—¤å¤ªéƒ | 30 | æ±äº¬ |\n| ä¸‰æœ¨è‹±å­ | 25 | å¤§é˜ª |\n| é«™æ©‹æ·³ | 35 | åå¤å±‹ |' = <markitdown._base_converter.DocumentConverterResult object at 0x7f55f9dc9910>.markdown
2025-04-13T16:13:20.3204922Z
tests/test_module_vectors.py:90: AssertionError
_______________ test_convert_stream_without_hints[test_vector9] ________________
2025-04-13T16:13:20.3206050Z
test_vector = FileTestVector(filename='test_mskanji.csv', mimetype='text/csv', charset='cp932', url=None, must_include=['åå‰,å¹´é½¢,ä½æ‰€', 'ä½è—¤å¤ªéƒ,30,æ±äº¬', 'ä¸‰æœ¨è‹±å­,25,å¤§é˜ª', 'é«™æ©‹æ·³,35,åå¤å±‹'], must_not_include=[])
2025-04-13T16:13:20.3207816Z
@pytest.mark.parametrize("test_vector", GENERAL_TEST_VECTORS)
def test_convert_stream_without_hints(test_vector):
"""Test the conversion of a stream with no stream info."""
markitdown = MarkItDown()
2025-04-13T16:13:20.3210174Z
with open(os.path.join(TEST_FILES_DIR, test_vector.filename), "rb") as stream:
result = markitdown.convert(stream, url=test_vector.url)
for string in test_vector.must_include:
>               assert string in result.markdown
E               AssertionError: assert 'åå‰,å¹´é½¢,ä½æ‰€' in '| åå‰ | å¹´é½¢ | ä½æ‰€ |\n| --- | --- | --- |\n| ä½è—¤å¤ªéƒ | 30 | æ±äº¬ |\n| ä¸‰æœ¨è‹±å­ | 25 | å¤§é˜ª |\n| é«™æ©‹æ·³ | 35 | åå¤å±‹ |'
E                +  where '| åå‰ | å¹´é½¢ | ä½æ‰€ |\n| --- | --- | --- |\n| ä½è—¤å¤ªéƒ | 30 | æ±äº¬ |\n| ä¸‰æœ¨è‹±å­ | 25 | å¤§é˜ª |\n| é«™æ©‹æ·³ | 35 | åå¤å±‹ |' = <markitdown._base_converter.DocumentConverterResult object at 0x7f55f9da0c50>.markdown
2025-04-13T16:13:20.3215429Z
tests/test_module_vectors.py:103: AssertionError
_____________________ test_convert_file_uri[test_vector9] ______________________
2025-04-13T16:13:20.3216560Z
test_vector = FileTestVector(filename='test_mskanji.csv', mimetype='text/csv', charset='cp932', url=None, must_include=['åå‰,å¹´é½¢,ä½æ‰€', 'ä½è—¤å¤ªéƒ,30,æ±äº¬', 'ä¸‰æœ¨è‹±å­,25,å¤§é˜ª', 'é«™æ©‹æ·³,35,åå¤å±‹'], must_not_include=[])
2025-04-13T16:13:20.3218415Z
@pytest.mark.parametrize("test_vector", GENERAL_TEST_VECTORS)
def test_convert_file_uri(test_vector):
"""Test the conversion of a file:// URI."""
markitdown = MarkItDown()
2025-04-13T16:13:20.3220386Z
result = markitdown.convert(
Path(os.path.join(TEST_FILES_DIR, test_vector.filename)).as_uri(),
url=test_vector.url,
)
for string in test_vector.must_include:
>           assert string in result.markdown
E           AssertionError: assert 'åå‰,å¹´é½¢,ä½æ‰€' in '| åå‰ | å¹´é½¢ | ä½æ‰€ |\n| --- | --- | --- |\n| ä½è—¤å¤ªéƒ | 30 | æ±äº¬ |\n| ä¸‰æœ¨è‹±å­ | 25 | å¤§é˜ª |\n| é«™æ©‹æ·³ | 35 | åå¤å±‹ |'
E            +  where '| åå‰ | å¹´é½¢ | ä½æ‰€ |\n| --- | --- | --- |\n| ä½è—¤å¤ªéƒ | 30 | æ±äº¬ |\n| ä¸‰æœ¨è‹±å­ | 25 | å¤§é˜ª |\n| é«™æ©‹æ·³ | 35 | åå¤å±‹ |' = <markitdown._base_converter.DocumentConverterResult object at 0x7f55f831fad0>.markdown
2025-04-13T16:13:20.3225929Z
tests/test_module_vectors.py:139: AssertionError
_____________________ test_convert_data_uri[test_vector9] ______________________
2025-04-13T16:13:20.3227018Z
test_vector = FileTestVector(filename='test_mskanji.csv', mimetype='text/csv', charset='cp932', url=None, must_include=['åå‰,å¹´é½¢,ä½æ‰€', 'ä½è—¤å¤ªéƒ,30,æ±äº¬', 'ä¸‰æœ¨è‹±å­,25,å¤§é˜ª', 'é«™æ©‹æ·³,35,åå¤å±‹'], must_not_include=[])
2025-04-13T16:13:20.3228843Z
@pytest.mark.parametrize("test_vector", GENERAL_TEST_VECTORS)
def test_convert_data_uri(test_vector):
"""Test the conversion of a data URI."""
markitdown = MarkItDown()
2025-04-13T16:13:20.3230733Z
data = ""
with open(os.path.join(TEST_FILES_DIR, test_vector.filename), "rb") as stream:
data = base64.b64encode(stream.read()).decode("utf-8")
mimetype = test_vector.mimetype
data_uri = f"data:{mimetype};base64,{data}"
2025-04-13T16:13:20.3233583Z
result = markitdown.convert(
data_uri,
url=test_vector.url,
)
for string in test_vector.must_include:
>           assert string in result.markdown
E           AssertionError: assert 'åå‰,å¹´é½¢,ä½æ‰€' in '| åå‰ | å¹´é½¢ | ä½æ‰€ |\n| --- | --- | --- |\n| ä½è—¤å¤ªéƒ | 30 | æ±äº¬ |\n| ä¸‰æœ¨è‹±å­ | 25 | å¤§é˜ª |\n| é«™æ©‹æ·³ | 35 | åå¤å±‹ |'
E            +  where '| åå‰ | å¹´é½¢ | ä½æ‰€ |\n| --- | --- | --- |\n| ä½è—¤å¤ªéƒ | 30 | æ±äº¬ |\n| ä¸‰æœ¨è‹±å­ | 25 | å¤§é˜ª |\n| é«™æ©‹æ·³ | 35 | åå¤å±‹ |' = <markitdown._base_converter.DocumentConverterResult object at 0x7f55f83f79b0>.markdown
2025-04-13T16:13:20.3238566Z
tests/test_module_vectors.py:160: AssertionError
=============================== warnings summary ===============================
../../../../../.local/share/hatch/env/virtual/markitdown/H_uUSwZ6/hatch-test.py3.12/lib/python3.12/site-packages/pydub/utils.py:170
/home/runner/.local/share/hatch/env/virtual/markitdown/H_uUSwZ6/hatch-test.py3.12/lib/python3.12/site-packages/pydub/utils.py:170: RuntimeWarning: Couldn't find ffmpeg or avconv - defaulting to ffmpeg, but may not work
warn("Couldn't find ffmpeg or avconv - defaulting to ffmpeg, but may not work", RuntimeWarning)
2025-04-13T16:13:20.3244304Z
-- Docs: https://docs.pytest.org/en/stable/how-to/capture-warnings.html
=========================== short test summary info ============================
FAILED tests/test_cli_vectors.py::test_output_to_stdout[test_vector6] - assert 'åå‰,å¹´é½¢,ä½æ‰€' in '| åå‰ | å¹´é½¢ | ä½æ‰€ |\n| --- | --- | --- |\n| ä½è—¤å¤ªéƒ | 30 | æ±äº¬ |\n| ä¸‰æœ¨è‹±å­ | 25 | å¤§é˜ª |\n| é«™æ©‹æ·³ | 35 | åå¤å±‹ |\n'
+  where '| åå‰ | å¹´é½¢ | ä½æ‰€ |\n| --- | --- | --- |\n| ä½è—¤å¤ªéƒ | 30 | æ±äº¬ |\n| ä¸‰æœ¨è‹±å­ | 25 | å¤§é˜ª |\n| é«™æ©‹æ·³ | 35 | åå¤å±‹ |\n' = CompletedProcess(args=['python', '-m', 'markitdown', '/home/runner/work/markitdown/markitdown/packages/markitdown/test...ut may not work\n  warn("Couldn\'t find ffmpeg or avconv - defaulting to ffmpeg, but may not work", RuntimeWarning)\n').stdout
FAILED tests/test_cli_vectors.py::test_output_to_file[test_vector6] - AssertionError: assert 'åå‰,å¹´é½¢,ä½æ‰€' in '| åå‰ | å¹´é½¢ | ä½æ‰€ |\n| --- | --- | --- |\n| ä½è—¤å¤ªéƒ | 30 | æ±äº¬ |\n| ä¸‰æœ¨è‹±å­ | 25 | å¤§é˜ª |\n| é«™æ©‹æ·³ | 35 | åå¤å±‹ |'
FAILED tests/test_cli_vectors.py::test_input_from_stdin_without_hints[test_vector6] - AssertionError: assert 'åå‰,å¹´é½¢,ä½æ‰€' in '| åå‰ | å¹´é½¢ | ä½æ‰€ |\n| --- | --- | --- |\n| ä½è—¤å¤ªéƒ | 30 | æ±äº¬ |\n| ä¸‰æœ¨è‹±å­ | 25 | å¤§é˜ª |\n| é«™æ©‹æ·³ | 35 | åå¤å±‹ |\n'
FAILED tests/test_module_vectors.py::test_convert_local[test_vector9] - AssertionError: assert 'åå‰,å¹´é½¢,ä½æ‰€' in '| åå‰ | å¹´é½¢ | ä½æ‰€ |\n| --- | --- | --- |\n| ä½è—¤å¤ªéƒ | 30 | æ±äº¬ |\n| ä¸‰æœ¨è‹±å­ | 25 | å¤§é˜ª |\n| é«™æ©‹æ·³ | 35 | åå¤å±‹ |'
+  where '| åå‰ | å¹´é½¢ | ä½æ‰€ |\n| --- | --- | --- |\n| ä½è—¤å¤ªéƒ | 30 | æ±äº¬ |\n| ä¸‰æœ¨è‹±å­ | 25 | å¤§é˜ª |\n| é«™æ©‹æ·³ | 35 | åå¤å±‹ |' = <markitdown._base_converter.DocumentConverterResult object at 0x7f55fa302a80>.markdown
FAILED tests/test_module_vectors.py::test_convert_stream_with_hints[test_vector9] - AssertionError: assert 'åå‰,å¹´é½¢,ä½æ‰€' in '| åå‰ | å¹´é½¢ | ä½æ‰€ |\n| --- | --- | --- |\n| ä½è—¤å¤ªéƒ | 30 | æ±äº¬ |\n| ä¸‰æœ¨è‹±å­ | 25 | å¤§é˜ª |\n| é«™æ©‹æ·³ | 35 | åå¤å±‹ |'
+  where '| åå‰ | å¹´é½¢ | ä½æ‰€ |\n| --- | --- | --- |\n| ä½è—¤å¤ªéƒ | 30 | æ±äº¬ |\n| ä¸‰æœ¨è‹±å­ | 25 | å¤§é˜ª |\n| é«™æ©‹æ·³ | 35 | åå¤å±‹ |' = <markitdown._base_converter.DocumentConverterResult object at 0x7f55f9dc9910>.markdown
FAILED tests/test_module_vectors.py::test_convert_stream_without_hints[test_vector9] - AssertionError: assert 'åå‰,å¹´é½¢,ä½æ‰€' in '| åå‰ | å¹´é½¢ | ä½æ‰€ |\n| --- | --- | --- |\n| ä½è—¤å¤ªéƒ | 30 | æ±äº¬ |\n| ä¸‰æœ¨è‹±å­ | 25 | å¤§é˜ª |\n| é«™æ©‹æ·³ | 35 | åå¤å±‹ |'
+  where '| åå‰ | å¹´é½¢ | ä½æ‰€ |\n| --- | --- | --- |\n| ä½è—¤å¤ªéƒ | 30 | æ±äº¬ |\n| ä¸‰æœ¨è‹±å­ | 25 | å¤§é˜ª |\n| é«™æ©‹æ·³ | 35 | åå¤å±‹ |' = <markitdown._base_converter.DocumentConverterResult object at 0x7f55f9da0c50>.markdown
FAILED tests/test_module_vectors.py::test_convert_file_uri[test_vector9] - AssertionError: assert 'åå‰,å¹´é½¢,ä½æ‰€' in '| åå‰ | å¹´é½¢ | ä½æ‰€ |\n| --- | --- | --- |\n| ä½è—¤å¤ªéƒ | 30 | æ±äº¬ |\n| ä¸‰æœ¨è‹±å­ | 25 | å¤§é˜ª |\n| é«™æ©‹æ·³ | 35 | åå¤å±‹ |'
+  where '| åå‰ | å¹´é½¢ | ä½æ‰€ |\n| --- | --- | --- |\n| ä½è—¤å¤ªéƒ | 30 | æ±äº¬ |\n| ä¸‰æœ¨è‹±å­ | 25 | å¤§é˜ª |\n| é«™æ©‹æ·³ | 35 | åå¤å±‹ |' = <markitdown._base_converter.DocumentConverterResult object at 0x7f55f831fad0>.markdown
FAILED tests/test_module_vectors.py::test_convert_data_uri[test_vector9] - AssertionError: assert 'åå‰,å¹´é½¢,ä½æ‰€' in '| åå‰ | å¹´é½¢ | ä½æ‰€ |\n| --- | --- | --- |\n| ä½è—¤å¤ªéƒ | 30 | æ±äº¬ |\n| ä¸‰æœ¨è‹±å­ | 25 | å¤§é˜ª |\n| é«™æ©‹æ·³ | 35 | åå¤å±‹ |'
+  where '| åå‰ | å¹´é½¢ | ä½æ‰€ |\n| --- | --- | --- |\n| ä½è—¤å¤ªéƒ | 30 | æ±äº¬ |\n| ä¸‰æœ¨è‹±å­ | 25 | å¤§é˜ª |\n| é«™æ©‹æ·³ | 35 | åå¤å±‹ |' = <markitdown._base_converter.DocumentConverterResult object at 0x7f55f83f79b0>.markdown
============ 8 failed, 133 passed, 31 skipped, 1 warning in 55.66s =============
##[error]Process completed with exit code 1.
