##[group]Run cd ci && ./code_checks.sh doctests
[36;1mcd ci && ./code_checks.sh doctests[0m
shell: /usr/bin/bash -el {0}

ENV_FILE: environment.yml
PANDAS_CI: 1
MAMBA_ROOT_PREFIX: /home/runner/micromamba
MAMBA_EXE: /home/runner/micromamba-bin/micromamba
CONDARC: /home/runner/work/pandas/pandas/ci/.condarc
##[endgroup]
Python and Cython Doctests
running: pytest --doctest-modules --doctest-cython --ignore=/home/runner/micromamba/envs/test/lib/python3.10/site-packages/pandas/tests /home/runner/micromamba/envs/test/lib/python3.10/site-packages/pandas
============================= test session starts ==============================
platform linux -- Python 3.10.17, pytest-8.3.5, pluggy-1.5.0
PySide6 6.9.0 -- Qt runtime 6.9.0 -- Qt compiled 6.9.0
rootdir: /home/runner/micromamba/envs/test/lib/python3.10/site-packages/pandas
configfile: pyproject.toml
plugins: qt-4.4.0, xdist-3.6.1, cython-0.3.1, localserver-0.0.0, hypothesis-6.131.0, anyio-4.9.0, cov-6.1.1
collected 1004 items
2025-04-14T18:50:26.9607955Z
../../../../micromamba/envs/test/lib/python3.10/site-packages/pandas/__init__.py ................................................................................................................................sss.
../../../../micromamba/envs/test/lib/python3.10/site-packages/pandas/_config/config.py .ss.s.
../../../../micromamba/envs/test/lib/python3.10/site-packages/pandas/_testing/_warnings.py .
../../../../micromamba/envs/test/lib/python3.10/site-packages/pandas/_testing/asserters.py ....
../../../../micromamba/envs/test/lib/python3.10/site-packages/pandas/_testing/contexts.py .
../../../../micromamba/envs/test/lib/python3.10/site-packages/pandas/api/typing/__init__.py .....
../../../../micromamba/envs/test/lib/python3.10/site-packages/pandas/conftest.py .
../../../../micromamba/envs/test/lib/python3.10/site-packages/pandas/core/accessor.py ...
../../../../micromamba/envs/test/lib/python3.10/site-packages/pandas/core/algorithms.py ...
../../../../micromamba/envs/test/lib/python3.10/site-packages/pandas/core/apply.py .......
../../../../micromamba/envs/test/lib/python3.10/site-packages/pandas/core/arraylike.py .
../../../../micromamba/envs/test/lib/python3.10/site-packages/pandas/core/arrays/_mixins.py ....
../../../../micromamba/envs/test/lib/python3.10/site-packages/pandas/core/arrays/arrow/accessors.py ......
../../../../micromamba/envs/test/lib/python3.10/site-packages/pandas/core/arrays/arrow/array.py .......
../../../../micromamba/envs/test/lib/python3.10/site-packages/pandas/core/arrays/base.py ......................................
../../../../micromamba/envs/test/lib/python3.10/site-packages/pandas/core/arrays/boolean.py ..
../../../../micromamba/envs/test/lib/python3.10/site-packages/pandas/core/arrays/categorical.py ...................................
../../../../micromamba/envs/test/lib/python3.10/site-packages/pandas/core/arrays/datetimelike.py ..........
../../../../micromamba/envs/test/lib/python3.10/site-packages/pandas/core/arrays/datetimes.py .................................
../../../../micromamba/envs/test/lib/python3.10/site-packages/pandas/core/arrays/floating.py ...
../../../../micromamba/envs/test/lib/python3.10/site-packages/pandas/core/arrays/integer.py .........
../../../../micromamba/envs/test/lib/python3.10/site-packages/pandas/core/arrays/interval.py ...............
../../../../micromamba/envs/test/lib/python3.10/site-packages/pandas/core/arrays/masked.py ..........
../../../../micromamba/envs/test/lib/python3.10/site-packages/pandas/core/arrays/numpy_.py .
../../../../micromamba/envs/test/lib/python3.10/site-packages/pandas/core/arrays/period.py .................
../../../../micromamba/envs/test/lib/python3.10/site-packages/pandas/core/arrays/sparse/accessor.py .............
../../../../micromamba/envs/test/lib/python3.10/site-packages/pandas/core/arrays/sparse/array.py .........
../../../../micromamba/envs/test/lib/python3.10/site-packages/pandas/core/arrays/string_.py ...
../../../../micromamba/envs/test/lib/python3.10/site-packages/pandas/core/arrays/string_arrow.py .
../../../../micromamba/envs/test/lib/python3.10/site-packages/pandas/core/arrays/timedeltas.py ........
../../../../micromamba/envs/test/lib/python3.10/site-packages/pandas/core/base.py .....................
../../../../micromamba/envs/test/lib/python3.10/site-packages/pandas/core/computation/eval.py .
../../../../micromamba/envs/test/lib/python3.10/site-packages/pandas/core/construction.py ..
../../../../micromamba/envs/test/lib/python3.10/site-packages/pandas/core/dtypes/base.py ...
../../../../micromamba/envs/test/lib/python3.10/site-packages/pandas/core/dtypes/cast.py ....
../../../../micromamba/envs/test/lib/python3.10/site-packages/pandas/core/dtypes/common.py ...........................
../../../../micromamba/envs/test/lib/python3.10/site-packages/pandas/core/dtypes/concat.py .
../../../../micromamba/envs/test/lib/python3.10/site-packages/pandas/core/dtypes/inference.py ............
../../../../micromamba/envs/test/lib/python3.10/site-packages/pandas/core/dtypes/missing.py ..
../../../../micromamba/envs/test/lib/python3.10/site-packages/pandas/core/flags.py ..
../../../../micromamba/envs/test/lib/python3.10/site-packages/pandas/core/generic.py ............................................................s..s.......
../../../../micromamba/envs/test/lib/python3.10/site-packages/pandas/core/groupby/groupby.py .................F.........................
../../../../micromamba/envs/test/lib/python3.10/site-packages/pandas/core/groupby/grouper.py .
../../../../micromamba/envs/test/lib/python3.10/site-packages/pandas/core/groupby/indexing.py .
../../../../micromamba/envs/test/lib/python3.10/site-packages/pandas/core/indexers/objects.py ...
../../../../micromamba/envs/test/lib/python3.10/site-packages/pandas/core/indexers/utils.py ..
../../../../micromamba/envs/test/lib/python3.10/site-packages/pandas/core/indexes/accessors.py ..............................................................
../../../../micromamba/envs/test/lib/python3.10/site-packages/pandas/core/indexes/base.py ...
../../../../micromamba/envs/test/lib/python3.10/site-packages/pandas/core/indexes/datetimelike.py ..........
../../../../micromamba/envs/test/lib/python3.10/site-packages/pandas/core/indexes/interval.py .
../../../../micromamba/envs/test/lib/python3.10/site-packages/pandas/core/indexes/multi.py .
../../../../micromamba/envs/test/lib/python3.10/site-packages/pandas/core/indexes/period.py .
../../../../micromamba/envs/test/lib/python3.10/site-packages/pandas/core/indexing.py .........
../../../../micromamba/envs/test/lib/python3.10/site-packages/pandas/core/interchange/from_dataframe.py .
../../../../micromamba/envs/test/lib/python3.10/site-packages/pandas/core/internals/construction.py .
../../../../micromamba/envs/test/lib/python3.10/site-packages/pandas/core/nanops.py .............
../../../../micromamba/envs/test/lib/python3.10/site-packages/pandas/core/ops/missing.py .
../../../../micromamba/envs/test/lib/python3.10/site-packages/pandas/core/resample.py ........................
../../../../micromamba/envs/test/lib/python3.10/site-packages/pandas/core/reshape/encoding.py ..
../../../../micromamba/envs/test/lib/python3.10/site-packages/pandas/core/reshape/melt.py ...
../../../../micromamba/envs/test/lib/python3.10/site-packages/pandas/core/reshape/merge.py .
../../../../micromamba/envs/test/lib/python3.10/site-packages/pandas/core/reshape/pivot.py ...
../../../../micromamba/envs/test/lib/python3.10/site-packages/pandas/core/reshape/reshape.py ..
../../../../micromamba/envs/test/lib/python3.10/site-packages/pandas/core/reshape/tile.py ..
../../../../micromamba/envs/test/lib/python3.10/site-packages/pandas/core/strings/accessor.py ..........................................................
../../../../micromamba/envs/test/lib/python3.10/site-packages/pandas/core/tools/datetimes.py .
../../../../micromamba/envs/test/lib/python3.10/site-packages/pandas/core/tools/numeric.py .
../../../../micromamba/envs/test/lib/python3.10/site-packages/pandas/core/tools/timedeltas.py .
../../../../micromamba/envs/test/lib/python3.10/site-packages/pandas/core/util/hashing.py ..
../../../../micromamba/envs/test/lib/python3.10/site-packages/pandas/core/window/ewm.py .........
../../../../micromamba/envs/test/lib/python3.10/site-packages/pandas/core/window/expanding.py ......................
../../../../micromamba/envs/test/lib/python3.10/site-packages/pandas/core/window/rolling.py ............................
../../../../micromamba/envs/test/lib/python3.10/site-packages/pandas/errors/__init__.py .....s..s.............s......
../../../../micromamba/envs/test/lib/python3.10/site-packages/pandas/io/clipboards.py .
../../../../micromamba/envs/test/lib/python3.10/site-packages/pandas/io/common.py .
../../../../micromamba/envs/test/lib/python3.10/site-packages/pandas/io/excel/_base.py ss.s.s
../../../../micromamba/envs/test/lib/python3.10/site-packages/pandas/io/excel/_util.py .
../../../../micromamba/envs/test/lib/python3.10/site-packages/pandas/io/feather_format.py s
../../../../micromamba/envs/test/lib/python3.10/site-packages/pandas/io/formats/css.py .
../../../../micromamba/envs/test/lib/python3.10/site-packages/pandas/io/formats/format.py .....
../../../../micromamba/envs/test/lib/python3.10/site-packages/pandas/io/formats/info.py ..
../../../../micromamba/envs/test/lib/python3.10/site-packages/pandas/io/formats/printing.py .
../../../../micromamba/envs/test/lib/python3.10/site-packages/pandas/io/formats/style.py .................................
../../../../micromamba/envs/test/lib/python3.10/site-packages/pandas/io/formats/style_render.py ......
../../../../micromamba/envs/test/lib/python3.10/site-packages/pandas/io/json/_json.py .
../../../../micromamba/envs/test/lib/python3.10/site-packages/pandas/io/json/_normalize.py ...
../../../../micromamba/envs/test/lib/python3.10/site-packages/pandas/io/json/_table_schema.py ..
../../../../micromamba/envs/test/lib/python3.10/site-packages/pandas/io/orc.py s
../../../../micromamba/envs/test/lib/python3.10/site-packages/pandas/io/parquet.py .
../../../../micromamba/envs/test/lib/python3.10/site-packages/pandas/io/pickle.py ss
../../../../micromamba/envs/test/lib/python3.10/site-packages/pandas/io/pytables.py .........s
../../../../micromamba/envs/test/lib/python3.10/site-packages/pandas/io/sas/sasreader.py s
../../../../micromamba/envs/test/lib/python3.10/site-packages/pandas/io/spss.py s
../../../../micromamba/envs/test/lib/python3.10/site-packages/pandas/io/sql.py .ss
../../../../micromamba/envs/test/lib/python3.10/site-packages/pandas/io/stata.py ........s
../../../../micromamba/envs/test/lib/python3.10/site-packages/pandas/io/xml.py .
../../../../micromamba/envs/test/lib/python3.10/site-packages/pandas/plotting/_core.py .................
../../../../micromamba/envs/test/lib/python3.10/site-packages/pandas/plotting/_matplotlib/groupby.py ..
../../../../micromamba/envs/test/lib/python3.10/site-packages/pandas/plotting/_misc.py ...........
../../../../micromamba/envs/test/lib/python3.10/site-packages/pandas/tseries/frequencies.py .
../../../../micromamba/envs/test/lib/python3.10/site-packages/pandas/tseries/holiday.py .
../../../../micromamba/envs/test/lib/python3.10/site-packages/pandas/util/_decorators.py .
../../../../micromamba/envs/test/lib/python3.10/site-packages/pandas/util/_print_versions.py s
../../../../micromamba/envs/test/lib/python3.10/site-packages/pandas/util/_tester.py s
../../../../micromamba/envs/test/lib/python3.10/site-packages/pandas/util/version/__init__.py .
2025-04-14T18:50:42.0895934Z
=================================== FAILURES ===================================
___________ [doctest] pandas.core.groupby.groupby.GroupBy.expanding ____________
3840         >>> df
3841           Class  Value
3842         0     A     10
3843         1     A     20
3844         2     A     30
3845         3     B     40
3846         4     B     50
3847         5     B     60
3848
3849         >>> df.groupby("Class").expanding().mean()                 Value
UNEXPECTED EXCEPTION: SyntaxError('invalid syntax', ('<doctest pandas.core.groupby.groupby.GroupBy.expanding[2]>', 1, 56, 'df.groupby("Class").expanding().mean()                 Value\n', 1, 61))
Traceback (most recent call last):
File "/home/runner/micromamba/envs/test/lib/python3.10/doctest.py", line 1350, in __run
exec(compile(example.source, filename, "single",
File "<doctest pandas.core.groupby.groupby.GroupBy.expanding[2]>", line 1
df.groupby("Class").expanding().mean()                 Value
^^^^^
SyntaxError: invalid syntax
/home/runner/micromamba/envs/test/lib/python3.10/site-packages/pandas/core/groupby/groupby.py:3849: UnexpectedException
=============================== warnings summary ===============================
../../../../micromamba/envs/test/lib/python3.10/site-packages/_pytest/config/__init__.py:1277
/home/runner/micromamba/envs/test/lib/python3.10/site-packages/_pytest/config/__init__.py:1277: PytestAssertRewriteWarning: Module already imported so cannot be rewritten: _hypothesis_globals
self._mark_plugins_for_rewrite(hook)
2025-04-14T18:50:42.0909493Z
../../../../micromamba/envs/test/lib/python3.10/site-packages/_pytest/config/__init__.py:1277
/home/runner/micromamba/envs/test/lib/python3.10/site-packages/_pytest/config/__init__.py:1277: PytestAssertRewriteWarning: Module already imported so cannot be rewritten: hypothesis
self._mark_plugins_for_rewrite(hook)
2025-04-14T18:50:42.0911681Z
__init__.py::pandas.CategoricalDtype.categories
<frozen importlib._bootstrap>:742: DeprecationWarning: BuiltinImporter.module_repr() is deprecated and slated for removal in Python 3.12
2025-04-14T18:50:42.0916942Z
-- Docs: https://docs.pytest.org/en/stable/how-to/capture-warnings.html
----- generated xml file: /home/runner/work/pandas/pandas/ci/test-data.xml -----
============================= slowest 30 durations =============================
5.72s call     core/window/ewm.py::pandas.core.window.ewm.OnlineExponentialMovingWindow.mean
0.61s call     api/typing/__init__.py::pandas.api.typing.DataFrameGroupBy.plot
0.59s call     plotting/_misc.py::pandas.plotting._misc.scatter_matrix
0.37s call     plotting/_core.py::pandas.plotting._core.PlotAccessor.kde
0.32s call     core/generic.py::pandas.core.generic.NDFrame.rolling
0.28s call     plotting/_core.py::pandas.plotting._core.PlotAccessor
0.23s call     plotting/_core.py::pandas.plotting._core.boxplot
0.23s call     plotting/_core.py::pandas.plotting._core.boxplot_frame
0.20s call     plotting/_core.py::pandas.plotting._core.PlotAccessor.bar
0.16s call     core/generic.py::pandas.core.generic.NDFrame.to_sql
0.14s call     plotting/_core.py::pandas.plotting._core.PlotAccessor.barh
0.14s call     plotting/_core.py::pandas.plotting._core.PlotAccessor.line
0.09s call     plotting/_misc.py::pandas.plotting._misc.andrews_curves
0.09s call     api/typing/__init__.py::pandas.api.typing.SeriesGroupBy.plot
0.09s call     plotting/_core.py::pandas.plotting._core.PlotAccessor.hist
0.08s call     core/generic.py::pandas.core.generic.NDFrame.interpolate
0.08s call     plotting/_core.py::pandas.plotting._core.PlotAccessor.area
0.08s call     plotting/_core.py::pandas.plotting._core.PlotAccessor.__call__
0.06s call     core/reshape/melt.py::pandas.core.reshape.melt.wide_to_long
0.06s call     plotting/_core.py::pandas.plotting._core.PlotAccessor.hexbin
0.06s call     core/indexing.py::pandas.core.indexing.IndexingMixin.loc
0.06s call     core/indexing.py::pandas.core.indexing._LocIndexer
0.05s call     plotting/_core.py::pandas.plotting._core.PlotAccessor.pie
0.05s call     __init__.py::pandas.merge_asof
0.05s call     plotting/_core.py::pandas.plotting._core.PlotAccessor.box
0.05s call     plotting/_core.py::pandas.plotting._core.PlotAccessor.scatter
0.05s call     io/pytables.py::pandas.io.pytables.HDFStore
0.04s call     io/parquet.py::pandas.io.parquet.read_parquet
0.04s call     core/generic.py::pandas.core.generic.NDFrame.sort_values
0.04s call     plotting/_misc.py::pandas.plotting._misc._Options
=========================== short test summary info ============================
FAILED ../../../../micromamba/envs/test/lib/python3.10/site-packages/pandas/core/groupby/groupby.py::pandas.core.groupby.groupby.GroupBy.expanding
============ 1 failed, 976 passed, 27 skipped, 3 warnings in 16.46s ============
Python and Cython Doctests DONE
##[error]Process completed with exit code 1.
