2025-04-10T04:11:29.5585576Z Requested labels: ubuntu-latest
2025-04-10T04:11:29.5585848Z Job defined at: square/okhttp/.github/workflows/build.yml@refs/pull/8708/merge
2025-04-10T04:11:29.5585968Z Waiting for a runner to pick up this job...
2025-04-10T04:11:30.1381385Z Job is waiting for a hosted runner to come online.
2025-04-10T04:11:33.3850920Z Job is about to start running on the hosted runner: GitHub Actions 173 (hosted)
2025-04-10T04:11:35.9201646Z Current runner version: '2.323.0'
2025-04-10T04:11:35.9224792Z ##[group]Operating System
2025-04-10T04:11:35.9225517Z Ubuntu
2025-04-10T04:11:35.9226105Z 24.04.2
2025-04-10T04:11:35.9226593Z LTS
2025-04-10T04:11:35.9227098Z ##[endgroup]
2025-04-10T04:11:35.9227620Z ##[group]Runner Image
2025-04-10T04:11:35.9228193Z Image: ubuntu-24.04
2025-04-10T04:11:35.9228748Z Version: 20250406.1.0
2025-04-10T04:11:35.9230044Z Included Software: https://github.com/actions/runner-images/blob/ubuntu24/20250406.1/images/ubuntu/Ubuntu2404-Readme.md
2025-04-10T04:11:35.9231435Z Image Release: https://github.com/actions/runner-images/releases/tag/ubuntu24%2F20250406.1
2025-04-10T04:11:35.9232436Z ##[endgroup]
2025-04-10T04:11:35.9232932Z ##[group]Runner Image Provisioner
2025-04-10T04:11:35.9233531Z 2.0.422.1
2025-04-10T04:11:35.9234071Z ##[endgroup]
2025-04-10T04:11:35.9235052Z ##[group]GITHUB_TOKEN Permissions
2025-04-10T04:11:35.9236938Z Checks: write
2025-04-10T04:11:35.9237541Z Metadata: read
2025-04-10T04:11:35.9238282Z ##[endgroup]
2025-04-10T04:11:35.9241347Z Secret source: Actions
2025-04-10T04:11:35.9242042Z Prepare workflow directory
2025-04-10T04:11:35.9685975Z Prepare all required actions
2025-04-10T04:11:35.9722603Z Getting action download info
2025-04-10T04:11:36.2769295Z ##[group]Download immutable action package 'actions/checkout@v4'
2025-04-10T04:11:36.2770550Z Version: 4.2.2
2025-04-10T04:11:36.2771429Z Digest: sha256:ccb2698953eaebd21c7bf6268a94f9c26518a7e38e27e0b83c1fe1ad049819b1
2025-04-10T04:11:36.2772459Z Source commit SHA: 11bd71901bbe5b1630ceea73d27597364c9af683
2025-04-10T04:11:36.2773093Z ##[endgroup]
2025-04-10T04:11:36.3761836Z ##[group]Download immutable action package 'actions/setup-java@v4'
2025-04-10T04:11:36.3762532Z Version: 4.7.1
2025-04-10T04:11:36.3763167Z Digest: sha256:23223d64943473efb4336f60463c0429cd4f422cd5fc6c48a5cf0d5907c1aeac
2025-04-10T04:11:36.3764020Z Source commit SHA: c5195efecf7bdfc987ee8bae7a71cb8b11521c00
2025-04-10T04:11:36.3764669Z ##[endgroup]
2025-04-10T04:11:36.7198566Z Download action repository 'gradle/actions@v4' (SHA:06832c7b30a0129d7fb559bcc6e43d26f6374244)
2025-04-10T04:11:37.8928193Z Download action repository 'mikepenz/action-junit-report@v5' (SHA:cf701569b05ccdd861a76b8607a66d76f6fd4857)
2025-04-10T04:11:38.4046507Z Download action repository 'EnricoMi/publish-unit-test-result-action@v2' (SHA:afb2984f4d89672b2f9d9c13ae23d53779671984)
2025-04-10T04:11:39.0631604Z Complete job name: testopenjdk11
2025-04-10T04:11:39.1065533Z ##[group]Pull down action image 'ghcr.io/enricomi/publish-unit-test-result-action:v2.19.0'
2025-04-10T04:11:39.1114390Z ##[command]/usr/bin/docker pull ghcr.io/enricomi/publish-unit-test-result-action:v2.19.0
2025-04-10T04:11:40.1172412Z v2.19.0: Pulling from enricomi/publish-unit-test-result-action
2025-04-10T04:11:40.2776995Z f18232174bc9: Pulling fs layer
2025-04-10T04:11:40.2777468Z 25025a4218ee: Pulling fs layer
2025-04-10T04:11:40.2777854Z d1403b238159: Pulling fs layer
2025-04-10T04:11:40.2778114Z b6b6003920d8: Pulling fs layer
2025-04-10T04:11:40.2778384Z 3d77d28156f3: Pulling fs layer
2025-04-10T04:11:40.2778642Z f1d5e2cfaf57: Pulling fs layer
2025-04-10T04:11:40.2778892Z 69b190278e1e: Pulling fs layer
2025-04-10T04:11:40.2779390Z 633137b00ecf: Pulling fs layer
2025-04-10T04:11:40.2779661Z a33bfaf4bfe2: Pulling fs layer
2025-04-10T04:11:40.2779914Z b6b6003920d8: Waiting
2025-04-10T04:11:40.2780142Z f1d5e2cfaf57: Waiting
2025-04-10T04:11:40.2780351Z 3d77d28156f3: Waiting
2025-04-10T04:11:40.2780605Z 69b190278e1e: Waiting
2025-04-10T04:11:40.2780807Z a33bfaf4bfe2: Waiting
2025-04-10T04:11:40.2781043Z 633137b00ecf: Waiting
2025-04-10T04:11:40.4409888Z f18232174bc9: Verifying Checksum
2025-04-10T04:11:40.4410440Z f18232174bc9: Download complete
2025-04-10T04:11:40.4558547Z 25025a4218ee: Verifying Checksum
2025-04-10T04:11:40.4559053Z 25025a4218ee: Download complete
2025-04-10T04:11:40.5302770Z d1403b238159: Verifying Checksum
2025-04-10T04:11:40.5303251Z d1403b238159: Download complete
2025-04-10T04:11:40.5632588Z f18232174bc9: Pull complete
2025-04-10T04:11:40.6300127Z 3d77d28156f3: Verifying Checksum
2025-04-10T04:11:40.6301692Z 3d77d28156f3: Download complete
2025-04-10T04:11:40.6661451Z b6b6003920d8: Verifying Checksum
2025-04-10T04:11:40.7591682Z f1d5e2cfaf57: Verifying Checksum
2025-04-10T04:11:40.7592655Z f1d5e2cfaf57: Download complete
2025-04-10T04:11:40.8152224Z 25025a4218ee: Pull complete
2025-04-10T04:11:40.8723887Z 69b190278e1e: Verifying Checksum
2025-04-10T04:11:40.8724916Z 69b190278e1e: Download complete
2025-04-10T04:11:40.9152116Z 633137b00ecf: Verifying Checksum
2025-04-10T04:11:40.9153066Z 633137b00ecf: Download complete
2025-04-10T04:11:41.0006597Z a33bfaf4bfe2: Verifying Checksum
2025-04-10T04:11:41.0010017Z a33bfaf4bfe2: Download complete
2025-04-10T04:11:41.4814217Z d1403b238159: Pull complete
2025-04-10T04:11:41.4963588Z b6b6003920d8: Pull complete
2025-04-10T04:11:41.5102778Z 3d77d28156f3: Pull complete
2025-04-10T04:11:41.5236512Z f1d5e2cfaf57: Pull complete
2025-04-10T04:11:42.4243606Z 69b190278e1e: Pull complete
2025-04-10T04:11:42.4405173Z 633137b00ecf: Pull complete
2025-04-10T04:11:42.4514556Z a33bfaf4bfe2: Pull complete
2025-04-10T04:11:42.4566550Z Digest: sha256:0c11defbfc9b01d59877a9c781acfb8be44ee4c39573476bf9bf4e30465e8069
2025-04-10T04:11:42.4582272Z Status: Downloaded newer image for ghcr.io/enricomi/publish-unit-test-result-action:v2.19.0
2025-04-10T04:11:42.4593940Z ghcr.io/enricomi/publish-unit-test-result-action:v2.19.0
2025-04-10T04:11:42.4613970Z ##[endgroup]
2025-04-10T04:11:42.4863542Z ##[group]Run actions/checkout@v4
2025-04-10T04:11:42.4864111Z with:
2025-04-10T04:11:42.4864314Z   fetch-depth: 0
2025-04-10T04:11:42.4864542Z   repository: square/okhttp
2025-04-10T04:11:42.4864919Z   token: ***
2025-04-10T04:11:42.4865115Z   ssh-strict: true
2025-04-10T04:11:42.4865311Z   ssh-user: git
2025-04-10T04:11:42.4865518Z   persist-credentials: true
2025-04-10T04:11:42.4865745Z   clean: true
2025-04-10T04:11:42.4865944Z   sparse-checkout-cone-mode: true
2025-04-10T04:11:42.4866189Z   fetch-tags: false
2025-04-10T04:11:42.4866402Z   show-progress: true
2025-04-10T04:11:42.4866610Z   lfs: false
2025-04-10T04:11:42.4866790Z   submodules: false
2025-04-10T04:11:42.4866996Z   set-safe-directory: true
2025-04-10T04:11:42.4867402Z env:
2025-04-10T04:11:42.4867795Z   GRADLE_OPTS: -Dorg.gradle.jvmargs=-Xmx4g -Dorg.gradle.daemon=false -Dkotlin.incremental=false
2025-04-10T04:11:42.4868229Z ##[endgroup]
2025-04-10T04:11:42.7156678Z Syncing repository: square/okhttp
2025-04-10T04:11:42.7158000Z ##[group]Getting Git version info
2025-04-10T04:11:42.7158378Z Working directory is '/home/runner/work/okhttp/okhttp'
2025-04-10T04:11:42.7158888Z [command]/usr/bin/git version
2025-04-10T04:11:42.7277793Z git version 2.49.0
2025-04-10T04:11:42.7306977Z ##[endgroup]
2025-04-10T04:11:42.7321865Z Temporarily overriding HOME='/home/runner/work/_temp/d96f545f-a8a5-49be-aaec-ed1def6f946b' before making global git config changes
2025-04-10T04:11:42.7323245Z Adding repository directory to the temporary git global config as a safe directory
2025-04-10T04:11:42.7327970Z [command]/usr/bin/git config --global --add safe.directory /home/runner/work/okhttp/okhttp
2025-04-10T04:11:42.7363273Z Deleting the contents of '/home/runner/work/okhttp/okhttp'
2025-04-10T04:11:42.7366932Z ##[group]Initializing the repository
2025-04-10T04:11:42.7371547Z [command]/usr/bin/git init /home/runner/work/okhttp/okhttp
2025-04-10T04:11:42.7448991Z hint: Using 'master' as the name for the initial branch. This default branch name
2025-04-10T04:11:42.7450135Z hint: is subject to change. To configure the initial branch name to use in all
2025-04-10T04:11:42.7450658Z hint: of your new repositories, which will suppress this warning, call:
2025-04-10T04:11:42.7451007Z hint:
2025-04-10T04:11:42.7451280Z hint: 	git config --global init.defaultBranch <name>
2025-04-10T04:11:42.7451589Z hint:
2025-04-10T04:11:42.7451878Z hint: Names commonly chosen instead of 'master' are 'main', 'trunk' and
2025-04-10T04:11:42.7452336Z hint: 'development'. The just-created branch can be renamed via this command:
2025-04-10T04:11:42.7452945Z hint:
2025-04-10T04:11:42.7453140Z hint: 	git branch -m <name>
2025-04-10T04:11:42.7456842Z Initialized empty Git repository in /home/runner/work/okhttp/okhttp/.git/
2025-04-10T04:11:42.7468098Z [command]/usr/bin/git remote add origin https://github.com/square/okhttp
2025-04-10T04:11:42.7500883Z ##[endgroup]
2025-04-10T04:11:42.7501520Z ##[group]Disabling automatic garbage collection
2025-04-10T04:11:42.7506118Z [command]/usr/bin/git config --local gc.auto 0
2025-04-10T04:11:42.7533989Z ##[endgroup]
2025-04-10T04:11:42.7534626Z ##[group]Setting up auth
2025-04-10T04:11:42.7541530Z [command]/usr/bin/git config --local --name-only --get-regexp core\.sshCommand
2025-04-10T04:11:42.7573163Z [command]/usr/bin/git submodule foreach --recursive sh -c "git config --local --name-only --get-regexp 'core\.sshCommand' && git config --local --unset-all 'core.sshCommand' || :"
2025-04-10T04:11:42.7891205Z [command]/usr/bin/git config --local --name-only --get-regexp http\.https\:\/\/github\.com\/\.extraheader
2025-04-10T04:11:42.7920401Z [command]/usr/bin/git submodule foreach --recursive sh -c "git config --local --name-only --get-regexp 'http\.https\:\/\/github\.com\/\.extraheader' && git config --local --unset-all 'http.https://github.com/.extraheader' || :"
2025-04-10T04:11:42.8141218Z [command]/usr/bin/git config --local http.https://github.com/.extraheader AUTHORIZATION: basic ***
2025-04-10T04:11:42.8177179Z ##[endgroup]
2025-04-10T04:11:42.8178181Z ##[group]Fetching the repository
2025-04-10T04:11:42.8187351Z [command]/usr/bin/git -c protocol.version=2 fetch --prune --no-recurse-submodules origin +refs/heads/*:refs/remotes/origin/* +refs/tags/*:refs/tags/* +4434c35d90687d0e6ee8ec794b154afeb4544f06:refs/remotes/pull/8708/merge
2025-04-10T04:11:47.6387039Z From https://github.com/square/okhttp
2025-04-10T04:11:47.6387818Z  * [new branch]          ase-code-scanning-rollout -> origin/ase-code-scanning-rollout
2025-04-10T04:11:47.6388802Z  * [new branch]          enelson-jwilson-pretend-to-be-okio -> origin/enelson-jwilson-pretend-to-be-okio
2025-04-10T04:11:47.6390371Z  * [new branch]          feature.peckb.address-policy-max-calls-per-connection -> origin/feature.peckb.address-policy-max-calls-per-connection
2025-04-10T04:11:47.6392708Z  * [new branch]          fix_reads               -> origin/fix_reads
2025-04-10T04:11:47.6393393Z  * [new branch]          gh-pages                -> origin/gh-pages
2025-04-10T04:11:47.6398058Z  * [new branch]          ghpages-javadocs        -> origin/ghpages-javadocs
2025-04-10T04:11:47.6399326Z  * [new branch]          jwilson.0107.spotless_ktlint110 -> origin/jwilson.0107.spotless_ktlint110
2025-04-10T04:11:47.6402296Z  * [new branch]          jwilson.01206.deflater_other_tests -> origin/jwilson.01206.deflater_other_tests
2025-04-10T04:11:47.6403241Z  * [new branch]          jwilson.0122.apidump    -> origin/jwilson.0122.apidump
2025-04-10T04:11:47.6405226Z  * [new branch]          jwilson.0207.split_connection -> origin/jwilson.0207.split_connection
2025-04-10T04:11:47.6406379Z  * [new branch]          jwilson.0326.canceling_calls -> origin/jwilson.0326.canceling_calls
2025-04-10T04:11:47.6410254Z  * [new branch]          jwilson.0409.mockwebserver2015 -> origin/jwilson.0409.mockwebserver2015
2025-04-10T04:11:47.6411205Z  * [new branch]          jwilson.0414.skip_host  -> origin/jwilson.0414.skip_host
2025-04-10T04:11:47.6414202Z  * [new branch]          jwilson.0422.build_4x   -> origin/jwilson.0422.build_4x
2025-04-10T04:11:47.6415065Z  * [new branch]          jwilson.0422.release_build -> origin/jwilson.0422.release_build
2025-04-10T04:11:47.6416250Z  * [new branch]          jwilson.0422.release_build_ -> origin/jwilson.0422.release_build_
2025-04-10T04:11:47.6418503Z  * [new branch]          jwilson.0613.berchmerkz -> origin/jwilson.0613.berchmerkz
2025-04-10T04:11:47.6420779Z  * [new branch]          jwilson.1120.no_name    -> origin/jwilson.1120.no_name
2025-04-10T04:11:47.6423153Z  * [new branch]          jwilson.1205.submodule_fix -> origin/jwilson.1205.submodule_fix
2025-04-10T04:11:47.6424671Z  * [new branch]          jwilson.1206.deflater   -> origin/jwilson.1206.deflater
2025-04-10T04:11:47.6426713Z  * [new branch]          kmp_again               -> origin/kmp_again
2025-04-10T04:11:47.6429030Z  * [new branch]          master                  -> origin/master
2025-04-10T04:11:47.6431384Z  * [new branch]          okhttp_27               -> origin/okhttp_27
2025-04-10T04:11:47.6433570Z  * [new branch]          okhttp_3.10.x           -> origin/okhttp_3.10.x
2025-04-10T04:11:47.6435556Z  * [new branch]          okhttp_3.11.x           -> origin/okhttp_3.11.x
2025-04-10T04:11:47.6437847Z  * [new branch]          okhttp_3.12.x           -> origin/okhttp_3.12.x
2025-04-10T04:11:47.6440155Z  * [new branch]          okhttp_3.13.x           -> origin/okhttp_3.13.x
2025-04-10T04:11:47.6442406Z  * [new branch]          okhttp_3.14.x           -> origin/okhttp_3.14.x
2025-04-10T04:11:47.6444760Z  * [new branch]          okhttp_3.9.x            -> origin/okhttp_3.9.x
2025-04-10T04:11:47.6446464Z  * [new branch]          okhttp_4.0.x            -> origin/okhttp_4.0.x
2025-04-10T04:11:47.6448743Z  * [new branch]          okhttp_4.1.x            -> origin/okhttp_4.1.x
2025-04-10T04:11:47.6451095Z  * [new branch]          okhttp_4.10.x           -> origin/okhttp_4.10.x
2025-04-10T04:11:47.6453334Z  * [new branch]          okhttp_4.2.x            -> origin/okhttp_4.2.x
2025-04-10T04:11:47.6455757Z  * [new branch]          okhttp_4.3.x            -> origin/okhttp_4.3.x
2025-04-10T04:11:47.6457698Z  * [new branch]          okhttp_4.4.x            -> origin/okhttp_4.4.x
2025-04-10T04:11:47.6460209Z  * [new branch]          okhttp_4.9.x            -> origin/okhttp_4.9.x
2025-04-10T04:11:47.6462366Z  * [new branch]          okhttp_4x               -> origin/okhttp_4x
2025-04-10T04:11:47.6465413Z  * [new branch]          renovate/bnd            -> origin/renovate/bnd
2025-04-10T04:11:47.6467699Z  * [new branch]          renovate/com.squareup-kotlinpoet-2.x -> origin/renovate/com.squareup-kotlinpoet-2.x
2025-04-10T04:11:47.6469764Z  * [new branch]          renovate/com.squareup.okio -> origin/renovate/com.squareup.okio
2025-04-10T04:11:47.6471885Z  * [new branch]          renovate/graalvm        -> origin/renovate/graalvm
2025-04-10T04:11:47.6474044Z  * [new branch]          renovate/kotlin-monorepo -> origin/renovate/kotlin-monorepo
2025-04-10T04:11:47.6476113Z  * [new branch]          renovate/major-bnd      -> origin/renovate/major-bnd
2025-04-10T04:11:47.6478777Z  * [new branch]          renovate/ru.vyarus-gradle-animalsniffer-plugin-2.x -> origin/renovate/ru.vyarus-gradle-animalsniffer-plugin-2.x
2025-04-10T04:11:47.6480672Z  * [new branch]          vscode                  -> origin/vscode
2025-04-10T04:11:47.6482821Z  * [new branch]          yschimke-hostnames      -> origin/yschimke-hostnames
2025-04-10T04:11:47.6487755Z  * [new tag]             1.3.0                   -> 1.3.0
2025-04-10T04:11:47.6488739Z  * [new tag]             jesse-5.0.0-alpha.11    -> jesse-5.0.0-alpha.11
2025-04-10T04:11:47.6490084Z  * [new tag]             jesse-5.0.0-alpha.11.b  -> jesse-5.0.0-alpha.11.b
2025-04-10T04:11:47.6491898Z  * [new tag]             list                    -> list
2025-04-10T04:11:47.6495097Z  * [new tag]             parent-1.0.0            -> parent-1.0.0
2025-04-10T04:11:47.6495734Z  * [new tag]             parent-1.0.1            -> parent-1.0.1
2025-04-10T04:11:47.6496364Z  * [new tag]             parent-1.0.2            -> parent-1.0.2
2025-04-10T04:11:47.6496991Z  * [new tag]             parent-1.1.0            -> parent-1.1.0
2025-04-10T04:11:47.6497724Z  * [new tag]             parent-1.1.1            -> parent-1.1.1
2025-04-10T04:11:47.6532796Z  * [new tag]             parent-1.2.0            -> parent-1.2.0
2025-04-10T04:11:47.6533435Z  * [new tag]             parent-1.2.1            -> parent-1.2.1
2025-04-10T04:11:47.6535486Z  * [new tag]             parent-1.5.0            -> parent-1.5.0
2025-04-10T04:11:47.6536399Z  * [new tag]             parent-1.5.1            -> parent-1.5.1
2025-04-10T04:11:47.6537869Z  * [new tag]             parent-1.5.2            -> parent-1.5.2
2025-04-10T04:11:47.6539742Z  * [new tag]             parent-1.5.3            -> parent-1.5.3
2025-04-10T04:11:47.6540365Z  * [new tag]             parent-1.5.4            -> parent-1.5.4
2025-04-10T04:11:47.6540943Z  * [new tag]             parent-1.6.0            -> parent-1.6.0
2025-04-10T04:11:47.6541557Z  * [new tag]             parent-2.0.0            -> parent-2.0.0
2025-04-10T04:11:47.6542195Z  * [new tag]             parent-2.0.0-RC1        -> parent-2.0.0-RC1
2025-04-10T04:11:47.6542808Z  * [new tag]             parent-2.0.0-RC2        -> parent-2.0.0-RC2
2025-04-10T04:11:47.6543417Z  * [new tag]             parent-2.1.0            -> parent-2.1.0
2025-04-10T04:11:47.6544021Z  * [new tag]             parent-2.1.0-RC1        -> parent-2.1.0-RC1
2025-04-10T04:11:47.6544606Z  * [new tag]             parent-2.2.0            -> parent-2.2.0
2025-04-10T04:11:47.6545186Z  * [new tag]             parent-2.3.0            -> parent-2.3.0
2025-04-10T04:11:47.6545872Z  * [new tag]             parent-2.4.0            -> parent-2.4.0
2025-04-10T04:11:47.6546476Z  * [new tag]             parent-2.4.0-RC1        -> parent-2.4.0-RC1
2025-04-10T04:11:47.6547075Z  * [new tag]             parent-2.5.0            -> parent-2.5.0
2025-04-10T04:11:47.6547673Z  * [new tag]             parent-2.6.0            -> parent-2.6.0
2025-04-10T04:11:47.6548429Z  * [new tag]             parent-2.7.0            -> parent-2.7.0
2025-04-10T04:11:47.6548965Z  * [new tag]             parent-2.7.1            -> parent-2.7.1
2025-04-10T04:11:47.6549694Z  * [new tag]             parent-2.7.2            -> parent-2.7.2
2025-04-10T04:11:47.6550321Z  * [new tag]             parent-2.7.3            -> parent-2.7.3
2025-04-10T04:11:47.6550711Z  * [new tag]             parent-2.7.4            -> parent-2.7.4
2025-04-10T04:11:47.6551312Z  * [new tag]             parent-2.7.5            -> parent-2.7.5
2025-04-10T04:11:47.6551868Z  * [new tag]             parent-3.0.0            -> parent-3.0.0
2025-04-10T04:11:47.6552358Z  * [new tag]             parent-3.0.0-RC1        -> parent-3.0.0-RC1
2025-04-10T04:11:47.6552976Z  * [new tag]             parent-3.0.1            -> parent-3.0.1
2025-04-10T04:11:47.6553323Z  * [new tag]             parent-3.1.0            -> parent-3.1.0
2025-04-10T04:11:47.6553923Z  * [new tag]             parent-3.1.1            -> parent-3.1.1
2025-04-10T04:11:47.6554394Z  * [new tag]             parent-3.1.2            -> parent-3.1.2
2025-04-10T04:11:47.6554787Z  * [new tag]             parent-3.10.0           -> parent-3.10.0
2025-04-10T04:11:47.6555408Z  * [new tag]             parent-3.11.0           -> parent-3.11.0
2025-04-10T04:11:47.6555839Z  * [new tag]             parent-3.12.0           -> parent-3.12.0
2025-04-10T04:11:47.6556331Z  * [new tag]             parent-3.12.1           -> parent-3.12.1
2025-04-10T04:11:47.6556896Z  * [new tag]             parent-3.12.10          -> parent-3.12.10
2025-04-10T04:11:47.6557245Z  * [new tag]             parent-3.12.11          -> parent-3.12.11
2025-04-10T04:11:47.6557801Z  * [new tag]             parent-3.12.12          -> parent-3.12.12
2025-04-10T04:11:47.6558319Z  * [new tag]             parent-3.12.13          -> parent-3.12.13
2025-04-10T04:11:47.6558649Z  * [new tag]             parent-3.12.2           -> parent-3.12.2
2025-04-10T04:11:47.6559492Z  * [new tag]             parent-3.12.3           -> parent-3.12.3
2025-04-10T04:11:47.6560004Z  * [new tag]             parent-3.12.4           -> parent-3.12.4
2025-04-10T04:11:47.6560473Z  * [new tag]             parent-3.12.5           -> parent-3.12.5
2025-04-10T04:11:47.6561223Z  * [new tag]             parent-3.12.6           -> parent-3.12.6
2025-04-10T04:11:47.6562578Z  * [new tag]             parent-3.12.7           -> parent-3.12.7
2025-04-10T04:11:47.6563677Z  * [new tag]             parent-3.12.8           -> parent-3.12.8
2025-04-10T04:11:47.6565047Z  * [new tag]             parent-3.12.9           -> parent-3.12.9
2025-04-10T04:11:47.6566399Z  * [new tag]             parent-3.13.0           -> parent-3.13.0
2025-04-10T04:11:47.6567764Z  * [new tag]             parent-3.13.1           -> parent-3.13.1
2025-04-10T04:11:47.6569470Z  * [new tag]             parent-3.14.0           -> parent-3.14.0
2025-04-10T04:11:47.6572099Z  * [new tag]             parent-3.14.1           -> parent-3.14.1
2025-04-10T04:11:47.6572890Z  * [new tag]             parent-3.14.2           -> parent-3.14.2
2025-04-10T04:11:47.6573996Z  * [new tag]             parent-3.14.3           -> parent-3.14.3
2025-04-10T04:11:47.6575259Z  * [new tag]             parent-3.14.4           -> parent-3.14.4
2025-04-10T04:11:47.6576728Z  * [new tag]             parent-3.14.5           -> parent-3.14.5
2025-04-10T04:11:47.6577927Z  * [new tag]             parent-3.14.6           -> parent-3.14.6
2025-04-10T04:11:47.6579504Z  * [new tag]             parent-3.14.7           -> parent-3.14.7
2025-04-10T04:11:47.6581011Z  * [new tag]             parent-3.14.8           -> parent-3.14.8
2025-04-10T04:11:47.6582463Z  * [new tag]             parent-3.14.9           -> parent-3.14.9
2025-04-10T04:11:47.6583934Z  * [new tag]             parent-3.2.0            -> parent-3.2.0
2025-04-10T04:11:47.6585311Z  * [new tag]             parent-3.3.0            -> parent-3.3.0
2025-04-10T04:11:47.6586642Z  * [new tag]             parent-3.3.1            -> parent-3.3.1
2025-04-10T04:11:47.6588236Z  * [new tag]             parent-3.4.0            -> parent-3.4.0
2025-04-10T04:11:47.6590315Z  * [new tag]             parent-3.4.0-RC1        -> parent-3.4.0-RC1
2025-04-10T04:11:47.6591894Z  * [new tag]             parent-3.4.1            -> parent-3.4.1
2025-04-10T04:11:47.6592917Z  * [new tag]             parent-3.4.2            -> parent-3.4.2
2025-04-10T04:11:47.6594939Z  * [new tag]             parent-3.5.0            -> parent-3.5.0
2025-04-10T04:11:47.6596587Z  * [new tag]             parent-3.6.0            -> parent-3.6.0
2025-04-10T04:11:47.6597720Z  * [new tag]             parent-3.7.0            -> parent-3.7.0
2025-04-10T04:11:47.6599292Z  * [new tag]             parent-3.8.0            -> parent-3.8.0
2025-04-10T04:11:47.6600848Z  * [new tag]             parent-3.8.1            -> parent-3.8.1
2025-04-10T04:11:47.6602241Z  * [new tag]             parent-3.9.0            -> parent-3.9.0
2025-04-10T04:11:47.6603528Z  * [new tag]             parent-3.9.1            -> parent-3.9.1
2025-04-10T04:11:47.6604859Z  * [new tag]             parent-4.0.0            -> parent-4.0.0
2025-04-10T04:11:47.6606296Z  * [new tag]             parent-4.0.0-ALPHA01    -> parent-4.0.0-ALPHA01
2025-04-10T04:11:47.6607773Z  * [new tag]             parent-4.0.0-RC1        -> parent-4.0.0-RC1
2025-04-10T04:11:47.6609376Z  * [new tag]             parent-4.0.0-RC2        -> parent-4.0.0-RC2
2025-04-10T04:11:47.6611071Z  * [new tag]             parent-4.0.0-RC3        -> parent-4.0.0-RC3
2025-04-10T04:11:47.6612289Z  * [new tag]             parent-4.0.0-alpha02    -> parent-4.0.0-alpha02
2025-04-10T04:11:47.6613827Z  * [new tag]             parent-4.0.1            -> parent-4.0.1
2025-04-10T04:11:47.6615274Z  * [new tag]             parent-4.1.0            -> parent-4.1.0
2025-04-10T04:11:47.6616739Z  * [new tag]             parent-4.1.1            -> parent-4.1.1
2025-04-10T04:11:47.6618207Z  * [new tag]             parent-4.10.0           -> parent-4.10.0
2025-04-10T04:11:47.6620114Z  * [new tag]             parent-4.10.0-RC1       -> parent-4.10.0-RC1
2025-04-10T04:11:47.6621540Z  * [new tag]             parent-4.11.0           -> parent-4.11.0
2025-04-10T04:11:47.6622991Z  * [new tag]             parent-4.12.0           -> parent-4.12.0
2025-04-10T04:11:47.6624479Z  * [new tag]             parent-4.2.0            -> parent-4.2.0
2025-04-10T04:11:47.6625941Z  * [new tag]             parent-4.2.1            -> parent-4.2.1
2025-04-10T04:11:47.6627504Z  * [new tag]             parent-4.2.2            -> parent-4.2.2
2025-04-10T04:11:47.6628948Z  * [new tag]             parent-4.3.0            -> parent-4.3.0
2025-04-10T04:11:47.6630672Z  * [new tag]             parent-4.3.1            -> parent-4.3.1
2025-04-10T04:11:47.6632652Z  * [new tag]             parent-4.4.0            -> parent-4.4.0
2025-04-10T04:11:47.6633889Z  * [new tag]             parent-4.4.1            -> parent-4.4.1
2025-04-10T04:11:47.6635817Z  * [new tag]             parent-4.5.0            -> parent-4.5.0
2025-04-10T04:11:47.6637191Z  * [new tag]             parent-4.5.0-RC1        -> parent-4.5.0-RC1
2025-04-10T04:11:47.6638919Z  * [new tag]             parent-4.6.0            -> parent-4.6.0
2025-04-10T04:11:47.6640613Z  * [new tag]             parent-4.7.0            -> parent-4.7.0
2025-04-10T04:11:47.6642440Z  * [new tag]             parent-4.7.1            -> parent-4.7.1
2025-04-10T04:11:47.6643652Z  * [new tag]             parent-4.7.2            -> parent-4.7.2
2025-04-10T04:11:47.6645337Z  * [new tag]             parent-4.8.0            -> parent-4.8.0
2025-04-10T04:11:47.6646743Z  * [new tag]             parent-4.8.1            -> parent-4.8.1
2025-04-10T04:11:47.6648445Z  * [new tag]             parent-4.9.0            -> parent-4.9.0
2025-04-10T04:11:47.6649928Z  * [new tag]             parent-4.9.1            -> parent-4.9.1
2025-04-10T04:11:47.6651891Z  * [new tag]             parent-4.9.2            -> parent-4.9.2
2025-04-10T04:11:47.6653228Z  * [new tag]             parent-4.9.3            -> parent-4.9.3
2025-04-10T04:11:47.6655109Z  * [new tag]             parent-5.0.0-alpha.1    -> parent-5.0.0-alpha.1
2025-04-10T04:11:47.6656418Z  * [new tag]             parent-5.0.0-alpha.10   -> parent-5.0.0-alpha.10
2025-04-10T04:11:47.6658343Z  * [new tag]             parent-5.0.0-alpha.11   -> parent-5.0.0-alpha.11
2025-04-10T04:11:47.6659907Z  * [new tag]             parent-5.0.0-alpha.12   -> parent-5.0.0-alpha.12
2025-04-10T04:11:47.6661428Z  * [new tag]             parent-5.0.0-alpha.13   -> parent-5.0.0-alpha.13
2025-04-10T04:11:47.6662947Z  * [new tag]             parent-5.0.0-alpha.14   -> parent-5.0.0-alpha.14
2025-04-10T04:11:47.6664504Z  * [new tag]             parent-5.0.0-alpha.2    -> parent-5.0.0-alpha.2
2025-04-10T04:11:47.6666032Z  * [new tag]             parent-5.0.0-alpha.3    -> parent-5.0.0-alpha.3
2025-04-10T04:11:47.6667636Z  * [new tag]             parent-5.0.0-alpha.4    -> parent-5.0.0-alpha.4
2025-04-10T04:11:47.6669267Z  * [new tag]             parent-5.0.0-alpha.5    -> parent-5.0.0-alpha.5
2025-04-10T04:11:47.6671315Z  * [new tag]             parent-5.0.0-alpha.6    -> parent-5.0.0-alpha.6
2025-04-10T04:11:47.6672481Z  * [new tag]             parent-5.0.0-alpha.7    -> parent-5.0.0-alpha.7
2025-04-10T04:11:47.6674523Z  * [new tag]             parent-5.0.0-alpha.8    -> parent-5.0.0-alpha.8
2025-04-10T04:11:47.6675794Z  * [new tag]             parent-5.0.0-alpha.9    -> parent-5.0.0-alpha.9
2025-04-10T04:11:47.6679691Z  * [new ref]             4434c35d90687d0e6ee8ec794b154afeb4544f06 -> pull/8708/merge
2025-04-10T04:11:47.6737001Z ##[endgroup]
2025-04-10T04:11:47.6737582Z ##[group]Determining the checkout info
2025-04-10T04:11:47.6738188Z ##[endgroup]
2025-04-10T04:11:47.6743578Z [command]/usr/bin/git sparse-checkout disable
2025-04-10T04:11:47.6786311Z [command]/usr/bin/git config --local --unset-all extensions.worktreeConfig
2025-04-10T04:11:47.6812280Z ##[group]Checking out the ref
2025-04-10T04:11:47.6815935Z [command]/usr/bin/git checkout --progress --force refs/remotes/pull/8708/merge
2025-04-10T04:11:47.7562847Z Note: switching to 'refs/remotes/pull/8708/merge'.
2025-04-10T04:11:47.7563405Z 
2025-04-10T04:11:47.7563829Z You are in 'detached HEAD' state. You can look around, make experimental
2025-04-10T04:11:47.7564861Z changes and commit them, and you can discard any commits you make in this
2025-04-10T04:11:47.7565876Z state without impacting any branches by switching back to a branch.
2025-04-10T04:11:47.7566479Z 
2025-04-10T04:11:47.7566929Z If you want to create a new branch to retain commits you create, you may
2025-04-10T04:11:47.7567592Z do so (now or later) by using -c with the switch command. Example:
2025-04-10T04:11:47.7568227Z 
2025-04-10T04:11:47.7568378Z   git switch -c <new-branch-name>
2025-04-10T04:11:47.7568624Z 
2025-04-10T04:11:47.7568763Z Or undo this operation with:
2025-04-10T04:11:47.7568988Z 
2025-04-10T04:11:47.7569102Z   git switch -
2025-04-10T04:11:47.7569507Z 
2025-04-10T04:11:47.7569806Z Turn off this advice by setting config variable advice.detachedHead to false
2025-04-10T04:11:47.7570246Z 
2025-04-10T04:11:47.7570727Z HEAD is now at 4434c35d9 Merge f031c3006e5d6c34041e5d957b9ff40103aafcb4 into 76aeda76c213ef398fe7d5ace10f36562c1fbdd8
2025-04-10T04:11:47.7576212Z ##[endgroup]
2025-04-10T04:11:47.7614174Z [command]/usr/bin/git log -1 --format=%H
2025-04-10T04:11:47.7636984Z 4434c35d90687d0e6ee8ec794b154afeb4544f06
2025-04-10T04:11:47.7864329Z ##[group]Run actions/setup-java@v4
2025-04-10T04:11:47.7864598Z with:
2025-04-10T04:11:47.7864786Z   distribution: zulu
2025-04-10T04:11:47.7864987Z   java-version: 11
2025-04-10T04:11:47.7865175Z   java-package: jdk
2025-04-10T04:11:47.7865386Z   check-latest: false
2025-04-10T04:11:47.7865580Z   server-id: github
2025-04-10T04:11:47.7865776Z   server-username: GITHUB_ACTOR
2025-04-10T04:11:47.7866016Z   server-password: GITHUB_TOKEN
2025-04-10T04:11:47.7866251Z   overwrite-settings: true
2025-04-10T04:11:47.7866470Z   job-status: success
2025-04-10T04:11:47.7866776Z   token: ***
2025-04-10T04:11:47.7866958Z env:
2025-04-10T04:11:47.7867318Z   GRADLE_OPTS: -Dorg.gradle.jvmargs=-Xmx4g -Dorg.gradle.daemon=false -Dkotlin.incremental=false
2025-04-10T04:11:47.7867751Z ##[endgroup]
2025-04-10T04:11:47.9752377Z ##[group]Installed distributions
2025-04-10T04:11:47.9776116Z Trying to resolve the latest version from remote
2025-04-10T04:11:48.1168432Z Resolved latest version as 11.0.26+4
2025-04-10T04:11:48.1168851Z Trying to download...
2025-04-10T04:11:48.1169690Z Downloading Java 11.0.26+4 (Zulu) from https://cdn.azul.com/zulu/bin/zulu11.78.15-ca-jdk11.0.26-linux_x64.tar.gz ...
2025-04-10T04:11:50.5306932Z Extracting Java archive...
2025-04-10T04:11:50.5413175Z [command]/usr/bin/tar xz --warning=no-unknown-keyword --overwrite -C /home/runner/work/_temp/894563ba-d467-45d8-b8dd-1537cd1db5e6 -f /home/runner/work/_temp/2dd07090-df34-43a0-be20-e27096cfdf2e
2025-04-10T04:11:53.1537913Z Java 11.0.26+4 was downloaded
2025-04-10T04:11:53.1538390Z Setting Java 11.0.26+4 as the default
2025-04-10T04:11:53.1548224Z Creating toolchains.xml for JDK version 11 from zulu
2025-04-10T04:11:53.1628671Z Writing to /home/runner/.m2/toolchains.xml
2025-04-10T04:11:53.1629315Z 
2025-04-10T04:11:53.1629462Z Java configuration:
2025-04-10T04:11:53.1629874Z   Distribution: zulu
2025-04-10T04:11:53.1630217Z   Version: 11.0.26+4
2025-04-10T04:11:53.1630651Z   Path: /opt/hostedtoolcache/Java_Zulu_jdk/11.0.26-4/x64
2025-04-10T04:11:53.1631035Z 
2025-04-10T04:11:53.1631968Z ##[endgroup]
2025-04-10T04:11:53.1644240Z Creating settings.xml with server-id: github
2025-04-10T04:11:53.1653241Z Writing to /home/runner/.m2/settings.xml
2025-04-10T04:11:53.1815415Z ##[group]Run actions/setup-java@v4
2025-04-10T04:11:53.1815698Z with:
2025-04-10T04:11:53.1815879Z   distribution: zulu
2025-04-10T04:11:53.1816075Z   java-version: 17
2025-04-10T04:11:53.1816270Z   java-package: jdk
2025-04-10T04:11:53.1816471Z   check-latest: false
2025-04-10T04:11:53.1816671Z   server-id: github
2025-04-10T04:11:53.1816871Z   server-username: GITHUB_ACTOR
2025-04-10T04:11:53.1817105Z   server-password: GITHUB_TOKEN
2025-04-10T04:11:53.1817337Z   overwrite-settings: true
2025-04-10T04:11:53.1817555Z   job-status: success
2025-04-10T04:11:53.1817874Z   token: ***
2025-04-10T04:11:53.1818049Z env:
2025-04-10T04:11:53.1818400Z   GRADLE_OPTS: -Dorg.gradle.jvmargs=-Xmx4g -Dorg.gradle.daemon=false -Dkotlin.incremental=false
2025-04-10T04:11:53.1818890Z   JAVA_HOME: /opt/hostedtoolcache/Java_Zulu_jdk/11.0.26-4/x64
2025-04-10T04:11:53.1819546Z   JAVA_HOME_11_X64: /opt/hostedtoolcache/Java_Zulu_jdk/11.0.26-4/x64
2025-04-10T04:11:53.1819868Z ##[endgroup]
2025-04-10T04:11:53.3733181Z ##[group]Installed distributions
2025-04-10T04:11:53.3765831Z Trying to resolve the latest version from remote
2025-04-10T04:11:53.4900477Z Resolved latest version as 17.0.14+7
2025-04-10T04:11:53.4900821Z Trying to download...
2025-04-10T04:11:53.4901833Z Downloading Java 17.0.14+7 (Zulu) from https://cdn.azul.com/zulu/bin/zulu17.56.15-ca-crac-jdk17.0.14-linux_x64.tar.gz ...
2025-04-10T04:11:55.3004338Z Extracting Java archive...
2025-04-10T04:11:55.3111203Z [command]/usr/bin/tar xz --warning=no-unknown-keyword --overwrite -C /home/runner/work/_temp/7c302e89-efe2-4fc6-9793-8917e817f78e -f /home/runner/work/_temp/7d04e000-f88c-4112-befb-60421bbd74d5
2025-04-10T04:11:58.0173828Z Java 17.0.14+7 was downloaded
2025-04-10T04:11:58.0174323Z Setting Java 17.0.14+7 as the default
2025-04-10T04:11:58.0184660Z Creating toolchains.xml for JDK version 17 from zulu
2025-04-10T04:11:58.0283807Z Overwriting existing file /home/runner/.m2/toolchains.xml
2025-04-10T04:11:58.0284374Z 
2025-04-10T04:11:58.0284743Z Java configuration:
2025-04-10T04:11:58.0285151Z   Distribution: zulu
2025-04-10T04:11:58.0285517Z   Version: 17.0.14+7
2025-04-10T04:11:58.0285918Z   Path: /opt/hostedtoolcache/Java_Zulu_jdk/17.0.14-7/x64
2025-04-10T04:11:58.0286184Z 
2025-04-10T04:11:58.0286562Z ##[endgroup]
2025-04-10T04:11:58.0295392Z Creating settings.xml with server-id: github
2025-04-10T04:11:58.0308618Z Overwriting existing file /home/runner/.m2/settings.xml
2025-04-10T04:11:58.0533734Z ##[group]Run gradle/actions/setup-gradle@v4
2025-04-10T04:11:58.0534033Z with:
2025-04-10T04:11:58.0534229Z   cache-disabled: false
2025-04-10T04:11:58.0534445Z   cache-read-only: true
2025-04-10T04:11:58.0534647Z   cache-write-only: false
2025-04-10T04:11:58.0534884Z   cache-overwrite-existing: false
2025-04-10T04:11:58.0535132Z   cache-cleanup: on-success
2025-04-10T04:11:58.0535400Z   gradle-home-cache-includes: caches
notifications

2025-04-10T04:11:58.0535698Z   add-job-summary: always
2025-04-10T04:11:58.0535928Z   add-job-summary-as-pr-comment: never
2025-04-10T04:11:58.0536198Z   dependency-graph: disabled
2025-04-10T04:11:58.0536504Z   dependency-graph-report-dir: dependency-graph-reports
2025-04-10T04:11:58.0536862Z   dependency-graph-continue-on-failure: true
2025-04-10T04:11:58.0537145Z   build-scan-publish: false
2025-04-10T04:11:58.0537363Z   validate-wrappers: true
2025-04-10T04:11:58.0537602Z   allow-snapshot-wrappers: false
2025-04-10T04:11:58.0537910Z   gradle-home-cache-strict-match: false
2025-04-10T04:11:58.0538178Z   workflow-job-context: null
2025-04-10T04:11:58.0538529Z   github-token: ***
2025-04-10T04:11:58.0538719Z env:
2025-04-10T04:11:58.0539080Z   GRADLE_OPTS: -Dorg.gradle.jvmargs=-Xmx4g -Dorg.gradle.daemon=false -Dkotlin.incremental=false
2025-04-10T04:11:58.0539864Z   JAVA_HOME: /opt/hostedtoolcache/Java_Zulu_jdk/17.0.14-7/x64
2025-04-10T04:11:58.0540249Z   JAVA_HOME_11_X64: /opt/hostedtoolcache/Java_Zulu_jdk/11.0.26-4/x64
2025-04-10T04:11:58.0540633Z   JAVA_HOME_17_X64: /opt/hostedtoolcache/Java_Zulu_jdk/17.0.14-7/x64
2025-04-10T04:11:58.0540937Z ##[endgroup]
2025-04-10T04:11:58.4423675Z Merged default JDK locations into /home/runner/.m2/toolchains.xml
2025-04-10T04:11:58.4426491Z ##[group]Restore Gradle state from cache
2025-04-10T04:11:58.7249434Z Cache hit for: gradle-home-v1|Linux-X64|testopenjdk11[debe7e2089933f89baa724f718db4c25]-4434c35d90687d0e6ee8ec794b154afeb4544f06
2025-04-10T04:12:00.0440831Z Received 0 of 22487833 (0.0%), 0.0 MBs/sec
2025-04-10T04:12:00.4593233Z Received 22487833 of 22487833 (100.0%), 15.1 MBs/sec
2025-04-10T04:12:00.4595400Z Cache Size: ~21 MB (22487833 B)
2025-04-10T04:12:00.4626570Z [command]/usr/bin/tar -xf /home/runner/work/_temp/3568cb05-10ed-46b7-b8eb-885662a047c3/cache.tzst -P -C /home/runner/work/okhttp/okhttp --use-compress-program unzstd
2025-04-10T04:12:00.6966702Z Cache restored successfully
2025-04-10T04:12:00.7017080Z Restored cache entry with key gradle-home-v1|Linux-X64|testopenjdk11[debe7e2089933f89baa724f718db4c25]-4434c35d90687d0e6ee8ec794b154afeb4544f06 to /home/runner/.gradle/caches,/home/runner/.gradle/notifications,/home/runner/.gradle/.setup-gradle in 2258ms
2025-04-10T04:12:00.9580864Z Cache hit for: gradle-dependencies-v1-b42fad35cb86d1d9174f7b291a2e7297
2025-04-10T04:12:00.9636602Z Cache hit for: gradle-wrapper-zips-v1-27b0df0fa405636de00fcbfa0ab79410
2025-04-10T04:12:00.9704033Z Cache hit for: gradle-instrumented-jars-v1-ff68e3740371362d2143f519ec593827
2025-04-10T04:12:00.9727243Z Cache hit for: gradle-groovy-dsl-v1-846919595b25ea26caac2eadcb743f91
2025-04-10T04:12:00.9733854Z Cache hit for: gradle-generated-gradle-jars-v1-697f81ec8d80712ce7da03f513960371
2025-04-10T04:12:00.9768558Z Cache hit for: gradle-kotlin-dsl-v1-ef41df37a50aa444123a4b79f2674179
2025-04-10T04:12:00.9775997Z Cache hit for: gradle-transforms-v1-c4057132d40b1518be96d2212d3b30d7
2025-04-10T04:12:01.5541888Z Received 75609 of 75609 (100.0%), 0.3 MBs/sec
2025-04-10T04:12:01.5542556Z Cache Size: ~0 MB (75609 B)
2025-04-10T04:12:01.5591868Z [command]/usr/bin/tar -xf /home/runner/work/_temp/52547f86-1e9c-4133-956a-9e8c3540ea09/cache.tzst -P -C /home/runner/work/okhttp/okhttp --use-compress-program unzstd
2025-04-10T04:12:01.5750404Z Cache restored successfully
2025-04-10T04:12:01.5785051Z Restored cache entry with key gradle-instrumented-jars-v1-ff68e3740371362d2143f519ec593827 to /home/runner/.gradle/caches/jars-*/*/ in 875ms
2025-04-10T04:12:01.7450923Z Received 125017 of 125017 (100.0%), 0.3 MBs/sec
2025-04-10T04:12:01.7452061Z Cache Size: ~0 MB (125017 B)
2025-04-10T04:12:01.7482131Z [command]/usr/bin/tar -xf /home/runner/work/_temp/546ae66b-cf2e-4411-8609-4fbf720ddab8/cache.tzst -P -C /home/runner/work/okhttp/okhttp --use-compress-program unzstd
2025-04-10T04:12:01.7734745Z Cache restored successfully
2025-04-10T04:12:01.7736895Z Restored cache entry with key gradle-groovy-dsl-v1-846919595b25ea26caac2eadcb743f91 to /home/runner/.gradle/caches/*/groovy-dsl/*/ in 1070ms
2025-04-10T04:12:01.8870205Z Received 2306215 of 2306215 (100.0%), 3.4 MBs/sec
2025-04-10T04:12:01.8871140Z Cache Size: ~2 MB (2306215 B)
2025-04-10T04:12:01.8958997Z [command]/usr/bin/tar -xf /home/runner/work/_temp/8c4229eb-8f3b-4377-9865-b35af1c00a74/cache.tzst -P -C /home/runner/work/okhttp/okhttp --use-compress-program unzstd
2025-04-10T04:12:02.2474374Z Received 8388608 of 186820111 (4.5%), 8.0 MBs/sec
2025-04-10T04:12:02.2732098Z Received 4194304 of 794567306 (0.5%), 4.0 MBs/sec
2025-04-10T04:12:02.3032497Z Received 0 of 40868785 (0.0%), 0.0 MBs/sec
2025-04-10T04:12:02.3134724Z Received 8388608 of 169542272 (4.9%), 7.9 MBs/sec
2025-04-10T04:12:02.8818957Z Received 40868785 of 40868785 (100.0%), 24.5 MBs/sec
2025-04-10T04:12:02.8823877Z Cache Size: ~39 MB (40868785 B)
2025-04-10T04:12:02.9655992Z Cache restored successfully
2025-04-10T04:12:02.9696428Z Restored cache entry with key gradle-kotlin-dsl-v1-ef41df37a50aa444123a4b79f2674179 to /home/runner/.gradle/caches/*/kotlin-dsl/accessors/*/,/home/runner/.gradle/caches/*/kotlin-dsl/scripts/*/ in 2266ms
2025-04-10T04:12:02.9803342Z [command]/usr/bin/tar -xf /home/runner/work/_temp/2fbdde22-fa28-4417-a266-52e657c65d0c/cache.tzst -P -C /home/runner/work/okhttp/okhttp --use-compress-program unzstd
2025-04-10T04:12:03.2577155Z Received 117440512 of 186820111 (62.9%), 55.7 MBs/sec
2025-04-10T04:12:03.2909583Z Received 83886080 of 794567306 (10.6%), 39.7 MBs/sec
2025-04-10T04:12:03.3187485Z Received 88080384 of 169542272 (52.0%), 41.7 MBs/sec
2025-04-10T04:12:03.3322248Z Cache restored successfully
2025-04-10T04:12:03.3408320Z Restored cache entry with key gradle-generated-gradle-jars-v1-697f81ec8d80712ce7da03f513960371 to /home/runner/.gradle/caches/8.13/generated-gradle-jars/gradle-api-8.13.jar in 2638ms
2025-04-10T04:12:04.1001397Z Received 186820111 of 186820111 (100.0%), 62.5 MBs/sec
2025-04-10T04:12:04.1004501Z Cache Size: ~178 MB (186820111 B)
2025-04-10T04:12:04.1146274Z [command]/usr/bin/tar -xf /home/runner/work/_temp/d994b5d1-4438-410a-b77a-78aad60272f7/cache.tzst -P -C /home/runner/work/okhttp/okhttp --use-compress-program unzstd
2025-04-10T04:12:04.2960484Z Received 134217728 of 794567306 (16.9%), 42.4 MBs/sec
2025-04-10T04:12:04.3189401Z Received 130023424 of 169542272 (76.7%), 41.2 MBs/sec
2025-04-10T04:12:05.2907339Z Received 230686720 of 794567306 (29.0%), 54.8 MBs/sec
2025-04-10T04:12:05.3198718Z Received 130023424 of 169542272 (76.7%), 30.9 MBs/sec
2025-04-10T04:12:05.8838493Z Cache restored successfully
2025-04-10T04:12:05.9238329Z Restored cache entry with key gradle-wrapper-zips-v1-27b0df0fa405636de00fcbfa0ab79410 to /home/runner/.gradle/wrapper/dists/gradle-8.13-all/54h0s9kvb6g2sinako7ub77ku in 5221ms
2025-04-10T04:12:06.2904713Z Received 268435456 of 794567306 (33.8%), 51.0 MBs/sec
2025-04-10T04:12:06.3191712Z Received 130023424 of 169542272 (76.7%), 24.7 MBs/sec
2025-04-10T04:12:07.2913744Z Received 348127232 of 794567306 (43.8%), 55.2 MBs/sec
2025-04-10T04:12:07.3192214Z Received 130023424 of 169542272 (76.7%), 20.6 MBs/sec
2025-04-10T04:12:08.2919085Z Received 402653184 of 794567306 (50.7%), 54.7 MBs/sec
2025-04-10T04:12:08.3196181Z Received 130023424 of 169542272 (76.7%), 17.7 MBs/sec
2025-04-10T04:12:09.2914076Z Received 473956352 of 794567306 (59.6%), 56.4 MBs/sec
2025-04-10T04:12:09.3194483Z Received 130023424 of 169542272 (76.7%), 15.5 MBs/sec
2025-04-10T04:12:10.2912877Z Received 532676608 of 794567306 (67.0%), 56.3 MBs/sec
2025-04-10T04:12:10.3193576Z Received 134217728 of 169542272 (79.2%), 14.2 MBs/sec
2025-04-10T04:12:11.2914307Z Received 578813952 of 794567306 (72.8%), 55.1 MBs/sec
2025-04-10T04:12:11.3192231Z Received 165347968 of 169542272 (97.5%), 15.7 MBs/sec
2025-04-10T04:12:12.2915523Z Received 654311424 of 794567306 (82.3%), 56.6 MBs/sec
2025-04-10T04:12:12.3201616Z Received 165347968 of 169542272 (97.5%), 14.3 MBs/sec
2025-04-10T04:12:13.2912432Z Received 687865856 of 794567306 (86.6%), 54.6 MBs/sec
2025-04-10T04:12:13.3201819Z Received 165347968 of 169542272 (97.5%), 13.1 MBs/sec
2025-04-10T04:12:14.2912451Z Received 763363328 of 794567306 (96.1%), 55.9 MBs/sec
2025-04-10T04:12:14.3201664Z Received 165347968 of 169542272 (97.5%), 12.1 MBs/sec
2025-04-10T04:12:14.3788783Z Received 169542272 of 169542272 (100.0%), 12.4 MBs/sec
2025-04-10T04:12:14.3790787Z Cache Size: ~162 MB (169542272 B)
2025-04-10T04:12:14.3912873Z [command]/usr/bin/tar -xf /home/runner/work/_temp/fdd34fcc-d3ec-4b85-b7fa-fd1801257502/cache.tzst -P -C /home/runner/work/okhttp/okhttp --use-compress-program unzstd
2025-04-10T04:12:14.7486632Z Received 794567306 of 794567306 (100.0%), 56.2 MBs/sec
2025-04-10T04:12:14.7596674Z Cache Size: ~758 MB (794567306 B)
2025-04-10T04:12:14.7598336Z [command]/usr/bin/tar -xf /home/runner/work/_temp/c82b131e-d6f6-44aa-a859-cbc03d548b30/cache.tzst -P -C /home/runner/work/okhttp/okhttp --use-compress-program unzstd
2025-04-10T04:12:16.7756792Z Cache restored successfully
2025-04-10T04:12:16.8796904Z Cache restored successfully
2025-04-10T04:12:17.0416991Z Restored cache entry with key gradle-dependencies-v1-b42fad35cb86d1d9174f7b291a2e7297 to /home/runner/.gradle/caches/modules-*/files-*/*/*/*/* in 16339ms
2025-04-10T04:12:17.0831115Z Restored cache entry with key gradle-transforms-v1-c4057132d40b1518be96d2212d3b30d7 to /home/runner/.gradle/caches/transforms-4/*/,/home/runner/.gradle/caches/*/transforms/*/ in 16378ms
2025-04-10T04:12:17.0941113Z ##[endgroup]
2025-04-10T04:12:17.1248403Z ##[group]All Gradle Wrapper jars are valid
2025-04-10T04:12:17.1250017Z âœ“ Found known Gradle Wrapper JAR files:
2025-04-10T04:12:17.1251219Z   81a82aaea5abcc8ff68b3dfcb58b3c3c429378efd98e7433460610fecd7ae45f gradle/wrapper/gradle-wrapper.jar
2025-04-10T04:12:17.1252526Z ##[endgroup]
2025-04-10T04:12:17.1419765Z ##[group]Run ./gradlew test -Dtest.java.version=11
2025-04-10T04:12:17.1420256Z [36;1m./gradlew test -Dtest.java.version=11[0m
2025-04-10T04:12:17.1469839Z shell: /usr/bin/bash -e {0}
2025-04-10T04:12:17.1470131Z env:
2025-04-10T04:12:17.1470563Z   GRADLE_OPTS: -Dorg.gradle.jvmargs=-Xmx4g -Dorg.gradle.daemon=false -Dkotlin.incremental=false
2025-04-10T04:12:17.1471125Z   JAVA_HOME: /opt/hostedtoolcache/Java_Zulu_jdk/17.0.14-7/x64
2025-04-10T04:12:17.1471577Z   JAVA_HOME_11_X64: /opt/hostedtoolcache/Java_Zulu_jdk/11.0.26-4/x64
2025-04-10T04:12:17.1472260Z   JAVA_HOME_17_X64: /opt/hostedtoolcache/Java_Zulu_jdk/17.0.14-7/x64
2025-04-10T04:12:17.1472651Z   GRADLE_ACTION_ID: gradle/actions/setup-gradle
2025-04-10T04:12:17.1472994Z   GRADLE_USER_HOME: /home/runner/.gradle
2025-04-10T04:12:17.1473319Z   GRADLE_BUILD_ACTION_SETUP_COMPLETED: true
2025-04-10T04:12:17.1473642Z   GRADLE_BUILD_ACTION_CACHE_RESTORED: true
2025-04-10T04:12:17.1474151Z   DEVELOCITY_INJECTION_INIT_SCRIPT_NAME: gradle-actions.inject-develocity.init.gradle
2025-04-10T04:12:17.1474667Z   DEVELOCITY_AUTO_INJECTION_CUSTOM_VALUE: gradle-actions
2025-04-10T04:12:17.1475022Z   GITHUB_DEPENDENCY_GRAPH_ENABLED: false
2025-04-10T04:12:17.1475315Z ##[endgroup]
2025-04-10T04:12:18.0856904Z To honour the JVM settings for this build a single-use Daemon process will be forked. For more on this, please refer to https://docs.gradle.org/8.13/userguide/gradle_daemon.html#sec:disabling_the_daemon in the Gradle documentation.
2025-04-10T04:12:19.0844812Z Daemon will be stopped at the end of the build 
2025-04-10T04:12:23.0840092Z Type-safe project accessors is an incubating feature.
2025-04-10T04:12:25.3877785Z > Task :buildSrc:checkKotlinGradlePluginConfigurationErrors SKIPPED
2025-04-10T04:12:25.5841960Z > Task :buildSrc:compileKotlin FROM-CACHE
2025-04-10T04:12:25.5842624Z > Task :buildSrc:compileJava NO-SOURCE
2025-04-10T04:12:25.5843217Z > Task :buildSrc:compileGroovy NO-SOURCE
2025-04-10T04:12:25.6848108Z > Task :buildSrc:pluginDescriptors
2025-04-10T04:12:25.6850426Z > Task :buildSrc:processResources NO-SOURCE
2025-04-10T04:12:25.6858460Z > Task :buildSrc:classes UP-TO-DATE
2025-04-10T04:12:25.6858846Z 
2025-04-10T04:12:25.6859031Z > Task :buildSrc:jar
2025-04-10T04:12:25.6859869Z :jar: No valid plugin descriptors were found in META-INF/gradle-plugins
2025-04-10T04:12:43.9860941Z 
2025-04-10T04:12:43.9880047Z > Configure project :
2025-04-10T04:12:43.9880943Z warning: Dokka Gradle plugin V1 is deprecated
2025-04-10T04:12:43.9881613Z     
2025-04-10T04:12:43.9882385Z     Dokka Gradle plugin V1 is deprecated, and will be removed in Dokka version 2.1.0
2025-04-10T04:12:43.9883400Z     Please migrate to Dokka Gradle plugin V2. This will require updating your project.
2025-04-10T04:12:43.9884489Z     To learn about migrating read the migration guide https://kotl.in/dokka-gradle-migration
2025-04-10T04:12:43.9885254Z     
2025-04-10T04:12:43.9885698Z     To start migrating to Dokka Gradle plugin V2 add
2025-04-10T04:12:43.9886566Z         org.jetbrains.dokka.experimental.gradle.pluginMode=V2EnabledWithHelpers
2025-04-10T04:12:43.9887392Z     into your project's `gradle.properties` file.
2025-04-10T04:12:43.9887926Z     
2025-04-10T04:12:43.9888282Z     We would appreciate your feedback!
2025-04-10T04:12:43.9889014Z      - Please report any feedback or problems https://kotl.in/dokka-issues
2025-04-10T04:12:43.9892636Z      - Chat with the community visit #dokka in https://kotlinlang.slack.com/ (To sign up visit https://kotl.in/slack)
2025-04-10T04:12:43.9898887Z     
2025-04-10T04:13:11.0880401Z 
2025-04-10T04:13:11.0881781Z > Task :okhttp-testing-support:checkKotlinGradlePluginConfigurationErrors SKIPPED
2025-04-10T04:13:11.0882979Z > Task :okhttp-tls:checkKotlinGradlePluginConfigurationErrors SKIPPED
2025-04-10T04:13:11.0884032Z > Task :okhttp:checkKotlinGradlePluginConfigurationErrors SKIPPED
2025-04-10T04:13:11.0896600Z > Task :okhttp-idna-mapping-table:checkKotlinGradlePluginConfigurationErrors SKIPPED
2025-04-10T04:13:11.0898480Z > Task :okhttp-tls:processResources NO-SOURCE
2025-04-10T04:13:11.0899824Z > Task :logging-interceptor:checkKotlinGradlePluginConfigurationErrors SKIPPED
2025-04-10T04:13:11.1845586Z > Task :logging-interceptor:processResources NO-SOURCE
2025-04-10T04:13:11.1846409Z > Task :android-test:checkKotlinGradlePluginConfigurationErrors SKIPPED
2025-04-10T04:13:11.1847696Z > Task :okhttp-testing-support:processResources
2025-04-10T04:13:11.1848555Z > Task :android-test:preBuild UP-TO-DATE
2025-04-10T04:13:11.1849062Z > Task :android-test:preDebugBuild UP-TO-DATE
2025-04-10T04:13:11.1862319Z > Task :android-test-app:checkKotlinGradlePluginConfigurationErrors SKIPPED
2025-04-10T04:13:11.1863180Z > Task :android-test-app:preBuild UP-TO-DATE
2025-04-10T04:13:11.1863825Z > Task :android-test-app:preDebugBuild UP-TO-DATE
2025-04-10T04:13:11.1864475Z > Task :android-test:generateDebugResValues
2025-04-10T04:13:11.1865093Z > Task :android-test-app:generateDebugResValues
2025-04-10T04:13:11.2852470Z > Task :android-test:generateDebugResources
2025-04-10T04:13:11.2853497Z > Task :android-test-app:generateDebugResources
2025-04-10T04:13:11.4863551Z > Task :android-test:packageDebugResources
2025-04-10T04:13:11.4864710Z > Task :android-test-app:packageDebugResources
2025-04-10T04:13:11.7843699Z > Task :okhttp:copyKotlinTemplates
2025-04-10T04:13:11.8859084Z > Task :okhttp:jvmProcessResources
2025-04-10T04:13:11.8860750Z > Task :okhttp:processJvmMainResources SKIPPED
2025-04-10T04:13:11.8861740Z > Task :okhttp:preBuild UP-TO-DATE
2025-04-10T04:13:11.8865600Z > Task :okhttp:preDebugBuild UP-TO-DATE
2025-04-10T04:13:11.8868510Z > Task :okhttp:generateDebugResValues FROM-CACHE
2025-04-10T04:13:11.8869631Z > Task :okhttp:generateDebugResources
2025-04-10T04:13:11.8871624Z > Task :okhttp:packageDebugResources
2025-04-10T04:13:12.6841135Z > Task :okhttp:parseDebugLocalResources
2025-04-10T04:13:12.6845676Z > Task :android-test-app:parseDebugLocalResources
2025-04-10T04:13:12.6850059Z > Task :android-test:parseDebugLocalResources
2025-04-10T04:13:12.6854172Z > Task :android-test:javaPreCompileDebug
2025-04-10T04:13:12.7872325Z > Task :okhttp:generateDebugRFile
2025-04-10T04:13:12.7873321Z > Task :android-test:generateDebugRFile
2025-04-10T04:13:12.7873996Z > Task :android-test:preDebugUnitTestBuild UP-TO-DATE
2025-04-10T04:13:12.7874644Z > Task :okhttp:javaPreCompileDebug FROM-CACHE
2025-04-10T04:13:12.7875265Z > Task :okhttp:preReleaseBuild UP-TO-DATE
2025-04-10T04:13:12.7875925Z > Task :okhttp:generateReleaseResValues FROM-CACHE
2025-04-10T04:13:12.7876568Z > Task :okhttp:generateReleaseResources
2025-04-10T04:13:12.8865026Z > Task :okhttp:packageReleaseResources
2025-04-10T04:13:12.8866946Z > Task :okhttp:parseReleaseLocalResources FROM-CACHE
2025-04-10T04:13:12.8867654Z > Task :okhttp:generateReleaseRFile FROM-CACHE
2025-04-10T04:13:12.8868299Z > Task :okhttp:javaPreCompileRelease FROM-CACHE
2025-04-10T04:13:13.3838344Z > Task :okhttp:writeDebugAarMetadata
2025-04-10T04:13:13.3839658Z > Task :okhttp:extractDeepLinksDebug
2025-04-10T04:13:13.4840623Z > Task :android-test-app:mapDebugSourceSetPaths
2025-04-10T04:13:13.4841445Z > Task :android-test:javaPreCompileDebugUnitTest FROM-CACHE
2025-04-10T04:13:13.4842176Z > Task :android-test:preReleaseBuild UP-TO-DATE
2025-04-10T04:13:13.4842866Z > Task :android-test:generateReleaseResValues FROM-CACHE
2025-04-10T04:13:13.4843551Z > Task :android-test:generateReleaseResources
2025-04-10T04:13:13.5851411Z > Task :android-test:packageReleaseResources
2025-04-10T04:13:13.5854222Z > Task :android-test:parseReleaseLocalResources FROM-CACHE
2025-04-10T04:13:13.5855017Z > Task :android-test:generateReleaseRFile FROM-CACHE
2025-04-10T04:13:13.5855787Z > Task :android-test:javaPreCompileRelease FROM-CACHE
2025-04-10T04:13:13.5856551Z > Task :android-test:preReleaseUnitTestBuild UP-TO-DATE
2025-04-10T04:13:13.5857401Z > Task :android-test:generateDebugUnitTestStubRFile
2025-04-10T04:13:13.6842830Z > Task :android-test:generateReleaseUnitTestStubRFile FROM-CACHE
2025-04-10T04:13:13.6872969Z > Task :android-test:javaPreCompileReleaseUnitTest FROM-CACHE
2025-04-10T04:13:13.6873891Z 
2025-04-10T04:13:13.6874386Z > Task :okhttp:processDebugManifest
2025-04-10T04:13:13.6881395Z package="okhttp.okhttp3" found in source AndroidManifest.xml: /home/runner/work/okhttp/okhttp/okhttp/src/androidMain/AndroidManifest.xml.
2025-04-10T04:13:13.6883854Z Setting the namespace via the package attribute in the source AndroidManifest.xml is no longer supported, and the value is ignored.
2025-04-10T04:13:13.6886291Z Recommendation: remove package="okhttp.okhttp3" from the source AndroidManifest.xml: /home/runner/work/okhttp/okhttp/okhttp/src/androidMain/AndroidManifest.xml.
2025-04-10T04:13:13.6887907Z 
2025-04-10T04:13:13.6888557Z > Task :container-tests:checkKotlinGradlePluginConfigurationErrors SKIPPED
2025-04-10T04:13:13.6889730Z > Task :container-tests:processResources NO-SOURCE
2025-04-10T04:13:13.6890443Z > Task :container-tests:processTestResources NO-SOURCE
2025-04-10T04:13:13.6891305Z > Task :mockwebserver3:checkKotlinGradlePluginConfigurationErrors SKIPPED
2025-04-10T04:13:13.6892121Z > Task :mockwebserver3:processResources NO-SOURCE
2025-04-10T04:13:13.6892979Z > Task :mockwebserver3-junit5:checkKotlinGradlePluginConfigurationErrors SKIPPED
2025-04-10T04:13:13.6893816Z > Task :mockwebserver3-junit5:processResources
2025-04-10T04:13:13.6894412Z > Task :android-test-app:checkDebugAarMetadata
2025-04-10T04:13:13.6895068Z > Task :logging-interceptor:processTestResources NO-SOURCE
2025-04-10T04:13:13.6895913Z > Task :mockwebserver:checkKotlinGradlePluginConfigurationErrors SKIPPED
2025-04-10T04:13:13.7853594Z > Task :mockwebserver:processResources NO-SOURCE
2025-04-10T04:13:13.7864916Z > Task :mockwebserver:processTestResources NO-SOURCE
2025-04-10T04:13:13.7865643Z > Task :mockwebserver3:processTestResources NO-SOURCE
2025-04-10T04:13:13.7866528Z > Task :mockwebserver3-junit4:checkKotlinGradlePluginConfigurationErrors SKIPPED
2025-04-10T04:13:13.7867487Z > Task :mockwebserver3-junit4:processResources NO-SOURCE
2025-04-10T04:13:13.7868416Z > Task :mockwebserver3-junit4:processTestResources NO-SOURCE
2025-04-10T04:13:13.7894548Z > Task :mockwebserver3-junit5:processTestResources NO-SOURCE
2025-04-10T04:13:13.7895449Z > Task :okcurl:checkKotlinGradlePluginConfigurationErrors SKIPPED
2025-04-10T04:13:13.7896191Z > Task :okhttp:compileDebugLibraryResources
2025-04-10T04:13:13.7896769Z > Task :okhttp:writeReleaseAarMetadata
2025-04-10T04:13:13.7897317Z > Task :okcurl:copyResourcesTemplates
2025-04-10T04:13:13.7897899Z > Task :okhttp:extractDeepLinksRelease FROM-CACHE
2025-04-10T04:13:13.7898492Z > Task :okcurl:processResources
2025-04-10T04:13:13.7899070Z > Task :okhttp:processReleaseManifest FROM-CACHE
2025-04-10T04:13:13.7899874Z > Task :okhttp:preDebugUnitTestBuild UP-TO-DATE
2025-04-10T04:13:13.7900518Z > Task :okcurl:processTestResources NO-SOURCE
2025-04-10T04:13:13.7920107Z > Task :okhttp-brotli:checkKotlinGradlePluginConfigurationErrors SKIPPED
2025-04-10T04:13:13.7920945Z > Task :okhttp-brotli:processResources NO-SOURCE
2025-04-10T04:13:13.8870733Z > Task :okhttp-brotli:processTestResources NO-SOURCE
2025-04-10T04:13:13.8872114Z > Task :okhttp-coroutines:checkKotlinGradlePluginConfigurationErrors SKIPPED
2025-04-10T04:13:13.8873389Z > Task :okhttp-coroutines:processResources NO-SOURCE
2025-04-10T04:13:13.8876451Z > Task :okhttp-coroutines:processTestResources NO-SOURCE
2025-04-10T04:13:13.8877588Z > Task :okhttp-dnsoverhttps:checkKotlinGradlePluginConfigurationErrors SKIPPED
2025-04-10T04:13:13.8878728Z > Task :okhttp-dnsoverhttps:processResources NO-SOURCE
2025-04-10T04:13:13.8879907Z > Task :okhttp-dnsoverhttps:processTestResources NO-SOURCE
2025-04-10T04:13:13.8881052Z > Task :okhttp-hpacktests:checkKotlinGradlePluginConfigurationErrors SKIPPED
2025-04-10T04:13:13.8882106Z > Task :okhttp-hpacktests:compileKotlin NO-SOURCE
2025-04-10T04:13:13.8882960Z > Task :okhttp-hpacktests:compileJava NO-SOURCE
2025-04-10T04:13:13.8883820Z > Task :okhttp-hpacktests:processResources NO-SOURCE
2025-04-10T04:13:13.8885010Z > Task :okhttp-hpacktests:classes UP-TO-DATE
2025-04-10T04:13:13.9872751Z > Task :okhttp:checkDebugUnitTestAarMetadata
2025-04-10T04:13:13.9873849Z > Task :okhttp:generateDebugUnitTestResValues FROM-CACHE
2025-04-10T04:13:13.9875414Z > Task :okhttp:mapDebugUnitTestSourceSetPaths
2025-04-10T04:13:13.9876276Z > Task :okhttp:generateDebugUnitTestResources
2025-04-10T04:13:14.4837984Z > Task :okhttp:mergeDebugUnitTestResources
2025-04-10T04:13:14.6890402Z > Task :okhttp-hpacktests:jar
2025-04-10T04:13:14.6891157Z > Task :android-test-app:createDebugCompatibleScreenManifests
2025-04-10T04:13:14.6891974Z > Task :android-test-app:extractDeepLinksDebug FROM-CACHE
2025-04-10T04:13:15.2838582Z > Task :okhttp:processDebugUnitTestManifest
2025-04-10T04:13:15.3861551Z > Task :android-test-app:mergeDebugResources
2025-04-10T04:13:15.3862328Z > Task :okhttp-hpacktests:processTestResources
2025-04-10T04:13:15.3863245Z > Task :okhttp-java-net-cookiejar:checkKotlinGradlePluginConfigurationErrors SKIPPED
2025-04-10T04:13:15.3864295Z > Task :okhttp-java-net-cookiejar:processResources NO-SOURCE
2025-04-10T04:13:15.3865146Z > Task :okhttp-java-net-cookiejar:processTestResources NO-SOURCE
2025-04-10T04:13:15.3866077Z > Task :okhttp-osgi-tests:checkKotlinGradlePluginConfigurationErrors SKIPPED
2025-04-10T04:13:15.3867142Z > Task :okhttp-sse:checkKotlinGradlePluginConfigurationErrors SKIPPED
2025-04-10T04:13:15.3867939Z > Task :okhttp-sse:processResources NO-SOURCE
2025-04-10T04:13:15.3868821Z > Task :okhttp-urlconnection:checkKotlinGradlePluginConfigurationErrors SKIPPED
2025-04-10T04:13:15.3869984Z > Task :okhttp-urlconnection:processResources NO-SOURCE
2025-04-10T04:13:15.3870744Z > Task :okhttp-osgi-tests:processResources NO-SOURCE
2025-04-10T04:13:15.3871184Z 
2025-04-10T04:13:15.3871453Z > Task :android-test-app:processDebugMainManifest
2025-04-10T04:13:15.3872791Z package="okhttp.android.testapp" found in source AndroidManifest.xml: /home/runner/work/okhttp/okhttp/android-test-app/src/main/AndroidManifest.xml.
2025-04-10T04:13:15.3874567Z Setting the namespace via the package attribute in the source AndroidManifest.xml is no longer supported, and the value is ignored.
2025-04-10T04:13:15.3876464Z Recommendation: remove package="okhttp.android.testapp" from the source AndroidManifest.xml: /home/runner/work/okhttp/okhttp/android-test-app/src/main/AndroidManifest.xml.
2025-04-10T04:13:15.5840723Z 
2025-04-10T04:13:15.5841330Z > Task :android-test-app:processDebugManifest
2025-04-10T04:13:15.5842101Z > Task :android-test-app:processDebugManifestForPackage
2025-04-10T04:13:15.6846489Z > Task :okhttp-osgi-tests:copyOsgiTestDeployment
2025-04-10T04:13:15.6854969Z > Task :okhttp:javaPreCompileDebugUnitTest FROM-CACHE
2025-04-10T04:13:15.6859883Z > Task :okhttp:generateDebugUnitTestAssets UP-TO-DATE
2025-04-10T04:13:15.7848633Z > Task :okhttp:processDebugUnitTestResources
2025-04-10T04:13:15.7852943Z > Task :okhttp-osgi-tests:processTestResources NO-SOURCE
2025-04-10T04:13:15.7856822Z > Task :okhttp-sse:processTestResources NO-SOURCE
2025-04-10T04:13:15.7860898Z > Task :okhttp-testing-support:processTestResources NO-SOURCE
2025-04-10T04:13:15.8858773Z > Task :okhttp-tls:processTestResources NO-SOURCE
2025-04-10T04:13:15.8861467Z > Task :okhttp-urlconnection:processTestResources NO-SOURCE
2025-04-10T04:13:15.8863043Z > Task :samples:compileJava NO-SOURCE
2025-04-10T04:13:15.8864090Z > Task :samples:processResources NO-SOURCE
2025-04-10T04:13:15.8866863Z > Task :samples:classes UP-TO-DATE
2025-04-10T04:13:15.8870414Z > Task :samples:compileTestJava NO-SOURCE
2025-04-10T04:13:15.8872569Z > Task :samples:processTestResources NO-SOURCE
2025-04-10T04:13:15.8875429Z > Task :samples:testClasses UP-TO-DATE
2025-04-10T04:13:15.8876203Z > Task :samples:test NO-SOURCE
2025-04-10T04:13:15.8877096Z > Task :samples:compare:checkKotlinGradlePluginConfigurationErrors SKIPPED
2025-04-10T04:13:15.8878009Z > Task :samples:compare:compileKotlin NO-SOURCE
2025-04-10T04:13:15.8878714Z > Task :samples:compare:compileJava NO-SOURCE
2025-04-10T04:13:15.8879625Z > Task :samples:compare:processResources NO-SOURCE
2025-04-10T04:13:15.8880554Z > Task :samples:compare:classes UP-TO-DATE
2025-04-10T04:13:15.9858530Z > Task :samples:compare:jar
2025-04-10T04:13:15.9967157Z > Task :samples:compare:processTestResources NO-SOURCE
2025-04-10T04:13:15.9968504Z > Task :samples:crawler:checkKotlinGradlePluginConfigurationErrors SKIPPED
2025-04-10T04:13:15.9969616Z > Task :samples:crawler:processResources NO-SOURCE
2025-04-10T04:13:15.9970346Z > Task :samples:crawler:processTestResources NO-SOURCE
2025-04-10T04:13:15.9971280Z > Task :samples:guide:checkKotlinGradlePluginConfigurationErrors SKIPPED
2025-04-10T04:13:15.9972693Z > Task :samples:guide:processResources NO-SOURCE
2025-04-10T04:13:15.9973658Z > Task :samples:guide:processTestResources NO-SOURCE
2025-04-10T04:13:15.9974795Z > Task :samples:simple-client:checkKotlinGradlePluginConfigurationErrors SKIPPED
2025-04-10T04:13:15.9975896Z > Task :samples:simple-client:processResources NO-SOURCE
2025-04-10T04:13:15.9976816Z > Task :samples:simple-client:processTestResources NO-SOURCE
2025-04-10T04:13:15.9977877Z > Task :samples:slack:checkKotlinGradlePluginConfigurationErrors SKIPPED
2025-04-10T04:13:15.9978867Z > Task :samples:slack:processResources NO-SOURCE
2025-04-10T04:13:15.9979913Z > Task :samples:slack:processTestResources NO-SOURCE
2025-04-10T04:13:15.9980954Z > Task :samples:static-server:checkKotlinGradlePluginConfigurationErrors SKIPPED
2025-04-10T04:13:15.9982705Z > Task :samples:static-server:processResources NO-SOURCE
2025-04-10T04:13:15.9984785Z > Task :samples:static-server:processTestResources NO-SOURCE
2025-04-10T04:13:15.9986025Z > Task :samples:tlssurvey:checkKotlinGradlePluginConfigurationErrors SKIPPED
2025-04-10T04:13:15.9988060Z > Task :samples:unixdomainsockets:checkKotlinGradlePluginConfigurationErrors SKIPPED
2025-04-10T04:13:15.9989551Z > Task :samples:unixdomainsockets:processResources NO-SOURCE
2025-04-10T04:13:15.9991285Z > Task :samples:unixdomainsockets:processTestResources NO-SOURCE
2025-04-10T04:13:15.9993180Z > Task :okhttp:mergeDebugShaders
2025-04-10T04:13:15.9993812Z > Task :okhttp:compileDebugShaders NO-SOURCE
2025-04-10T04:13:15.9994461Z > Task :okhttp:debugAssetsCopyForAGP NO-SOURCE
2025-04-10T04:13:15.9995096Z > Task :okhttp:generateDebugAssets UP-TO-DATE
2025-04-10T04:13:16.0864057Z > Task :okhttp:mergeDebugAssets
2025-04-10T04:13:16.0865092Z > Task :okhttp:mergeDebugUnitTestAssets
2025-04-10T04:13:16.1837270Z > Task :okhttp:packageDebugUnitTestForUnitTest
2025-04-10T04:13:16.1842292Z > Task :okhttp:preReleaseUnitTestBuild UP-TO-DATE
2025-04-10T04:13:16.1846762Z > Task :okhttp:generateDebugUnitTestConfig
2025-04-10T04:13:16.2857701Z > Task :okhttp:checkReleaseUnitTestAarMetadata
2025-04-10T04:13:16.2858892Z > Task :okhttp:compileReleaseLibraryResources
2025-04-10T04:13:16.2860400Z > Task :okhttp:generateReleaseUnitTestResValues FROM-CACHE
2025-04-10T04:13:16.2861307Z > Task :okhttp:mapReleaseUnitTestSourceSetPaths
2025-04-10T04:13:16.2862141Z > Task :okhttp:generateReleaseUnitTestResources
2025-04-10T04:13:16.2863045Z > Task :android-test-app:javaPreCompileDebug FROM-CACHE
2025-04-10T04:13:16.2863933Z > Task :android-test-app:preDebugUnitTestBuild UP-TO-DATE
2025-04-10T04:13:16.2864902Z > Task :android-test-app:javaPreCompileDebugUnitTest FROM-CACHE
2025-04-10T04:13:16.3837366Z > Task :okhttp:mergeReleaseUnitTestResources
2025-04-10T04:13:16.4838109Z > Task :okhttp:processReleaseUnitTestManifest
2025-04-10T04:13:16.4842818Z > Task :android-test-app:buildKotlinToolingMetadata
2025-04-10T04:13:16.4844803Z > Task :android-test-app:preReleaseBuild UP-TO-DATE
2025-04-10T04:13:16.4849855Z > Task :android-test-app:checkReleaseAarMetadata
2025-04-10T04:13:16.4850958Z > Task :android-test-app:generateReleaseResValues FROM-CACHE
2025-04-10T04:13:16.5856372Z > Task :android-test-app:mapReleaseSourceSetPaths
2025-04-10T04:13:16.5857548Z > Task :android-test-app:generateReleaseResources
2025-04-10T04:13:16.5858533Z > Task :android-test-app:processDebugResources
2025-04-10T04:13:16.5859820Z > Task :okhttp:javaPreCompileReleaseUnitTest FROM-CACHE
2025-04-10T04:13:16.5861541Z > Task :okhttp:generateReleaseUnitTestAssets UP-TO-DATE
2025-04-10T04:13:16.5862600Z > Task :okhttp:mergeReleaseShaders
2025-04-10T04:13:16.5866092Z > Task :okhttp:compileReleaseShaders NO-SOURCE
2025-04-10T04:13:16.5866727Z > Task :okhttp:generateReleaseAssets UP-TO-DATE
2025-04-10T04:13:16.5867375Z > Task :okhttp:releaseAssetsCopyForAGP NO-SOURCE
2025-04-10T04:13:16.5868007Z > Task :okhttp:mergeReleaseAssets
2025-04-10T04:13:16.6838317Z > Task :okhttp:mergeReleaseUnitTestAssets
2025-04-10T04:13:16.6840931Z > Task :okhttp:processReleaseUnitTestResources
2025-04-10T04:13:16.6845340Z > Task :okhttp:packageReleaseUnitTestForUnitTest
2025-04-10T04:13:16.6846057Z > Task :okhttp:generateReleaseUnitTestConfig
2025-04-10T04:13:16.9862943Z > Task :android-test-app:packageReleaseResources
2025-04-10T04:13:16.9864169Z > Task :android-test-app:parseReleaseLocalResources FROM-CACHE
2025-04-10T04:13:16.9865319Z > Task :android-test-app:createReleaseCompatibleScreenManifests
2025-04-10T04:13:16.9866555Z > Task :android-test-app:extractDeepLinksRelease FROM-CACHE
2025-04-10T04:13:17.0838348Z 
2025-04-10T04:13:17.0843199Z > Task :android-test-app:processReleaseMainManifest
2025-04-10T04:13:17.0848479Z package="okhttp.android.testapp" found in source AndroidManifest.xml: /home/runner/work/okhttp/okhttp/android-test-app/src/main/AndroidManifest.xml.
2025-04-10T04:13:17.0850761Z Setting the namespace via the package attribute in the source AndroidManifest.xml is no longer supported, and the value is ignored.
2025-04-10T04:13:17.0855858Z Recommendation: remove package="okhttp.android.testapp" from the source AndroidManifest.xml: /home/runner/work/okhttp/okhttp/android-test-app/src/main/AndroidManifest.xml.
2025-04-10T04:13:17.0857534Z 
2025-04-10T04:13:17.0859564Z > Task :android-test-app:processReleaseManifest
2025-04-10T04:13:17.1838736Z > Task :android-test-app:javaPreCompileRelease FROM-CACHE
2025-04-10T04:13:17.1843098Z > Task :android-test-app:preReleaseUnitTestBuild UP-TO-DATE
2025-04-10T04:13:17.1847186Z > Task :android-test-app:javaPreCompileReleaseUnitTest FROM-CACHE
2025-04-10T04:13:17.1850340Z > Task :android-test-app:processReleaseManifestForPackage
2025-04-10T04:13:17.4863387Z > Task :android-test-app:mergeReleaseResources
2025-04-10T04:13:17.6836474Z > Task :android-test-app:processReleaseResources
2025-04-10T04:13:18.0845334Z > Task :okhttp-idna-mapping-table:processResources
2025-04-10T04:13:18.0854122Z > Task :okhttp-idna-mapping-table:processTestResources NO-SOURCE
2025-04-10T04:13:24.0836556Z 
2025-04-10T04:13:24.0838414Z > Task :okhttp-idna-mapping-table:compileKotlin
2025-04-10T04:13:24.0840302Z w: Opt-in requirement marker okhttp3.ExperimentalOkHttpApi is unresolved. Please make sure it's present in the module dependencies
2025-04-10T04:13:24.1840356Z 
2025-04-10T04:13:24.1841085Z > Task :okhttp-idna-mapping-table:compileJava NO-SOURCE
2025-04-10T04:13:24.1841812Z > Task :okhttp-idna-mapping-table:classes
2025-04-10T04:13:24.3863038Z > Task :okhttp-idna-mapping-table:jar
2025-04-10T04:13:25.3837563Z > Task :okhttp:generateIdnaMappingTable
2025-04-10T04:13:26.4837013Z 
2025-04-10T04:13:26.4841645Z > Task :okhttp-idna-mapping-table:compileTestKotlin
2025-04-10T04:13:26.4846549Z w: Opt-in requirement marker okhttp3.ExperimentalOkHttpApi is unresolved. Please make sure it's present in the module dependencies
2025-04-10T04:13:26.5864252Z 
2025-04-10T04:13:26.5869445Z > Task :okhttp-idna-mapping-table:compileTestJava NO-SOURCE
2025-04-10T04:13:26.5870733Z > Task :okhttp-idna-mapping-table:testClasses UP-TO-DATE
2025-04-10T04:13:30.0837993Z > Task :okhttp-idna-mapping-table:test
2025-04-10T04:13:55.3837276Z > Task :okhttp:compileKotlinJvm
2025-04-10T04:13:56.9837971Z > Task :okhttp:compileDebugKotlinAndroid
2025-04-10T04:13:57.7837484Z > Task :okhttp:compileReleaseKotlinAndroid
2025-04-10T04:14:03.6841228Z w: file:///home/runner/work/okhttp/okhttp/okhttp/src/androidMain/kotlin/okhttp3/internal/platform/PlatformRegistry.kt:21:1 'expect'/'actual' classes (including interfaces, objects, annotations, enums, and 'actual' typealiases) are in Beta. Consider using the '-Xexpect-actual-classes' flag to suppress this warning. Also see: https://youtrack.jetbrains.com/issue/KT-61573
2025-04-10T04:14:03.6846275Z w: file:///home/runner/work/okhttp/okhttp/okhttp/src/androidMain/kotlin/okhttp3/internal/platform/android/BouncyCastleSocketAdapter.kt:69:89 The resulting type of this 'javaClass' call is 'Class<BouncyCastleSocketAdapter.Companion>' and not 'Class<BouncyCastleSocketAdapter>'. Use '::class.java' to access type 'Class<BouncyCastleSocketAdapter>'.
2025-04-10T04:14:03.6851243Z w: file:///home/runner/work/okhttp/okhttp/okhttp/src/androidMain/kotlin/okhttp3/internal/platform/android/ConscryptSocketAdapter.kt:65:66 The resulting type of this 'javaClass' call is 'Class<ConscryptSocketAdapter.Companion>' and not 'Class<ConscryptSocketAdapter>'. Use '::class.java' to access type 'Class<ConscryptSocketAdapter>'.
2025-04-10T04:14:03.6855104Z w: file:///home/runner/work/okhttp/okhttp/okhttp/src/commonJvmAndroid/kotlin/okhttp3/internal/-HeadersCommon.kt:176:13 Condition is always 'true'.
2025-04-10T04:14:03.6859545Z w: file:///home/runner/work/okhttp/okhttp/okhttp/src/commonJvmAndroid/kotlin/okhttp3/internal/-HeadersCommon.kt:205:33 Unchecked cast of 'Array<String?>' to 'Array<String>'.
2025-04-10T04:14:03.6862102Z w: file:///home/runner/work/okhttp/okhttp/okhttp/src/commonJvmAndroid/kotlin/okhttp3/internal/-ResponseCommon.kt:83:1 '@JvmOverloads' annotation has no effect for methods without default arguments.
2025-04-10T04:14:03.6864954Z w: file:///home/runner/work/okhttp/okhttp/okhttp/src/commonJvmAndroid/kotlin/okhttp3/internal/SuppressSignatureCheck.kt:25:1 This annotation is deprecated in Kotlin. Use '@kotlin.annotation.MustBeDocumented' instead.
2025-04-10T04:14:03.6867622Z w: file:///home/runner/work/okhttp/okhttp/okhttp/src/commonJvmAndroid/kotlin/okhttp3/internal/http/BridgeInterceptor.kt:99:11 Condition is always 'true'.
2025-04-10T04:14:03.6871318Z w: file:///home/runner/work/okhttp/okhttp/okhttp/src/commonJvmAndroid/kotlin/okhttp3/internal/platform/PlatformRegistry.kt:3:1 'expect'/'actual' classes (including interfaces, objects, annotations, enums, and 'actual' typealiases) are in Beta. Consider using the '-Xexpect-actual-classes' flag to suppress this warning. Also see: https://youtrack.jetbrains.com/issue/KT-61573
2025-04-10T04:14:03.9837542Z 
2025-04-10T04:14:03.9839662Z > Task :okhttp:compileKotlinJvm
2025-04-10T04:14:03.9842963Z w: file:///home/runner/work/okhttp/okhttp/okhttp/src/commonJvmAndroid/kotlin/okhttp3/internal/-HeadersCommon.kt:176:13 Condition is always 'true'.
2025-04-10T04:14:03.9846944Z w: file:///home/runner/work/okhttp/okhttp/okhttp/src/commonJvmAndroid/kotlin/okhttp3/internal/-HeadersCommon.kt:205:33 Unchecked cast of 'Array<String?>' to 'Array<String>'.
2025-04-10T04:14:03.9850935Z w: file:///home/runner/work/okhttp/okhttp/okhttp/src/commonJvmAndroid/kotlin/okhttp3/internal/-ResponseCommon.kt:83:1 '@JvmOverloads' annotation has no effect for methods without default arguments.
2025-04-10T04:14:03.9855824Z w: file:///home/runner/work/okhttp/okhttp/okhttp/src/commonJvmAndroid/kotlin/okhttp3/internal/SuppressSignatureCheck.kt:25:1 This annotation is deprecated in Kotlin. Use '@kotlin.annotation.MustBeDocumented' instead.
2025-04-10T04:14:03.9905826Z w: file:///home/runner/work/okhttp/okhttp/okhttp/src/commonJvmAndroid/kotlin/okhttp3/internal/http/BridgeInterceptor.kt:99:11 Condition is always 'true'.
2025-04-10T04:14:03.9909648Z w: file:///home/runner/work/okhttp/okhttp/okhttp/src/commonJvmAndroid/kotlin/okhttp3/internal/platform/PlatformRegistry.kt:3:1 'expect'/'actual' classes (including interfaces, objects, annotations, enums, and 'actual' typealiases) are in Beta. Consider using the '-Xexpect-actual-classes' flag to suppress this warning. Also see: https://youtrack.jetbrains.com/issue/KT-61573
2025-04-10T04:14:03.9914568Z w: file:///home/runner/work/okhttp/okhttp/okhttp/src/jvmMain/kotlin/okhttp3/internal/platform/BouncyCastlePlatform.kt:91:89 The resulting type of this 'javaClass' call is 'Class<BouncyCastlePlatform.Companion>' and not 'Class<BouncyCastlePlatform>'. Use '::class.java' to access type 'Class<BouncyCastlePlatform>'.
2025-04-10T04:14:03.9918656Z w: file:///home/runner/work/okhttp/okhttp/okhttp/src/jvmMain/kotlin/okhttp3/internal/platform/ConscryptPlatform.kt:111:66 The resulting type of this 'javaClass' call is 'Class<ConscryptPlatform.Companion>' and not 'Class<ConscryptPlatform>'. Use '::class.java' to access type 'Class<ConscryptPlatform>'.
2025-04-10T04:14:03.9922785Z w: file:///home/runner/work/okhttp/okhttp/okhttp/src/jvmMain/kotlin/okhttp3/internal/platform/OpenJSSEPlatform.kt:97:63 The resulting type of this 'javaClass' call is 'Class<OpenJSSEPlatform.Companion>' and not 'Class<OpenJSSEPlatform>'. Use '::class.java' to access type 'Class<OpenJSSEPlatform>'.
2025-04-10T04:14:03.9927484Z w: file:///home/runner/work/okhttp/okhttp/okhttp/src/jvmMain/kotlin/okhttp3/internal/platform/PlatformRegistry.kt:5:1 'expect'/'actual' classes (including interfaces, objects, annotations, enums, and 'actual' typealiases) are in Beta. Consider using the '-Xexpect-actual-classes' flag to suppress this warning. Also see: https://youtrack.jetbrains.com/issue/KT-61573
2025-04-10T04:14:03.9929952Z 
2025-04-10T04:14:03.9930179Z > Task :okhttp:compileJvmMainJava NO-SOURCE
2025-04-10T04:14:03.9930732Z > Task :okhttp:jvmMainClasses
2025-04-10T04:14:03.9931037Z 
2025-04-10T04:14:03.9931246Z > Task :okhttp:compileDebugKotlinAndroid
2025-04-10T04:14:03.9933834Z w: file:///home/runner/work/okhttp/okhttp/okhttp/src/androidMain/kotlin/okhttp3/internal/platform/PlatformRegistry.kt:21:1 'expect'/'actual' classes (including interfaces, objects, annotations, enums, and 'actual' typealiases) are in Beta. Consider using the '-Xexpect-actual-classes' flag to suppress this warning. Also see: https://youtrack.jetbrains.com/issue/KT-61573
2025-04-10T04:14:03.9938467Z w: file:///home/runner/work/okhttp/okhttp/okhttp/src/androidMain/kotlin/okhttp3/internal/platform/android/BouncyCastleSocketAdapter.kt:69:89 The resulting type of this 'javaClass' call is 'Class<BouncyCastleSocketAdapter.Companion>' and not 'Class<BouncyCastleSocketAdapter>'. Use '::class.java' to access type 'Class<BouncyCastleSocketAdapter>'.
2025-04-10T04:14:03.9943242Z w: file:///home/runner/work/okhttp/okhttp/okhttp/src/androidMain/kotlin/okhttp3/internal/platform/android/ConscryptSocketAdapter.kt:65:66 The resulting type of this 'javaClass' call is 'Class<ConscryptSocketAdapter.Companion>' and not 'Class<ConscryptSocketAdapter>'. Use '::class.java' to access type 'Class<ConscryptSocketAdapter>'.
2025-04-10T04:14:03.9946392Z w: file:///home/runner/work/okhttp/okhttp/okhttp/src/commonJvmAndroid/kotlin/okhttp3/internal/-HeadersCommon.kt:176:13 Condition is always 'true'.
2025-04-10T04:14:03.9948552Z w: file:///home/runner/work/okhttp/okhttp/okhttp/src/commonJvmAndroid/kotlin/okhttp3/internal/-HeadersCommon.kt:205:33 Unchecked cast of 'Array<String?>' to 'Array<String>'.
2025-04-10T04:14:03.9951415Z w: file:///home/runner/work/okhttp/okhttp/okhttp/src/commonJvmAndroid/kotlin/okhttp3/internal/-ResponseCommon.kt:83:1 '@JvmOverloads' annotation has no effect for methods without default arguments.
2025-04-10T04:14:03.9953940Z w: file:///home/runner/work/okhttp/okhttp/okhttp/src/commonJvmAndroid/kotlin/okhttp3/internal/SuppressSignatureCheck.kt:25:1 This annotation is deprecated in Kotlin. Use '@kotlin.annotation.MustBeDocumented' instead.
2025-04-10T04:14:03.9955403Z w: file:///home/runner/work/okhttp/okhttp/okhttp/src/commonJvmAndroid/kotlin/okhttp3/internal/http/BridgeInterceptor.kt:99:11 Condition is always 'true'.
2025-04-10T04:14:03.9957299Z w: file:///home/runner/work/okhttp/okhttp/okhttp/src/commonJvmAndroid/kotlin/okhttp3/internal/platform/PlatformRegistry.kt:3:1 'expect'/'actual' classes (including interfaces, objects, annotations, enums, and 'actual' typealiases) are in Beta. Consider using the '-Xexpect-actual-classes' flag to suppress this warning. Also see: https://youtrack.jetbrains.com/issue/KT-61573
2025-04-10T04:14:05.7846313Z 
2025-04-10T04:14:05.7847645Z > Task :okhttp:jvmJar
2025-04-10T04:14:05.7848679Z > Task :container-tests:compileKotlin NO-SOURCE
2025-04-10T04:14:05.7863647Z > Task :okhttp:compileDebugJavaWithJavac NO-SOURCE
2025-04-10T04:14:05.7864750Z > Task :container-tests:compileJava NO-SOURCE
2025-04-10T04:14:05.7865621Z > Task :container-tests:classes UP-TO-DATE
2025-04-10T04:14:05.7866381Z > Task :container-tests:jar
2025-04-10T04:14:05.8862525Z > Task :okhttp:bundleLibCompileToJarDebug
2025-04-10T04:14:05.8863490Z > Task :android-test:compileDebugKotlin NO-SOURCE
2025-04-10T04:14:05.8864312Z > Task :android-test:compileDebugJavaWithJavac NO-SOURCE
2025-04-10T04:14:05.8865448Z > Task :android-test:bundleLibRuntimeToJarDebug
2025-04-10T04:14:05.8866194Z > Task :android-test:bundleLibCompileToJarDebug
2025-04-10T04:14:05.8866947Z > Task :android-test:processDebugJavaRes NO-SOURCE
2025-04-10T04:14:05.9845019Z > Task :okhttp:bundleLibRuntimeToJarDebug
2025-04-10T04:14:05.9846075Z > Task :okhttp:processDebugJavaRes
2025-04-10T04:14:06.0849892Z > Task :okhttp:compileReleaseJavaWithJavac NO-SOURCE
2025-04-10T04:14:06.0855219Z > Task :okhttp:bundleLibCompileToJarRelease
2025-04-10T04:14:06.0856406Z > Task :android-test:compileReleaseKotlin NO-SOURCE
2025-04-10T04:14:06.0857331Z > Task :android-test:compileReleaseJavaWithJavac NO-SOURCE
2025-04-10T04:14:06.0858227Z > Task :android-test:bundleLibRuntimeToJarRelease
2025-04-10T04:14:06.1876167Z > Task :android-test:bundleLibCompileToJarRelease
2025-04-10T04:14:06.1877400Z > Task :android-test:processReleaseJavaRes NO-SOURCE
2025-04-10T04:14:06.1878351Z > Task :okhttp:bundleLibRuntimeToJarRelease
2025-04-10T04:14:06.2851700Z > Task :okhttp:processReleaseJavaRes
2025-04-10T04:14:07.7836508Z 
2025-04-10T04:14:07.7841380Z > Task :logging-interceptor:compileKotlin
2025-04-10T04:14:07.7848029Z w: file:///home/runner/work/okhttp/okhttp/okhttp-logging-interceptor/src/main/kotlin/okhttp3/logging/HttpLoggingInterceptor.kt:16:36 This code uses error suppression for 'INVISIBLE_REFERENCE'. While it might compile and work, the compiler behavior is UNSPECIFIED and WILL NOT BE PRESERVED. Please report your use case to the Kotlin issue tracker instead: https://kotl.in/issue
2025-04-10T04:14:08.0836338Z 
2025-04-10T04:14:08.0840698Z > Task :logging-interceptor:compileJava NO-SOURCE
2025-04-10T04:14:08.0845173Z > Task :logging-interceptor:classes UP-TO-DATE
2025-04-10T04:14:08.6836649Z 
2025-04-10T04:14:08.6841079Z > Task :logging-interceptor:jar
2025-04-10T04:14:08.6910910Z warning: Unused -privatepackage instructions , no such package(s) on the class path: [okhttp3.logging.internal]
2025-04-10T04:14:10.2837159Z 
2025-04-10T04:14:10.2840641Z > Task :android-test-app:compileDebugKotlin
2025-04-10T04:14:10.2842507Z > Task :android-test-app:compileDebugJavaWithJavac NO-SOURCE
2025-04-10T04:14:10.2845083Z > Task :android-test-app:bundleDebugClassesToRuntimeJar
2025-04-10T04:14:10.2846365Z > Task :android-test-app:bundleDebugClassesToCompileJar
2025-04-10T04:14:10.3845988Z > Task :android-test-app:compileDebugUnitTestKotlin NO-SOURCE
2025-04-10T04:14:10.3851177Z > Task :android-test-app:compileDebugUnitTestJavaWithJavac NO-SOURCE
2025-04-10T04:14:10.3852263Z > Task :android-test-app:processDebugJavaRes
2025-04-10T04:14:10.3961212Z > Task :android-test-app:processDebugUnitTestJavaRes NO-SOURCE
2025-04-10T04:14:10.3962716Z > Task :android-test-app:testDebugUnitTest NO-SOURCE
2025-04-10T04:14:10.3963423Z 
2025-04-10T04:14:10.3968244Z > Task :mockwebserver3:compileKotlin
2025-04-10T04:14:10.3972362Z w: file:///home/runner/work/okhttp/okhttp/mockwebserver/src/main/kotlin/mockwebserver3/MockResponse.kt:16:36 This code uses error suppression for 'INVISIBLE_REFERENCE'. While it might compile and work, the compiler behavior is UNSPECIFIED and WILL NOT BE PRESERVED. Please report your use case to the Kotlin issue tracker instead: https://kotl.in/issue
2025-04-10T04:14:10.3977358Z w: file:///home/runner/work/okhttp/okhttp/mockwebserver/src/main/kotlin/mockwebserver3/MockWebServer.kt:17:36 This code uses error suppression for 'INVISIBLE_REFERENCE'. While it might compile and work, the compiler behavior is UNSPECIFIED and WILL NOT BE PRESERVED. Please report your use case to the Kotlin issue tracker instead: https://kotl.in/issue
2025-04-10T04:14:10.4881129Z 
2025-04-10T04:14:10.4910411Z > Task :mockwebserver3:compileJava NO-SOURCE
2025-04-10T04:14:10.4920058Z > Task :mockwebserver3:classes UP-TO-DATE
2025-04-10T04:14:10.7837306Z > Task :android-test-app:compileReleaseKotlin
2025-04-10T04:14:10.7838279Z > Task :android-test-app:compileReleaseJavaWithJavac NO-SOURCE
2025-04-10T04:14:10.7839423Z > Task :android-test-app:bundleReleaseClassesToRuntimeJar
2025-04-10T04:14:10.8837131Z > Task :android-test-app:bundleReleaseClassesToCompileJar
2025-04-10T04:14:10.8838025Z > Task :android-test-app:compileReleaseUnitTestKotlin NO-SOURCE
2025-04-10T04:14:10.8838939Z > Task :android-test-app:compileReleaseUnitTestJavaWithJavac NO-SOURCE
2025-04-10T04:14:10.8839988Z > Task :android-test-app:processReleaseJavaRes
2025-04-10T04:14:10.8840783Z > Task :android-test-app:processReleaseUnitTestJavaRes NO-SOURCE
2025-04-10T04:14:10.8841752Z > Task :android-test-app:testReleaseUnitTest NO-SOURCE
2025-04-10T04:14:10.8842771Z > Task :android-test-app:test UP-TO-DATE
2025-04-10T04:14:10.8843602Z > Task :mockwebserver3:jar
2025-04-10T04:14:11.3838646Z 
2025-04-10T04:14:11.3900692Z > Task :okhttp-tls:compileKotlin
2025-04-10T04:14:11.3932577Z w: file:///home/runner/work/okhttp/okhttp/okhttp-tls/src/main/kotlin/okhttp3/tls/HandshakeCertificates.kt:16:36 This code uses error suppression for 'INVISIBLE_REFERENCE'. While it might compile and work, the compiler behavior is UNSPECIFIED and WILL NOT BE PRESERVED. Please report your use case to the Kotlin issue tracker instead: https://kotl.in/issue
2025-04-10T04:14:11.3937841Z w: file:///home/runner/work/okhttp/okhttp/okhttp-tls/src/main/kotlin/okhttp3/tls/internal/InsecureExtendedTrustManager.kt:16:36 This code uses error suppression for 'INVISIBLE_REFERENCE'. While it might compile and work, the compiler behavior is UNSPECIFIED and WILL NOT BE PRESERVED. Please report your use case to the Kotlin issue tracker instead: https://kotl.in/issue
2025-04-10T04:14:11.3941907Z w: file:///home/runner/work/okhttp/okhttp/okhttp-tls/src/main/kotlin/okhttp3/tls/internal/der/Adapters.kt:382:40 Unchecked cast of 'DerAdapter<*>' to 'DerAdapter<Any?>'.
2025-04-10T04:14:11.3944387Z w: file:///home/runner/work/okhttp/okhttp/okhttp-tls/src/main/kotlin/okhttp3/tls/internal/der/Adapters.kt:421:18 Unchecked cast of 'DerAdapter<*>' to 'DerAdapter<Any?>'.
2025-04-10T04:14:11.3947023Z w: file:///home/runner/work/okhttp/okhttp/okhttp-tls/src/main/kotlin/okhttp3/tls/internal/der/Adapters.kt:447:48 Unchecked cast of 'DerAdapter<*>?' to 'DerAdapter<Any?>?'.
2025-04-10T04:14:11.3949721Z w: file:///home/runner/work/okhttp/okhttp/okhttp-tls/src/main/kotlin/okhttp3/tls/internal/der/Adapters.kt:455:48 Unchecked cast of 'DerAdapter<*>?' to 'DerAdapter<Any?>?'.
2025-04-10T04:14:11.3952369Z w: file:///home/runner/work/okhttp/okhttp/okhttp-tls/src/main/kotlin/okhttp3/tls/internal/der/Adapters.kt:505:26 Unchecked cast of 'DerAdapter<*>' to 'DerAdapter<Any?>'.
2025-04-10T04:14:11.3969683Z w: file:///home/runner/work/okhttp/okhttp/okhttp-tls/src/main/kotlin/okhttp3/tls/internal/der/BasicDerAdapter.kt:51:43 Unchecked cast of 'T? (of class BasicDerAdapter<T>)' to 'T (of class BasicDerAdapter<T>)'.
2025-04-10T04:14:11.5836265Z 
2025-04-10T04:14:11.5841261Z > Task :okhttp-tls:compileJava NO-SOURCE
2025-04-10T04:14:11.5845735Z > Task :okhttp-tls:classes UP-TO-DATE
2025-04-10T04:14:12.0838983Z 
2025-04-10T04:14:12.0841614Z > Task :okhttp-tls:jar
2025-04-10T04:14:12.0843066Z warning: Unused -privatepackage instructions , no such package(s) on the class path: [okhttp3.tls.internal, okhttp3.tls.internal.der]
2025-04-10T04:14:12.1950387Z 
2025-04-10T04:14:12.2050726Z > Task :okhttp-brotli:compileKotlin
2025-04-10T04:14:12.5837255Z > Task :mockwebserver3-junit5:compileKotlin
2025-04-10T04:14:12.5838252Z > Task :mockwebserver3-junit5:compileJava NO-SOURCE
2025-04-10T04:14:12.5839489Z > Task :mockwebserver3-junit5:classes
2025-04-10T04:14:12.6861587Z > Task :mockwebserver3-junit5:jar
2025-04-10T04:14:13.0837582Z > Task :okcurl:compileKotlin
2025-04-10T04:14:13.0838153Z > Task :okcurl:compileJava NO-SOURCE
2025-04-10T04:14:13.0838665Z > Task :okcurl:classes
2025-04-10T04:14:13.1868608Z > Task :okcurl:jar
2025-04-10T04:14:13.1929927Z > Task :okhttp-brotli:compileJava NO-SOURCE
2025-04-10T04:14:13.1930592Z > Task :okhttp-brotli:classes UP-TO-DATE
2025-04-10T04:14:13.2851669Z 
2025-04-10T04:14:13.2853208Z > Task :okhttp-brotli:jar
2025-04-10T04:14:13.2854326Z warning: Unused -privatepackage instructions , no such package(s) on the class path: [okhttp3.brotli.internal]
2025-04-10T04:14:13.3836241Z 
2025-04-10T04:14:13.3841396Z > Task :mockwebserver3-junit4:compileKotlin
2025-04-10T04:14:13.4845089Z > Task :mockwebserver3-junit4:compileJava NO-SOURCE
2025-04-10T04:14:13.4846191Z > Task :mockwebserver3-junit4:classes UP-TO-DATE
2025-04-10T04:14:13.5867159Z > Task :mockwebserver3-junit4:jar
2025-04-10T04:14:14.2850649Z > Task :mockwebserver3-junit4:compileTestKotlin
2025-04-10T04:14:14.2851804Z > Task :mockwebserver3-junit4:compileTestJava NO-SOURCE
2025-04-10T04:14:14.2852758Z > Task :mockwebserver3-junit4:testClasses UP-TO-DATE
2025-04-10T04:14:14.3860435Z 
2025-04-10T04:14:14.3861618Z > Task :mockwebserver:compileKotlin
2025-04-10T04:14:14.3864731Z w: file:///home/runner/work/okhttp/okhttp/mockwebserver-deprecated/src/main/kotlin/okhttp3/mockwebserver/MockResponse.kt:16:36 This code uses error suppression for 'INVISIBLE_REFERENCE'. While it might compile and work, the compiler behavior is UNSPECIFIED and WILL NOT BE PRESERVED. Please report your use case to the Kotlin issue tracker instead: https://kotl.in/issue
2025-04-10T04:14:14.4837187Z 
2025-04-10T04:14:14.4841841Z > Task :okhttp-coroutines:compileKotlin
2025-04-10T04:14:14.4844440Z w: file:///home/runner/work/okhttp/okhttp/okhttp-coroutines/src/main/kotlin/okhttp3/coroutines/ExecuteAsync.kt:48:24 'fun resume(value: Response, onCancellation: ((@ParameterName(...) Throwable) -> Unit)?): Unit' is deprecated. Use the overload that also accepts the `value` and the coroutine context in lambda.
2025-04-10T04:14:14.4850381Z 
2025-04-10T04:14:14.4850974Z > Task :okhttp-coroutines:compileJava NO-SOURCE
2025-04-10T04:14:14.4851747Z > Task :okhttp-coroutines:classes UP-TO-DATE
2025-04-10T04:14:14.5870635Z > Task :mockwebserver:compileJava NO-SOURCE
2025-04-10T04:14:14.5871731Z > Task :mockwebserver:classes UP-TO-DATE
2025-04-10T04:14:14.7837040Z > Task :okhttp-coroutines:jar
2025-04-10T04:14:14.7838143Z > Task :mockwebserver:jar
2025-04-10T04:14:15.7837107Z 
2025-04-10T04:14:15.7860162Z > Task :okhttp-java-net-cookiejar:compileKotlin
2025-04-10T04:14:15.7952572Z w: file:///home/runner/work/okhttp/okhttp/okhttp-java-net-cookiejar/src/main/kotlin/okhttp3/java/net/cookiejar/JavaNetCookieJar.kt:16:36 This code uses error suppression for 'INVISIBLE_REFERENCE'. While it might compile and work, the compiler behavior is UNSPECIFIED and WILL NOT BE PRESERVED. Please report your use case to the Kotlin issue tracker instead: https://kotl.in/issue
2025-04-10T04:14:15.7969768Z 
2025-04-10T04:14:15.7970141Z > Task :okhttp-java-net-cookiejar:compileJava NO-SOURCE
2025-04-10T04:14:15.7970918Z > Task :okhttp-java-net-cookiejar:classes UP-TO-DATE
2025-04-10T04:14:15.8837041Z > Task :okhttp-java-net-cookiejar:jar
2025-04-10T04:14:15.8841719Z > Task :okhttp-java-net-cookiejar:compileTestKotlin NO-SOURCE
2025-04-10T04:14:15.9873789Z > Task :okhttp-java-net-cookiejar:compileTestJava NO-SOURCE
2025-04-10T04:14:15.9878383Z > Task :okhttp-java-net-cookiejar:testClasses UP-TO-DATE
2025-04-10T04:14:15.9883154Z > Task :okhttp-java-net-cookiejar:test NO-SOURCE
2025-04-10T04:14:16.4851274Z > Task :okhttp-dnsoverhttps:compileKotlin
2025-04-10T04:14:16.4852357Z > Task :okhttp-dnsoverhttps:compileJava NO-SOURCE
2025-04-10T04:14:16.4853134Z > Task :okhttp-dnsoverhttps:classes UP-TO-DATE
2025-04-10T04:14:16.7844425Z > Task :okhttp-dnsoverhttps:jar
2025-04-10T04:14:16.8854167Z > Task :mockwebserver3-junit4:test
2025-04-10T04:14:16.8878727Z > Task :samples:crawler:compileKotlin NO-SOURCE
2025-04-10T04:14:17.0838078Z > Task :okhttp-sse:compileKotlin
2025-04-10T04:14:17.0839104Z > Task :okhttp-sse:compileJava NO-SOURCE
2025-04-10T04:14:17.0840186Z > Task :okhttp-sse:classes UP-TO-DATE
2025-04-10T04:14:17.2837012Z 
2025-04-10T04:14:17.2837527Z > Task :okhttp-sse:jar
2025-04-10T04:14:17.2838484Z warning: Unused -privatepackage instructions , no such package(s) on the class path: [okhttp3.sse.internal]
2025-04-10T04:14:17.2839377Z 
2025-04-10T04:14:17.2839646Z > Task :samples:simple-client:compileKotlin NO-SOURCE
2025-04-10T04:14:17.4867956Z 
2025-04-10T04:14:17.4868776Z > Task :okhttp-urlconnection:compileKotlin
2025-04-10T04:14:17.4871581Z w: file:///home/runner/work/okhttp/okhttp/okhttp-urlconnection/src/main/kotlin/okhttp3/JavaNetCookieJar.kt:16:36 This code uses error suppression for 'INVISIBLE_REFERENCE'. While it might compile and work, the compiler behavior is UNSPECIFIED and WILL NOT BE PRESERVED. Please report your use case to the Kotlin issue tracker instead: https://kotl.in/issue
2025-04-10T04:14:17.4874064Z 
2025-04-10T04:14:17.4874491Z > Task :okhttp-urlconnection:compileJava NO-SOURCE
2025-04-10T04:14:17.4875292Z > Task :okhttp-urlconnection:classes UP-TO-DATE
2025-04-10T04:14:17.5860582Z > Task :okhttp-urlconnection:jar
2025-04-10T04:14:17.5863458Z > Task :okhttp-osgi-tests:compileKotlin NO-SOURCE
2025-04-10T04:14:17.5864113Z > Task :okhttp-osgi-tests:compileJava NO-SOURCE
2025-04-10T04:14:17.5864722Z > Task :okhttp-osgi-tests:classes UP-TO-DATE
2025-04-10T04:14:17.7842425Z > Task :okhttp-osgi-tests:jar
2025-04-10T04:14:17.7880711Z > Task :okhttp-urlconnection:compileTestKotlin NO-SOURCE
2025-04-10T04:14:17.7881580Z > Task :okhttp-urlconnection:compileTestJava NO-SOURCE
2025-04-10T04:14:17.7882628Z > Task :okhttp-urlconnection:testClasses UP-TO-DATE
2025-04-10T04:14:17.8861741Z > Task :okhttp-urlconnection:test NO-SOURCE
2025-04-10T04:14:17.8862754Z > Task :samples:slack:compileKotlin NO-SOURCE
2025-04-10T04:14:19.2840639Z > Task :samples:slack:compileJava
2025-04-10T04:14:19.2841451Z > Task :samples:crawler:compileJava
2025-04-10T04:14:19.2843245Z > Task :samples:slack:classes
2025-04-10T04:14:19.2844185Z > Task :samples:simple-client:compileJava
2025-04-10T04:14:19.2845098Z > Task :samples:simple-client:classes
2025-04-10T04:14:19.2845665Z > Task :samples:crawler:classes
2025-04-10T04:14:19.2846139Z > Task :samples:crawler:jar
2025-04-10T04:14:19.2846602Z > Task :samples:simple-client:jar
2025-04-10T04:14:19.2847091Z > Task :samples:slack:jar
2025-04-10T04:14:19.2847605Z > Task :samples:slack:compileTestKotlin NO-SOURCE
2025-04-10T04:14:19.2848285Z > Task :samples:simple-client:compileTestKotlin NO-SOURCE
2025-04-10T04:14:19.2848971Z > Task :samples:simple-client:compileTestJava NO-SOURCE
2025-04-10T04:14:19.2849763Z > Task :samples:crawler:compileTestKotlin NO-SOURCE
2025-04-10T04:14:19.2850370Z > Task :samples:slack:compileTestJava NO-SOURCE
2025-04-10T04:14:19.2850998Z > Task :samples:simple-client:testClasses UP-TO-DATE
2025-04-10T04:14:19.2851601Z > Task :samples:slack:testClasses UP-TO-DATE
2025-04-10T04:14:19.2852169Z > Task :samples:crawler:compileTestJava NO-SOURCE
2025-04-10T04:14:19.2852771Z > Task :samples:crawler:testClasses UP-TO-DATE
2025-04-10T04:14:19.2853352Z > Task :samples:simple-client:test NO-SOURCE
2025-04-10T04:14:19.2853883Z > Task :samples:slack:test NO-SOURCE
2025-04-10T04:14:19.2854461Z > Task :samples:static-server:compileKotlin NO-SOURCE
2025-04-10T04:14:19.2855079Z > Task :samples:crawler:test NO-SOURCE
2025-04-10T04:14:19.2855671Z > Task :samples:unixdomainsockets:compileKotlin NO-SOURCE
2025-04-10T04:14:19.6836864Z > Task :samples:static-server:compileJava
2025-04-10T04:14:19.6841960Z > Task :samples:static-server:classes
2025-04-10T04:14:19.6842905Z > Task :samples:unixdomainsockets:compileJava
2025-04-10T04:14:19.6848449Z > Task :samples:unixdomainsockets:classes
2025-04-10T04:14:19.6850800Z > Task :samples:static-server:jar
2025-04-10T04:14:19.6852324Z > Task :samples:static-server:compileTestKotlin NO-SOURCE
2025-04-10T04:14:19.6853393Z > Task :samples:static-server:compileTestJava NO-SOURCE
2025-04-10T04:14:19.6854747Z > Task :samples:static-server:testClasses UP-TO-DATE
2025-04-10T04:14:19.6855714Z > Task :samples:static-server:test NO-SOURCE
2025-04-10T04:14:19.7850257Z > Task :samples:unixdomainsockets:jar
2025-04-10T04:14:19.7880651Z > Task :samples:unixdomainsockets:compileTestKotlin NO-SOURCE
2025-04-10T04:14:19.7885051Z > Task :samples:unixdomainsockets:compileTestJava NO-SOURCE
2025-04-10T04:14:19.7889451Z > Task :samples:unixdomainsockets:testClasses UP-TO-DATE
2025-04-10T04:14:19.7894108Z > Task :samples:unixdomainsockets:test NO-SOURCE
2025-04-10T04:14:22.8836966Z > Task :samples:tlssurvey:kspKotlin
2025-04-10T04:14:22.9837176Z > Task :samples:tlssurvey:processResources
2025-04-10T04:14:24.5836810Z > Task :samples:tlssurvey:compileKotlin
2025-04-10T04:14:24.6837766Z > Task :samples:tlssurvey:compileJava NO-SOURCE
2025-04-10T04:14:24.6838413Z > Task :samples:tlssurvey:classes
2025-04-10T04:14:24.7836702Z > Task :samples:tlssurvey:jar
2025-04-10T04:14:24.8837490Z > Task :samples:tlssurvey:kspTestKotlin NO-SOURCE
2025-04-10T04:14:24.8838161Z > Task :samples:tlssurvey:compileTestKotlin NO-SOURCE
2025-04-10T04:14:24.8838783Z > Task :samples:tlssurvey:compileTestJava NO-SOURCE
2025-04-10T04:14:24.8839704Z > Task :samples:tlssurvey:processTestResources NO-SOURCE
2025-04-10T04:14:24.8840390Z > Task :samples:tlssurvey:testClasses UP-TO-DATE
2025-04-10T04:14:24.8840997Z > Task :samples:tlssurvey:test NO-SOURCE
2025-04-10T04:14:25.0838398Z 
2025-04-10T04:14:25.0843288Z > Task :okhttp-testing-support:compileKotlin
2025-04-10T04:14:25.0846129Z w: file:///home/runner/work/okhttp/okhttp/okhttp-testing-support/src/main/kotlin/okhttp3/CallEvent.kt:16:36 This code uses error suppression for 'INVISIBLE_REFERENCE'. While it might compile and work, the compiler behavior is UNSPECIFIED and WILL NOT BE PRESERVED. Please report your use case to the Kotlin issue tracker instead: https://kotl.in/issue
2025-04-10T04:14:25.0850679Z w: file:///home/runner/work/okhttp/okhttp/okhttp-testing-support/src/main/kotlin/okhttp3/ConnectionEvent.kt:16:36 This code uses error suppression for 'INVISIBLE_REFERENCE'. While it might compile and work, the compiler behavior is UNSPECIFIED and WILL NOT BE PRESERVED. Please report your use case to the Kotlin issue tracker instead: https://kotl.in/issue
2025-04-10T04:14:25.0854680Z w: file:///home/runner/work/okhttp/okhttp/okhttp-testing-support/src/main/kotlin/okhttp3/DelegatingSSLSession.kt:23:8 'class X509Certificate : Certificate' is deprecated. Deprecated in Java.
2025-04-10T04:14:25.0858794Z w: file:///home/runner/work/okhttp/okhttp/okhttp-testing-support/src/main/kotlin/okhttp3/DelegatingSSLSession.kt:64:16 This declaration overrides a deprecated member but is not marked as deprecated itself. Add the '@Deprecated' annotation or suppress the diagnostic.
2025-04-10T04:14:25.0862592Z w: file:///home/runner/work/okhttp/okhttp/okhttp-testing-support/src/main/kotlin/okhttp3/DelegatingSSLSession.kt:64:49 'class X509Certificate : Certificate' is deprecated. Deprecated in Java.
2025-04-10T04:14:25.0865601Z w: file:///home/runner/work/okhttp/okhttp/okhttp-testing-support/src/main/kotlin/okhttp3/DelegatingSSLSession.kt:64:79 'val peerCertificateChain: Array<(out) X509Certificate!>!' is deprecated. Deprecated in Java.
2025-04-10T04:14:25.0868809Z w: file:///home/runner/work/okhttp/okhttp/okhttp-testing-support/src/main/kotlin/okhttp3/FakeSSLSession.kt:24:8 'class X509Certificate : Certificate' is deprecated. Deprecated in Java.
2025-04-10T04:14:25.0871992Z w: file:///home/runner/work/okhttp/okhttp/okhttp-testing-support/src/main/kotlin/okhttp3/FakeSSLSession.kt:57:16 This declaration overrides a deprecated member but is not marked as deprecated itself. Add the '@Deprecated' annotation or suppress the diagnostic.
2025-04-10T04:14:25.0875679Z w: file:///home/runner/work/okhttp/okhttp/okhttp-testing-support/src/main/kotlin/okhttp3/FakeSSLSession.kt:57:49 'class X509Certificate : Certificate' is deprecated. Deprecated in Java.
2025-04-10T04:14:25.0879657Z w: file:///home/runner/work/okhttp/okhttp/okhttp-testing-support/src/main/kotlin/okhttp3/OkHttpClientTestRule.kt:16:36 This code uses error suppression for 'INVISIBLE_REFERENCE'. While it might compile and work, the compiler behavior is UNSPECIFIED and WILL NOT BE PRESERVED. Please report your use case to the Kotlin issue tracker instead: https://kotl.in/issue
2025-04-10T04:14:25.0884489Z w: file:///home/runner/work/okhttp/okhttp/okhttp-testing-support/src/main/kotlin/okhttp3/TestValueFactory.kt:17:3 This code uses error suppression for 'CANNOT_OVERRIDE_INVISIBLE_MEMBER'. While it might compile and work, the compiler behavior is UNSPECIFIED and WILL NOT BE PRESERVED. Please report your use case to the Kotlin issue tracker instead: https://kotl.in/issue
2025-04-10T04:14:25.0889058Z w: file:///home/runner/work/okhttp/okhttp/okhttp-testing-support/src/main/kotlin/okhttp3/TestValueFactory.kt:19:3 This code uses error suppression for 'INVISIBLE_REFERENCE'. While it might compile and work, the compiler behavior is UNSPECIFIED and WILL NOT BE PRESERVED. Please report your use case to the Kotlin issue tracker instead: https://kotl.in/issue
2025-04-10T04:14:25.0894334Z w: file:///home/runner/work/okhttp/okhttp/okhttp-testing-support/src/main/kotlin/okhttp3/internal/concurrent/TaskFaker.kt:16:36 This code uses error suppression for 'INVISIBLE_REFERENCE'. While it might compile and work, the compiler behavior is UNSPECIFIED and WILL NOT BE PRESERVED. Please report your use case to the Kotlin issue tracker instead: https://kotl.in/issue
2025-04-10T04:14:25.0899831Z w: file:///home/runner/work/okhttp/okhttp/okhttp-testing-support/src/main/kotlin/okhttp3/internal/http/RecordingProxySelector.kt:16:36 This code uses error suppression for 'INVISIBLE_REFERENCE'. While it might compile and work, the compiler behavior is UNSPECIFIED and WILL NOT BE PRESERVED. Please report your use case to the Kotlin issue tracker instead: https://kotl.in/issue
2025-04-10T04:14:25.0904272Z w: file:///home/runner/work/okhttp/okhttp/okhttp-testing-support/src/main/kotlin/okhttp3/okio/LoggingFilesystem.kt:68:5 The corresponding parameter in the supertype 'ForwardingFileSystem' is named 'file'. This may cause problems when calling this function with named arguments.
2025-04-10T04:14:25.1837198Z 
2025-04-10T04:14:25.1842503Z > Task :okhttp-testing-support:compileJava NO-SOURCE
2025-04-10T04:14:25.1844815Z > Task :okhttp-testing-support:classes
2025-04-10T04:14:25.7851227Z > Task :okhttp-testing-support:jar
2025-04-10T04:14:29.0836702Z 
2025-04-10T04:14:29.0870791Z > Task :logging-interceptor:compileTestKotlin
2025-04-10T04:14:29.0873845Z w: file:///home/runner/work/okhttp/okhttp/okhttp-logging-interceptor/src/test/java/okhttp3/logging/HttpLoggingInterceptorTest.kt:925:33 This code uses error suppression for 'INVISIBLE_REFERENCE'. While it might compile and work, the compiler behavior is UNSPECIFIED and WILL NOT BE PRESERVED. Please report your use case to the Kotlin issue tracker instead: https://kotl.in/issue
2025-04-10T04:14:29.0878887Z w: file:///home/runner/work/okhttp/okhttp/okhttp-logging-interceptor/src/test/java/okhttp3/logging/HttpLoggingInterceptorTest.kt:971:33 This code uses error suppression for 'INVISIBLE_REFERENCE'. While it might compile and work, the compiler behavior is UNSPECIFIED and WILL NOT BE PRESERVED. Please report your use case to the Kotlin issue tracker instead: https://kotl.in/issue
2025-04-10T04:14:30.6850094Z 
2025-04-10T04:14:30.6851061Z > Task :container-tests:compileTestKotlin
2025-04-10T04:14:30.6852056Z > Task :container-tests:compileTestJava NO-SOURCE
2025-04-10T04:14:30.6852911Z > Task :container-tests:testClasses UP-TO-DATE
2025-04-10T04:14:30.6853657Z > Task :container-tests:test SKIPPED
2025-04-10T04:14:30.6854426Z > Task :logging-interceptor:compileTestJava NO-SOURCE
2025-04-10T04:14:30.6855245Z > Task :logging-interceptor:testClasses UP-TO-DATE
2025-04-10T04:14:30.8836943Z 
2025-04-10T04:14:30.8838241Z > Task :android-test:compileDebugUnitTestKotlin
2025-04-10T04:14:30.8845326Z w: file:///home/runner/work/okhttp/okhttp/android-test/src/test/kotlin/okhttp/android/test/AndroidAsyncDnsTest.kt:16:36 This code uses error suppression for 'INVISIBLE_REFERENCE'. While it might compile and work, the compiler behavior is UNSPECIFIED and WILL NOT BE PRESERVED. Please report your use case to the Kotlin issue tracker instead: https://kotl.in/issue
2025-04-10T04:14:30.9836556Z 
2025-04-10T04:14:30.9837569Z > Task :android-test:compileDebugUnitTestJavaWithJavac NO-SOURCE
2025-04-10T04:14:30.9838625Z > Task :android-test:processDebugUnitTestJavaRes
2025-04-10T04:14:31.1836576Z 
2025-04-10T04:14:31.1837570Z > Task :android-test:compileReleaseUnitTestKotlin
2025-04-10T04:14:31.1840689Z w: file:///home/runner/work/okhttp/okhttp/android-test/src/test/kotlin/okhttp/android/test/AndroidAsyncDnsTest.kt:16:36 This code uses error suppression for 'INVISIBLE_REFERENCE'. While it might compile and work, the compiler behavior is UNSPECIFIED and WILL NOT BE PRESERVED. Please report your use case to the Kotlin issue tracker instead: https://kotl.in/issue
2025-04-10T04:14:31.5836951Z 
2025-04-10T04:14:31.5837872Z > Task :mockwebserver:compileTestKotlin
2025-04-10T04:14:31.5838773Z > Task :mockwebserver:compileTestJava NO-SOURCE
2025-04-10T04:14:31.5842882Z > Task :mockwebserver:testClasses UP-TO-DATE
2025-04-10T04:14:35.3872544Z 
2025-04-10T04:14:35.4010742Z > Task :mockwebserver3:compileTestKotlin
2025-04-10T04:14:35.4020242Z w: file:///home/runner/work/okhttp/okhttp/mockwebserver/src/test/java/mockwebserver3/RecordedRequestTest.kt:16:36 This code uses error suppression for 'INVISIBLE_REFERENCE'. While it might compile and work, the compiler behavior is UNSPECIFIED and WILL NOT BE PRESERVED. Please report your use case to the Kotlin issue tracker instead: https://kotl.in/issue
2025-04-10T04:14:37.3861683Z 
2025-04-10T04:14:37.3862344Z > Task :mockwebserver3:compileTestJava NO-SOURCE
2025-04-10T04:14:37.3863071Z > Task :mockwebserver3:testClasses UP-TO-DATE
2025-04-10T04:14:45.0837121Z > Task :logging-interceptor:test
2025-04-10T04:14:45.8836959Z > Task :mockwebserver3-junit5:compileTestKotlin
2025-04-10T04:14:45.8837880Z > Task :mockwebserver3-junit5:compileTestJava NO-SOURCE
2025-04-10T04:14:45.8838730Z > Task :mockwebserver3-junit5:testClasses UP-TO-DATE
2025-04-10T04:14:49.9851846Z > Task :mockwebserver:test
2025-04-10T04:14:50.5836930Z > Task :okcurl:compileTestKotlin
2025-04-10T04:14:50.5837733Z > Task :okcurl:compileTestJava NO-SOURCE
2025-04-10T04:14:50.5840054Z > Task :okcurl:testClasses UP-TO-DATE
2025-04-10T04:14:51.5836790Z > Task :mockwebserver3-junit5:test
2025-04-10T04:14:55.2838833Z 
2025-04-10T04:14:55.2839774Z > Task :okhttp:compileDebugUnitTestKotlinAndroid
2025-04-10T04:14:55.2875087Z w: file:///home/runner/work/okhttp/okhttp/okhttp/src/androidUnitTest/kotlin/okhttp3/test/BaseJavaTest.android.kt:26:1 'expect'/'actual' classes (including interfaces, objects, annotations, enums, and 'actual' typealiases) are in Beta. Consider using the '-Xexpect-actual-classes' flag to suppress this warning. Also see: https://youtrack.jetbrains.com/issue/KT-61573
2025-04-10T04:14:55.2891380Z w: file:///home/runner/work/okhttp/okhttp/okhttp/src/commonTest/kotlin/okhttp3/test/BaseJavaTest.kt:18:1 'expect'/'actual' classes (including interfaces, objects, annotations, enums, and 'actual' typealiases) are in Beta. Consider using the '-Xexpect-actual-classes' flag to suppress this warning. Also see: https://youtrack.jetbrains.com/issue/KT-61573
2025-04-10T04:14:55.2893637Z 
2025-04-10T04:14:55.2893978Z > Task :okhttp:compileDebugUnitTestJavaWithJavac NO-SOURCE
2025-04-10T04:14:55.3837110Z > Task :okhttp:processDebugUnitTestJavaRes
2025-04-10T04:14:55.3838140Z > Task :okcurl:test
2025-04-10T04:14:57.6836948Z > Task :okhttp-brotli:compileTestKotlin
2025-04-10T04:14:57.6838059Z > Task :okhttp-brotli:compileTestJava NO-SOURCE
2025-04-10T04:14:57.6838986Z > Task :okhttp-brotli:testClasses UP-TO-DATE
2025-04-10T04:15:00.2836890Z > Task :mockwebserver3:test
2025-04-10T04:15:00.6836801Z > Task :okhttp-brotli:test
2025-04-10T04:15:00.9837318Z > Task :android-test:testDebugUnitTest
2025-04-10T04:15:01.1836964Z > Task :okhttp-coroutines:compileTestKotlin
2025-04-10T04:15:01.2842099Z > Task :okhttp-coroutines:compileTestJava NO-SOURCE
2025-04-10T04:15:01.2846392Z > Task :okhttp-coroutines:testClasses UP-TO-DATE
2025-04-10T04:15:02.6836708Z 
2025-04-10T04:15:02.6841211Z > Task :okhttp-dnsoverhttps:compileTestKotlin
2025-04-10T04:15:02.6847466Z w: file:///home/runner/work/okhttp/okhttp/okhttp-dnsoverhttps/src/test/java/okhttp3/dnsoverhttps/DnsRecordCodecTest.kt:16:36 This code uses error suppression for 'INVISIBLE_REFERENCE'. While it might compile and work, the compiler behavior is UNSPECIFIED and WILL NOT BE PRESERVED. Please report your use case to the Kotlin issue tracker instead: https://kotl.in/issue
2025-04-10T04:15:03.3836816Z 
2025-04-10T04:15:03.3849323Z > Task :okhttp-dnsoverhttps:compileTestJava NO-SOURCE
2025-04-10T04:15:03.3947376Z > Task :okhttp-dnsoverhttps:testClasses UP-TO-DATE
2025-04-10T04:15:11.6850062Z > Task :okhttp:testDebugUnitTest
2025-04-10T04:15:12.2836812Z > Task :okhttp-coroutines:test
2025-04-10T04:15:13.0861923Z 
2025-04-10T04:15:13.0862886Z > Task :okhttp:compileReleaseUnitTestKotlinAndroid
2025-04-10T04:15:13.0865862Z w: file:///home/runner/work/okhttp/okhttp/okhttp/src/androidUnitTest/kotlin/okhttp3/test/BaseJavaTest.android.kt:26:1 'expect'/'actual' classes (including interfaces, objects, annotations, enums, and 'actual' typealiases) are in Beta. Consider using the '-Xexpect-actual-classes' flag to suppress this warning. Also see: https://youtrack.jetbrains.com/issue/KT-61573
2025-04-10T04:15:13.0871110Z w: file:///home/runner/work/okhttp/okhttp/okhttp/src/commonTest/kotlin/okhttp3/test/BaseJavaTest.kt:18:1 'expect'/'actual' classes (including interfaces, objects, annotations, enums, and 'actual' typealiases) are in Beta. Consider using the '-Xexpect-actual-classes' flag to suppress this warning. Also see: https://youtrack.jetbrains.com/issue/KT-61573
2025-04-10T04:15:13.0874930Z 
2025-04-10T04:15:13.0875451Z > Task :okhttp:compileReleaseUnitTestJavaWithJavac NO-SOURCE
2025-04-10T04:15:13.0876447Z > Task :okhttp:processReleaseUnitTestJavaRes
2025-04-10T04:15:13.0878261Z > Task :okhttp-dnsoverhttps:test
2025-04-10T04:15:13.5837254Z > Task :okhttp-hpacktests:compileTestKotlin
2025-04-10T04:15:13.5838347Z > Task :okhttp-hpacktests:compileTestJava NO-SOURCE
2025-04-10T04:15:13.5839388Z > Task :okhttp-hpacktests:testClasses
2025-04-10T04:15:20.4837290Z > Task :okhttp-osgi-tests:compileTestKotlin
2025-04-10T04:15:20.4838242Z > Task :okhttp-osgi-tests:compileTestJava NO-SOURCE
2025-04-10T04:15:20.4839351Z > Task :okhttp-osgi-tests:testClasses UP-TO-DATE
2025-04-10T04:15:25.6837084Z > Task :okhttp:testReleaseUnitTest
2025-04-10T04:15:25.6839017Z > Task :okhttp:test
2025-04-10T04:15:26.8836884Z > Task :okhttp-hpacktests:test
2025-04-10T04:15:27.0841791Z > Task :okhttp-sse:compileTestKotlin
2025-04-10T04:15:27.0846452Z > Task :okhttp-sse:compileTestJava NO-SOURCE
2025-04-10T04:15:27.0847397Z > Task :okhttp-sse:testClasses UP-TO-DATE
2025-04-10T04:15:30.6837162Z > Task :okhttp-testing-support:compileTestKotlin
2025-04-10T04:15:30.7837554Z > Task :okhttp-testing-support:compileTestJava NO-SOURCE
2025-04-10T04:15:30.7838659Z > Task :okhttp-testing-support:testClasses UP-TO-DATE
2025-04-10T04:15:34.2837173Z > Task :android-test:compileReleaseUnitTestJavaWithJavac NO-SOURCE
2025-04-10T04:15:34.2880011Z > Task :android-test:processReleaseUnitTestJavaRes
2025-04-10T04:15:35.2844953Z > Task :okhttp-osgi-tests:test
2025-04-10T04:15:35.3900636Z > Task :okhttp-sse:test
2025-04-10T04:15:37.0862262Z 
2025-04-10T04:15:37.0863304Z > Task :samples:compare:compileTestKotlin
2025-04-10T04:15:37.0865560Z w: file:///home/runner/work/okhttp/okhttp/samples/compare/src/test/kotlin/okhttp3/compare/ApacheHttpClientTest.kt:54:16 'fun execute(p0: ClassicHttpRequest!): CloseableHttpResponse!' is deprecated. Deprecated in Java.
2025-04-10T04:15:37.1836739Z 
2025-04-10T04:15:37.1837682Z > Task :samples:compare:compileTestJava NO-SOURCE
2025-04-10T04:15:37.1839015Z > Task :samples:compare:testClasses UP-TO-DATE
2025-04-10T04:15:39.3841430Z 
2025-04-10T04:15:39.3842585Z > Task :okhttp-tls:compileTestKotlin
2025-04-10T04:15:39.3844376Z w: file:///home/runner/work/okhttp/okhttp/okhttp-tls/src/test/java/okhttp3/tls/HandshakeCertificatesTest.kt:162:19 'val subjectDN: Principal!' is deprecated. Deprecated in Java.
2025-04-10T04:15:40.7846724Z 
2025-04-10T04:15:40.7847441Z > Task :okhttp-testing-support:test
2025-04-10T04:15:44.2837342Z > Task :okhttp-tls:compileTestJava
2025-04-10T04:15:44.2838231Z > Task :okhttp-tls:testClasses
2025-04-10T04:15:47.0837006Z > Task :samples:guide:kaptGenerateStubsKotlin
2025-04-10T04:15:50.5836815Z > Task :samples:compare:test
2025-04-10T04:15:52.7837443Z 
2025-04-10T04:15:52.7838230Z > Task :samples:guide:kaptKotlin FAILED
2025-04-10T04:15:52.7839833Z warning: Kapt support in Moshi Kotlin Code Gen is deprecated and will be removed in 2.0. Please migrate to KSP. https://github.com/square/moshi#codegen
2025-04-10T04:15:54.8836556Z 
2025-04-10T04:15:54.8837435Z > Task :okhttp-tls:test
2025-04-10T04:16:00.1878147Z > Task :android-test:testReleaseUnitTest
2025-04-10T04:16:00.2837103Z gradle/actions: Writing build results to /home/runner/work/_temp/.gradle-actions/build-results/__run-1744258340633.json
2025-04-10T04:16:00.2843225Z 
2025-04-10T04:16:00.2843235Z 
2025-04-10T04:16:00.2844011Z [Incubating] Problems report is available at: file:///home/runner/work/okhttp/okhttp/build/reports/problems/problems-report.html
2025-04-10T04:16:00.2844910Z 
2025-04-10T04:16:00.2845402Z Deprecated Gradle features were used in this build, making it incompatible with Gradle 9.0.
2025-04-10T04:16:00.2846073Z 
2025-04-10T04:16:00.2846776Z You can use '--warning-mode all' to show the individual deprecation warnings and determine if they come from your own scripts or plugins.
2025-04-10T04:16:00.2847616Z 
2025-04-10T04:16:00.2848460Z For more on this, please refer to https://docs.gradle.org/8.13/userguide/command_line_interface.html#sec:command_line_warnings in the Gradle documentation.
2025-04-10T04:16:00.2849888Z 224 actionable tasks: 196 executed, 28 from cache
2025-04-10T04:16:00.2850626Z FAILURE: Build failed with an exception.
2025-04-10T04:16:00.2851099Z 
2025-04-10T04:16:00.2885445Z * What went wrong:
2025-04-10T04:16:00.2886012Z Execution failed for task ':samples:guide:kaptKotlin'.
2025-04-10T04:16:00.2887180Z > A failure occurred while executing org.jetbrains.kotlin.gradle.internal.KaptWithoutKotlincTask$KaptExecutionWorkAction
2025-04-10T04:16:00.2888080Z 
2025-04-10T04:16:00.2888241Z * Try:
2025-04-10T04:16:00.2888727Z > Run with --stacktrace option to get the stack trace.
2025-04-10T04:16:00.2889705Z > Run with --info or --debug option to get more log output.
2025-04-10T04:16:00.2890341Z > Run with --scan to get full insights.
2025-04-10T04:16:00.2890963Z > Get more help at https://help.gradle.org.
2025-04-10T04:16:00.2891356Z 
2025-04-10T04:16:00.2891538Z BUILD FAILED in 3m 42s
2025-04-10T04:16:00.7726123Z ##[error]Process completed with exit code 1.
2025-04-10T04:16:00.7838763Z Post job cleanup.
2025-04-10T04:16:01.1242102Z In post-action step
2025-04-10T04:16:01.1250901Z Cache is read-only: will not save state for use in subsequent builds.
2025-04-10T04:16:01.1257277Z Generating Job Summary
2025-04-10T04:16:01.1280097Z Completed post-action step
2025-04-10T04:16:01.1433061Z Post job cleanup.
2025-04-10T04:16:01.3199088Z Post job cleanup.
2025-04-10T04:16:01.4890375Z Post job cleanup.
2025-04-10T04:16:01.6150985Z [command]/usr/bin/git version
2025-04-10T04:16:01.6188524Z git version 2.49.0
2025-04-10T04:16:01.6232251Z Temporarily overriding HOME='/home/runner/work/_temp/ccf4dfa3-7aa2-4d01-a8d4-aa1098952cca' before making global git config changes
2025-04-10T04:16:01.6233701Z Adding repository directory to the temporary git global config as a safe directory
2025-04-10T04:16:01.6238511Z [command]/usr/bin/git config --global --add safe.directory /home/runner/work/okhttp/okhttp
2025-04-10T04:16:01.6275468Z [command]/usr/bin/git config --local --name-only --get-regexp core\.sshCommand
2025-04-10T04:16:01.6308413Z [command]/usr/bin/git submodule foreach --recursive sh -c "git config --local --name-only --get-regexp 'core\.sshCommand' && git config --local --unset-all 'core.sshCommand' || :"
2025-04-10T04:16:01.6562205Z [command]/usr/bin/git config --local --name-only --get-regexp http\.https\:\/\/github\.com\/\.extraheader
2025-04-10T04:16:01.6583355Z http.https://github.com/.extraheader
2025-04-10T04:16:01.6596130Z [command]/usr/bin/git config --local --unset-all http.https://github.com/.extraheader
2025-04-10T04:16:01.6628292Z [command]/usr/bin/git submodule foreach --recursive sh -c "git config --local --name-only --get-regexp 'http\.https\:\/\/github\.com\/\.extraheader' && git config --local --unset-all 'http.https://github.com/.extraheader' || :"
2025-04-10T04:16:01.6960628Z Cleaning up orphan processes
2025-04-10T04:16:01.7243676Z Terminate orphan process: pid (2378) (java)
