Requested labels: ubuntu-latest
Job defined at: square/okhttp/.github/workflows/build.yml@refs/pull/8708/merge
Waiting for a runner to pick up this job...
Job is waiting for a hosted runner to come online.
Job is about to start running on the hosted runner: GitHub Actions 65 (hosted)
Current runner version: '2.323.0'
##[group]Operating System
Ubuntu
24.04.2
LTS
##[endgroup]
##[group]Runner Image
Image: ubuntu-24.04
Version: 20250406.1.0
Included Software: https://github.com/actions/runner-images/blob/ubuntu24/20250406.1/images/ubuntu/Ubuntu2404-Readme.md
Image Release: https://github.com/actions/runner-images/releases/tag/ubuntu24%2F20250406.1
##[endgroup]
##[group]Runner Image Provisioner
2.0.422.1
##[endgroup]
##[group]GITHUB_TOKEN Permissions
write

##[endgroup]
Actions



'actions/checkout@v4'
Version: 4.2.2
ccb2698953eaebd21c7bf6268a94f9c26518a7e38e27e0b83c1fe1ad049819b1
11bd71901bbe5b1630ceea73d27597364c9af683
##[endgroup]
'actions/setup-java@v4'
Version: 4.7.1
23223d64943473efb4336f60463c0429cd4f422cd5fc6c48a5cf0d5907c1aeac
c5195efecf7bdfc987ee8bae7a71cb8b11521c00
##[endgroup]
'graalvm/setup-graalvm@v1' 01ed653ac833fe80569f1ef9f25585ba2811baab
'gradle/actions@v4' 06832c7b30a0129d7fb559bcc6e43d26f6374244
checkjdk11
actions/checkout@v4

0
square/okhttp



true





false


GRADLE_OPTS: -Dorg.gradle.jvmargs=-Xmx4g -Dorg.gradle.daemon=false -Dkotlin.incremental=false
##[endgroup]
square/okhttp

'/home/runner/work/okhttp/okhttp'

2 49 0
##[endgroup]
Temporarily overriding HOME='/home/runner/work/_temp/b862eced-2dd2-443b-9354-bdcdbf06eafb' before making global git config changes

[command]/usr/bin/git config --global --add safe.directory /home/runner/work/okhttp/okhttp
'/home/runner/work/okhttp/okhttp'

/home/runner/work/okhttp/okhttp










/home/runner/work/okhttp/okhttp/.git/
https://github.com/square/okhttp
##[endgroup]

[command]/usr/bin/git config --local gc.auto 0
##[endgroup]

core\.sshCommand
'core\.sshCommand' 'core.sshCommand'
http\.https\:\/\/github\.com\/\.extraheader
'http\.https\:\/\/github\.com\/\.extraheader' 'http.https://github.com/.extraheader'
--local
##[endgroup]

2 --prune --no-recurse-submodules origin +refs/heads/*:refs/remotes/origin/* +refs/tags/*:refs/tags/* +8e0dad750da3538791f62fc941d0a64aec99024f:refs/remotes/pull/8708/merge
https://github.com/square/okhttp
branch] ase-code-scanning-rollout origin/ase-code-scanning-rollout
branch] enelson-jwilson-pretend-to-be-okio origin/enelson-jwilson-pretend-to-be-okio
branch] feature.peckb.address-policy-max-calls-per-connection origin/feature.peckb.address-policy-max-calls-per-connection
fix reads origin/fix reads
branch] gh-pages origin/gh-pages
branch] ghpages-javadocs origin/ghpages-javadocs
jwilson.0107.spotless ktlint110 origin/jwilson.0107.spotless ktlint110
* [new branch]          jwilson.01206.deflater_other_tests -> origin/jwilson.01206.deflater_other_tests
branch] jwilson.0122.apidump origin/jwilson.0122.apidump
jwilson.0207.split connection origin/jwilson.0207.split connection
jwilson.0326.canceling calls origin/jwilson.0326.canceling calls
branch] jwilson.0409.mockwebserver2015 origin/jwilson.0409.mockwebserver2015
jwilson.0414.skip host origin/jwilson.0414.skip host
jwilson.0422.build 4x origin/jwilson.0422.build 4x
jwilson.0422.release build origin/jwilson.0422.release build
jwilson.0422.release build origin/jwilson.0422.release build 
branch] jwilson.0613.berchmerkz origin/jwilson.0613.berchmerkz
jwilson.1120.no name origin/jwilson.1120.no name
jwilson.1205.submodule fix origin/jwilson.1205.submodule fix
branch] jwilson.1206.deflater origin/jwilson.1206.deflater
kmp again origin/kmp again
branch] master origin/master
okhttp 27 origin/okhttp 27
okhttp 3.10.x origin/okhttp 3.10.x
okhttp 3.11.x origin/okhttp 3.11.x
okhttp 3.12.x origin/okhttp 3.12.x
okhttp 3.13.x origin/okhttp 3.13.x
okhttp 3.14.x origin/okhttp 3.14.x
okhttp 3.9.x origin/okhttp 3.9.x
okhttp 4.0.x origin/okhttp 4.0.x
okhttp 4.1.x origin/okhttp 4.1.x
okhttp 4.10.x origin/okhttp 4.10.x
okhttp 4.2.x origin/okhttp 4.2.x
okhttp 4.3.x origin/okhttp 4.3.x
okhttp 4.4.x origin/okhttp 4.4.x
okhttp 4.9.x origin/okhttp 4.9.x
okhttp 4x origin/okhttp 4x
branch] renovate/bnd origin/renovate/bnd
branch] renovate/com.squareup-kotlinpoet-2.x origin/renovate/com.squareup-kotlinpoet-2.x
branch] renovate/com.squareup.okio origin/renovate/com.squareup.okio
branch] renovate/graalvm origin/renovate/graalvm
branch] renovate/kotlin-monorepo origin/renovate/kotlin-monorepo
branch] renovate/major-bnd origin/renovate/major-bnd
branch] renovate/ru.vyarus-gradle-animalsniffer-plugin-2.x origin/renovate/ru.vyarus-gradle-animalsniffer-plugin-2.x
branch] vscode origin/vscode
branch] yschimke-hostnames origin/yschimke-hostnames
tag] 1.3.0 1.3.0
tag] jesse-5.0.0-alpha.11 jesse-5.0.0-alpha.11
tag] jesse-5.0.0-alpha.11.b jesse-5.0.0-alpha.11.b
tag] list list
tag] parent-1.0.0 parent-1.0.0
tag] parent-1.0.1 parent-1.0.1
tag] parent-1.0.2 parent-1.0.2
tag] parent-1.1.0 parent-1.1.0
tag] parent-1.1.1 parent-1.1.1
tag] parent-1.2.0 parent-1.2.0
tag] parent-1.2.1 parent-1.2.1
tag] parent-1.5.0 parent-1.5.0
tag] parent-1.5.1 parent-1.5.1
tag] parent-1.5.2 parent-1.5.2
tag] parent-1.5.3 parent-1.5.3
tag] parent-1.5.4 parent-1.5.4
tag] parent-1.6.0 parent-1.6.0
tag] parent-2.0.0 parent-2.0.0
tag] parent-2.0.0-RC1 parent-2.0.0-RC1
tag] parent-2.0.0-RC2 parent-2.0.0-RC2
tag] parent-2.1.0 parent-2.1.0
tag] parent-2.1.0-RC1 parent-2.1.0-RC1
tag] parent-2.2.0 parent-2.2.0
tag] parent-2.3.0 parent-2.3.0
tag] parent-2.4.0 parent-2.4.0
tag] parent-2.4.0-RC1 parent-2.4.0-RC1
tag] parent-2.5.0 parent-2.5.0
tag] parent-2.6.0 parent-2.6.0
tag] parent-2.7.0 parent-2.7.0
tag] parent-2.7.1 parent-2.7.1
tag] parent-2.7.2 parent-2.7.2
tag] parent-2.7.3 parent-2.7.3
tag] parent-2.7.4 parent-2.7.4
tag] parent-2.7.5 parent-2.7.5
tag] parent-3.0.0 parent-3.0.0
tag] parent-3.0.0-RC1 parent-3.0.0-RC1
tag] parent-3.0.1 parent-3.0.1
tag] parent-3.1.0 parent-3.1.0
tag] parent-3.1.1 parent-3.1.1
tag] parent-3.1.2 parent-3.1.2
tag] parent-3.10.0 parent-3.10.0
tag] parent-3.11.0 parent-3.11.0
tag] parent-3.12.0 parent-3.12.0
tag] parent-3.12.1 parent-3.12.1
tag] parent-3.12.10 parent-3.12.10
tag] parent-3.12.11 parent-3.12.11
tag] parent-3.12.12 parent-3.12.12
tag] parent-3.12.13 parent-3.12.13
tag] parent-3.12.2 parent-3.12.2
tag] parent-3.12.3 parent-3.12.3
tag] parent-3.12.4 parent-3.12.4
tag] parent-3.12.5 parent-3.12.5
tag] parent-3.12.6 parent-3.12.6
tag] parent-3.12.7 parent-3.12.7
tag] parent-3.12.8 parent-3.12.8
tag] parent-3.12.9 parent-3.12.9
tag] parent-3.13.0 parent-3.13.0
tag] parent-3.13.1 parent-3.13.1
tag] parent-3.14.0 parent-3.14.0
tag] parent-3.14.1 parent-3.14.1
tag] parent-3.14.2 parent-3.14.2
tag] parent-3.14.3 parent-3.14.3
tag] parent-3.14.4 parent-3.14.4
tag] parent-3.14.5 parent-3.14.5
tag] parent-3.14.6 parent-3.14.6
tag] parent-3.14.7 parent-3.14.7
tag] parent-3.14.8 parent-3.14.8
tag] parent-3.14.9 parent-3.14.9
tag] parent-3.2.0 parent-3.2.0
tag] parent-3.3.0 parent-3.3.0
tag] parent-3.3.1 parent-3.3.1
tag] parent-3.4.0 parent-3.4.0
tag] parent-3.4.0-RC1 parent-3.4.0-RC1
tag] parent-3.4.1 parent-3.4.1
tag] parent-3.4.2 parent-3.4.2
tag] parent-3.5.0 parent-3.5.0
tag] parent-3.6.0 parent-3.6.0
tag] parent-3.7.0 parent-3.7.0
tag] parent-3.8.0 parent-3.8.0
tag] parent-3.8.1 parent-3.8.1
tag] parent-3.9.0 parent-3.9.0
tag] parent-3.9.1 parent-3.9.1
tag] parent-4.0.0 parent-4.0.0
tag] parent-4.0.0-ALPHA01 parent-4.0.0-ALPHA01
tag] parent-4.0.0-RC1 parent-4.0.0-RC1
tag] parent-4.0.0-RC2 parent-4.0.0-RC2
tag] parent-4.0.0-RC3 parent-4.0.0-RC3
tag] parent-4.0.0-alpha02 parent-4.0.0-alpha02
tag] parent-4.0.1 parent-4.0.1
tag] parent-4.1.0 parent-4.1.0
tag] parent-4.1.1 parent-4.1.1
tag] parent-4.10.0 parent-4.10.0
tag] parent-4.10.0-RC1 parent-4.10.0-RC1
tag] parent-4.11.0 parent-4.11.0
tag] parent-4.12.0 parent-4.12.0
tag] parent-4.2.0 parent-4.2.0
tag] parent-4.2.1 parent-4.2.1
tag] parent-4.2.2 parent-4.2.2
tag] parent-4.3.0 parent-4.3.0
tag] parent-4.3.1 parent-4.3.1
tag] parent-4.4.0 parent-4.4.0
tag] parent-4.4.1 parent-4.4.1
tag] parent-4.5.0 parent-4.5.0
tag] parent-4.5.0-RC1 parent-4.5.0-RC1
tag] parent-4.6.0 parent-4.6.0
tag] parent-4.7.0 parent-4.7.0
tag] parent-4.7.1 parent-4.7.1
tag] parent-4.7.2 parent-4.7.2
tag] parent-4.8.0 parent-4.8.0
tag] parent-4.8.1 parent-4.8.1
tag] parent-4.9.0 parent-4.9.0
tag] parent-4.9.1 parent-4.9.1
tag] parent-4.9.2 parent-4.9.2
tag] parent-4.9.3 parent-4.9.3
tag] parent-5.0.0-alpha.1 parent-5.0.0-alpha.1
tag] parent-5.0.0-alpha.10 parent-5.0.0-alpha.10
tag] parent-5.0.0-alpha.11 parent-5.0.0-alpha.11
tag] parent-5.0.0-alpha.12 parent-5.0.0-alpha.12
tag] parent-5.0.0-alpha.13 parent-5.0.0-alpha.13
tag] parent-5.0.0-alpha.14 parent-5.0.0-alpha.14
tag] parent-5.0.0-alpha.2 parent-5.0.0-alpha.2
tag] parent-5.0.0-alpha.3 parent-5.0.0-alpha.3
tag] parent-5.0.0-alpha.4 parent-5.0.0-alpha.4
tag] parent-5.0.0-alpha.5 parent-5.0.0-alpha.5
tag] parent-5.0.0-alpha.6 parent-5.0.0-alpha.6
tag] parent-5.0.0-alpha.7 parent-5.0.0-alpha.7
tag] parent-5.0.0-alpha.8 parent-5.0.0-alpha.8
tag] parent-5.0.0-alpha.9 parent-5.0.0-alpha.9
8e0dad750da3538791f62fc941d0a64aec99024f  pull/8708/merge
##[endgroup]

##[endgroup]

[command]/usr/bin/git config --local --unset-all extensions.worktreeConfig

8708
8708
2025-04-10T18:23:13.9801482Z



2025-04-10T18:23:13.9803951Z


2025-04-10T18:23:13.9805439Z

2025-04-10T18:23:13.9805910Z

2025-04-10T18:23:13.9806369Z

2025-04-10T18:23:13.9806710Z

2025-04-10T18:23:13.9807572Z
8e0dad750 512adbba4f3172892ab1be753aa07ebad9cfea2e 76aeda76c213ef398fe7d5ace10f36562c1fbdd8
##[endgroup]
-1 --format=%H
8e0dad750da3538791f62fc941d0a64aec99024f
actions/setup-java@v4

distribution: zulu
java-version: 11
java-package: jdk

server-id: github
server-username: GITHUB_ACTOR
server-password: GITHUB_TOKEN
overwrite-settings:
job-status: success


GRADLE_OPTS: -Dorg.gradle.jvmargs=-Xmx4g -Dorg.gradle.daemon=false -Dkotlin.incremental=false
##[endgroup]
##[group]Installed distributions
Trying to resolve the latest version from remote
Resolved latest version as 11.0.26+4
Trying to download...
Downloading Java 11.0.26+4 (Zulu) from https://cdn.azul.com/zulu/bin/zulu11.78.15-ca-jdk11.0.26-linux_x64.tar.gz ...
Extracting Java archive...
[command]/usr/bin/tar xz --warning=no-unknown-keyword --overwrite -C /home/runner/work/_temp/fd16279c-129c-49e3-8058-73bafd7e6088 -f /home/runner/work/_temp/ae189f1a-021e-49ef-a6d7-1fa547a5794b
Java 11.0.26+4 was downloaded
Setting Java 11.0.26+4 as the default
Creating toolchains.xml for JDK version 11 from zulu
Writing to /home/runner/.m2/toolchains.xml
2025-04-10T18:23:20.4901430Z
Java configuration:
Distribution: zulu
Version: 11.0.26+4
Path: /opt/hostedtoolcache/Java_Zulu_jdk/11.0.26-4/x64
2025-04-10T18:23:20.4903607Z
##[endgroup]
Creating settings.xml with server-id: github
Writing to /home/runner/.m2/settings.xml
actions/setup-java@v4

distribution: zulu
java-version: 17
java-package: jdk

server-id: github
server-username: GITHUB_ACTOR
server-password: GITHUB_TOKEN
overwrite-settings:
job-status: success


GRADLE_OPTS: -Dorg.gradle.jvmargs=-Xmx4g -Dorg.gradle.daemon=false -Dkotlin.incremental=false
JAVA_HOME: /opt/hostedtoolcache/Java_Zulu_jdk/11.0.26-4/x64
JAVA_HOME_11_X64: /opt/hostedtoolcache/Java_Zulu_jdk/11.0.26-4/x64
##[endgroup]
##[group]Installed distributions
Trying to resolve the latest version from remote
Resolved latest version as 17.0.14+7
Trying to download...
Downloading Java 17.0.14+7 (Zulu) from https://cdn.azul.com/zulu/bin/zulu17.56.15-ca-crac-jdk17.0.14-linux_x64.tar.gz ...
Extracting Java archive...
[command]/usr/bin/tar xz --warning=no-unknown-keyword --overwrite -C /home/runner/work/_temp/b0c7b17c-5710-4567-824c-d750b1a4ef56 -f /home/runner/work/_temp/cd5729ff-74f5-4e00-ac92-76ef7618c0ef
Java 17.0.14+7 was downloaded
Setting Java 17.0.14+7 as the default
Creating toolchains.xml for JDK version 17 from zulu
Overwriting existing file /home/runner/.m2/toolchains.xml
2025-04-10T18:23:26.3368865Z
Java configuration:
Distribution: zulu
Version: 17.0.14+7
Path: /opt/hostedtoolcache/Java_Zulu_jdk/17.0.14-7/x64
2025-04-10T18:23:26.3371242Z
##[endgroup]
Creating settings.xml with server-id: github
Overwriting existing file /home/runner/.m2/settings.xml
graalvm/setup-graalvm@v1

distribution: graalvm
java-version: 21
github-token: ***
cache: gradle
native-image-job-reports:
components: native-image
java-package: jdk
set-java-home:
check-for-updates:
native-image-musl:
native-image-pr-reports:
native-image-pr-reports-update-existing:
native-image-enable-sbom:

GRADLE_OPTS: -Dorg.gradle.jvmargs=-Xmx4g -Dorg.gradle.daemon=false -Dkotlin.incremental=false
JAVA_HOME: /opt/hostedtoolcache/Java_Zulu_jdk/17.0.14-7/x64
JAVA_HOME_11_X64: /opt/hostedtoolcache/Java_Zulu_jdk/11.0.26-4/x64
JAVA_HOME_17_X64: /opt/hostedtoolcache/Java_Zulu_jdk/17.0.14-7/x64
##[endgroup]
[command]/usr/bin/tar xz --warning=no-unknown-keyword --overwrite -C /home/runner/work/_temp/42f0c2bd-60ed-4e1f-9970-0196f8bf363f -f /home/runner/work/_temp/9285e8e1-abd9-4ed3-bd10-bc4eb033e686
Adding graalvm-jdk-21_linux-x64_bin 21 to tool-cache ...
##[warning]Please remove "components: 'native-image'" from your workflow file. It is automatically included since GraalVM for JDK 17: https://github.com/oracle/graal/pull/5995
gradle cache is not found
##[group]Successfully set up 'graalvm-jdk-21.0.6+8.1'
[command]/opt/hostedtoolcache/graalvm-jdk-21_linux-x64_bin/21.0.0/x64/graalvm-jdk-21.0.6+8.1/bin/java --version
java 21.0.6 2025-01-21 LTS
Java(TM) SE Runtime Environment Oracle GraalVM 21.0.6+8.1 (build 21.0.6+8-LTS-jvmci-23.1-b55)
Java HotSpot(TM) 64-Bit Server VM Oracle GraalVM 21.0.6+8.1 (build 21.0.6+8-LTS-jvmci-23.1-b55, mixed mode, sharing)
##[endgroup]
gradle/actions/setup-gradle@v4

cache-disabled:
cache-read-only:
cache-write-only:
cache-overwrite-existing:
cache-cleanup: on-success
gradle-home-cache-includes: caches
notifications
add-job-summary: always
add-job-summary-as-pr-comment: never
dependency-graph: disabled
dependency-graph-report-dir: dependency-graph-reports
dependency-graph-continue-on-failure:
build-scan-publish:
validate-wrappers:
allow-snapshot-wrappers:
gradle-home-cache-strict-match:
workflow-job-context: null
github-token: ***

GRADLE_OPTS: -Dorg.gradle.jvmargs=-Xmx4g -Dorg.gradle.daemon=false -Dkotlin.incremental=false
JAVA_HOME: /opt/hostedtoolcache/graalvm-jdk-21_linux-x64_bin/21.0.0/x64/graalvm-jdk-21.0.6+8.1
JAVA_HOME_11_X64: /opt/hostedtoolcache/Java_Zulu_jdk/11.0.26-4/x64
JAVA_HOME_17_X64: /opt/hostedtoolcache/Java_Zulu_jdk/17.0.14-7/x64
GRAALVM_HOME: /opt/hostedtoolcache/graalvm-jdk-21_linux-x64_bin/21.0.0/x64/graalvm-jdk-21.0.6+8.1
NATIVE_IMAGE_CONFIG_FILE: /tmp/native-image-options.properties
##[endgroup]
Merged default JDK locations into /home/runner/.m2/toolchains.xml
##[group]Restore Gradle state from cache
Cache hit for: gradle-home-v1|Linux-X64|checkjdk11[debe7e2089933f89baa724f718db4c25]-8e0dad750da3538791f62fc941d0a64aec99024f
Received 24749095 of 24749095 (100.0%), 126.2 MBs/sec
Cache Size: ~24 MB (24749095 B)
[command]/usr/bin/tar -xf /home/runner/work/_temp/a3db16a0-b887-4483-a2c9-d2a8a29b3d66/cache.tzst -P -C /home/runner/work/okhttp/okhttp --use-compress-program unzstd
Cache restored successfully
Restored cache entry with key gradle-home-v1|Linux-X64|checkjdk11[debe7e2089933f89baa724f718db4c25]-8e0dad750da3538791f62fc941d0a64aec99024f to /home/runner/.gradle/caches,/home/runner/.gradle/notifications,/home/runner/.gradle/.setup-gradle in 598ms
Cache hit for: gradle-instrumented-jars-v1-737a1b930abd2515b7524007a6c41f22
Cache hit for: gradle-groovy-dsl-v1-911c2ff7bf28f9032753ebb54d2ebea7
Cache hit for: gradle-dependencies-v1-c295e3ee0586f3321b6f827295e0e0eb
Cache hit for: gradle-transforms-v1-f7e638c46ec95ffbdcb7de3562afa08d
Cache hit for: gradle-kotlin-dsl-v1-40ce75a9feb655a965a1b75886a5851c
Cache hit for: gradle-wrapper-zips-v1-27b0df0fa405636de00fcbfa0ab79410
Cache hit for: gradle-generated-gradle-jars-v1-697f81ec8d80712ce7da03f513960371
Received 75499 of 75499 (100.0%), 1.4 MBs/sec
Cache Size: ~0 MB (75499 B)
Received 124767 of 124767 (100.0%), 1.0 MBs/sec
Cache Size: ~0 MB (124767 B)
Received 2680462 of 2680462 (100.0%), 9.9 MBs/sec
Cache Size: ~3 MB (2680462 B)
Received 40868785 of 40868785 (100.0%), 52.6 MBs/sec
Cache Size: ~39 MB (40868785 B)
Received 92274688 of 922933473 (10.0%), 87.6 MBs/sec
[command]/usr/bin/tar -xf /home/runner/work/_temp/0f416761-6df3-4d2c-afa7-75eba4b53f2c/cache.tzst -P -C /home/runner/work/okhttp/okhttp --use-compress-program unzstd
Received 92274688 of 186820111 (49.4%), 85.9 MBs/sec
Received 71303168 of 172283988 (41.4%), 67.6 MBs/sec
Cache restored successfully
Restored cache entry with key gradle-instrumented-jars-v1-737a1b930abd2515b7524007a6c41f22 to /home/runner/.gradle/caches/jars-*/*/ in 1227ms
[command]/usr/bin/tar -xf /home/runner/work/_temp/98565b4f-f013-42a5-aedd-e63439769d15/cache.tzst -P -C /home/runner/work/okhttp/okhttp --use-compress-program unzstd
Cache restored successfully
Restored cache entry with key gradle-groovy-dsl-v1-911c2ff7bf28f9032753ebb54d2ebea7 to /home/runner/.gradle/caches/*/groovy-dsl/*/ in 1584ms
[command]/usr/bin/tar -xf /home/runner/work/_temp/5b836dc0-89fe-4fdd-83cd-7c35f0fe3c64/cache.tzst -P -C /home/runner/work/okhttp/okhttp --use-compress-program unzstd
Received 201326592 of 922933473 (21.8%), 95.1 MBs/sec
Received 186820111 of 186820111 (100.0%), 87.9 MBs/sec
Cache Size: ~178 MB (186820111 B)
Received 168089684 of 172283988 (97.6%), 79.6 MBs/sec
[command]/usr/bin/tar -xf /home/runner/work/_temp/73ef4392-47f0-4266-9a47-883b62f2f102/cache.tzst -P -C /home/runner/work/okhttp/okhttp --use-compress-program unzstd
Received 172283988 of 172283988 (100.0%), 78.9 MBs/sec
Cache Size: ~164 MB (172283988 B)
[command]/usr/bin/tar -xf /home/runner/work/_temp/e50db801-a591-48e2-97b0-c35c18b543fe/cache.tzst -P -C /home/runner/work/okhttp/okhttp --use-compress-program unzstd
[command]/usr/bin/tar -xf /home/runner/work/_temp/2551f03c-147d-444a-a3d8-46346b0133ce/cache.tzst -P -C /home/runner/work/okhttp/okhttp --use-compress-program unzstd
Cache restored successfully
Restored cache entry with key gradle-generated-gradle-jars-v1-697f81ec8d80712ce7da03f513960371 to /home/runner/.gradle/caches/8.13/generated-gradle-jars/gradle-api-8.13.jar in 2821ms
Received 356515840 of 922933473 (38.6%), 112.6 MBs/sec
Received 536870912 of 922933473 (58.2%), 127.4 MBs/sec
Cache restored successfully
Restored cache entry with key gradle-kotlin-dsl-v1-40ce75a9feb655a965a1b75886a5851c to /home/runner/.gradle/caches/*/kotlin-dsl/accessors/*/,/home/runner/.gradle/caches/*/kotlin-dsl/scripts/*/ in 5095ms
Received 763363328 of 922933473 (82.7%), 144.8 MBs/sec
Received 922933473 of 922933473 (100.0%), 146.2 MBs/sec
Cache Size: ~880 MB (922933473 B)
[command]/usr/bin/tar -xf /home/runner/work/_temp/7292f3cd-41f6-4522-b855-e84057483ff6/cache.tzst -P -C /home/runner/work/okhttp/okhttp --use-compress-program unzstd
Cache restored successfully
Restored cache entry with key gradle-transforms-v1-f7e638c46ec95ffbdcb7de3562afa08d to /home/runner/.gradle/caches/transforms-4/*/,/home/runner/.gradle/caches/*/transforms/*/ in 8180ms
Cache restored successfully
Restored cache entry with key gradle-wrapper-zips-v1-27b0df0fa405636de00fcbfa0ab79410 to /home/runner/.gradle/wrapper/dists/gradle-8.13-all/54h0s9kvb6g2sinako7ub77ku in 8481ms
Cache restored successfully
Restored cache entry with key gradle-dependencies-v1-c295e3ee0586f3321b6f827295e0e0eb to /home/runner/.gradle/caches/modules-*/files-*/*/*/*/* in 9485ms
##[endgroup]
##[group]All Gradle Wrapper jars are valid
âœ“ Found known Gradle Wrapper JAR files:
81a82aaea5abcc8ff68b3dfcb58b3c3c429378efd98e7433460610fecd7ae45f gradle/wrapper/gradle-wrapper.jar
##[endgroup]
##[group]Run ./gradlew check -PandroidBuild=true -PgraalBuild=true -x test -x test
[36;1m./gradlew check -PandroidBuild=true -PgraalBuild=true -x test -x test[0m
0

GRADLE_OPTS: -Dorg.gradle.jvmargs=-Xmx4g -Dorg.gradle.daemon=false -Dkotlin.incremental=false
JAVA_HOME: /opt/hostedtoolcache/graalvm-jdk-21_linux-x64_bin/21.0.0/x64/graalvm-jdk-21.0.6+8.1
JAVA_HOME_11_X64: /opt/hostedtoolcache/Java_Zulu_jdk/11.0.26-4/x64
JAVA_HOME_17_X64: /opt/hostedtoolcache/Java_Zulu_jdk/17.0.14-7/x64
GRAALVM_HOME: /opt/hostedtoolcache/graalvm-jdk-21_linux-x64_bin/21.0.0/x64/graalvm-jdk-21.0.6+8.1
NATIVE_IMAGE_CONFIG_FILE: /tmp/native-image-options.properties
GRADLE_ACTION_ID: gradle/actions/setup-gradle
GRADLE_USER_HOME: /home/runner/.gradle
GRADLE_BUILD_ACTION_SETUP_COMPLETED: true
GRADLE_BUILD_ACTION_CACHE_RESTORED: true
DEVELOCITY_INJECTION_INIT_SCRIPT_NAME: gradle-actions.inject-develocity.init.gradle
DEVELOCITY_AUTO_INJECTION_CUSTOM_VALUE: gradle-actions
GITHUB_DEPENDENCY_GRAPH_ENABLED: false
##[endgroup]
To honour the JVM settings for this build a single-use Daemon process will be forked. For more on this, please refer to https://docs.gradle.org/8.13/userguide/gradle_daemon.html#sec:disabling_the_daemon in the Gradle documentation.
Daemon will be stopped at the end of the build
Type-safe project accessors is an incubating feature.
> Task :buildSrc:checkKotlinGradlePluginConfigurationErrors SKIPPED
> Task :buildSrc:compileKotlin FROM-CACHE
> Task :buildSrc:compileJava NO-SOURCE
> Task :buildSrc:compileGroovy NO-SOURCE
> Task :buildSrc:pluginDescriptors
> Task :buildSrc:processResources NO-SOURCE
> Task :buildSrc:classes UP-TO-DATE
2025-04-10T18:23:54.4096526Z
> Task :buildSrc:jar
:jar: No valid plugin descriptors were found in META-INF/gradle-plugins
2025-04-10T18:24:10.0087645Z
> Configure project :
warning: Dokka Gradle plugin V1 is deprecated
2025-04-10T18:24:10.0102646Z
Dokka Gradle plugin V1 is deprecated, and will be removed in Dokka version 2.1.0
Please migrate to Dokka Gradle plugin V2. This will require updating your project.
To learn about migrating read the migration guide https://kotl.in/dokka-gradle-migration
2025-04-10T18:24:10.0106727Z
To start migrating to Dokka Gradle plugin V2 add
org.jetbrains.dokka.experimental.gradle.pluginMode=V2EnabledWithHelpers
into your project's `gradle.properties` file.
2025-04-10T18:24:10.0113613Z
We would appreciate your feedback!
- Please report any feedback or problems https://kotl.in/dokka-issues
- Chat with the community visit #dokka in https://kotlinlang.slack.com/ (To sign up visit https://kotl.in/slack)
2025-04-10T18:24:10.0117028Z
2025-04-10T18:24:29.8088531Z
> Configure project :regression-test
w: file:///home/runner/work/okhttp/okhttp/regression-test/build.gradle.kts:13:5: 'targetSdk: Int?' is deprecated. Will be removed from library DSL in v9.0. Use testOptions.targetSdk or/and lint.targetSdk instead
2025-04-10T18:24:45.7124131Z
> Task :okhttp-idna-mapping-table:checkKotlinGradlePluginConfigurationErrors SKIPPED
> Task :okhttp:checkKotlinGradlePluginConfigurationErrors SKIPPED
> Task :android-test:preBuild UP-TO-DATE
> Task :android-test:preDebugBuild UP-TO-DATE
> Task :spotlessInternalRegisterDependencies
> Task :android-test:mergeDebugJniLibFolders
> Task :android-test:mergeDebugNativeLibs NO-SOURCE
> Task :android-test:stripDebugDebugSymbols NO-SOURCE
> Task :android-test:copyDebugJniLibsProjectAndLocalJars
> Task :android-test:checkKotlinGradlePluginConfigurationErrors SKIPPED
> Task :android-test:generateDebugResValues
> Task :android-test:generateDebugResources
> Task :android-test:packageDebugResources
> Task :okhttp:copyKotlinTemplates
> Task :okhttp:preBuild UP-TO-DATE
> Task :okhttp:preDebugBuild UP-TO-DATE
> Task :okhttp:generateDebugResValues FROM-CACHE
> Task :okhttp:generateDebugResources
> Task :okhttp:packageDebugResources
> Task :okhttp:parseDebugLocalResources
> Task :android-test:parseDebugLocalResources
> Task :okhttp:generateDebugRFile
> Task :android-test:generateDebugRFile
> Task :android-test:extractDeepLinksForAarDebug
> Task :android-test:mergeDebugShaders
> Task :okhttp:javaPreCompileDebug
> Task :android-test:compileDebugShaders NO-SOURCE
> Task :android-test:generateDebugAssets UP-TO-DATE
> Task :okhttp:mergeDebugJniLibFolders
> Task :android-test:mergeDebugAssets
> Task :okhttp:mergeDebugNativeLibs NO-SOURCE
> Task :android-test:javaPreCompileDebug FROM-CACHE
> Task :okhttp:stripDebugDebugSymbols NO-SOURCE
> Task :android-test:prepareDebugArtProfile
> Task :okhttp:copyDebugJniLibsProjectAndLocalJars
> Task :okhttp:extractDeepLinksForAarDebug FROM-CACHE
> Task :android-test:prepareLintJarForPublish
> Task :okhttp:mergeDebugShaders
> Task :okhttp:compileDebugShaders NO-SOURCE
> Task :android-test:writeDebugAarMetadata
> Task :okhttp:debugAssetsCopyForAGP NO-SOURCE
> Task :okhttp:generateDebugAssets UP-TO-DATE
> Task :okhttp:mergeDebugAssets
> Task :okhttp:prepareDebugArtProfile
> Task :okhttp:prepareLintJarForPublish
2025-04-10T18:24:46.9125144Z
> Task :android-test:processDebugManifest
package="okhttp.android.test" found in source AndroidManifest.xml: /home/runner/work/okhttp/okhttp/android-test/src/main/AndroidManifest.xml.
Setting the namespace via the package attribute in the source AndroidManifest.xml is no longer supported, and the value is ignored.
Recommendation: remove package="okhttp.android.test" from the source AndroidManifest.xml: /home/runner/work/okhttp/okhttp/android-test/src/main/AndroidManifest.xml.
2025-04-10T18:24:46.9137778Z
> Task :android-test:preDebugAndroidTestBuild UP-TO-DATE
> Task :android-test:generateDebugAndroidTestResValues FROM-CACHE
> Task :android-test:writeDebugLintModelMetadata
> Task :okhttp:writeDebugAarMetadata
> Task :android-test:writeFiltersDebugAndroidTest
2025-04-10T18:24:46.9166079Z
> Task :okhttp:processDebugManifest
package="okhttp.okhttp3" found in source AndroidManifest.xml: /home/runner/work/okhttp/okhttp/okhttp/src/androidMain/AndroidManifest.xml.
Setting the namespace via the package attribute in the source AndroidManifest.xml is no longer supported, and the value is ignored.
Recommendation: remove package="okhttp.okhttp3" from the source AndroidManifest.xml: /home/runner/work/okhttp/okhttp/okhttp/src/androidMain/AndroidManifest.xml.
2025-04-10T18:24:46.9172099Z
> Task :logging-interceptor:checkKotlinGradlePluginConfigurationErrors SKIPPED
> Task :logging-interceptor:processResources NO-SOURCE
> Task :logging-interceptor:writeJvmLintModelMetadata
> Task :mockwebserver3:checkKotlinGradlePluginConfigurationErrors SKIPPED
> Task :mockwebserver3:processResources NO-SOURCE
> Task :mockwebserver3:writeJvmLintModelMetadata
> Task :mockwebserver3-junit4:checkKotlinGradlePluginConfigurationErrors SKIPPED
> Task :mockwebserver3-junit4:processResources NO-SOURCE
> Task :okhttp:jvmProcessResources
> Task :okhttp:processJvmMainResources SKIPPED
> Task :mockwebserver3-junit4:writeJvmLintModelMetadata
> Task :mockwebserver3-junit5:checkKotlinGradlePluginConfigurationErrors SKIPPED
> Task :okhttp:writeDebugLintModelMetadata
> Task :okhttp-brotli:checkKotlinGradlePluginConfigurationErrors SKIPPED
> Task :okhttp-brotli:processResources NO-SOURCE
> Task :mockwebserver3-junit5:processResources
> Task :okhttp-brotli:writeJvmLintModelMetadata
> Task :okhttp-dnsoverhttps:checkKotlinGradlePluginConfigurationErrors SKIPPED
> Task :okhttp-dnsoverhttps:processResources NO-SOURCE
> Task :mockwebserver3-junit5:writeJvmLintModelMetadata
> Task :okhttp-sse:checkKotlinGradlePluginConfigurationErrors SKIPPED
> Task :okhttp-sse:processResources NO-SOURCE
> Task :okhttp-dnsoverhttps:writeJvmLintModelMetadata
> Task :okhttp-testing-support:checkKotlinGradlePluginConfigurationErrors SKIPPED
> Task :okhttp-tls:checkKotlinGradlePluginConfigurationErrors SKIPPED
> Task :okhttp-tls:processResources NO-SOURCE
> Task :okhttp-sse:writeJvmLintModelMetadata
> Task :okhttp-tls:writeJvmLintModelMetadata
> Task :okhttp-testing-support:processResources
> Task :okhttp-testing-support:writeJvmLintModelMetadata
> Task :android-test:extractProguardFiles
> Task :android-test:preDebugUnitTestBuild UP-TO-DATE
> Task :okhttp:extractProguardFiles
> Task :okhttp:preDebugAndroidTestBuild UP-TO-DATE
> Task :okhttp:generateDebugAndroidTestResValues FROM-CACHE
> Task :okhttp:preDebugUnitTestBuild UP-TO-DATE
> Task :okhttp:preReleaseBuild UP-TO-DATE
> Task :okhttp:mergeReleaseJniLibFolders
> Task :okhttp:mergeReleaseNativeLibs NO-SOURCE
> Task :okhttp:stripReleaseDebugSymbols NO-SOURCE
> Task :okhttp:copyReleaseJniLibsProjectAndLocalJars
> Task :okhttp:generateReleaseResValues FROM-CACHE
> Task :okhttp:extractDeepLinksForAarRelease FROM-CACHE
> Task :okhttp:generateReleaseResources
> Task :okhttp:packageReleaseResources
> Task :android-test-app:buildKotlinToolingMetadata
> Task :android-test-app:checkKotlinGradlePluginConfigurationErrors SKIPPED
> Task :android-test-app:preBuild UP-TO-DATE
> Task :android-test-app:preReleaseBuild UP-TO-DATE
> Task :android-test-app:generateReleaseResValues FROM-CACHE
> Task :okhttp:parseReleaseLocalResources FROM-CACHE
> Task :okhttp:generateReleaseRFile FROM-CACHE
> Task :okhttp:mergeReleaseShaders
> Task :okhttp:compileReleaseShaders NO-SOURCE
> Task :okhttp:generateReleaseAssets UP-TO-DATE
> Task :okhttp:releaseAssetsCopyForAGP NO-SOURCE
> Task :okhttp:mergeReleaseAssets
> Task :okhttp:javaPreCompileRelease FROM-CACHE
> Task :okhttp:prepareReleaseArtProfile
> Task :okhttp:processReleaseManifest FROM-CACHE
> Task :okhttp:writeReleaseAarMetadata
> Task :okhttp:extractDeepLinksRelease
> Task :okhttp:writeReleaseLintModelMetadata
> Task :okhttp:preReleaseUnitTestBuild UP-TO-DATE
> Task :container-tests:check
> Task :logging-interceptor:sympathyForMrMaven
> Task :mockwebserver:checkKotlinGradlePluginConfigurationErrors SKIPPED
> Task :mockwebserver:processResources NO-SOURCE
> Task :mockwebserver:sympathyForMrMaven
> Task :mockwebserver3:sympathyForMrMaven
> Task :mockwebserver3-junit4:sympathyForMrMaven
> Task :mockwebserver3-junit5:sympathyForMrMaven
> Task :native-image-tests:checkKotlinGradlePluginConfigurationErrors SKIPPED
> Task :okhttp-java-net-cookiejar:checkKotlinGradlePluginConfigurationErrors SKIPPED
> Task :okhttp-java-net-cookiejar:processResources NO-SOURCE
> Task :native-image-tests:processResources NO-SOURCE
> Task :mockwebserver:writeJvmLintModelMetadata
> Task :okhttp-java-net-cookiejar:writeJvmLintModelMetadata
> Task :native-image-tests:sympathyForMrMaven
> Task :okcurl:checkKotlinGradlePluginConfigurationErrors SKIPPED
> Task :android-test-app:mapReleaseSourceSetPaths
> Task :okcurl:copyResourcesTemplates
> Task :okcurl:processResources
> Task :okcurl:sympathyForMrMaven
> Task :okhttp-coroutines:checkKotlinGradlePluginConfigurationErrors SKIPPED
> Task :okhttp-coroutines:processResources NO-SOURCE
> Task :okhttp-urlconnection:checkKotlinGradlePluginConfigurationErrors SKIPPED
> Task :okhttp-urlconnection:processResources NO-SOURCE
> Task :okhttp:jvmTestProcessResources
> Task :okhttp:processJvmTestResources SKIPPED
> Task :android-test-app:checkReleaseAarMetadata
> Task :okhttp:checkDebugUnitTestAarMetadata
> Task :android-test-app:generateReleaseResources
> Task :okhttp:compileDebugLibraryResources
> Task :okhttp:generateDebugUnitTestResValues FROM-CACHE
> Task :okhttp:mapDebugUnitTestSourceSetPaths
> Task :okhttp:generateDebugUnitTestResources
> Task :okhttp:mergeDebugUnitTestResources
> Task :okhttp:extractDeepLinksDebug FROM-CACHE
> Task :okhttp:processDebugUnitTestManifest
> Task :android-test-app:mergeReleaseResources
> Task :android-test-app:packageReleaseResources
> Task :okhttp:processDebugUnitTestResources
> Task :android-test-app:createReleaseCompatibleScreenManifests
> Task :android-test-app:extractDeepLinksRelease FROM-CACHE
> Task :android-test-app:parseReleaseLocalResources
> Task :okhttp:javaPreCompileDebugUnitTest FROM-CACHE
> Task :okhttp:generateDebugUnitTestAssets UP-TO-DATE
> Task :okhttp:mergeDebugUnitTestAssets
> Task :okhttp:packageDebugUnitTestForUnitTest
> Task :okhttp:generateDebugUnitTestConfig
2025-04-10T18:24:51.0113065Z
> Task :android-test-app:processReleaseMainManifest
package="okhttp.android.testapp" found in source AndroidManifest.xml: /home/runner/work/okhttp/okhttp/android-test-app/src/main/AndroidManifest.xml.
Setting the namespace via the package attribute in the source AndroidManifest.xml is no longer supported, and the value is ignored.
Recommendation: remove package="okhttp.android.testapp" from the source AndroidManifest.xml: /home/runner/work/okhttp/okhttp/android-test-app/src/main/AndroidManifest.xml.
2025-04-10T18:24:51.0145155Z
> Task :okhttp:checkReleaseUnitTestAarMetadata
> Task :okhttp:compileReleaseLibraryResources
> Task :android-test-app:processReleaseManifest
> Task :okhttp:generateReleaseUnitTestResValues FROM-CACHE
> Task :okhttp:mapReleaseUnitTestSourceSetPaths
> Task :android-test-app:javaPreCompileRelease FROM-CACHE
> Task :android-test-app:preReleaseAndroidTestBuild SKIPPED
> Task :android-test-app:generateReleaseAndroidTestResValues FROM-CACHE
> Task :android-test-app:processReleaseManifestForPackage
> Task :okhttp:generateReleaseUnitTestResources
> Task :okhttp:mergeReleaseUnitTestResources
> Task :okhttp:processReleaseUnitTestManifest
> Task :android-test-app:extractProguardFiles
> Task :android-test-app:preReleaseUnitTestBuild UP-TO-DATE
> Task :okhttp:processReleaseUnitTestResources
> Task :okhttp:javaPreCompileReleaseUnitTest FROM-CACHE
> Task :okhttp:generateReleaseUnitTestAssets UP-TO-DATE
> Task :okhttp:mergeReleaseUnitTestAssets
> Task :okhttp:packageReleaseUnitTestForUnitTest
> Task :okhttp:generateReleaseUnitTestConfig
> Task :okhttp:compileJava NO-SOURCE
> Task :okhttp:processResources
> Task :okhttp:classes
> Task :android-test-app:processReleaseResources
> Task :okhttp-bom:check UP-TO-DATE
> Task :okhttp-brotli:sympathyForMrMaven
> Task :okhttp-coroutines:sympathyForMrMaven
> Task :okhttp-dnsoverhttps:sympathyForMrMaven
> Task :okhttp-hpacktests:checkKotlinGradlePluginConfigurationErrors SKIPPED
> Task :okhttp-hpacktests:compileKotlin NO-SOURCE
> Task :okhttp-hpacktests:compileJava NO-SOURCE
> Task :okhttp-hpacktests:processResources NO-SOURCE
> Task :okhttp-hpacktests:classes UP-TO-DATE
> Task :okhttp-hpacktests:animalsnifferMain SKIPPED
> Task :okhttp-hpacktests:checkstyleMain NO-SOURCE
> Task :okhttp-hpacktests:generateJvmMainLintModel
> Task :okhttp-hpacktests:jar
2025-04-10T18:24:53.6098810Z
> Task :okhttp:animalsnifferMain
[/home/runner/work/okhttp/okhttp/okhttp/src/androidDebug/kotlin, /home/runner/work/okhttp/okhttp/okhttp/src/debug/java, /home/runner/work/okhttp/okhttp/okhttp/src/debug/kotlin]
[/home/runner/work/okhttp/okhttp/okhttp/src/androidInstrumentedTest/kotlin, /home/runner/work/okhttp/okhttp/okhttp/src/androidTest/java, /home/runner/work/okhttp/okhttp/okhttp/src/androidTest/kotlin]
[/home/runner/work/okhttp/okhttp/okhttp/src/androidInstrumentedTestDebug/kotlin, /home/runner/work/okhttp/okhttp/okhttp/src/androidTestDebug/java, /home/runner/work/okhttp/okhttp/okhttp/src/androidTestDebug/kotlin]
[/home/runner/work/okhttp/okhttp/okhttp/src/androidMain/kotlin, /home/runner/work/okhttp/okhttp/okhttp/src/main/java, /home/runner/work/okhttp/okhttp/okhttp/src/main/kotlin]
[/home/runner/work/okhttp/okhttp/okhttp/src/androidRelease/kotlin, /home/runner/work/okhttp/okhttp/okhttp/src/release/java, /home/runner/work/okhttp/okhttp/okhttp/src/release/kotlin]
[/home/runner/work/okhttp/okhttp/okhttp/src/androidUnitTest/kotlin, /home/runner/work/okhttp/okhttp/okhttp/src/test/java, /home/runner/work/okhttp/okhttp/okhttp/src/test/kotlin]
[/home/runner/work/okhttp/okhttp/okhttp/src/androidUnitTestDebug/kotlin, /home/runner/work/okhttp/okhttp/okhttp/src/testDebug/java, /home/runner/work/okhttp/okhttp/okhttp/src/testDebug/kotlin]
[/home/runner/work/okhttp/okhttp/okhttp/src/androidUnitTestRelease/kotlin, /home/runner/work/okhttp/okhttp/okhttp/src/testRelease/java, /home/runner/work/okhttp/okhttp/okhttp/src/testRelease/kotlin]
[/home/runner/work/okhttp/okhttp/okhttp/src/commonJvmAndroid/kotlin, /home/runner/work/okhttp/okhttp/okhttp/build/generated/sources/kotlinTemplates, /home/runner/work/okhttp/okhttp/okhttp/build/generated/sources/idnaMappingTable]
[/home/runner/work/okhttp/okhttp/okhttp/src/commonMain/kotlin]
[/home/runner/work/okhttp/okhttp/okhttp/src/commonTest/kotlin]
[/home/runner/work/okhttp/okhttp/okhttp/src/jvmMain/kotlin, /home/runner/work/okhttp/okhttp/okhttp/src/jvmMain/java]
[/home/runner/work/okhttp/okhttp/okhttp/src/jvmTest/kotlin, /home/runner/work/okhttp/okhttp/okhttp/src/jvmTest/java]
2025-04-10T18:24:56.0089397Z
> Task :okhttp-idna-mapping-table:processResources
> Task :okhttp:klibApiExtractForValidation SKIPPED
> Task :okhttp:klibApiMerge SKIPPED
> Task :okhttp:klibApiCheck SKIPPED
> Task :okhttp:checkstyleMain NO-SOURCE
2025-04-10T18:24:56.0095080Z
> Task :okhttp:sympathyForMrMaven
[maven-sympathy] No configurations detected!
2025-04-10T18:24:56.3089144Z
> Task :okhttp-hpacktests:sympathyForMrMaven
> Task :okhttp-idna-mapping-table:sympathyForMrMaven
> Task :okhttp-java-net-cookiejar:sympathyForMrMaven
> Task :okhttp-osgi-tests:checkKotlinGradlePluginConfigurationErrors SKIPPED
> Task :okhttp-osgi-tests:processResources NO-SOURCE
> Task :okhttp-coroutines:writeJvmLintModelMetadata
> Task :okhttp-urlconnection:writeJvmLintModelMetadata
> Task :okhttp-osgi-tests:sympathyForMrMaven
> Task :okhttp-sse:sympathyForMrMaven
> Task :okhttp-testing-support:sympathyForMrMaven
> Task :okhttp-tls:sympathyForMrMaven
> Task :okhttp-urlconnection:sympathyForMrMaven
> Task :regression-test:preBuild UP-TO-DATE
> Task :regression-test:preDebugBuild UP-TO-DATE
> Task :regression-test:mergeDebugJniLibFolders
> Task :regression-test:mergeDebugNativeLibs NO-SOURCE
> Task :regression-test:stripDebugDebugSymbols NO-SOURCE
> Task :regression-test:copyDebugJniLibsProjectAndLocalJars
> Task :regression-test:checkKotlinGradlePluginConfigurationErrors SKIPPED
> Task :regression-test:generateDebugResValues FROM-CACHE
> Task :regression-test:generateDebugResources
> Task :regression-test:packageDebugResources
> Task :regression-test:parseDebugLocalResources
> Task :regression-test:generateDebugRFile
> Task :regression-test:compileDebugKotlin NO-SOURCE
> Task :regression-test:extractDebugAnnotations
> Task :regression-test:extractDeepLinksForAarDebug FROM-CACHE
> Task :regression-test:mergeDebugShaders
> Task :regression-test:compileDebugShaders NO-SOURCE
> Task :regression-test:generateDebugAssets UP-TO-DATE
> Task :regression-test:mergeDebugAssets
> Task :regression-test:javaPreCompileDebug FROM-CACHE
> Task :regression-test:compileDebugJavaWithJavac NO-SOURCE
> Task :regression-test:mergeDebugGeneratedProguardFiles
> Task :regression-test:mergeDebugConsumerProguardFiles
> Task :regression-test:prepareDebugArtProfile
> Task :regression-test:prepareLintJarForPublish
2025-04-10T18:24:59.4087548Z
> Task :regression-test:processDebugManifest
package="okhttp.android.regression" found in source AndroidManifest.xml: /home/runner/work/okhttp/okhttp/regression-test/src/main/AndroidManifest.xml.
Setting the namespace via the package attribute in the source AndroidManifest.xml is no longer supported, and the value is ignored.
Recommendation: remove package="okhttp.android.regression" from the source AndroidManifest.xml: /home/runner/work/okhttp/okhttp/regression-test/src/main/AndroidManifest.xml.
2025-04-10T18:24:59.4148172Z
> Task :regression-test:processDebugJavaRes NO-SOURCE
> Task :regression-test:mergeDebugJavaResource
> Task :regression-test:syncDebugLibJars
> Task :regression-test:writeDebugAarMetadata
> Task :regression-test:bundleDebugLocalLintAar
> Task :regression-test:bundleLibRuntimeToJarDebug
> Task :regression-test:createFullJarDebug
> Task :regression-test:preDebugAndroidTestBuild UP-TO-DATE
> Task :regression-test:generateDebugAndroidTestResValues FROM-CACHE
> Task :regression-test:writeDebugLintModelMetadata
> Task :regression-test:generateDebugAndroidTestLintModel
> Task :regression-test:extractProguardFiles
> Task :regression-test:generateDebugLintReportModel
> Task :regression-test:preDebugUnitTestBuild UP-TO-DATE
> Task :regression-test:generateDebugUnitTestLintModel
> Task :okhttp-hpacktests:lintAnalyzeJvmMain
2025-04-10T18:25:07.9086253Z
> Task :okhttp-idna-mapping-table:compileKotlin
w: Opt-in requirement marker okhttp3.ExperimentalOkHttpApi is unresolved. Please make sure it's present in the module dependencies
2025-04-10T18:25:08.0101578Z
> Task :okhttp-idna-mapping-table:compileJava NO-SOURCE
> Task :okhttp-idna-mapping-table:classes
> Task :okhttp-idna-mapping-table:jar
> Task :okhttp:generateIdnaMappingTable
> Task :regression-test:lintAnalyzeDebug
2025-04-10T18:25:11.9094169Z
> Task :okhttp-idna-mapping-table:animalsnifferMain
2025-04-10T18:25:11.9104789Z
7 AnimalSniffer violations were found in 4 files. See the report at: file:////home/runner/work/okhttp/okhttp/okhttp-idna-mapping-table/build/reports/animalsniffer/main.text
2025-04-10T18:25:11.9111203Z
[Undefined reference | android-api-level-21-5.0.1_r2] okhttp3.internal.idn.(GenerateIdnaMappingTableCode.kt:86)
>> java.util.stream.IntStream String.codePoints()
2025-04-10T18:25:11.9153491Z
[Undefined reference | android-api-level-21-5.0.1_r2] okhttp3.internal.idn.(GenerateIdnaMappingTableCode.kt:86)
>> java.util.PrimitiveIterator.OfInt java.util.stream.IntStream.iterator()
2025-04-10T18:25:11.9160410Z
[Undefined reference | android-api-level-21-5.0.1_r2] okhttp3.internal.idn.(GenerateIdnaMappingTableCode.kt:86)
>> boolean java.util.PrimitiveIterator.OfInt.hasNext()
2025-04-10T18:25:11.9162858Z
[Undefined reference | android-api-level-21-5.0.1_r2] okhttp3.internal.idn.(GenerateIdnaMappingTableCode.kt:86)
>> Integer java.util.PrimitiveIterator.OfInt.next()
2025-04-10T18:25:11.9164993Z
[Undefined reference | android-api-level-21-5.0.1_r2] okhttp3.internal.idn.(MappedRange.kt:1)
>> int Integer.hashCode(int)
2025-04-10T18:25:11.9166710Z
[Undefined reference | android-api-level-21-5.0.1_r2] okhttp3.internal.idn.(SimpleIdnaMappingTable.kt:1)
>> int Integer.hashCode(int)
2025-04-10T18:25:11.9168493Z
[Undefined reference | android-api-level-21-5.0.1_r2] okhttp3.internal.idn.(MappingTables.kt:116)
>> java.util.stream.IntStream String.codePoints()
2025-04-10T18:25:11.9170827Z
2025-04-10T18:25:15.2088287Z
> Task :regression-test:lintAnalyzeDebugAndroidTest
> Task :spotlessKotlin
> Task :okhttp:compileDebugKotlinAndroid
> Task :spotlessKotlinCheck
> Task :spotlessCheck
> Task :check
> Task :okhttp-idna-mapping-table:checkstyleMain NO-SOURCE
> Task :okhttp-idna-mapping-table:generateJvmMainLintModel
> Task :okhttp-idna-mapping-table:generateJvmTestLintModel
> Task :okhttp:compileKotlinJvm
> Task :okhttp:compileReleaseKotlinAndroid
> Task :okhttp-idna-mapping-table:lintAnalyzeJvmMain
> Task :okhttp-idna-mapping-table:lintAnalyzeJvmTest
> Task :okhttp-idna-mapping-table:lintReportJvm
> Task :okhttp-idna-mapping-table:lintJvm
> Task :okhttp-idna-mapping-table:lint
> Task :okhttp-idna-mapping-table:check
> Task :regression-test:lintAnalyzeDebugUnitTest
2025-04-10T18:25:57.2111696Z
> Task :regression-test:lintReportDebug
Wrote HTML report to file:///home/runner/work/okhttp/okhttp/regression-test/build/reports/lint-results-debug.html
2025-04-10T18:25:57.2118022Z
> Task :regression-test:lintDebug
> Task :regression-test:lint
> Task :regression-test:check
> Task :samples:compileJava NO-SOURCE
> Task :samples:processResources NO-SOURCE
> Task :samples:classes UP-TO-DATE
> Task :samples:animalsnifferMain SKIPPED
> Task :samples:checkstyleMain NO-SOURCE
> Task :samples:sympathyForMrMaven
> Task :samples:check
> Task :samples:compare:checkKotlinGradlePluginConfigurationErrors SKIPPED
> Task :samples:compare:compileKotlin NO-SOURCE
> Task :samples:compare:compileJava NO-SOURCE
> Task :samples:compare:processResources NO-SOURCE
> Task :samples:compare:classes UP-TO-DATE
> Task :samples:compare:animalsnifferMain SKIPPED
> Task :samples:compare:checkstyleMain NO-SOURCE
> Task :samples:compare:generateJvmMainLintModel
> Task :samples:compare:jar
> Task :samples:compare:lintAnalyzeJvmMain
> Task :samples:compare:sympathyForMrMaven
> Task :samples:crawler:checkKotlinGradlePluginConfigurationErrors SKIPPED
> Task :samples:crawler:processResources NO-SOURCE
> Task :samples:crawler:sympathyForMrMaven
> Task :samples:guide:checkKotlinGradlePluginConfigurationErrors SKIPPED
> Task :samples:guide:sympathyForMrMaven
> Task :samples:simple-client:checkKotlinGradlePluginConfigurationErrors SKIPPED
> Task :samples:simple-client:processResources NO-SOURCE
> Task :samples:simple-client:sympathyForMrMaven
> Task :samples:slack:checkKotlinGradlePluginConfigurationErrors SKIPPED
> Task :samples:slack:processResources NO-SOURCE
> Task :samples:slack:sympathyForMrMaven
> Task :samples:static-server:checkKotlinGradlePluginConfigurationErrors SKIPPED
> Task :samples:static-server:processResources NO-SOURCE
> Task :samples:static-server:sympathyForMrMaven
> Task :samples:tlssurvey:checkKotlinGradlePluginConfigurationErrors SKIPPED
> Task :samples:tlssurvey:sympathyForMrMaven
> Task :samples:unixdomainsockets:checkKotlinGradlePluginConfigurationErrors SKIPPED
> Task :samples:unixdomainsockets:processResources NO-SOURCE
> Task :samples:unixdomainsockets:sympathyForMrMaven
2025-04-10T18:26:05.8087766Z
> Task :okhttp:compileDebugKotlinAndroid
w: file:///home/runner/work/okhttp/okhttp/okhttp/src/androidMain/kotlin/okhttp3/internal/platform/PlatformRegistry.kt:21:1 'expect'/'actual' classes (including interfaces, objects, annotations, enums, and 'actual' typealiases) are in Beta. Consider using the '-Xexpect-actual-classes' flag to suppress this warning. Also see: https://youtrack.jetbrains.com/issue/KT-61573
w: file:///home/runner/work/okhttp/okhttp/okhttp/src/androidMain/kotlin/okhttp3/internal/platform/android/BouncyCastleSocketAdapter.kt:69:89 The resulting type of this 'javaClass' call is 'Class<BouncyCastleSocketAdapter.Companion>' and not 'Class<BouncyCastleSocketAdapter>'. Use '::class.java' to access type 'Class<BouncyCastleSocketAdapter>'.
w: file:///home/runner/work/okhttp/okhttp/okhttp/src/androidMain/kotlin/okhttp3/internal/platform/android/ConscryptSocketAdapter.kt:65:66 The resulting type of this 'javaClass' call is 'Class<ConscryptSocketAdapter.Companion>' and not 'Class<ConscryptSocketAdapter>'. Use '::class.java' to access type 'Class<ConscryptSocketAdapter>'.
w: file:///home/runner/work/okhttp/okhttp/okhttp/src/commonJvmAndroid/kotlin/okhttp3/internal/-HeadersCommon.kt:176:13 Condition is always 'true'.
w: file:///home/runner/work/okhttp/okhttp/okhttp/src/commonJvmAndroid/kotlin/okhttp3/internal/-HeadersCommon.kt:205:33 Unchecked cast of 'Array<String?>' to 'Array<String>'.
w: file:///home/runner/work/okhttp/okhttp/okhttp/src/commonJvmAndroid/kotlin/okhttp3/internal/-ResponseCommon.kt:83:1 '@JvmOverloads' annotation has no effect for methods without default arguments.
w: file:///home/runner/work/okhttp/okhttp/okhttp/src/commonJvmAndroid/kotlin/okhttp3/internal/SuppressSignatureCheck.kt:25:1 This annotation is deprecated in Kotlin. Use '@kotlin.annotation.MustBeDocumented' instead.
w: file:///home/runner/work/okhttp/okhttp/okhttp/src/commonJvmAndroid/kotlin/okhttp3/internal/http/BridgeInterceptor.kt:99:11 Condition is always 'true'.
w: file:///home/runner/work/okhttp/okhttp/okhttp/src/commonJvmAndroid/kotlin/okhttp3/internal/platform/PlatformRegistry.kt:3:1 'expect'/'actual' classes (including interfaces, objects, annotations, enums, and 'actual' typealiases) are in Beta. Consider using the '-Xexpect-actual-classes' flag to suppress this warning. Also see: https://youtrack.jetbrains.com/issue/KT-61573
2025-04-10T18:26:06.0088849Z
> Task :okhttp:compileReleaseKotlinAndroid
w: file:///home/runner/work/okhttp/okhttp/okhttp/src/androidMain/kotlin/okhttp3/internal/platform/PlatformRegistry.kt:21:1 'expect'/'actual' classes (including interfaces, objects, annotations, enums, and 'actual' typealiases) are in Beta. Consider using the '-Xexpect-actual-classes' flag to suppress this warning. Also see: https://youtrack.jetbrains.com/issue/KT-61573
w: file:///home/runner/work/okhttp/okhttp/okhttp/src/androidMain/kotlin/okhttp3/internal/platform/android/BouncyCastleSocketAdapter.kt:69:89 The resulting type of this 'javaClass' call is 'Class<BouncyCastleSocketAdapter.Companion>' and not 'Class<BouncyCastleSocketAdapter>'. Use '::class.java' to access type 'Class<BouncyCastleSocketAdapter>'.
w: file:///home/runner/work/okhttp/okhttp/okhttp/src/androidMain/kotlin/okhttp3/internal/platform/android/ConscryptSocketAdapter.kt:65:66 The resulting type of this 'javaClass' call is 'Class<ConscryptSocketAdapter.Companion>' and not 'Class<ConscryptSocketAdapter>'. Use '::class.java' to access type 'Class<ConscryptSocketAdapter>'.
w: file:///home/runner/work/okhttp/okhttp/okhttp/src/commonJvmAndroid/kotlin/okhttp3/internal/-HeadersCommon.kt:176:13 Condition is always 'true'.
w: file:///home/runner/work/okhttp/okhttp/okhttp/src/commonJvmAndroid/kotlin/okhttp3/internal/-HeadersCommon.kt:205:33 Unchecked cast of 'Array<String?>' to 'Array<String>'.
w: file:///home/runner/work/okhttp/okhttp/okhttp/src/commonJvmAndroid/kotlin/okhttp3/internal/-ResponseCommon.kt:83:1 '@JvmOverloads' annotation has no effect for methods without default arguments.
w: file:///home/runner/work/okhttp/okhttp/okhttp/src/commonJvmAndroid/kotlin/okhttp3/internal/SuppressSignatureCheck.kt:25:1 This annotation is deprecated in Kotlin. Use '@kotlin.annotation.MustBeDocumented' instead.
w: file:///home/runner/work/okhttp/okhttp/okhttp/src/commonJvmAndroid/kotlin/okhttp3/internal/http/BridgeInterceptor.kt:99:11 Condition is always 'true'.
w: file:///home/runner/work/okhttp/okhttp/okhttp/src/commonJvmAndroid/kotlin/okhttp3/internal/platform/PlatformRegistry.kt:3:1 'expect'/'actual' classes (including interfaces, objects, annotations, enums, and 'actual' typealiases) are in Beta. Consider using the '-Xexpect-actual-classes' flag to suppress this warning. Also see: https://youtrack.jetbrains.com/issue/KT-61573
2025-04-10T18:26:06.0150508Z
> Task :okhttp:compileKotlinJvm
w: file:///home/runner/work/okhttp/okhttp/okhttp/src/commonJvmAndroid/kotlin/okhttp3/internal/-HeadersCommon.kt:176:13 Condition is always 'true'.
w: file:///home/runner/work/okhttp/okhttp/okhttp/src/commonJvmAndroid/kotlin/okhttp3/internal/-HeadersCommon.kt:205:33 Unchecked cast of 'Array<String?>' to 'Array<String>'.
w: file:///home/runner/work/okhttp/okhttp/okhttp/src/commonJvmAndroid/kotlin/okhttp3/internal/-ResponseCommon.kt:83:1 '@JvmOverloads' annotation has no effect for methods without default arguments.
w: file:///home/runner/work/okhttp/okhttp/okhttp/src/commonJvmAndroid/kotlin/okhttp3/internal/SuppressSignatureCheck.kt:25:1 This annotation is deprecated in Kotlin. Use '@kotlin.annotation.MustBeDocumented' instead.
w: file:///home/runner/work/okhttp/okhttp/okhttp/src/commonJvmAndroid/kotlin/okhttp3/internal/http/BridgeInterceptor.kt:99:11 Condition is always 'true'.
w: file:///home/runner/work/okhttp/okhttp/okhttp/src/commonJvmAndroid/kotlin/okhttp3/internal/platform/PlatformRegistry.kt:3:1 'expect'/'actual' classes (including interfaces, objects, annotations, enums, and 'actual' typealiases) are in Beta. Consider using the '-Xexpect-actual-classes' flag to suppress this warning. Also see: https://youtrack.jetbrains.com/issue/KT-61573
w: file:///home/runner/work/okhttp/okhttp/okhttp/src/jvmMain/kotlin/okhttp3/internal/platform/BouncyCastlePlatform.kt:91:89 The resulting type of this 'javaClass' call is 'Class<BouncyCastlePlatform.Companion>' and not 'Class<BouncyCastlePlatform>'. Use '::class.java' to access type 'Class<BouncyCastlePlatform>'.
w: file:///home/runner/work/okhttp/okhttp/okhttp/src/jvmMain/kotlin/okhttp3/internal/platform/ConscryptPlatform.kt:111:66 The resulting type of this 'javaClass' call is 'Class<ConscryptPlatform.Companion>' and not 'Class<ConscryptPlatform>'. Use '::class.java' to access type 'Class<ConscryptPlatform>'.
w: file:///home/runner/work/okhttp/okhttp/okhttp/src/jvmMain/kotlin/okhttp3/internal/platform/OpenJSSEPlatform.kt:97:63 The resulting type of this 'javaClass' call is 'Class<OpenJSSEPlatform.Companion>' and not 'Class<OpenJSSEPlatform>'. Use '::class.java' to access type 'Class<OpenJSSEPlatform>'.
w: file:///home/runner/work/okhttp/okhttp/okhttp/src/jvmMain/kotlin/okhttp3/internal/platform/PlatformRegistry.kt:5:1 'expect'/'actual' classes (including interfaces, objects, annotations, enums, and 'actual' typealiases) are in Beta. Consider using the '-Xexpect-actual-classes' flag to suppress this warning. Also see: https://youtrack.jetbrains.com/issue/KT-61573
2025-04-10T18:26:06.1103331Z
> Task :okhttp:extractReleaseAnnotations
> Task :okhttp:compileDebugJavaWithJavac NO-SOURCE
> Task :okhttp:bundleLibCompileToJarDebug
> Task :okhttp:extractDebugAnnotations
> Task :android-test:compileDebugKotlin NO-SOURCE
> Task :okhttp:mergeDebugGeneratedProguardFiles
> Task :okhttp:mergeDebugConsumerProguardFiles
> Task :okhttp:processDebugJavaRes
> Task :okhttp:compileJvmMainJava NO-SOURCE
> Task :okhttp:jvmMainClasses
> Task :android-test:extractDebugAnnotations
> Task :android-test:compileDebugJavaWithJavac NO-SOURCE
> Task :android-test:mergeDebugGeneratedProguardFiles
> Task :android-test:mergeDebugConsumerProguardFiles
> Task :android-test:processDebugJavaRes NO-SOURCE
> Task :android-test:mergeDebugJavaResource
> Task :android-test:bundleLibRuntimeToJarDebug
> Task :android-test:syncDebugLibJars
> Task :okhttp:mergeDebugJavaResource
> Task :android-test:bundleDebugLocalLintAar
> Task :android-test:createFullJarDebug
> Task :okhttp:jvmJar
> Task :okhttp:syncDebugLibJars
> Task :okhttp:bundleDebugLocalLintAar
> Task :okhttp:bundleLibRuntimeToJarDebug
> Task :okhttp:createFullJarDebug
> Task :okhttp-brotli:compileKotlin
> Task :okhttp-brotli:compileJava NO-SOURCE
> Task :okhttp-brotli:classes UP-TO-DATE
2025-04-10T18:26:09.4094964Z
> Task :okhttp-brotli:jar
warning: Unused -privatepackage instructions , no such package(s) on the class path: [okhttp3.brotli.internal]
2025-04-10T18:26:10.0091406Z
> Task :okhttp-dnsoverhttps:compileKotlin
2025-04-10T18:26:10.0092353Z
> Task :logging-interceptor:compileKotlin
w: file:///home/runner/work/okhttp/okhttp/okhttp-logging-interceptor/src/main/kotlin/okhttp3/logging/HttpLoggingInterceptor.kt:16:36 This code uses error suppression for 'INVISIBLE_REFERENCE'. While it might compile and work, the compiler behavior is UNSPECIFIED and WILL NOT BE PRESERVED. Please report your use case to the Kotlin issue tracker instead: https://kotl.in/issue
2025-04-10T18:26:10.1087490Z
> Task :okhttp-dnsoverhttps:compileJava NO-SOURCE
> Task :okhttp-dnsoverhttps:classes UP-TO-DATE
> Task :logging-interceptor:compileJava NO-SOURCE
> Task :logging-interceptor:classes UP-TO-DATE
> Task :okhttp-dnsoverhttps:jar
2025-04-10T18:26:10.3118266Z
> Task :logging-interceptor:jar
warning: Unused -privatepackage instructions , no such package(s) on the class path: [okhttp3.logging.internal]
2025-04-10T18:26:10.4088094Z
> Task :okhttp:generateDebugLintModel
> Task :android-test:generateDebugLintReportModel
> Task :okhttp-sse:compileKotlin
> Task :okhttp-sse:compileJava NO-SOURCE
> Task :okhttp-sse:classes UP-TO-DATE
2025-04-10T18:26:11.1087879Z
> Task :okhttp-sse:jar
warning: Unused -privatepackage instructions , no such package(s) on the class path: [okhttp3.sse.internal]
2025-04-10T18:26:11.1090129Z
> Task :okhttp:generateDebugAndroidTestLintModel
2025-04-10T18:26:13.3086065Z
> Task :mockwebserver3:compileKotlin
w: file:///home/runner/work/okhttp/okhttp/mockwebserver/src/main/kotlin/mockwebserver3/MockResponse.kt:16:36 This code uses error suppression for 'INVISIBLE_REFERENCE'. While it might compile and work, the compiler behavior is UNSPECIFIED and WILL NOT BE PRESERVED. Please report your use case to the Kotlin issue tracker instead: https://kotl.in/issue
w: file:///home/runner/work/okhttp/okhttp/mockwebserver/src/main/kotlin/mockwebserver3/MockWebServer.kt:17:36 This code uses error suppression for 'INVISIBLE_REFERENCE'. While it might compile and work, the compiler behavior is UNSPECIFIED and WILL NOT BE PRESERVED. Please report your use case to the Kotlin issue tracker instead: https://kotl.in/issue
2025-04-10T18:26:13.5086756Z
> Task :mockwebserver3:compileJava NO-SOURCE
> Task :mockwebserver3:classes UP-TO-DATE
> Task :mockwebserver3:jar
> Task :mockwebserver3-junit4:compileKotlin
> Task :mockwebserver3-junit4:compileJava NO-SOURCE
> Task :mockwebserver3-junit4:classes UP-TO-DATE
> Task :mockwebserver3-junit4:jar
> Task :mockwebserver3-junit5:compileKotlin
> Task :mockwebserver3-junit5:compileJava NO-SOURCE
> Task :mockwebserver3-junit5:classes
> Task :mockwebserver3-junit5:jar
> Task :okhttp:compileReleaseJavaWithJavac NO-SOURCE
> Task :okhttp:mergeReleaseGeneratedProguardFiles
> Task :okhttp:mergeReleaseConsumerProguardFiles
> Task :okhttp:processReleaseJavaRes
> Task :okhttp:mergeReleaseJavaResource
2025-04-10T18:26:16.4094431Z
> Task :okhttp-tls:compileKotlin
w: file:///home/runner/work/okhttp/okhttp/okhttp-tls/src/main/kotlin/okhttp3/tls/HandshakeCertificates.kt:16:36 This code uses error suppression for 'INVISIBLE_REFERENCE'. While it might compile and work, the compiler behavior is UNSPECIFIED and WILL NOT BE PRESERVED. Please report your use case to the Kotlin issue tracker instead: https://kotl.in/issue
w: file:///home/runner/work/okhttp/okhttp/okhttp-tls/src/main/kotlin/okhttp3/tls/internal/InsecureExtendedTrustManager.kt:16:36 This code uses error suppression for 'INVISIBLE_REFERENCE'. While it might compile and work, the compiler behavior is UNSPECIFIED and WILL NOT BE PRESERVED. Please report your use case to the Kotlin issue tracker instead: https://kotl.in/issue
w: file:///home/runner/work/okhttp/okhttp/okhttp-tls/src/main/kotlin/okhttp3/tls/internal/der/Adapters.kt:382:40 Unchecked cast of 'DerAdapter<*>' to 'DerAdapter<Any?>'.
w: file:///home/runner/work/okhttp/okhttp/okhttp-tls/src/main/kotlin/okhttp3/tls/internal/der/Adapters.kt:421:18 Unchecked cast of 'DerAdapter<*>' to 'DerAdapter<Any?>'.
w: file:///home/runner/work/okhttp/okhttp/okhttp-tls/src/main/kotlin/okhttp3/tls/internal/der/Adapters.kt:447:48 Unchecked cast of 'DerAdapter<*>?' to 'DerAdapter<Any?>?'.
w: file:///home/runner/work/okhttp/okhttp/okhttp-tls/src/main/kotlin/okhttp3/tls/internal/der/Adapters.kt:455:48 Unchecked cast of 'DerAdapter<*>?' to 'DerAdapter<Any?>?'.
w: file:///home/runner/work/okhttp/okhttp/okhttp-tls/src/main/kotlin/okhttp3/tls/internal/der/Adapters.kt:505:26 Unchecked cast of 'DerAdapter<*>' to 'DerAdapter<Any?>'.
w: file:///home/runner/work/okhttp/okhttp/okhttp-tls/src/main/kotlin/okhttp3/tls/internal/der/BasicDerAdapter.kt:51:43 Unchecked cast of 'T? (of class BasicDerAdapter<T>)' to 'T (of class BasicDerAdapter<T>)'.
2025-04-10T18:26:16.5113145Z
> Task :okhttp:syncReleaseLibJars
> Task :okhttp:bundleReleaseLocalLintAar
> Task :okhttp-tls:compileJava NO-SOURCE
> Task :okhttp-tls:classes UP-TO-DATE
> Task :okhttp:bundleLibCompileToJarRelease
2025-04-10T18:26:17.1085823Z
> Task :okhttp-tls:jar
warning: Unused -privatepackage instructions , no such package(s) on the class path: [okhttp3.tls.internal, okhttp3.tls.internal.der]
2025-04-10T18:26:19.8087085Z
> Task :android-test-app:compileReleaseKotlin
> Task :android-test-app:compileReleaseJavaWithJavac NO-SOURCE
> Task :android-test-app:bundleReleaseClassesToCompileJar
> Task :okhttp:bundleLibRuntimeToJarRelease
> Task :okhttp:createFullJarRelease
> Task :android-test-app:generateReleaseAndroidTestLintModel
> Task :okhttp:generateReleaseLintModel
> Task :android-test-app:generateReleaseLintReportModel
> Task :android-test-app:generateReleaseUnitTestLintModel
> Task :okhttp:lintAnalyzeDebugAndroidTest
> Task :android-test-app:lintAnalyzeReleaseAndroidTest
> Task :android-test-app:lintAnalyzeReleaseUnitTest
> Task :logging-interceptor:animalsnifferMain
> Task :logging-interceptor:apiBuild
> Task :logging-interceptor:apiCheck
> Task :logging-interceptor:checkstyleMain NO-SOURCE
> Task :logging-interceptor:generateJvmMainLintModel
> Task :mockwebserver3:generateJvmMainLintModel
> Task :mockwebserver3-junit5:generateJvmMainLintModel
> Task :okhttp-tls:generateJvmMainLintModel
2025-04-10T18:26:32.4088471Z
> Task :okhttp-testing-support:compileKotlin
w: file:///home/runner/work/okhttp/okhttp/okhttp-testing-support/src/main/kotlin/okhttp3/CallEvent.kt:16:36 This code uses error suppression for 'INVISIBLE_REFERENCE'. While it might compile and work, the compiler behavior is UNSPECIFIED and WILL NOT BE PRESERVED. Please report your use case to the Kotlin issue tracker instead: https://kotl.in/issue
w: file:///home/runner/work/okhttp/okhttp/okhttp-testing-support/src/main/kotlin/okhttp3/ConnectionEvent.kt:16:36 This code uses error suppression for 'INVISIBLE_REFERENCE'. While it might compile and work, the compiler behavior is UNSPECIFIED and WILL NOT BE PRESERVED. Please report your use case to the Kotlin issue tracker instead: https://kotl.in/issue
w: file:///home/runner/work/okhttp/okhttp/okhttp-testing-support/src/main/kotlin/okhttp3/DelegatingSSLSession.kt:23:8 'class X509Certificate : Certificate' is deprecated. Deprecated in Java.
w: file:///home/runner/work/okhttp/okhttp/okhttp-testing-support/src/main/kotlin/okhttp3/DelegatingSSLSession.kt:64:16 This declaration overrides a deprecated member but is not marked as deprecated itself. Add the '@Deprecated' annotation or suppress the diagnostic.
w: file:///home/runner/work/okhttp/okhttp/okhttp-testing-support/src/main/kotlin/okhttp3/DelegatingSSLSession.kt:64:49 'class X509Certificate : Certificate' is deprecated. Deprecated in Java.
w: file:///home/runner/work/okhttp/okhttp/okhttp-testing-support/src/main/kotlin/okhttp3/DelegatingSSLSession.kt:64:79 'val peerCertificateChain: Array<(out) X509Certificate!>!' is deprecated. Deprecated in Java.
w: file:///home/runner/work/okhttp/okhttp/okhttp-testing-support/src/main/kotlin/okhttp3/FakeSSLSession.kt:24:8 'class X509Certificate : Certificate' is deprecated. Deprecated in Java.
w: file:///home/runner/work/okhttp/okhttp/okhttp-testing-support/src/main/kotlin/okhttp3/FakeSSLSession.kt:57:16 This declaration overrides a deprecated member but is not marked as deprecated itself. Add the '@Deprecated' annotation or suppress the diagnostic.
w: file:///home/runner/work/okhttp/okhttp/okhttp-testing-support/src/main/kotlin/okhttp3/FakeSSLSession.kt:57:49 'class X509Certificate : Certificate' is deprecated. Deprecated in Java.
w: file:///home/runner/work/okhttp/okhttp/okhttp-testing-support/src/main/kotlin/okhttp3/OkHttpClientTestRule.kt:16:36 This code uses error suppression for 'INVISIBLE_REFERENCE'. While it might compile and work, the compiler behavior is UNSPECIFIED and WILL NOT BE PRESERVED. Please report your use case to the Kotlin issue tracker instead: https://kotl.in/issue
w: file:///home/runner/work/okhttp/okhttp/okhttp-testing-support/src/main/kotlin/okhttp3/TestValueFactory.kt:17:3 This code uses error suppression for 'CANNOT_OVERRIDE_INVISIBLE_MEMBER'. While it might compile and work, the compiler behavior is UNSPECIFIED and WILL NOT BE PRESERVED. Please report your use case to the Kotlin issue tracker instead: https://kotl.in/issue
w: file:///home/runner/work/okhttp/okhttp/okhttp-testing-support/src/main/kotlin/okhttp3/TestValueFactory.kt:19:3 This code uses error suppression for 'INVISIBLE_REFERENCE'. While it might compile and work, the compiler behavior is UNSPECIFIED and WILL NOT BE PRESERVED. Please report your use case to the Kotlin issue tracker instead: https://kotl.in/issue
w: file:///home/runner/work/okhttp/okhttp/okhttp-testing-support/src/main/kotlin/okhttp3/internal/concurrent/TaskFaker.kt:16:36 This code uses error suppression for 'INVISIBLE_REFERENCE'. While it might compile and work, the compiler behavior is UNSPECIFIED and WILL NOT BE PRESERVED. Please report your use case to the Kotlin issue tracker instead: https://kotl.in/issue
w: file:///home/runner/work/okhttp/okhttp/okhttp-testing-support/src/main/kotlin/okhttp3/internal/http/RecordingProxySelector.kt:16:36 This code uses error suppression for 'INVISIBLE_REFERENCE'. While it might compile and work, the compiler behavior is UNSPECIFIED and WILL NOT BE PRESERVED. Please report your use case to the Kotlin issue tracker instead: https://kotl.in/issue
w: file:///home/runner/work/okhttp/okhttp/okhttp-testing-support/src/main/kotlin/okhttp3/okio/LoggingFilesystem.kt:68:5 The corresponding parameter in the supertype 'ForwardingFileSystem' is named 'file'. This may cause problems when calling this function with named arguments.
2025-04-10T18:26:32.5113590Z
> Task :okhttp-testing-support:compileJava NO-SOURCE
> Task :okhttp-testing-support:classes
> Task :okhttp-testing-support:jar
> Task :android-test:generateDebugAndroidTestLintModel
> Task :android-test:generateDebugUnitTestLintModel
> Task :okhttp:lintAnalyzeDebug
> Task :okhttp:lintAnalyzeRelease
> Task :okhttp:generateDebugUnitTestLintModel
> Task :logging-interceptor:lintAnalyzeJvmMain
> Task :android-test:lintAnalyzeDebug
> Task :android-test:lintAnalyzeDebugUnitTest
> Task :okhttp:generateReleaseUnitTestLintModel
> Task :android-test-app:lintAnalyzeRelease
> Task :okhttp-testing-support:generateJvmMainLintModel
> Task :logging-interceptor:generateJvmTestLintModel
> Task :okhttp:lintAnalyzeDebugUnitTest
2025-04-10T18:26:47.8086959Z
> Task :mockwebserver:compileKotlin
w: file:///home/runner/work/okhttp/okhttp/mockwebserver-deprecated/src/main/kotlin/okhttp3/mockwebserver/MockResponse.kt:16:36 This code uses error suppression for 'INVISIBLE_REFERENCE'. While it might compile and work, the compiler behavior is UNSPECIFIED and WILL NOT BE PRESERVED. Please report your use case to the Kotlin issue tracker instead: https://kotl.in/issue
2025-04-10T18:26:47.9086454Z
> Task :mockwebserver:compileJava NO-SOURCE
> Task :mockwebserver:classes UP-TO-DATE
> Task :okhttp:lintAnalyzeReleaseUnitTest
2025-04-10T18:26:48.5086680Z
> Task :android-test-app:lintReportRelease
Wrote HTML report to file:///home/runner/work/okhttp/okhttp/android-test-app/build/reports/lint-results-release.html
2025-04-10T18:26:48.5114102Z
> Task :android-test-app:lintRelease
> Task :android-test-app:lint
> Task :android-test-app:check
> Task :mockwebserver:animalsnifferMain
> Task :mockwebserver:apiBuild
> Task :mockwebserver:apiCheck
> Task :mockwebserver:checkstyleMain NO-SOURCE
> Task :mockwebserver:generateJvmMainLintModel
> Task :mockwebserver:jar
> Task :mockwebserver:generateJvmTestLintModel
> Task :logging-interceptor:lintAnalyzeJvmTest
> Task :logging-interceptor:lintReportJvm
> Task :logging-interceptor:lintJvm
> Task :logging-interceptor:lint
> Task :logging-interceptor:check
> Task :mockwebserver3:animalsnifferMain
> Task :mockwebserver3:apiBuild
> Task :mockwebserver3:apiCheck
> Task :mockwebserver3:checkstyleMain NO-SOURCE
> Task :mockwebserver3:generateJvmTestLintModel
> Task :android-test:lintAnalyzeDebugAndroidTest
2025-04-10T18:26:56.5085880Z
> Task :android-test:lintReportDebug
Wrote HTML report to file:///home/runner/work/okhttp/okhttp/android-test/build/reports/lint-results-debug.html
2025-04-10T18:26:56.5099612Z
> Task :android-test:lintDebug
> Task :android-test:lint
> Task :android-test:check
> Task :mockwebserver3-junit4:animalsnifferMain
> Task :mockwebserver:lintAnalyzeJvmTest
> Task :mockwebserver3-junit4:checkstyleMain NO-SOURCE
> Task :mockwebserver3-junit4:generateJvmMainLintModel
> Task :mockwebserver3-junit4:generateJvmTestLintModel
> Task :mockwebserver3-junit4:apiBuild
> Task :mockwebserver3-junit4:apiCheck
> Task :mockwebserver3-junit5:animalsnifferMain
> Task :mockwebserver3-junit5:apiBuild
> Task :mockwebserver3-junit5:apiCheck
> Task :mockwebserver3-junit5:checkstyleMain NO-SOURCE
> Task :mockwebserver3-junit5:generateJvmTestLintModel
> Task :mockwebserver3-junit4:lintAnalyzeJvmTest
> Task :mockwebserver3:lintAnalyzeJvmMain
2025-04-10T18:27:00.8086414Z
> Task :okhttp-java-net-cookiejar:compileKotlin
w: file:///home/runner/work/okhttp/okhttp/okhttp-java-net-cookiejar/src/main/kotlin/okhttp3/java/net/cookiejar/JavaNetCookieJar.kt:16:36 This code uses error suppression for 'INVISIBLE_REFERENCE'. While it might compile and work, the compiler behavior is UNSPECIFIED and WILL NOT BE PRESERVED. Please report your use case to the Kotlin issue tracker instead: https://kotl.in/issue
2025-04-10T18:27:02.1085945Z
> Task :mockwebserver3-junit5:lintAnalyzeJvmTest
> Task :mockwebserver3:lintAnalyzeJvmTest
2025-04-10T18:27:02.8091974Z
> Task :mockwebserver3:lintReportJvm
Wrote HTML report to file:///home/runner/work/okhttp/okhttp/mockwebserver/build/reports/lint-results.html
2025-04-10T18:27:02.8099321Z
> Task :mockwebserver3:lintJvm
> Task :mockwebserver3:lint
> Task :mockwebserver3:check
> Task :okhttp-java-net-cookiejar:compileJava NO-SOURCE
> Task :okhttp-java-net-cookiejar:classes UP-TO-DATE
> Task :okhttp-java-net-cookiejar:jar
> Task :native-image-tests:compileKotlin NO-SOURCE
> Task :native-image-tests:compileJava NO-SOURCE
> Task :native-image-tests:classes UP-TO-DATE
> Task :native-image-tests:animalsnifferMain SKIPPED
> Task :native-image-tests:checkstyleMain NO-SOURCE
> Task :okhttp-brotli:generateJvmMainLintModel
> Task :okhttp-dnsoverhttps:generateJvmMainLintModel
> Task :okhttp-java-net-cookiejar:generateJvmMainLintModel
> Task :okhttp-sse:generateJvmMainLintModel
> Task :native-image-tests:generateJvmMainLintModel
> Task :native-image-tests:jar
> Task :native-image-tests:generateJvmTestLintModel
> Task :mockwebserver3-junit4:lintAnalyzeJvmMain
> Task :mockwebserver3-junit4:lintReportJvm
> Task :mockwebserver3-junit4:lintJvm
> Task :mockwebserver3-junit4:lint
> Task :mockwebserver3-junit4:check
> Task :mockwebserver:lintAnalyzeJvmMain
2025-04-10T18:27:06.5086783Z
> Task :mockwebserver:lintReportJvm
Wrote HTML report to file:///home/runner/work/okhttp/okhttp/mockwebserver-deprecated/build/reports/lint-results.html
2025-04-10T18:27:06.5089663Z
> Task :mockwebserver:lintJvm
> Task :mockwebserver:lint
> Task :mockwebserver:check
> Task :okhttp-dnsoverhttps:lintAnalyzeJvmMain
> Task :okhttp-brotli:lintAnalyzeJvmMain
> Task :mockwebserver3-junit5:lintAnalyzeJvmMain
> Task :mockwebserver3-junit5:lintReportJvm
> Task :mockwebserver3-junit5:lintJvm
> Task :mockwebserver3-junit5:lint
> Task :mockwebserver3-junit5:check
> Task :okhttp-sse:lintAnalyzeJvmMain
> Task :okhttp-java-net-cookiejar:lintAnalyzeJvmMain
> Task :okcurl:compileKotlin
> Task :okcurl:compileJava NO-SOURCE
> Task :okcurl:classes
2025-04-10T18:27:14.1099813Z
> Task :okhttp-coroutines:compileKotlin
w: file:///home/runner/work/okhttp/okhttp/okhttp-coroutines/src/main/kotlin/okhttp3/coroutines/ExecuteAsync.kt:48:24 'fun resume(value: Response, onCancellation: ((@ParameterName(...) Throwable) -> Unit)?): Unit' is deprecated. Use the overload that also accepts the `value` and the coroutine context in lambda.
2025-04-10T18:27:14.1104630Z
> Task :okhttp-coroutines:compileJava NO-SOURCE
> Task :okhttp-coroutines:classes UP-TO-DATE
> Task :okhttp-coroutines:jar
2025-04-10T18:27:14.8087116Z
> Task :okhttp-urlconnection:compileKotlin
w: file:///home/runner/work/okhttp/okhttp/okhttp-urlconnection/src/main/kotlin/okhttp3/JavaNetCookieJar.kt:16:36 This code uses error suppression for 'INVISIBLE_REFERENCE'. While it might compile and work, the compiler behavior is UNSPECIFIED and WILL NOT BE PRESERVED. Please report your use case to the Kotlin issue tracker instead: https://kotl.in/issue
2025-04-10T18:27:14.8092749Z
> Task :okhttp-urlconnection:compileJava NO-SOURCE
> Task :okhttp-urlconnection:classes UP-TO-DATE
> Task :okhttp-urlconnection:jar
> Task :okhttp:compileTestKotlinJvm FAILED
2025-04-10T18:27:15.7113467Z
26 AnimalSniffer violations were found in 1 files. See the report at: file:////home/runner/work/okhttp/okhttp/okcurl/build/reports/animalsniffer/main.text
2025-04-10T18:27:15.7172815Z
[Undefined reference | android-api-level-21-5.0.1_r2] okhttp3.curl.logging.(OneLineLogFormat.kt:1) field d
>> java.time.format.DateTimeFormatter
2025-04-10T18:27:15.7174949Z
[Undefined reference | android-api-level-21-5.0.1_r2] okhttp3.curl.logging.(OneLineLogFormat.kt:1) field offset
>> java.time.ZoneId
2025-04-10T18:27:15.7177600Z
[Undefined reference | android-api-level-21-5.0.1_r2] okhttp3.curl.logging.(OneLineLogFormat.kt:38)
>> java.time.format.DateTimeFormatterBuilder
2025-04-10T18:27:15.7179622Z
[Undefined reference | android-api-level-21-5.0.1_r2] okhttp3.curl.logging.(OneLineLogFormat.kt:38)
>> void java.time.format.DateTimeFormatterBuilder.<init>()
2025-04-10T18:27:15.7182338Z
2025-04-10T18:27:15.7182392Z
> Task :okcurl:animalsnifferMain
[Undefined reference | android-api-level-21-5.0.1_r2] okhttp3.curl.logging.(OneLineLogFormat.kt:39)
>> java.time.temporal.ChronoField java.time.temporal.ChronoField.HOUR_OF_DAY
2025-04-10T18:27:15.7186153Z
[Undefined reference | android-api-level-21-5.0.1_r2] okhttp3.curl.logging.(OneLineLogFormat.kt:39)
>> java.time.temporal.TemporalField
2025-04-10T18:27:15.7188305Z
[Undefined reference | android-api-level-21-5.0.1_r2] okhttp3.curl.logging.(OneLineLogFormat.kt:39)
>> java.time.format.DateTimeFormatterBuilder java.time.format.DateTimeFormatterBuilder.appendValue(java.time.temporal.TemporalField, int)
2025-04-10T18:27:15.7217243Z
[Undefined reference | android-api-level-21-5.0.1_r2] okhttp3.curl.logging.(OneLineLogFormat.kt:40)
>> java.time.format.DateTimeFormatterBuilder java.time.format.DateTimeFormatterBuilder.appendLiteral(char)
2025-04-10T18:27:15.7220034Z
[Undefined reference | android-api-level-21-5.0.1_r2] okhttp3.curl.logging.(OneLineLogFormat.kt:41)
>> java.time.temporal.ChronoField java.time.temporal.ChronoField.MINUTE_OF_HOUR
2025-04-10T18:27:15.7222872Z
[Undefined reference | android-api-level-21-5.0.1_r2] okhttp3.curl.logging.(OneLineLogFormat.kt:41)
>> java.time.temporal.TemporalField
2025-04-10T18:27:15.7248361Z
[Undefined reference | android-api-level-21-5.0.1_r2] okhttp3.curl.logging.(OneLineLogFormat.kt:41)
>> java.time.format.DateTimeFormatterBuilder java.time.format.DateTimeFormatterBuilder.appendValue(java.time.temporal.TemporalField, int)
2025-04-10T18:27:15.7251701Z
[Undefined reference | android-api-level-21-5.0.1_r2] okhttp3.curl.logging.(OneLineLogFormat.kt:42)
>> java.time.format.DateTimeFormatterBuilder java.time.format.DateTimeFormatterBuilder.optionalStart()
2025-04-10T18:27:15.7254302Z
[Undefined reference | android-api-level-21-5.0.1_r2] okhttp3.curl.logging.(OneLineLogFormat.kt:43)
>> java.time.format.DateTimeFormatterBuilder java.time.format.DateTimeFormatterBuilder.appendLiteral(char)
2025-04-10T18:27:15.7256934Z
[Undefined reference | android-api-level-21-5.0.1_r2] okhttp3.curl.logging.(OneLineLogFormat.kt:44)
>> java.time.temporal.ChronoField java.time.temporal.ChronoField.SECOND_OF_MINUTE
2025-04-10T18:27:15.7259218Z
[Undefined reference | android-api-level-21-5.0.1_r2] okhttp3.curl.logging.(OneLineLogFormat.kt:44)
>> java.time.temporal.TemporalField
2025-04-10T18:27:15.7261168Z
[Undefined reference | android-api-level-21-5.0.1_r2] okhttp3.curl.logging.(OneLineLogFormat.kt:44)
>> java.time.format.DateTimeFormatterBuilder java.time.format.DateTimeFormatterBuilder.appendValue(java.time.temporal.TemporalField, int)
2025-04-10T18:27:15.7264209Z
[Undefined reference | android-api-level-21-5.0.1_r2] okhttp3.curl.logging.(OneLineLogFormat.kt:45)
>> java.time.format.DateTimeFormatterBuilder java.time.format.DateTimeFormatterBuilder.optionalStart()
2025-04-10T18:27:15.7267192Z
[Undefined reference | android-api-level-21-5.0.1_r2] okhttp3.curl.logging.(OneLineLogFormat.kt:46)
>> java.time.temporal.ChronoField java.time.temporal.ChronoField.NANO_OF_SECOND
2025-04-10T18:27:15.7269442Z
[Undefined reference | android-api-level-21-5.0.1_r2] okhttp3.curl.logging.(OneLineLogFormat.kt:46)
>> java.time.temporal.TemporalField
2025-04-10T18:27:15.7271406Z
[Undefined reference | android-api-level-21-5.0.1_r2] okhttp3.curl.logging.(OneLineLogFormat.kt:46)
>> java.time.format.DateTimeFormatterBuilder java.time.format.DateTimeFormatterBuilder.appendFraction(java.time.temporal.TemporalField, int, int, boolean)
2025-04-10T18:27:15.7274865Z
[Undefined reference | android-api-level-21-5.0.1_r2] okhttp3.curl.logging.(OneLineLogFormat.kt:47)
>> java.time.format.DateTimeFormatter java.time.format.DateTimeFormatterBuilder.toFormatter()
2025-04-10T18:27:15.7277803Z
[Undefined reference | android-api-level-21-5.0.1_r2] okhttp3.curl.logging.(OneLineLogFormat.kt:49)
>> java.time.ZoneId java.time.ZoneOffset.systemDefault()
2025-04-10T18:27:15.7279892Z
[Undefined reference | android-api-level-21-5.0.1_r2] okhttp3.curl.logging.(OneLineLogFormat.kt:54)
>> java.time.Instant java.time.Instant.ofEpochMilli(long)
2025-04-10T18:27:15.7282206Z
[Undefined reference | android-api-level-21-5.0.1_r2] okhttp3.curl.logging.(OneLineLogFormat.kt:54)
>> java.time.ZonedDateTime java.time.Instant.atZone(java.time.ZoneId)
2025-04-10T18:27:15.7284462Z
[Undefined reference | android-api-level-21-5.0.1_r2] okhttp3.curl.logging.(OneLineLogFormat.kt:60)
>> String java.time.ZonedDateTime.format(java.time.format.DateTimeFormatter)
2025-04-10T18:27:15.7286789Z
[Undefined reference | android-api-level-21-5.0.1_r2] okhttp3.curl.logging.(OneLineLogFormat.kt:62)
>> String java.time.ZonedDateTime.format(java.time.format.DateTimeFormatter)
2025-04-10T18:27:15.7289088Z
2025-04-10T18:27:17.0086610Z
> Task :okhttp-tls:lintAnalyzeJvmMain
> Task :native-image-tests:lintAnalyzeJvmTest
2025-04-10T18:27:19.2086683Z
gradle/actions: Writing build results to /home/runner/work/_temp/.gradle-actions/build-results/__run-1744309429412.json
FAILURE: Build failed with an exception.
2025-04-10T18:27:19.2092963Z
[Incubating] Problems report is available at: file:///home/runner/work/okhttp/okhttp/build/reports/problems/problems-report.html
2025-04-10T18:27:19.2096920Z
* What went wrong:
Execution failed for task ':okhttp:compileTestKotlinJvm'.
> Could not resolve all files for configuration ':okhttp:jvmTestCompileClasspath'.
> No variants of main match the consumer attributes:
- main:
- Incompatible because this component declares a component, as well as attribute 'artifactType' with value 'directory' and the consumer needed a component, as well as attribute 'artifactType' with value 'jar'
- Other compatible attributes:
- Doesn't say anything about how its dependencies are found (required its dependencies declared externally)
- Doesn't say anything about its component category (required a library)
- Doesn't say anything about its elements (required them preferably in the form of class files)
- Doesn't say anything about its target Java environment (preferred optimized for standard JVMs)
- Doesn't say anything about its target Java version (required compatibility with Java 8)
- Doesn't say anything about its usage (required compile-time)
- Doesn't say anything about org.jetbrains.kotlin.platform.type (required 'jvm')
> No variants of jvmMain match the consumer attributes:
- jvmMain:
- Incompatible because this component declares a component, as well as attribute 'artifactType' with value '' and the consumer needed a component, as well as attribute 'artifactType' with value 'jar'
- Other compatible attributes:
- Doesn't say anything about how its dependencies are found (required its dependencies declared externally)
- Doesn't say anything about its component category (required a library)
- Doesn't say anything about its elements (required them preferably in the form of class files)
- Doesn't say anything about its target Java environment (preferred optimized for standard JVMs)
- Doesn't say anything about its target Java version (required compatibility with Java 8)
- Doesn't say anything about its usage (required compile-time)
- Doesn't say anything about org.jetbrains.kotlin.platform.type (required 'jvm')
2025-04-10T18:27:19.2132473Z
* Try:
> No matching variant errors are explained in more detail at https://docs.gradle.org/8.13/userguide/variant_model.html#sub:variant-no-match.
> Review the variant matching algorithm at https://docs.gradle.org/8.13/userguide/variant_attributes.html#sec:abm_algorithm.
> Run with --stacktrace option to get the stack trace.
> Run with --info or --debug option to get more log output.
> Run with --scan to get full insights.
> Get more help at https://help.gradle.org.
2025-04-10T18:27:19.2138476Z
BUILD FAILED in 3m 33s
2025-04-10T18:27:19.2138934Z
Deprecated Gradle features were used in this build, making it incompatible with Gradle 9.0.
2025-04-10T18:27:19.2140023Z
You can use '--warning-mode all' to show the individual deprecation warnings and determine if they come from your own scripts or plugins.
2025-04-10T18:27:19.2141784Z
For more on this, please refer to https://docs.gradle.org/8.13/userguide/command_line_interface.html#sec:command_line_warnings in the Gradle documentation.
351 actionable tasks: 326 executed, 25 from cache
##[error]Process completed with exit code 1.

In post-action step
Cache is read-only: will not save state for use in subsequent builds.
Generating Job Summary
Completed post-action step




2 49 0
Temporarily overriding HOME='/home/runner/work/_temp/827bd1e3-e69f-4734-b2bc-8371c8bf137d' before making global git config changes

[command]/usr/bin/git config --global --add safe.directory /home/runner/work/okhttp/okhttp
core\.sshCommand
'core\.sshCommand' 'core.sshCommand'
http\.https\:\/\/github\.com\/\.extraheader


'http\.https\:\/\/github\.com\/\.extraheader' 'http.https://github.com/.extraheader'

Terminate orphan process: pid (2315) (java)
