2025-04-14T18:06:12.7258485Z ##[group]Run yarn type-check
2025-04-14T18:06:12.7258805Z [36;1myarn type-check[0m
2025-04-14T18:06:12.7309505Z shell: /usr/bin/bash --noprofile --norc -e -o pipefail {0}
2025-04-14T18:06:12.7309887Z ##[endgroup]
2025-04-14T18:06:12.8609335Z yarn run v1.22.22
2025-04-14T18:06:12.8849470Z $ tsc --noEmit
2025-04-14T18:06:25.0442696Z ##[error]src/components/Flow.tsx(666,11): error TS2322: Type '(nodeChanges: NodeChange<CustomNode>[]) => void' is not assignable to type 'OnNodesChange<Node>'.
2025-04-14T18:06:25.0450728Z   Types of parameters 'nodeChanges' and 'changes' are incompatible.
2025-04-14T18:06:25.0451333Z     Type 'NodeChange<Node>[]' is not assignable to type 'NodeChange<CustomNode>[]'.
2025-04-14T18:06:25.0451883Z       Type 'NodeChange<Node>' is not assignable to type 'NodeChange<CustomNode>'.
2025-04-14T18:06:25.0452418Z         Type 'NodeAddChange<Node>' is not assignable to type 'NodeChange<CustomNode>'.
2025-04-14T18:06:25.0452966Z           Type 'NodeAddChange<Node>' is not assignable to type 'NodeAddChange<CustomNode>'.
2025-04-14T18:06:25.0453492Z             Type 'Node' is not assignable to type 'CustomNode'.
2025-04-14T18:06:25.0453957Z               Type 'Node' is not assignable to type 'NodeBase<CustomNodeData, "custom">'.
2025-04-14T18:06:25.0454381Z                 Types of property 'data' are incompatible.
2025-04-14T18:06:25.0455101Z                   Type 'Record<string, unknown>' is missing the following properties from type 'CustomNodeData': blockType, blockCosts, title, description, and 8 more.
2025-04-14T18:06:25.0457135Z ##[error]src/components/ui/form.stories.tsx(143,9): error TS2353: Object literal may only specify known properties, and 'values' does not exist in type 'Subjects<FieldValues>'.
2025-04-14T18:06:25.0459263Z ##[error]src/components/ui/form.stories.tsx(292,9): error TS2353: Object literal may only specify known properties, and 'values' does not exist in type 'Subjects<FieldValues>'.
2025-04-14T18:06:25.0461171Z ##[error]src/components/ui/form.stories.tsx(487,9): error TS2353: Object literal may only specify known properties, and 'values' does not exist in type 'Subjects<FieldValues>'.
2025-04-14T18:06:25.1141110Z error Command failed with exit code 2.
2025-04-14T18:06:25.1142080Z info Visit https://yarnpkg.com/en/docs/cli/run for documentation about this command.
2025-04-14T18:06:25.1240076Z ##[error]Process completed with exit code 2.
