Requested labels: ubuntu-latest
Job defined at: netdata/netdata/.github/workflows/tests.yml@refs/pull/20126/merge
Waiting for a runner to pick up this job...
Job is waiting for a hosted runner to come online.
Job is about to start running on the hosted runner: GitHub Actions 43 (hosted)
Current runner version: '2.323.0'
##[group]Operating System
Ubuntu
24.04.2
LTS
##[endgroup]
##[group]Runner Image
Image: ubuntu-24.04
Version: 20250406.1.0
Included Software: https://github.com/actions/runner-images/blob/ubuntu24/20250406.1/images/ubuntu/Ubuntu2404-Readme.md
Image Release: https://github.com/actions/runner-images/releases/tag/ubuntu24%2F20250406.1
##[endgroup]
##[group]Runner Image Provisioner
2.0.422.1
##[endgroup]
##[group]GITHUB_TOKEN Permissions
Actions: read
read
read
read
read
read
read


read
read
read
read
read
read
##[endgroup]
None



'actions/checkout@v4'
Version: 4.2.2
ccb2698953eaebd21c7bf6268a94f9c26518a7e38e27e0b83c1fe1ad049819b1
11bd71901bbe5b1630ceea73d27597364c9af683
##[endgroup]
Unit Tests (legacy)
actions/checkout@v4

recursive
netdata/netdata



true


1





1
##[endgroup]
netdata/netdata

'/home/runner/work/netdata/netdata'

2 49 0
##[endgroup]
Temporarily overriding HOME='/home/runner/work/_temp/4afc2b06-9885-42f8-913e-d34202eae9ec' before making global git config changes

[command]/usr/bin/git config --global --add safe.directory /home/runner/work/netdata/netdata
'/home/runner/work/netdata/netdata'

/home/runner/work/netdata/netdata










/home/runner/work/netdata/netdata/.git/
https://github.com/netdata/netdata
##[endgroup]

[command]/usr/bin/git config --local gc.auto 0
##[endgroup]

core\.sshCommand
'core\.sshCommand' 'core.sshCommand'
http\.https\:\/\/github\.com\/\.extraheader
'http\.https\:\/\/github\.com\/\.extraheader' 'http.https://github.com/.extraheader'
--local
##[endgroup]

2 --no-tags --prune --no-recurse-submodules --depth=1 origin +7ebc028adb43ff0a386466e365ea6c15a9561272:refs/remotes/pull/20126/merge
https://github.com/netdata/netdata
7ebc028adb43ff0a386466e365ea6c15a9561272  pull/20126/merge
##[endgroup]

##[endgroup]

[command]/usr/bin/git config --local --unset-all extensions.worktreeConfig

20126
20126
2025-04-15T08:24:52.6851796Z



2025-04-15T08:24:52.6854861Z


2025-04-15T08:24:52.6856458Z

2025-04-15T08:24:52.6857004Z

2025-04-15T08:24:52.6857508Z

2025-04-15T08:24:52.6858335Z

2025-04-15T08:24:52.6859299Z
7ebc028 543982305bd33f171ebcf0969ac94c889ef98ab3 cb98702e117f90e13e1ddebeee96a06c7f6f4ce1
##[endgroup]

--global
[command]/usr/bin/git config --global --unset-all url.https://github.com/.insteadOf
[command]/usr/bin/git config --global --add url.https://github.com/.insteadOf git@github.com:
[command]/usr/bin/git config --global --add url.https://github.com/.insteadOf org-43390781@github.com:
##[endgroup]


2 1
'aclk/aclk-schemas' (https://github.com/netdata/aclk-schemas.git) 'src/aclk/aclk-schemas'
'src/collectors/debugfs.plugin/libsensors/vendored' (https://github.com/lm-sensors/lm-sensors.git) 'src/collectors/debugfs.plugin/libsensors/vendored'
'src/web/server/h2o/libh2o' (https://github.com/h2o/h2o.git) 'src/web/server/h2o/libh2o'
Cloning into '/home/runner/work/netdata/netdata/src/aclk/aclk-schemas'...
Cloning into '/home/runner/work/netdata/netdata/src/collectors/debugfs.plugin/libsensors/vendored'...
Cloning into '/home/runner/work/netdata/netdata/src/web/server/h2o/libh2o'...
'src/aclk/aclk-schemas': ec319a14394436f62663548d32eb320eeddd264a
'src/collectors/debugfs.plugin/libsensors/vendored': 42f240d2a457834bcbdf4dc8b57237f97b5f5854
https://github.com/h2o/h2o
7359e98d78d018a35f5da7523feac69f64eddb4b 
'src/web/server/h2o/libh2o': 7359e98d78d018a35f5da7523feac69f64eddb4b
'misc/cache-digest.js' (https://github.com/h2o/cache-digest.js.git) 'src/web/server/h2o/libh2o/misc/cache-digest.js'
'misc/oktavia' (https://github.com/shibukawa/oktavia.git) 'src/web/server/h2o/libh2o/misc/oktavia'
'misc/p5-Server-Starter' (https://github.com/kazuho/p5-Server-Starter.git) 'src/web/server/h2o/libh2o/misc/p5-Server-Starter'
'misc/picotemplate' (https://github.com/kazuho/picotemplate.git) 'src/web/server/h2o/libh2o/misc/picotemplate'
Cloning into '/home/runner/work/netdata/netdata/src/web/server/h2o/libh2o/misc/cache-digest.js'...
Cloning into '/home/runner/work/netdata/netdata/src/web/server/h2o/libh2o/misc/oktavia'...
Cloning into '/home/runner/work/netdata/netdata/src/web/server/h2o/libh2o/misc/p5-Server-Starter'...
Cloning into '/home/runner/work/netdata/netdata/src/web/server/h2o/libh2o/misc/picotemplate'...
https://github.com/h2o/cache-digest.js
1d982ed25eb15f41e78f614e67ad086c6bfe4af1 
'src/web/server/h2o/libh2o/misc/cache-digest.js': 1d982ed25eb15f41e78f614e67ad086c6bfe4af1
https://github.com/shibukawa/oktavia
25b615f5bc0902b9107e3ffc1178ec6bf768b0ad 
'src/web/server/h2o/libh2o/misc/oktavia': 25b615f5bc0902b9107e3ffc1178ec6bf768b0ad
https://github.com/kazuho/p5-Server-Starter
a0c10e5a5ca48cbb85150be0a8abcb43acb457b8 
'src/web/server/h2o/libh2o/misc/p5-Server-Starter': a0c10e5a5ca48cbb85150be0a8abcb43acb457b8
'src/web/server/h2o/libh2o/misc/picotemplate': 55d6d242ae1e00ddf16199e15b1acaf6d5c84e42
0
'src/aclk/aclk-schemas'
'src/collectors/debugfs.plugin/libsensors/vendored'
'src/web/server/h2o/libh2o'
'src/web/server/h2o/libh2o/misc/cache-digest.js'
'src/web/server/h2o/libh2o/misc/oktavia'
'src/web/server/h2o/libh2o/misc/p5-Server-Starter'
'src/web/server/h2o/libh2o/misc/picotemplate'
##[endgroup]

'url\.https\:\/\/github\.com\/\.insteadOf' 'url.https://github.com/.insteadOf'
'src/aclk/aclk-schemas'
'src/collectors/debugfs.plugin/libsensors/vendored'
'src/web/server/h2o/libh2o'
'src/web/server/h2o/libh2o/misc/cache-digest.js'
'src/web/server/h2o/libh2o/misc/oktavia'
'src/web/server/h2o/libh2o/misc/p5-Server-Starter'
'src/web/server/h2o/libh2o/misc/picotemplate'

'src/aclk/aclk-schemas'
file:/home/runner/work/netdata/netdata/.git/modules/aclk/aclk-schemas/config
'src/collectors/debugfs.plugin/libsensors/vendored'
file:/home/runner/work/netdata/netdata/.git/modules/src/collectors/debugfs.plugin/libsensors/vendored/config
'src/web/server/h2o/libh2o'
file:/home/runner/work/netdata/netdata/.git/modules/src/web/server/h2o/libh2o/config
'src/web/server/h2o/libh2o/misc/cache-digest.js'
file:/home/runner/work/netdata/netdata/.git/modules/src/web/server/h2o/libh2o/modules/misc/cache-digest.js/config
'src/web/server/h2o/libh2o/misc/oktavia'
file:/home/runner/work/netdata/netdata/.git/modules/src/web/server/h2o/libh2o/modules/misc/oktavia/config
'src/web/server/h2o/libh2o/misc/p5-Server-Starter'
file:/home/runner/work/netdata/netdata/.git/modules/src/web/server/h2o/libh2o/modules/misc/p5-Server-Starter/config
'src/web/server/h2o/libh2o/misc/picotemplate'
file:/home/runner/work/netdata/netdata/.git/modules/src/web/server/h2o/libh2o/modules/misc/picotemplate/config
'git@github.com:'
'src/aclk/aclk-schemas'
'src/collectors/debugfs.plugin/libsensors/vendored'
'src/web/server/h2o/libh2o'
'src/web/server/h2o/libh2o/misc/cache-digest.js'
'src/web/server/h2o/libh2o/misc/oktavia'
'src/web/server/h2o/libh2o/misc/p5-Server-Starter'
'src/web/server/h2o/libh2o/misc/picotemplate'
'org-43390781@github.com:'
'src/aclk/aclk-schemas'
'src/collectors/debugfs.plugin/libsensors/vendored'
'src/web/server/h2o/libh2o'
'src/web/server/h2o/libh2o/misc/cache-digest.js'
'src/web/server/h2o/libh2o/misc/oktavia'
'src/web/server/h2o/libh2o/misc/p5-Server-Starter'
'src/web/server/h2o/libh2o/misc/picotemplate'
##[endgroup]
-1 --format=%H
7ebc028adb43ff0a386466e365ea6c15a9561272
##[group]Run ./packaging/installer/install-required-packages.sh --dont-wait --non-interactive netdata-all
[36;1m./packaging/installer/install-required-packages.sh --dont-wait --non-interactive netdata-all[0m
[36;1msudo apt-get install -y libjson-c-dev libyaml-dev libipmimonitoring-dev libcups2-dev libsnappy-dev \[0m
[36;1m                        libprotobuf-dev libprotoc-dev libssl-dev protobuf-compiler \[0m
[36;1m                        libnetfilter-acct-dev[0m
0

1
##[endgroup]

2025-04-15T08:24:59.9172454Z

NAME            : Ubuntu
VERSION         : 24.04.2 LTS (Noble Numbat)
ID              : ubuntu
ID_LIKE         : debian
VERSION_ID      : 24.04
2025-04-15T08:24:59.9186977Z

Distribution    : ubuntu
Version         : 24.04
Codename        : 24.04.2 LTS (Noble Numbat)
Package Manager : install_apt_get
Packages Tree   : debian

3
2025-04-15T08:24:59.9190207Z
distro sdk
coreutils
libatomic
> Checking if package 'libatomic1' is installed...
libz dev
> Checking if package 'zlib1g-dev' is installed...
libuuid dev
> Checking if package 'uuid-dev' is installed...
dpkg-query: no packages found matching uuid-dev
libmnl dev
> Checking if package 'libmnl-dev' is installed...
dpkg-query: no packages found matching libmnl-dev

> Checking if package 'libjson-c-dev' is installed...
dpkg-query: no packages found matching libjson-c-dev
libyaml dev
> Checking if package 'libyaml-dev' is installed...
libsystemd dev
> Checking if package 'libsystemd-dev' is installed...
dpkg-query: no packages found matching libsystemd-dev
pcre2
> Checking if package 'libpcre2-dev' is installed...
libcurl dev
> Checking if package 'libcurl4-openssl-dev' is installed...
dpkg-query: no packages found matching libcurl4-openssl-dev
lm sensors
> Checking if package 'lm-sensors' is installed...
libuv
> Checking if package 'libuv1-dev' is installed...
dpkg-query: no packages found matching libuv1-dev
lz4
> Checking if package 'liblz4-dev' is installed...
openssl
> Checking if package 'libssl-dev' is installed...
zstd
> Checking if package 'libzstd-dev' is installed...
libelf
> Checking if package 'libelf-dev' is installed...
dpkg-query: no packages found matching libelf-dev
2025-04-15T08:25:00.0878981Z

2025-04-15T08:25:00.0879495Z

NOTE: Running apt-get update and updating your APT caches ...
sudo apt-get -yq update
sudo apt-get -yq install libcurl4-openssl-dev libelf-dev libjson-c-dev libmnl-dev libsystemd-dev libuv1-dev lm-sensors uuid-dev
2025-04-15T08:25:00.0883897Z
2025-04-15T08:25:00.0883904Z

NOTE: Running apt-get update and updating your APT caches ...
sudo apt-get -yq update
Get:1 file:/etc/apt/apt-mirrors.txt Mirrorlist [142 B]
Hit:2 http://azure.archive.ubuntu.com/ubuntu noble InRelease
Hit:6 https://packages.microsoft.com/repos/azure-cli noble InRelease
Get:7 https://packages.microsoft.com/ubuntu/24.04/prod noble InRelease [3600 B]
Get:3 http://azure.archive.ubuntu.com/ubuntu noble-updates InRelease [126 kB]
Hit:4 http://azure.archive.ubuntu.com/ubuntu noble-backports InRelease
Get:5 http://azure.archive.ubuntu.com/ubuntu noble-security InRelease [126 kB]
Get:8 https://packages.microsoft.com/ubuntu/24.04/prod noble/main arm64 Packages [17.1 kB]
Get:9 https://packages.microsoft.com/ubuntu/24.04/prod noble/main amd64 Packages [27.2 kB]
Get:10 http://azure.archive.ubuntu.com/ubuntu noble-updates/main amd64 Packages [992 kB]
Get:11 http://azure.archive.ubuntu.com/ubuntu noble-updates/main Translation-en [219 kB]
Get:12 http://azure.archive.ubuntu.com/ubuntu noble-updates/universe amd64 Packages [1054 kB]
Get:13 http://azure.archive.ubuntu.com/ubuntu noble-updates/universe Translation-en [266 kB]
Get:14 http://azure.archive.ubuntu.com/ubuntu noble-security/main amd64 Packages [748 kB]
Get:15 http://azure.archive.ubuntu.com/ubuntu noble-security/main Translation-en [143 kB]
Get:16 http://azure.archive.ubuntu.com/ubuntu noble-security/universe amd64 Packages [830 kB]
Get:17 http://azure.archive.ubuntu.com/ubuntu noble-security/universe Translation-en [181 kB]
Get:18 http://azure.archive.ubuntu.com/ubuntu noble-security/restricted Translation-en [175 kB]
Fetched 4908 kB in 1s (6714 kB/s)
Reading package lists...
sudo apt-get -yq install libcurl4-openssl-dev libelf-dev libjson-c-dev libmnl-dev libsystemd-dev libuv1-dev lm-sensors uuid-dev
Reading package lists...
Building dependency tree...
Reading state information...
The following additional packages will be installed:
libdw1t64 libelf1t64
Suggested packages:
libcurl4-doc libidn-dev libkrb5-dev libldap2-dev librtmp-dev libssh2-1-dev
fancontrol read-edid i2c-tools
The following NEW packages will be installed:
libcurl4-openssl-dev libelf-dev libjson-c-dev libmnl-dev libsystemd-dev
libuv1-dev lm-sensors uuid-dev
The following packages will be upgraded:
libdw1t64 libelf1t64
2 upgraded, 8 newly installed, 0 to remove and 99 not upgraded.
Need to get 2416 kB of archives.
After this operation, 10.1 MB of additional disk space will be used.
Get:1 file:/etc/apt/apt-mirrors.txt Mirrorlist [142 B]
Get:2 http://azure.archive.ubuntu.com/ubuntu noble-updates/main amd64 libdw1t64 amd64 0.190-1.1ubuntu0.1 [261 kB]
Get:3 http://azure.archive.ubuntu.com/ubuntu noble-updates/main amd64 libelf1t64 amd64 0.190-1.1ubuntu0.1 [57.8 kB]
Get:4 http://azure.archive.ubuntu.com/ubuntu noble-updates/main amd64 libcurl4-openssl-dev amd64 8.5.0-2ubuntu10.6 [446 kB]
Get:5 http://azure.archive.ubuntu.com/ubuntu noble-updates/main amd64 libelf-dev amd64 0.190-1.1ubuntu0.1 [68.5 kB]
Get:6 http://azure.archive.ubuntu.com/ubuntu noble-updates/main amd64 libsystemd-dev amd64 255.4-1ubuntu8.6 [1238 kB]
Get:7 http://azure.archive.ubuntu.com/ubuntu noble/main amd64 libuv1-dev amd64 1.48.0-1.1build1 [136 kB]
Get:8 http://azure.archive.ubuntu.com/ubuntu noble/main amd64 libjson-c-dev amd64 0.17-1build1 [63.6 kB]
Get:9 http://azure.archive.ubuntu.com/ubuntu noble/main amd64 libmnl-dev amd64 1.0.5-2build1 [21.9 kB]
Get:10 http://azure.archive.ubuntu.com/ubuntu noble/universe amd64 lm-sensors amd64 1:3.6.0-9build1 [90.1 kB]
Get:11 http://azure.archive.ubuntu.com/ubuntu noble-updates/main amd64 uuid-dev amd64 2.39.3-9ubuntu6.2 [33.5 kB]
Fetched 2416 kB in 0s (8776 kB/s)
(Reading database ...
(Reading database ... 5%
(Reading database ... 10%
(Reading database ... 15%
(Reading database ... 20%
(Reading database ... 25%
(Reading database ... 30%
(Reading database ... 35%
(Reading database ... 40%
(Reading database ... 45%
(Reading database ... 50%
(Reading database ... 55%
(Reading database ... 60%
(Reading database ... 65%
(Reading database ... 70%
(Reading database ... 75%
(Reading database ... 80%
(Reading database ... 85%
(Reading database ... 90%
(Reading database ... 95%
(Reading database ... 100%
(Reading database ... 221801 files and directories currently installed.)
Preparing to unpack .../0-libdw1t64_0.190-1.1ubuntu0.1_amd64.deb ...
Unpacking libdw1t64:amd64 (0.190-1.1ubuntu0.1) over (0.190-1.1build4.1) ...
Preparing to unpack .../1-libelf1t64_0.190-1.1ubuntu0.1_amd64.deb ...
Unpacking libelf1t64:amd64 (0.190-1.1ubuntu0.1) over (0.190-1.1build4.1) ...
Selecting previously unselected package libcurl4-openssl-dev:amd64.
Preparing to unpack .../2-libcurl4-openssl-dev_8.5.0-2ubuntu10.6_amd64.deb ...
Unpacking libcurl4-openssl-dev:amd64 (8.5.0-2ubuntu10.6) ...
Selecting previously unselected package libelf-dev:amd64.
Preparing to unpack .../3-libelf-dev_0.190-1.1ubuntu0.1_amd64.deb ...
Unpacking libelf-dev:amd64 (0.190-1.1ubuntu0.1) ...
Selecting previously unselected package libsystemd-dev:amd64.
Preparing to unpack .../4-libsystemd-dev_255.4-1ubuntu8.6_amd64.deb ...
Unpacking libsystemd-dev:amd64 (255.4-1ubuntu8.6) ...
Selecting previously unselected package libuv1-dev:amd64.
Preparing to unpack .../5-libuv1-dev_1.48.0-1.1build1_amd64.deb ...
Unpacking libuv1-dev:amd64 (1.48.0-1.1build1) ...
Selecting previously unselected package libjson-c-dev:amd64.
Preparing to unpack .../6-libjson-c-dev_0.17-1build1_amd64.deb ...
Unpacking libjson-c-dev:amd64 (0.17-1build1) ...
Selecting previously unselected package libmnl-dev:amd64.
Preparing to unpack .../7-libmnl-dev_1.0.5-2build1_amd64.deb ...
Unpacking libmnl-dev:amd64 (1.0.5-2build1) ...
Selecting previously unselected package lm-sensors.
Preparing to unpack .../8-lm-sensors_1%3a3.6.0-9build1_amd64.deb ...
Unpacking lm-sensors (1:3.6.0-9build1) ...
Selecting previously unselected package uuid-dev:amd64.
Preparing to unpack .../9-uuid-dev_2.39.3-9ubuntu6.2_amd64.deb ...
Unpacking uuid-dev:amd64 (2.39.3-9ubuntu6.2) ...
Setting up libuv1-dev:amd64 (1.48.0-1.1build1) ...
Setting up libjson-c-dev:amd64 (0.17-1build1) ...
Setting up libelf1t64:amd64 (0.190-1.1ubuntu0.1) ...
Setting up libdw1t64:amd64 (0.190-1.1ubuntu0.1) ...
Setting up libcurl4-openssl-dev:amd64 (8.5.0-2ubuntu10.6) ...
Setting up uuid-dev:amd64 (2.39.3-9ubuntu6.2) ...
Setting up libmnl-dev:amd64 (1.0.5-2build1) ...
Setting up libelf-dev:amd64 (0.190-1.1ubuntu0.1) ...
Setting up lm-sensors (1:3.6.0-9build1) ...
Created symlink /etc/systemd/system/multi-user.target.wants/lm-sensors.service -> /usr/lib/systemd/system/lm-sensors.service.
2025-04-15T08:25:05.9392082Z
Setting up libsystemd-dev:amd64 (255.4-1ubuntu8.6) ...
Processing triggers for man-db (2.12.0-4build2) ...
Processing triggers for libc-bin (2.39-0ubuntu8.4) ...
2025-04-15T08:25:17.3924990Z
Running kernel seems to be up-to-date.
2025-04-15T08:25:17.3925789Z
Restarting services...
systemctl restart packagekit.service
2025-04-15T08:25:17.4399652Z
No containers need to be restarted.
2025-04-15T08:25:17.4401233Z
No user sessions are running outdated binaries.
2025-04-15T08:25:17.4401768Z
No VM guests are running outdated hypervisor (qemu) binaries on this host.
2025-04-15T08:25:18.1879425Z

2025-04-15T08:25:18.1880454Z
Reading package lists...
Building dependency tree...
Reading state information...
libjson-c-dev is already the newest version (0.17-1build1).
libyaml-dev is already the newest version (0.2.5-1build1).
libssl-dev is already the newest version (3.0.13-0ubuntu3.5).
The following additional packages will be installed:
freeipmi-common libcupsfilters-dev libcupsfilters2-common libcupsfilters2t64
libcupsimage2-dev libcupsimage2t64 libdeflate-dev libexif12 libfreeipmi17
libipmimonitoring6 libjbig-dev libjpeg-dev libjpeg-turbo8-dev libjpeg8-dev
liblerc-dev liblzma-dev libnetfilter-acct1 libnfnetlink-dev libpng-dev
libpng-tools libpoppler-cpp0t64 libpoppler134 libprotobuf-lite32t64
libprotobuf32t64 libprotoc32t64 libqpdf29t64 libsharpyuv-dev libtiff-dev
libtiffxx6 libwebp-dev libwebpdecoder3 poppler-data
Suggested packages:
freeipmi-tools liblzma-doc poppler-utils ghostscript fonts-japanese-mincho
| fonts-ipafont-mincho fonts-japanese-gothic | fonts-ipafont-gothic
fonts-arphic-ukai fonts-arphic-uming fonts-nanum protobuf-mode-el
The following NEW packages will be installed:
freeipmi-common libcups2-dev libcupsfilters-dev libcupsfilters2-common
libcupsfilters2t64 libcupsimage2-dev libcupsimage2t64 libdeflate-dev
libexif12 libfreeipmi17 libipmimonitoring-dev libipmimonitoring6 libjbig-dev
libjpeg-dev libjpeg-turbo8-dev libjpeg8-dev liblerc-dev liblzma-dev
libnetfilter-acct-dev libnetfilter-acct1 libnfnetlink-dev libpng-dev
libpng-tools libpoppler-cpp0t64 libpoppler134 libprotobuf-dev
libprotobuf32t64 libprotoc-dev libprotoc32t64 libqpdf29t64 libsharpyuv-dev
libsnappy-dev libtiff-dev libtiffxx6 libwebp-dev libwebpdecoder3
poppler-data protobuf-compiler
The following packages will be upgraded:
libprotobuf-lite32t64
1 upgraded, 38 newly installed, 0 to remove and 98 not upgraded.
Need to get 12.8 MB of archives.
After this operation, 63.2 MB of additional disk space will be used.
Get:1 file:/etc/apt/apt-mirrors.txt Mirrorlist [142 B]
Get:2 http://azure.archive.ubuntu.com/ubuntu noble/main amd64 poppler-data all 0.4.12-1 [2060 kB]
Get:3 http://azure.archive.ubuntu.com/ubuntu noble-updates/main amd64 libcupsimage2t64 amd64 2.4.7-1.2ubuntu7.3 [6654 B]
Get:4 http://azure.archive.ubuntu.com/ubuntu noble/main amd64 libjpeg-turbo8-dev amd64 2.1.5-2ubuntu2 [295 kB]
Get:5 http://azure.archive.ubuntu.com/ubuntu noble/main amd64 libjpeg8-dev amd64 8c-2ubuntu11 [1484 B]
Get:6 http://azure.archive.ubuntu.com/ubuntu noble/main amd64 libjpeg-dev amd64 8c-2ubuntu11 [1482 B]
Get:7 http://azure.archive.ubuntu.com/ubuntu noble/main amd64 libpng-dev amd64 1.6.43-5build1 [264 kB]
Get:8 http://azure.archive.ubuntu.com/ubuntu noble/main amd64 libjbig-dev amd64 2.1-6.1ubuntu2 [27.9 kB]
Get:9 http://azure.archive.ubuntu.com/ubuntu noble-updates/main amd64 liblzma-dev amd64 5.6.1+really5.4.5-1ubuntu0.2 [176 kB]
Get:10 http://azure.archive.ubuntu.com/ubuntu noble/main amd64 libwebpdecoder3 amd64 1.3.2-0.4build3 [114 kB]
Get:11 http://azure.archive.ubuntu.com/ubuntu noble/main amd64 libsharpyuv-dev amd64 1.3.2-0.4build3 [16.0 kB]
Get:12 http://azure.archive.ubuntu.com/ubuntu noble/main amd64 libwebp-dev amd64 1.3.2-0.4build3 [367 kB]
Get:13 http://azure.archive.ubuntu.com/ubuntu noble-updates/main amd64 libtiffxx6 amd64 4.5.1+git230720-4ubuntu2.2 [5644 B]
Get:14 http://azure.archive.ubuntu.com/ubuntu noble-updates/main amd64 libdeflate-dev amd64 1.19-1build1.1 [50.9 kB]
Get:15 http://azure.archive.ubuntu.com/ubuntu noble/main amd64 liblerc-dev amd64 4.0.0+ds-4ubuntu2 [182 kB]
Get:16 http://azure.archive.ubuntu.com/ubuntu noble-updates/main amd64 libtiff-dev amd64 4.5.1+git230720-4ubuntu2.2 [338 kB]
Get:17 http://azure.archive.ubuntu.com/ubuntu noble-updates/main amd64 libcupsimage2-dev amd64 2.4.7-1.2ubuntu7.3 [6666 B]
Get:18 http://azure.archive.ubuntu.com/ubuntu noble-updates/main amd64 libcups2-dev amd64 2.4.7-1.2ubuntu7.3 [325 kB]
Get:19 http://azure.archive.ubuntu.com/ubuntu noble/main amd64 libexif12 amd64 0.6.24-1build2 [87.9 kB]
Get:20 http://azure.archive.ubuntu.com/ubuntu noble-updates/main amd64 libpoppler134 amd64 24.02.0-1ubuntu9.3 [1117 kB]
Get:21 http://azure.archive.ubuntu.com/ubuntu noble-updates/main amd64 libpoppler-cpp0t64 amd64 24.02.0-1ubuntu9.3 [41.3 kB]
Get:22 http://azure.archive.ubuntu.com/ubuntu noble/main amd64 libqpdf29t64 amd64 11.9.0-1.1build1 [797 kB]
Get:23 http://azure.archive.ubuntu.com/ubuntu noble-updates/main amd64 libcupsfilters2-common all 2.0.0-0ubuntu7.1 [244 kB]
Get:24 http://azure.archive.ubuntu.com/ubuntu noble-updates/main amd64 libcupsfilters2t64 amd64 2.0.0-0ubuntu7.1 [309 kB]
Get:25 http://azure.archive.ubuntu.com/ubuntu noble-updates/main amd64 libcupsfilters-dev amd64 2.0.0-0ubuntu7.1 [352 kB]
Get:26 http://azure.archive.ubuntu.com/ubuntu noble/main amd64 libnfnetlink-dev amd64 1.0.2-2build1 [6572 B]
Get:27 http://azure.archive.ubuntu.com/ubuntu noble/main amd64 libpng-tools amd64 1.6.43-5build1 [28.5 kB]
Get:28 http://azure.archive.ubuntu.com/ubuntu noble-updates/main amd64 libprotobuf-lite32t64 amd64 3.21.12-8.2ubuntu0.1 [238 kB]
Get:29 http://azure.archive.ubuntu.com/ubuntu noble-updates/main amd64 libprotobuf32t64 amd64 3.21.12-8.2ubuntu0.1 [922 kB]
Get:30 http://azure.archive.ubuntu.com/ubuntu noble-updates/main amd64 libprotoc32t64 amd64 3.21.12-8.2ubuntu0.1 [683 kB]
Get:31 http://azure.archive.ubuntu.com/ubuntu noble/main amd64 freeipmi-common all 1.6.13-3 [182 kB]
Get:32 http://azure.archive.ubuntu.com/ubuntu noble/main amd64 libfreeipmi17 amd64 1.6.13-3 [942 kB]
Get:33 http://azure.archive.ubuntu.com/ubuntu noble/main amd64 libipmimonitoring6 amd64 1.6.13-3 [26.0 kB]
Get:34 http://azure.archive.ubuntu.com/ubuntu noble/main amd64 libipmimonitoring-dev amd64 1.6.13-3 [16.6 kB]
Get:35 http://azure.archive.ubuntu.com/ubuntu noble/universe amd64 libnetfilter-acct1 amd64 1.0.3-4 [7318 B]
Get:36 http://azure.archive.ubuntu.com/ubuntu noble/universe amd64 libnetfilter-acct-dev amd64 1.0.3-4 [1832 B]
Get:37 http://azure.archive.ubuntu.com/ubuntu noble-updates/main amd64 libprotobuf-dev amd64 3.21.12-8.2ubuntu0.1 [1413 kB]
Get:38 http://azure.archive.ubuntu.com/ubuntu noble-updates/main amd64 libprotoc-dev amd64 3.21.12-8.2ubuntu0.1 [1056 kB]
Get:39 http://azure.archive.ubuntu.com/ubuntu noble/main amd64 libsnappy-dev amd64 1.1.10-1build1 [42.4 kB]
Get:40 http://azure.archive.ubuntu.com/ubuntu noble-updates/universe amd64 protobuf-compiler amd64 3.21.12-8.2ubuntu0.1 [29.0 kB]
Fetched 12.8 MB in 1s (11.5 MB/s)
Selecting previously unselected package poppler-data.
(Reading database ...
(Reading database ... 5%
(Reading database ... 10%
(Reading database ... 15%
(Reading database ... 20%
(Reading database ... 25%
(Reading database ... 30%
(Reading database ... 35%
(Reading database ... 40%
(Reading database ... 45%
(Reading database ... 50%
(Reading database ... 55%
(Reading database ... 60%
(Reading database ... 65%
(Reading database ... 70%
(Reading database ... 75%
(Reading database ... 80%
(Reading database ... 85%
(Reading database ... 90%
(Reading database ... 95%
(Reading database ... 100%
(Reading database ... 222705 files and directories currently installed.)
Preparing to unpack .../00-poppler-data_0.4.12-1_all.deb ...
Unpacking poppler-data (0.4.12-1) ...
Selecting previously unselected package libcupsimage2t64:amd64.
Preparing to unpack .../01-libcupsimage2t64_2.4.7-1.2ubuntu7.3_amd64.deb ...
Unpacking libcupsimage2t64:amd64 (2.4.7-1.2ubuntu7.3) ...
Selecting previously unselected package libjpeg-turbo8-dev:amd64.
Preparing to unpack .../02-libjpeg-turbo8-dev_2.1.5-2ubuntu2_amd64.deb ...
Unpacking libjpeg-turbo8-dev:amd64 (2.1.5-2ubuntu2) ...
Selecting previously unselected package libjpeg8-dev:amd64.
Preparing to unpack .../03-libjpeg8-dev_8c-2ubuntu11_amd64.deb ...
Unpacking libjpeg8-dev:amd64 (8c-2ubuntu11) ...
Selecting previously unselected package libjpeg-dev:amd64.
Preparing to unpack .../04-libjpeg-dev_8c-2ubuntu11_amd64.deb ...
Unpacking libjpeg-dev:amd64 (8c-2ubuntu11) ...
Selecting previously unselected package libpng-dev:amd64.
Preparing to unpack .../05-libpng-dev_1.6.43-5build1_amd64.deb ...
Unpacking libpng-dev:amd64 (1.6.43-5build1) ...
Selecting previously unselected package libjbig-dev:amd64.
Preparing to unpack .../06-libjbig-dev_2.1-6.1ubuntu2_amd64.deb ...
Unpacking libjbig-dev:amd64 (2.1-6.1ubuntu2) ...
Selecting previously unselected package liblzma-dev:amd64.
Preparing to unpack .../07-liblzma-dev_5.6.1+really5.4.5-1ubuntu0.2_amd64.deb ...
Unpacking liblzma-dev:amd64 (5.6.1+really5.4.5-1ubuntu0.2) ...
Selecting previously unselected package libwebpdecoder3:amd64.
Preparing to unpack .../08-libwebpdecoder3_1.3.2-0.4build3_amd64.deb ...
Unpacking libwebpdecoder3:amd64 (1.3.2-0.4build3) ...
Selecting previously unselected package libsharpyuv-dev:amd64.
Preparing to unpack .../09-libsharpyuv-dev_1.3.2-0.4build3_amd64.deb ...
Unpacking libsharpyuv-dev:amd64 (1.3.2-0.4build3) ...
Selecting previously unselected package libwebp-dev:amd64.
Preparing to unpack .../10-libwebp-dev_1.3.2-0.4build3_amd64.deb ...
Unpacking libwebp-dev:amd64 (1.3.2-0.4build3) ...
Selecting previously unselected package libtiffxx6:amd64.
Preparing to unpack .../11-libtiffxx6_4.5.1+git230720-4ubuntu2.2_amd64.deb ...
Unpacking libtiffxx6:amd64 (4.5.1+git230720-4ubuntu2.2) ...
Selecting previously unselected package libdeflate-dev:amd64.
Preparing to unpack .../12-libdeflate-dev_1.19-1build1.1_amd64.deb ...
Unpacking libdeflate-dev:amd64 (1.19-1build1.1) ...
Selecting previously unselected package liblerc-dev:amd64.
Preparing to unpack .../13-liblerc-dev_4.0.0+ds-4ubuntu2_amd64.deb ...
Unpacking liblerc-dev:amd64 (4.0.0+ds-4ubuntu2) ...
Selecting previously unselected package libtiff-dev:amd64.
Preparing to unpack .../14-libtiff-dev_4.5.1+git230720-4ubuntu2.2_amd64.deb ...
Unpacking libtiff-dev:amd64 (4.5.1+git230720-4ubuntu2.2) ...
Selecting previously unselected package libcupsimage2-dev:amd64.
Preparing to unpack .../15-libcupsimage2-dev_2.4.7-1.2ubuntu7.3_amd64.deb ...
Unpacking libcupsimage2-dev:amd64 (2.4.7-1.2ubuntu7.3) ...
Selecting previously unselected package libcups2-dev:amd64.
Preparing to unpack .../16-libcups2-dev_2.4.7-1.2ubuntu7.3_amd64.deb ...
Unpacking libcups2-dev:amd64 (2.4.7-1.2ubuntu7.3) ...
Selecting previously unselected package libexif12:amd64.
Preparing to unpack .../17-libexif12_0.6.24-1build2_amd64.deb ...
Unpacking libexif12:amd64 (0.6.24-1build2) ...
Selecting previously unselected package libpoppler134:amd64.
Preparing to unpack .../18-libpoppler134_24.02.0-1ubuntu9.3_amd64.deb ...
Unpacking libpoppler134:amd64 (24.02.0-1ubuntu9.3) ...
Selecting previously unselected package libpoppler-cpp0t64:amd64.
Preparing to unpack .../19-libpoppler-cpp0t64_24.02.0-1ubuntu9.3_amd64.deb ...
Unpacking libpoppler-cpp0t64:amd64 (24.02.0-1ubuntu9.3) ...
Selecting previously unselected package libqpdf29t64:amd64.
Preparing to unpack .../20-libqpdf29t64_11.9.0-1.1build1_amd64.deb ...
Unpacking libqpdf29t64:amd64 (11.9.0-1.1build1) ...
Selecting previously unselected package libcupsfilters2-common.
Preparing to unpack .../21-libcupsfilters2-common_2.0.0-0ubuntu7.1_all.deb ...
Unpacking libcupsfilters2-common (2.0.0-0ubuntu7.1) ...
Selecting previously unselected package libcupsfilters2t64:amd64.
Preparing to unpack .../22-libcupsfilters2t64_2.0.0-0ubuntu7.1_amd64.deb ...
Unpacking libcupsfilters2t64:amd64 (2.0.0-0ubuntu7.1) ...
Selecting previously unselected package libcupsfilters-dev:amd64.
Preparing to unpack .../23-libcupsfilters-dev_2.0.0-0ubuntu7.1_amd64.deb ...
Unpacking libcupsfilters-dev:amd64 (2.0.0-0ubuntu7.1) ...
Selecting previously unselected package libnfnetlink-dev:amd64.
Preparing to unpack .../24-libnfnetlink-dev_1.0.2-2build1_amd64.deb ...
Unpacking libnfnetlink-dev:amd64 (1.0.2-2build1) ...
Selecting previously unselected package libpng-tools.
Preparing to unpack .../25-libpng-tools_1.6.43-5build1_amd64.deb ...
Unpacking libpng-tools (1.6.43-5build1) ...
Preparing to unpack .../26-libprotobuf-lite32t64_3.21.12-8.2ubuntu0.1_amd64.deb ...
Unpacking libprotobuf-lite32t64:amd64 (3.21.12-8.2ubuntu0.1) over (3.21.12-8.2build1) ...
Selecting previously unselected package libprotobuf32t64:amd64.
Preparing to unpack .../27-libprotobuf32t64_3.21.12-8.2ubuntu0.1_amd64.deb ...
Unpacking libprotobuf32t64:amd64 (3.21.12-8.2ubuntu0.1) ...
Selecting previously unselected package libprotoc32t64:amd64.
Preparing to unpack .../28-libprotoc32t64_3.21.12-8.2ubuntu0.1_amd64.deb ...
Unpacking libprotoc32t64:amd64 (3.21.12-8.2ubuntu0.1) ...
Selecting previously unselected package freeipmi-common.
Preparing to unpack .../29-freeipmi-common_1.6.13-3_all.deb ...
Unpacking freeipmi-common (1.6.13-3) ...
Selecting previously unselected package libfreeipmi17.
Preparing to unpack .../30-libfreeipmi17_1.6.13-3_amd64.deb ...
Unpacking libfreeipmi17 (1.6.13-3) ...
Selecting previously unselected package libipmimonitoring6.
Preparing to unpack .../31-libipmimonitoring6_1.6.13-3_amd64.deb ...
Unpacking libipmimonitoring6 (1.6.13-3) ...
Selecting previously unselected package libipmimonitoring-dev.
Preparing to unpack .../32-libipmimonitoring-dev_1.6.13-3_amd64.deb ...
Unpacking libipmimonitoring-dev (1.6.13-3) ...
Selecting previously unselected package libnetfilter-acct1:amd64.
Preparing to unpack .../33-libnetfilter-acct1_1.0.3-4_amd64.deb ...
Unpacking libnetfilter-acct1:amd64 (1.0.3-4) ...
Selecting previously unselected package libnetfilter-acct-dev:amd64.
Preparing to unpack .../34-libnetfilter-acct-dev_1.0.3-4_amd64.deb ...
Unpacking libnetfilter-acct-dev:amd64 (1.0.3-4) ...
Selecting previously unselected package libprotobuf-dev:amd64.
Preparing to unpack .../35-libprotobuf-dev_3.21.12-8.2ubuntu0.1_amd64.deb ...
Unpacking libprotobuf-dev:amd64 (3.21.12-8.2ubuntu0.1) ...
Selecting previously unselected package libprotoc-dev:amd64.
Preparing to unpack .../36-libprotoc-dev_3.21.12-8.2ubuntu0.1_amd64.deb ...
Unpacking libprotoc-dev:amd64 (3.21.12-8.2ubuntu0.1) ...
Selecting previously unselected package libsnappy-dev:amd64.
Preparing to unpack .../37-libsnappy-dev_1.1.10-1build1_amd64.deb ...
Unpacking libsnappy-dev:amd64 (1.1.10-1build1) ...
Selecting previously unselected package protobuf-compiler.
Preparing to unpack .../38-protobuf-compiler_3.21.12-8.2ubuntu0.1_amd64.deb ...
Unpacking protobuf-compiler (3.21.12-8.2ubuntu0.1) ...
Setting up libprotobuf-lite32t64:amd64 (3.21.12-8.2ubuntu0.1) ...
Setting up libnfnetlink-dev:amd64 (1.0.2-2build1) ...
Setting up libprotobuf32t64:amd64 (3.21.12-8.2ubuntu0.1) ...
Setting up libjpeg-turbo8-dev:amd64 (2.1.5-2ubuntu2) ...
Setting up libpng-tools (1.6.43-5build1) ...
Setting up libpoppler134:amd64 (24.02.0-1ubuntu9.3) ...
Setting up freeipmi-common (1.6.13-3) ...
Setting up libsnappy-dev:amd64 (1.1.10-1build1) ...
Setting up libpng-dev:amd64 (1.6.43-5build1) ...
Setting up libjbig-dev:amd64 (2.1-6.1ubuntu2) ...
Setting up libwebpdecoder3:amd64 (1.3.2-0.4build3) ...
Setting up libqpdf29t64:amd64 (11.9.0-1.1build1) ...
Setting up poppler-data (0.4.12-1) ...
Setting up libprotobuf-dev:amd64 (3.21.12-8.2ubuntu0.1) ...
Setting up libcupsimage2t64:amd64 (2.4.7-1.2ubuntu7.3) ...
Setting up libexif12:amd64 (0.6.24-1build2) ...
Setting up libpoppler-cpp0t64:amd64 (24.02.0-1ubuntu9.3) ...
Setting up liblerc-dev:amd64 (4.0.0+ds-4ubuntu2) ...
Setting up libnetfilter-acct1:amd64 (1.0.3-4) ...
Setting up libfreeipmi17 (1.6.13-3) ...
Setting up liblzma-dev:amd64 (5.6.1+really5.4.5-1ubuntu0.2) ...
Setting up libcupsfilters2-common (2.0.0-0ubuntu7.1) ...
Setting up libcupsfilters2t64:amd64 (2.0.0-0ubuntu7.1) ...
Setting up libprotoc32t64:amd64 (3.21.12-8.2ubuntu0.1) ...
Setting up libjpeg8-dev:amd64 (8c-2ubuntu11) ...
Setting up libsharpyuv-dev:amd64 (1.3.2-0.4build3) ...
Setting up libtiffxx6:amd64 (4.5.1+git230720-4ubuntu2.2) ...
Setting up libdeflate-dev:amd64 (1.19-1build1.1) ...
Setting up libnetfilter-acct-dev:amd64 (1.0.3-4) ...
Setting up protobuf-compiler (3.21.12-8.2ubuntu0.1) ...
Setting up libjpeg-dev:amd64 (8c-2ubuntu11) ...
Setting up libipmimonitoring6 (1.6.13-3) ...
Setting up libipmimonitoring-dev (1.6.13-3) ...
Setting up libwebp-dev:amd64 (1.3.2-0.4build3) ...
Setting up libtiff-dev:amd64 (4.5.1+git230720-4ubuntu2.2) ...
Setting up libcupsfilters-dev:amd64 (2.0.0-0ubuntu7.1) ...
Setting up libprotoc-dev:amd64 (3.21.12-8.2ubuntu0.1) ...
Setting up libcupsimage2-dev:amd64 (2.4.7-1.2ubuntu7.3) ...
Setting up libcups2-dev:amd64 (2.4.7-1.2ubuntu7.3) ...
Processing triggers for install-info (7.1-3build2) ...
Processing triggers for fontconfig (2.15.0-1.1ubuntu2) ...
Processing triggers for libc-bin (2.39-0ubuntu8.4) ...
Processing triggers for man-db (2.12.0-4build2) ...
2025-04-15T08:25:27.7079985Z
Running kernel seems to be up-to-date.
2025-04-15T08:25:27.7080983Z
No services need to be restarted.
2025-04-15T08:25:27.7081419Z
No containers need to be restarted.
2025-04-15T08:25:27.7081699Z
No user sessions are running outdated binaries.
2025-04-15T08:25:27.7082036Z
No VM guests are running outdated hypervisor (qemu) binaries on this host.
./tests/run-unit-tests.sh
[36;1m./tests/run-unit-tests.sh[0m
0

1
CFLAGS: -O1 -DNETDATA_INTERNAL_CHECKS=1 -DNETDATA_VERIFY_LOCKS=1
##[endgroup]
Installing Netdata
2025-04-15T08:25:28.5966982Z




2025-04-15T08:25:28.5988135Z

2025-04-15T08:25:28.5988796Z

2025-04-15T08:25:28.5989510Z



2025-04-15T08:25:28.5990780Z

2025-04-15T08:25:28.5991092Z
the daemon /home/runner/netdata/usr/sbin/netdata
config /home/runner/netdata/etc/netdata
web /home/runner/netdata/usr/share/netdata
- plugins        in /home/runner/netdata/usr/libexec/netdata
cache /home/runner/netdata/var/cache/netdata
db /home/runner/netdata/var/lib/netdata
log /home/runner/netdata/var/log/netdata
pid file /home/runner/netdata/var/run/netdata.pid
logrotate file /etc/logrotate.d/netdata
2025-04-15T08:25:28.6001904Z


2025-04-15T08:25:28.6003131Z
--- Found CMake at /usr/local/bin/cmake. CMake version: cmake version 3.31.6 ---
--- Found Ninja at /usr/local/bin/ninja. Ninja version: 1.12.1 ---
--- Will use Ninja for this build instead of Make when possible. ---
--- Checking for a usable Go toolchain and attempting to install one to /usr/local/go if needed. ---
2025-04-15T08:25:28.6889495Z

[/home/runner/work/netdata/netdata]# git fetch -t
https://github.com/netdata/netdata
branch] constant-pages origin/constant-pages
branch] cygwin origin/cygwin
branch] dagger origin/dagger
dependabot/github actions/aurelien-baudet/workflow-dispatch-4 origin/dependabot/github actions/aurelien-baudet/workflow-dispatch-4
branch] foobar origin/foobar
branch] fuzzer origin/fuzzer
branch] installer-switch-static origin/installer-switch-static
branch] integrations-regen origin/integrations-regen
branch] libnetdata-werror origin/libnetdata-werror
branch] master origin/master
branch] node-delete-docs origin/node-delete-docs
branch] opentelemetry-units origin/opentelemetry-units
branch] otel-stash origin/otel-stash
branch] prng origin/prng
branch] revert-19409-oci-libunwind origin/revert-19409-oci-libunwind
branch] revert-19734-docker-nightly-old origin/revert-19734-docker-nightly-old
rrdeng cfg origin/rrdeng cfg
branch] sentry origin/sentry
branch] snap-build origin/snap-build
branch] snap-static origin/snap-static
branch] v1.34 origin/v1.34
branch] v1.35 origin/v1.35
branch] v1.36 origin/v1.36
branch] v1.37 origin/v1.37
branch] v1.38 origin/v1.38
branch] v1.39 origin/v1.39
branch] v1.40 origin/v1.40
branch] v1.41 origin/v1.41
branch] v1.42 origin/v1.42
branch] v1.43 origin/v1.43
branch] v1.44 origin/v1.44
branch] v1.45 origin/v1.45
branch] v1.46 origin/v1.46
branch] v1.47 origin/v1.47
branch] v2.0 origin/v2.0
branch] v2.1 origin/v2.1
branch] v2.2 origin/v2.2
branch] v2.3 origin/v2.3
branch] v2.4 origin/v2.4
branch] vk-cli origin/vk-cli
branch] vk-fuzzer origin/vk-fuzzer
tag] 1.32.1 1.32.1
tag] 1.34.0 1.34.0
* [new tag]             before_rebase           -> before_rebase
* [new tag]             issue_4934              -> issue_4934
tag] poc2 poc2
* [new tag]             untagged-10d59b9e5fa68b9500e1 -> untagged-10d59b9e5fa68b9500e1
tag] v0.1 v0.1
tag] v0.2 v0.2
tag] v1.0.0 v1.0.0
tag] v1.0rc v1.0rc
tag] v1.1.0 v1.1.0
tag] v1.10.0 v1.10.0
tag] v1.11.0 v1.11.0
tag] v1.11.1 v1.11.1
tag] v1.12.0 v1.12.0
tag] v1.12.0-rc0 v1.12.0-rc0
tag] v1.12.0-rc1 v1.12.0-rc1
tag] v1.12.0-rc2 v1.12.0-rc2
tag] v1.12.0-rc3 v1.12.0-rc3
tag] v1.12.1 v1.12.1
tag] v1.12.2 v1.12.2
tag] v1.13.0 v1.13.0
tag] v1.14.0 v1.14.0
tag] v1.14.0-rc0 v1.14.0-rc0
tag] v1.15.0 v1.15.0
tag] v1.16.0 v1.16.0
tag] v1.16.1 v1.16.1
tag] v1.17.0 v1.17.0
tag] v1.17.1 v1.17.1
tag] v1.18.0 v1.18.0
tag] v1.18.1 v1.18.1
tag] v1.19.0 v1.19.0
tag] v1.2.0 v1.2.0
tag] v1.20.0 v1.20.0
tag] v1.21.0 v1.21.0
tag] v1.21.1 v1.21.1
tag] v1.22.0 v1.22.0
tag] v1.22.1 v1.22.1
tag] v1.23.0 v1.23.0
tag] v1.23.1 v1.23.1
* [new tag]             v1.23.1_infiniband      -> v1.23.1_infiniband
tag] v1.23.2 v1.23.2
tag] v1.24.0 v1.24.0
tag] v1.25.0 v1.25.0
tag] v1.26.0 v1.26.0
tag] v1.27.0 v1.27.0
* [new tag]             v1.27.0_0104103941      -> v1.27.0_0104103941
tag] v1.28.0 v1.28.0
tag] v1.29.0 v1.29.0
tag] v1.29.1 v1.29.1
tag] v1.29.2 v1.29.2
tag] v1.29.3 v1.29.3
tag] v1.3.0 v1.3.0
tag] v1.30.0 v1.30.0
tag] v1.30.1 v1.30.1
tag] v1.31.0 v1.31.0
tag] v1.32.0 v1.32.0
tag] v1.32.1 v1.32.1
tag] v1.33.0 v1.33.0
tag] v1.33.1 v1.33.1
tag] v1.34.0 v1.34.0
tag] v1.34.1 v1.34.1
tag] v1.35.0 v1.35.0
tag] v1.35.1 v1.35.1
tag] v1.36.0 v1.36.0
tag] v1.36.1 v1.36.1
tag] v1.37.0 v1.37.0
tag] v1.37.1 v1.37.1
tag] v1.38.0 v1.38.0
tag] v1.38.1 v1.38.1
tag] v1.39.0 v1.39.0
tag] v1.39.1 v1.39.1
tag] v1.4.0 v1.4.0
tag] v1.40.0 v1.40.0
tag] v1.40.1 v1.40.1
tag] v1.41.0 v1.41.0
tag] v1.42.0 v1.42.0
tag] v1.42.1 v1.42.1
tag] v1.42.2 v1.42.2
tag] v1.42.3 v1.42.3
tag] v1.42.4 v1.42.4
tag] v1.43.0 v1.43.0
tag] v1.43.1 v1.43.1
tag] v1.43.2 v1.43.2
tag] v1.44.0 v1.44.0
tag] v1.44.1 v1.44.1
tag] v1.44.2 v1.44.2
tag] v1.44.3 v1.44.3
tag] v1.45.0 v1.45.0
tag] v1.45.1 v1.45.1
tag] v1.45.2 v1.45.2
tag] v1.45.3 v1.45.3
tag] v1.45.4 v1.45.4
tag] v1.45.5 v1.45.5
tag] v1.45.6 v1.45.6
tag] v1.46.0 v1.46.0
tag] v1.46.1 v1.46.1
tag] v1.46.2 v1.46.2
tag] v1.46.3 v1.46.3
tag] v1.47.0 v1.47.0
tag] v1.47.1 v1.47.1
tag] v1.47.2 v1.47.2
tag] v1.47.3 v1.47.3
tag] v1.47.4 v1.47.4
tag] v1.47.5 v1.47.5
tag] v1.5.0 v1.5.0
tag] v1.6.0 v1.6.0
tag] v1.7.0 v1.7.0
tag] v1.8.0 v1.8.0
tag] v1.9.0 v1.9.0
tag] v1.99.0 v1.99.0
tag] v2.0.0 v2.0.0
tag] v2.0.1 v2.0.1
tag] v2.0.2 v2.0.2
tag] v2.0.3 v2.0.3
tag] v2.1.0 v2.1.0
tag] v2.1.1 v2.1.1
tag] v2.2.0 v2.2.0
tag] v2.2.1 v2.2.1
tag] v2.2.2 v2.2.2
tag] v2.2.3 v2.2.3
tag] v2.2.4 v2.2.4
tag] v2.2.5 v2.2.5
tag] v2.2.6 v2.2.6
tag] v2.3.0 v2.3.0
tag] v2.3.1 v2.3.1
tag] v2.3.2 v2.3.2
tag] v2.4.0 v2.4.0
Fetching submodule src/aclk/aclk-schemas
https://github.com/netdata/aclk-schemas
2aba113db56ac32deccc1e83784c4b3b6fcfe1cd 
3252118bd547640251356629f0df05eaf952ac39 
40703f5e0258b3f4a97d3767e0f4e6833801b7d1 
5d91090258446648889d2580d9bb6a535fc321a8 
72d0a600dccf965b939a1ae4f7818d0ac896842a 
83c661c0dcddb9526814ebbd0668fbc3e281f03f 
944fa9a4aa77129c2c429e1e59c3485c888ce76a 
a0adf5b1e026ee8339d56cfa27af95bb26b53177 
a9fac9a0e4ebfa021d6f900403626213d28d6852 
b23f6a671ccf6d2766d6a208fc1e48b0fbf2fdad 
b5fef3f3a84e6a5013b36b906f4677012c734416 
d3a5c636b6dacf364834f2ba99ce0170c71ef861 
d8342ee6d932c152a78c9fe886281fe28170a6c4 
e07e855389c34a28645fa044e3fc6cb7a6f02a79 
fa46ccca237a9bdb613b3b1f2809a25b7b45c7c4 
ff110970c006170b01b51a15bf6cdc219ce1dcf5 
OK
2025-04-15T08:25:49.5495525Z
2025-04-15T08:25:49.5495531Z
##[group]Configuring Netdata.

./netdata-installer.sh: 290: [: Illegal number: version
[/home/runner/work/netdata/netdata]# /usr/local/bin/cmake -S ./ -B ./build/ -G Ninja -DCMAKE_INSTALL_PREFIX=/home/runner/netdata -DNETDATA_USER=netdata -DCMAKE_BUILD_TYPE=Debug -DENABLE_ADDRESS_SANITIZER=On -DDISABLE_LTO=On -DENABLE_PLUGIN_GO=On -DENABLE_PLUGIN_PYTHON=On -DENABLE_PLUGIN_CHARTS=On -DENABLE_BUNDLED_PROTOBUF=On -DENABLE_PLUGIN_SYSTEMD_JOURNAL=On -DENABLE_PLUGIN_CUPS=On -DENABLE_PLUGIN_DEBUGFS=On -DENABLE_PLUGIN_PERF=On -DENABLE_PLUGIN_SLABINFO=On -DENABLE_PLUGIN_CGROUP_NETWORK=On -DENABLE_PLUGIN_LOCAL_LISTENERS=On -DENABLE_PLUGIN_NETWORK_VIEWER=On -DENABLE_PLUGIN_EBPF=On -DENABLE_BUNDLED_JSONC=Off -DENABLE_DBENGINE=On -DENABLE_H2O=Off -DENABLE_ML=On -DENABLE_PLUGIN_APPS=On -DENABLE_EXPORTER_PROMETHEUS_REMOTE_WRITE=On -DENABLE_EXPORTER_MONGODB=Off -DENABLE_PLUGIN_FREEIPMI=On -DENABLE_PLUGIN_NFACCT=On -DENABLE_PLUGIN_XENSTAT=Off
Git: /usr/bin/git 2 49 0
fatal: No tags can describe '7ebc028adb43ff0a386466e365ea6c15a9561272'.
Try --always, or create some tags.
17
4 0 4

8
2025-04-15T08:25:50.0949262Z
2025-04-15T08:25:50.0949266Z
C 13 3 0
CXX 13 3 0
C
C
C /usr/bin/cc
C
C
CXX
CXX
CXX /usr/bin/c++
CXX
CXX
PkgConfig: /usr/bin/pkg-config 1 8 1
Searching MOLD linker
Searching MOLD linker failed
Compiling Linux...
-- Not checking for LTO support as it has been explicitly disabled
C fexceptions
C fexceptions - Success
CXX fexceptions
CXX fexceptions - Success
HAVE C ffunction sections
C ffunction sections - Success
HAVE CXX ffunction sections
CXX ffunction sections - Success
HAVE C fdata sections
C fdata sections - Success
HAVE CXX fdata sections
CXX fdata sections - Success
C Wno builtin macro redefined
C Wno builtin macro redefined
CXX Wno builtin macro redefined
CXX Wno builtin macro redefined
FEXCEPTIONS
HAVE FEXCEPTIONS - Success

-- Determining minimum required version of Go for this build
-- Minimum required Go version determined to be 1.23.4
-- Found Go: /usr/bin/go (found suitable version "1.23.8", minimum required is "1.23.4")

Cloning into 'absl-src'...
20240116 1 1623
CXX17
ABSL INTERNAL AT LEAST CXX17 Failed
CXX20
ABSL INTERNAL AT LEAST CXX20 Failed
CMAKE HAVE LIBC PTHREAD
CMAKE HAVE LIBC PTHREAD Success

Abseil

Cloning into 'protobuf-src'...
25 3
party/abseil-cpp' (https://github.com/abseil/abseil-cpp.git) party/abseil-cpp'
party/googletest' (https://github.com/google/googletest.git) party/googletest'
party/jsoncpp' (https://github.com/open-source-parsers/jsoncpp.git) party/jsoncpp'
Cloning into '/home/runner/work/netdata/netdata/build/_deps/protobuf-src/third_party/abseil-cpp'...
Cloning into '/home/runner/work/netdata/netdata/build/_deps/protobuf-src/third_party/googletest'...
Cloning into '/home/runner/work/netdata/netdata/build/_deps/protobuf-src/third_party/jsoncpp'...
party/abseil-cpp': fb3621f4f897824c0dbe0615fa94543df6192f30
party/googletest': 4c9a3bb62bf3ba1f1010bf96f9c8ed767b363774
party/jsoncpp': 9059f5cad030ba11d37818847443a53918c327b1

25.3.0

protobuf HAVE LD VERSION SCRIPT Success
-- Found ZLIB: /usr/lib/x86_64-linux-gnu/libz.so (found version "1.3")
protobuf HAVE BUILTIN ATOMICS
protobuf HAVE BUILTIN ATOMICS Success
1
3 10

2025-04-15T08:26:11.0896206Z



2025-04-15T08:26:11.0897729Z
2025-04-15T08:26:11.0897732Z
Protobuf.

Looking linux/version.h
linux/version.h - found

-- Checking version using linux/version.h - failed
-- Checking version using uname
-- Checking version using uname - success
6 8 0

-- Detecting libc implementation using ldd - glibc
Checking module 'libelf'
libelf, 0.190
Checking module 'zlib'
zlib, 1.3
Checking module 'libcurl>=7.21'
libcurl, 8.5.0
Looking log10
log10 - not found
Looking log10
log10 - found
Checking module 'json-c>=0.14'
json-c, 0.17
Checking module 'yaml-0.1'
yaml-0.1, 0.2.5

Cloning into 'dlib-src'...

Using CMake 3 31 6
Compiling dlib 19 24 8

Looking netinet/in.h
netinet/in.h - found
Looking resolv.h
resolv.h - found
Looking netdb.h
netdb.h - found
Looking sys/prctl.h
sys/prctl.h - found
Looking sys/stat.h
sys/stat.h - found
Looking sys/vfs.h
sys/vfs.h - found
Looking sys/statfs.h
sys/statfs.h - found
Looking linux/magic.h
linux/magic.h - found
Looking sys/mount.h
sys/mount.h - found
Looking sys/statvfs.h
sys/statvfs.h - found
Looking inttypes.h
inttypes.h - found
Looking stdint.h
stdint.h - found
Looking arpa/inet.h
arpa/inet.h - found
Looking netinet/tcp.h
netinet/tcp.h - found
Looking sys/ioctl.h
sys/ioctl.h - found
Looking grp.h
grp.h - found
Looking pwd.h
pwd.h - found
Looking net/if.h
net/if.h - found
Looking poll.h
poll.h - found
Looking syslog.h
syslog.h - found
Looking sys/mman.h
sys/mman.h - found
Looking sys/resource.h
sys/resource.h - found
Looking sys/socket.h
sys/socket.h - found
Looking sys/wait.h
sys/wait.h - found
Looking sys/un.h
sys/un.h - found
Looking spawn.h
spawn.h - found
Looking sys/capability.h
sys/capability.h - not found
Looking major
major - found
Looking major
major - not found
Looking clock gettime
Looking clock gettime found
Looking strerror r
Looking strerror r found
Looking finite
finite - found
Looking isfinite
isfinite - found
Looking dlsym
dlsym - found
pthread getthreadid np
pthread getthreadid np - not
pthread threadid np
pthread threadid np - not
Looking gettid
gettid - found
Looking waitid
waitid - found
Looking nice
nice - found
Looking recvmmsg
recvmmsg - found
Looking getpriority
getpriority - found
Looking setenv
setenv - found
Looking strndup
strndup - found
Looking sched getscheduler
Looking sched getscheduler found
Looking sched setscheduler
Looking sched setscheduler found
sched get priority min
sched get priority min -
sched get priority max
sched get priority max -
Looking close range
Looking close range found
Looking backtrace
backtrace - found
Looking arc4random buf
Looking arc4random buf found
Looking arc4random uniform
Looking arc4random uniform found
Looking getrandom
getrandom - found
Looking sysinfo
sysinfo - found
Looking timegm
timegm - found



TM GMTOFF
TM GMTOFF - Success
HAVE PTHREAD GETNAME NP
PTHREAD GETNAME NP - Success
C GENERIC
C GENERIC - Success
C MALLOPT
C MALLOPT - Success
HAVE C MALLOC TRIM
C MALLOC TRIM - Success
HAVE C MALLOC INFO
C MALLOC INFO - Success
C MALLINFO2
C MALLINFO2 - Success
ACCEPT4
HAVE ACCEPT4 - Success
STRERROR R CHAR P
STRERROR R CHAR P Success
SETNS
HAVE SETNS - Success
BUILTIN ATOMICS
BUILTIN ATOMICS - Success
ARCH SUPPORTS 64BIT ATOMICS
ARCH SUPPORTS 64BIT ATOMICS Success
FUNC ATTRIBUTE FORMAT GNU PRINTF
FUNC ATTRIBUTE FORMAT GNU PRINTF
FUNC ATTRIBUTE FORMAT PRINTF
HAVE FUNC ATTRIBUTE FORMAT PRINTF Success
HAVE FUNC ATTRIBUTE MALLOC
FUNC ATTRIBUTE MALLOC - Success
HAVE FUNC ATTRIBUTE NOINLINE
FUNC ATTRIBUTE NOINLINE - Success
HAVE FUNC ATTRIBUTE NORETURN
FUNC ATTRIBUTE NORETURN - Success
FUNC ATTRIBUTE RETURNS NONNULL
HAVE FUNC ATTRIBUTE RETURNS NONNULL Success
FUNC ATTRIBUTE WARN UNUSED RESULT
FUNC ATTRIBUTE WARN UNUSED RESULT
RAND S
RAND S - Failed
Checking module 'openssl'
openssl, 3.0.13
Checking module 'libcrypto'
libcrypto, 3.0.13
Checking module 'libsystemd'
libsystemd, 255
SD JOURNAL OS ROOT
HAVE SD JOURNAL OS ROOT Success
-- Looking for sd_journal_open_files_fd
-- Looking for sd_journal_open_files_fd - found
sd journal restart fields
sd journal restart fields -
sd journal get seqnum
sd journal get seqnum -
sd bus default system
sd bus default system -
sd bus call method
sd bus call method -
-- Looking for sd_bus_message_enter_container
-- Looking for sd_bus_message_enter_container - found
sd bus message read
sd bus message read -
-- Looking for sd_bus_message_exit_container
-- Looking for sd_bus_message_exit_container - found
Checking module 'liblz4>=1.9.0'
liblz4, 1.9.4
Checking module 'libzstd'
libzstd, 1.5.5
Checking modules 'libbrotlidec;libbrotlienc;libbrotlicommon'
--   Package 'libbrotlidec', required by 'virtual:world', not found
--   Package 'libbrotlienc', required by 'virtual:world', not found
--   Package 'libbrotlicommon', required by 'virtual:world', not found
Checking module 'uuid'
uuid, 2.39.3
Checking module 'libuv'
libuv, 1.48.0
Checking module 'libmnl'
libmnl, 1.0.5
FLEX: /usr/bin/flex 2 6 4
BISON: /usr/bin/bison 3 8 2
Checking module 'libipmimonitoring'
libipmimonitoring, 1.6.13
-- Checking for module 'libnetfilter_acct'
--   Found libnetfilter_acct, version 1.0.3
Checking module 'libcups'
--   Package 'libcups', required by 'virtual:world', not found
Checking module 'cups'
--   Package 'gnutls', required by 'cups', not found
Package 'avahi-client', required by 'cups', not found
Checking module 'snappy'
snappy, 1.1.10
Checking module 'libpcre2-8'
libpcre2-8, 10.42








-- Configuring done (32.5s)
CMake Warning:
-- Generating done (0.5s)
Manually-specified variables were not used by the project:
2025-04-15T08:26:23.0881850Z
DISABLE_LTO
2025-04-15T08:26:23.0882140Z
2025-04-15T08:26:23.0882144Z
-- Build files have been written to: /home/runner/work/netdata/netdata/build
OK
##[endgroup]
##[group]Building Netdata.
2025-04-15T08:26:23.1150669Z
Compile netdata
[/home/runner/work/netdata/netdata]# /usr/local/bin/cmake --build ./build/ --parallel 4 -- -k 1
[0/2] Re-checking globbed directories...
[1/1169] Building CXX object _deps/absl-build/absl/base/CMakeFiles/absl_spinlock_wait.dir/internal/spinlock_wait.cc.o
[2/1169] Building CXX object _deps/absl-build/absl/base/CMakeFiles/absl_base.dir/internal/cycleclock.cc.o
[3/1169] Building CXX object _deps/absl-build/absl/base/CMakeFiles/absl_log_severity.dir/log_severity.cc.o
[4/1169] Building CXX object _deps/absl-build/absl/base/CMakeFiles/absl_raw_logging_internal.dir/internal/raw_logging.cc.o
[5/1169] Building CXX object _deps/absl-build/absl/base/CMakeFiles/absl_base.dir/internal/spinlock.cc.o
[6/1169] Linking CXX static library _deps/absl-build/absl/base/libabsl_log_severity.a
[7/1169] Linking CXX static library _deps/absl-build/absl/base/libabsl_spinlock_wait.a
[8/1169] Building CXX object _deps/absl-build/absl/base/CMakeFiles/absl_base.dir/internal/unscaledcycleclock.cc.o
[9/1169] Linking CXX static library _deps/absl-build/absl/base/libabsl_raw_logging_internal.a
[10/1169] Building CXX object _deps/absl-build/absl/base/CMakeFiles/absl_base.dir/internal/sysinfo.cc.o
[11/1169] Building CXX object _deps/absl-build/absl/base/CMakeFiles/absl_base.dir/internal/thread_identity.cc.o
[12/1169] Building CXX object _deps/absl-build/absl/base/CMakeFiles/absl_throw_delegate.dir/internal/throw_delegate.cc.o
[13/1169] Linking CXX static library _deps/absl-build/absl/base/libabsl_base.a
[14/1169] Linking CXX static library _deps/absl-build/absl/base/libabsl_throw_delegate.a
[15/1169] Building CXX object _deps/absl-build/absl/strings/CMakeFiles/absl_strings_internal.dir/internal/utf8.cc.o
[16/1169] Building CXX object _deps/absl-build/absl/numeric/CMakeFiles/absl_int128.dir/int128.cc.o
[17/1169] Building CXX object _deps/absl-build/absl/strings/CMakeFiles/absl_string_view.dir/string_view.cc.o
[18/1169] Building CXX object _deps/absl-build/absl/strings/CMakeFiles/absl_strings_internal.dir/internal/ostringstream.cc.o
[19/1169] Linking CXX static library _deps/absl-build/absl/numeric/libabsl_int128.a
[20/1169] Linking CXX static library _deps/absl-build/absl/strings/libabsl_string_view.a
[21/1169] Building CXX object _deps/absl-build/absl/crc/CMakeFiles/absl_crc_cpu_detect.dir/internal/cpu_detect.cc.o
[22/1169] Building CXX object _deps/absl-build/absl/strings/CMakeFiles/absl_strings_internal.dir/internal/escaping.cc.o
[23/1169] Building CXX object _deps/absl-build/absl/strings/CMakeFiles/absl_strings.dir/ascii.cc.o
[24/1169] Building CXX object _deps/absl-build/absl/strings/CMakeFiles/absl_strings.dir/charconv.cc.o
In file included from /usr/include/c++/13/string:51,
from /usr/include/c++/13/stdexcept:39,
from /usr/include/c++/13/system_error:43,
from /home/runner/work/netdata/netdata/build/_deps/absl-src/absl/strings/charconv.h:18,
from /home/runner/work/netdata/netdata/build/_deps/absl-src/absl/strings/charconv.cc:15:
In static member function 'static _Up* std::__copy_move_backward<_IsMove, true, std::random_access_iterator_tag>::__copy_move_b(_Tp*, _Tp*, _Up*) [with _Tp = unsigned int; _Up = unsigned int; bool _IsMove = false]',
inlined from '_BI2 std::__copy_move_backward_a2(_BI1, _BI1, _BI2) [with bool _IsMove = false; _BI1 = unsigned int*; _BI2 = unsigned int*]' at /usr/include/c++/13/bits/stl_algobase.h:769:37,
inlined from '_BI2 std::__copy_move_backward_a1(_BI1, _BI1, _BI2) [with bool _IsMove = false; _BI1 = unsigned int*; _BI2 = unsigned int*]' at /usr/include/c++/13/bits/stl_algobase.h:778:51,
inlined from '_OI std::__copy_move_backward_a(_II, _II, _OI) [with bool _IsMove = false; _II = unsigned int*; _OI = unsigned int*]' at /usr/include/c++/13/bits/stl_algobase.h:807:31,
inlined from '_BI2 std::copy_backward(_BI1, _BI1, _BI2) [with _BI1 = unsigned int*; _BI2 = unsigned int*]' at /usr/include/c++/13/bits/stl_algobase.h:867:7,
inlined from 'void absl::lts_20240116::strings_internal::BigUnsigned<max_words>::ShiftLeft(int) [with int max_words = 84]' at /home/runner/work/netdata/netdata/build/_deps/absl-src/absl/strings/internal/charconv_bigint.h:112:27,
inlined from 'bool absl::lts_20240116::{anonymous}::MustRoundUp(uint64_t, int, const absl::lts_20240116::strings_internal::ParsedFloat&)' at /home/runner/work/netdata/netdata/build/_deps/absl-src/absl/strings/charconv.cc:540:20:
/usr/include/c++/13/bits/stl_algobase.h:748:30: warning: 'void* __builtin_memmove(void*, const void*, long unsigned int)' offset [-332, -5] is out of the bounds [0, 340] of object 'exact_mantissa' with type 'absl::lts_20240116::strings_internal::BigUnsigned<84>' [-Warray-bounds=]
748 |             __builtin_memmove(__result - _Num, __first, sizeof(_Tp) * _Num);
~~~~~~~~~~~~~~~~~^~~~~~~~~~~~~~~~~~~~~~~~~~~~~~~~~~~~~~~~~~~~~~
/home/runner/work/netdata/netdata/build/_deps/absl-src/absl/strings/charconv.cc: In function 'bool absl::lts_20240116::{anonymous}::MustRoundUp(uint64_t, int, const absl::lts_20240116::strings_internal::ParsedFloat&)':
/home/runner/work/netdata/netdata/build/_deps/absl-src/absl/strings/charconv.cc:518:43: note: 'exact_mantissa' declared here
518 |   absl::strings_internal::BigUnsigned<84> exact_mantissa;
^~~~~~~~~~~~~~
In static member function 'static _Up* std::__copy_move_backward<_IsMove, true, std::random_access_iterator_tag>::__copy_move_b(_Tp*, _Tp*, _Up*) [with _Tp = unsigned int; _Up = unsigned int; bool _IsMove = false]',
inlined from '_BI2 std::__copy_move_backward_a2(_BI1, _BI1, _BI2) [with bool _IsMove = false; _BI1 = unsigned int*; _BI2 = unsigned int*]' at /usr/include/c++/13/bits/stl_algobase.h:769:37,
inlined from '_BI2 std::__copy_move_backward_a1(_BI1, _BI1, _BI2) [with bool _IsMove = false; _BI1 = unsigned int*; _BI2 = unsigned int*]' at /usr/include/c++/13/bits/stl_algobase.h:778:51,
inlined from '_OI std::__copy_move_backward_a(_II, _II, _OI) [with bool _IsMove = false; _II = unsigned int*; _OI = unsigned int*]' at /usr/include/c++/13/bits/stl_algobase.h:807:31,
inlined from '_BI2 std::copy_backward(_BI1, _BI1, _BI2) [with _BI1 = unsigned int*; _BI2 = unsigned int*]' at /usr/include/c++/13/bits/stl_algobase.h:867:7,
inlined from 'void absl::lts_20240116::strings_internal::BigUnsigned<max_words>::ShiftLeft(int) [with int max_words = 84]' at /home/runner/work/netdata/netdata/build/_deps/absl-src/absl/strings/internal/charconv_bigint.h:112:27,
inlined from 'bool absl::lts_20240116::{anonymous}::MustRoundUp(uint64_t, int, const absl::lts_20240116::strings_internal::ParsedFloat&)' at /home/runner/work/netdata/netdata/build/_deps/absl-src/absl/strings/charconv.cc:553:20:
/usr/include/c++/13/bits/stl_algobase.h:748:30: warning: 'void* __builtin_memmove(void*, const void*, long unsigned int)' offset [-332, -5] is out of the bounds [0, 340] of object 'exact_mantissa' with type 'absl::lts_20240116::strings_internal::BigUnsigned<84>' [-Warray-bounds=]
748 |             __builtin_memmove(__result - _Num, __first, sizeof(_Tp) * _Num);
~~~~~~~~~~~~~~~~~^~~~~~~~~~~~~~~~~~~~~~~~~~~~~~~~~~~~~~~~~~~~~~
/home/runner/work/netdata/netdata/build/_deps/absl-src/absl/strings/charconv.cc: In function 'bool absl::lts_20240116::{anonymous}::MustRoundUp(uint64_t, int, const absl::lts_20240116::strings_internal::ParsedFloat&)':
/home/runner/work/netdata/netdata/build/_deps/absl-src/absl/strings/charconv.cc:518:43: note: 'exact_mantissa' declared here
518 |   absl::strings_internal::BigUnsigned<84> exact_mantissa;
^~~~~~~~~~~~~~
In static member function 'static _Up* std::__copy_move_backward<_IsMove, true, std::random_access_iterator_tag>::__copy_move_b(_Tp*, _Tp*, _Up*) [with _Tp = unsigned int; _Up = unsigned int; bool _IsMove = false]',
inlined from '_BI2 std::__copy_move_backward_a2(_BI1, _BI1, _BI2) [with bool _IsMove = false; _BI1 = unsigned int*; _BI2 = unsigned int*]' at /usr/include/c++/13/bits/stl_algobase.h:769:37,
inlined from '_BI2 std::__copy_move_backward_a1(_BI1, _BI1, _BI2) [with bool _IsMove = false; _BI1 = unsigned int*; _BI2 = unsigned int*]' at /usr/include/c++/13/bits/stl_algobase.h:778:51,
inlined from '_OI std::__copy_move_backward_a(_II, _II, _OI) [with bool _IsMove = false; _II = unsigned int*; _OI = unsigned int*]' at /usr/include/c++/13/bits/stl_algobase.h:807:31,
inlined from '_BI2 std::copy_backward(_BI1, _BI1, _BI2) [with _BI1 = unsigned int*; _BI2 = unsigned int*]' at /usr/include/c++/13/bits/stl_algobase.h:867:7,
inlined from 'void absl::lts_20240116::strings_internal::BigUnsigned<max_words>::ShiftLeft(int) [with int max_words = 84]' at /home/runner/work/netdata/netdata/build/_deps/absl-src/absl/strings/internal/charconv_bigint.h:112:27,
inlined from 'bool absl::lts_20240116::{anonymous}::MustRoundUp(uint64_t, int, const absl::lts_20240116::strings_internal::ParsedFloat&)' at /home/runner/work/netdata/netdata/build/_deps/absl-src/absl/strings/charconv.cc:555:20:
/usr/include/c++/13/bits/stl_algobase.h:748:30: warning: 'void* __builtin_memmove(void*, const void*, long unsigned int)' offset [-332, -5] is out of the bounds [0, 340] of object 'rhs' with type 'absl::lts_20240116::strings_internal::BigUnsigned<84>' [-Warray-bounds=]
748 |             __builtin_memmove(__result - _Num, __first, sizeof(_Tp) * _Num);
~~~~~~~~~~~~~~~~~^~~~~~~~~~~~~~~~~~~~~~~~~~~~~~~~~~~~~~~~~~~~~~
/home/runner/work/netdata/netdata/build/_deps/absl-src/absl/strings/charconv.cc: In function 'bool absl::lts_20240116::{anonymous}::MustRoundUp(uint64_t, int, const absl::lts_20240116::strings_internal::ParsedFloat&)':
/home/runner/work/netdata/netdata/build/_deps/absl-src/absl/strings/charconv.cc:549:45: note: 'rhs' declared here
549 |     absl::strings_internal::BigUnsigned<84> rhs =
^~~
[25/1169] Building CXX object _deps/absl-build/absl/strings/CMakeFiles/absl_strings.dir/internal/charconv_parse.cc.o
[26/1169] Building CXX object _deps/absl-build/absl/strings/CMakeFiles/absl_strings.dir/internal/charconv_bigint.cc.o
[27/1169] Building CXX object _deps/absl-build/absl/strings/CMakeFiles/absl_strings.dir/escaping.cc.o
[28/1169] Building CXX object _deps/absl-build/absl/strings/CMakeFiles/absl_strings.dir/internal/damerau_levenshtein_distance.cc.o
[29/1169] Building CXX object _deps/absl-build/absl/strings/CMakeFiles/absl_strings.dir/internal/memutil.cc.o
[30/1169] Building CXX object _deps/absl-build/absl/strings/CMakeFiles/absl_strings.dir/internal/stringify_sink.cc.o
[31/1169] Building CXX object _deps/absl-build/absl/strings/CMakeFiles/absl_strings.dir/match.cc.o
[32/1169] Building CXX object _deps/absl-build/absl/strings/CMakeFiles/absl_strings.dir/str_cat.cc.o
[33/1169] Building CXX object _deps/absl-build/absl/strings/CMakeFiles/absl_strings.dir/str_replace.cc.o
[34/1169] Building CXX object _deps/absl-build/absl/strings/CMakeFiles/absl_strings.dir/str_split.cc.o
[35/1169] Linking CXX static library _deps/absl-build/absl/strings/libabsl_strings_internal.a
[36/1169] Building CXX object _deps/absl-build/absl/strings/CMakeFiles/absl_strings.dir/numbers.cc.o
[37/1169] Building CXX object _deps/absl-build/absl/time/CMakeFiles/absl_time_zone.dir/internal/cctz/src/time_zone_fixed.cc.o
[38/1169] Building CXX object _deps/absl-build/absl/time/CMakeFiles/absl_civil_time.dir/internal/cctz/src/civil_time_detail.cc.o
[39/1169] Building CXX object _deps/absl-build/absl/strings/CMakeFiles/absl_strings.dir/substitute.cc.o
[40/1169] Building CXX object _deps/absl-build/absl/time/CMakeFiles/absl_time_zone.dir/internal/cctz/src/time_zone_format.cc.o
[41/1169] Building CXX object _deps/absl-build/absl/time/CMakeFiles/absl_time_zone.dir/internal/cctz/src/time_zone_if.cc.o
[42/1169] Building CXX object _deps/absl-build/absl/time/CMakeFiles/absl_time_zone.dir/internal/cctz/src/time_zone_impl.cc.o
[43/1169] Building CXX object _deps/absl-build/absl/time/CMakeFiles/absl_time_zone.dir/internal/cctz/src/time_zone_libc.cc.o
[44/1169] Building CXX object _deps/absl-build/absl/time/CMakeFiles/absl_time_zone.dir/internal/cctz/src/time_zone_lookup.cc.o
[45/1169] Building CXX object _deps/absl-build/absl/time/CMakeFiles/absl_time_zone.dir/internal/cctz/src/time_zone_posix.cc.o
[46/1169] Linking CXX static library _deps/absl-build/absl/crc/libabsl_crc_cpu_detect.a
[47/1169] Building CXX object _deps/absl-build/absl/time/CMakeFiles/absl_time_zone.dir/internal/cctz/src/zone_info_source.cc.o
[48/1169] Building CXX object _deps/absl-build/absl/base/CMakeFiles/absl_malloc_internal.dir/internal/low_level_alloc.cc.o
[49/1169] Building CXX object _deps/absl-build/absl/time/CMakeFiles/absl_time_zone.dir/internal/cctz/src/time_zone_info.cc.o
[50/1169] Building CXX object _deps/absl-build/absl/crc/CMakeFiles/absl_crc_internal.dir/internal/crc_x86_arm_combined.cc.o
[51/1169] Building CXX object _deps/absl-build/absl/crc/CMakeFiles/absl_crc_internal.dir/internal/crc.cc.o
[52/1169] Building CXX object _deps/absl-build/absl/debugging/CMakeFiles/absl_debugging_internal.dir/internal/address_is_readable.cc.o
[53/1169] Linking CXX static library _deps/absl-build/absl/strings/libabsl_strings.a
[54/1169] Building CXX object _deps/absl-build/absl/debugging/CMakeFiles/absl_debugging_internal.dir/internal/vdso_support.cc.o
[55/1169] Building CXX object _deps/absl-build/absl/debugging/CMakeFiles/absl_debugging_internal.dir/internal/elf_mem_image.cc.o
[56/1169] Building CXX object _deps/absl-build/absl/debugging/CMakeFiles/absl_demangle_internal.dir/internal/demangle.cc.o
[57/1169] Building CXX object _deps/absl-build/absl/strings/CMakeFiles/absl_str_format_internal.dir/internal/str_format/extension.cc.o
[58/1169] Building CXX object _deps/absl-build/absl/strings/CMakeFiles/absl_str_format_internal.dir/internal/str_format/output.cc.o
[59/1169] Building CXX object _deps/absl-build/absl/strings/CMakeFiles/absl_str_format_internal.dir/internal/str_format/bind.cc.o
[60/1169] Building CXX object _deps/absl-build/absl/strings/CMakeFiles/absl_str_format_internal.dir/internal/str_format/arg.cc.o
[61/1169] Building CXX object _deps/absl-build/absl/strings/CMakeFiles/absl_str_format_internal.dir/internal/str_format/float_conversion.cc.o
[62/1169] Building CXX object _deps/absl-build/absl/time/CMakeFiles/absl_time.dir/clock.cc.o
[63/1169] Building CXX object _deps/absl-build/absl/strings/CMakeFiles/absl_str_format_internal.dir/internal/str_format/parser.cc.o
[64/1169] Building CXX object _deps/absl-build/absl/time/CMakeFiles/absl_time.dir/civil_time.cc.o
[65/1169] Linking CXX static library _deps/absl-build/absl/time/libabsl_civil_time.a
[66/1169] Linking CXX static library _deps/absl-build/absl/time/libabsl_time_zone.a
[67/1169] Linking CXX static library _deps/absl-build/absl/base/libabsl_malloc_internal.a
[68/1169] Building CXX object _deps/absl-build/absl/time/CMakeFiles/absl_time.dir/format.cc.o
[69/1169] Linking CXX static library _deps/absl-build/absl/crc/libabsl_crc_internal.a
[70/1169] Building CXX object _deps/absl-build/absl/time/CMakeFiles/absl_time.dir/duration.cc.o
[71/1169] Building CXX object _deps/absl-build/absl/time/CMakeFiles/absl_time.dir/time.cc.o
[72/1169] Building CXX object _deps/absl-build/absl/crc/CMakeFiles/absl_crc32c.dir/crc32c.cc.o
[73/1169] Building CXX object _deps/absl-build/absl/crc/CMakeFiles/absl_crc32c.dir/internal/crc_memcpy_fallback.cc.o
[74/1169] Building CXX object _deps/absl-build/absl/debugging/CMakeFiles/absl_stacktrace.dir/stacktrace.cc.o
[75/1169] Building CXX object _deps/absl-build/absl/crc/CMakeFiles/absl_crc32c.dir/internal/crc_memcpy_x86_arm_combined.cc.o
[76/1169] Linking CXX static library _deps/absl-build/absl/debugging/libabsl_debugging_internal.a
[77/1169] Building CXX object _deps/absl-build/absl/crc/CMakeFiles/absl_crc32c.dir/internal/crc_non_temporal_memcpy.cc.o
[78/1169] Linking CXX static library _deps/absl-build/absl/debugging/libabsl_demangle_internal.a
[79/1169] Linking CXX static library _deps/absl-build/absl/strings/libabsl_str_format_internal.a
[80/1169] Linking CXX static library _deps/absl-build/absl/time/libabsl_time.a
[81/1169] Creating directories for 'libbacktrace'
[82/1169] Linking CXX static library _deps/absl-build/absl/crc/libabsl_crc32c.a
[83/1169] Building CXX object _deps/absl-build/absl/debugging/CMakeFiles/absl_symbolize.dir/symbolize.cc.o
[84/1169] Building CXX object _deps/absl-build/absl/synchronization/CMakeFiles/absl_kernel_timeout_internal.dir/internal/kernel_timeout.cc.o
[85/1169] Linking CXX static library _deps/absl-build/absl/debugging/libabsl_stacktrace.a
[86/1169] Linking CXX static library _deps/absl-build/absl/debugging/libabsl_symbolize.a
[87/1169] Building CXX object _deps/absl-build/absl/synchronization/CMakeFiles/absl_graphcycles_internal.dir/internal/graphcycles.cc.o
[88/1169] Building CXX object _deps/absl-build/absl/hash/CMakeFiles/absl_city.dir/internal/city.cc.o
[89/1169] Building CXX object _deps/absl-build/absl/hash/CMakeFiles/absl_low_level_hash.dir/internal/low_level_hash.cc.o
[90/1169] Building CXX object _deps/absl-build/absl/profiling/CMakeFiles/absl_exponential_biased.dir/internal/exponential_biased.cc.o
[91/1169] Building CXX object _deps/absl-build/absl/log/CMakeFiles/absl_log_internal_fnmatch.dir/internal/fnmatch.cc.o
[92/1169] Linking CXX static library _deps/absl-build/absl/synchronization/libabsl_graphcycles_internal.a
[93/1169] Linking CXX static library _deps/absl-build/absl/synchronization/libabsl_kernel_timeout_internal.a
[94/1169] Building CXX object _deps/absl-build/absl/crc/CMakeFiles/absl_crc_cord_state.dir/internal/crc_cord_state.cc.o
[95/1169] Building CXX object _deps/absl-build/absl/synchronization/CMakeFiles/absl_synchronization.dir/barrier.cc.o
[96/1169] Building CXX object _deps/absl-build/absl/synchronization/CMakeFiles/absl_synchronization.dir/blocking_counter.cc.o
[97/1169] Building CXX object _deps/absl-build/absl/synchronization/CMakeFiles/absl_synchronization.dir/internal/create_thread_identity.cc.o
[98/1169] Building CXX object _deps/absl-build/absl/synchronization/CMakeFiles/absl_synchronization.dir/internal/futex_waiter.cc.o
[99/1169] Building CXX object _deps/absl-build/absl/synchronization/CMakeFiles/absl_synchronization.dir/internal/per_thread_sem.cc.o
[100/1169] Building CXX object _deps/absl-build/absl/synchronization/CMakeFiles/absl_synchronization.dir/internal/pthread_waiter.cc.o
[101/1169] Building CXX object _deps/absl-build/absl/synchronization/CMakeFiles/absl_synchronization.dir/internal/win32_waiter.cc.o
[102/1169] Building CXX object _deps/absl-build/absl/synchronization/CMakeFiles/absl_synchronization.dir/internal/sem_waiter.cc.o
[103/1169] Building CXX object _deps/absl-build/absl/synchronization/CMakeFiles/absl_synchronization.dir/internal/stdcpp_waiter.cc.o
[104/1169] Building CXX object _deps/absl-build/absl/synchronization/CMakeFiles/absl_synchronization.dir/internal/waiter_base.cc.o
[105/1169] Building CXX object _deps/absl-build/absl/types/CMakeFiles/absl_bad_optional_access.dir/bad_optional_access.cc.o
[106/1169] Building CXX object _deps/absl-build/absl/synchronization/CMakeFiles/absl_synchronization.dir/notification.cc.o
[107/1169] Linking CXX static library _deps/absl-build/absl/crc/libabsl_crc_cord_state.a
[108/1169] Building CXX object _deps/absl-build/absl/types/CMakeFiles/absl_bad_variant_access.dir/bad_variant_access.cc.o
[109/1169] Linking CXX static library _deps/absl-build/absl/hash/libabsl_city.a
[110/1169] Linking CXX static library _deps/absl-build/absl/hash/libabsl_low_level_hash.a
[111/1169] Performing download step (git clone) for 'libbacktrace'
Cloning into 'libbacktrace-src'...


[112/1169] Building CXX object _deps/absl-build/absl/synchronization/CMakeFiles/absl_synchronization.dir/mutex.cc.o
[113/1169] Building CXX object _deps/absl-build/absl/hash/CMakeFiles/absl_hash.dir/internal/hash.cc.o
[114/1169] Linking CXX static library _deps/absl-build/absl/log/libabsl_log_internal_fnmatch.a
[115/1169] Linking CXX static library _deps/absl-build/absl/profiling/libabsl_exponential_biased.a
[116/1169] Building CXX object _deps/absl-build/absl/log/CMakeFiles/absl_log_entry.dir/log_entry.cc.o
[117/1169] Building CXX object _deps/absl-build/absl/strings/CMakeFiles/absl_cord_internal.dir/internal/cord_rep_btree_navigator.cc.o
[118/1169] Building CXX object _deps/absl-build/absl/strings/CMakeFiles/absl_cord_internal.dir/internal/cord_internal.cc.o
[119/1169] Building CXX object _deps/absl-build/absl/log/CMakeFiles/absl_vlog_config_internal.dir/internal/vlog_config.cc.o
[120/1169] Building CXX object _deps/absl-build/absl/strings/CMakeFiles/absl_cord_internal.dir/internal/cord_rep_btree_reader.cc.o
[121/1169] Building CXX object _deps/absl-build/absl/strings/CMakeFiles/absl_cord_internal.dir/internal/cord_rep_consume.cc.o
[122/1169] Building CXX object _deps/absl-build/absl/strings/CMakeFiles/absl_cord_internal.dir/internal/cord_rep_crc.cc.o
[123/1169] Building CXX object _deps/absl-build/absl/strings/CMakeFiles/absl_cord_internal.dir/internal/cord_rep_btree.cc.o
[124/1169] Linking CXX static library _deps/absl-build/absl/synchronization/libabsl_synchronization.a
[125/1169] Linking CXX static library _deps/absl-build/absl/types/libabsl_bad_optional_access.a
[126/1169] Linking CXX static library _deps/absl-build/absl/types/libabsl_bad_variant_access.a
[127/1169] Building CXX object _deps/absl-build/absl/flags/CMakeFiles/absl_flags_commandlineflag_internal.dir/internal/commandlineflag.cc.o
[128/1169] Building CXX object _deps/absl-build/absl/strings/CMakeFiles/absl_cordz_functions.dir/internal/cordz_functions.cc.o
[129/1169] Performing disconnected update step for 'libbacktrace'
[130/1169] Linking CXX static library _deps/absl-build/absl/hash/libabsl_hash.a
[131/1169] Linking CXX static library _deps/absl-build/absl/log/libabsl_log_entry.a
[132/1169] Building CXX object _deps/absl-build/absl/strings/CMakeFiles/absl_cordz_handle.dir/internal/cordz_handle.cc.o
[133/1169] Linking CXX static library _deps/absl-build/absl/log/libabsl_vlog_config_internal.a
[134/1169] Building CXX object _deps/absl-build/absl/log/CMakeFiles/absl_log_internal_globals.dir/internal/globals.cc.o
[135/1169] Linking CXX static library _deps/absl-build/absl/strings/libabsl_cord_internal.a
[136/1169] Linking CXX static library _deps/absl-build/absl/strings/libabsl_cordz_functions.a
[137/1169] Building CXX object _deps/absl-build/absl/log/CMakeFiles/absl_log_sink.dir/log_sink.cc.o
[138/1169] No patch_disconnected step for 'libbacktrace'
[139/1169] Linking CXX static library _deps/absl-build/absl/strings/libabsl_cordz_handle.a
[140/1169] Building CXX object _deps/absl-build/absl/log/CMakeFiles/absl_log_globals.dir/globals.cc.o
[141/1169] Building CXX object _deps/absl-build/absl/base/CMakeFiles/absl_strerror.dir/internal/strerror.cc.o
[142/1169] Building CXX object _deps/absl-build/absl/container/CMakeFiles/absl_hashtablez_sampler.dir/internal/hashtablez_sampler_force_weak_definition.cc.o
[143/1169] Building CXX object _deps/absl-build/absl/debugging/CMakeFiles/absl_examine_stack.dir/internal/examine_stack.cc.o
[144/1169] Building CXX object _deps/absl-build/absl/container/CMakeFiles/absl_hashtablez_sampler.dir/internal/hashtablez_sampler.cc.o
[145/1169] Linking CXX static library _deps/absl-build/absl/flags/libabsl_flags_commandlineflag_internal.a
[146/1169] Building CXX object _deps/absl-build/absl/strings/CMakeFiles/absl_cordz_info.dir/internal/cordz_info.cc.o
[147/1169] Linking CXX static library _deps/absl-build/absl/log/libabsl_log_internal_globals.a
[148/1169] Building CXX object _deps/absl-build/absl/flags/CMakeFiles/absl_flags_commandlineflag.dir/commandlineflag.cc.o
[149/1169] Building CXX object _deps/absl-build/absl/flags/CMakeFiles/absl_flags_program_name.dir/internal/program_name.cc.o
[150/1169] Building CXX object _deps/absl-build/absl/log/CMakeFiles/absl_log_internal_nullguard.dir/internal/nullguard.cc.o
[151/1169] Linking CXX static library _deps/absl-build/absl/log/libabsl_log_globals.a
[152/1169] Building CXX object _deps/absl-build/absl/log/CMakeFiles/absl_log_internal_proto.dir/internal/proto.cc.o
[153/1169] Linking CXX static library _deps/absl-build/absl/log/libabsl_log_sink.a
[154/1169] Building CXX object _deps/absl-build/absl/log/CMakeFiles/absl_log_internal_format.dir/internal/log_format.cc.o
[155/1169] Linking CXX static library _deps/absl-build/absl/strings/libabsl_cordz_info.a
[156/1169] Building CXX object _deps/absl-build/absl/log/CMakeFiles/absl_log_internal_log_sink_set.dir/internal/log_sink_set.cc.o
[157/1169] Creating directories for 'libbpf'
[158/1169] Creating directories for 'ebpf-co-re'
[159/1169] Building CXX object _deps/absl-build/absl/strings/CMakeFiles/absl_cord.dir/cord_buffer.cc.o
[160/1169] Linking CXX static library _deps/absl-build/absl/base/libabsl_strerror.a
[161/1169] Linking CXX static library _deps/absl-build/absl/container/libabsl_hashtablez_sampler.a
[162/1169] Building CXX object _deps/absl-build/absl/strings/CMakeFiles/absl_cord.dir/cord_analysis.cc.o
[163/1169] Linking CXX static library _deps/absl-build/absl/debugging/libabsl_examine_stack.a
[164/1169] Linking CXX static library _deps/absl-build/absl/flags/libabsl_flags_program_name.a
[165/1169] Building CXX object _deps/absl-build/absl/container/CMakeFiles/absl_raw_hash_set.dir/internal/raw_hash_set.cc.o
[166/1169] Building CXX object _deps/absl-build/absl/flags/CMakeFiles/absl_flags_config.dir/usage_config.cc.o
[167/1169] Linking CXX static library _deps/absl-build/absl/flags/libabsl_flags_commandlineflag.a
[168/1169] Building CXX object _deps/absl-build/absl/flags/CMakeFiles/absl_flags_private_handle_accessor.dir/internal/private_handle_accessor.cc.o
[169/1169] Building CXX object _deps/absl-build/absl/log/CMakeFiles/absl_log_internal_conditions.dir/internal/conditions.cc.o
[170/1169] Linking CXX static library _deps/absl-build/absl/log/libabsl_log_internal_format.a
[171/1169] Building CXX object _deps/absl-build/absl/strings/CMakeFiles/absl_cord.dir/cord.cc.o
In file included from /home/runner/work/netdata/netdata/build/_deps/absl-src/absl/container/inlined_vector.h:53,
from /home/runner/work/netdata/netdata/build/_deps/absl-src/absl/strings/cord.h:79,
from /home/runner/work/netdata/netdata/build/_deps/absl-src/absl/strings/cord.cc:15:
In member function 'absl::lts_20240116::inlined_vector_internal::SizeType<A> absl::lts_20240116::inlined_vector_internal::Storage<T, N, A>::GetAllocatedCapacity() const [with T = int; long unsigned int N = 47; A = std::allocator<int>]',
inlined from 'void absl::lts_20240116::inlined_vector_internal::Storage<T, N, A>::DeallocateIfAllocated() [with T = int; long unsigned int N = 47; A = std::allocator<int>]' at /home/runner/work/netdata/netdata/build/_deps/absl-src/absl/container/internal/inlined_vector.h:537:35,
inlined from 'absl::lts_20240116::inlined_vector_internal::Storage<T, N, A>::~Storage() [with T = int; long unsigned int N = 47; A = std::allocator<int>]' at /home/runner/work/netdata/netdata/build/_deps/absl-src/absl/container/internal/inlined_vector.h:367:28,
inlined from 'absl::lts_20240116::InlinedVector<T, N, A>::~InlinedVector() [with T = int; long unsigned int N = 47; A = std::allocator<int>]' at /home/runner/work/netdata/netdata/build/_deps/absl-src/absl/container/inlined_vector.h:296:21,
inlined from 'void absl::lts_20240116::DumpNode(absl::Nonnull<cord_internal::CordRep*>, bool, absl::Nonnull<std::basic_ostream<char>*>, int)' at /home/runner/work/netdata/netdata/build/_deps/absl-src/absl/strings/cord.cc:1500:1,
inlined from 'std::string absl::lts_20240116::ReportError(absl::Nonnull<cord_internal::CordRep*>, absl::Nonnull<cord_internal::CordRep*>)' at /home/runner/work/netdata/netdata/build/_deps/absl-src/absl/strings/cord.cc:1506:11:
/home/runner/work/netdata/netdata/build/_deps/absl-src/absl/container/internal/inlined_vector.h:419:28: warning: 'indents.absl::lts_20240116::InlinedVector<int, 47, std::allocator<int> >::storage_.absl::lts_20240116::inlined_vector_internal::Storage<int, 47, std::allocator<int> >::data_.absl::lts_20240116::inlined_vector_internal::Storage<int, 47, std::allocator<int> >::Data::allocated.absl::lts_20240116::inlined_vector_internal::Storage<int, 47, std::allocator<int> >::Allocated::allocated_capacity' may be used uninitialized [-Wmaybe-uninitialized]
419 |     return data_.allocated.allocated_capacity;
^~~~~~~~~~~~~~~~~~
/home/runner/work/netdata/netdata/build/_deps/absl-src/absl/strings/cord.cc: In function 'std::string absl::lts_20240116::ReportError(absl::Nonnull<cord_internal::CordRep*>, absl::Nonnull<cord_internal::CordRep*>)':
/home/runner/work/netdata/netdata/build/_deps/absl-src/absl/strings/cord.cc:1455:48: note: 'indents' declared here
1455 absl::InlinedVector<int, kInlinedVectorSize> indents;
^~~~~~~
In member function 'absl::lts_20240116::inlined_vector_internal::SizeType<A> absl::lts_20240116::inlined_vector_internal::Storage<T, N, A>::GetAllocatedCapacity() const [with T = absl::lts_20240116::cord_internal::CordRep*; long unsigned int N = 47; A = std::allocator<absl::lts_20240116::cord_internal::CordRep*>]',
inlined from 'void absl::lts_20240116::inlined_vector_internal::Storage<T, N, A>::DeallocateIfAllocated() [with T = absl::lts_20240116::cord_internal::CordRep*; long unsigned int N = 47; A = std::allocator<absl::lts_20240116::cord_internal::CordRep*>]' at /home/runner/work/netdata/netdata/build/_deps/absl-src/absl/container/internal/inlined_vector.h:537:35,
inlined from 'absl::lts_20240116::inlined_vector_internal::Storage<T, N, A>::~Storage() [with T = absl::lts_20240116::cord_internal::CordRep*; long unsigned int N = 47; A = std::allocator<absl::lts_20240116::cord_internal::CordRep*>]' at /home/runner/work/netdata/netdata/build/_deps/absl-src/absl/container/internal/inlined_vector.h:367:28,
inlined from 'absl::lts_20240116::InlinedVector<T, N, A>::~InlinedVector() [with T = absl::lts_20240116::cord_internal::CordRep*; long unsigned int N = 47; A = std::allocator<absl::lts_20240116::cord_internal::CordRep*>]' at /home/runner/work/netdata/netdata/build/_deps/absl-src/absl/container/inlined_vector.h:296:21,
inlined from 'void absl::lts_20240116::DumpNode(absl::Nonnull<cord_internal::CordRep*>, bool, absl::Nonnull<std::basic_ostream<char>*>, int)' at /home/runner/work/netdata/netdata/build/_deps/absl-src/absl/strings/cord.cc:1500:1,
inlined from 'std::string absl::lts_20240116::ReportError(absl::Nonnull<cord_internal::CordRep*>, absl::Nonnull<cord_internal::CordRep*>)' at /home/runner/work/netdata/netdata/build/_deps/absl-src/absl/strings/cord.cc:1506:11:
/home/runner/work/netdata/netdata/build/_deps/absl-src/absl/container/internal/inlined_vector.h:419:28: warning: 'stack.absl::lts_20240116::InlinedVector<absl::lts_20240116::cord_internal::CordRep*, 47, std::allocator<absl::lts_20240116::cord_internal::CordRep*> >::storage_.absl::lts_20240116::inlined_vector_internal::Storage<absl::lts_20240116::cord_internal::CordRep*, 47, std::allocator<absl::lts_20240116::cord_internal::CordRep*> >::data_.absl::lts_20240116::inlined_vector_internal::Storage<absl::lts_20240116::cord_internal::CordRep*, 47, std::allocator<absl::lts_20240116::cord_internal::CordRep*> >::Data::allocated.absl::lts_20240116::inlined_vector_internal::Storage<absl::lts_20240116::cord_internal::CordRep*, 47, std::allocator<absl::lts_20240116::cord_internal::CordRep*> >::Allocated::allocated_capacity' may be used uninitialized [-Wmaybe-uninitialized]
419 |     return data_.allocated.allocated_capacity;
^~~~~~~~~~~~~~~~~~
/home/runner/work/netdata/netdata/build/_deps/absl-src/absl/strings/cord.cc: In function 'std::string absl::lts_20240116::ReportError(absl::Nonnull<cord_internal::CordRep*>, absl::Nonnull<cord_internal::CordRep*>)':
/home/runner/work/netdata/netdata/build/_deps/absl-src/absl/strings/cord.cc:1454:53: note: 'stack' declared here
1454 absl::InlinedVector<CordRep*, kInlinedVectorSize> stack;
^~~~~
In member function 'absl::lts_20240116::inlined_vector_internal::SizeType<A> absl::lts_20240116::inlined_vector_internal::Storage<T, N, A>::GetAllocatedCapacity() const [with T = int; long unsigned int N = 47; A = std::allocator<int>]',
inlined from 'void absl::lts_20240116::inlined_vector_internal::Storage<T, N, A>::DeallocateIfAllocated() [with T = int; long unsigned int N = 47; A = std::allocator<int>]' at /home/runner/work/netdata/netdata/build/_deps/absl-src/absl/container/internal/inlined_vector.h:537:35,
inlined from 'absl::lts_20240116::inlined_vector_internal::Storage<T, N, A>::~Storage() [with T = int; long unsigned int N = 47; A = std::allocator<int>]' at /home/runner/work/netdata/netdata/build/_deps/absl-src/absl/container/internal/inlined_vector.h:367:28,
inlined from 'absl::lts_20240116::InlinedVector<T, N, A>::~InlinedVector() [with T = int; long unsigned int N = 47; A = std::allocator<int>]' at /home/runner/work/netdata/netdata/build/_deps/absl-src/absl/container/inlined_vector.h:296:21,
inlined from 'void absl::lts_20240116::DumpNode(absl::Nonnull<cord_internal::CordRep*>, bool, absl::Nonnull<std::basic_ostream<char>*>, int)' at /home/runner/work/netdata/netdata/build/_deps/absl-src/absl/strings/cord.cc:1500:1,
inlined from 'std::string absl::lts_20240116::ReportError(absl::Nonnull<cord_internal::CordRep*>, absl::Nonnull<cord_internal::CordRep*>)' at /home/runner/work/netdata/netdata/build/_deps/absl-src/absl/strings/cord.cc:1506:11:
/home/runner/work/netdata/netdata/build/_deps/absl-src/absl/container/internal/inlined_vector.h:419:28: warning: 'indents.absl::lts_20240116::InlinedVector<int, 47, std::allocator<int> >::storage_.absl::lts_20240116::inlined_vector_internal::Storage<int, 47, std::allocator<int> >::data_.absl::lts_20240116::inlined_vector_internal::Storage<int, 47, std::allocator<int> >::Data::allocated.absl::lts_20240116::inlined_vector_internal::Storage<int, 47, std::allocator<int> >::Allocated::allocated_capacity' may be used uninitialized [-Wmaybe-uninitialized]
419 |     return data_.allocated.allocated_capacity;
^~~~~~~~~~~~~~~~~~
/home/runner/work/netdata/netdata/build/_deps/absl-src/absl/strings/cord.cc: In function 'std::string absl::lts_20240116::ReportError(absl::Nonnull<cord_internal::CordRep*>, absl::Nonnull<cord_internal::CordRep*>)':
/home/runner/work/netdata/netdata/build/_deps/absl-src/absl/strings/cord.cc:1455:48: note: 'indents' declared here
1455 absl::InlinedVector<int, kInlinedVectorSize> indents;
^~~~~~~
In member function 'absl::lts_20240116::inlined_vector_internal::SizeType<A> absl::lts_20240116::inlined_vector_internal::Storage<T, N, A>::GetAllocatedCapacity() const [with T = absl::lts_20240116::cord_internal::CordRep*; long unsigned int N = 47; A = std::allocator<absl::lts_20240116::cord_internal::CordRep*>]',
inlined from 'void absl::lts_20240116::inlined_vector_internal::Storage<T, N, A>::DeallocateIfAllocated() [with T = absl::lts_20240116::cord_internal::CordRep*; long unsigned int N = 47; A = std::allocator<absl::lts_20240116::cord_internal::CordRep*>]' at /home/runner/work/netdata/netdata/build/_deps/absl-src/absl/container/internal/inlined_vector.h:537:35,
inlined from 'absl::lts_20240116::inlined_vector_internal::Storage<T, N, A>::~Storage() [with T = absl::lts_20240116::cord_internal::CordRep*; long unsigned int N = 47; A = std::allocator<absl::lts_20240116::cord_internal::CordRep*>]' at /home/runner/work/netdata/netdata/build/_deps/absl-src/absl/container/internal/inlined_vector.h:367:28,
inlined from 'absl::lts_20240116::InlinedVector<T, N, A>::~InlinedVector() [with T = absl::lts_20240116::cord_internal::CordRep*; long unsigned int N = 47; A = std::allocator<absl::lts_20240116::cord_internal::CordRep*>]' at /home/runner/work/netdata/netdata/build/_deps/absl-src/absl/container/inlined_vector.h:296:21,
inlined from 'void absl::lts_20240116::DumpNode(absl::Nonnull<cord_internal::CordRep*>, bool, absl::Nonnull<std::basic_ostream<char>*>, int)' at /home/runner/work/netdata/netdata/build/_deps/absl-src/absl/strings/cord.cc:1500:1,
inlined from 'std::string absl::lts_20240116::ReportError(absl::Nonnull<cord_internal::CordRep*>, absl::Nonnull<cord_internal::CordRep*>)' at /home/runner/work/netdata/netdata/build/_deps/absl-src/absl/strings/cord.cc:1506:11:
/home/runner/work/netdata/netdata/build/_deps/absl-src/absl/container/internal/inlined_vector.h:419:28: warning: 'stack.absl::lts_20240116::InlinedVector<absl::lts_20240116::cord_internal::CordRep*, 47, std::allocator<absl::lts_20240116::cord_internal::CordRep*> >::storage_.absl::lts_20240116::inlined_vector_internal::Storage<absl::lts_20240116::cord_internal::CordRep*, 47, std::allocator<absl::lts_20240116::cord_internal::CordRep*> >::data_.absl::lts_20240116::inlined_vector_internal::Storage<absl::lts_20240116::cord_internal::CordRep*, 47, std::allocator<absl::lts_20240116::cord_internal::CordRep*> >::Data::allocated.absl::lts_20240116::inlined_vector_internal::Storage<absl::lts_20240116::cord_internal::CordRep*, 47, std::allocator<absl::lts_20240116::cord_internal::CordRep*> >::Allocated::allocated_capacity' may be used uninitialized [-Wmaybe-uninitialized]
419 |     return data_.allocated.allocated_capacity;
^~~~~~~~~~~~~~~~~~
/home/runner/work/netdata/netdata/build/_deps/absl-src/absl/strings/cord.cc: In function 'std::string absl::lts_20240116::ReportError(absl::Nonnull<cord_internal::CordRep*>, absl::Nonnull<cord_internal::CordRep*>)':
/home/runner/work/netdata/netdata/build/_deps/absl-src/absl/strings/cord.cc:1454:53: note: 'stack' declared here
1454 absl::InlinedVector<CordRep*, kInlinedVectorSize> stack;
^~~~~
[172/1169] Linking CXX static library _deps/absl-build/absl/log/libabsl_log_internal_proto.a
[173/1169] Linking CXX static library _deps/absl-build/absl/log/libabsl_log_internal_log_sink_set.a
[174/1169] Building CXX object _deps/absl-build/absl/flags/CMakeFiles/absl_flags_marshalling.dir/marshalling.cc.o
[175/1169] Linking CXX static library _deps/absl-build/absl/log/libabsl_log_internal_nullguard.a
[176/1169] Building CXX object _deps/absl-build/absl/log/CMakeFiles/absl_log_internal_message.dir/internal/log_message.cc.o
[177/1169] Building CXX object _deps/absl-build/absl/status/CMakeFiles/absl_status.dir/status.cc.o
[178/1169] Linking CXX static library _deps/absl-build/absl/strings/libabsl_cord.a
[179/1169] Building CXX object _deps/absl-build/absl/status/CMakeFiles/absl_status.dir/internal/status_internal.cc.o
[180/1169] Building CXX object _deps/absl-build/absl/status/CMakeFiles/absl_status.dir/status_payload_printer.cc.o
[181/1169] Linking CXX static library _deps/absl-build/absl/container/libabsl_raw_hash_set.a
[182/1169] Building CXX object _deps/absl-build/absl/debugging/CMakeFiles/absl_leak_check.dir/leak_check.cc.o
[183/1169] Performing download step (download, verify and extract) for 'ebpf-co-re'
Downloading...
dst='/home/runner/work/netdata/netdata/build/ebpf-co-re-prefix/src/netdata-ebpf-co-re-glibc-v1.5.0.tar.xz'


src='https://github.com/netdata/ebpf-co-re/releases/download/v1.5.0/netdata-ebpf-co-re-glibc-v1.5.0.tar.xz'
6
12
17
24
28
41
48
55
61
68
75
82
89
96
100

file='/home/runner/work/netdata/netdata/build/ebpf-co-re-prefix/src/netdata-ebpf-co-re-glibc-v1.5.0.tar.xz'

extracting...
src='/home/runner/work/netdata/netdata/build/ebpf-co-re-prefix/src/netdata-ebpf-co-re-glibc-v1.5.0.tar.xz'
dst='/home/runner/work/netdata/netdata/build/ebpf-co-re'
[tar xfz]
[analysis]
[rename]
[clean up]
done
[184/1169] Linking CXX static library _deps/absl-build/absl/flags/libabsl_flags_config.a
[185/1169] Linking CXX static library _deps/absl-build/absl/flags/libabsl_flags_marshalling.a
[186/1169] Linking CXX static library _deps/absl-build/absl/flags/libabsl_flags_private_handle_accessor.a
[187/1169] Performing configure step for 'libbacktrace'
checking build system type... x86_64-pc-linux-gnu
checking host system type... x86_64-pc-linux-gnu
checking target system type... x86_64-pc-linux-gnu
gcc... gcc
the C compiler works...

suffix of executables...
we are cross compiling...

checking whether we are using the GNU C compiler... yes
gcc accepts -g...
checking for gcc option to accept ISO C89... none needed
checking whether gcc understands -c and -o together... yes
checking how to run the C preprocessor... gcc -E
checking for grep that handles long lines and -e... /usr/bin/grep
egrep... /usr/bin/grep -E
checking for ANSI C header files... yes
sys/types.h... yes
sys/stat.h... yes
stdlib.h... yes
string.h... yes
memory.h... yes
strings.h... yes
inttypes.h... yes
stdint.h... yes
unistd.h... yes
minix/config.h usability...
minix/config.h presence...
minix/config.h... no
checking whether it is safe to define __EXTENSIONS__... yes
checking for a BSD-compatible install... /usr/bin/install -c
build environment is sane...
checking for a thread-safe mkdir -p... /usr/bin/mkdir -p
gawk... gawk
make sets $(MAKE)...
make supports nested variables...

gcc... (cached) gcc
checking whether we are using the GNU C compiler... (cached) yes
gcc accepts -g... (cached)


ranlib... ranlib
gawk... (cached) gawk
dwz... no

checking for a sed that does not truncate output... /usr/bin/sed
fgrep... /usr/bin/grep -F
checking for ld used by gcc... /usr/bin/ld
checking if the linker (/usr/bin/ld) is GNU ld... yes
checking for BSD- or MS-compatible name lister (nm)... /usr/bin/nm -B
checking the name lister (/usr/bin/nm -B) interface... BSD nm
ln -s works...
3145728

the shell understands "+="...
checking for /usr/bin/ld option to reload object files... -r
objdump... objdump

ar... ar
strip... strip
ranlib... (cached) ranlib

dlfcn.h... yes
objdir... .libs
gcc -fno-rtti -fno-exceptions... no

PIC flag -fPIC -DPIC works...

checking if gcc supports -c -o file.o... yes
supports -c -o file.o... (cached)
checking whether the gcc linker (/usr/bin/ld -m elf_x86_64) supports shared libraries... yes


stripping libraries is possible...
libtool shared libraries... yes
to build shared libraries...
to build static libraries...
special C compiler options
FILE OFFSET BITS value
unwind.h usability...
unwind.h presence...
unwind.h... yes
Unwind Backtrace... yes
-funwind-tables option... yes
-frandom-seed=string option... yes
gcc supports -W...
gcc supports -Wall...
gcc supports -Wwrite-strings...
gcc supports -Wstrict-prototypes...
gcc supports -Wmissing-prototypes...
gcc supports -Wold-style-definition...
gcc supports -Wmissing-format-attribute...
gcc supports -Wcast-qual...
gcc supports -Wattributes...
checking whether gcc supports -Wunknown-attributes... no
gcc supports -Wpointer-arith...
Unwind GetIPInfo... yes
sync extensions...
atomic extensions...

sys/mman.h usability...
sys/mman.h presence...
sys/mman.h... yes
mmap... yes
link.h usability...
link.h presence...
link.h... yes
sys/link.h usability...
sys/link.h presence...
sys/link.h... no
checking for dl_iterate_phdr... yes
mach-o/dyld.h usability...
mach-o/dyld.h presence...
mach-o/dyld.h... no
sys/ldr.h usability...
sys/ldr.h presence...
sys/ldr.h... no
windows.h usability...
windows.h presence...
windows.h... no
tlhelp32.h... no
fcntl... yes
strnlen is declared...
getpagesize is declared...
lstat... yes
readlink... yes
getexecname... no

KERN PROC... no

clock gettime... yes
-pthread is supported...
-gdwarf-5 is supported...
checking for compress in -lz... yes
--build-id is supported...
--compress-debug-sections=zlib-gnu is supported...
--compress-debug-sections=zlib-gabi is supported...

--compress-debug-sections=zstd is supported...
objcopy... objcopy
readelf... readelf
objcopy supports debuglink...
dsymutil... no
nm... /usr/bin/nm -B
xz... xz
comm... comm

tests can run...


Makefile
backtrace-supported.h
install-debuginfo-for-buildid.sh
config.h
libtool
default
[188/1169] Building CXX object _deps/absl-build/absl/flags/CMakeFiles/absl_flags_internal.dir/internal/flag.cc.o
[189/1169] Performing download step (git clone) for 'libbpf'
Cloning into 'libbpf'...
1 4 6 10
[190/1169] Linking CXX static library _deps/absl-build/absl/log/libabsl_log_internal_conditions.a
[191/1169] Linking CXX static library _deps/absl-build/absl/log/libabsl_log_internal_message.a
[192/1169] Building CXX object _deps/absl-build/absl/log/CMakeFiles/absl_log_internal_check_op.dir/internal/check_op.cc.o
[193/1169] Building CXX object _deps/absl-build/absl/flags/CMakeFiles/absl_flags_reflection.dir/reflection.cc.o
[194/1169] Linking CXX static library _deps/absl-build/absl/status/libabsl_status.a
[195/1169] Building CXX object _deps/absl-build/absl/log/CMakeFiles/absl_die_if_null.dir/die_if_null.cc.o
[196/1169] Building CXX object _deps/absl-build/absl/log/CMakeFiles/absl_log_initialize.dir/initialize.cc.o
[197/1169] Performing update step for 'libbpf'
ad7c3a4266bf5ce301a5691eb7b405dbb27c7f3d
[198/1169] No update step for 'ebpf-co-re'
[199/1169] Creating directories for 'ebpf-code-legacy'
[200/1169] Linking CXX static library _deps/absl-build/absl/debugging/libabsl_leak_check.a
[201/1169] Linking CXX static library _deps/absl-build/absl/flags/libabsl_flags_reflection.a
[202/1169] Building CXX object _deps/protobuf-build/third_party/utf8_range/CMakeFiles/utf8_validity.dir/utf8_validity.cc.o
[203/1169] Performing build step for 'libbacktrace'
/bin/bash ./libtool  --tag=CC   --mode=compile gcc -DHAVE_CONFIG_H -I. -I/home/runner/work/netdata/netdata/build/libbacktrace-src    -funwind-tables -frandom-seed=atomic.lo -W -Wall -Wwrite-strings -Wstrict-prototypes -Wmissing-prototypes -Wold-style-definition -Wmissing-format-attribute -Wcast-qual -Wno-attributes -Wpointer-arith  -O1 -DNETDATA_INTERNAL_CHECKS=1 -DNETDATA_VERIFY_LOCKS=1 -c -o atomic.lo /home/runner/work/netdata/netdata/build/libbacktrace-src/atomic.c
libtool: compile:  gcc -DHAVE_CONFIG_H -I. -I/home/runner/work/netdata/netdata/build/libbacktrace-src -funwind-tables -frandom-seed=atomic.lo -W -Wall -Wwrite-strings -Wstrict-prototypes -Wmissing-prototypes -Wold-style-definition -Wmissing-format-attribute -Wcast-qual -Wno-attributes -Wpointer-arith -O1 -DNETDATA_INTERNAL_CHECKS=1 -DNETDATA_VERIFY_LOCKS=1 -c /home/runner/work/netdata/netdata/build/libbacktrace-src/atomic.c -o atomic.o
/bin/bash ./libtool  --tag=CC   --mode=compile gcc -DHAVE_CONFIG_H -I. -I/home/runner/work/netdata/netdata/build/libbacktrace-src    -funwind-tables -frandom-seed=dwarf.lo -W -Wall -Wwrite-strings -Wstrict-prototypes -Wmissing-prototypes -Wold-style-definition -Wmissing-format-attribute -Wcast-qual -Wno-attributes -Wpointer-arith  -O1 -DNETDATA_INTERNAL_CHECKS=1 -DNETDATA_VERIFY_LOCKS=1 -c -o dwarf.lo /home/runner/work/netdata/netdata/build/libbacktrace-src/dwarf.c
libtool: compile:  gcc -DHAVE_CONFIG_H -I. -I/home/runner/work/netdata/netdata/build/libbacktrace-src -funwind-tables -frandom-seed=dwarf.lo -W -Wall -Wwrite-strings -Wstrict-prototypes -Wmissing-prototypes -Wold-style-definition -Wmissing-format-attribute -Wcast-qual -Wno-attributes -Wpointer-arith -O1 -DNETDATA_INTERNAL_CHECKS=1 -DNETDATA_VERIFY_LOCKS=1 -c /home/runner/work/netdata/netdata/build/libbacktrace-src/dwarf.c -o dwarf.o
/bin/bash ./libtool  --tag=CC   --mode=compile gcc -DHAVE_CONFIG_H -I. -I/home/runner/work/netdata/netdata/build/libbacktrace-src    -funwind-tables -frandom-seed=fileline.lo -W -Wall -Wwrite-strings -Wstrict-prototypes -Wmissing-prototypes -Wold-style-definition -Wmissing-format-attribute -Wcast-qual -Wno-attributes -Wpointer-arith  -O1 -DNETDATA_INTERNAL_CHECKS=1 -DNETDATA_VERIFY_LOCKS=1 -c -o fileline.lo /home/runner/work/netdata/netdata/build/libbacktrace-src/fileline.c
libtool: compile:  gcc -DHAVE_CONFIG_H -I. -I/home/runner/work/netdata/netdata/build/libbacktrace-src -funwind-tables -frandom-seed=fileline.lo -W -Wall -Wwrite-strings -Wstrict-prototypes -Wmissing-prototypes -Wold-style-definition -Wmissing-format-attribute -Wcast-qual -Wno-attributes -Wpointer-arith -O1 -DNETDATA_INTERNAL_CHECKS=1 -DNETDATA_VERIFY_LOCKS=1 -c /home/runner/work/netdata/netdata/build/libbacktrace-src/fileline.c -o fileline.o
/bin/bash ./libtool  --tag=CC   --mode=compile gcc -DHAVE_CONFIG_H -I. -I/home/runner/work/netdata/netdata/build/libbacktrace-src    -funwind-tables -frandom-seed=posix.lo -W -Wall -Wwrite-strings -Wstrict-prototypes -Wmissing-prototypes -Wold-style-definition -Wmissing-format-attribute -Wcast-qual -Wno-attributes -Wpointer-arith  -O1 -DNETDATA_INTERNAL_CHECKS=1 -DNETDATA_VERIFY_LOCKS=1 -c -o posix.lo /home/runner/work/netdata/netdata/build/libbacktrace-src/posix.c
libtool: compile:  gcc -DHAVE_CONFIG_H -I. -I/home/runner/work/netdata/netdata/build/libbacktrace-src -funwind-tables -frandom-seed=posix.lo -W -Wall -Wwrite-strings -Wstrict-prototypes -Wmissing-prototypes -Wold-style-definition -Wmissing-format-attribute -Wcast-qual -Wno-attributes -Wpointer-arith -O1 -DNETDATA_INTERNAL_CHECKS=1 -DNETDATA_VERIFY_LOCKS=1 -c /home/runner/work/netdata/netdata/build/libbacktrace-src/posix.c -o posix.o
/bin/bash ./libtool  --tag=CC   --mode=compile gcc -DHAVE_CONFIG_H -I. -I/home/runner/work/netdata/netdata/build/libbacktrace-src    -funwind-tables -frandom-seed=print.lo -W -Wall -Wwrite-strings -Wstrict-prototypes -Wmissing-prototypes -Wold-style-definition -Wmissing-format-attribute -Wcast-qual -Wno-attributes -Wpointer-arith  -O1 -DNETDATA_INTERNAL_CHECKS=1 -DNETDATA_VERIFY_LOCKS=1 -c -o print.lo /home/runner/work/netdata/netdata/build/libbacktrace-src/print.c
libtool: compile:  gcc -DHAVE_CONFIG_H -I. -I/home/runner/work/netdata/netdata/build/libbacktrace-src -funwind-tables -frandom-seed=print.lo -W -Wall -Wwrite-strings -Wstrict-prototypes -Wmissing-prototypes -Wold-style-definition -Wmissing-format-attribute -Wcast-qual -Wno-attributes -Wpointer-arith -O1 -DNETDATA_INTERNAL_CHECKS=1 -DNETDATA_VERIFY_LOCKS=1 -c /home/runner/work/netdata/netdata/build/libbacktrace-src/print.c -o print.o
/bin/bash ./libtool  --tag=CC   --mode=compile gcc -DHAVE_CONFIG_H -I. -I/home/runner/work/netdata/netdata/build/libbacktrace-src    -funwind-tables -frandom-seed=sort.lo -W -Wall -Wwrite-strings -Wstrict-prototypes -Wmissing-prototypes -Wold-style-definition -Wmissing-format-attribute -Wcast-qual -Wno-attributes -Wpointer-arith  -O1 -DNETDATA_INTERNAL_CHECKS=1 -DNETDATA_VERIFY_LOCKS=1 -c -o sort.lo /home/runner/work/netdata/netdata/build/libbacktrace-src/sort.c
libtool: compile:  gcc -DHAVE_CONFIG_H -I. -I/home/runner/work/netdata/netdata/build/libbacktrace-src -funwind-tables -frandom-seed=sort.lo -W -Wall -Wwrite-strings -Wstrict-prototypes -Wmissing-prototypes -Wold-style-definition -Wmissing-format-attribute -Wcast-qual -Wno-attributes -Wpointer-arith -O1 -DNETDATA_INTERNAL_CHECKS=1 -DNETDATA_VERIFY_LOCKS=1 -c /home/runner/work/netdata/netdata/build/libbacktrace-src/sort.c -o sort.o
/bin/bash ./libtool  --tag=CC   --mode=compile gcc -DHAVE_CONFIG_H -I. -I/home/runner/work/netdata/netdata/build/libbacktrace-src    -funwind-tables -frandom-seed=state.lo -W -Wall -Wwrite-strings -Wstrict-prototypes -Wmissing-prototypes -Wold-style-definition -Wmissing-format-attribute -Wcast-qual -Wno-attributes -Wpointer-arith  -O1 -DNETDATA_INTERNAL_CHECKS=1 -DNETDATA_VERIFY_LOCKS=1 -c -o state.lo /home/runner/work/netdata/netdata/build/libbacktrace-src/state.c
libtool: compile:  gcc -DHAVE_CONFIG_H -I. -I/home/runner/work/netdata/netdata/build/libbacktrace-src -funwind-tables -frandom-seed=state.lo -W -Wall -Wwrite-strings -Wstrict-prototypes -Wmissing-prototypes -Wold-style-definition -Wmissing-format-attribute -Wcast-qual -Wno-attributes -Wpointer-arith -O1 -DNETDATA_INTERNAL_CHECKS=1 -DNETDATA_VERIFY_LOCKS=1 -c /home/runner/work/netdata/netdata/build/libbacktrace-src/state.c -o state.o
/bin/bash ./libtool  --tag=CC   --mode=compile gcc -DHAVE_CONFIG_H -I. -I/home/runner/work/netdata/netdata/build/libbacktrace-src    -funwind-tables -frandom-seed=backtrace.lo -W -Wall -Wwrite-strings -Wstrict-prototypes -Wmissing-prototypes -Wold-style-definition -Wmissing-format-attribute -Wcast-qual -Wno-attributes -Wpointer-arith  -O1 -DNETDATA_INTERNAL_CHECKS=1 -DNETDATA_VERIFY_LOCKS=1 -c -o backtrace.lo /home/runner/work/netdata/netdata/build/libbacktrace-src/backtrace.c
libtool: compile:  gcc -DHAVE_CONFIG_H -I. -I/home/runner/work/netdata/netdata/build/libbacktrace-src -funwind-tables -frandom-seed=backtrace.lo -W -Wall -Wwrite-strings -Wstrict-prototypes -Wmissing-prototypes -Wold-style-definition -Wmissing-format-attribute -Wcast-qual -Wno-attributes -Wpointer-arith -O1 -DNETDATA_INTERNAL_CHECKS=1 -DNETDATA_VERIFY_LOCKS=1 -c /home/runner/work/netdata/netdata/build/libbacktrace-src/backtrace.c -o backtrace.o
/bin/bash ./libtool  --tag=CC   --mode=compile gcc -DHAVE_CONFIG_H -I. -I/home/runner/work/netdata/netdata/build/libbacktrace-src    -funwind-tables -frandom-seed=simple.lo -W -Wall -Wwrite-strings -Wstrict-prototypes -Wmissing-prototypes -Wold-style-definition -Wmissing-format-attribute -Wcast-qual -Wno-attributes -Wpointer-arith  -O1 -DNETDATA_INTERNAL_CHECKS=1 -DNETDATA_VERIFY_LOCKS=1 -c -o simple.lo /home/runner/work/netdata/netdata/build/libbacktrace-src/simple.c
libtool: compile:  gcc -DHAVE_CONFIG_H -I. -I/home/runner/work/netdata/netdata/build/libbacktrace-src -funwind-tables -frandom-seed=simple.lo -W -Wall -Wwrite-strings -Wstrict-prototypes -Wmissing-prototypes -Wold-style-definition -Wmissing-format-attribute -Wcast-qual -Wno-attributes -Wpointer-arith -O1 -DNETDATA_INTERNAL_CHECKS=1 -DNETDATA_VERIFY_LOCKS=1 -c /home/runner/work/netdata/netdata/build/libbacktrace-src/simple.c -o simple.o
/bin/bash ./libtool  --tag=CC   --mode=compile gcc -DHAVE_CONFIG_H -I. -I/home/runner/work/netdata/netdata/build/libbacktrace-src    -funwind-tables -frandom-seed=elf.lo -W -Wall -Wwrite-strings -Wstrict-prototypes -Wmissing-prototypes -Wold-style-definition -Wmissing-format-attribute -Wcast-qual -Wno-attributes -Wpointer-arith  -O1 -DNETDATA_INTERNAL_CHECKS=1 -DNETDATA_VERIFY_LOCKS=1 -c -o elf.lo /home/runner/work/netdata/netdata/build/libbacktrace-src/elf.c
libtool: compile:  gcc -DHAVE_CONFIG_H -I. -I/home/runner/work/netdata/netdata/build/libbacktrace-src -funwind-tables -frandom-seed=elf.lo -W -Wall -Wwrite-strings -Wstrict-prototypes -Wmissing-prototypes -Wold-style-definition -Wmissing-format-attribute -Wcast-qual -Wno-attributes -Wpointer-arith -O1 -DNETDATA_INTERNAL_CHECKS=1 -DNETDATA_VERIFY_LOCKS=1 -c /home/runner/work/netdata/netdata/build/libbacktrace-src/elf.c -o elf.o
/bin/bash ./libtool  --tag=CC   --mode=compile gcc -DHAVE_CONFIG_H -I. -I/home/runner/work/netdata/netdata/build/libbacktrace-src    -funwind-tables -frandom-seed=mmapio.lo -W -Wall -Wwrite-strings -Wstrict-prototypes -Wmissing-prototypes -Wold-style-definition -Wmissing-format-attribute -Wcast-qual -Wno-attributes -Wpointer-arith  -O1 -DNETDATA_INTERNAL_CHECKS=1 -DNETDATA_VERIFY_LOCKS=1 -c -o mmapio.lo /home/runner/work/netdata/netdata/build/libbacktrace-src/mmapio.c
libtool: compile:  gcc -DHAVE_CONFIG_H -I. -I/home/runner/work/netdata/netdata/build/libbacktrace-src -funwind-tables -frandom-seed=mmapio.lo -W -Wall -Wwrite-strings -Wstrict-prototypes -Wmissing-prototypes -Wold-style-definition -Wmissing-format-attribute -Wcast-qual -Wno-attributes -Wpointer-arith -O1 -DNETDATA_INTERNAL_CHECKS=1 -DNETDATA_VERIFY_LOCKS=1 -c /home/runner/work/netdata/netdata/build/libbacktrace-src/mmapio.c -o mmapio.o
/bin/bash ./libtool  --tag=CC   --mode=compile gcc -DHAVE_CONFIG_H -I. -I/home/runner/work/netdata/netdata/build/libbacktrace-src    -funwind-tables -frandom-seed=mmap.lo -W -Wall -Wwrite-strings -Wstrict-prototypes -Wmissing-prototypes -Wold-style-definition -Wmissing-format-attribute -Wcast-qual -Wno-attributes -Wpointer-arith  -O1 -DNETDATA_INTERNAL_CHECKS=1 -DNETDATA_VERIFY_LOCKS=1 -c -o mmap.lo /home/runner/work/netdata/netdata/build/libbacktrace-src/mmap.c
libtool: compile:  gcc -DHAVE_CONFIG_H -I. -I/home/runner/work/netdata/netdata/build/libbacktrace-src -funwind-tables -frandom-seed=mmap.lo -W -Wall -Wwrite-strings -Wstrict-prototypes -Wmissing-prototypes -Wold-style-definition -Wmissing-format-attribute -Wcast-qual -Wno-attributes -Wpointer-arith -O1 -DNETDATA_INTERNAL_CHECKS=1 -DNETDATA_VERIFY_LOCKS=1 -c /home/runner/work/netdata/netdata/build/libbacktrace-src/mmap.c -o mmap.o
/bin/bash ./libtool  --tag=CC   --mode=link gcc -funwind-tables -frandom-seed=libbacktrace.la -W -Wall -Wwrite-strings -Wstrict-prototypes -Wmissing-prototypes -Wold-style-definition -Wmissing-format-attribute -Wcast-qual -Wno-attributes -Wpointer-arith  -O1 -DNETDATA_INTERNAL_CHECKS=1 -DNETDATA_VERIFY_LOCKS=1   -o libbacktrace.la -rpath /home/runner/work/netdata/netdata/build/libbacktrace-install/lib atomic.lo dwarf.lo fileline.lo posix.lo print.lo sort.lo state.lo backtrace.lo simple.lo elf.lo mmapio.lo mmap.lo
libtool: link: ar --plugin /usr/libexec/gcc/x86_64-linux-gnu/13/liblto_plugin.so cru .libs/libbacktrace.a  atomic.o dwarf.o fileline.o posix.o print.o sort.o state.o backtrace.o simple.o elf.o mmapio.o mmap.o

libtool: link: ranlib --plugin /usr/libexec/gcc/x86_64-linux-gnu/13/liblto_plugin.so .libs/libbacktrace.a

1 Entering '/home/runner/work/netdata/netdata/build/libbacktrace-build'
/usr/bin/mkdir -p '/home/runner/work/netdata/netdata/build/libbacktrace-install/lib'
/bin/bash ./libtool   --mode=install /usr/bin/install -c   libbacktrace.la '/home/runner/work/netdata/netdata/build/libbacktrace-install/lib'
.libs/libbacktrace.lai /home/runner/work/netdata/netdata/build/libbacktrace-install/lib/libbacktrace.la
.libs/libbacktrace.a /home/runner/work/netdata/netdata/build/libbacktrace-install/lib/libbacktrace.a
libtool: install: chmod 644 /home/runner/work/netdata/netdata/build/libbacktrace-install/lib/libbacktrace.a
libtool: install: ranlib --plugin /usr/libexec/gcc/x86_64-linux-gnu/13/liblto_plugin.so /home/runner/work/netdata/netdata/build/libbacktrace-install/lib/libbacktrace.a
libtool: finish: PATH="/snap/bin:/home/runner/.local/bin:/opt/pipx_bin:/home/runner/.cargo/bin:/home/runner/.config/composer/vendor/bin:/usr/local/.ghcup/bin:/home/runner/.dotnet/tools:/usr/local/sbin:/usr/local/bin:/usr/sbin:/usr/bin:/sbin:/bin:/usr/games:/usr/local/games:/snap/bin:/sbin" ldconfig -n /home/runner/work/netdata/netdata/build/libbacktrace-install/lib


/home/runner/work/netdata/netdata/build/libbacktrace-install/lib
2025-04-15T08:26:52.3196896Z




LIBRARY
execution
RUN
linking

- have your system administrator add LIBDIR to `/etc/ld.so.conf'
2025-04-15T08:26:52.3202701Z

1 8

/usr/bin/mkdir -p '/home/runner/work/netdata/netdata/build/libbacktrace-install/include'
/usr/bin/install -c -m 644 /home/runner/work/netdata/netdata/build/libbacktrace-src/backtrace.h backtrace-supported.h '/home/runner/work/netdata/netdata/build/libbacktrace-install/include'
1 Leaving '/home/runner/work/netdata/netdata/build/libbacktrace-build'
[204/1169] No install step for 'libbacktrace'
[205/1169] Linking CXX static library _deps/absl-build/absl/flags/libabsl_flags_internal.a
[206/1169] Linking CXX static library _deps/absl-build/absl/log/libabsl_log_internal_check_op.a
[207/1169] Linking CXX static library _deps/absl-build/absl/log/libabsl_die_if_null.a
[208/1169] Linking CXX static library _deps/absl-build/absl/log/libabsl_log_initialize.a
[209/1169] Building CXX object _deps/absl-build/absl/status/CMakeFiles/absl_statusor.dir/statusor.cc.o
[210/1169] Linking CXX static library _deps/absl-build/absl/status/libabsl_statusor.a
[211/1169] Building CXX object _deps/protobuf-build/CMakeFiles/libprotobuf.dir/src/google/protobuf/any.pb.cc.o
[212/1169] Building CXX object _deps/protobuf-build/CMakeFiles/libprotobuf.dir/src/google/protobuf/duration.pb.cc.o
[213/1169] Building CXX object _deps/protobuf-build/CMakeFiles/libprotobuf.dir/src/google/protobuf/api.pb.cc.o
[214/1169] Building CXX object _deps/protobuf-build/CMakeFiles/libprotobuf.dir/src/google/protobuf/empty.pb.cc.o
[215/1169] Building CXX object _deps/protobuf-build/CMakeFiles/libprotobuf.dir/src/google/protobuf/field_mask.pb.cc.o
[216/1169] Building CXX object _deps/protobuf-build/CMakeFiles/libprotobuf.dir/src/google/protobuf/source_context.pb.cc.o
[217/1169] Building CXX object _deps/protobuf-build/CMakeFiles/libprotobuf.dir/src/google/protobuf/timestamp.pb.cc.o
[218/1169] Building CXX object _deps/protobuf-build/CMakeFiles/libprotobuf.dir/src/google/protobuf/struct.pb.cc.o
[219/1169] Building CXX object _deps/protobuf-build/CMakeFiles/libprotobuf.dir/src/google/protobuf/any.cc.o
[220/1169] Building CXX object _deps/protobuf-build/CMakeFiles/libprotobuf.dir/src/google/protobuf/wrappers.pb.cc.o
[221/1169] Building CXX object _deps/protobuf-build/CMakeFiles/libprotobuf.dir/src/google/protobuf/type.pb.cc.o
[222/1169] Building CXX object _deps/protobuf-build/CMakeFiles/libprotobuf.dir/src/google/protobuf/any_lite.cc.o
[223/1169] Building CXX object _deps/protobuf-build/CMakeFiles/libprotobuf.dir/src/google/protobuf/arena_align.cc.o
[224/1169] Building CXX object _deps/protobuf-build/CMakeFiles/libprotobuf.dir/src/google/protobuf/arenaz_sampler.cc.o
[225/1169] Building CXX object _deps/protobuf-build/CMakeFiles/libprotobuf.dir/src/google/protobuf/arena.cc.o
[226/1169] Building CXX object _deps/protobuf-build/CMakeFiles/libprotobuf.dir/src/google/protobuf/arenastring.cc.o
[227/1169] Building CXX object _deps/protobuf-build/CMakeFiles/libprotobuf.dir/src/google/protobuf/compiler/importer.cc.o
[228/1169] Building CXX object _deps/protobuf-build/CMakeFiles/libprotobuf.dir/src/google/protobuf/cpp_features.pb.cc.o
[229/1169] Building CXX object _deps/protobuf-build/CMakeFiles/libprotobuf.dir/src/google/protobuf/compiler/parser.cc.o
[230/1169] Building CXX object _deps/protobuf-build/CMakeFiles/libprotobuf.dir/src/google/protobuf/dynamic_message.cc.o
[231/1169] Building CXX object _deps/protobuf-build/CMakeFiles/libprotobuf.dir/src/google/protobuf/descriptor.pb.cc.o
[232/1169] Building CXX object _deps/protobuf-build/CMakeFiles/libprotobuf.dir/src/google/protobuf/descriptor_database.cc.o
[233/1169] Building CXX object _deps/protobuf-build/CMakeFiles/libprotobuf.dir/src/google/protobuf/extension_set_heavy.cc.o
[234/1169] Building CXX object _deps/protobuf-build/CMakeFiles/libprotobuf.dir/src/google/protobuf/generated_enum_util.cc.o
[235/1169] Building CXX object _deps/protobuf-build/CMakeFiles/libprotobuf.dir/src/google/protobuf/extension_set.cc.o
[236/1169] Building CXX object _deps/protobuf-build/CMakeFiles/libprotobuf.dir/src/google/protobuf/feature_resolver.cc.o
[237/1169] Building CXX object _deps/protobuf-build/CMakeFiles/libprotobuf.dir/src/google/protobuf/generated_message_bases.cc.o
[238/1169] Building CXX object _deps/protobuf-build/CMakeFiles/libprotobuf.dir/src/google/protobuf/generated_message_tctable_full.cc.o
[239/1169] Building CXX object _deps/protobuf-build/CMakeFiles/libprotobuf.dir/src/google/protobuf/generated_message_tctable_gen.cc.o
[240/1169] Building CXX object _deps/protobuf-build/CMakeFiles/libprotobuf.dir/src/google/protobuf/generated_message_util.cc.o
[241/1169] Building CXX object _deps/protobuf-build/CMakeFiles/libprotobuf.dir/src/google/protobuf/descriptor.cc.o
[242/1169] Building CXX object _deps/protobuf-build/CMakeFiles/libprotobuf.dir/src/google/protobuf/implicit_weak_message.cc.o
[243/1169] Building CXX object _deps/protobuf-build/CMakeFiles/libprotobuf.dir/src/google/protobuf/generated_message_reflection.cc.o
[244/1169] Building CXX object _deps/protobuf-build/CMakeFiles/libprotobuf.dir/src/google/protobuf/inlined_string_field.cc.o
[245/1169] Building CXX object _deps/protobuf-build/CMakeFiles/libprotobuf.dir/src/google/protobuf/internal_message_util.cc.o
[246/1169] Building CXX object _deps/protobuf-build/CMakeFiles/libprotobuf.dir/src/google/protobuf/io/io_win32.cc.o
[247/1169] Building CXX object _deps/protobuf-build/CMakeFiles/libprotobuf.dir/src/google/protobuf/io/gzip_stream.cc.o
[248/1169] Building CXX object _deps/protobuf-build/CMakeFiles/libprotobuf.dir/src/google/protobuf/generated_message_tctable_lite.cc.o
In file included from /home/runner/work/netdata/netdata/build/_deps/protobuf-src/src/google/protobuf/generated_message_tctable_decl.h:22,
from /home/runner/work/netdata/netdata/build/_deps/protobuf-src/src/google/protobuf/generated_message_tctable_lite.cc:22:
/home/runner/work/netdata/netdata/build/_deps/protobuf-src/src/google/protobuf/parse_context.h:1125:1: warning: 'always_inline' function might not be inlinable [-Wattributes]
1125
^~~~~~~~~~~~
/home/runner/work/netdata/netdata/build/_deps/protobuf-src/src/google/protobuf/parse_context.h:1125:1: warning: 'always_inline' function might not be inlinable [-Wattributes]
/home/runner/work/netdata/netdata/build/_deps/protobuf-src/src/google/protobuf/generated_message_tctable_lite.cc:830:36: warning: 'always_inline' function might not be inlinable [-Wattributes]
830
^~~~~~~~
/home/runner/work/netdata/netdata/build/_deps/protobuf-src/src/google/protobuf/generated_message_tctable_lite.cc:830:36: warning: 'always_inline' function might not be inlinable [-Wattributes]
/home/runner/work/netdata/netdata/build/_deps/protobuf-src/src/google/protobuf/generated_message_tctable_lite.cc:753:29: warning: 'always_inline' function might not be inlinable [-Wattributes]
753
^~~~~~~~~~~~~~
/home/runner/work/netdata/netdata/build/_deps/protobuf-src/src/google/protobuf/generated_message_tctable_lite.cc:741:29: warning: 'always_inline' function might not be inlinable [-Wattributes]
741
^~~~~~~~~~~~~~~~
[249/1169] Building CXX object _deps/protobuf-build/CMakeFiles/libprotobuf.dir/src/google/protobuf/io/coded_stream.cc.o
[250/1169] Building CXX object _deps/protobuf-build/CMakeFiles/libprotobuf.dir/src/google/protobuf/io/strtod.cc.o
[251/1169] Building CXX object _deps/protobuf-build/CMakeFiles/libprotobuf.dir/src/google/protobuf/io/zero_copy_sink.cc.o
[252/1169] Building CXX object _deps/protobuf-build/CMakeFiles/libprotobuf.dir/src/google/protobuf/io/tokenizer.cc.o
[253/1169] Building CXX object _deps/protobuf-build/CMakeFiles/libprotobuf.dir/src/google/protobuf/io/zero_copy_stream.cc.o
[254/1169] Building CXX object _deps/protobuf-build/CMakeFiles/libprotobuf.dir/src/google/protobuf/io/zero_copy_stream_impl.cc.o
[255/1169] Building CXX object _deps/protobuf-build/CMakeFiles/libprotobuf.dir/src/google/protobuf/io/zero_copy_stream_impl_lite.cc.o
[256/1169] Building CXX object _deps/protobuf-build/CMakeFiles/libprotobuf.dir/src/google/protobuf/json/internal/message_path.cc.o
[257/1169] Building CXX object _deps/protobuf-build/CMakeFiles/libprotobuf.dir/src/google/protobuf/io/printer.cc.o
[258/1169] Building CXX object _deps/protobuf-build/CMakeFiles/libprotobuf.dir/src/google/protobuf/json/internal/lexer.cc.o
[259/1169] Building CXX object _deps/protobuf-build/CMakeFiles/libprotobuf.dir/src/google/protobuf/json/internal/writer.cc.o
[260/1169] Building CXX object _deps/protobuf-build/CMakeFiles/libprotobuf.dir/src/google/protobuf/json/internal/zero_copy_buffered_stream.cc.o
[261/1169] Building CXX object _deps/protobuf-build/CMakeFiles/libprotobuf.dir/src/google/protobuf/json/json.cc.o
[262/1169] Building CXX object _deps/protobuf-build/CMakeFiles/libprotobuf.dir/src/google/protobuf/json/internal/unparser.cc.o
[263/1169] Building CXX object _deps/protobuf-build/CMakeFiles/libprotobuf.dir/src/google/protobuf/json/internal/parser.cc.o
[264/1169] Building CXX object _deps/protobuf-build/CMakeFiles/libprotobuf.dir/src/google/protobuf/json/internal/untyped_message.cc.o
[265/1169] Building CXX object _deps/protobuf-build/CMakeFiles/libprotobuf.dir/src/google/protobuf/map.cc.o
[266/1169] Building CXX object _deps/protobuf-build/CMakeFiles/libprotobuf.dir/src/google/protobuf/message_lite.cc.o
/home/runner/work/netdata/netdata/build/_deps/protobuf-src/src/google/protobuf/message_lite.cc: In member function 'int google::protobuf::MessageLite::GetCachedSize() const':
/home/runner/work/netdata/netdata/build/_deps/protobuf-src/src/google/protobuf/message_lite.cc:69:70: warning: 'int google::protobuf::MessageLite::ByteSize() const' is deprecated: Please use ByteSizeLong() instead [-Wdeprecated-declarations]
69
~~~~~~~~^~
In file included from /home/runner/work/netdata/netdata/build/_deps/protobuf-src/src/google/protobuf/message_lite.cc:13:
/home/runner/work/netdata/netdata/build/_deps/protobuf-src/src/google/protobuf/message_lite.h:454:59: note: declared here
454
^~~~~~~~
[267/1169] Building CXX object _deps/protobuf-build/CMakeFiles/libprotobuf.dir/src/google/protobuf/port.cc.o
[268/1169] Building CXX object _deps/protobuf-build/CMakeFiles/libprotobuf.dir/src/google/protobuf/map_field.cc.o
[269/1169] Building CXX object _deps/protobuf-build/CMakeFiles/libprotobuf.dir/src/google/protobuf/raw_ptr.cc.o
[270/1169] Building CXX object _deps/protobuf-build/CMakeFiles/libprotobuf.dir/src/google/protobuf/reflection_mode.cc.o
[271/1169] Building CXX object _deps/protobuf-build/CMakeFiles/libprotobuf.dir/src/google/protobuf/parse_context.cc.o
[272/1169] Building CXX object _deps/protobuf-build/CMakeFiles/libprotobuf.dir/src/google/protobuf/repeated_field.cc.o
[273/1169] Building CXX object _deps/protobuf-build/CMakeFiles/libprotobuf.dir/src/google/protobuf/message.cc.o
[274/1169] Building CXX object _deps/protobuf-build/CMakeFiles/libprotobuf.dir/src/google/protobuf/service.cc.o
[275/1169] Building CXX object _deps/protobuf-build/CMakeFiles/libprotobuf.dir/src/google/protobuf/repeated_ptr_field.cc.o
[276/1169] Building CXX object _deps/protobuf-build/CMakeFiles/libprotobuf.dir/src/google/protobuf/stubs/common.cc.o
[277/1169] Building CXX object _deps/protobuf-build/CMakeFiles/libprotobuf.dir/src/google/protobuf/reflection_ops.cc.o
[278/1169] Building CXX object _deps/protobuf-build/CMakeFiles/libprotobuf.dir/src/google/protobuf/util/delimited_message_util.cc.o
[279/1169] Building CXX object _deps/protobuf-build/CMakeFiles/libprotobuf.dir/src/google/protobuf/unknown_field_set.cc.o
[280/1169] Building CXX object _deps/protobuf-build/CMakeFiles/libprotobuf.dir/src/google/protobuf/util/field_comparator.cc.o
[281/1169] Building CXX object _deps/protobuf-build/CMakeFiles/libprotobuf.dir/src/google/protobuf/util/time_util.cc.o
[282/1169] Building CXX object _deps/protobuf-build/CMakeFiles/libprotobuf.dir/src/google/protobuf/util/field_mask_util.cc.o
[283/1169] Building CXX object _deps/protobuf-build/CMakeFiles/libprotobuf.dir/src/google/protobuf/text_format.cc.o
[284/1169] Building CXX object _deps/protobuf-build/CMakeFiles/libprotobuf.dir/src/google/protobuf/util/type_resolver_util.cc.o
[285/1169] Linking CXX static library _deps/protobuf-build/third_party/utf8_range/libutf8_validity.a
[286/1169] Building CXX object _deps/protobuf-build/CMakeFiles/libprotobuf.dir/src/google/protobuf/wire_format_lite.cc.o
[287/1169] Building C object CMakeFiles/judy.dir/src/libnetdata/libjudy/vendored/JudyCommon/JudyMalloc.c.o
[288/1169] Building C object CMakeFiles/judy.dir/src/libnetdata/libjudy/vendored/JudyL/JudyLByCount.c.o
[289/1169] Building C object CMakeFiles/judy.dir/src/libnetdata/libjudy/vendored/JudyL/JudyLCascade.c.o
[290/1169] Building C object CMakeFiles/judy.dir/src/libnetdata/libjudy/vendored/JudyL/JudyLCount.c.o
[291/1169] Building C object CMakeFiles/judy.dir/src/libnetdata/libjudy/vendored/JudyL/JudyLCreateBranch.c.o
[292/1169] Building C object CMakeFiles/judy.dir/src/libnetdata/libjudy/vendored/JudyL/JudyLDecascade.c.o
[293/1169] Building C object CMakeFiles/judy.dir/src/libnetdata/libjudy/vendored/JudyL/JudyLFirst.c.o
[294/1169] Building C object CMakeFiles/judy.dir/src/libnetdata/libjudy/vendored/JudyL/JudyLFreeArray.c.o
[295/1169] Building C object CMakeFiles/judy.dir/src/libnetdata/libjudy/vendored/JudyL/j__udyLGet.c.o
[296/1169] Building CXX object _deps/protobuf-build/CMakeFiles/libprotobuf.dir/src/google/protobuf/util/message_differencer.cc.o
[297/1169] Building C object CMakeFiles/judy.dir/src/libnetdata/libjudy/vendored/JudyL/JudyLGet.c.o
[298/1169] Building C object CMakeFiles/judy.dir/src/libnetdata/libjudy/vendored/JudyL/JudyLInsArray.c.o
[299/1169] Building C object CMakeFiles/judy.dir/src/libnetdata/libjudy/vendored/JudyL/JudyLInsertBranch.c.o
[300/1169] Building C object CMakeFiles/judy.dir/src/libnetdata/libjudy/vendored/JudyL/JudyLMallocIF.c.o
[301/1169] Building C object CMakeFiles/judy.dir/src/libnetdata/libjudy/vendored/JudyL/JudyLMemActive.c.o
[302/1169] Building C object CMakeFiles/judy.dir/src/libnetdata/libjudy/vendored/JudyL/JudyLMemUsed.c.o
[303/1169] Building C object CMakeFiles/judy.dir/src/libnetdata/libjudy/vendored/JudyL/JudyLTables.c.o
[304/1169] Building CXX object _deps/protobuf-build/CMakeFiles/libprotobuf.dir/src/google/protobuf/wire_format.cc.o
[305/1169] Building C object CMakeFiles/judy.dir/src/libnetdata/libjudy/vendored/JudyL/JudyLDel.c.o
[306/1169] Building C object CMakeFiles/judy.dir/src/libnetdata/libjudy/vendored/JudyHS/JudyHS.c.o
[307/1169] Building C object CMakeFiles/judy.dir/src/libnetdata/libjudy/vendored/JudyL/JudyLIns.c.o
[308/1169] Building C object CMakeFiles/judy.dir/src/libnetdata/libjudy/vendored/JudyL/JudyLPrevEmpty.c.o
[309/1169] No patch step for 'libbpf'
[310/1169] No patch step for 'ebpf-co-re'
[311/1169] Building C object CMakeFiles/judy.dir/src/libnetdata/libjudy/vendored/JudyL/JudyLPrev.c.o
[312/1169] Completed 'libbacktrace'
[313/1169] Building C object CMakeFiles/judy.dir/src/libnetdata/libjudy/vendored/JudyL/JudyLNext.c.o
[314/1169] Performing download step (download, verify and extract) for 'ebpf-code-legacy'
Downloading...
dst='/home/runner/work/netdata/netdata/build/ebpf-code-legacy-prefix/src/netdata-kernel-collector-glibc-v1.5.0.tar.xz'


src='https://github.com/netdata/kernel-collector/releases/download/v1.5.0/netdata-kernel-collector-glibc-v1.5.0.tar.xz'
1
2
3
4
5
6
7
8
9
10
11
12
13
14
15
16
17
18
19
20
21
22
23
24
25
26
27
28
29
30
31
32
33
34
35
36
37
38
39
40
41
42
43
44
45
46
47
48
49
50
51
52
53
54
55
56
57
58
59
60
61
62
63
64
65
66
67
68
69
70
71
72
73
74
75
76
77
78
79
80
81
82
83
84
85
86
87
88
89
90
91
92
93
94
95
96
97
98
99
100

file='/home/runner/work/netdata/netdata/build/ebpf-code-legacy-prefix/src/netdata-kernel-collector-glibc-v1.5.0.tar.xz'

extracting...
src='/home/runner/work/netdata/netdata/build/ebpf-code-legacy-prefix/src/netdata-kernel-collector-glibc-v1.5.0.tar.xz'
dst='/home/runner/work/netdata/netdata/build/ebpf-legacy'
[tar xfz]
[analysis]
[rename]
[clean up]
done
[315/1169] Building C object CMakeFiles/judy.dir/src/libnetdata/libjudy/vendored/JudyL/JudyLNextEmpty.c.o
[316/1169] Building CXX object _deps/protobuf-build/CMakeFiles/libprotoc.dir/src/google/protobuf/compiler/allowlists/editions.cc.o
[317/1169] Building CXX object _deps/protobuf-build/CMakeFiles/libprotoc.dir/src/google/protobuf/compiler/allowlists/empty_package.cc.o
[318/1169] Building CXX object _deps/protobuf-build/CMakeFiles/libprotoc.dir/src/google/protobuf/compiler/allowlists/open_enum.cc.o
[319/1169] Building CXX object _deps/protobuf-build/CMakeFiles/libprotoc.dir/src/google/protobuf/compiler/allowlists/unused_imports.cc.o
[320/1169] Linking CXX static library _deps/protobuf-build/libprotobufd.a
[321/1169] Building CXX object _deps/protobuf-build/CMakeFiles/libprotoc.dir/src/google/protobuf/compiler/allowlists/weak_imports.cc.o
[322/1169] Building CXX object _deps/protobuf-build/CMakeFiles/libprotoc.dir/src/google/protobuf/compiler/code_generator.cc.o
[323/1169] Building CXX object _deps/protobuf-build/CMakeFiles/libprotoc.dir/src/google/protobuf/compiler/cpp/extension.cc.o
[324/1169] Building CXX object _deps/protobuf-build/CMakeFiles/libprotoc.dir/src/google/protobuf/compiler/cpp/enum.cc.o
[325/1169] Building CXX object _deps/protobuf-build/CMakeFiles/libprotoc.dir/src/google/protobuf/compiler/cpp/field.cc.o
[326/1169] Building CXX object _deps/protobuf-build/CMakeFiles/libprotoc.dir/src/google/protobuf/compiler/cpp/field_generators/cord_field.cc.o
[327/1169] Building CXX object _deps/protobuf-build/CMakeFiles/libprotoc.dir/src/google/protobuf/compiler/command_line_interface.cc.o
[328/1169] Building CXX object _deps/protobuf-build/CMakeFiles/libprotoc.dir/src/google/protobuf/compiler/cpp/field_generators/enum_field.cc.o
[329/1169] Building CXX object _deps/protobuf-build/CMakeFiles/libprotoc.dir/src/google/protobuf/compiler/cpp/field_generators/map_field.cc.o
[330/1169] Building CXX object _deps/protobuf-build/CMakeFiles/libprotoc.dir/src/google/protobuf/compiler/cpp/field_generators/message_field.cc.o
[331/1169] Building CXX object _deps/protobuf-build/CMakeFiles/libprotoc.dir/src/google/protobuf/compiler/cpp/field_generators/primitive_field.cc.o
[332/1169] Building CXX object _deps/protobuf-build/CMakeFiles/libprotoc.dir/src/google/protobuf/compiler/cpp/field_generators/string_field.cc.o
[333/1169] Building CXX object _deps/protobuf-build/CMakeFiles/libprotoc.dir/src/google/protobuf/compiler/cpp/generator.cc.o
[334/1169] Building CXX object _deps/protobuf-build/CMakeFiles/libprotoc.dir/src/google/protobuf/compiler/cpp/padding_optimizer.cc.o
[335/1169] Building CXX object _deps/protobuf-build/CMakeFiles/libprotoc.dir/src/google/protobuf/compiler/cpp/helpers.cc.o
[336/1169] Building CXX object _deps/protobuf-build/CMakeFiles/libprotoc.dir/src/google/protobuf/compiler/cpp/file.cc.o
[337/1169] Building CXX object _deps/protobuf-build/CMakeFiles/libprotoc.dir/src/google/protobuf/compiler/cpp/service.cc.o
[338/1169] Building CXX object _deps/protobuf-build/CMakeFiles/libprotoc.dir/src/google/protobuf/compiler/cpp/parse_function_generator.cc.o
[339/1169] Building CXX object _deps/protobuf-build/CMakeFiles/libprotoc.dir/src/google/protobuf/compiler/csharp/csharp_doc_comment.cc.o
[340/1169] Building CXX object _deps/protobuf-build/CMakeFiles/libprotoc.dir/src/google/protobuf/compiler/cpp/tracker.cc.o
[341/1169] Building CXX object _deps/protobuf-build/CMakeFiles/libprotoc.dir/src/google/protobuf/compiler/cpp/message.cc.o
[342/1169] Building CXX object _deps/protobuf-build/CMakeFiles/libprotoc.dir/src/google/protobuf/compiler/csharp/csharp_enum.cc.o
[343/1169] Building CXX object _deps/protobuf-build/CMakeFiles/libprotoc.dir/src/google/protobuf/compiler/csharp/csharp_enum_field.cc.o
[344/1169] Building CXX object _deps/protobuf-build/CMakeFiles/libprotoc.dir/src/google/protobuf/compiler/csharp/csharp_generator.cc.o
[345/1169] Building CXX object _deps/protobuf-build/CMakeFiles/libprotoc.dir/src/google/protobuf/compiler/csharp/csharp_helpers.cc.o
[346/1169] Building CXX object _deps/protobuf-build/CMakeFiles/libprotoc.dir/src/google/protobuf/compiler/csharp/csharp_field_base.cc.o
[347/1169] Building CXX object _deps/protobuf-build/CMakeFiles/libprotoc.dir/src/google/protobuf/compiler/csharp/csharp_map_field.cc.o
[348/1169] Building CXX object _deps/protobuf-build/CMakeFiles/libprotoc.dir/src/google/protobuf/compiler/csharp/csharp_message_field.cc.o
[349/1169] Building CXX object _deps/protobuf-build/CMakeFiles/libprotoc.dir/src/google/protobuf/compiler/csharp/csharp_message.cc.o
[350/1169] Building CXX object _deps/protobuf-build/CMakeFiles/libprotoc.dir/src/google/protobuf/compiler/csharp/csharp_primitive_field.cc.o
[351/1169] Building CXX object _deps/protobuf-build/CMakeFiles/libprotoc.dir/src/google/protobuf/compiler/csharp/csharp_reflection_class.cc.o
[352/1169] Building CXX object _deps/protobuf-build/CMakeFiles/libprotoc.dir/src/google/protobuf/compiler/csharp/csharp_repeated_enum_field.cc.o
[353/1169] Building CXX object _deps/protobuf-build/CMakeFiles/libprotoc.dir/src/google/protobuf/compiler/csharp/csharp_repeated_primitive_field.cc.o
[354/1169] Building CXX object _deps/protobuf-build/CMakeFiles/libprotoc.dir/src/google/protobuf/compiler/csharp/csharp_repeated_message_field.cc.o
[355/1169] Building CXX object _deps/protobuf-build/CMakeFiles/libprotoc.dir/src/google/protobuf/compiler/csharp/csharp_source_generator_base.cc.o
[356/1169] Building CXX object _deps/protobuf-build/CMakeFiles/libprotoc.dir/src/google/protobuf/compiler/csharp/names.cc.o
[357/1169] Building CXX object _deps/protobuf-build/CMakeFiles/libprotoc.dir/src/google/protobuf/compiler/csharp/csharp_wrapper_field.cc.o
[358/1169] Building CXX object _deps/protobuf-build/CMakeFiles/libprotoc.dir/src/google/protobuf/compiler/java/context.cc.o
[359/1169] Building CXX object _deps/protobuf-build/CMakeFiles/libprotoc.dir/src/google/protobuf/compiler/java/doc_comment.cc.o
[360/1169] Building CXX object _deps/protobuf-build/CMakeFiles/libprotoc.dir/src/google/protobuf/compiler/java/enum.cc.o
[361/1169] Building CXX object _deps/protobuf-build/CMakeFiles/libprotoc.dir/src/google/protobuf/compiler/java/enum_field.cc.o
[362/1169] Building CXX object _deps/protobuf-build/CMakeFiles/libprotoc.dir/src/google/protobuf/compiler/java/enum_lite.cc.o
[363/1169] Building CXX object _deps/protobuf-build/CMakeFiles/libprotoc.dir/src/google/protobuf/compiler/java/enum_field_lite.cc.o
[364/1169] Building CXX object _deps/protobuf-build/CMakeFiles/libprotoc.dir/src/google/protobuf/compiler/java/extension.cc.o
[365/1169] Building CXX object _deps/protobuf-build/CMakeFiles/libprotoc.dir/src/google/protobuf/compiler/java/extension_lite.cc.o
[366/1169] Building CXX object _deps/protobuf-build/CMakeFiles/libprotoc.dir/src/google/protobuf/compiler/java/field.cc.o
[367/1169] Building CXX object _deps/protobuf-build/CMakeFiles/libprotoc.dir/src/google/protobuf/compiler/java/file.cc.o
[368/1169] Building CXX object _deps/protobuf-build/CMakeFiles/libprotoc.dir/src/google/protobuf/compiler/java/generator_factory.cc.o
[369/1169] Building CXX object _deps/protobuf-build/CMakeFiles/libprotoc.dir/src/google/protobuf/compiler/java/generator.cc.o
[370/1169] Building CXX object _deps/protobuf-build/CMakeFiles/libprotoc.dir/src/google/protobuf/compiler/java/java_features.pb.cc.o
[371/1169] Building CXX object _deps/protobuf-build/CMakeFiles/libprotoc.dir/src/google/protobuf/compiler/java/kotlin_generator.cc.o
[372/1169] Building CXX object _deps/protobuf-build/CMakeFiles/libprotoc.dir/src/google/protobuf/compiler/java/helpers.cc.o
[373/1169] Building CXX object _deps/protobuf-build/CMakeFiles/libprotoc.dir/src/google/protobuf/compiler/java/map_field.cc.o
[374/1169] Building CXX object _deps/protobuf-build/CMakeFiles/libprotoc.dir/src/google/protobuf/compiler/java/map_field_lite.cc.o
[375/1169] Building CXX object _deps/protobuf-build/CMakeFiles/libprotoc.dir/src/google/protobuf/compiler/java/message_builder.cc.o
[376/1169] Building CXX object _deps/protobuf-build/CMakeFiles/libprotoc.dir/src/google/protobuf/compiler/java/message.cc.o
[377/1169] Building CXX object _deps/protobuf-build/CMakeFiles/libprotoc.dir/src/google/protobuf/compiler/java/message_builder_lite.cc.o
[378/1169] Building CXX object _deps/protobuf-build/CMakeFiles/libprotoc.dir/src/google/protobuf/compiler/java/message_field.cc.o
[379/1169] Building CXX object _deps/protobuf-build/CMakeFiles/libprotoc.dir/src/google/protobuf/compiler/java/message_serialization.cc.o
[380/1169] Building CXX object _deps/protobuf-build/CMakeFiles/libprotoc.dir/src/google/protobuf/compiler/java/message_field_lite.cc.o
[381/1169] Building CXX object _deps/protobuf-build/CMakeFiles/libprotoc.dir/src/google/protobuf/compiler/java/message_lite.cc.o
[382/1169] Building CXX object _deps/protobuf-build/CMakeFiles/libprotoc.dir/src/google/protobuf/compiler/java/name_resolver.cc.o
[383/1169] Building CXX object _deps/protobuf-build/CMakeFiles/libprotoc.dir/src/google/protobuf/compiler/java/names.cc.o
[384/1169] Building CXX object _deps/protobuf-build/CMakeFiles/libprotoc.dir/src/google/protobuf/compiler/java/primitive_field.cc.o
[385/1169] Building CXX object _deps/protobuf-build/CMakeFiles/libprotoc.dir/src/google/protobuf/compiler/java/service.cc.o
[386/1169] Building CXX object _deps/protobuf-build/CMakeFiles/libprotoc.dir/src/google/protobuf/compiler/java/primitive_field_lite.cc.o
[387/1169] Building CXX object _deps/protobuf-build/CMakeFiles/libprotoc.dir/src/google/protobuf/compiler/java/shared_code_generator.cc.o
[388/1169] Building CXX object _deps/protobuf-build/CMakeFiles/libprotoc.dir/src/google/protobuf/compiler/objectivec/enum_field.cc.o
[389/1169] Building CXX object _deps/protobuf-build/CMakeFiles/libprotoc.dir/src/google/protobuf/compiler/objectivec/enum.cc.o
[390/1169] Building CXX object _deps/protobuf-build/CMakeFiles/libprotoc.dir/src/google/protobuf/compiler/java/string_field.cc.o
[391/1169] Building CXX object _deps/protobuf-build/CMakeFiles/libprotoc.dir/src/google/protobuf/compiler/java/string_field_lite.cc.o
[392/1169] Building CXX object _deps/protobuf-build/CMakeFiles/libprotoc.dir/src/google/protobuf/compiler/objectivec/extension.cc.o
[393/1169] Building CXX object _deps/protobuf-build/CMakeFiles/libprotoc.dir/src/google/protobuf/compiler/objectivec/generator.cc.o
[394/1169] Building CXX object _deps/protobuf-build/CMakeFiles/libprotoc.dir/src/google/protobuf/compiler/objectivec/field.cc.o
[395/1169] Building CXX object _deps/protobuf-build/CMakeFiles/libprotoc.dir/src/google/protobuf/compiler/objectivec/line_consumer.cc.o
[396/1169] Building CXX object _deps/protobuf-build/CMakeFiles/libprotoc.dir/src/google/protobuf/compiler/objectivec/helpers.cc.o
[397/1169] Building CXX object _deps/protobuf-build/CMakeFiles/libprotoc.dir/src/google/protobuf/compiler/objectivec/file.cc.o
[398/1169] Building CXX object _deps/protobuf-build/CMakeFiles/libprotoc.dir/src/google/protobuf/compiler/objectivec/import_writer.cc.o
[399/1169] Building CXX object _deps/protobuf-build/CMakeFiles/libprotoc.dir/src/google/protobuf/compiler/objectivec/map_field.cc.o
[400/1169] Building CXX object _deps/protobuf-build/CMakeFiles/libprotoc.dir/src/google/protobuf/compiler/objectivec/message_field.cc.o
[401/1169] Building CXX object _deps/protobuf-build/CMakeFiles/libprotoc.dir/src/google/protobuf/compiler/objectivec/names.cc.o
[402/1169] Building CXX object _deps/protobuf-build/CMakeFiles/libprotoc.dir/src/google/protobuf/compiler/objectivec/message.cc.o
[403/1169] Building CXX object _deps/protobuf-build/CMakeFiles/libprotoc.dir/src/google/protobuf/compiler/objectivec/text_format_decode_data.cc.o
[404/1169] Building CXX object _deps/protobuf-build/CMakeFiles/libprotoc.dir/src/google/protobuf/compiler/objectivec/primitive_field.cc.o
[405/1169] Building CXX object _deps/protobuf-build/CMakeFiles/libprotoc.dir/src/google/protobuf/compiler/objectivec/oneof.cc.o
[406/1169] Building CXX object _deps/protobuf-build/CMakeFiles/libprotoc.dir/src/google/protobuf/compiler/php/names.cc.o
[407/1169] Building CXX object _deps/protobuf-build/CMakeFiles/libprotoc.dir/src/google/protobuf/compiler/plugin.cc.o
[408/1169] Building CXX object _deps/protobuf-build/CMakeFiles/libprotoc.dir/src/google/protobuf/compiler/plugin.pb.cc.o
[409/1169] Building CXX object _deps/protobuf-build/CMakeFiles/libprotoc.dir/src/google/protobuf/compiler/python/helpers.cc.o
[410/1169] Building CXX object _deps/protobuf-build/CMakeFiles/libprotoc.dir/src/google/protobuf/compiler/php/php_generator.cc.o
[411/1169] Building CXX object _deps/protobuf-build/CMakeFiles/libprotoc.dir/src/google/protobuf/compiler/python/generator.cc.o
[412/1169] Building CXX object _deps/protobuf-build/CMakeFiles/libprotoc.dir/src/google/protobuf/compiler/python/pyi_generator.cc.o
[413/1169] Building CXX object _deps/protobuf-build/CMakeFiles/libprotoc.dir/src/google/protobuf/compiler/retention.cc.o
[414/1169] Building CXX object _deps/protobuf-build/CMakeFiles/libprotoc.dir/src/google/protobuf/compiler/rust/accessors/accessors.cc.o
[415/1169] Building CXX object _deps/protobuf-build/CMakeFiles/libprotoc.dir/src/google/protobuf/compiler/ruby/ruby_generator.cc.o
[416/1169] Building CXX object _deps/protobuf-build/CMakeFiles/libprotoc.dir/src/google/protobuf/compiler/rust/accessors/singular_message.cc.o
[417/1169] Building CXX object _deps/protobuf-build/CMakeFiles/libprotoc.dir/src/google/protobuf/compiler/rust/accessors/singular_scalar.cc.o
[418/1169] Building CXX object _deps/protobuf-build/CMakeFiles/libprotoc.dir/src/google/protobuf/compiler/rust/accessors/unsupported_field.cc.o
[419/1169] Building CXX object _deps/protobuf-build/CMakeFiles/libprotoc.dir/src/google/protobuf/compiler/rust/accessors/singular_string.cc.o
[420/1169] Building CXX object _deps/protobuf-build/CMakeFiles/libprotoc.dir/src/google/protobuf/compiler/rust/context.cc.o
[421/1169] Building CXX object _deps/protobuf-build/CMakeFiles/libprotoc.dir/src/google/protobuf/compiler/rust/naming.cc.o
[422/1169] Building CXX object _deps/protobuf-build/CMakeFiles/libprotoc.dir/src/google/protobuf/compiler/rust/message.cc.o
[423/1169] Building CXX object _deps/protobuf-build/CMakeFiles/libprotoc.dir/src/google/protobuf/compiler/rust/generator.cc.o
[424/1169] Building CXX object _deps/protobuf-build/CMakeFiles/libprotoc.dir/src/google/protobuf/compiler/rust/relative_path.cc.o
[425/1169] Linking C static library libjudy.a
[426/1169] No configure step for 'libbpf'
[427/1169] Building CXX object _deps/protobuf-build/CMakeFiles/libprotoc.dir/src/google/protobuf/compiler/rust/oneof.cc.o
[428/1169] No configure step for 'ebpf-co-re'
[429/1169] No update step for 'ebpf-code-legacy'
[430/1169] Building CXX object _deps/protobuf-build/CMakeFiles/libprotoc.dir/src/google/protobuf/compiler/zip_writer.cc.o
[431/1169] Building C object CMakeFiles/libnetdata.dir/src/libnetdata/avl/avl.c.o
[432/1169] Building C object CMakeFiles/libnetdata.dir/src/libnetdata/adaptive_resortable_list/adaptive_resortable_list.c.o
[433/1169] Building CXX object _deps/protobuf-build/CMakeFiles/libprotoc.dir/src/google/protobuf/compiler/subprocess.cc.o
[434/1169] Building C object CMakeFiles/libnetdata.dir/src/libnetdata/ringbuffer/ringbuffer.c.o
[435/1169] Building C object CMakeFiles/libnetdata.dir/src/libnetdata/aral/aral.c.o
[436/1169] Building C object CMakeFiles/libnetdata.dir/src/libnetdata/circular_buffer/circular_buffer.c.o
[437/1169] Building C object CMakeFiles/libnetdata.dir/src/libnetdata/completion/completion.c.o
[438/1169] Building C object CMakeFiles/libnetdata.dir/src/libnetdata/datetime/iso8601.c.o
[439/1169] Building C object CMakeFiles/libnetdata.dir/src/libnetdata/clocks/clocks.c.o
[440/1169] Building C object CMakeFiles/libnetdata.dir/src/libnetdata/datetime/rfc7231.c.o
[441/1169] Building C object CMakeFiles/libnetdata.dir/src/libnetdata/datetime/rfc3339.c.o
[442/1169] Building C object CMakeFiles/libnetdata.dir/src/libnetdata/dictionary/dictionary-debug.c.o
[443/1169] Building C object CMakeFiles/libnetdata.dir/src/libnetdata/buffer/buffer.c.o
[444/1169] Building C object CMakeFiles/libnetdata.dir/src/libnetdata/eval/eval-parser.c.o
FAILED: CMakeFiles/libnetdata.dir/src/libnetdata/eval/eval-parser.c.o
/usr/bin/cc -D_GNU_SOURCE -I/usr/include/uuid -I/home/runner/work/netdata/netdata/build/libbacktrace-install/include -I/home/runner/work/netdata/netdata/build -I/home/runner/work/netdata/netdata/src -I/usr/include/json-c -I/home/runner/work/netdata/netdata/src/libnetdata/libjudy/vendored -I/home/runner/work/netdata/netdata/src/libnetdata/libjudy/vendored/JudyCommon -O1 -DNETDATA_INTERNAL_CHECKS=1 -DNETDATA_VERIFY_LOCKS=1 -fsanitize=address -g -std=gnu11 -fexceptions -ffunction-sections -fdata-sections -Wno-builtin-macro-redefined -fno-omit-frame-pointer -funwind-tables -fasynchronous-unwind-tables -MD -MT CMakeFiles/libnetdata.dir/src/libnetdata/eval/eval-parser.c.o -MF CMakeFiles/libnetdata.dir/src/libnetdata/eval/eval-parser.c.o.d -o CMakeFiles/libnetdata.dir/src/libnetdata/eval/eval-parser.c.o -c /home/runner/work/netdata/netdata/src/libnetdata/eval/eval-parser.c
In function 'parse_rest_of_expression',
inlined from 'parse_rest_of_expression' at /home/runner/work/netdata/netdata/src/libnetdata/eval/eval-parser.c:543:16:
/home/runner/work/netdata/netdata/src/libnetdata/eval/eval-parser.c:480:19: error: inlining failed in call to 'always_inline' 'parse_rest_of_expression': recursive inlining
480 | static EVAL_NODE *parse_rest_of_expression(const char **string, int *error, EVAL_NODE *op1) {
^~~~~~~~~~~~~~~~~~~~~~~~
/home/runner/work/netdata/netdata/src/libnetdata/eval/eval-parser.c:543:16: note: called from here
543 |         return parse_rest_of_expression(string, error, op);
^~~~~~~~~~~~~~~~~~~~~~~~~~~~~~~~~~~~~~~~~~~
In function 'parse_rest_of_expression',
inlined from 'parse_rest_of_expression' at /home/runner/work/netdata/netdata/src/libnetdata/eval/eval-parser.c:543:16,
inlined from 'parse_rest_of_expression' at /home/runner/work/netdata/netdata/src/libnetdata/eval/eval-parser.c:543:16,
inlined from 'parse_rest_of_expression' at /home/runner/work/netdata/netdata/src/libnetdata/eval/eval-parser.c:543:16,
inlined from 'parse_rest_of_expression' at /home/runner/work/netdata/netdata/src/libnetdata/eval/eval-parser.c:543:16,
inlined from 'parse_rest_of_expression' at /home/runner/work/netdata/netdata/src/libnetdata/eval/eval-parser.c:543:16,
inlined from 'parse_rest_of_expression' at /home/runner/work/netdata/netdata/src/libnetdata/eval/eval-parser.c:543:16,
inlined from 'parse_full_expression' at /home/runner/work/netdata/netdata/src/libnetdata/eval/eval-parser.c:565:12:
/home/runner/work/netdata/netdata/src/libnetdata/eval/eval-parser.c:480:19: error: inlining failed in call to 'always_inline' 'parse_rest_of_expression': recursive inlining
480 | static EVAL_NODE *parse_rest_of_expression(const char **string, int *error, EVAL_NODE *op1) {
^~~~~~~~~~~~~~~~~~~~~~~~
/home/runner/work/netdata/netdata/src/libnetdata/eval/eval-parser.c:543:16: note: called from here
543 |         return parse_rest_of_expression(string, error, op);
^~~~~~~~~~~~~~~~~~~~~~~~~~~~~~~~~~~~~~~~~~~
[445/1169] Building C object CMakeFiles/libnetdata.dir/src/libnetdata/dictionary/dictionary.c.o
[446/1169] Building C object CMakeFiles/libnetdata.dir/src/libnetdata/eval/eval-utils.c.o
[447/1169] Building C object CMakeFiles/libnetdata.dir/src/libnetdata/eval/eval-execute.c.o
ninja: build stopped: subcommand failed.
FAILED
2025-04-15T08:30:13.2479648Z
ABORTED  Failed to build Netdata.
2025-04-15T08:30:13.2480114Z
##[error]Process completed with exit code 1.


2 49 0
Temporarily overriding HOME='/home/runner/work/_temp/29225a0e-71ad-465c-9d77-0326a77891a1' before making global git config changes

[command]/usr/bin/git config --global --add safe.directory /home/runner/work/netdata/netdata
core\.sshCommand
'core\.sshCommand' 'core.sshCommand'
'src/aclk/aclk-schemas'
'src/collectors/debugfs.plugin/libsensors/vendored'
'src/web/server/h2o/libh2o'
'src/web/server/h2o/libh2o/misc/cache-digest.js'
'src/web/server/h2o/libh2o/misc/oktavia'
'src/web/server/h2o/libh2o/misc/p5-Server-Starter'
'src/web/server/h2o/libh2o/misc/picotemplate'
http\.https\:\/\/github\.com\/\.extraheader


'http\.https\:\/\/github\.com\/\.extraheader' 'http.https://github.com/.extraheader'
'src/aclk/aclk-schemas'

'src/collectors/debugfs.plugin/libsensors/vendored'

'src/web/server/h2o/libh2o'

'src/web/server/h2o/libh2o/misc/cache-digest.js'

'src/web/server/h2o/libh2o/misc/oktavia'

'src/web/server/h2o/libh2o/misc/p5-Server-Starter'

'src/web/server/h2o/libh2o/misc/picotemplate'


