##[group]Run ./gradlew check -PandroidBuild=true -PgraalBuild=true -x test -x test
[36;1m./gradlew check -PandroidBuild=true -PgraalBuild=true -x test -x test[0m
shell: /usr/bin/bash -e {<:NUM:>}
env:
GRADLE_OPTS: -Dorg.gradle.jvmargs=-Xmx4g -Dorg.gradle.daemon=false -Dkotlin.incremental=false
JAVA_HOME: /opt/hostedtoolcache/graalvm-jdk-21_linux-x64_bin/21.0.0/x64/graalvm-jdk-21.0.6+8.1
JAVA_HOME_11_X64: /opt/hostedtoolcache/Java_Zulu_jdk/11.0.26-4/x64
JAVA_HOME_17_X64: /opt/hostedtoolcache/Java_Zulu_jdk/17.0.14-7/x64
GRAALVM_HOME: /opt/hostedtoolcache/graalvm-jdk-21_linux-x64_bin/21.0.0/x64/graalvm-jdk-21.0.6+8.1
NATIVE_IMAGE_CONFIG_FILE: /tmp/native-image-options.properties
GRADLE_ACTION_ID: gradle/actions/setup-gradle
GRADLE_USER_HOME: /home/runner/.gradle
GRADLE_BUILD_ACTION_SETUP_COMPLETED: true
GRADLE_BUILD_ACTION_CACHE_RESTORED: true
DEVELOCITY_INJECTION_INIT_SCRIPT_NAME: gradle-actions.inject-develocity.init.gradle
DEVELOCITY_AUTO_INJECTION_CUSTOM_VALUE: gradle-actions
GITHUB_DEPENDENCY_GRAPH_ENABLED: false
##[endgroup]
To honour the JVM settings for this build a single-use Daemon process will be forked. For more on this, please refer to https://docs.gradle.org/8.13/userguide/gradle_daemon.html#sec:disabling_the_daemon in the Gradle documentation.
Daemon will be stopped at the end of the build
Type-safe project accessors is an incubating feature.
> Task :buildSrc:checkKotlinGradlePluginConfigurationErrors SKIPPED
> Task :buildSrc:pluginDescriptors
> Task :buildSrc:processResources NO-SOURCE
> Task :buildSrc:compileKotlin
> Task :buildSrc:compileJava NO-SOURCE
> Task :buildSrc:compileGroovy NO-SOURCE
> Task :buildSrc:classes UP-TO-DATE
2025-04-11T03:06:50.5364979Z
> Task :buildSrc:jar
:jar: No valid plugin descriptors were found in META-INF/gradle-plugins
2025-04-11T03:06:55.1356144Z
> Configure project :
warning: Dokka Gradle plugin V1 is deprecated
2025-04-11T03:06:55.1362760Z
Dokka Gradle plugin V1 is deprecated, and will be removed in Dokka version 2.1.0
Please migrate to Dokka Gradle plugin V2. This will require updating your project.
To learn about migrating read the migration guide https://kotl.in/dokka-gradle-migration
2025-04-11T03:06:55.1366513Z
To start migrating to Dokka Gradle plugin V2 add
org.jetbrains.dokka.experimental.gradle.pluginMode=V2EnabledWithHelpers
into your project's `gradle.properties` file.
2025-04-11T03:06:55.1369413Z
We would appreciate your feedback!
- Please report any feedback or problems https://kotl.in/dokka-issues
- Chat with the community visit #dokka in https://kotlinlang.slack.com/ (To sign up visit https://kotl.in/slack)
2025-04-11T03:06:55.1375108Z
2025-04-11T03:07:15.4362710Z
> Configure project :regression-test
w: file:///home/runner/work/okhttp/okhttp/regression-test/build.gradle.kts:13:5: 'targetSdk: Int?' is deprecated. Will be removed from library DSL in v9.0. Use testOptions.targetSdk or/and lint.targetSdk instead
2025-04-11T03:07:18.3356200Z
> Configure project :samples:tlssurvey
ksp-2.1.0-1.0.29 is too old for kotlin-2.1.10. Please upgrade ksp or downgrade kotlin-gradle-plugin to 2.1.0.
ksp-2.1.0-1.0.29 is too old for kotlin-2.1.10. Please upgrade ksp or downgrade kotlin-gradle-plugin to 2.1.0.
ksp-2.1.0-1.0.29 is too old for kotlin-2.1.10. Please upgrade ksp or downgrade kotlin-gradle-plugin to 2.1.0.
ksp-2.1.0-1.0.29 is too old for kotlin-2.1.10. Please upgrade ksp or downgrade kotlin-gradle-plugin to 2.1.0.
2025-04-11T03:07:21.2361413Z
> Task :okhttp-idna-mapping-table:checkKotlinGradlePluginConfigurationErrors SKIPPED
> Task :okhttp:checkKotlinGradlePluginConfigurationErrors SKIPPED
> Task :android-test:preBuild UP-TO-DATE
> Task :android-test:preDebugBuild UP-TO-DATE
> Task :spotlessInternalRegisterDependencies
> Task :android-test:mergeDebugJniLibFolders
> Task :android-test:mergeDebugNativeLibs NO-SOURCE
> Task :android-test:stripDebugDebugSymbols NO-SOURCE
> Task :okhttp:copyKotlinTemplates
> Task :android-test:checkKotlinGradlePluginConfigurationErrors SKIPPED
> Task :android-test:generateDebugResValues
> Task :android-test:generateDebugResources
> Task :android-test:packageDebugResources
> Task :android-test:copyDebugJniLibsProjectAndLocalJars
> Task :okhttp:preBuild UP-TO-DATE
> Task :okhttp:preDebugBuild UP-TO-DATE
> Task :okhttp:generateDebugResValues FROM-CACHE
> Task :okhttp:generateDebugResources
> Task :okhttp:packageDebugResources
> Task :okhttp:parseDebugLocalResources
> Task :android-test:parseDebugLocalResources
> Task :android-test:generateDebugRFile
> Task :okhttp:generateDebugRFile
> Task :android-test:extractDeepLinksForAarDebug
> Task :okhttp:javaPreCompileDebug
> Task :android-test:mergeDebugShaders
> Task :android-test:compileDebugShaders NO-SOURCE
> Task :android-test:generateDebugAssets UP-TO-DATE
> Task :okhttp:mergeDebugJniLibFolders
> Task :okhttp:mergeDebugNativeLibs NO-SOURCE
> Task :android-test:mergeDebugAssets
> Task :okhttp:stripDebugDebugSymbols NO-SOURCE
> Task :android-test:javaPreCompileDebug FROM-CACHE
> Task :okhttp:copyDebugJniLibsProjectAndLocalJars
> Task :android-test:prepareDebugArtProfile
> Task :okhttp:extractDeepLinksForAarDebug FROM-CACHE
> Task :android-test:prepareLintJarForPublish
> Task :okhttp:mergeDebugShaders
> Task :okhttp:compileDebugShaders NO-SOURCE
> Task :okhttp:debugAssetsCopyForAGP NO-SOURCE
> Task :okhttp:generateDebugAssets UP-TO-DATE
> Task :okhttp:mergeDebugAssets
> Task :android-test:writeDebugAarMetadata
> Task :okhttp:prepareDebugArtProfile
> Task :okhttp:prepareLintJarForPublish
2025-04-11T03:07:22.6385373Z
> Task :android-test:processDebugManifest
package="okhttp.android.test" found in source AndroidManifest.xml: /home/runner/work/okhttp/okhttp/android-test/src/main/AndroidManifest.xml.
Setting the namespace via the package attribute in the source AndroidManifest.xml is no longer supported, and the value is ignored.
Recommendation: remove package="okhttp.android.test" from the source AndroidManifest.xml: /home/runner/work/okhttp/okhttp/android-test/src/main/AndroidManifest.xml.
2025-04-11T03:07:22.6398682Z
> Task :android-test:preDebugAndroidTestBuild UP-TO-DATE
> Task :android-test:generateDebugAndroidTestResValues FROM-CACHE
> Task :android-test:writeDebugLintModelMetadata
> Task :okhttp:writeDebugAarMetadata
2025-04-11T03:07:22.6401865Z
> Task :okhttp:processDebugManifest
package="okhttp.okhttp3" found in source AndroidManifest.xml: /home/runner/work/okhttp/okhttp/okhttp/src/androidMain/AndroidManifest.xml.
Setting the namespace via the package attribute in the source AndroidManifest.xml is no longer supported, and the value is ignored.
Recommendation: remove package="okhttp.okhttp3" from the source AndroidManifest.xml: /home/runner/work/okhttp/okhttp/okhttp/src/androidMain/AndroidManifest.xml.
2025-04-11T03:07:22.6407855Z
> Task :logging-interceptor:checkKotlinGradlePluginConfigurationErrors SKIPPED
> Task :android-test:writeFiltersDebugAndroidTest
> Task :logging-interceptor:processResources NO-SOURCE
> Task :logging-interceptor:writeJvmLintModelMetadata
> Task :okhttp:jvmProcessResources
> Task :mockwebserver3:checkKotlinGradlePluginConfigurationErrors SKIPPED
> Task :mockwebserver3-junit4:checkKotlinGradlePluginConfigurationErrors SKIPPED
> Task :mockwebserver3:processResources NO-SOURCE
> Task :mockwebserver3-junit4:processResources NO-SOURCE
> Task :mockwebserver3:writeJvmLintModelMetadata
> Task :mockwebserver3-junit4:writeJvmLintModelMetadata
> Task :mockwebserver3-junit5:checkKotlinGradlePluginConfigurationErrors SKIPPED
> Task :okhttp:writeDebugLintModelMetadata
> Task :okhttp-brotli:checkKotlinGradlePluginConfigurationErrors SKIPPED
> Task :okhttp-brotli:processResources NO-SOURCE
> Task :mockwebserver3-junit5:processResources
> Task :okhttp-brotli:writeJvmLintModelMetadata
> Task :mockwebserver3-junit5:writeJvmLintModelMetadata
> Task :okhttp-dnsoverhttps:checkKotlinGradlePluginConfigurationErrors SKIPPED
> Task :okhttp-sse:checkKotlinGradlePluginConfigurationErrors SKIPPED
> Task :okhttp-sse:processResources NO-SOURCE
> Task :okhttp-dnsoverhttps:processResources NO-SOURCE
> Task :okhttp-sse:writeJvmLintModelMetadata
> Task :okhttp-dnsoverhttps:writeJvmLintModelMetadata
> Task :okhttp-tls:checkKotlinGradlePluginConfigurationErrors SKIPPED
> Task :okhttp-testing-support:checkKotlinGradlePluginConfigurationErrors SKIPPED
> Task :okhttp-tls:processResources NO-SOURCE
> Task :okhttp-testing-support:processResources
> Task :okhttp-tls:writeJvmLintModelMetadata
> Task :okhttp-testing-support:writeJvmLintModelMetadata
> Task :android-test:extractProguardFiles
> Task :android-test:preDebugUnitTestBuild UP-TO-DATE
> Task :okhttp:extractProguardFiles
> Task :okhttp:preDebugAndroidTestBuild UP-TO-DATE
> Task :okhttp:generateDebugAndroidTestResValues FROM-CACHE
> Task :okhttp-idna-mapping-table:processResources
> Task :okhttp:preDebugUnitTestBuild UP-TO-DATE
> Task :okhttp:preReleaseBuild UP-TO-DATE
> Task :okhttp:mergeReleaseJniLibFolders
> Task :okhttp:mergeReleaseNativeLibs NO-SOURCE
> Task :okhttp:stripReleaseDebugSymbols NO-SOURCE
> Task :okhttp:copyReleaseJniLibsProjectAndLocalJars
> Task :okhttp:generateReleaseResValues FROM-CACHE
> Task :okhttp:extractDeepLinksForAarRelease FROM-CACHE
> Task :okhttp:generateReleaseResources
> Task :android-test-app:buildKotlinToolingMetadata
> Task :android-test-app:checkKotlinGradlePluginConfigurationErrors SKIPPED
> Task :android-test-app:preBuild UP-TO-DATE
> Task :android-test-app:preReleaseBuild UP-TO-DATE
> Task :okhttp:packageReleaseResources
> Task :android-test-app:generateReleaseResValues FROM-CACHE
> Task :okhttp:parseReleaseLocalResources FROM-CACHE
> Task :okhttp:generateReleaseRFile FROM-CACHE
> Task :okhttp:mergeReleaseShaders
> Task :okhttp:compileReleaseShaders NO-SOURCE
> Task :okhttp:generateReleaseAssets UP-TO-DATE
> Task :okhttp:releaseAssetsCopyForAGP NO-SOURCE
> Task :okhttp:mergeReleaseAssets
> Task :okhttp:javaPreCompileRelease FROM-CACHE
> Task :okhttp:prepareReleaseArtProfile
> Task :okhttp:processReleaseManifest FROM-CACHE
> Task :okhttp:writeReleaseAarMetadata
> Task :okhttp:extractDeepLinksRelease
> Task :okhttp:writeReleaseLintModelMetadata
> Task :okhttp:preReleaseUnitTestBuild UP-TO-DATE
> Task :container-tests:check
> Task :logging-interceptor:sympathyForMrMaven
> Task :mockwebserver:checkKotlinGradlePluginConfigurationErrors SKIPPED
> Task :mockwebserver:processResources NO-SOURCE
> Task :mockwebserver:sympathyForMrMaven
> Task :mockwebserver3:sympathyForMrMaven
> Task :mockwebserver3-junit4:sympathyForMrMaven
> Task :mockwebserver3-junit5:sympathyForMrMaven
> Task :native-image-tests:checkKotlinGradlePluginConfigurationErrors SKIPPED
> Task :okhttp-java-net-cookiejar:checkKotlinGradlePluginConfigurationErrors SKIPPED
> Task :okhttp-java-net-cookiejar:processResources NO-SOURCE
> Task :native-image-tests:processResources NO-SOURCE
> Task :mockwebserver:writeJvmLintModelMetadata
> Task :okhttp-java-net-cookiejar:writeJvmLintModelMetadata
> Task :native-image-tests:sympathyForMrMaven
> Task :okcurl:checkKotlinGradlePluginConfigurationErrors SKIPPED
> Task :okcurl:copyResourcesTemplates
> Task :okcurl:processResources
> Task :okcurl:sympathyForMrMaven
> Task :okhttp-coroutines:checkKotlinGradlePluginConfigurationErrors SKIPPED
> Task :okhttp-coroutines:processResources NO-SOURCE
> Task :okhttp-urlconnection:checkKotlinGradlePluginConfigurationErrors SKIPPED
> Task :okhttp-urlconnection:processResources NO-SOURCE
> Task :okhttp:jvmTestProcessResources
> Task :android-test-app:mapReleaseSourceSetPaths
> Task :okhttp:checkDebugUnitTestAarMetadata
> Task :android-test-app:checkReleaseAarMetadata
> Task :android-test-app:generateReleaseResources
> Task :okhttp:compileDebugLibraryResources
> Task :okhttp:generateDebugUnitTestResValues FROM-CACHE
> Task :okhttp:mapDebugUnitTestSourceSetPaths
> Task :okhttp:generateDebugUnitTestResources
> Task :okhttp:mergeDebugUnitTestResources
> Task :android-test-app:packageReleaseResources
> Task :android-test-app:parseReleaseLocalResources
> Task :android-test-app:createReleaseCompatibleScreenManifests
> Task :android-test-app:extractDeepLinksRelease FROM-CACHE
> Task :android-test-app:mergeReleaseResources
> Task :okhttp:extractDeepLinksDebug FROM-CACHE
> Task :okhttp:processDebugUnitTestManifest
2025-04-11T03:07:27.3393342Z
> Task :android-test-app:processReleaseMainManifest
package="okhttp.android.testapp" found in source AndroidManifest.xml: /home/runner/work/okhttp/okhttp/android-test-app/src/main/AndroidManifest.xml.
Setting the namespace via the package attribute in the source AndroidManifest.xml is no longer supported, and the value is ignored.
Recommendation: remove package="okhttp.android.testapp" from the source AndroidManifest.xml: /home/runner/work/okhttp/okhttp/android-test-app/src/main/AndroidManifest.xml.
2025-04-11T03:07:27.5355162Z
> Task :android-test-app:processReleaseManifest
> Task :android-test-app:processReleaseManifestForPackage
> Task :okhttp:processDebugUnitTestResources
> Task :android-test-app:javaPreCompileRelease FROM-CACHE
> Task :android-test-app:preReleaseAndroidTestBuild SKIPPED
> Task :android-test-app:generateReleaseAndroidTestResValues FROM-CACHE
> Task :android-test-app:extractProguardFiles
> Task :android-test-app:preReleaseUnitTestBuild UP-TO-DATE
> Task :okhttp:javaPreCompileDebugUnitTest FROM-CACHE
> Task :okhttp:generateDebugUnitTestAssets UP-TO-DATE
> Task :okhttp:mergeDebugUnitTestAssets
> Task :okhttp:packageDebugUnitTestForUnitTest
> Task :okhttp:generateDebugUnitTestConfig
> Task :okhttp:checkReleaseUnitTestAarMetadata
> Task :okhttp:compileReleaseLibraryResources
> Task :okhttp:generateReleaseUnitTestResValues FROM-CACHE
> Task :okhttp:mapReleaseUnitTestSourceSetPaths
> Task :okhttp:generateReleaseUnitTestResources
> Task :okhttp:mergeReleaseUnitTestResources
> Task :android-test-app:processReleaseResources
> Task :okhttp-bom:check UP-TO-DATE
> Task :okhttp:processReleaseUnitTestManifest
> Task :okhttp-brotli:sympathyForMrMaven
> Task :okhttp-coroutines:sympathyForMrMaven
> Task :okhttp:javaPreCompileReleaseUnitTest FROM-CACHE
> Task :okhttp:generateReleaseUnitTestAssets UP-TO-DATE
> Task :okhttp:mergeReleaseUnitTestAssets
> Task :okhttp:compileJava NO-SOURCE
> Task :okhttp:processResources
> Task :okhttp:classes
> Task :okhttp:processReleaseUnitTestResources
> Task :okhttp-dnsoverhttps:sympathyForMrMaven
> Task :okhttp-hpacktests:checkKotlinGradlePluginConfigurationErrors SKIPPED
> Task :okhttp-hpacktests:compileKotlin NO-SOURCE
> Task :okhttp-hpacktests:compileJava NO-SOURCE
> Task :okhttp-hpacktests:processResources NO-SOURCE
> Task :okhttp-hpacktests:classes UP-TO-DATE
> Task :okhttp-hpacktests:animalsnifferMain SKIPPED
> Task :okhttp-hpacktests:checkstyleMain NO-SOURCE
> Task :okhttp-hpacktests:generateJvmMainLintModel
> Task :okhttp-hpacktests:jar
2025-04-11T03:07:30.4367253Z
> Task :okhttp:animalsnifferMain
[/home/runner/work/okhttp/okhttp/okhttp/src/androidDebug/kotlin, /home/runner/work/okhttp/okhttp/okhttp/src/debug/java, /home/runner/work/okhttp/okhttp/okhttp/src/debug/kotlin]
[/home/runner/work/okhttp/okhttp/okhttp/src/androidInstrumentedTest/kotlin, /home/runner/work/okhttp/okhttp/okhttp/src/androidTest/java, /home/runner/work/okhttp/okhttp/okhttp/src/androidTest/kotlin]
[/home/runner/work/okhttp/okhttp/okhttp/src/androidInstrumentedTestDebug/kotlin, /home/runner/work/okhttp/okhttp/okhttp/src/androidTestDebug/java, /home/runner/work/okhttp/okhttp/okhttp/src/androidTestDebug/kotlin]
[/home/runner/work/okhttp/okhttp/okhttp/src/androidMain/kotlin, /home/runner/work/okhttp/okhttp/okhttp/src/main/java, /home/runner/work/okhttp/okhttp/okhttp/src/main/kotlin]
[/home/runner/work/okhttp/okhttp/okhttp/src/androidRelease/kotlin, /home/runner/work/okhttp/okhttp/okhttp/src/release/java, /home/runner/work/okhttp/okhttp/okhttp/src/release/kotlin]
[/home/runner/work/okhttp/okhttp/okhttp/src/androidUnitTest/kotlin, /home/runner/work/okhttp/okhttp/okhttp/src/test/java, /home/runner/work/okhttp/okhttp/okhttp/src/test/kotlin]
[/home/runner/work/okhttp/okhttp/okhttp/src/androidUnitTestDebug/kotlin, /home/runner/work/okhttp/okhttp/okhttp/src/testDebug/java, /home/runner/work/okhttp/okhttp/okhttp/src/testDebug/kotlin]
[/home/runner/work/okhttp/okhttp/okhttp/src/androidUnitTestRelease/kotlin, /home/runner/work/okhttp/okhttp/okhttp/src/testRelease/java, /home/runner/work/okhttp/okhttp/okhttp/src/testRelease/kotlin]
[/home/runner/work/okhttp/okhttp/okhttp/src/commonJvmAndroid/kotlin, /home/runner/work/okhttp/okhttp/okhttp/build/generated/sources/kotlinTemplates, /home/runner/work/okhttp/okhttp/okhttp/build/generated/sources/idnaMappingTable]
[/home/runner/work/okhttp/okhttp/okhttp/src/commonMain/kotlin]
[/home/runner/work/okhttp/okhttp/okhttp/src/commonTest/kotlin]
[/home/runner/work/okhttp/okhttp/okhttp/src/jvmMain/kotlin]
[/home/runner/work/okhttp/okhttp/okhttp/src/jvmTest/kotlin]
2025-04-11T03:07:33.6357293Z
> Task :okhttp:packageReleaseUnitTestForUnitTest
> Task :okhttp:generateReleaseUnitTestConfig
> Task :okhttp:klibApiExtractForValidation SKIPPED
> Task :okhttp:klibApiMerge SKIPPED
> Task :okhttp:klibApiCheck SKIPPED
> Task :okhttp:checkstyleMain NO-SOURCE
2025-04-11T03:07:33.6362750Z
> Task :okhttp:sympathyForMrMaven
[maven-sympathy] No configurations detected!
2025-04-11T03:07:34.0359678Z
> Task :okhttp-hpacktests:sympathyForMrMaven
> Task :okhttp-idna-mapping-table:sympathyForMrMaven
> Task :okhttp-java-net-cookiejar:sympathyForMrMaven
> Task :okhttp-osgi-tests:checkKotlinGradlePluginConfigurationErrors SKIPPED
> Task :okhttp-osgi-tests:processResources NO-SOURCE
> Task :okhttp-coroutines:writeJvmLintModelMetadata
> Task :okhttp-urlconnection:writeJvmLintModelMetadata
> Task :okhttp-osgi-tests:sympathyForMrMaven
> Task :okhttp-sse:sympathyForMrMaven
> Task :okhttp-testing-support:sympathyForMrMaven
> Task :okhttp-tls:sympathyForMrMaven
> Task :okhttp-urlconnection:sympathyForMrMaven
> Task :regression-test:preBuild UP-TO-DATE
> Task :regression-test:preDebugBuild UP-TO-DATE
> Task :regression-test:mergeDebugJniLibFolders
> Task :regression-test:mergeDebugNativeLibs NO-SOURCE
> Task :regression-test:stripDebugDebugSymbols NO-SOURCE
> Task :regression-test:copyDebugJniLibsProjectAndLocalJars
> Task :regression-test:checkKotlinGradlePluginConfigurationErrors SKIPPED
> Task :regression-test:generateDebugResValues FROM-CACHE
> Task :regression-test:generateDebugResources
> Task :regression-test:packageDebugResources
> Task :regression-test:parseDebugLocalResources
> Task :regression-test:generateDebugRFile
> Task :regression-test:compileDebugKotlin NO-SOURCE
> Task :regression-test:extractDebugAnnotations
> Task :regression-test:extractDeepLinksForAarDebug FROM-CACHE
> Task :regression-test:mergeDebugShaders
> Task :regression-test:compileDebugShaders NO-SOURCE
> Task :regression-test:generateDebugAssets UP-TO-DATE
> Task :regression-test:mergeDebugAssets
> Task :regression-test:javaPreCompileDebug FROM-CACHE
> Task :regression-test:compileDebugJavaWithJavac NO-SOURCE
> Task :regression-test:mergeDebugGeneratedProguardFiles
> Task :regression-test:mergeDebugConsumerProguardFiles
> Task :regression-test:prepareDebugArtProfile
> Task :regression-test:prepareLintJarForPublish
2025-04-11T03:07:37.2367688Z
> Task :regression-test:processDebugManifest
package="okhttp.android.regression" found in source AndroidManifest.xml: /home/runner/work/okhttp/okhttp/regression-test/src/main/AndroidManifest.xml.
Setting the namespace via the package attribute in the source AndroidManifest.xml is no longer supported, and the value is ignored.
Recommendation: remove package="okhttp.android.regression" from the source AndroidManifest.xml: /home/runner/work/okhttp/okhttp/regression-test/src/main/AndroidManifest.xml.
2025-04-11T03:07:37.2378011Z
> Task :regression-test:processDebugJavaRes NO-SOURCE
> Task :regression-test:mergeDebugJavaResource
> Task :regression-test:syncDebugLibJars
> Task :regression-test:writeDebugAarMetadata
2025-04-11T03:07:37.4361541Z
> Task :okhttp-idna-mapping-table:compileKotlin
w: Opt-in requirement marker okhttp3.ExperimentalOkHttpApi is unresolved. Please make sure it's present in the module dependencies
2025-04-11T03:07:37.5355950Z
> Task :regression-test:bundleDebugLocalLintAar
> Task :okhttp-idna-mapping-table:compileJava NO-SOURCE
> Task :okhttp-idna-mapping-table:classes
> Task :regression-test:bundleLibRuntimeToJarDebug
> Task :regression-test:createFullJarDebug
> Task :regression-test:preDebugAndroidTestBuild UP-TO-DATE
> Task :regression-test:generateDebugAndroidTestResValues FROM-CACHE
> Task :regression-test:writeDebugLintModelMetadata
> Task :okhttp-idna-mapping-table:jar
> Task :okhttp:generateIdnaMappingTable
> Task :regression-test:generateDebugAndroidTestLintModel
2025-04-11T03:07:41.6358594Z
> Task :okhttp-idna-mapping-table:animalsnifferMain
2025-04-11T03:07:41.6373667Z
7 AnimalSniffer violations were found in 4 files. See the report at: file:////home/runner/work/okhttp/okhttp/okhttp-idna-mapping-table/build/reports/animalsniffer/main.text
2025-04-11T03:07:41.6381783Z
[Undefined reference | android-api-level-21-5.0.1_r2] okhttp3.internal.idn.(GenerateIdnaMappingTableCode.kt:86)
>> java.util.stream.IntStream String.codePoints()
2025-04-11T03:07:41.6387206Z
[Undefined reference | android-api-level-21-5.0.1_r2] okhttp3.internal.idn.(GenerateIdnaMappingTableCode.kt:86)
>> java.util.PrimitiveIterator.OfInt java.util.stream.IntStream.iterator()
2025-04-11T03:07:41.6402173Z
[Undefined reference | android-api-level-21-5.0.1_r2] okhttp3.internal.idn.(GenerateIdnaMappingTableCode.kt:86)
>> boolean java.util.PrimitiveIterator.OfInt.hasNext()
2025-04-11T03:07:41.6404983Z
[Undefined reference | android-api-level-21-5.0.1_r2] okhttp3.internal.idn.(GenerateIdnaMappingTableCode.kt:86)
>> Integer java.util.PrimitiveIterator.OfInt.next()
2025-04-11T03:07:41.6407133Z
[Undefined reference | android-api-level-21-5.0.1_r2] okhttp3.internal.idn.(MappedRange.kt:1)
>> int Integer.hashCode(int)
2025-04-11T03:07:41.6408796Z
[Undefined reference | android-api-level-21-5.0.1_r2] okhttp3.internal.idn.(SimpleIdnaMappingTable.kt:1)
>> int Integer.hashCode(int)
2025-04-11T03:07:41.6410933Z
[Undefined reference | android-api-level-21-5.0.1_r2] okhttp3.internal.idn.(MappingTables.kt:116)
>> java.util.stream.IntStream String.codePoints()
2025-04-11T03:07:41.6413520Z
2025-04-11T03:07:44.9357024Z
> Task :okhttp-hpacktests:lintAnalyzeJvmMain
> Task :spotlessKotlin
> Task :okhttp:compileDebugKotlinAndroid
> Task :okhttp:compileKotlinJvm
> Task :okhttp:compileReleaseKotlinAndroid
> Task :spotlessKotlinCheck
> Task :spotlessCheck
> Task :check
> Task :okhttp-idna-mapping-table:checkstyleMain NO-SOURCE
> Task :okhttp-idna-mapping-table:generateJvmMainLintModel
> Task :okhttp-idna-mapping-table:generateJvmTestLintModel
> Task :okhttp-idna-mapping-table:lintAnalyzeJvmMain
2025-04-11T03:08:36.5355154Z
> Task :okhttp:compileDebugKotlinAndroid
w: file:///home/runner/work/okhttp/okhttp/okhttp/src/androidMain/kotlin/okhttp3/internal/platform/PlatformRegistry.kt:21:1 'expect'/'actual' classes (including interfaces, objects, annotations, enums, and 'actual' typealiases) are in Beta. You can use -Xexpect-actual-classes flag to suppress this warning. Also see: https://youtrack.jetbrains.com/issue/KT-61573
w: file:///home/runner/work/okhttp/okhttp/okhttp/src/commonJvmAndroid/kotlin/okhttp3/internal/-HeadersCommon.kt:176:13 Condition is always 'true'.
w: file:///home/runner/work/okhttp/okhttp/okhttp/src/commonJvmAndroid/kotlin/okhttp3/internal/-HeadersCommon.kt:205:33 Unchecked cast of 'kotlin.Array<kotlin.String?>' to 'kotlin.Array<kotlin.String>'.
w: file:///home/runner/work/okhttp/okhttp/okhttp/src/commonJvmAndroid/kotlin/okhttp3/internal/-ResponseCommon.kt:83:1 '@JvmOverloads' annotation has no effect for methods without default arguments.
w: file:///home/runner/work/okhttp/okhttp/okhttp/src/commonJvmAndroid/kotlin/okhttp3/internal/SuppressSignatureCheck.kt:25:1 This annotation is deprecated in Kotlin. Use '@kotlin.annotation.MustBeDocumented' instead.
w: file:///home/runner/work/okhttp/okhttp/okhttp/src/commonJvmAndroid/kotlin/okhttp3/internal/http/BridgeInterceptor.kt:99:11 Condition is always 'true'.
w: file:///home/runner/work/okhttp/okhttp/okhttp/src/commonJvmAndroid/kotlin/okhttp3/internal/platform/PlatformRegistry.kt:3:1 'expect'/'actual' classes (including interfaces, objects, annotations, enums, and 'actual' typealiases) are in Beta. You can use -Xexpect-actual-classes flag to suppress this warning. Also see: https://youtrack.jetbrains.com/issue/KT-61573
2025-04-11T03:08:36.8354966Z
> Task :okhttp-idna-mapping-table:lintAnalyzeJvmTest
2025-04-11T03:08:36.8356829Z
> Task :okhttp:compileKotlinJvm
w: file:///home/runner/work/okhttp/okhttp/okhttp/src/commonJvmAndroid/kotlin/okhttp3/internal/-HeadersCommon.kt:176:13 Condition is always 'true'.
w: file:///home/runner/work/okhttp/okhttp/okhttp/src/commonJvmAndroid/kotlin/okhttp3/internal/-HeadersCommon.kt:205:33 Unchecked cast of 'kotlin.Array<kotlin.String?>' to 'kotlin.Array<kotlin.String>'.
w: file:///home/runner/work/okhttp/okhttp/okhttp/src/commonJvmAndroid/kotlin/okhttp3/internal/-ResponseCommon.kt:83:1 '@JvmOverloads' annotation has no effect for methods without default arguments.
w: file:///home/runner/work/okhttp/okhttp/okhttp/src/commonJvmAndroid/kotlin/okhttp3/internal/SuppressSignatureCheck.kt:25:1 This annotation is deprecated in Kotlin. Use '@kotlin.annotation.MustBeDocumented' instead.
w: file:///home/runner/work/okhttp/okhttp/okhttp/src/commonJvmAndroid/kotlin/okhttp3/internal/http/BridgeInterceptor.kt:99:11 Condition is always 'true'.
w: file:///home/runner/work/okhttp/okhttp/okhttp/src/commonJvmAndroid/kotlin/okhttp3/internal/platform/PlatformRegistry.kt:3:1 'expect'/'actual' classes (including interfaces, objects, annotations, enums, and 'actual' typealiases) are in Beta. You can use -Xexpect-actual-classes flag to suppress this warning. Also see: https://youtrack.jetbrains.com/issue/KT-61573
w: file:///home/runner/work/okhttp/okhttp/okhttp/src/jvmMain/kotlin/okhttp3/internal/platform/PlatformRegistry.kt:5:1 'expect'/'actual' classes (including interfaces, objects, annotations, enums, and 'actual' typealiases) are in Beta. You can use -Xexpect-actual-classes flag to suppress this warning. Also see: https://youtrack.jetbrains.com/issue/KT-61573
2025-04-11T03:08:36.9357727Z
> Task :okhttp:jvmMainClasses
> Task :okhttp-idna-mapping-table:lintReportJvm
> Task :okhttp-idna-mapping-table:lintJvm
> Task :okhttp-idna-mapping-table:lint
> Task :okhttp-idna-mapping-table:check
> Task :regression-test:extractProguardFiles
2025-04-11T03:08:36.9370113Z
> Task :okhttp:compileReleaseKotlinAndroid
w: file:///home/runner/work/okhttp/okhttp/okhttp/src/androidMain/kotlin/okhttp3/internal/platform/PlatformRegistry.kt:21:1 'expect'/'actual' classes (including interfaces, objects, annotations, enums, and 'actual' typealiases) are in Beta. You can use -Xexpect-actual-classes flag to suppress this warning. Also see: https://youtrack.jetbrains.com/issue/KT-61573
w: file:///home/runner/work/okhttp/okhttp/okhttp/src/commonJvmAndroid/kotlin/okhttp3/internal/-HeadersCommon.kt:176:13 Condition is always 'true'.
w: file:///home/runner/work/okhttp/okhttp/okhttp/src/commonJvmAndroid/kotlin/okhttp3/internal/-HeadersCommon.kt:205:33 Unchecked cast of 'kotlin.Array<kotlin.String?>' to 'kotlin.Array<kotlin.String>'.
w: file:///home/runner/work/okhttp/okhttp/okhttp/src/commonJvmAndroid/kotlin/okhttp3/internal/-ResponseCommon.kt:83:1 '@JvmOverloads' annotation has no effect for methods without default arguments.
w: file:///home/runner/work/okhttp/okhttp/okhttp/src/commonJvmAndroid/kotlin/okhttp3/internal/SuppressSignatureCheck.kt:25:1 This annotation is deprecated in Kotlin. Use '@kotlin.annotation.MustBeDocumented' instead.
w: file:///home/runner/work/okhttp/okhttp/okhttp/src/commonJvmAndroid/kotlin/okhttp3/internal/http/BridgeInterceptor.kt:99:11 Condition is always 'true'.
w: file:///home/runner/work/okhttp/okhttp/okhttp/src/commonJvmAndroid/kotlin/okhttp3/internal/platform/PlatformRegistry.kt:3:1 'expect'/'actual' classes (including interfaces, objects, annotations, enums, and 'actual' typealiases) are in Beta. You can use -Xexpect-actual-classes flag to suppress this warning. Also see: https://youtrack.jetbrains.com/issue/KT-61573
2025-04-11T03:08:37.0362953Z
> Task :regression-test:generateDebugLintReportModel
> Task :regression-test:preDebugUnitTestBuild UP-TO-DATE
> Task :samples:compare:checkKotlinGradlePluginConfigurationErrors SKIPPED
> Task :samples:compare:compileKotlin NO-SOURCE
> Task :samples:compileJava NO-SOURCE
> Task :samples:compare:compileJava NO-SOURCE
> Task :samples:processResources NO-SOURCE
> Task :samples:compare:processResources NO-SOURCE
> Task :samples:classes UP-TO-DATE
> Task :samples:compare:classes UP-TO-DATE
> Task :samples:compare:animalsnifferMain SKIPPED
> Task :samples:animalsnifferMain SKIPPED
> Task :samples:compare:checkstyleMain NO-SOURCE
> Task :samples:checkstyleMain NO-SOURCE
> Task :samples:compare:generateJvmMainLintModel
> Task :regression-test:generateDebugUnitTestLintModel
> Task :samples:compare:jar
> Task :samples:sympathyForMrMaven
> Task :regression-test:lintAnalyzeDebugUnitTest
> Task :samples:check
> Task :okhttp:jvmJar
> Task :okhttp:compileDebugJavaWithJavac NO-SOURCE
> Task :okhttp:bundleLibCompileToJarDebug
> Task :android-test:compileDebugKotlin NO-SOURCE
> Task :android-test:extractDebugAnnotations
> Task :android-test:compileDebugJavaWithJavac NO-SOURCE
> Task :android-test:mergeDebugGeneratedProguardFiles
> Task :android-test:mergeDebugConsumerProguardFiles
> Task :android-test:processDebugJavaRes NO-SOURCE
> Task :android-test:mergeDebugJavaResource
> Task :android-test:syncDebugLibJars
> Task :android-test:bundleDebugLocalLintAar
> Task :okhttp:extractDebugAnnotations
> Task :okhttp:mergeDebugGeneratedProguardFiles
> Task :okhttp:mergeDebugConsumerProguardFiles
> Task :okhttp:processDebugJavaRes
> Task :okhttp:mergeDebugJavaResource
> Task :okhttp:syncDebugLibJars
> Task :okhttp:bundleDebugLocalLintAar
> Task :samples:compare:lintAnalyzeJvmMain
> Task :android-test:bundleLibRuntimeToJarDebug
> Task :android-test:createFullJarDebug
> Task :regression-test:lintAnalyzeDebug
> Task :okhttp:bundleLibRuntimeToJarDebug
> Task :okhttp:createFullJarDebug
> Task :regression-test:lintAnalyzeDebugAndroidTest
> Task :okhttp-brotli:compileKotlin
> Task :okhttp-brotli:compileJava NO-SOURCE
> Task :okhttp-brotli:classes UP-TO-DATE
2025-04-11T03:08:42.5375085Z
> Task :okhttp-brotli:jar
warning: Unused -privatepackage instructions , no such package(s) on the class path: [okhttp3.brotli.internal]
2025-04-11T03:08:44.0355061Z
> Task :logging-interceptor:compileKotlin
w: file:///home/runner/work/okhttp/okhttp/okhttp-logging-interceptor/src/main/kotlin/okhttp3/logging/HttpLoggingInterceptor.kt:16:36 This code uses error suppression for 'INVISIBLE_REFERENCE'. While it might compile and work, the compiler behavior is UNSPECIFIED and WON'T BE PRESERVED. Please report your use case to the Kotlin issue tracker instead: https://kotl.in/issue
2025-04-11T03:08:44.1355685Z
> Task :logging-interceptor:compileJava NO-SOURCE
> Task :logging-interceptor:classes UP-TO-DATE
2025-04-11T03:08:44.3362934Z
> Task :logging-interceptor:jar
warning: Unused -privatepackage instructions , no such package(s) on the class path: [okhttp3.logging.internal]
2025-04-11T03:08:44.3366447Z
> Task :okhttp-dnsoverhttps:compileKotlin
> Task :okhttp-sse:compileKotlin
> Task :okhttp-dnsoverhttps:compileJava NO-SOURCE
> Task :okhttp-sse:compileJava NO-SOURCE
> Task :okhttp-sse:classes UP-TO-DATE
> Task :okhttp-dnsoverhttps:classes UP-TO-DATE
2025-04-11T03:08:44.5386469Z
> Task :okhttp-sse:jar
warning: Unused -privatepackage instructions , no such package(s) on the class path: [okhttp3.sse.internal]
2025-04-11T03:08:44.5431873Z
> Task :okhttp-dnsoverhttps:jar
> Task :okhttp:generateDebugLintModel
> Task :android-test:generateDebugLintReportModel
2025-04-11T03:08:45.8355019Z
> Task :mockwebserver3:compileKotlin
w: file:///home/runner/work/okhttp/okhttp/mockwebserver/src/main/kotlin/mockwebserver3/MockResponse.kt:16:36 This code uses error suppression for 'INVISIBLE_REFERENCE'. While it might compile and work, the compiler behavior is UNSPECIFIED and WON'T BE PRESERVED. Please report your use case to the Kotlin issue tracker instead: https://kotl.in/issue
w: file:///home/runner/work/okhttp/okhttp/mockwebserver/src/main/kotlin/mockwebserver3/MockWebServer.kt:17:36 This code uses error suppression for 'INVISIBLE_REFERENCE'. While it might compile and work, the compiler behavior is UNSPECIFIED and WON'T BE PRESERVED. Please report your use case to the Kotlin issue tracker instead: https://kotl.in/issue
2025-04-11T03:08:45.9355388Z
> Task :mockwebserver3:compileJava NO-SOURCE
> Task :mockwebserver3:classes UP-TO-DATE
> Task :mockwebserver3:jar
> Task :logging-interceptor:animalsnifferMain
> Task :mockwebserver3-junit4:compileKotlin
> Task :mockwebserver3-junit4:compileJava NO-SOURCE
> Task :mockwebserver3-junit4:classes UP-TO-DATE
> Task :mockwebserver3-junit4:jar
> Task :okhttp:generateDebugAndroidTestLintModel
> Task :mockwebserver3-junit5:compileKotlin
> Task :mockwebserver3-junit5:compileJava NO-SOURCE
> Task :mockwebserver3-junit5:classes
> Task :mockwebserver3-junit5:jar
> Task :okhttp:extractReleaseAnnotations
> Task :okhttp:compileReleaseJavaWithJavac NO-SOURCE
> Task :okhttp:mergeReleaseGeneratedProguardFiles
> Task :okhttp:mergeReleaseConsumerProguardFiles
> Task :okhttp:processReleaseJavaRes
> Task :okhttp:mergeReleaseJavaResource
> Task :okhttp:syncReleaseLibJars
> Task :okhttp:bundleReleaseLocalLintAar
> Task :okhttp:bundleLibCompileToJarRelease
2025-04-11T03:08:49.0361494Z
> Task :okhttp-tls:compileKotlin
w: file:///home/runner/work/okhttp/okhttp/okhttp-tls/src/main/kotlin/okhttp3/tls/HandshakeCertificates.kt:16:36 This code uses error suppression for 'INVISIBLE_REFERENCE'. While it might compile and work, the compiler behavior is UNSPECIFIED and WON'T BE PRESERVED. Please report your use case to the Kotlin issue tracker instead: https://kotl.in/issue
w: file:///home/runner/work/okhttp/okhttp/okhttp-tls/src/main/kotlin/okhttp3/tls/internal/InsecureExtendedTrustManager.kt:16:36 This code uses error suppression for 'INVISIBLE_REFERENCE'. While it might compile and work, the compiler behavior is UNSPECIFIED and WON'T BE PRESERVED. Please report your use case to the Kotlin issue tracker instead: https://kotl.in/issue
w: file:///home/runner/work/okhttp/okhttp/okhttp-tls/src/main/kotlin/okhttp3/tls/internal/der/Adapters.kt:382:40 Unchecked cast of 'okhttp3.tls.internal.der.DerAdapter<*>' to 'okhttp3.tls.internal.der.DerAdapter<kotlin.Any?>'.
w: file:///home/runner/work/okhttp/okhttp/okhttp-tls/src/main/kotlin/okhttp3/tls/internal/der/Adapters.kt:421:18 Unchecked cast of 'okhttp3.tls.internal.der.DerAdapter<*>' to 'okhttp3.tls.internal.der.DerAdapter<kotlin.Any?>'.
w: file:///home/runner/work/okhttp/okhttp/okhttp-tls/src/main/kotlin/okhttp3/tls/internal/der/Adapters.kt:447:48 Unchecked cast of 'okhttp3.tls.internal.der.DerAdapter<*>?' to 'okhttp3.tls.internal.der.DerAdapter<kotlin.Any?>?'.
w: file:///home/runner/work/okhttp/okhttp/okhttp-tls/src/main/kotlin/okhttp3/tls/internal/der/Adapters.kt:455:48 Unchecked cast of 'okhttp3.tls.internal.der.DerAdapter<*>?' to 'okhttp3.tls.internal.der.DerAdapter<kotlin.Any?>?'.
w: file:///home/runner/work/okhttp/okhttp/okhttp-tls/src/main/kotlin/okhttp3/tls/internal/der/Adapters.kt:505:26 Unchecked cast of 'okhttp3.tls.internal.der.DerAdapter<*>' to 'okhttp3.tls.internal.der.DerAdapter<kotlin.Any?>'.
w: file:///home/runner/work/okhttp/okhttp/okhttp-tls/src/main/kotlin/okhttp3/tls/internal/der/BasicDerAdapter.kt:51:43 Unchecked cast of 'T?' to 'T'.
2025-04-11T03:08:49.1355452Z
> Task :okhttp-tls:compileJava NO-SOURCE
> Task :okhttp-tls:classes UP-TO-DATE
2025-04-11T03:08:49.8355431Z
> Task :okhttp-tls:jar
warning: Unused -privatepackage instructions , no such package(s) on the class path: [okhttp3.tls.internal, okhttp3.tls.internal.der]
2025-04-11T03:08:52.4355905Z
> Task :android-test-app:compileReleaseKotlin
> Task :android-test-app:compileReleaseJavaWithJavac NO-SOURCE
> Task :android-test-app:bundleReleaseClassesToCompileJar
> Task :okhttp:bundleLibRuntimeToJarRelease
> Task :okhttp:createFullJarRelease
> Task :android-test-app:generateReleaseAndroidTestLintModel
> Task :okhttp:generateReleaseLintModel
> Task :android-test-app:generateReleaseLintReportModel
> Task :android-test-app:generateReleaseUnitTestLintModel
> Task :okhttp:lintAnalyzeDebugAndroidTest
2025-04-11T03:09:02.8357073Z
> Task :okhttp-testing-support:compileKotlin
w: file:///home/runner/work/okhttp/okhttp/okhttp-testing-support/src/main/kotlin/okhttp3/CallEvent.kt:16:36 This code uses error suppression for 'INVISIBLE_REFERENCE'. While it might compile and work, the compiler behavior is UNSPECIFIED and WON'T BE PRESERVED. Please report your use case to the Kotlin issue tracker instead: https://kotl.in/issue
w: file:///home/runner/work/okhttp/okhttp/okhttp-testing-support/src/main/kotlin/okhttp3/ConnectionEvent.kt:16:36 This code uses error suppression for 'INVISIBLE_REFERENCE'. While it might compile and work, the compiler behavior is UNSPECIFIED and WON'T BE PRESERVED. Please report your use case to the Kotlin issue tracker instead: https://kotl.in/issue
w: file:///home/runner/work/okhttp/okhttp/okhttp-testing-support/src/main/kotlin/okhttp3/DelegatingSSLSession.kt:23:8 'class X509Certificate : Certificate' is deprecated. Deprecated in Java.
w: file:///home/runner/work/okhttp/okhttp/okhttp-testing-support/src/main/kotlin/okhttp3/DelegatingSSLSession.kt:64:16 This declaration overrides a deprecated member but is not marked as deprecated itself. Please add the '@Deprecated' annotation or suppress the diagnostic.
w: file:///home/runner/work/okhttp/okhttp/okhttp-testing-support/src/main/kotlin/okhttp3/DelegatingSSLSession.kt:64:49 'class X509Certificate : Certificate' is deprecated. Deprecated in Java.
w: file:///home/runner/work/okhttp/okhttp/okhttp-testing-support/src/main/kotlin/okhttp3/DelegatingSSLSession.kt:64:79 'val peerCertificateChain: Array<(out) X509Certificate!>!' is deprecated. Deprecated in Java.
w: file:///home/runner/work/okhttp/okhttp/okhttp-testing-support/src/main/kotlin/okhttp3/FakeSSLSession.kt:24:8 'class X509Certificate : Certificate' is deprecated. Deprecated in Java.
w: file:///home/runner/work/okhttp/okhttp/okhttp-testing-support/src/main/kotlin/okhttp3/FakeSSLSession.kt:57:16 This declaration overrides a deprecated member but is not marked as deprecated itself. Please add the '@Deprecated' annotation or suppress the diagnostic.
w: file:///home/runner/work/okhttp/okhttp/okhttp-testing-support/src/main/kotlin/okhttp3/FakeSSLSession.kt:57:49 'class X509Certificate : Certificate' is deprecated. Deprecated in Java.
w: file:///home/runner/work/okhttp/okhttp/okhttp-testing-support/src/main/kotlin/okhttp3/OkHttpClientTestRule.kt:16:36 This code uses error suppression for 'INVISIBLE_REFERENCE'. While it might compile and work, the compiler behavior is UNSPECIFIED and WON'T BE PRESERVED. Please report your use case to the Kotlin issue tracker instead: https://kotl.in/issue
w: file:///home/runner/work/okhttp/okhttp/okhttp-testing-support/src/main/kotlin/okhttp3/TestValueFactory.kt:17:3 This code uses error suppression for 'CANNOT_OVERRIDE_INVISIBLE_MEMBER'. While it might compile and work, the compiler behavior is UNSPECIFIED and WON'T BE PRESERVED. Please report your use case to the Kotlin issue tracker instead: https://kotl.in/issue
w: file:///home/runner/work/okhttp/okhttp/okhttp-testing-support/src/main/kotlin/okhttp3/TestValueFactory.kt:19:3 This code uses error suppression for 'INVISIBLE_REFERENCE'. While it might compile and work, the compiler behavior is UNSPECIFIED and WON'T BE PRESERVED. Please report your use case to the Kotlin issue tracker instead: https://kotl.in/issue
w: file:///home/runner/work/okhttp/okhttp/okhttp-testing-support/src/main/kotlin/okhttp3/internal/concurrent/TaskFaker.kt:16:36 This code uses error suppression for 'INVISIBLE_REFERENCE'. While it might compile and work, the compiler behavior is UNSPECIFIED and WON'T BE PRESERVED. Please report your use case to the Kotlin issue tracker instead: https://kotl.in/issue
w: file:///home/runner/work/okhttp/okhttp/okhttp-testing-support/src/main/kotlin/okhttp3/internal/http/RecordingProxySelector.kt:16:36 This code uses error suppression for 'INVISIBLE_REFERENCE'. While it might compile and work, the compiler behavior is UNSPECIFIED and WON'T BE PRESERVED. Please report your use case to the Kotlin issue tracker instead: https://kotl.in/issue
2025-04-11T03:09:02.9381618Z
> Task :okhttp-testing-support:compileJava NO-SOURCE
> Task :okhttp-testing-support:classes
> Task :okhttp-testing-support:jar
> Task :android-test-app:lintAnalyzeReleaseAndroidTest
> Task :okhttp:generateDebugUnitTestLintModel
> Task :android-test:generateDebugAndroidTestLintModel
> Task :android-test:generateDebugUnitTestLintModel
> Task :okhttp:lintAnalyzeDebug
> Task :okhttp:lintAnalyzeRelease
> Task :okhttp:lintAnalyzeDebugUnitTest
> Task :android-test-app:lintAnalyzeRelease
> Task :android-test-app:lintAnalyzeReleaseUnitTest
> Task :okhttp:generateReleaseUnitTestLintModel
> Task :android-test:lintAnalyzeDebug
> Task :logging-interceptor:apiBuild
> Task :logging-interceptor:apiCheck
> Task :logging-interceptor:checkstyleMain NO-SOURCE
> Task :logging-interceptor:generateJvmMainLintModel
> Task :mockwebserver3:generateJvmMainLintModel
> Task :mockwebserver3-junit5:generateJvmMainLintModel
> Task :okhttp-tls:generateJvmMainLintModel
> Task :okhttp-testing-support:generateJvmMainLintModel
> Task :logging-interceptor:generateJvmTestLintModel
> Task :android-test:lintAnalyzeDebugUnitTest
> Task :okhttp:lintAnalyzeReleaseUnitTest
2025-04-11T03:09:19.4356008Z
> Task :android-test-app:lintReportRelease
Wrote HTML report to file:///home/runner/work/okhttp/okhttp/android-test-app/build/reports/lint-results-release.html
2025-04-11T03:09:19.4367094Z
> Task :android-test-app:lintRelease
> Task :android-test-app:lint
> Task :android-test-app:check
2025-04-11T03:09:20.8356335Z
> Task :mockwebserver:compileKotlin
w: file:///home/runner/work/okhttp/okhttp/mockwebserver-deprecated/src/main/kotlin/okhttp3/mockwebserver/MockResponse.kt:16:36 This code uses error suppression for 'INVISIBLE_REFERENCE'. While it might compile and work, the compiler behavior is UNSPECIFIED and WON'T BE PRESERVED. Please report your use case to the Kotlin issue tracker instead: https://kotl.in/issue
2025-04-11T03:09:20.8363328Z
> Task :mockwebserver:compileJava NO-SOURCE
> Task :mockwebserver:classes UP-TO-DATE
> Task :logging-interceptor:lintAnalyzeJvmMain
> Task :mockwebserver:animalsnifferMain
> Task :mockwebserver:apiBuild
> Task :mockwebserver:apiCheck
> Task :mockwebserver:checkstyleMain NO-SOURCE
> Task :mockwebserver:generateJvmMainLintModel
> Task :mockwebserver:jar
> Task :mockwebserver:generateJvmTestLintModel
> Task :android-test:lintAnalyzeDebugAndroidTest
2025-04-11T03:09:25.9365841Z
> Task :android-test:lintReportDebug
Wrote HTML report to file:///home/runner/work/okhttp/okhttp/android-test/build/reports/lint-results-debug.html
2025-04-11T03:09:25.9369114Z
> Task :android-test:lintDebug
> Task :android-test:lint
> Task :android-test:check
> Task :logging-interceptor:lintAnalyzeJvmTest
> Task :logging-interceptor:lintReportJvm
> Task :logging-interceptor:lintJvm
> Task :logging-interceptor:lint
> Task :logging-interceptor:check
> Task :mockwebserver3:animalsnifferMain
> Task :mockwebserver3-junit4:animalsnifferMain
> Task :mockwebserver3:checkstyleMain NO-SOURCE
> Task :mockwebserver3:generateJvmTestLintModel
> Task :mockwebserver3:apiBuild
> Task :mockwebserver3:apiCheck
> Task :mockwebserver3-junit4:apiBuild
> Task :mockwebserver3-junit4:apiCheck
> Task :mockwebserver3-junit4:checkstyleMain NO-SOURCE
> Task :mockwebserver3-junit4:generateJvmMainLintModel
> Task :mockwebserver3-junit4:generateJvmTestLintModel
> Task :mockwebserver:lintAnalyzeJvmTest
> Task :mockwebserver3-junit4:lintAnalyzeJvmTest
2025-04-11T03:09:32.1381293Z
> Task :okhttp-java-net-cookiejar:compileKotlin
w: file:///home/runner/work/okhttp/okhttp/okhttp-java-net-cookiejar/src/main/kotlin/okhttp3/java/net/cookiejar/JavaNetCookieJar.kt:16:36 This code uses error suppression for 'INVISIBLE_REFERENCE'. While it might compile and work, the compiler behavior is UNSPECIFIED and WON'T BE PRESERVED. Please report your use case to the Kotlin issue tracker instead: https://kotl.in/issue
2025-04-11T03:09:32.2374684Z
> Task :okhttp-java-net-cookiejar:compileJava NO-SOURCE
> Task :okhttp-java-net-cookiejar:classes UP-TO-DATE
> Task :okhttp-java-net-cookiejar:jar
> Task :native-image-tests:compileKotlin NO-SOURCE
> Task :native-image-tests:compileJava NO-SOURCE
> Task :native-image-tests:classes UP-TO-DATE
> Task :native-image-tests:animalsnifferMain SKIPPED
> Task :native-image-tests:checkstyleMain NO-SOURCE
> Task :okhttp-brotli:generateJvmMainLintModel
> Task :okhttp-dnsoverhttps:generateJvmMainLintModel
> Task :okhttp-java-net-cookiejar:generateJvmMainLintModel
> Task :okhttp-sse:generateJvmMainLintModel
> Task :native-image-tests:generateJvmMainLintModel
> Task :mockwebserver3-junit5:animalsnifferMain
> Task :native-image-tests:jar
> Task :mockwebserver3-junit5:checkstyleMain NO-SOURCE
> Task :mockwebserver3-junit5:generateJvmTestLintModel
> Task :mockwebserver3-junit5:apiBuild
> Task :mockwebserver3-junit5:apiCheck
> Task :native-image-tests:generateJvmTestLintModel
> Task :mockwebserver3:lintAnalyzeJvmMain
> Task :mockwebserver3-junit5:lintAnalyzeJvmTest
> Task :mockwebserver3:lintAnalyzeJvmTest
2025-04-11T03:09:36.3357488Z
> Task :mockwebserver3:lintReportJvm
Wrote HTML report to file:///home/runner/work/okhttp/okhttp/mockwebserver/build/reports/lint-results.html
2025-04-11T03:09:36.3358876Z
> Task :mockwebserver3:lintJvm
> Task :mockwebserver3:lint
> Task :mockwebserver3:check
> Task :okhttp-brotli:lintAnalyzeJvmMain
> Task :mockwebserver3-junit5:lintAnalyzeJvmMain
> Task :mockwebserver3-junit5:lintReportJvm
> Task :mockwebserver3-junit5:lintJvm
> Task :mockwebserver3-junit5:lint
> Task :mockwebserver3-junit5:check
> Task :mockwebserver3-junit4:lintAnalyzeJvmMain
> Task :mockwebserver3-junit4:lintReportJvm
> Task :mockwebserver3-junit4:lintJvm
> Task :mockwebserver3-junit4:lint
> Task :mockwebserver3-junit4:check
> Task :okhttp-sse:lintAnalyzeJvmMain
> Task :mockwebserver:lintAnalyzeJvmMain
2025-04-11T03:09:41.6357514Z
> Task :mockwebserver:lintReportJvm
Wrote HTML report to file:///home/runner/work/okhttp/okhttp/mockwebserver-deprecated/build/reports/lint-results.html
2025-04-11T03:09:41.6359539Z
> Task :mockwebserver:lintJvm
> Task :mockwebserver:lint
> Task :mockwebserver:check
> Task :okhttp-java-net-cookiejar:lintAnalyzeJvmMain
> Task :okcurl:compileKotlin
> Task :okcurl:compileJava NO-SOURCE
> Task :okcurl:classes
> Task :okhttp-dnsoverhttps:lintAnalyzeJvmMain
2025-04-11T03:09:46.2355926Z
> Task :okhttp-coroutines:compileKotlin
w: file:///home/runner/work/okhttp/okhttp/okhttp-coroutines/src/main/kotlin/okhttp3/coroutines/ExecuteAsync.kt:48:24 'fun resume(value: Response, onCancellation: ((@ParameterName(...) Throwable) -> Unit)?): Unit' is deprecated. Use the overload that also accepts the `value` and the coroutine context in lambda.
2025-04-11T03:09:46.2361752Z
> Task :okhttp-coroutines:compileJava NO-SOURCE
> Task :okhttp-coroutines:classes UP-TO-DATE
2025-04-11T03:09:46.3361159Z
2025-04-11T03:09:46.3361691Z
> Task :okcurl:animalsnifferMain
2025-04-11T03:09:46.3363056Z
> Task :okcurl:checkstyleMain NO-SOURCE
26 AnimalSniffer violations were found in 1 files. See the report at: file:////home/runner/work/okhttp/okhttp/okcurl/build/reports/animalsniffer/main.text
2025-04-11T03:09:46.3366110Z
[Undefined reference | android-api-level-21-5.0.1_r2] okhttp3.curl.logging.(OneLineLogFormat.kt:1) field d
>> java.time.format.DateTimeFormatter
2025-04-11T03:09:46.3368666Z
[Undefined reference | android-api-level-21-5.0.1_r2] okhttp3.curl.logging.(OneLineLogFormat.kt:1) field offset
>> java.time.ZoneId
2025-04-11T03:09:46.3371673Z
[Undefined reference | android-api-level-21-5.0.1_r2] okhttp3.curl.logging.(OneLineLogFormat.kt:38)
>> java.time.format.DateTimeFormatterBuilder
2025-04-11T03:09:46.3374044Z
[Undefined reference | android-api-level-21-5.0.1_r2] okhttp3.curl.logging.(OneLineLogFormat.kt:38)
>> void java.time.format.DateTimeFormatterBuilder.<init>()
2025-04-11T03:09:46.3376639Z
[Undefined reference | android-api-level-21-5.0.1_r2] okhttp3.curl.logging.(OneLineLogFormat.kt:39)
>> java.time.temporal.ChronoField java.time.temporal.ChronoField.HOUR_OF_DAY
2025-04-11T03:09:46.3379532Z
[Undefined reference | android-api-level-21-5.0.1_r2] okhttp3.curl.logging.(OneLineLogFormat.kt:39)
>> java.time.temporal.TemporalField
2025-04-11T03:09:46.3382187Z
[Undefined reference | android-api-level-21-5.0.1_r2] okhttp3.curl.logging.(OneLineLogFormat.kt:39)
>> java.time.format.DateTimeFormatterBuilder java.time.format.DateTimeFormatterBuilder.appendValue(java.time.temporal.TemporalField, int)
2025-04-11T03:09:46.3386063Z
[Undefined reference | android-api-level-21-5.0.1_r2] okhttp3.curl.logging.(OneLineLogFormat.kt:40)
>> java.time.format.DateTimeFormatterBuilder java.time.format.DateTimeFormatterBuilder.appendLiteral(char)
2025-04-11T03:09:46.3389341Z
[Undefined reference | android-api-level-21-5.0.1_r2] okhttp3.curl.logging.(OneLineLogFormat.kt:41)
>> java.time.temporal.ChronoField java.time.temporal.ChronoField.MINUTE_OF_HOUR
2025-04-11T03:09:46.3392207Z
[Undefined reference | android-api-level-21-5.0.1_r2] okhttp3.curl.logging.(OneLineLogFormat.kt:41)
>> java.time.temporal.TemporalField
2025-04-11T03:09:46.3394495Z
[Undefined reference | android-api-level-21-5.0.1_r2] okhttp3.curl.logging.(OneLineLogFormat.kt:41)
>> java.time.format.DateTimeFormatterBuilder java.time.format.DateTimeFormatterBuilder.appendValue(java.time.temporal.TemporalField, int)
2025-04-11T03:09:46.3398469Z
[Undefined reference | android-api-level-21-5.0.1_r2] okhttp3.curl.logging.(OneLineLogFormat.kt:42)
>> java.time.format.DateTimeFormatterBuilder java.time.format.DateTimeFormatterBuilder.optionalStart()
2025-04-11T03:09:46.3401679Z
[Undefined reference | android-api-level-21-5.0.1_r2] okhttp3.curl.logging.(OneLineLogFormat.kt:43)
>> java.time.format.DateTimeFormatterBuilder java.time.format.DateTimeFormatterBuilder.appendLiteral(char)
2025-04-11T03:09:46.3404803Z
[Undefined reference | android-api-level-21-5.0.1_r2] okhttp3.curl.logging.(OneLineLogFormat.kt:44)
>> java.time.temporal.ChronoField java.time.temporal.ChronoField.SECOND_OF_MINUTE
2025-04-11T03:09:46.3427461Z
[Undefined reference | android-api-level-21-5.0.1_r2] okhttp3.curl.logging.(OneLineLogFormat.kt:44)
>> java.time.temporal.TemporalField
2025-04-11T03:09:46.3429234Z
[Undefined reference | android-api-level-21-5.0.1_r2] okhttp3.curl.logging.(OneLineLogFormat.kt:44)
>> java.time.format.DateTimeFormatterBuilder java.time.format.DateTimeFormatterBuilder.appendValue(java.time.temporal.TemporalField, int)
2025-04-11T03:09:46.3432499Z
[Undefined reference | android-api-level-21-5.0.1_r2] okhttp3.curl.logging.(OneLineLogFormat.kt:45)
>> java.time.format.DateTimeFormatterBuilder java.time.format.DateTimeFormatterBuilder.optionalStart()
2025-04-11T03:09:46.3435411Z
[Undefined reference | android-api-level-21-5.0.1_r2] okhttp3.curl.logging.(OneLineLogFormat.kt:46)
>> java.time.temporal.ChronoField java.time.temporal.ChronoField.NANO_OF_SECOND
2025-04-11T03:09:46.3437743Z
[Undefined reference | android-api-level-21-5.0.1_r2] okhttp3.curl.logging.(OneLineLogFormat.kt:46)
>> java.time.temporal.TemporalField
2025-04-11T03:09:46.3439599Z
[Undefined reference | android-api-level-21-5.0.1_r2] okhttp3.curl.logging.(OneLineLogFormat.kt:46)
>> java.time.format.DateTimeFormatterBuilder java.time.format.DateTimeFormatterBuilder.appendFraction(java.time.temporal.TemporalField, int, int, boolean)
2025-04-11T03:09:46.3482424Z
[Undefined reference | android-api-level-21-5.0.1_r2] okhttp3.curl.logging.(OneLineLogFormat.kt:47)
>> java.time.format.DateTimeFormatter java.time.format.DateTimeFormatterBuilder.toFormatter()
2025-04-11T03:09:46.3484952Z
[Undefined reference | android-api-level-21-5.0.1_r2] okhttp3.curl.logging.(OneLineLogFormat.kt:49)
>> java.time.ZoneId java.time.ZoneOffset.systemDefault()
2025-04-11T03:09:46.3486891Z
[Undefined reference | android-api-level-21-5.0.1_r2] okhttp3.curl.logging.(OneLineLogFormat.kt:54)
>> java.time.Instant java.time.Instant.ofEpochMilli(long)
2025-04-11T03:09:46.3488780Z
[Undefined reference | android-api-level-21-5.0.1_r2] okhttp3.curl.logging.(OneLineLogFormat.kt:54)
>> java.time.ZonedDateTime java.time.Instant.atZone(java.time.ZoneId)
2025-04-11T03:09:46.3491285Z
[Undefined reference | android-api-level-21-5.0.1_r2] okhttp3.curl.logging.(OneLineLogFormat.kt:60)
>> String java.time.ZonedDateTime.format(java.time.format.DateTimeFormatter)
2025-04-11T03:09:46.3493804Z
[Undefined reference | android-api-level-21-5.0.1_r2] okhttp3.curl.logging.(OneLineLogFormat.kt:62)
>> String java.time.ZonedDateTime.format(java.time.format.DateTimeFormatter)
2025-04-11T03:09:46.3496056Z
> Task :okcurl:generateJvmMainLintModel
> Task :okhttp-coroutines:jar
> Task :okcurl:jar
> Task :okcurl:generateJvmTestLintModel
2025-04-11T03:09:47.0355705Z
> Task :okhttp-urlconnection:compileKotlin
w: file:///home/runner/work/okhttp/okhttp/okhttp-urlconnection/src/main/kotlin/okhttp3/JavaNetCookieJar.kt:16:36 This code uses error suppression for 'INVISIBLE_REFERENCE'. While it might compile and work, the compiler behavior is UNSPECIFIED and WON'T BE PRESERVED. Please report your use case to the Kotlin issue tracker instead: https://kotl.in/issue
2025-04-11T03:09:51.1391151Z
> Task :okcurl:lintAnalyzeJvmTest
> Task :okhttp-urlconnection:compileJava NO-SOURCE
> Task :okhttp-urlconnection:classes UP-TO-DATE
> Task :okhttp-urlconnection:jar
> Task :okcurl:lintAnalyzeJvmMain
> Task :okcurl:lintReportJvm
> Task :okcurl:lintJvm
> Task :okcurl:lint
> Task :okcurl:check
> Task :native-image-tests:lintAnalyzeJvmTest
> Task :okhttp-brotli:animalsnifferMain
> Task :okhttp-brotli:apiBuild
> Task :okhttp-tls:lintAnalyzeJvmMain
2025-04-11T03:09:56.3356227Z
> Task :okhttp:compileReleaseUnitTestKotlinAndroid
w: file:///home/runner/work/okhttp/okhttp/okhttp/src/androidUnitTest/kotlin/okhttp3/test/BaseJavaTest.android.kt:26:1 'expect'/'actual' classes (including interfaces, objects, annotations, enums, and 'actual' typealiases) are in Beta. You can use -Xexpect-actual-classes flag to suppress this warning. Also see: https://youtrack.jetbrains.com/issue/KT-61573
w: file:///home/runner/work/okhttp/okhttp/okhttp/src/commonTest/kotlin/okhttp3/test/BaseJavaTest.kt:18:1 'expect'/'actual' classes (including interfaces, objects, annotations, enums, and 'actual' typealiases) are in Beta. You can use -Xexpect-actual-classes flag to suppress this warning. Also see: https://youtrack.jetbrains.com/issue/KT-61573
2025-04-11T03:09:56.3372068Z
> Task :okhttp:compileReleaseUnitTestJavaWithJavac NO-SOURCE
2025-04-11T03:09:56.3372922Z
> Task :okhttp:compileDebugUnitTestKotlinAndroid
w: file:///home/runner/work/okhttp/okhttp/okhttp/src/androidUnitTest/kotlin/okhttp3/test/BaseJavaTest.android.kt:26:1 'expect'/'actual' classes (including interfaces, objects, annotations, enums, and 'actual' typealiases) are in Beta. You can use -Xexpect-actual-classes flag to suppress this warning. Also see: https://youtrack.jetbrains.com/issue/KT-61573
w: file:///home/runner/work/okhttp/okhttp/okhttp/src/commonTest/kotlin/okhttp3/test/BaseJavaTest.kt:18:1 'expect'/'actual' classes (including interfaces, objects, annotations, enums, and 'actual' typealiases) are in Beta. You can use -Xexpect-actual-classes flag to suppress this warning. Also see: https://youtrack.jetbrains.com/issue/KT-61573
2025-04-11T03:09:56.4356385Z
> Task :okhttp-brotli:apiCheck
> Task :okhttp:processReleaseUnitTestJavaRes
> Task :okhttp-brotli:checkstyleMain NO-SOURCE
> Task :okhttp:compileDebugUnitTestJavaWithJavac NO-SOURCE
> Task :okhttp:processDebugUnitTestJavaRes
> Task :okhttp-brotli:generateJvmTestLintModel
> Task :okhttp-brotli:lintAnalyzeJvmTest
> Task :okhttp-brotli:lintReportJvm
> Task :okhttp-brotli:lintJvm
> Task :okhttp-brotli:lint
> Task :okhttp-brotli:check
> Task :okhttp-coroutines:animalsnifferMain
> Task :okhttp-coroutines:apiBuild
> Task :okhttp-coroutines:apiCheck
> Task :okhttp-coroutines:checkstyleMain NO-SOURCE
> Task :okhttp-coroutines:generateJvmMainLintModel
> Task :okhttp-coroutines:generateJvmTestLintModel
> Task :okhttp-coroutines:lintAnalyzeJvmMain
> Task :okhttp-coroutines:lintAnalyzeJvmTest
> Task :okhttp-coroutines:lintReportJvm
> Task :okhttp-coroutines:lintJvm
> Task :okhttp-coroutines:lint
> Task :okhttp-coroutines:check
> Task :okhttp-dnsoverhttps:animalsnifferMain
> Task :okhttp-dnsoverhttps:apiBuild
> Task :okhttp-dnsoverhttps:apiCheck
> Task :okhttp-dnsoverhttps:checkstyleMain NO-SOURCE
> Task :okhttp-dnsoverhttps:generateJvmTestLintModel
> Task :okhttp-dnsoverhttps:lintAnalyzeJvmTest
> Task :okhttp-dnsoverhttps:lintReportJvm
> Task :okhttp-dnsoverhttps:lintJvm
> Task :okhttp-dnsoverhttps:lint
> Task :okhttp-dnsoverhttps:check
> Task :okhttp-hpacktests:generateJvmTestLintModel
> Task :okhttp:testDebugUnitTest
> Task :okhttp:compileTestKotlinJvm
> Task :okhttp-hpacktests:lintAnalyzeJvmTest
> Task :okhttp-testing-support:lintAnalyzeJvmMain
> Task :okhttp-hpacktests:lintReportJvm
> Task :okhttp-hpacktests:lintJvm
> Task :okhttp-hpacktests:lint
> Task :okhttp-hpacktests:check
> Task :okhttp-java-net-cookiejar:animalsnifferMain
> Task :okhttp-java-net-cookiejar:apiBuild
> Task :okhttp-java-net-cookiejar:apiCheck
> Task :okhttp-java-net-cookiejar:checkstyleMain NO-SOURCE
> Task :okhttp-java-net-cookiejar:generateJvmTestLintModel
> Task :native-image-tests:lintAnalyzeJvmMain
> Task :native-image-tests:lintReportJvm
> Task :native-image-tests:lintJvm
> Task :native-image-tests:lint
> Task :native-image-tests:check
> Task :okhttp-osgi-tests:compileKotlin NO-SOURCE
> Task :okhttp-osgi-tests:compileJava NO-SOURCE
> Task :okhttp-osgi-tests:classes UP-TO-DATE
> Task :okhttp-osgi-tests:animalsnifferMain SKIPPED
> Task :okhttp-osgi-tests:checkstyleMain NO-SOURCE
> Task :okhttp-urlconnection:generateJvmMainLintModel
> Task :okhttp-osgi-tests:generateJvmMainLintModel
> Task :okhttp-osgi-tests:jar
> Task :okhttp-osgi-tests:generateJvmTestLintModel
> Task :okhttp-java-net-cookiejar:lintAnalyzeJvmTest
> Task :okhttp-java-net-cookiejar:lintReportJvm
> Task :okhttp-java-net-cookiejar:lintJvm
> Task :okhttp-java-net-cookiejar:lint
> Task :okhttp-java-net-cookiejar:check
> Task :okhttp:testReleaseUnitTest
> Task :okhttp-urlconnection:lintAnalyzeJvmMain
> Task :okhttp:androidApiBuild
> Task :okhttp:androidApiCheck
> Task :okhttp-osgi-tests:lintAnalyzeJvmTest
> Task :okhttp:generateDebugLintReportModel
> Task :okhttp:jvmApiBuild
> Task :okhttp:jvmApiCheck
> Task :okhttp:apiCheck
> Task :okhttp:lintReportDebug
> Task :okhttp:lintDebug
> Task :okhttp:lint
> Task :okhttp-testing-support:animalsnifferMain SKIPPED
> Task :okhttp-testing-support:checkstyleMain NO-SOURCE
> Task :okhttp-testing-support:generateJvmTestLintModel
> Task :okhttp-sse:animalsnifferMain
> Task :okhttp-sse:apiBuild
> Task :okhttp-sse:apiCheck
> Task :okhttp-sse:checkstyleMain NO-SOURCE
> Task :okhttp-sse:generateJvmTestLintModel
> Task :okhttp-osgi-tests:lintAnalyzeJvmMain
> Task :okhttp-osgi-tests:lintReportJvm
> Task :okhttp-osgi-tests:lintJvm
> Task :okhttp-osgi-tests:lint
> Task :okhttp-osgi-tests:check
> Task :okhttp-tls:animalsnifferMain
> Task :okhttp-tls:apiBuild
> Task :okhttp-tls:apiCheck
> Task :okhttp-tls:checkstyleMain NO-SOURCE
> Task :okhttp-tls:generateJvmTestLintModel
> Task :okhttp-testing-support:lintAnalyzeJvmTest
2025-04-11T03:10:41.1356133Z
> Task :okhttp-testing-support:lintReportJvm
Wrote HTML report to file:///home/runner/work/okhttp/okhttp/okhttp-testing-support/build/reports/lint-results.html
2025-04-11T03:10:41.1359590Z
> Task :okhttp-testing-support:lintJvm
> Task :okhttp-testing-support:lint
> Task :okhttp-testing-support:check
> Task :okhttp-sse:lintAnalyzeJvmTest
> Task :okhttp-sse:lintReportJvm
> Task :okhttp-sse:lintJvm
> Task :okhttp-sse:lint
> Task :okhttp-sse:check
2025-04-11T03:10:41.4392715Z
> Task :regression-test:lintReportDebug
Wrote HTML report to file:///home/runner/work/okhttp/okhttp/regression-test/build/reports/lint-results-debug.html
2025-04-11T03:10:41.4396151Z
> Task :regression-test:lintDebug
> Task :regression-test:lint
> Task :regression-test:check
> Task :samples:compare:generateJvmTestLintModel
> Task :okhttp-urlconnection:animalsnifferMain
> Task :okhttp-urlconnection:apiBuild
> Task :okhttp-urlconnection:apiCheck
> Task :okhttp-urlconnection:checkstyleMain NO-SOURCE
> Task :okhttp-urlconnection:generateJvmTestLintModel
> Task :samples:compare:lintAnalyzeJvmTest
> Task :samples:compare:lintReportJvm
> Task :samples:compare:lintJvm
> Task :samples:compare:lint
> Task :samples:compare:sympathyForMrMaven
> Task :samples:compare:check
> Task :samples:crawler:checkKotlinGradlePluginConfigurationErrors SKIPPED
> Task :samples:crawler:compileKotlin NO-SOURCE
> Task :samples:crawler:compileJava FROM-CACHE
> Task :samples:crawler:processResources NO-SOURCE
> Task :samples:crawler:classes UP-TO-DATE
> Task :okhttp-urlconnection:lintAnalyzeJvmTest
> Task :okhttp-urlconnection:lintReportJvm
> Task :okhttp-urlconnection:lintJvm
> Task :okhttp-urlconnection:lint
> Task :okhttp-urlconnection:check
> Task :samples:guide:checkKotlinGradlePluginConfigurationErrors SKIPPED
> Task :samples:crawler:animalsnifferMain
> Task :samples:crawler:checkstyleMain FROM-CACHE
> Task :samples:crawler:generateJvmMainLintModel
> Task :samples:crawler:jar
> Task :samples:crawler:generateJvmTestLintModel
2025-04-11T03:10:48.9385506Z
> Task :okhttp:compileTestKotlinJvm
w: file:///home/runner/work/okhttp/okhttp/okhttp/src/commonTest/kotlin/okhttp3/test/BaseJavaTest.kt:18:1 'expect'/'actual' classes (including interfaces, objects, annotations, enums, and 'actual' typealiases) are in Beta. You can use -Xexpect-actual-classes flag to suppress this warning. Also see: https://youtrack.jetbrains.com/issue/KT-61573
w: file:///home/runner/work/okhttp/okhttp/okhttp/src/jvmTest/kotlin/okhttp3/CacheControlJvmTest.kt:152:41 'fun <T> Assert<T>.isSameAs(expected: T): Unit' is deprecated. renamed to isSameInstanceAs.
w: file:///home/runner/work/okhttp/okhttp/okhttp/src/jvmTest/kotlin/okhttp3/CacheControlJvmTest.kt:196:41 'fun <T> Assert<T>.isSameAs(expected: T): Unit' is deprecated. renamed to isSameInstanceAs.
w: file:///home/runner/work/okhttp/okhttp/okhttp/src/jvmTest/kotlin/okhttp3/CallKotlinTest.kt:254:32 'fun Assert<Any?>.isNotSameAs(expected: Any?): Unit' is deprecated. renamed to isNotSameInstanceAs.
w: file:///home/runner/work/okhttp/okhttp/okhttp/src/jvmTest/kotlin/okhttp3/CallKotlinTest.kt:277:32 'fun Assert<Any?>.isNotSameAs(expected: Any?): Unit' is deprecated. renamed to isNotSameInstanceAs.
w: file:///home/runner/work/okhttp/okhttp/okhttp/src/jvmTest/kotlin/okhttp3/CallTest.kt:1634:37 'fun Assert<Any?>.isNotSameAs(expected: Any?): Unit' is deprecated. renamed to isNotSameInstanceAs.
w: file:///home/runner/work/okhttp/okhttp/okhttp/src/jvmTest/kotlin/okhttp3/CertificatePinnerTest.kt:88:23 'fun check(hostname: String, vararg peerCertificates: Certificate): Unit' is deprecated. replaced with {@link #check(String, List)}.
w: file:///home/runner/work/okhttp/okhttp/okhttp/src/jvmTest/kotlin/okhttp3/CertificatePinnerTest.kt:112:25 'fun check(hostname: String, vararg peerCertificates: Certificate): Unit' is deprecated. replaced with {@link #check(String, List)}.
w: file:///home/runner/work/okhttp/okhttp/okhttp/src/jvmTest/kotlin/okhttp3/CipherSuiteTest.kt:46:8 'fun <T> Assert<T>.isSameAs(expected: T): Unit' is deprecated. renamed to isSameInstanceAs.
w: file:///home/runner/work/okhttp/okhttp/okhttp/src/jvmTest/kotlin/okhttp3/CipherSuiteTest.kt:48:8 'fun <T> Assert<T>.isSameAs(expected: T): Unit' is deprecated. renamed to isSameInstanceAs.
w: file:///home/runner/work/okhttp/okhttp/okhttp/src/jvmTest/kotlin/okhttp3/CipherSuiteTest.kt:61:8 'fun <T> Assert<T>.isSameAs(expected: T): Unit' is deprecated. renamed to isSameInstanceAs.
w: file:///home/runner/work/okhttp/okhttp/okhttp/src/jvmTest/kotlin/okhttp3/ConnectionSpecTest.kt:80:10 'fun supportsTlsExtensions(supportsTlsExtensions: Boolean): ConnectionSpec.Builder' is deprecated. since OkHttp 3.13 all TLS-connections are expected to support TLS extensions.
In a future release setting this to true will be unnecessary and setting it to false
will have no effect.
w: file:///home/runner/work/okhttp/okhttp/okhttp/src/jvmTest/kotlin/okhttp3/ConnectionSpecTest.kt:95:10 'fun supportsTlsExtensions(supportsTlsExtensions: Boolean): ConnectionSpec.Builder' is deprecated. since OkHttp 3.13 all TLS-connections are expected to support TLS extensions.
In a future release setting this to true will be unnecessary and setting it to false
will have no effect.
w: file:///home/runner/work/okhttp/okhttp/okhttp/src/jvmTest/kotlin/okhttp3/ConnectionSpecTest.kt:111:10 'fun supportsTlsExtensions(supportsTlsExtensions: Boolean): ConnectionSpec.Builder' is deprecated. since OkHttp 3.13 all TLS-connections are expected to support TLS extensions.
In a future release setting this to true will be unnecessary and setting it to false
will have no effect.
w: file:///home/runner/work/okhttp/okhttp/okhttp/src/jvmTest/kotlin/okhttp3/ConnectionSpecTest.kt:144:10 'fun supportsTlsExtensions(supportsTlsExtensions: Boolean): ConnectionSpec.Builder' is deprecated. since OkHttp 3.13 all TLS-connections are expected to support TLS extensions.
In a future release setting this to true will be unnecessary and setting it to false
will have no effect.
w: file:///home/runner/work/okhttp/okhttp/okhttp/src/jvmTest/kotlin/okhttp3/ConnectionSpecTest.kt:181:10 'fun supportsTlsExtensions(supportsTlsExtensions: Boolean): ConnectionSpec.Builder' is deprecated. since OkHttp 3.13 all TLS-connections are expected to support TLS extensions.
In a future release setting this to true will be unnecessary and setting it to false
will have no effect.
w: file:///home/runner/work/okhttp/okhttp/okhttp/src/jvmTest/kotlin/okhttp3/ConnectionSpecTest.kt:228:10 'fun supportsTlsExtensions(supportsTlsExtensions: Boolean): ConnectionSpec.Builder' is deprecated. since OkHttp 3.13 all TLS-connections are expected to support TLS extensions.
In a future release setting this to true will be unnecessary and setting it to false
will have no effect.
w: file:///home/runner/work/okhttp/okhttp/okhttp/src/jvmTest/kotlin/okhttp3/ConnectionSpecTest.kt:374:10 'fun supportsTlsExtensions(supportsTlsExtensions: Boolean): ConnectionSpec.Builder' is deprecated. since OkHttp 3.13 all TLS-connections are expected to support TLS extensions.
In a future release setting this to true will be unnecessary and setting it to false
will have no effect.
w: file:///home/runner/work/okhttp/okhttp/okhttp/src/jvmTest/kotlin/okhttp3/EventListenerTest.kt:677:31 'fun <T> Assert<T>.isSameAs(expected: T): Unit' is deprecated. renamed to isSameInstanceAs.
w: file:///home/runner/work/okhttp/okhttp/okhttp/src/jvmTest/kotlin/okhttp3/EventListenerTest.kt:680:29 'fun <T> Assert<T>.isSameAs(expected: T): Unit' is deprecated. renamed to isSameInstanceAs.
w: file:///home/runner/work/okhttp/okhttp/okhttp/src/jvmTest/kotlin/okhttp3/EventListenerTest.kt:770:33 'fun <T> Assert<T>.isSameAs(expected: T): Unit' is deprecated. renamed to isSameInstanceAs.
w: file:///home/runner/work/okhttp/okhttp/okhttp/src/jvmTest/kotlin/okhttp3/EventListenerTest.kt:794:33 'fun <T> Assert<T>.isSameAs(expected: T): Unit' is deprecated. renamed to isSameInstanceAs.
w: file:///home/runner/work/okhttp/okhttp/okhttp/src/jvmTest/kotlin/okhttp3/EventListenerTest.kt:816:35 'fun <T> Assert<T>.isSameAs(expected: T): Unit' is deprecated. renamed to isSameInstanceAs.
w: file:///home/runner/work/okhttp/okhttp/okhttp/src/jvmTest/kotlin/okhttp3/EventListenerTest.kt:820:33 'fun <T> Assert<T>.isSameAs(expected: T): Unit' is deprecated. renamed to isSameInstanceAs.
w: file:///home/runner/work/okhttp/okhttp/okhttp/src/jvmTest/kotlin/okhttp3/EventListenerTest.kt:847:35 'fun <T> Assert<T>.isSameAs(expected: T): Unit' is deprecated. renamed to isSameInstanceAs.
w: file:///home/runner/work/okhttp/okhttp/okhttp/src/jvmTest/kotlin/okhttp3/EventListenerTest.kt:851:36 'fun <T> Assert<T>.isSameAs(expected: T): Unit' is deprecated. renamed to isSameInstanceAs.
w: file:///home/runner/work/okhttp/okhttp/okhttp/src/jvmTest/kotlin/okhttp3/EventListenerTest.kt:910:35 'fun <T> Assert<T>.isSameAs(expected: T): Unit' is deprecated. renamed to isSameInstanceAs.
w: file:///home/runner/work/okhttp/okhttp/okhttp/src/jvmTest/kotlin/okhttp3/EventListenerTest.kt:916:33 'fun <T> Assert<T>.isSameAs(expected: T): Unit' is deprecated. renamed to isSameInstanceAs.
w: file:///home/runner/work/okhttp/okhttp/okhttp/src/jvmTest/kotlin/okhttp3/EventListenerTest.kt:948:35 'fun <T> Assert<T>.isSameAs(expected: T): Unit' is deprecated. renamed to isSameInstanceAs.
w: file:///home/runner/work/okhttp/okhttp/okhttp/src/jvmTest/kotlin/okhttp3/EventListenerTest.kt:952:33 'fun <T> Assert<T>.isSameAs(expected: T): Unit' is deprecated. renamed to isSameInstanceAs.
w: file:///home/runner/work/okhttp/okhttp/okhttp/src/jvmTest/kotlin/okhttp3/EventListenerTest.kt:1014:34 'fun <T> Assert<T>.isSameAs(expected: T): Unit' is deprecated. renamed to isSameInstanceAs.
w: file:///home/runner/work/okhttp/okhttp/okhttp/src/jvmTest/kotlin/okhttp3/EventListenerTest.kt:1016:32 'fun <T> Assert<T>.isSameAs(expected: T): Unit' is deprecated. renamed to isSameInstanceAs.
w: file:///home/runner/work/okhttp/okhttp/okhttp/src/jvmTest/kotlin/okhttp3/EventListenerTest.kt:1040:34 'fun <T> Assert<T>.isSameAs(expected: T): Unit' is deprecated. renamed to isSameInstanceAs.
w: file:///home/runner/work/okhttp/okhttp/okhttp/src/jvmTest/kotlin/okhttp3/EventListenerTest.kt:1042:33 'fun <T> Assert<T>.isSameAs(expected: T): Unit' is deprecated. renamed to isSameInstanceAs.
w: file:///home/runner/work/okhttp/okhttp/okhttp/src/jvmTest/kotlin/okhttp3/EventListenerTest.kt:1072:34 'fun <T> Assert<T>.isSameAs(expected: T): Unit' is deprecated. renamed to isSameInstanceAs.
w: file:///home/runner/work/okhttp/okhttp/okhttp/src/jvmTest/kotlin/okhttp3/EventListenerTest.kt:1074:32 'fun <T> Assert<T>.isSameAs(expected: T): Unit' is deprecated. renamed to isSameInstanceAs.
w: file:///home/runner/work/okhttp/okhttp/okhttp/src/jvmTest/kotlin/okhttp3/EventListenerTest.kt:1161:41 'fun <T> Assert<T>.isSameAs(expected: T): Unit' is deprecated. renamed to isSameInstanceAs.
w: file:///home/runner/work/okhttp/okhttp/okhttp/src/jvmTest/kotlin/okhttp3/EventListenerTest.kt:1223:48 'fun <T> Assert<T>.isSameAs(expected: T): Unit' is deprecated. renamed to isSameInstanceAs.
w: file:///home/runner/work/okhttp/okhttp/okhttp/src/jvmTest/kotlin/okhttp3/HeadersJvmTest.kt:154:36 Unchecked cast of 'kotlin.collections.Map<kotlin.String, kotlin.Nothing?>' to 'kotlin.collections.Map<kotlin.String, kotlin.String>'.
w: file:///home/runner/work/okhttp/okhttp/okhttp/src/jvmTest/kotlin/okhttp3/OkHttpClientTest.kt:152:30 'fun <T> Assert<T>.isSameAs(expected: T): Unit' is deprecated. renamed to isSameInstanceAs.
w: file:///home/runner/work/okhttp/okhttp/okhttp/src/jvmTest/kotlin/okhttp3/OkHttpClientTest.kt:153:34 'fun <T> Assert<T>.isSameAs(expected: T): Unit' is deprecated. renamed to isSameInstanceAs.
w: file:///home/runner/work/okhttp/okhttp/okhttp/src/jvmTest/kotlin/okhttp3/OkHttpClientTest.kt:154:36 'fun <T> Assert<T>.isSameAs(expected: T): Unit' is deprecated. renamed to isSameInstanceAs.
w: file:///home/runner/work/okhttp/okhttp/okhttp/src/jvmTest/kotlin/okhttp3/OkHttpClientTest.kt:155:36 'fun <T> Assert<T>.isSameAs(expected: T): Unit' is deprecated. renamed to isSameInstanceAs.
w: file:///home/runner/work/okhttp/okhttp/okhttp/src/jvmTest/kotlin/okhttp3/OkHttpClientTest.kt:173:48 Unchecked cast of 'kotlin.collections.List<kotlin.Nothing?>' to 'kotlin.collections.List<okhttp3.Interceptor>'.
w: file:///home/runner/work/okhttp/okhttp/okhttp/src/jvmTest/kotlin/okhttp3/OkHttpClientTest.kt:183:55 Unchecked cast of 'kotlin.collections.List<kotlin.Nothing?>' to 'kotlin.collections.List<okhttp3.Interceptor>'.
w: file:///home/runner/work/okhttp/okhttp/okhttp/src/jvmTest/kotlin/okhttp3/OkHttpClientTest.kt:270:9 Unchecked cast of 'okhttp3.<anonymous>' to 'kotlin.collections.List<okhttp3.Protocol>'.
w: file:///home/runner/work/okhttp/okhttp/okhttp/src/jvmTest/kotlin/okhttp3/OkHttpClientTest.kt:291:30 Unchecked cast of 'kotlin.collections.MutableList<okhttp3.Protocol?>' to 'kotlin.collections.List<okhttp3.Protocol>'.
w: file:///home/runner/work/okhttp/okhttp/okhttp/src/jvmTest/kotlin/okhttp3/OkHttpClientTest.kt:321:30 'fun <T> Assert<T>.isSameAs(expected: T): Unit' is deprecated. renamed to isSameInstanceAs.
w: file:///home/runner/work/okhttp/okhttp/okhttp/src/jvmTest/kotlin/okhttp3/RequestCommonTest.kt:230:36 'fun <T> Assert<T>.isSameAs(expected: T): Unit' is deprecated. renamed to isSameInstanceAs.
w: file:///home/runner/work/okhttp/okhttp/okhttp/src/jvmTest/kotlin/okhttp3/RequestCommonTest.kt:231:41 'fun <T> Assert<T>.isSameAs(expected: T): Unit' is deprecated. renamed to isSameInstanceAs.
w: file:///home/runner/work/okhttp/okhttp/okhttp/src/jvmTest/kotlin/okhttp3/RequestCommonTest.kt:235:36 'fun <T> Assert<T>.isSameAs(expected: T): Unit' is deprecated. renamed to isSameInstanceAs.
w: file:///home/runner/work/okhttp/okhttp/okhttp/src/jvmTest/kotlin/okhttp3/RequestCommonTest.kt:236:41 'fun <T> Assert<T>.isSameAs(expected: T): Unit' is deprecated. renamed to isSameInstanceAs.
w: file:///home/runner/work/okhttp/okhttp/okhttp/src/jvmTest/kotlin/okhttp3/RequestCommonTest.kt:271:36 'fun <T> Assert<T>.isSameAs(expected: T): Unit' is deprecated. renamed to isSameInstanceAs.
w: file:///home/runner/work/okhttp/okhttp/okhttp/src/jvmTest/kotlin/okhttp3/RequestCommonTest.kt:272:41 'fun <T> Assert<T>.isSameAs(expected: T): Unit' is deprecated. renamed to isSameInstanceAs.
w: file:///home/runner/work/okhttp/okhttp/okhttp/src/jvmTest/kotlin/okhttp3/RequestCommonTest.kt:276:41 'fun <T> Assert<T>.isSameAs(expected: T): Unit' is deprecated. renamed to isSameInstanceAs.
w: file:///home/runner/work/okhttp/okhttp/okhttp/src/jvmTest/kotlin/okhttp3/RequestCommonTest.kt:277:36 'fun <T> Assert<T>.isSameAs(expected: T): Unit' is deprecated. renamed to isSameInstanceAs.
w: file:///home/runner/work/okhttp/okhttp/okhttp/src/jvmTest/kotlin/okhttp3/RequestCommonTest.kt:289:39 'fun <T> Assert<T>.isSameAs(expected: T): Unit' is deprecated. renamed to isSameInstanceAs.
w: file:///home/runner/work/okhttp/okhttp/okhttp/src/jvmTest/kotlin/okhttp3/RequestCommonTest.kt:293:44 'fun <T> Assert<T>.isSameAs(expected: T): Unit' is deprecated. renamed to isSameInstanceAs.
w: file:///home/runner/work/okhttp/okhttp/okhttp/src/jvmTest/kotlin/okhttp3/RequestCommonTest.kt:306:44 'fun <T> Assert<T>.isSameAs(expected: T): Unit' is deprecated. renamed to isSameInstanceAs.
w: file:///home/runner/work/okhttp/okhttp/okhttp/src/jvmTest/kotlin/okhttp3/RequestCommonTest.kt:309:44 'fun <T> Assert<T>.isSameAs(expected: T): Unit' is deprecated. renamed to isSameInstanceAs.
w: file:///home/runner/work/okhttp/okhttp/okhttp/src/jvmTest/kotlin/okhttp3/RequestCommonTest.kt:310:39 'fun <T> Assert<T>.isSameAs(expected: T): Unit' is deprecated. renamed to isSameInstanceAs.
w: file:///home/runner/work/okhttp/okhttp/okhttp/src/jvmTest/kotlin/okhttp3/RequestCommonTest.kt:324:44 'fun <T> Assert<T>.isSameAs(expected: T): Unit' is deprecated. renamed to isSameInstanceAs.
w: file:///home/runner/work/okhttp/okhttp/okhttp/src/jvmTest/kotlin/okhttp3/RequestCommonTest.kt:340:36 'fun <T> Assert<T>.isSameAs(expected: T): Unit' is deprecated. renamed to isSameInstanceAs.
w: file:///home/runner/work/okhttp/okhttp/okhttp/src/jvmTest/kotlin/okhttp3/RequestCommonTest.kt:341:41 'fun <T> Assert<T>.isSameAs(expected: T): Unit' is deprecated. renamed to isSameInstanceAs.
w: file:///home/runner/work/okhttp/okhttp/okhttp/src/jvmTest/kotlin/okhttp3/RequestCommonTest.kt:342:44 'fun <T> Assert<T>.isSameAs(expected: T): Unit' is deprecated. renamed to isSameInstanceAs.
w: file:///home/runner/work/okhttp/okhttp/okhttp/src/jvmTest/kotlin/okhttp3/RequestCommonTest.kt:358:45 'fun <T> Assert<T>.isSameAs(expected: T): Unit' is deprecated. renamed to isSameInstanceAs.
w: file:///home/runner/work/okhttp/okhttp/okhttp/src/jvmTest/kotlin/okhttp3/RequestCommonTest.kt:359:45 'fun <T> Assert<T>.isSameAs(expected: T): Unit' is deprecated. renamed to isSameInstanceAs.
w: file:///home/runner/work/okhttp/okhttp/okhttp/src/jvmTest/kotlin/okhttp3/RequestCommonTest.kt:360:45 'fun <T> Assert<T>.isSameAs(expected: T): Unit' is deprecated. renamed to isSameInstanceAs.
w: file:///home/runner/work/okhttp/okhttp/okhttp/src/jvmTest/kotlin/okhttp3/RequestTest.kt:379:31 'fun <T> Assert<T>.isSameAs(expected: T): Unit' is deprecated. renamed to isSameInstanceAs.
w: file:///home/runner/work/okhttp/okhttp/okhttp/src/jvmTest/kotlin/okhttp3/RequestTest.kt:380:46 'fun <T> Assert<T>.isSameAs(expected: T): Unit' is deprecated. renamed to isSameInstanceAs.
w: file:///home/runner/work/okhttp/okhttp/okhttp/src/jvmTest/kotlin/okhttp3/RequestTest.kt:385:36 'fun <T> Assert<T>.isSameAs(expected: T): Unit' is deprecated. renamed to isSameInstanceAs.
w: file:///home/runner/work/okhttp/okhttp/okhttp/src/jvmTest/kotlin/okhttp3/RequestTest.kt:386:41 'fun <T> Assert<T>.isSameAs(expected: T): Unit' is deprecated. renamed to isSameInstanceAs.
w: file:///home/runner/work/okhttp/okhttp/okhttp/src/jvmTest/kotlin/okhttp3/RequestTest.kt:421:31 'fun <T> Assert<T>.isSameAs(expected: T): Unit' is deprecated. renamed to isSameInstanceAs.
w: file:///home/runner/work/okhttp/okhttp/okhttp/src/jvmTest/kotlin/okhttp3/RequestTest.kt:422:46 'fun <T> Assert<T>.isSameAs(expected: T): Unit' is deprecated. renamed to isSameInstanceAs.
w: file:///home/runner/work/okhttp/okhttp/okhttp/src/jvmTest/kotlin/okhttp3/RequestTest.kt:427:41 'fun <T> Assert<T>.isSameAs(expected: T): Unit' is deprecated. renamed to isSameInstanceAs.
w: file:///home/runner/work/okhttp/okhttp/okhttp/src/jvmTest/kotlin/okhttp3/RequestTest.kt:428:36 'fun <T> Assert<T>.isSameAs(expected: T): Unit' is deprecated. renamed to isSameInstanceAs.
w: file:///home/runner/work/okhttp/okhttp/okhttp/src/jvmTest/kotlin/okhttp3/RequestTest.kt:442:47 'fun <T> Assert<T>.isSameAs(expected: T): Unit' is deprecated. renamed to isSameInstanceAs.
w: file:///home/runner/work/okhttp/okhttp/okhttp/src/jvmTest/kotlin/okhttp3/RequestTest.kt:446:42 'fun <T> Assert<T>.isSameAs(expected: T): Unit' is deprecated. renamed to isSameInstanceAs.
w: file:///home/runner/work/okhttp/okhttp/okhttp/src/jvmTest/kotlin/okhttp3/RequestTest.kt:447:37 'fun <T> Assert<T>.isSameAs(expected: T): Unit' is deprecated. renamed to isSameInstanceAs.
w: file:///home/runner/work/okhttp/okhttp/okhttp/src/jvmTest/kotlin/okhttp3/RequestTest.kt:461:37 'fun <T> Assert<T>.isSameAs(expected: T): Unit' is deprecated. renamed to isSameInstanceAs.
w: file:///home/runner/work/okhttp/okhttp/okhttp/src/jvmTest/kotlin/okhttp3/RequestTest.kt:465:47 'fun <T> Assert<T>.isSameAs(expected: T): Unit' is deprecated. renamed to isSameInstanceAs.
w: file:///home/runner/work/okhttp/okhttp/okhttp/src/jvmTest/kotlin/okhttp3/RequestTest.kt:466:42 'fun <T> Assert<T>.isSameAs(expected: T): Unit' is deprecated. renamed to isSameInstanceAs.
w: file:///home/runner/work/okhttp/okhttp/okhttp/src/jvmTest/kotlin/okhttp3/RequestTest.kt:480:42 'fun <T> Assert<T>.isSameAs(expected: T): Unit' is deprecated. renamed to isSameInstanceAs.
w: file:///home/runner/work/okhttp/okhttp/okhttp/src/jvmTest/kotlin/okhttp3/RequestTest.kt:484:47 'fun <T> Assert<T>.isSameAs(expected: T): Unit' is deprecated. renamed to isSameInstanceAs.
w: file:///home/runner/work/okhttp/okhttp/okhttp/src/jvmTest/kotlin/okhttp3/RequestTest.kt:485:37 'fun <T> Assert<T>.isSameAs(expected: T): Unit' is deprecated. renamed to isSameInstanceAs.
w: file:///home/runner/work/okhttp/okhttp/okhttp/src/jvmTest/kotlin/okhttp3/RequestTest.kt:499:47 'fun <T> Assert<T>.isSameAs(expected: T): Unit' is deprecated. renamed to isSameInstanceAs.
w: file:///home/runner/work/okhttp/okhttp/okhttp/src/jvmTest/kotlin/okhttp3/RequestTest.kt:517:31 'fun <T> Assert<T>.isSameAs(expected: T): Unit' is deprecated. renamed to isSameInstanceAs.
w: file:///home/runner/work/okhttp/okhttp/okhttp/src/jvmTest/kotlin/okhttp3/RequestTest.kt:518:46 'fun <T> Assert<T>.isSameAs(expected: T): Unit' is deprecated. renamed to isSameInstanceAs.
w: file:///home/runner/work/okhttp/okhttp/okhttp/src/jvmTest/kotlin/okhttp3/RequestTest.kt:519:47 'fun <T> Assert<T>.isSameAs(expected: T): Unit' is deprecated. renamed to isSameInstanceAs.
w: file:///home/runner/work/okhttp/okhttp/okhttp/src/jvmTest/kotlin/okhttp3/RequestTest.kt:520:49 'fun <T> Assert<T>.isSameAs(expected: T): Unit' is deprecated. renamed to isSameInstanceAs.
w: file:///home/runner/work/okhttp/okhttp/okhttp/src/jvmTest/kotlin/okhttp3/RequestTest.kt:521:57 'fun <T> Assert<T>.isSameAs(expected: T): Unit' is deprecated. renamed to isSameInstanceAs.
w: file:///home/runner/work/okhttp/okhttp/okhttp/src/jvmTest/kotlin/okhttp3/RequestTest.kt:534:50 'fun <T> Assert<T>.isSameAs(expected: T): Unit' is deprecated. renamed to isSameInstanceAs.
w: file:///home/runner/work/okhttp/okhttp/okhttp/src/jvmTest/kotlin/okhttp3/RequestTest.kt:535:50 'fun <T> Assert<T>.isSameAs(expected: T): Unit' is deprecated. renamed to isSameInstanceAs.
w: file:///home/runner/work/okhttp/okhttp/okhttp/src/jvmTest/kotlin/okhttp3/RequestTest.kt:536:50 'fun <T> Assert<T>.isSameAs(expected: T): Unit' is deprecated. renamed to isSameInstanceAs.
w: file:///home/runner/work/okhttp/okhttp/okhttp/src/jvmTest/kotlin/okhttp3/ResponseBodyTest.kt:35:25 Condition is always 'true'.
w: file:///home/runner/work/okhttp/okhttp/okhttp/src/jvmTest/kotlin/okhttp3/SocketChannelTest.kt:130:20 'fun supportsTlsExtensions(supportsTlsExtensions: Boolean): ConnectionSpec.Builder' is deprecated. since OkHttp 3.13 all TLS-connections are expected to support TLS extensions.
In a future release setting this to true will be unnecessary and setting it to false
will have no effect.
w: file:///home/runner/work/okhttp/okhttp/okhttp/src/jvmTest/kotlin/okhttp3/TestTls13Request.kt:83:60 'fun provideTrustManager(): Conscrypt.ProviderBuilder!' is deprecated. Deprecated in Java.
w: file:///home/runner/work/okhttp/okhttp/okhttp/src/jvmTest/kotlin/okhttp3/URLConnectionTest.kt:1273:19 'static fun setDefaultRequestProperty(p0: String!, p1: String!): Unit' is deprecated. Deprecated in Java.
w: file:///home/runner/work/okhttp/okhttp/okhttp/src/jvmTest/kotlin/okhttp3/URLConnectionTest.kt:1274:30 'static fun getDefaultRequestProperty(p0: String!): String!' is deprecated. Deprecated in Java.
w: file:///home/runner/work/okhttp/okhttp/okhttp/src/jvmTest/kotlin/okhttp3/internal/cache/DiskLruCacheTest.kt:817:39 'fun <T> Assert<T>.isSameAs(expected: T): Unit' is deprecated. renamed to isSameInstanceAs.
w: file:///home/runner/work/okhttp/okhttp/okhttp/src/jvmTest/kotlin/okhttp3/internal/concurrent/TaskRunnerTest.kt:678:28 'fun <T> Assert<T>.isSameAs(expected: T): Unit' is deprecated. renamed to isSameInstanceAs.
w: file:///home/runner/work/okhttp/okhttp/okhttp/src/jvmTest/kotlin/okhttp3/internal/connection/RouteSelectorTest.kt:391:34 'fun <T> Assert<T>.isSameAs(expected: T): Unit' is deprecated. renamed to isSameInstanceAs.
w: file:///home/runner/work/okhttp/okhttp/okhttp/src/jvmTest/kotlin/okhttp3/internal/connection/RouteSelectorTest.kt:392:34 'fun <T> Assert<T>.isSameAs(expected: T): Unit' is deprecated. renamed to isSameInstanceAs.
w: file:///home/runner/work/okhttp/okhttp/okhttp/src/jvmTest/kotlin/okhttp3/internal/ws/WebSocketRecorder.kt:177:25 'fun <T> Assert<T>.isSameAs(expected: T): Unit' is deprecated. renamed to isSameInstanceAs.
w: file:///home/runner/work/okhttp/okhttp/okhttp/src/jvmTest/kotlin/okhttp3/test/BaseJavaTest.kt:18:1 'expect'/'actual' classes (including interfaces, objects, annotations, enums, and 'actual' typealiases) are in Beta. You can use -Xexpect-actual-classes flag to suppress this warning. Also see: https://youtrack.jetbrains.com/issue/KT-61573
2025-04-11T03:10:49.6355496Z
> Task :okhttp-tls:lintAnalyzeJvmTest
> Task :okhttp:jvmTestClasses
2025-04-11T03:10:49.8411063Z
> Task :okhttp-tls:lintReportJvm
Wrote HTML report to file:///home/runner/work/okhttp/okhttp/okhttp-tls/build/reports/lint-results.html
2025-04-11T03:10:49.8413605Z
> Task :okhttp-tls:lintJvm
> Task :okhttp-tls:lint
> Task :okhttp-tls:check
2025-04-11T03:10:56.5355283Z
> Task :samples:guide:kaptGenerateStubsKotlin
w: Support for language version 2.0+ in kapt is in Alpha and must be enabled explicitly. Falling back to 1.9.
2025-04-11T03:10:57.0355305Z
> Task :samples:crawler:sympathyForMrMaven
> Task :samples:crawler:lintAnalyzeJvmTest
> Task :samples:simple-client:checkKotlinGradlePluginConfigurationErrors SKIPPED
> Task :samples:simple-client:compileKotlin NO-SOURCE
> Task :samples:simple-client:compileJava FROM-CACHE
> Task :samples:simple-client:processResources NO-SOURCE
> Task :samples:simple-client:classes UP-TO-DATE
> Task :samples:simple-client:animalsnifferMain
> Task :samples:simple-client:checkstyleMain FROM-CACHE
> Task :samples:simple-client:generateJvmMainLintModel
> Task :samples:simple-client:jar
> Task :samples:simple-client:generateJvmTestLintModel
> Task :samples:crawler:lintAnalyzeJvmMain
> Task :samples:simple-client:lintAnalyzeJvmMain
> Task :samples:guide:processResources NO-SOURCE
> Task :samples:guide:sympathyForMrMaven
2025-04-11T03:11:06.4364254Z
> Task :samples:guide:kaptKotlin
warning: Kapt support in Moshi Kotlin Code Gen is deprecated and will be removed in 2.0. Please migrate to KSP. https://github.com/square/moshi#codegen
2025-04-11T03:11:09.7354866Z
> Task :samples:guide:compileKotlin
w: file:///home/runner/work/okhttp/okhttp/samples/guide/src/main/java/okhttp3/recipes/kt/CustomTrust.kt:174:56 'val subjectDN: Principal!' is deprecated. Deprecated in Java.
w: file:///home/runner/work/okhttp/okhttp/samples/guide/src/main/java/okhttp3/recipes/kt/WiresharkExample.kt:16:36 This code uses error suppression for 'INVISIBLE_REFERENCE'. While it might compile and work, the compiler behavior is UNSPECIFIED and WON'T BE PRESERVED. Please report your use case to the Kotlin issue tracker instead: https://kotl.in/issue
w: file:///home/runner/work/okhttp/okhttp/samples/guide/src/main/java/okhttp3/recipes/kt/YubikeyClientAuth.kt:16:36 This code uses error suppression for 'INVISIBLE_REFERENCE'. While it might compile and work, the compiler behavior is UNSPECIFIED and WON'T BE PRESERVED. Please report your use case to the Kotlin issue tracker instead: https://kotl.in/issue
2025-04-11T03:11:09.9356301Z
> Task :samples:guide:compileJava FROM-CACHE
> Task :samples:guide:classes UP-TO-DATE
> Task :samples:guide:animalsnifferMain
> Task :samples:guide:checkstyleMain FROM-CACHE
> Task :samples:guide:generateJvmMainLintModel
> Task :samples:guide:jar
> Task :samples:guide:generateJvmTestLintModel
> Task :okhttp:jvmTest
> Task :samples:crawler:lintReportJvm
> Task :samples:simple-client:lintAnalyzeJvmTest
> Task :samples:guide:lintAnalyzeJvmMain
> Task :samples:guide:lintAnalyzeJvmTest
2025-04-11T03:11:37.0358110Z
> Task :samples:guide:lintReportJvm
Wrote HTML report to file:///home/runner/work/okhttp/okhttp/samples/guide/build/reports/lint-results.html
2025-04-11T03:11:37.0360206Z
> Task :samples:guide:lintJvm
> Task :samples:guide:lint
> Task :samples:guide:check
> Task :samples:simple-client:sympathyForMrMaven
> Task :samples:slack:checkKotlinGradlePluginConfigurationErrors SKIPPED
> Task :samples:slack:compileKotlin NO-SOURCE
> Task :samples:slack:compileJava FROM-CACHE
> Task :samples:slack:processResources NO-SOURCE
> Task :samples:slack:classes UP-TO-DATE
> Task :samples:slack:animalsnifferMain
> Task :samples:slack:checkstyleMain FROM-CACHE
> Task :samples:slack:generateJvmMainLintModel
> Task :samples:slack:jar
> Task :samples:slack:generateJvmTestLintModel
> Task :samples:crawler:lintJvm
> Task :samples:crawler:lint
> Task :samples:crawler:check
> Task :samples:slack:lintAnalyzeJvmMain
> Task :samples:slack:sympathyForMrMaven
> Task :samples:static-server:checkKotlinGradlePluginConfigurationErrors SKIPPED
> Task :samples:static-server:compileKotlin NO-SOURCE
> Task :samples:static-server:compileJava FROM-CACHE
> Task :samples:static-server:processResources NO-SOURCE
> Task :samples:static-server:classes UP-TO-DATE
> Task :samples:simple-client:lintReportJvm
> Task :samples:simple-client:lintJvm
> Task :samples:simple-client:lint
> Task :samples:simple-client:check
> Task :samples:tlssurvey:checkKotlinGradlePluginConfigurationErrors SKIPPED
> Task :samples:static-server:animalsnifferMain
> Task :samples:static-server:checkstyleMain FROM-CACHE
> Task :samples:static-server:generateJvmMainLintModel
> Task :samples:static-server:jar
> Task :samples:static-server:generateJvmTestLintModel
> Task :samples:slack:lintAnalyzeJvmTest
2025-04-11T03:11:40.7354836Z
> Task :samples:slack:lintReportJvm
Wrote HTML report to file:///home/runner/work/okhttp/okhttp/samples/slack/build/reports/lint-results.html
2025-04-11T03:11:40.7369831Z
> Task :samples:slack:lintJvm
> Task :samples:slack:lint
> Task :samples:slack:check
> Task :samples:tlssurvey:kspKotlin
> Task :samples:static-server:sympathyForMrMaven
> Task :samples:static-server:lintAnalyzeJvmMain
> Task :samples:tlssurvey:processResources
> Task :samples:tlssurvey:sympathyForMrMaven
> Task :samples:unixdomainsockets:checkKotlinGradlePluginConfigurationErrors SKIPPED
> Task :samples:unixdomainsockets:compileKotlin NO-SOURCE
> Task :samples:unixdomainsockets:compileJava FROM-CACHE
> Task :samples:unixdomainsockets:processResources NO-SOURCE
> Task :samples:unixdomainsockets:classes UP-TO-DATE
> Task :samples:tlssurvey:compileKotlin
> Task :samples:tlssurvey:compileJava NO-SOURCE
> Task :samples:tlssurvey:classes
> Task :samples:static-server:lintAnalyzeJvmTest
2025-04-11T03:11:43.3359620Z
> Task :samples:static-server:lintReportJvm
Wrote HTML report to file:///home/runner/work/okhttp/okhttp/samples/static-server/build/reports/lint-results.html
2025-04-11T03:11:43.3372929Z
> Task :samples:static-server:lintJvm
> Task :samples:static-server:lint
> Task :samples:static-server:check
> Task :samples:unixdomainsockets:animalsnifferMain
> Task :samples:unixdomainsockets:checkstyleMain FROM-CACHE
> Task :samples:unixdomainsockets:generateJvmMainLintModel
> Task :samples:unixdomainsockets:jar
> Task :samples:tlssurvey:animalsnifferMain
> Task :samples:tlssurvey:checkstyleMain NO-SOURCE
> Task :samples:unixdomainsockets:generateJvmTestLintModel
> Task :samples:tlssurvey:generateJvmMainLintModel
> Task :samples:tlssurvey:jar
> Task :samples:tlssurvey:kspTestKotlin NO-SOURCE
> Task :samples:tlssurvey:generateJvmTestLintModel
> Task :samples:unixdomainsockets:lintAnalyzeJvmTest
> Task :samples:unixdomainsockets:lintAnalyzeJvmMain
> Task :samples:unixdomainsockets:lintReportJvm
> Task :samples:unixdomainsockets:lintJvm
> Task :samples:unixdomainsockets:lint
> Task :samples:unixdomainsockets:sympathyForMrMaven
> Task :samples:unixdomainsockets:check
> Task :samples:tlssurvey:lintAnalyzeJvmMain
> Task :samples:tlssurvey:lintAnalyzeJvmTest
> Task :samples:tlssurvey:lintReportJvm
> Task :samples:tlssurvey:lintJvm
> Task :samples:tlssurvey:lint
> Task :samples:tlssurvey:check
2025-04-11T03:13:30.0371807Z
> Task :okhttp:jvmTest
2025-04-11T03:13:30.0378710Z
HttpOverHttp2Test[jvm] > connectionWindowUpdateAfterCanceling(Protocol, MockWebServer)[jvm] > [1] h2_prior_knowledge[jvm] FAILED
java.lang.AssertionError: Timed out waiting for log message.
at okhttp3.TestLogHandler.take(TestLogHandler.kt:93)
at okhttp3.internal.http2.HttpOverHttp2Test.waitForDataFrames(HttpOverHttp2Test.kt:431)
at okhttp3.internal.http2.HttpOverHttp2Test.connectionWindowUpdateAfterCanceling(HttpOverHttp2Test.kt:412)
2025-04-11T03:13:57.2372417Z
2924 tests completed, 1 failed, 171 skipped
There were failing tests. See the report at: file:///home/runner/work/okhttp/okhttp/okhttp/build/reports/tests/jvmTest/index.html
2025-04-11T03:13:57.6355931Z
> Task :okhttp:allTests FAILED
2025-04-11T03:13:57.7355535Z
gradle/actions: Writing build results to /home/runner/work/_temp/.gradle-actions/build-results/__run-1744340788608.json
FAILURE: Build failed with an exception.
2025-04-11T03:13:57.7366752Z
* What went wrong:
Execution failed for task ':okhttp:allTests'.
> There were failing tests. See the report at: file:///home/runner/work/okhttp/okhttp/okhttp/build/reports/tests/allTests/index.html
2025-04-11T03:13:57.7369768Z
* Try:
> Run with --stacktrace option to get the stack trace.
> Run with --info or --debug option to get more log output.
> Run with --scan to get full insights.
> Get more help at https://help.gradle.org.
2025-04-11T03:13:57.7372945Z
BUILD FAILED in 7m 32s
2025-04-11T03:13:57.7373382Z
[Incubating] Problems report is available at: file:///home/runner/work/okhttp/okhttp/build/reports/problems/problems-report.html
2025-04-11T03:13:57.7375030Z
Deprecated Gradle features were used in this build, making it incompatible with Gradle 9.0.
2025-04-11T03:13:57.7376587Z
You can use '--warning-mode all' to show the individual deprecation warnings and determine if they come from your own scripts or plugins.
2025-04-11T03:13:57.7378185Z
For more on this, please refer to https://docs.gradle.org/8.13/userguide/command_line_interface.html#sec:command_line_warnings in the Gradle documentation.
523 actionable tasks: 487 executed, 36 from cache
##[error]Process completed with exit code 1.
