##[group]Run ./gradlew test -Dtest.java.version=11
[36;1m./gradlew test -Dtest.java.version=11[0m
shell: /usr/bin/bash -e {<:NUM:>}
env:
GRADLE_OPTS: -Dorg.gradle.jvmargs=-Xmx4g -Dorg.gradle.daemon=false -Dkotlin.incremental=false
JAVA_HOME: /opt/hostedtoolcache/Java_Zulu_jdk/17.0.14-7/x64
JAVA_HOME_11_X64: /opt/hostedtoolcache/Java_Zulu_jdk/11.0.26-4/x64
JAVA_HOME_17_X64: /opt/hostedtoolcache/Java_Zulu_jdk/17.0.14-7/x64
GRADLE_ACTION_ID: gradle/actions/setup-gradle
GRADLE_USER_HOME: /home/runner/.gradle
GRADLE_BUILD_ACTION_SETUP_COMPLETED: true
GRADLE_BUILD_ACTION_CACHE_RESTORED: true
DEVELOCITY_INJECTION_INIT_SCRIPT_NAME: gradle-actions.inject-develocity.init.gradle
DEVELOCITY_AUTO_INJECTION_CUSTOM_VALUE: gradle-actions
GITHUB_DEPENDENCY_GRAPH_ENABLED: false
##[endgroup]
To honour the JVM settings for this build a single-use Daemon process will be forked. For more on this, please refer to https://docs.gradle.org/8.13/userguide/gradle_daemon.html#sec:disabling_the_daemon in the Gradle documentation.
Daemon will be stopped at the end of the build
Type-safe project accessors is an incubating feature.
> Task :buildSrc:checkKotlinGradlePluginConfigurationErrors SKIPPED
> Task :buildSrc:compileKotlin FROM-CACHE
> Task :buildSrc:compileJava NO-SOURCE
> Task :buildSrc:compileGroovy NO-SOURCE
> Task :buildSrc:pluginDescriptors
> Task :buildSrc:processResources NO-SOURCE
> Task :buildSrc:classes UP-TO-DATE
2025-04-10T04:12:25.6858841Z
> Task :buildSrc:jar
:jar: No valid plugin descriptors were found in META-INF/gradle-plugins
2025-04-10T04:12:43.9860893Z
> Configure project :
warning: Dokka Gradle plugin V1 is deprecated
2025-04-10T04:12:43.9881601Z
Dokka Gradle plugin V1 is deprecated, and will be removed in Dokka version 2.1.0
Please migrate to Dokka Gradle plugin V2. This will require updating your project.
To learn about migrating read the migration guide https://kotl.in/dokka-gradle-migration
2025-04-10T04:12:43.9885250Z
To start migrating to Dokka Gradle plugin V2 add
org.jetbrains.dokka.experimental.gradle.pluginMode=V2EnabledWithHelpers
into your project's `gradle.properties` file.
2025-04-10T04:12:43.9887921Z
We would appreciate your feedback!
- Please report any feedback or problems https://kotl.in/dokka-issues
- Chat with the community visit #dokka in https://kotlinlang.slack.com/ (To sign up visit https://kotl.in/slack)
2025-04-10T04:12:43.9898866Z
2025-04-10T04:13:11.0880350Z
> Task :okhttp-testing-support:checkKotlinGradlePluginConfigurationErrors SKIPPED
> Task :okhttp-tls:checkKotlinGradlePluginConfigurationErrors SKIPPED
> Task :okhttp:checkKotlinGradlePluginConfigurationErrors SKIPPED
> Task :okhttp-idna-mapping-table:checkKotlinGradlePluginConfigurationErrors SKIPPED
> Task :okhttp-tls:processResources NO-SOURCE
> Task :logging-interceptor:checkKotlinGradlePluginConfigurationErrors SKIPPED
> Task :logging-interceptor:processResources NO-SOURCE
> Task :android-test:checkKotlinGradlePluginConfigurationErrors SKIPPED
> Task :okhttp-testing-support:processResources
> Task :android-test:preBuild UP-TO-DATE
> Task :android-test:preDebugBuild UP-TO-DATE
> Task :android-test-app:checkKotlinGradlePluginConfigurationErrors SKIPPED
> Task :android-test-app:preBuild UP-TO-DATE
> Task :android-test-app:preDebugBuild UP-TO-DATE
> Task :android-test:generateDebugResValues
> Task :android-test-app:generateDebugResValues
> Task :android-test:generateDebugResources
> Task :android-test-app:generateDebugResources
> Task :android-test:packageDebugResources
> Task :android-test-app:packageDebugResources
> Task :okhttp:copyKotlinTemplates
> Task :okhttp:jvmProcessResources
> Task :okhttp:processJvmMainResources SKIPPED
> Task :okhttp:preBuild UP-TO-DATE
> Task :okhttp:preDebugBuild UP-TO-DATE
> Task :okhttp:generateDebugResValues FROM-CACHE
> Task :okhttp:generateDebugResources
> Task :okhttp:packageDebugResources
> Task :okhttp:parseDebugLocalResources
> Task :android-test-app:parseDebugLocalResources
> Task :android-test:parseDebugLocalResources
> Task :android-test:javaPreCompileDebug
> Task :okhttp:generateDebugRFile
> Task :android-test:generateDebugRFile
> Task :android-test:preDebugUnitTestBuild UP-TO-DATE
> Task :okhttp:javaPreCompileDebug FROM-CACHE
> Task :okhttp:preReleaseBuild UP-TO-DATE
> Task :okhttp:generateReleaseResValues FROM-CACHE
> Task :okhttp:generateReleaseResources
> Task :okhttp:packageReleaseResources
> Task :okhttp:parseReleaseLocalResources FROM-CACHE
> Task :okhttp:generateReleaseRFile FROM-CACHE
> Task :okhttp:javaPreCompileRelease FROM-CACHE
> Task :okhttp:writeDebugAarMetadata
> Task :okhttp:extractDeepLinksDebug
> Task :android-test-app:mapDebugSourceSetPaths
> Task :android-test:javaPreCompileDebugUnitTest FROM-CACHE
> Task :android-test:preReleaseBuild UP-TO-DATE
> Task :android-test:generateReleaseResValues FROM-CACHE
> Task :android-test:generateReleaseResources
> Task :android-test:packageReleaseResources
> Task :android-test:parseReleaseLocalResources FROM-CACHE
> Task :android-test:generateReleaseRFile FROM-CACHE
> Task :android-test:javaPreCompileRelease FROM-CACHE
> Task :android-test:preReleaseUnitTestBuild UP-TO-DATE
> Task :android-test:generateDebugUnitTestStubRFile
> Task :android-test:generateReleaseUnitTestStubRFile FROM-CACHE
> Task :android-test:javaPreCompileReleaseUnitTest FROM-CACHE
2025-04-10T04:13:13.6873877Z
> Task :okhttp:processDebugManifest
package="okhttp.okhttp3" found in source AndroidManifest.xml: /home/runner/work/okhttp/okhttp/okhttp/src/androidMain/AndroidManifest.xml.
Setting the namespace via the package attribute in the source AndroidManifest.xml is no longer supported, and the value is ignored.
Recommendation: remove package="okhttp.okhttp3" from the source AndroidManifest.xml: /home/runner/work/okhttp/okhttp/okhttp/src/androidMain/AndroidManifest.xml.
2025-04-10T04:13:13.6887900Z
> Task :container-tests:checkKotlinGradlePluginConfigurationErrors SKIPPED
> Task :container-tests:processResources NO-SOURCE
> Task :container-tests:processTestResources NO-SOURCE
> Task :mockwebserver3:checkKotlinGradlePluginConfigurationErrors SKIPPED
> Task :mockwebserver3:processResources NO-SOURCE
> Task :mockwebserver3-junit5:checkKotlinGradlePluginConfigurationErrors SKIPPED
> Task :mockwebserver3-junit5:processResources
> Task :android-test-app:checkDebugAarMetadata
> Task :logging-interceptor:processTestResources NO-SOURCE
> Task :mockwebserver:checkKotlinGradlePluginConfigurationErrors SKIPPED
> Task :mockwebserver:processResources NO-SOURCE
> Task :mockwebserver:processTestResources NO-SOURCE
> Task :mockwebserver3:processTestResources NO-SOURCE
> Task :mockwebserver3-junit4:checkKotlinGradlePluginConfigurationErrors SKIPPED
> Task :mockwebserver3-junit4:processResources NO-SOURCE
> Task :mockwebserver3-junit4:processTestResources NO-SOURCE
> Task :mockwebserver3-junit5:processTestResources NO-SOURCE
> Task :okcurl:checkKotlinGradlePluginConfigurationErrors SKIPPED
> Task :okhttp:compileDebugLibraryResources
> Task :okhttp:writeReleaseAarMetadata
> Task :okcurl:copyResourcesTemplates
> Task :okhttp:extractDeepLinksRelease FROM-CACHE
> Task :okcurl:processResources
> Task :okhttp:processReleaseManifest FROM-CACHE
> Task :okhttp:preDebugUnitTestBuild UP-TO-DATE
> Task :okcurl:processTestResources NO-SOURCE
> Task :okhttp-brotli:checkKotlinGradlePluginConfigurationErrors SKIPPED
> Task :okhttp-brotli:processResources NO-SOURCE
> Task :okhttp-brotli:processTestResources NO-SOURCE
> Task :okhttp-coroutines:checkKotlinGradlePluginConfigurationErrors SKIPPED
> Task :okhttp-coroutines:processResources NO-SOURCE
> Task :okhttp-coroutines:processTestResources NO-SOURCE
> Task :okhttp-dnsoverhttps:checkKotlinGradlePluginConfigurationErrors SKIPPED
> Task :okhttp-dnsoverhttps:processResources NO-SOURCE
> Task :okhttp-dnsoverhttps:processTestResources NO-SOURCE
> Task :okhttp-hpacktests:checkKotlinGradlePluginConfigurationErrors SKIPPED
> Task :okhttp-hpacktests:compileKotlin NO-SOURCE
> Task :okhttp-hpacktests:compileJava NO-SOURCE
> Task :okhttp-hpacktests:processResources NO-SOURCE
> Task :okhttp-hpacktests:classes UP-TO-DATE
> Task :okhttp:checkDebugUnitTestAarMetadata
> Task :okhttp:generateDebugUnitTestResValues FROM-CACHE
> Task :okhttp:mapDebugUnitTestSourceSetPaths
> Task :okhttp:generateDebugUnitTestResources
> Task :okhttp:mergeDebugUnitTestResources
> Task :okhttp-hpacktests:jar
> Task :android-test-app:createDebugCompatibleScreenManifests
> Task :android-test-app:extractDeepLinksDebug FROM-CACHE
> Task :okhttp:processDebugUnitTestManifest
> Task :android-test-app:mergeDebugResources
> Task :okhttp-hpacktests:processTestResources
> Task :okhttp-java-net-cookiejar:checkKotlinGradlePluginConfigurationErrors SKIPPED
> Task :okhttp-java-net-cookiejar:processResources NO-SOURCE
> Task :okhttp-java-net-cookiejar:processTestResources NO-SOURCE
> Task :okhttp-osgi-tests:checkKotlinGradlePluginConfigurationErrors SKIPPED
> Task :okhttp-sse:checkKotlinGradlePluginConfigurationErrors SKIPPED
> Task :okhttp-sse:processResources NO-SOURCE
> Task :okhttp-urlconnection:checkKotlinGradlePluginConfigurationErrors SKIPPED
> Task :okhttp-urlconnection:processResources NO-SOURCE
> Task :okhttp-osgi-tests:processResources NO-SOURCE
2025-04-10T04:13:15.3871178Z
> Task :android-test-app:processDebugMainManifest
package="okhttp.android.testapp" found in source AndroidManifest.xml: /home/runner/work/okhttp/okhttp/android-test-app/src/main/AndroidManifest.xml.
Setting the namespace via the package attribute in the source AndroidManifest.xml is no longer supported, and the value is ignored.
Recommendation: remove package="okhttp.android.testapp" from the source AndroidManifest.xml: /home/runner/work/okhttp/okhttp/android-test-app/src/main/AndroidManifest.xml.
2025-04-10T04:13:15.5840676Z
> Task :android-test-app:processDebugManifest
> Task :android-test-app:processDebugManifestForPackage
> Task :okhttp-osgi-tests:copyOsgiTestDeployment
> Task :okhttp:javaPreCompileDebugUnitTest FROM-CACHE
> Task :okhttp:generateDebugUnitTestAssets UP-TO-DATE
> Task :okhttp:processDebugUnitTestResources
> Task :okhttp-osgi-tests:processTestResources NO-SOURCE
> Task :okhttp-sse:processTestResources NO-SOURCE
> Task :okhttp-testing-support:processTestResources NO-SOURCE
> Task :okhttp-tls:processTestResources NO-SOURCE
> Task :okhttp-urlconnection:processTestResources NO-SOURCE
> Task :samples:compileJava NO-SOURCE
> Task :samples:processResources NO-SOURCE
> Task :samples:classes UP-TO-DATE
> Task :samples:compileTestJava NO-SOURCE
> Task :samples:processTestResources NO-SOURCE
> Task :samples:testClasses UP-TO-DATE
> Task :samples:test NO-SOURCE
> Task :samples:compare:checkKotlinGradlePluginConfigurationErrors SKIPPED
> Task :samples:compare:compileKotlin NO-SOURCE
> Task :samples:compare:compileJava NO-SOURCE
> Task :samples:compare:processResources NO-SOURCE
> Task :samples:compare:classes UP-TO-DATE
> Task :samples:compare:jar
> Task :samples:compare:processTestResources NO-SOURCE
> Task :samples:crawler:checkKotlinGradlePluginConfigurationErrors SKIPPED
> Task :samples:crawler:processResources NO-SOURCE
> Task :samples:crawler:processTestResources NO-SOURCE
> Task :samples:guide:checkKotlinGradlePluginConfigurationErrors SKIPPED
> Task :samples:guide:processResources NO-SOURCE
> Task :samples:guide:processTestResources NO-SOURCE
> Task :samples:simple-client:checkKotlinGradlePluginConfigurationErrors SKIPPED
> Task :samples:simple-client:processResources NO-SOURCE
> Task :samples:simple-client:processTestResources NO-SOURCE
> Task :samples:slack:checkKotlinGradlePluginConfigurationErrors SKIPPED
> Task :samples:slack:processResources NO-SOURCE
> Task :samples:slack:processTestResources NO-SOURCE
> Task :samples:static-server:checkKotlinGradlePluginConfigurationErrors SKIPPED
> Task :samples:static-server:processResources NO-SOURCE
> Task :samples:static-server:processTestResources NO-SOURCE
> Task :samples:tlssurvey:checkKotlinGradlePluginConfigurationErrors SKIPPED
> Task :samples:unixdomainsockets:checkKotlinGradlePluginConfigurationErrors SKIPPED
> Task :samples:unixdomainsockets:processResources NO-SOURCE
> Task :samples:unixdomainsockets:processTestResources NO-SOURCE
> Task :okhttp:mergeDebugShaders
> Task :okhttp:compileDebugShaders NO-SOURCE
> Task :okhttp:debugAssetsCopyForAGP NO-SOURCE
> Task :okhttp:generateDebugAssets UP-TO-DATE
> Task :okhttp:mergeDebugAssets
> Task :okhttp:mergeDebugUnitTestAssets
> Task :okhttp:packageDebugUnitTestForUnitTest
> Task :okhttp:preReleaseUnitTestBuild UP-TO-DATE
> Task :okhttp:generateDebugUnitTestConfig
> Task :okhttp:checkReleaseUnitTestAarMetadata
> Task :okhttp:compileReleaseLibraryResources
> Task :okhttp:generateReleaseUnitTestResValues FROM-CACHE
> Task :okhttp:mapReleaseUnitTestSourceSetPaths
> Task :okhttp:generateReleaseUnitTestResources
> Task :android-test-app:javaPreCompileDebug FROM-CACHE
> Task :android-test-app:preDebugUnitTestBuild UP-TO-DATE
> Task :android-test-app:javaPreCompileDebugUnitTest FROM-CACHE
> Task :okhttp:mergeReleaseUnitTestResources
> Task :okhttp:processReleaseUnitTestManifest
> Task :android-test-app:buildKotlinToolingMetadata
> Task :android-test-app:preReleaseBuild UP-TO-DATE
> Task :android-test-app:checkReleaseAarMetadata
> Task :android-test-app:generateReleaseResValues FROM-CACHE
> Task :android-test-app:mapReleaseSourceSetPaths
> Task :android-test-app:generateReleaseResources
> Task :android-test-app:processDebugResources
> Task :okhttp:javaPreCompileReleaseUnitTest FROM-CACHE
> Task :okhttp:generateReleaseUnitTestAssets UP-TO-DATE
> Task :okhttp:mergeReleaseShaders
> Task :okhttp:compileReleaseShaders NO-SOURCE
> Task :okhttp:generateReleaseAssets UP-TO-DATE
> Task :okhttp:releaseAssetsCopyForAGP NO-SOURCE
> Task :okhttp:mergeReleaseAssets
> Task :okhttp:mergeReleaseUnitTestAssets
> Task :okhttp:processReleaseUnitTestResources
> Task :okhttp:packageReleaseUnitTestForUnitTest
> Task :okhttp:generateReleaseUnitTestConfig
> Task :android-test-app:packageReleaseResources
> Task :android-test-app:parseReleaseLocalResources FROM-CACHE
> Task :android-test-app:createReleaseCompatibleScreenManifests
> Task :android-test-app:extractDeepLinksRelease FROM-CACHE
2025-04-10T04:13:17.0838292Z
> Task :android-test-app:processReleaseMainManifest
package="okhttp.android.testapp" found in source AndroidManifest.xml: /home/runner/work/okhttp/okhttp/android-test-app/src/main/AndroidManifest.xml.
Setting the namespace via the package attribute in the source AndroidManifest.xml is no longer supported, and the value is ignored.
Recommendation: remove package="okhttp.android.testapp" from the source AndroidManifest.xml: /home/runner/work/okhttp/okhttp/android-test-app/src/main/AndroidManifest.xml.
2025-04-10T04:13:17.0857526Z
> Task :android-test-app:processReleaseManifest
> Task :android-test-app:javaPreCompileRelease FROM-CACHE
> Task :android-test-app:preReleaseUnitTestBuild UP-TO-DATE
> Task :android-test-app:javaPreCompileReleaseUnitTest FROM-CACHE
> Task :android-test-app:processReleaseManifestForPackage
> Task :android-test-app:mergeReleaseResources
> Task :android-test-app:processReleaseResources
> Task :okhttp-idna-mapping-table:processResources
> Task :okhttp-idna-mapping-table:processTestResources NO-SOURCE
2025-04-10T04:13:24.0836508Z
> Task :okhttp-idna-mapping-table:compileKotlin
w: Opt-in requirement marker okhttp3.ExperimentalOkHttpApi is unresolved. Please make sure it's present in the module dependencies
2025-04-10T04:13:24.1840316Z
> Task :okhttp-idna-mapping-table:compileJava NO-SOURCE
> Task :okhttp-idna-mapping-table:classes
> Task :okhttp-idna-mapping-table:jar
> Task :okhttp:generateIdnaMappingTable
2025-04-10T04:13:26.4836960Z
> Task :okhttp-idna-mapping-table:compileTestKotlin
w: Opt-in requirement marker okhttp3.ExperimentalOkHttpApi is unresolved. Please make sure it's present in the module dependencies
2025-04-10T04:13:26.5864200Z
> Task :okhttp-idna-mapping-table:compileTestJava NO-SOURCE
> Task :okhttp-idna-mapping-table:testClasses UP-TO-DATE
> Task :okhttp-idna-mapping-table:test
> Task :okhttp:compileKotlinJvm
> Task :okhttp:compileDebugKotlinAndroid
> Task :okhttp:compileReleaseKotlinAndroid
w: file:///home/runner/work/okhttp/okhttp/okhttp/src/androidMain/kotlin/okhttp3/internal/platform/PlatformRegistry.kt:21:1 'expect'/'actual' classes (including interfaces, objects, annotations, enums, and 'actual' typealiases) are in Beta. Consider using the '-Xexpect-actual-classes' flag to suppress this warning. Also see: https://youtrack.jetbrains.com/issue/KT-61573
w: file:///home/runner/work/okhttp/okhttp/okhttp/src/androidMain/kotlin/okhttp3/internal/platform/android/BouncyCastleSocketAdapter.kt:69:89 The resulting type of this 'javaClass' call is 'Class<BouncyCastleSocketAdapter.Companion>' and not 'Class<BouncyCastleSocketAdapter>'. Use '::class.java' to access type 'Class<BouncyCastleSocketAdapter>'.
w: file:///home/runner/work/okhttp/okhttp/okhttp/src/androidMain/kotlin/okhttp3/internal/platform/android/ConscryptSocketAdapter.kt:65:66 The resulting type of this 'javaClass' call is 'Class<ConscryptSocketAdapter.Companion>' and not 'Class<ConscryptSocketAdapter>'. Use '::class.java' to access type 'Class<ConscryptSocketAdapter>'.
w: file:///home/runner/work/okhttp/okhttp/okhttp/src/commonJvmAndroid/kotlin/okhttp3/internal/-HeadersCommon.kt:176:13 Condition is always 'true'.
w: file:///home/runner/work/okhttp/okhttp/okhttp/src/commonJvmAndroid/kotlin/okhttp3/internal/-HeadersCommon.kt:205:33 Unchecked cast of 'Array<String?>' to 'Array<String>'.
w: file:///home/runner/work/okhttp/okhttp/okhttp/src/commonJvmAndroid/kotlin/okhttp3/internal/-ResponseCommon.kt:83:1 '@JvmOverloads' annotation has no effect for methods without default arguments.
w: file:///home/runner/work/okhttp/okhttp/okhttp/src/commonJvmAndroid/kotlin/okhttp3/internal/SuppressSignatureCheck.kt:25:1 This annotation is deprecated in Kotlin. Use '@kotlin.annotation.MustBeDocumented' instead.
w: file:///home/runner/work/okhttp/okhttp/okhttp/src/commonJvmAndroid/kotlin/okhttp3/internal/http/BridgeInterceptor.kt:99:11 Condition is always 'true'.
w: file:///home/runner/work/okhttp/okhttp/okhttp/src/commonJvmAndroid/kotlin/okhttp3/internal/platform/PlatformRegistry.kt:3:1 'expect'/'actual' classes (including interfaces, objects, annotations, enums, and 'actual' typealiases) are in Beta. Consider using the '-Xexpect-actual-classes' flag to suppress this warning. Also see: https://youtrack.jetbrains.com/issue/KT-61573
2025-04-10T04:14:03.9837491Z
> Task :okhttp:compileKotlinJvm
w: file:///home/runner/work/okhttp/okhttp/okhttp/src/commonJvmAndroid/kotlin/okhttp3/internal/-HeadersCommon.kt:176:13 Condition is always 'true'.
w: file:///home/runner/work/okhttp/okhttp/okhttp/src/commonJvmAndroid/kotlin/okhttp3/internal/-HeadersCommon.kt:205:33 Unchecked cast of 'Array<String?>' to 'Array<String>'.
w: file:///home/runner/work/okhttp/okhttp/okhttp/src/commonJvmAndroid/kotlin/okhttp3/internal/-ResponseCommon.kt:83:1 '@JvmOverloads' annotation has no effect for methods without default arguments.
w: file:///home/runner/work/okhttp/okhttp/okhttp/src/commonJvmAndroid/kotlin/okhttp3/internal/SuppressSignatureCheck.kt:25:1 This annotation is deprecated in Kotlin. Use '@kotlin.annotation.MustBeDocumented' instead.
w: file:///home/runner/work/okhttp/okhttp/okhttp/src/commonJvmAndroid/kotlin/okhttp3/internal/http/BridgeInterceptor.kt:99:11 Condition is always 'true'.
w: file:///home/runner/work/okhttp/okhttp/okhttp/src/commonJvmAndroid/kotlin/okhttp3/internal/platform/PlatformRegistry.kt:3:1 'expect'/'actual' classes (including interfaces, objects, annotations, enums, and 'actual' typealiases) are in Beta. Consider using the '-Xexpect-actual-classes' flag to suppress this warning. Also see: https://youtrack.jetbrains.com/issue/KT-61573
w: file:///home/runner/work/okhttp/okhttp/okhttp/src/jvmMain/kotlin/okhttp3/internal/platform/BouncyCastlePlatform.kt:91:89 The resulting type of this 'javaClass' call is 'Class<BouncyCastlePlatform.Companion>' and not 'Class<BouncyCastlePlatform>'. Use '::class.java' to access type 'Class<BouncyCastlePlatform>'.
w: file:///home/runner/work/okhttp/okhttp/okhttp/src/jvmMain/kotlin/okhttp3/internal/platform/ConscryptPlatform.kt:111:66 The resulting type of this 'javaClass' call is 'Class<ConscryptPlatform.Companion>' and not 'Class<ConscryptPlatform>'. Use '::class.java' to access type 'Class<ConscryptPlatform>'.
w: file:///home/runner/work/okhttp/okhttp/okhttp/src/jvmMain/kotlin/okhttp3/internal/platform/OpenJSSEPlatform.kt:97:63 The resulting type of this 'javaClass' call is 'Class<OpenJSSEPlatform.Companion>' and not 'Class<OpenJSSEPlatform>'. Use '::class.java' to access type 'Class<OpenJSSEPlatform>'.
w: file:///home/runner/work/okhttp/okhttp/okhttp/src/jvmMain/kotlin/okhttp3/internal/platform/PlatformRegistry.kt:5:1 'expect'/'actual' classes (including interfaces, objects, annotations, enums, and 'actual' typealiases) are in Beta. Consider using the '-Xexpect-actual-classes' flag to suppress this warning. Also see: https://youtrack.jetbrains.com/issue/KT-61573
2025-04-10T04:14:03.9929946Z
> Task :okhttp:compileJvmMainJava NO-SOURCE
> Task :okhttp:jvmMainClasses
2025-04-10T04:14:03.9931034Z
> Task :okhttp:compileDebugKotlinAndroid
w: file:///home/runner/work/okhttp/okhttp/okhttp/src/androidMain/kotlin/okhttp3/internal/platform/PlatformRegistry.kt:21:1 'expect'/'actual' classes (including interfaces, objects, annotations, enums, and 'actual' typealiases) are in Beta. Consider using the '-Xexpect-actual-classes' flag to suppress this warning. Also see: https://youtrack.jetbrains.com/issue/KT-61573
w: file:///home/runner/work/okhttp/okhttp/okhttp/src/androidMain/kotlin/okhttp3/internal/platform/android/BouncyCastleSocketAdapter.kt:69:89 The resulting type of this 'javaClass' call is 'Class<BouncyCastleSocketAdapter.Companion>' and not 'Class<BouncyCastleSocketAdapter>'. Use '::class.java' to access type 'Class<BouncyCastleSocketAdapter>'.
w: file:///home/runner/work/okhttp/okhttp/okhttp/src/androidMain/kotlin/okhttp3/internal/platform/android/ConscryptSocketAdapter.kt:65:66 The resulting type of this 'javaClass' call is 'Class<ConscryptSocketAdapter.Companion>' and not 'Class<ConscryptSocketAdapter>'. Use '::class.java' to access type 'Class<ConscryptSocketAdapter>'.
w: file:///home/runner/work/okhttp/okhttp/okhttp/src/commonJvmAndroid/kotlin/okhttp3/internal/-HeadersCommon.kt:176:13 Condition is always 'true'.
w: file:///home/runner/work/okhttp/okhttp/okhttp/src/commonJvmAndroid/kotlin/okhttp3/internal/-HeadersCommon.kt:205:33 Unchecked cast of 'Array<String?>' to 'Array<String>'.
w: file:///home/runner/work/okhttp/okhttp/okhttp/src/commonJvmAndroid/kotlin/okhttp3/internal/-ResponseCommon.kt:83:1 '@JvmOverloads' annotation has no effect for methods without default arguments.
w: file:///home/runner/work/okhttp/okhttp/okhttp/src/commonJvmAndroid/kotlin/okhttp3/internal/SuppressSignatureCheck.kt:25:1 This annotation is deprecated in Kotlin. Use '@kotlin.annotation.MustBeDocumented' instead.
w: file:///home/runner/work/okhttp/okhttp/okhttp/src/commonJvmAndroid/kotlin/okhttp3/internal/http/BridgeInterceptor.kt:99:11 Condition is always 'true'.
w: file:///home/runner/work/okhttp/okhttp/okhttp/src/commonJvmAndroid/kotlin/okhttp3/internal/platform/PlatformRegistry.kt:3:1 'expect'/'actual' classes (including interfaces, objects, annotations, enums, and 'actual' typealiases) are in Beta. Consider using the '-Xexpect-actual-classes' flag to suppress this warning. Also see: https://youtrack.jetbrains.com/issue/KT-61573
2025-04-10T04:14:05.7846267Z
> Task :okhttp:jvmJar
> Task :container-tests:compileKotlin NO-SOURCE
> Task :okhttp:compileDebugJavaWithJavac NO-SOURCE
> Task :container-tests:compileJava NO-SOURCE
> Task :container-tests:classes UP-TO-DATE
> Task :container-tests:jar
> Task :okhttp:bundleLibCompileToJarDebug
> Task :android-test:compileDebugKotlin NO-SOURCE
> Task :android-test:compileDebugJavaWithJavac NO-SOURCE
> Task :android-test:bundleLibRuntimeToJarDebug
> Task :android-test:bundleLibCompileToJarDebug
> Task :android-test:processDebugJavaRes NO-SOURCE
> Task :okhttp:bundleLibRuntimeToJarDebug
> Task :okhttp:processDebugJavaRes
> Task :okhttp:compileReleaseJavaWithJavac NO-SOURCE
> Task :okhttp:bundleLibCompileToJarRelease
> Task :android-test:compileReleaseKotlin NO-SOURCE
> Task :android-test:compileReleaseJavaWithJavac NO-SOURCE
> Task :android-test:bundleLibRuntimeToJarRelease
> Task :android-test:bundleLibCompileToJarRelease
> Task :android-test:processReleaseJavaRes NO-SOURCE
> Task :okhttp:bundleLibRuntimeToJarRelease
> Task :okhttp:processReleaseJavaRes
2025-04-10T04:14:07.7836457Z
> Task :logging-interceptor:compileKotlin
w: file:///home/runner/work/okhttp/okhttp/okhttp-logging-interceptor/src/main/kotlin/okhttp3/logging/HttpLoggingInterceptor.kt:16:36 This code uses error suppression for 'INVISIBLE_REFERENCE'. While it might compile and work, the compiler behavior is UNSPECIFIED and WILL NOT BE PRESERVED. Please report your use case to the Kotlin issue tracker instead: https://kotl.in/issue
2025-04-10T04:14:08.0836286Z
> Task :logging-interceptor:compileJava NO-SOURCE
> Task :logging-interceptor:classes UP-TO-DATE
2025-04-10T04:14:08.6836602Z
> Task :logging-interceptor:jar
warning: Unused -privatepackage instructions , no such package(s) on the class path: [okhttp3.logging.internal]
2025-04-10T04:14:10.2837114Z
> Task :android-test-app:compileDebugKotlin
> Task :android-test-app:compileDebugJavaWithJavac NO-SOURCE
> Task :android-test-app:bundleDebugClassesToRuntimeJar
> Task :android-test-app:bundleDebugClassesToCompileJar
> Task :android-test-app:compileDebugUnitTestKotlin NO-SOURCE
> Task :android-test-app:compileDebugUnitTestJavaWithJavac NO-SOURCE
> Task :android-test-app:processDebugJavaRes
> Task :android-test-app:processDebugUnitTestJavaRes NO-SOURCE
> Task :android-test-app:testDebugUnitTest NO-SOURCE
2025-04-10T04:14:10.3963418Z
> Task :mockwebserver3:compileKotlin
w: file:///home/runner/work/okhttp/okhttp/mockwebserver/src/main/kotlin/mockwebserver3/MockResponse.kt:16:36 This code uses error suppression for 'INVISIBLE_REFERENCE'. While it might compile and work, the compiler behavior is UNSPECIFIED and WILL NOT BE PRESERVED. Please report your use case to the Kotlin issue tracker instead: https://kotl.in/issue
w: file:///home/runner/work/okhttp/okhttp/mockwebserver/src/main/kotlin/mockwebserver3/MockWebServer.kt:17:36 This code uses error suppression for 'INVISIBLE_REFERENCE'. While it might compile and work, the compiler behavior is UNSPECIFIED and WILL NOT BE PRESERVED. Please report your use case to the Kotlin issue tracker instead: https://kotl.in/issue
2025-04-10T04:14:10.4881077Z
> Task :mockwebserver3:compileJava NO-SOURCE
> Task :mockwebserver3:classes UP-TO-DATE
> Task :android-test-app:compileReleaseKotlin
> Task :android-test-app:compileReleaseJavaWithJavac NO-SOURCE
> Task :android-test-app:bundleReleaseClassesToRuntimeJar
> Task :android-test-app:bundleReleaseClassesToCompileJar
> Task :android-test-app:compileReleaseUnitTestKotlin NO-SOURCE
> Task :android-test-app:compileReleaseUnitTestJavaWithJavac NO-SOURCE
> Task :android-test-app:processReleaseJavaRes
> Task :android-test-app:processReleaseUnitTestJavaRes NO-SOURCE
> Task :android-test-app:testReleaseUnitTest NO-SOURCE
> Task :android-test-app:test UP-TO-DATE
> Task :mockwebserver3:jar
2025-04-10T04:14:11.3838598Z
> Task :okhttp-tls:compileKotlin
w: file:///home/runner/work/okhttp/okhttp/okhttp-tls/src/main/kotlin/okhttp3/tls/HandshakeCertificates.kt:16:36 This code uses error suppression for 'INVISIBLE_REFERENCE'. While it might compile and work, the compiler behavior is UNSPECIFIED and WILL NOT BE PRESERVED. Please report your use case to the Kotlin issue tracker instead: https://kotl.in/issue
w: file:///home/runner/work/okhttp/okhttp/okhttp-tls/src/main/kotlin/okhttp3/tls/internal/InsecureExtendedTrustManager.kt:16:36 This code uses error suppression for 'INVISIBLE_REFERENCE'. While it might compile and work, the compiler behavior is UNSPECIFIED and WILL NOT BE PRESERVED. Please report your use case to the Kotlin issue tracker instead: https://kotl.in/issue
w: file:///home/runner/work/okhttp/okhttp/okhttp-tls/src/main/kotlin/okhttp3/tls/internal/der/Adapters.kt:382:40 Unchecked cast of 'DerAdapter<*>' to 'DerAdapter<Any?>'.
w: file:///home/runner/work/okhttp/okhttp/okhttp-tls/src/main/kotlin/okhttp3/tls/internal/der/Adapters.kt:421:18 Unchecked cast of 'DerAdapter<*>' to 'DerAdapter<Any?>'.
w: file:///home/runner/work/okhttp/okhttp/okhttp-tls/src/main/kotlin/okhttp3/tls/internal/der/Adapters.kt:447:48 Unchecked cast of 'DerAdapter<*>?' to 'DerAdapter<Any?>?'.
w: file:///home/runner/work/okhttp/okhttp/okhttp-tls/src/main/kotlin/okhttp3/tls/internal/der/Adapters.kt:455:48 Unchecked cast of 'DerAdapter<*>?' to 'DerAdapter<Any?>?'.
w: file:///home/runner/work/okhttp/okhttp/okhttp-tls/src/main/kotlin/okhttp3/tls/internal/der/Adapters.kt:505:26 Unchecked cast of 'DerAdapter<*>' to 'DerAdapter<Any?>'.
w: file:///home/runner/work/okhttp/okhttp/okhttp-tls/src/main/kotlin/okhttp3/tls/internal/der/BasicDerAdapter.kt:51:43 Unchecked cast of 'T? (of class BasicDerAdapter<T>)' to 'T (of class BasicDerAdapter<T>)'.
2025-04-10T04:14:11.5836210Z
> Task :okhttp-tls:compileJava NO-SOURCE
> Task :okhttp-tls:classes UP-TO-DATE
2025-04-10T04:14:12.0838933Z
> Task :okhttp-tls:jar
warning: Unused -privatepackage instructions , no such package(s) on the class path: [okhttp3.tls.internal, okhttp3.tls.internal.der]
2025-04-10T04:14:12.1950332Z
> Task :okhttp-brotli:compileKotlin
> Task :mockwebserver3-junit5:compileKotlin
> Task :mockwebserver3-junit5:compileJava NO-SOURCE
> Task :mockwebserver3-junit5:classes
> Task :mockwebserver3-junit5:jar
> Task :okcurl:compileKotlin
> Task :okcurl:compileJava NO-SOURCE
> Task :okcurl:classes
> Task :okcurl:jar
> Task :okhttp-brotli:compileJava NO-SOURCE
> Task :okhttp-brotli:classes UP-TO-DATE
2025-04-10T04:14:13.2851615Z
> Task :okhttp-brotli:jar
warning: Unused -privatepackage instructions , no such package(s) on the class path: [okhttp3.brotli.internal]
2025-04-10T04:14:13.3836195Z
> Task :mockwebserver3-junit4:compileKotlin
> Task :mockwebserver3-junit4:compileJava NO-SOURCE
> Task :mockwebserver3-junit4:classes UP-TO-DATE
> Task :mockwebserver3-junit4:jar
> Task :mockwebserver3-junit4:compileTestKotlin
> Task :mockwebserver3-junit4:compileTestJava NO-SOURCE
> Task :mockwebserver3-junit4:testClasses UP-TO-DATE
2025-04-10T04:14:14.3860381Z
> Task :mockwebserver:compileKotlin
w: file:///home/runner/work/okhttp/okhttp/mockwebserver-deprecated/src/main/kotlin/okhttp3/mockwebserver/MockResponse.kt:16:36 This code uses error suppression for 'INVISIBLE_REFERENCE'. While it might compile and work, the compiler behavior is UNSPECIFIED and WILL NOT BE PRESERVED. Please report your use case to the Kotlin issue tracker instead: https://kotl.in/issue
2025-04-10T04:14:14.4837137Z
> Task :okhttp-coroutines:compileKotlin
w: file:///home/runner/work/okhttp/okhttp/okhttp-coroutines/src/main/kotlin/okhttp3/coroutines/ExecuteAsync.kt:48:24 'fun resume(value: Response, onCancellation: ((@ParameterName(...) Throwable) -> Unit)?): Unit' is deprecated. Use the overload that also accepts the `value` and the coroutine context in lambda.
2025-04-10T04:14:14.4850373Z
> Task :okhttp-coroutines:compileJava NO-SOURCE
> Task :okhttp-coroutines:classes UP-TO-DATE
> Task :mockwebserver:compileJava NO-SOURCE
> Task :mockwebserver:classes UP-TO-DATE
> Task :okhttp-coroutines:jar
> Task :mockwebserver:jar
2025-04-10T04:14:15.7837058Z
> Task :okhttp-java-net-cookiejar:compileKotlin
w: file:///home/runner/work/okhttp/okhttp/okhttp-java-net-cookiejar/src/main/kotlin/okhttp3/java/net/cookiejar/JavaNetCookieJar.kt:16:36 This code uses error suppression for 'INVISIBLE_REFERENCE'. While it might compile and work, the compiler behavior is UNSPECIFIED and WILL NOT BE PRESERVED. Please report your use case to the Kotlin issue tracker instead: https://kotl.in/issue
2025-04-10T04:14:15.7969750Z
> Task :okhttp-java-net-cookiejar:compileJava NO-SOURCE
> Task :okhttp-java-net-cookiejar:classes UP-TO-DATE
> Task :okhttp-java-net-cookiejar:jar
> Task :okhttp-java-net-cookiejar:compileTestKotlin NO-SOURCE
> Task :okhttp-java-net-cookiejar:compileTestJava NO-SOURCE
> Task :okhttp-java-net-cookiejar:testClasses UP-TO-DATE
> Task :okhttp-java-net-cookiejar:test NO-SOURCE
> Task :okhttp-dnsoverhttps:compileKotlin
> Task :okhttp-dnsoverhttps:compileJava NO-SOURCE
> Task :okhttp-dnsoverhttps:classes UP-TO-DATE
> Task :okhttp-dnsoverhttps:jar
> Task :mockwebserver3-junit4:test
> Task :samples:crawler:compileKotlin NO-SOURCE
> Task :okhttp-sse:compileKotlin
> Task :okhttp-sse:compileJava NO-SOURCE
> Task :okhttp-sse:classes UP-TO-DATE
2025-04-10T04:14:17.2836963Z
> Task :okhttp-sse:jar
warning: Unused -privatepackage instructions , no such package(s) on the class path: [okhttp3.sse.internal]
2025-04-10T04:14:17.2839372Z
> Task :samples:simple-client:compileKotlin NO-SOURCE
2025-04-10T04:14:17.4867906Z
> Task :okhttp-urlconnection:compileKotlin
w: file:///home/runner/work/okhttp/okhttp/okhttp-urlconnection/src/main/kotlin/okhttp3/JavaNetCookieJar.kt:16:36 This code uses error suppression for 'INVISIBLE_REFERENCE'. While it might compile and work, the compiler behavior is UNSPECIFIED and WILL NOT BE PRESERVED. Please report your use case to the Kotlin issue tracker instead: https://kotl.in/issue
2025-04-10T04:14:17.4874055Z
> Task :okhttp-urlconnection:compileJava NO-SOURCE
> Task :okhttp-urlconnection:classes UP-TO-DATE
> Task :okhttp-urlconnection:jar
> Task :okhttp-osgi-tests:compileKotlin NO-SOURCE
> Task :okhttp-osgi-tests:compileJava NO-SOURCE
> Task :okhttp-osgi-tests:classes UP-TO-DATE
> Task :okhttp-osgi-tests:jar
> Task :okhttp-urlconnection:compileTestKotlin NO-SOURCE
> Task :okhttp-urlconnection:compileTestJava NO-SOURCE
> Task :okhttp-urlconnection:testClasses UP-TO-DATE
> Task :okhttp-urlconnection:test NO-SOURCE
> Task :samples:slack:compileKotlin NO-SOURCE
> Task :samples:slack:compileJava
> Task :samples:crawler:compileJava
> Task :samples:slack:classes
> Task :samples:simple-client:compileJava
> Task :samples:simple-client:classes
> Task :samples:crawler:classes
> Task :samples:crawler:jar
> Task :samples:simple-client:jar
> Task :samples:slack:jar
> Task :samples:slack:compileTestKotlin NO-SOURCE
> Task :samples:simple-client:compileTestKotlin NO-SOURCE
> Task :samples:simple-client:compileTestJava NO-SOURCE
> Task :samples:crawler:compileTestKotlin NO-SOURCE
> Task :samples:slack:compileTestJava NO-SOURCE
> Task :samples:simple-client:testClasses UP-TO-DATE
> Task :samples:slack:testClasses UP-TO-DATE
> Task :samples:crawler:compileTestJava NO-SOURCE
> Task :samples:crawler:testClasses UP-TO-DATE
> Task :samples:simple-client:test NO-SOURCE
> Task :samples:slack:test NO-SOURCE
> Task :samples:static-server:compileKotlin NO-SOURCE
> Task :samples:crawler:test NO-SOURCE
> Task :samples:unixdomainsockets:compileKotlin NO-SOURCE
> Task :samples:static-server:compileJava
> Task :samples:static-server:classes
> Task :samples:unixdomainsockets:compileJava
> Task :samples:unixdomainsockets:classes
> Task :samples:static-server:jar
> Task :samples:static-server:compileTestKotlin NO-SOURCE
> Task :samples:static-server:compileTestJava NO-SOURCE
> Task :samples:static-server:testClasses UP-TO-DATE
> Task :samples:static-server:test NO-SOURCE
> Task :samples:unixdomainsockets:jar
> Task :samples:unixdomainsockets:compileTestKotlin NO-SOURCE
> Task :samples:unixdomainsockets:compileTestJava NO-SOURCE
> Task :samples:unixdomainsockets:testClasses UP-TO-DATE
> Task :samples:unixdomainsockets:test NO-SOURCE
> Task :samples:tlssurvey:kspKotlin
> Task :samples:tlssurvey:processResources
> Task :samples:tlssurvey:compileKotlin
> Task :samples:tlssurvey:compileJava NO-SOURCE
> Task :samples:tlssurvey:classes
> Task :samples:tlssurvey:jar
> Task :samples:tlssurvey:kspTestKotlin NO-SOURCE
> Task :samples:tlssurvey:compileTestKotlin NO-SOURCE
> Task :samples:tlssurvey:compileTestJava NO-SOURCE
> Task :samples:tlssurvey:processTestResources NO-SOURCE
> Task :samples:tlssurvey:testClasses UP-TO-DATE
> Task :samples:tlssurvey:test NO-SOURCE
2025-04-10T04:14:25.0838350Z
> Task :okhttp-testing-support:compileKotlin
w: file:///home/runner/work/okhttp/okhttp/okhttp-testing-support/src/main/kotlin/okhttp3/CallEvent.kt:16:36 This code uses error suppression for 'INVISIBLE_REFERENCE'. While it might compile and work, the compiler behavior is UNSPECIFIED and WILL NOT BE PRESERVED. Please report your use case to the Kotlin issue tracker instead: https://kotl.in/issue
w: file:///home/runner/work/okhttp/okhttp/okhttp-testing-support/src/main/kotlin/okhttp3/ConnectionEvent.kt:16:36 This code uses error suppression for 'INVISIBLE_REFERENCE'. While it might compile and work, the compiler behavior is UNSPECIFIED and WILL NOT BE PRESERVED. Please report your use case to the Kotlin issue tracker instead: https://kotl.in/issue
w: file:///home/runner/work/okhttp/okhttp/okhttp-testing-support/src/main/kotlin/okhttp3/DelegatingSSLSession.kt:23:8 'class X509Certificate : Certificate' is deprecated. Deprecated in Java.
w: file:///home/runner/work/okhttp/okhttp/okhttp-testing-support/src/main/kotlin/okhttp3/DelegatingSSLSession.kt:64:16 This declaration overrides a deprecated member but is not marked as deprecated itself. Add the '@Deprecated' annotation or suppress the diagnostic.
w: file:///home/runner/work/okhttp/okhttp/okhttp-testing-support/src/main/kotlin/okhttp3/DelegatingSSLSession.kt:64:49 'class X509Certificate : Certificate' is deprecated. Deprecated in Java.
w: file:///home/runner/work/okhttp/okhttp/okhttp-testing-support/src/main/kotlin/okhttp3/DelegatingSSLSession.kt:64:79 'val peerCertificateChain: Array<(out) X509Certificate!>!' is deprecated. Deprecated in Java.
w: file:///home/runner/work/okhttp/okhttp/okhttp-testing-support/src/main/kotlin/okhttp3/FakeSSLSession.kt:24:8 'class X509Certificate : Certificate' is deprecated. Deprecated in Java.
w: file:///home/runner/work/okhttp/okhttp/okhttp-testing-support/src/main/kotlin/okhttp3/FakeSSLSession.kt:57:16 This declaration overrides a deprecated member but is not marked as deprecated itself. Add the '@Deprecated' annotation or suppress the diagnostic.
w: file:///home/runner/work/okhttp/okhttp/okhttp-testing-support/src/main/kotlin/okhttp3/FakeSSLSession.kt:57:49 'class X509Certificate : Certificate' is deprecated. Deprecated in Java.
w: file:///home/runner/work/okhttp/okhttp/okhttp-testing-support/src/main/kotlin/okhttp3/OkHttpClientTestRule.kt:16:36 This code uses error suppression for 'INVISIBLE_REFERENCE'. While it might compile and work, the compiler behavior is UNSPECIFIED and WILL NOT BE PRESERVED. Please report your use case to the Kotlin issue tracker instead: https://kotl.in/issue
w: file:///home/runner/work/okhttp/okhttp/okhttp-testing-support/src/main/kotlin/okhttp3/TestValueFactory.kt:17:3 This code uses error suppression for 'CANNOT_OVERRIDE_INVISIBLE_MEMBER'. While it might compile and work, the compiler behavior is UNSPECIFIED and WILL NOT BE PRESERVED. Please report your use case to the Kotlin issue tracker instead: https://kotl.in/issue
w: file:///home/runner/work/okhttp/okhttp/okhttp-testing-support/src/main/kotlin/okhttp3/TestValueFactory.kt:19:3 This code uses error suppression for 'INVISIBLE_REFERENCE'. While it might compile and work, the compiler behavior is UNSPECIFIED and WILL NOT BE PRESERVED. Please report your use case to the Kotlin issue tracker instead: https://kotl.in/issue
w: file:///home/runner/work/okhttp/okhttp/okhttp-testing-support/src/main/kotlin/okhttp3/internal/concurrent/TaskFaker.kt:16:36 This code uses error suppression for 'INVISIBLE_REFERENCE'. While it might compile and work, the compiler behavior is UNSPECIFIED and WILL NOT BE PRESERVED. Please report your use case to the Kotlin issue tracker instead: https://kotl.in/issue
w: file:///home/runner/work/okhttp/okhttp/okhttp-testing-support/src/main/kotlin/okhttp3/internal/http/RecordingProxySelector.kt:16:36 This code uses error suppression for 'INVISIBLE_REFERENCE'. While it might compile and work, the compiler behavior is UNSPECIFIED and WILL NOT BE PRESERVED. Please report your use case to the Kotlin issue tracker instead: https://kotl.in/issue
w: file:///home/runner/work/okhttp/okhttp/okhttp-testing-support/src/main/kotlin/okhttp3/okio/LoggingFilesystem.kt:68:5 The corresponding parameter in the supertype 'ForwardingFileSystem' is named 'file'. This may cause problems when calling this function with named arguments.
2025-04-10T04:14:25.1837096Z
> Task :okhttp-testing-support:compileJava NO-SOURCE
> Task :okhttp-testing-support:classes
> Task :okhttp-testing-support:jar
2025-04-10T04:14:29.0836651Z
> Task :logging-interceptor:compileTestKotlin
w: file:///home/runner/work/okhttp/okhttp/okhttp-logging-interceptor/src/test/java/okhttp3/logging/HttpLoggingInterceptorTest.kt:925:33 This code uses error suppression for 'INVISIBLE_REFERENCE'. While it might compile and work, the compiler behavior is UNSPECIFIED and WILL NOT BE PRESERVED. Please report your use case to the Kotlin issue tracker instead: https://kotl.in/issue
w: file:///home/runner/work/okhttp/okhttp/okhttp-logging-interceptor/src/test/java/okhttp3/logging/HttpLoggingInterceptorTest.kt:971:33 This code uses error suppression for 'INVISIBLE_REFERENCE'. While it might compile and work, the compiler behavior is UNSPECIFIED and WILL NOT BE PRESERVED. Please report your use case to the Kotlin issue tracker instead: https://kotl.in/issue
2025-04-10T04:14:30.6850041Z
> Task :container-tests:compileTestKotlin
> Task :container-tests:compileTestJava NO-SOURCE
> Task :container-tests:testClasses UP-TO-DATE
> Task :container-tests:test SKIPPED
> Task :logging-interceptor:compileTestJava NO-SOURCE
> Task :logging-interceptor:testClasses UP-TO-DATE
2025-04-10T04:14:30.8836896Z
> Task :android-test:compileDebugUnitTestKotlin
w: file:///home/runner/work/okhttp/okhttp/android-test/src/test/kotlin/okhttp/android/test/AndroidAsyncDnsTest.kt:16:36 This code uses error suppression for 'INVISIBLE_REFERENCE'. While it might compile and work, the compiler behavior is UNSPECIFIED and WILL NOT BE PRESERVED. Please report your use case to the Kotlin issue tracker instead: https://kotl.in/issue
2025-04-10T04:14:30.9836511Z
> Task :android-test:compileDebugUnitTestJavaWithJavac NO-SOURCE
> Task :android-test:processDebugUnitTestJavaRes
2025-04-10T04:14:31.1836527Z
> Task :android-test:compileReleaseUnitTestKotlin
w: file:///home/runner/work/okhttp/okhttp/android-test/src/test/kotlin/okhttp/android/test/AndroidAsyncDnsTest.kt:16:36 This code uses error suppression for 'INVISIBLE_REFERENCE'. While it might compile and work, the compiler behavior is UNSPECIFIED and WILL NOT BE PRESERVED. Please report your use case to the Kotlin issue tracker instead: https://kotl.in/issue
2025-04-10T04:14:31.5836908Z
> Task :mockwebserver:compileTestKotlin
> Task :mockwebserver:compileTestJava NO-SOURCE
> Task :mockwebserver:testClasses UP-TO-DATE
2025-04-10T04:14:35.3872481Z
> Task :mockwebserver3:compileTestKotlin
w: file:///home/runner/work/okhttp/okhttp/mockwebserver/src/test/java/mockwebserver3/RecordedRequestTest.kt:16:36 This code uses error suppression for 'INVISIBLE_REFERENCE'. While it might compile and work, the compiler behavior is UNSPECIFIED and WILL NOT BE PRESERVED. Please report your use case to the Kotlin issue tracker instead: https://kotl.in/issue
2025-04-10T04:14:37.3861634Z
> Task :mockwebserver3:compileTestJava NO-SOURCE
> Task :mockwebserver3:testClasses UP-TO-DATE
> Task :logging-interceptor:test
> Task :mockwebserver3-junit5:compileTestKotlin
> Task :mockwebserver3-junit5:compileTestJava NO-SOURCE
> Task :mockwebserver3-junit5:testClasses UP-TO-DATE
> Task :mockwebserver:test
> Task :okcurl:compileTestKotlin
> Task :okcurl:compileTestJava NO-SOURCE
> Task :okcurl:testClasses UP-TO-DATE
> Task :mockwebserver3-junit5:test
2025-04-10T04:14:55.2838787Z
> Task :okhttp:compileDebugUnitTestKotlinAndroid
w: file:///home/runner/work/okhttp/okhttp/okhttp/src/androidUnitTest/kotlin/okhttp3/test/BaseJavaTest.android.kt:26:1 'expect'/'actual' classes (including interfaces, objects, annotations, enums, and 'actual' typealiases) are in Beta. Consider using the '-Xexpect-actual-classes' flag to suppress this warning. Also see: https://youtrack.jetbrains.com/issue/KT-61573
w: file:///home/runner/work/okhttp/okhttp/okhttp/src/commonTest/kotlin/okhttp3/test/BaseJavaTest.kt:18:1 'expect'/'actual' classes (including interfaces, objects, annotations, enums, and 'actual' typealiases) are in Beta. Consider using the '-Xexpect-actual-classes' flag to suppress this warning. Also see: https://youtrack.jetbrains.com/issue/KT-61573
2025-04-10T04:14:55.2893629Z
> Task :okhttp:compileDebugUnitTestJavaWithJavac NO-SOURCE
> Task :okhttp:processDebugUnitTestJavaRes
> Task :okcurl:test
> Task :okhttp-brotli:compileTestKotlin
> Task :okhttp-brotli:compileTestJava NO-SOURCE
> Task :okhttp-brotli:testClasses UP-TO-DATE
> Task :mockwebserver3:test
> Task :okhttp-brotli:test
> Task :android-test:testDebugUnitTest
> Task :okhttp-coroutines:compileTestKotlin
> Task :okhttp-coroutines:compileTestJava NO-SOURCE
> Task :okhttp-coroutines:testClasses UP-TO-DATE
2025-04-10T04:15:02.6836659Z
> Task :okhttp-dnsoverhttps:compileTestKotlin
w: file:///home/runner/work/okhttp/okhttp/okhttp-dnsoverhttps/src/test/java/okhttp3/dnsoverhttps/DnsRecordCodecTest.kt:16:36 This code uses error suppression for 'INVISIBLE_REFERENCE'. While it might compile and work, the compiler behavior is UNSPECIFIED and WILL NOT BE PRESERVED. Please report your use case to the Kotlin issue tracker instead: https://kotl.in/issue
2025-04-10T04:15:03.3836765Z
> Task :okhttp-dnsoverhttps:compileTestJava NO-SOURCE
> Task :okhttp-dnsoverhttps:testClasses UP-TO-DATE
> Task :okhttp:testDebugUnitTest
> Task :okhttp-coroutines:test
2025-04-10T04:15:13.0861875Z
> Task :okhttp:compileReleaseUnitTestKotlinAndroid
w: file:///home/runner/work/okhttp/okhttp/okhttp/src/androidUnitTest/kotlin/okhttp3/test/BaseJavaTest.android.kt:26:1 'expect'/'actual' classes (including interfaces, objects, annotations, enums, and 'actual' typealiases) are in Beta. Consider using the '-Xexpect-actual-classes' flag to suppress this warning. Also see: https://youtrack.jetbrains.com/issue/KT-61573
w: file:///home/runner/work/okhttp/okhttp/okhttp/src/commonTest/kotlin/okhttp3/test/BaseJavaTest.kt:18:1 'expect'/'actual' classes (including interfaces, objects, annotations, enums, and 'actual' typealiases) are in Beta. Consider using the '-Xexpect-actual-classes' flag to suppress this warning. Also see: https://youtrack.jetbrains.com/issue/KT-61573
2025-04-10T04:15:13.0874923Z
> Task :okhttp:compileReleaseUnitTestJavaWithJavac NO-SOURCE
> Task :okhttp:processReleaseUnitTestJavaRes
> Task :okhttp-dnsoverhttps:test
> Task :okhttp-hpacktests:compileTestKotlin
> Task :okhttp-hpacktests:compileTestJava NO-SOURCE
> Task :okhttp-hpacktests:testClasses
> Task :okhttp-osgi-tests:compileTestKotlin
> Task :okhttp-osgi-tests:compileTestJava NO-SOURCE
> Task :okhttp-osgi-tests:testClasses UP-TO-DATE
> Task :okhttp:testReleaseUnitTest
> Task :okhttp:test
> Task :okhttp-hpacktests:test
> Task :okhttp-sse:compileTestKotlin
> Task :okhttp-sse:compileTestJava NO-SOURCE
> Task :okhttp-sse:testClasses UP-TO-DATE
> Task :okhttp-testing-support:compileTestKotlin
> Task :okhttp-testing-support:compileTestJava NO-SOURCE
> Task :okhttp-testing-support:testClasses UP-TO-DATE
> Task :android-test:compileReleaseUnitTestJavaWithJavac NO-SOURCE
> Task :android-test:processReleaseUnitTestJavaRes
> Task :okhttp-osgi-tests:test
> Task :okhttp-sse:test
2025-04-10T04:15:37.0862209Z
> Task :samples:compare:compileTestKotlin
w: file:///home/runner/work/okhttp/okhttp/samples/compare/src/test/kotlin/okhttp3/compare/ApacheHttpClientTest.kt:54:16 'fun execute(p0: ClassicHttpRequest!): CloseableHttpResponse!' is deprecated. Deprecated in Java.
2025-04-10T04:15:37.1836638Z
> Task :samples:compare:compileTestJava NO-SOURCE
> Task :samples:compare:testClasses UP-TO-DATE
2025-04-10T04:15:39.3841376Z
> Task :okhttp-tls:compileTestKotlin
w: file:///home/runner/work/okhttp/okhttp/okhttp-tls/src/test/java/okhttp3/tls/HandshakeCertificatesTest.kt:162:19 'val subjectDN: Principal!' is deprecated. Deprecated in Java.
2025-04-10T04:15:40.7846674Z
> Task :okhttp-testing-support:test
> Task :okhttp-tls:compileTestJava
> Task :okhttp-tls:testClasses
> Task :samples:guide:kaptGenerateStubsKotlin
> Task :samples:compare:test
2025-04-10T04:15:52.7837392Z
> Task :samples:guide:kaptKotlin FAILED
warning: Kapt support in Moshi Kotlin Code Gen is deprecated and will be removed in 2.0. Please migrate to KSP. https://github.com/square/moshi#codegen
2025-04-10T04:15:54.8836502Z
> Task :okhttp-tls:test
> Task :android-test:testReleaseUnitTest
gradle/actions: Writing build results to /home/runner/work/_temp/.gradle-actions/build-results/__run-1744258340633.json
2025-04-10T04:16:00.2843214Z
2025-04-10T04:16:00.2843232Z
[Incubating] Problems report is available at: file:///home/runner/work/okhttp/okhttp/build/reports/problems/problems-report.html
2025-04-10T04:16:00.2844906Z
Deprecated Gradle features were used in this build, making it incompatible with Gradle 9.0.
2025-04-10T04:16:00.2846069Z
You can use '--warning-mode all' to show the individual deprecation warnings and determine if they come from your own scripts or plugins.
2025-04-10T04:16:00.2847613Z
For more on this, please refer to https://docs.gradle.org/8.13/userguide/command_line_interface.html#sec:command_line_warnings in the Gradle documentation.
224 actionable tasks: 196 executed, 28 from cache
FAILURE: Build failed with an exception.
2025-04-10T04:16:00.2851093Z
* What went wrong:
Execution failed for task ':samples:guide:kaptKotlin'.
> A failure occurred while executing org.jetbrains.kotlin.gradle.internal.KaptWithoutKotlincTask$KaptExecutionWorkAction
2025-04-10T04:16:00.2888075Z
* Try:
> Run with --stacktrace option to get the stack trace.
> Run with --info or --debug option to get more log output.
> Run with --scan to get full insights.
> Get more help at https://help.gradle.org.
2025-04-10T04:16:00.2891352Z
BUILD FAILED in 3m 42s
##[error]Process completed with exit code 1.
