##[group]Run pnpm run build
[36;1mpnpm run build[0m
0

PNPM_HOME: /home/runner/setup-pnpm/node_modules/.bin
##[endgroup]
2025-02-12T14:55:54.2855567Z
> @inkonchain/ink-kit@0.7.0 build /home/runner/work/ink-kit/ink-kit
> tsc && vite build --mode production
2025-02-12T14:55:54.2857115Z
##[error]src/components/Alert/Alert.stories.tsx(64,5): error TS2561: Object literal may only specify known properties, but 'dismissable' does not exist in type 'Partial<{ title: string; description?: ReactNode; variant?: "success" | "error" | "warning" | "info" | undefined; icon?: ReactNode; className?: string | undefined; id?: string | undefined; dismissible?: boolean | undefined; onDismiss?: (() => void) | undefined; }> & { ...; }'. Did you mean to write 'dismissible'?
##[error]src/components/Alert/Alert.tsx(83,8): error TS2552: Cannot find name 'dismissable'. Did you mean 'dismissible'?
ELIFECYCLEâ€‰ Command failed with exit code 2.
##[error]Process completed with exit code 2.
