2025-04-15T02:06:45.8917367Z Requested labels: github-ubuntu-24.04-x86_64-8
2025-04-15T02:06:45.8917510Z Job defined at: astral-sh/uv/.github/workflows/ci.yml@refs/pull/12049/merge
2025-04-15T02:06:45.8917594Z Waiting for a runner to pick up this job...
2025-04-15T02:06:47.8948341Z Job is waiting for a runner from 'github-ubuntu-24.04-x86_64-8' to come online.
2025-04-15T02:06:48.5469592Z Job is about to start running on the runner: github-ubuntu-24.04-x86_64-8_84fe5d22280a (organization)
2025-04-15T02:06:50.9087605Z Current runner version: '2.323.0'
2025-04-15T02:06:50.9093972Z Runner name: 'github-ubuntu-24.04-x86_64-8_84fe5d22280a'
2025-04-15T02:06:50.9094842Z Runner group name: 'Default'
2025-04-15T02:06:50.9095817Z Machine name: 'runner'
2025-04-15T02:06:50.9113028Z ##[group]Operating System
2025-04-15T02:06:50.9113705Z Ubuntu
2025-04-15T02:06:50.9114220Z 24.04.2
2025-04-15T02:06:50.9114763Z LTS
2025-04-15T02:06:50.9115237Z ##[endgroup]
2025-04-15T02:06:50.9115751Z ##[group]Runner Image
2025-04-15T02:06:50.9116358Z Image: ubuntu-24.04
2025-04-15T02:06:50.9116890Z Version: 20250406.1.0
2025-04-15T02:06:50.9117942Z Included Software: https://github.com/actions/runner-images/blob/ubuntu24/20250406.1/images/ubuntu/Ubuntu2404-Readme.md
2025-04-15T02:06:50.9119789Z Image Release: https://github.com/actions/runner-images/releases/tag/ubuntu24%2F20250406.1
2025-04-15T02:06:50.9120747Z ##[endgroup]
2025-04-15T02:06:50.9121893Z ##[group]GITHUB_TOKEN Permissions
2025-04-15T02:06:50.9123872Z Contents: read
2025-04-15T02:06:50.9124589Z Metadata: read
2025-04-15T02:06:50.9125147Z Packages: read
2025-04-15T02:06:50.9125707Z ##[endgroup]
2025-04-15T02:06:50.9128752Z Secret source: None
2025-04-15T02:06:50.9129788Z Prepare workflow directory
2025-04-15T02:06:50.9593721Z Prepare all required actions
2025-04-15T02:06:50.9630740Z Getting action download info
2025-04-15T02:06:51.1839687Z Download action repository 'actions/checkout@11bd71901bbe5b1630ceea73d27597364c9af683' (SHA:11bd71901bbe5b1630ceea73d27597364c9af683)
2025-04-15T02:06:51.2913147Z Download action repository 'rui314/setup-mold@v1' (SHA:e16410e7f8d9e167b74ad5697a9089a35126eb50)
2025-04-15T02:06:51.5651921Z Download action repository 'Swatinem/rust-cache@9d47c6ad4b02e050fd481d890b2ea34778fd09d6' (SHA:9d47c6ad4b02e050fd481d890b2ea34778fd09d6)
2025-04-15T02:06:52.0780898Z Download action repository 'actions/upload-artifact@ea165f8d65b6e75b540449e92b4886f43607fa02' (SHA:ea165f8d65b6e75b540449e92b4886f43607fa02)
2025-04-15T02:06:52.3441431Z Complete job name: build binary | linux libc
2025-04-15T02:06:52.4297104Z ##[group]Run actions/checkout@11bd71901bbe5b1630ceea73d27597364c9af683
2025-04-15T02:06:52.4298981Z with:
2025-04-15T02:06:52.4299726Z   repository: astral-sh/uv
2025-04-15T02:06:52.4300893Z   token: ***
2025-04-15T02:06:52.4301631Z   ssh-strict: true
2025-04-15T02:06:52.4302407Z   ssh-user: git
2025-04-15T02:06:52.4303197Z   persist-credentials: true
2025-04-15T02:06:52.4304061Z   clean: true
2025-04-15T02:06:52.4304851Z   sparse-checkout-cone-mode: true
2025-04-15T02:06:52.4305802Z   fetch-depth: 1
2025-04-15T02:06:52.4306569Z   fetch-tags: false
2025-04-15T02:06:52.4307356Z   show-progress: true
2025-04-15T02:06:52.4308281Z   lfs: false
2025-04-15T02:06:52.4309027Z   submodules: false
2025-04-15T02:06:52.4309833Z   set-safe-directory: true
2025-04-15T02:06:52.4310926Z env:
2025-04-15T02:06:52.4311641Z   CARGO_INCREMENTAL: 0
2025-04-15T02:06:52.4312454Z   CARGO_NET_RETRY: 10
2025-04-15T02:06:52.4313276Z   CARGO_TERM_COLOR: always
2025-04-15T02:06:52.4314193Z   RUSTUP_MAX_RETRIES: 10
2025-04-15T02:06:52.4315063Z   PYTHON_VERSION: 3.12
2025-04-15T02:06:52.4315863Z ##[endgroup]
2025-04-15T02:06:52.5566733Z Syncing repository: astral-sh/uv
2025-04-15T02:06:52.5570110Z ##[group]Getting Git version info
2025-04-15T02:06:52.5571322Z Working directory is '/home/runner/work/uv/uv'
2025-04-15T02:06:52.5573025Z [command]/usr/bin/git version
2025-04-15T02:06:52.6292511Z git version 2.49.0
2025-04-15T02:06:52.6320791Z ##[endgroup]
2025-04-15T02:06:52.6334531Z Temporarily overriding HOME='/home/runner/work/_temp/a58db0d0-1bd8-4408-ad41-ce27715e1953' before making global git config changes
2025-04-15T02:06:52.6339813Z Adding repository directory to the temporary git global config as a safe directory
2025-04-15T02:06:52.6341840Z [command]/usr/bin/git config --global --add safe.directory /home/runner/work/uv/uv
2025-04-15T02:06:52.6410724Z Deleting the contents of '/home/runner/work/uv/uv'
2025-04-15T02:06:52.6414303Z ##[group]Initializing the repository
2025-04-15T02:06:52.6417581Z [command]/usr/bin/git init /home/runner/work/uv/uv
2025-04-15T02:06:52.7466623Z hint: Using 'master' as the name for the initial branch. This default branch name
2025-04-15T02:06:52.7469723Z hint: is subject to change. To configure the initial branch name to use in all
2025-04-15T02:06:52.7472081Z hint: of your new repositories, which will suppress this warning, call:
2025-04-15T02:06:52.7473435Z hint:
2025-04-15T02:06:52.7474334Z hint: 	git config --global init.defaultBranch <name>
2025-04-15T02:06:52.7475458Z hint:
2025-04-15T02:06:52.7476509Z hint: Names commonly chosen instead of 'master' are 'main', 'trunk' and
2025-04-15T02:06:52.7478386Z hint: 'development'. The just-created branch can be renamed via this command:
2025-04-15T02:06:52.7479775Z hint:
2025-04-15T02:06:52.7480491Z hint: 	git branch -m <name>
2025-04-15T02:06:52.7777907Z Initialized empty Git repository in /home/runner/work/uv/uv/.git/
2025-04-15T02:06:52.7792130Z [command]/usr/bin/git remote add origin https://github.com/astral-sh/uv
2025-04-15T02:06:52.7878723Z ##[endgroup]
2025-04-15T02:06:52.7880192Z ##[group]Disabling automatic garbage collection
2025-04-15T02:06:52.7882063Z [command]/usr/bin/git config --local gc.auto 0
2025-04-15T02:06:52.7911115Z ##[endgroup]
2025-04-15T02:06:52.7912351Z ##[group]Setting up auth
2025-04-15T02:06:52.7917083Z [command]/usr/bin/git config --local --name-only --get-regexp core\.sshCommand
2025-04-15T02:06:52.7947361Z [command]/usr/bin/git submodule foreach --recursive sh -c "git config --local --name-only --get-regexp 'core\.sshCommand' && git config --local --unset-all 'core.sshCommand' || :"
2025-04-15T02:06:52.9347672Z [command]/usr/bin/git config --local --name-only --get-regexp http\.https\:\/\/github\.com\/\.extraheader
2025-04-15T02:06:52.9378692Z [command]/usr/bin/git submodule foreach --recursive sh -c "git config --local --name-only --get-regexp 'http\.https\:\/\/github\.com\/\.extraheader' && git config --local --unset-all 'http.https://github.com/.extraheader' || :"
2025-04-15T02:06:52.9607449Z [command]/usr/bin/git config --local http.https://github.com/.extraheader AUTHORIZATION: basic ***
2025-04-15T02:06:52.9650088Z ##[endgroup]
2025-04-15T02:06:52.9651707Z ##[group]Fetching the repository
2025-04-15T02:06:52.9659667Z [command]/usr/bin/git -c protocol.version=2 fetch --no-tags --prune --no-recurse-submodules --depth=1 origin +d6321659e8946e37e5f5a4b8442f67e220841de8:refs/remotes/pull/12049/merge
2025-04-15T02:06:54.1961306Z From https://github.com/astral-sh/uv
2025-04-15T02:06:54.1962489Z  * [new ref]         d6321659e8946e37e5f5a4b8442f67e220841de8 -> pull/12049/merge
2025-04-15T02:06:54.2050673Z ##[endgroup]
2025-04-15T02:06:54.2051652Z ##[group]Determining the checkout info
2025-04-15T02:06:54.2053580Z ##[endgroup]
2025-04-15T02:06:54.2059130Z [command]/usr/bin/git sparse-checkout disable
2025-04-15T02:06:54.2138971Z [command]/usr/bin/git config --local --unset-all extensions.worktreeConfig
2025-04-15T02:06:54.2166273Z ##[group]Checking out the ref
2025-04-15T02:06:54.2170734Z [command]/usr/bin/git checkout --progress --force refs/remotes/pull/12049/merge
2025-04-15T02:06:54.3264772Z Note: switching to 'refs/remotes/pull/12049/merge'.
2025-04-15T02:06:54.3265339Z 
2025-04-15T02:06:54.3265670Z You are in 'detached HEAD' state. You can look around, make experimental
2025-04-15T02:06:54.3266415Z changes and commit them, and you can discard any commits you make in this
2025-04-15T02:06:54.3267142Z state without impacting any branches by switching back to a branch.
2025-04-15T02:06:54.3267637Z 
2025-04-15T02:06:54.3268291Z If you want to create a new branch to retain commits you create, you may
2025-04-15T02:06:54.3269089Z do so (now or later) by using -c with the switch command. Example:
2025-04-15T02:06:54.3269471Z 
2025-04-15T02:06:54.3269658Z   git switch -c <new-branch-name>
2025-04-15T02:06:54.3269931Z 
2025-04-15T02:06:54.3270107Z Or undo this operation with:
2025-04-15T02:06:54.3270364Z 
2025-04-15T02:06:54.3270508Z   git switch -
2025-04-15T02:06:54.3270733Z 
2025-04-15T02:06:54.3271235Z Turn off this advice by setting config variable advice.detachedHead to false
2025-04-15T02:06:54.3272437Z 
2025-04-15T02:06:54.3273154Z HEAD is now at d632165 Merge 95eb8cd4bbe3828f52c83dbdc1fa1d0a75f2746d into ff566a50064fff6f3f39f58b2b2379d93890778e
2025-04-15T02:06:54.3277581Z ##[endgroup]
2025-04-15T02:06:54.3316648Z [command]/usr/bin/git log -1 --format=%H
2025-04-15T02:06:54.3339285Z d6321659e8946e37e5f5a4b8442f67e220841de8
2025-04-15T02:06:54.3537901Z ##[group]Run rui314/setup-mold@v1
2025-04-15T02:06:54.3538502Z with:
2025-04-15T02:06:54.3538748Z   mold-version: 2.37.1
2025-04-15T02:06:54.3539032Z   make-default: true
2025-04-15T02:06:54.3539277Z env:
2025-04-15T02:06:54.3539507Z   CARGO_INCREMENTAL: 0
2025-04-15T02:06:54.3539773Z   CARGO_NET_RETRY: 10
2025-04-15T02:06:54.3540068Z   CARGO_TERM_COLOR: always
2025-04-15T02:06:54.3540348Z   RUSTUP_MAX_RETRIES: 10
2025-04-15T02:06:54.3540621Z   PYTHON_VERSION: 3.12
2025-04-15T02:06:54.3540948Z ##[endgroup]
2025-04-15T02:06:54.3662340Z ##[group]Run set -x
2025-04-15T02:06:54.3662703Z [36;1mset -x[0m
2025-04-15T02:06:54.3662975Z [36;1mecho "mold 2.37.1"[0m
2025-04-15T02:06:54.3663359Z [36;1mif [ "$(whoami)" = root ]; then SUDO=; else SUDO=sudo; fi[0m
2025-04-15T02:06:54.3664559Z [36;1mwget -O- --timeout=10 --waitretry=3 --retry-connrefused --progress=dot:mega https://github.com/rui314/mold/releases/download/v2.37.1/mold-2.37.1-$(uname -m)-linux.tar.gz | $SUDO tar -C /usr/local --strip-components=1 --no-overwrite-dir -xzf -[0m
2025-04-15T02:06:54.3665954Z [36;1mtest true = true -a "$(realpath /usr/bin/ld)" != /usr/local/bin/mold && $SUDO ln -sf /usr/local/bin/mold "$(realpath /usr/bin/ld)"; true[0m
2025-04-15T02:06:54.3720006Z shell: /usr/bin/bash --noprofile --norc -e -o pipefail {0}
2025-04-15T02:06:54.3720425Z env:
2025-04-15T02:06:54.3720660Z   CARGO_INCREMENTAL: 0
2025-04-15T02:06:54.3720940Z   CARGO_NET_RETRY: 10
2025-04-15T02:06:54.3721213Z   CARGO_TERM_COLOR: always
2025-04-15T02:06:54.3721512Z   RUSTUP_MAX_RETRIES: 10
2025-04-15T02:06:54.3721796Z   PYTHON_VERSION: 3.12
2025-04-15T02:06:54.3722081Z ##[endgroup]
2025-04-15T02:06:54.3809804Z + echo 'mold 2.37.1'
2025-04-15T02:06:54.3810141Z mold 2.37.1
2025-04-15T02:06:54.3812903Z ++ whoami
2025-04-15T02:06:54.4314708Z + '[' runner = root ']'
2025-04-15T02:06:54.4315338Z + SUDO=sudo
2025-04-15T02:06:54.4319137Z + sudo tar -C /usr/local --strip-components=1 --no-overwrite-dir -xzf -
2025-04-15T02:06:54.4320177Z ++ uname -m
2025-04-15T02:06:54.4330389Z + wget -O- --timeout=10 --waitretry=3 --retry-connrefused --progress=dot:mega https://github.com/rui314/mold/releases/download/v2.37.1/mold-2.37.1-x86_64-linux.tar.gz
2025-04-15T02:06:54.5216587Z --2025-04-15 02:06:54--  https://github.com/rui314/mold/releases/download/v2.37.1/mold-2.37.1-x86_64-linux.tar.gz
2025-04-15T02:06:54.5485110Z Resolving github.com (github.com)... 140.82.112.3
2025-04-15T02:06:54.5799851Z Connecting to github.com (github.com)|140.82.112.3|:443... connected.
2025-04-15T02:06:54.7255386Z HTTP request sent, awaiting response... 302 Found
2025-04-15T02:06:54.7259200Z Location: https://objects.githubusercontent.com/github-production-release-asset-2e65be/299510783/693a2135-7388-4def-9420-608a68302a08?X-Amz-Algorithm=AWS4-HMAC-SHA256&X-Amz-Credential=releaseassetproduction%2F20250415%2Fus-east-1%2Fs3%2Faws4_request&X-Amz-Date=20250415T020654Z&X-Amz-Expires=300&X-Amz-Signature=742e339f9b8689630a0228f4bdd91e2057e2e40dbfe8c394d33f824fc4a8fdc1&X-Amz-SignedHeaders=host&response-content-disposition=attachment%3B%20filename%3Dmold-2.37.1-x86_64-linux.tar.gz&response-content-type=application%2Foctet-stream [following]
2025-04-15T02:06:54.7263926Z --2025-04-15 02:06:54--  https://objects.githubusercontent.com/github-production-release-asset-2e65be/299510783/693a2135-7388-4def-9420-608a68302a08?X-Amz-Algorithm=AWS4-HMAC-SHA256&X-Amz-Credential=releaseassetproduction%2F20250415%2Fus-east-1%2Fs3%2Faws4_request&X-Amz-Date=20250415T020654Z&X-Amz-Expires=300&X-Amz-Signature=742e339f9b8689630a0228f4bdd91e2057e2e40dbfe8c394d33f824fc4a8fdc1&X-Amz-SignedHeaders=host&response-content-disposition=attachment%3B%20filename%3Dmold-2.37.1-x86_64-linux.tar.gz&response-content-type=application%2Foctet-stream
2025-04-15T02:06:54.7280528Z Resolving objects.githubusercontent.com (objects.githubusercontent.com)... 185.199.111.133, 185.199.108.133, 185.199.109.133, ...
2025-04-15T02:06:54.7393660Z Connecting to objects.githubusercontent.com (objects.githubusercontent.com)|185.199.111.133|:443... connected.
2025-04-15T02:06:54.8710013Z HTTP request sent, awaiting response... 200 OK
2025-04-15T02:06:54.8710814Z Length: 4733327 (4.5M) [application/octet-stream]
2025-04-15T02:06:54.8711874Z Saving to: â€˜STDOUTâ€™
2025-04-15T02:06:54.8851250Z 
2025-04-15T02:06:54.9678484Z      0K ........ ........ ........ ........ ........ ........ 66% 31.0M 0s
2025-04-15T02:06:55.0011681Z   3072K ........ ........ ........                           100% 45.3M=0.1s
2025-04-15T02:06:55.0012075Z 
2025-04-15T02:06:55.0012365Z 2025-04-15 02:06:55 (34.7 MB/s) - written to stdout [4733327/4733327]
2025-04-15T02:06:55.0012796Z 
2025-04-15T02:06:55.0433620Z ++ realpath /usr/bin/ld
2025-04-15T02:06:55.0447508Z + test true = true -a /usr/bin/x86_64-linux-gnu-ld.bfd '!=' /usr/local/bin/mold
2025-04-15T02:06:55.0450185Z ++ realpath /usr/bin/ld
2025-04-15T02:06:55.0460549Z + sudo ln -sf /usr/local/bin/mold /usr/bin/x86_64-linux-gnu-ld.bfd
2025-04-15T02:06:55.0535205Z + true
2025-04-15T02:06:55.0620182Z ##[group]Run Swatinem/rust-cache@9d47c6ad4b02e050fd481d890b2ea34778fd09d6
2025-04-15T02:06:55.0620547Z with:
2025-04-15T02:06:55.0620732Z   prefix-key: v0-rust
2025-04-15T02:06:55.0620942Z   cache-targets: true
2025-04-15T02:06:55.0621140Z   cache-all-crates: false
2025-04-15T02:06:55.0621346Z   save-if: true
2025-04-15T02:06:55.0621534Z   cache-provider: github
2025-04-15T02:06:55.0621736Z   cache-bin: true
2025-04-15T02:06:55.0621919Z   lookup-only: false
2025-04-15T02:06:55.0622098Z env:
2025-04-15T02:06:55.0622268Z   CARGO_INCREMENTAL: 0
2025-04-15T02:06:55.0622461Z   CARGO_NET_RETRY: 10
2025-04-15T02:06:55.0622652Z   CARGO_TERM_COLOR: always
2025-04-15T02:06:55.0622883Z   RUSTUP_MAX_RETRIES: 10
2025-04-15T02:06:55.0623080Z   PYTHON_VERSION: 3.12
2025-04-15T02:06:55.0623267Z ##[endgroup]
2025-04-15T02:07:17.4865825Z ##[group]Cache Configuration
2025-04-15T02:07:17.4866262Z Cache Provider:
2025-04-15T02:07:17.4866506Z     github
2025-04-15T02:07:17.4866719Z Workspaces:
2025-04-15T02:07:17.4867216Z     /home/runner/work/uv/uv
2025-04-15T02:07:17.4867657Z Cache Paths:
2025-04-15T02:07:17.4868208Z     /home/runner/.cargo/bin
2025-04-15T02:07:17.4868673Z     /home/runner/.cargo/.crates.toml
2025-04-15T02:07:17.4869193Z     /home/runner/.cargo/.crates2.json
2025-04-15T02:07:17.4869743Z     /home/runner/.cargo/registry
2025-04-15T02:07:17.4870234Z     /home/runner/.cargo/git
2025-04-15T02:07:17.4870663Z     /home/runner/work/uv/uv/target
2025-04-15T02:07:17.4871120Z Restore Key:
2025-04-15T02:07:17.4871608Z     v0-rust-build-binary-linux-libc-Linux-x64-d0a3730b
2025-04-15T02:07:17.4872181Z Cache Key:
2025-04-15T02:07:17.4872763Z     v0-rust-build-binary-linux-libc-Linux-x64-d0a3730b-a17bf133
2025-04-15T02:07:17.4873533Z .. Prefix:
2025-04-15T02:07:17.4874002Z   - v0-rust-build-binary-linux-libc-Linux-x64
2025-04-15T02:07:17.4874670Z .. Environment considered:
2025-04-15T02:07:17.4875379Z   - Rust Version: 1.86.0 x86_64-unknown-linux-gnu (05f9846f893b09a1be1fc8560e33fc3c815cfecb)
2025-04-15T02:07:17.4876176Z   - CARGO_INCREMENTAL
2025-04-15T02:07:17.4876591Z   - CARGO_NET_RETRY
2025-04-15T02:07:17.4876974Z   - CARGO_TERM_COLOR
2025-04-15T02:07:17.4877361Z   - RUSTUP_MAX_RETRIES
2025-04-15T02:07:17.4877750Z .. Lockfiles considered:
2025-04-15T02:07:17.4878427Z   - /home/runner/work/uv/uv/.cargo/config.toml
2025-04-15T02:07:17.4878952Z   - /home/runner/work/uv/uv/Cargo.lock
2025-04-15T02:07:17.4879527Z   - /home/runner/work/uv/uv/crates/uv-auth/Cargo.toml
2025-04-15T02:07:17.4880162Z   - /home/runner/work/uv/uv/crates/uv-bench/Cargo.toml
2025-04-15T02:07:17.4880882Z   - /home/runner/work/uv/uv/crates/uv-build-backend/Cargo.toml
2025-04-15T02:07:17.4882054Z   - /home/runner/work/uv/uv/crates/uv-build-frontend/Cargo.toml
2025-04-15T02:07:17.4882728Z   - /home/runner/work/uv/uv/crates/uv-build/Cargo.toml
2025-04-15T02:07:17.4883362Z   - /home/runner/work/uv/uv/crates/uv-cache-info/Cargo.toml
2025-04-15T02:07:17.4884067Z   - /home/runner/work/uv/uv/crates/uv-cache-key/Cargo.toml
2025-04-15T02:07:17.4884773Z   - /home/runner/work/uv/uv/crates/uv-cache/Cargo.toml
2025-04-15T02:07:17.4885393Z   - /home/runner/work/uv/uv/crates/uv-cli/Cargo.toml
2025-04-15T02:07:17.4885973Z   - /home/runner/work/uv/uv/crates/uv-client/Cargo.toml
2025-04-15T02:07:17.4886592Z   - /home/runner/work/uv/uv/crates/uv-configuration/Cargo.toml
2025-04-15T02:07:17.4887240Z   - /home/runner/work/uv/uv/crates/uv-console/Cargo.toml
2025-04-15T02:07:17.4887817Z   - /home/runner/work/uv/uv/crates/uv-dev/Cargo.toml
2025-04-15T02:07:17.4888659Z   - /home/runner/work/uv/uv/crates/uv-dirs/Cargo.toml
2025-04-15T02:07:17.4889294Z   - /home/runner/work/uv/uv/crates/uv-dispatch/Cargo.toml
2025-04-15T02:07:17.4890040Z   - /home/runner/work/uv/uv/crates/uv-distribution-filename/Cargo.toml
2025-04-15T02:07:17.4890832Z   - /home/runner/work/uv/uv/crates/uv-distribution-types/Cargo.toml
2025-04-15T02:07:17.4891553Z   - /home/runner/work/uv/uv/crates/uv-distribution/Cargo.toml
2025-04-15T02:07:17.4892540Z   - /home/runner/work/uv/uv/crates/uv-extract/Cargo.toml
2025-04-15T02:07:17.4893143Z   - /home/runner/work/uv/uv/crates/uv-fs/Cargo.toml
2025-04-15T02:07:17.4893713Z   - /home/runner/work/uv/uv/crates/uv-git-types/Cargo.toml
2025-04-15T02:07:17.4894287Z   - /home/runner/work/uv/uv/crates/uv-git/Cargo.toml
2025-04-15T02:07:17.4894880Z   - /home/runner/work/uv/uv/crates/uv-globfilter/Cargo.toml
2025-04-15T02:07:17.4895539Z   - /home/runner/work/uv/uv/crates/uv-install-wheel/Cargo.toml
2025-04-15T02:07:17.4896201Z   - /home/runner/work/uv/uv/crates/uv-installer/Cargo.toml
2025-04-15T02:07:17.4896823Z   - /home/runner/work/uv/uv/crates/uv-macros/Cargo.toml
2025-04-15T02:07:17.4897410Z   - /home/runner/work/uv/uv/crates/uv-metadata/Cargo.toml
2025-04-15T02:07:17.4898218Z   - /home/runner/work/uv/uv/crates/uv-normalize/Cargo.toml
2025-04-15T02:07:17.4898837Z   - /home/runner/work/uv/uv/crates/uv-once-map/Cargo.toml
2025-04-15T02:07:17.4899501Z   - /home/runner/work/uv/uv/crates/uv-options-metadata/Cargo.toml
2025-04-15T02:07:17.4900164Z   - /home/runner/work/uv/uv/crates/uv-pep440/Cargo.toml
2025-04-15T02:07:17.4900758Z   - /home/runner/work/uv/uv/crates/uv-pep508/Cargo.toml
2025-04-15T02:07:17.4901439Z   - /home/runner/work/uv/uv/crates/uv-platform-tags/Cargo.toml
2025-04-15T02:07:17.4901884Z   - /home/runner/work/uv/uv/crates/uv-publish/Cargo.toml
2025-04-15T02:07:17.4902226Z   - /home/runner/work/uv/uv/crates/uv-pypi-types/Cargo.toml
2025-04-15T02:07:17.4902571Z   - /home/runner/work/uv/uv/crates/uv-python/Cargo.toml
2025-04-15T02:07:17.4902935Z   - /home/runner/work/uv/uv/crates/uv-requirements-txt/Cargo.toml
2025-04-15T02:07:17.4903335Z   - /home/runner/work/uv/uv/crates/uv-requirements/Cargo.toml
2025-04-15T02:07:17.4903720Z   - /home/runner/work/uv/uv/crates/uv-resolver/Cargo.toml
2025-04-15T02:07:17.4904050Z   - /home/runner/work/uv/uv/crates/uv-scripts/Cargo.toml
2025-04-15T02:07:17.4904378Z   - /home/runner/work/uv/uv/crates/uv-settings/Cargo.toml
2025-04-15T02:07:17.4904703Z   - /home/runner/work/uv/uv/crates/uv-shell/Cargo.toml
2025-04-15T02:07:17.4905034Z   - /home/runner/work/uv/uv/crates/uv-small-str/Cargo.toml
2025-04-15T02:07:17.4905357Z   - /home/runner/work/uv/uv/crates/uv-state/Cargo.toml
2025-04-15T02:07:17.4905661Z   - /home/runner/work/uv/uv/crates/uv-static/Cargo.toml
2025-04-15T02:07:17.4905974Z   - /home/runner/work/uv/uv/crates/uv-tool/Cargo.toml
2025-04-15T02:07:17.4906281Z   - /home/runner/work/uv/uv/crates/uv-torch/Cargo.toml
2025-04-15T02:07:17.4906645Z   - /home/runner/work/uv/uv/crates/uv-trampoline-builder/Cargo.toml
2025-04-15T02:07:17.4907052Z   - /home/runner/work/uv/uv/crates/uv-trampoline/.cargo/config.toml
2025-04-15T02:07:17.4907456Z   - /home/runner/work/uv/uv/crates/uv-trampoline/rust-toolchain.toml
2025-04-15T02:07:17.4908245Z   - /home/runner/work/uv/uv/crates/uv-types/Cargo.toml
2025-04-15T02:07:17.4908625Z   - /home/runner/work/uv/uv/crates/uv-version/Cargo.toml
2025-04-15T02:07:17.4908970Z   - /home/runner/work/uv/uv/crates/uv-virtualenv/Cargo.toml
2025-04-15T02:07:17.4909319Z   - /home/runner/work/uv/uv/crates/uv-warnings/Cargo.toml
2025-04-15T02:07:17.4909651Z   - /home/runner/work/uv/uv/crates/uv-workspace/Cargo.toml
2025-04-15T02:07:17.4909955Z   - /home/runner/work/uv/uv/crates/uv/Cargo.toml
2025-04-15T02:07:17.4910245Z   - /home/runner/work/uv/uv/rust-toolchain.toml
2025-04-15T02:07:17.4910714Z ##[endgroup]
2025-04-15T02:07:17.4910829Z 
2025-04-15T02:07:17.4910907Z ... Restoring cache ...
2025-04-15T02:07:17.6386902Z Cache hit for: v0-rust-build-binary-linux-libc-Linux-x64-d0a3730b-a17bf133
2025-04-15T02:07:18.8239569Z Received 92274688 of 534829131 (17.3%), 88.0 MBs/sec
2025-04-15T02:07:19.8234751Z Received 260046848 of 534829131 (48.6%), 124.0 MBs/sec
2025-04-15T02:07:20.8243766Z Received 364904448 of 534829131 (68.2%), 116.0 MBs/sec
2025-04-15T02:07:21.8524402Z Received 534829131 of 534829131 (100.0%), 126.6 MBs/sec
2025-04-15T02:07:21.8525570Z Cache Size: ~510 MB (534829131 B)
2025-04-15T02:07:21.8589432Z [command]/usr/bin/tar -xf /home/runner/work/_temp/213139ce-35c8-4d00-a9c7-2f70faa647d2/cache.tzst -P -C /home/runner/work/uv/uv --use-compress-program unzstd
2025-04-15T02:07:24.5157433Z Cache restored successfully
2025-04-15T02:07:24.6254991Z Restored from cache key "v0-rust-build-binary-linux-libc-Linux-x64-d0a3730b-a17bf133" full match: true.
2025-04-15T02:07:24.6371617Z ##[group]Run cargo build
2025-04-15T02:07:24.6371879Z [36;1mcargo build[0m
2025-04-15T02:07:24.6420310Z shell: /usr/bin/bash -e {0}
2025-04-15T02:07:24.6420553Z env:
2025-04-15T02:07:24.6420734Z   CARGO_INCREMENTAL: 0
2025-04-15T02:07:24.6420948Z   CARGO_NET_RETRY: 10
2025-04-15T02:07:24.6421154Z   CARGO_TERM_COLOR: always
2025-04-15T02:07:24.6421380Z   RUSTUP_MAX_RETRIES: 10
2025-04-15T02:07:24.6421616Z   PYTHON_VERSION: 3.12
2025-04-15T02:07:24.6421827Z   CACHE_ON_FAILURE: false
2025-04-15T02:07:24.6422039Z ##[endgroup]
2025-04-15T02:07:24.8592059Z [1m[32m    Updating[0m crates.io index
2025-04-15T02:07:26.3982557Z [1m[32m   Compiling[0m uv-small-str v0.0.1 (/home/runner/work/uv/uv/crates/uv-small-str)
2025-04-15T02:07:26.4001461Z [1m[32m   Compiling[0m uv-fs v0.0.1 (/home/runner/work/uv/uv/crates/uv-fs)
2025-04-15T02:07:26.4002653Z [1m[32m   Compiling[0m uv-macros v0.0.1 (/home/runner/work/uv/uv/crates/uv-macros)
2025-04-15T02:07:26.4038539Z [1m[32m   Compiling[0m uv-cache-key v0.0.1 (/home/runner/work/uv/uv/crates/uv-cache-key)
2025-04-15T02:07:26.4040145Z [1m[32m   Compiling[0m uv-pep440 v0.7.0 (/home/runner/work/uv/uv/crates/uv-pep440)
2025-04-15T02:07:26.4080119Z [1m[32m   Compiling[0m uv-git-types v0.0.1 (/home/runner/work/uv/uv/crates/uv-git-types)
2025-04-15T02:07:26.4112019Z [1m[32m   Compiling[0m uv-warnings v0.0.1 (/home/runner/work/uv/uv/crates/uv-warnings)
2025-04-15T02:07:26.4170218Z [1m[32m   Compiling[0m uv-once-map v0.0.1 (/home/runner/work/uv/uv/crates/uv-once-map)
2025-04-15T02:07:26.4761769Z [1m[32m   Compiling[0m uv-cache-info v0.0.1 (/home/runner/work/uv/uv/crates/uv-cache-info)
2025-04-15T02:07:26.4910891Z [1m[32m   Compiling[0m uv-normalize v0.0.1 (/home/runner/work/uv/uv/crates/uv-normalize)
2025-04-15T02:07:26.5266767Z [1m[32m   Compiling[0m uv-platform-tags v0.0.1 (/home/runner/work/uv/uv/crates/uv-platform-tags)
2025-04-15T02:07:26.6084832Z [1m[32m   Compiling[0m uv-version v0.6.14 (/home/runner/work/uv/uv/crates/uv-version)
2025-04-15T02:07:26.6119102Z [1m[32m   Compiling[0m uv-options-metadata v0.0.1 (/home/runner/work/uv/uv/crates/uv-options-metadata)
2025-04-15T02:07:26.6443534Z [1m[32m   Compiling[0m uv-globfilter v0.1.0 (/home/runner/work/uv/uv/crates/uv-globfilter)
2025-04-15T02:07:26.7910051Z [1m[32m   Compiling[0m uv-trampoline-builder v0.0.1 (/home/runner/work/uv/uv/crates/uv-trampoline-builder)
2025-04-15T02:07:26.8303514Z [1m[32m   Compiling[0m uv-performance-memory-allocator v0.1.0 (/home/runner/work/uv/uv/crates/uv-performance-memory-allocator)
2025-04-15T02:07:26.8733447Z [1m[32m   Compiling[0m uv-console v0.0.1 (/home/runner/work/uv/uv/crates/uv-console)
2025-04-15T02:07:27.1082147Z [1m[32m   Compiling[0m uv-pep508 v0.6.0 (/home/runner/work/uv/uv/crates/uv-pep508)
2025-04-15T02:07:27.3696140Z [1m[32m   Compiling[0m uv-distribution-filename v0.0.1 (/home/runner/work/uv/uv/crates/uv-distribution-filename)
2025-04-15T02:07:27.3746214Z [1m[32m   Compiling[0m uv-static v0.0.1 (/home/runner/work/uv/uv/crates/uv-static)
2025-04-15T02:07:27.4422161Z [1m[32m   Compiling[0m uv-auth v0.0.1 (/home/runner/work/uv/uv/crates/uv-auth)
2025-04-15T02:07:27.4619227Z [1m[32m   Compiling[0m uv-dirs v0.0.1 (/home/runner/work/uv/uv/crates/uv-dirs)
2025-04-15T02:07:27.4996355Z [1m[32m   Compiling[0m uv-shell v0.0.1 (/home/runner/work/uv/uv/crates/uv-shell)
2025-04-15T02:07:27.5002889Z [1m[32m   Compiling[0m uv-cli v0.0.1 (/home/runner/work/uv/uv/crates/uv-cli)
2025-04-15T02:07:27.6431483Z [1m[32m   Compiling[0m uv-state v0.0.1 (/home/runner/work/uv/uv/crates/uv-state)
2025-04-15T02:07:28.0671248Z [1m[32m   Compiling[0m uv-pypi-types v0.0.1 (/home/runner/work/uv/uv/crates/uv-pypi-types)
2025-04-15T02:07:28.1592526Z [1m[32m   Compiling[0m uv-git v0.0.1 (/home/runner/work/uv/uv/crates/uv-git)
2025-04-15T02:07:29.1476746Z [1m[32m   Compiling[0m uv-distribution-types v0.0.1 (/home/runner/work/uv/uv/crates/uv-distribution-types)
2025-04-15T02:07:29.1478648Z [1m[32m   Compiling[0m uv-metadata v0.1.0 (/home/runner/work/uv/uv/crates/uv-metadata)
2025-04-15T02:07:29.1479423Z [1m[32m   Compiling[0m uv-install-wheel v0.0.1 (/home/runner/work/uv/uv/crates/uv-install-wheel)
2025-04-15T02:07:29.1480070Z [1m[32m   Compiling[0m uv-build-backend v0.1.0 (/home/runner/work/uv/uv/crates/uv-build-backend)
2025-04-15T02:07:30.5330326Z [1m[32m   Compiling[0m uv-cache v0.0.1 (/home/runner/work/uv/uv/crates/uv-cache)
2025-04-15T02:07:30.5336689Z [1m[32m   Compiling[0m uv-torch v0.1.0 (/home/runner/work/uv/uv/crates/uv-torch)
2025-04-15T02:07:30.5338415Z [1m[32m   Compiling[0m uv-workspace v0.0.1 (/home/runner/work/uv/uv/crates/uv-workspace)
2025-04-15T02:07:30.9647946Z [1m[32m   Compiling[0m uv-build v0.6.14 (/home/runner/work/uv/uv/crates/uv-build)
2025-04-15T02:07:31.0612445Z [1m[32m   Compiling[0m uv-configuration v0.0.1 (/home/runner/work/uv/uv/crates/uv-configuration)
2025-04-15T02:07:31.7699741Z [1m[32m   Compiling[0m uv-client v0.0.1 (/home/runner/work/uv/uv/crates/uv-client)
2025-04-15T02:07:31.7700517Z [1m[32m   Compiling[0m uv-extract v0.0.1 (/home/runner/work/uv/uv/crates/uv-extract)
2025-04-15T02:07:33.5308811Z [1m[32m   Compiling[0m uv-python v0.0.1 (/home/runner/work/uv/uv/crates/uv-python)
2025-04-15T02:07:33.5311883Z [1m[32m   Compiling[0m uv-requirements-txt v0.0.1 (/home/runner/work/uv/uv/crates/uv-requirements-txt)
2025-04-15T02:07:33.5312602Z [1m[32m   Compiling[0m uv-publish v0.1.0 (/home/runner/work/uv/uv/crates/uv-publish)
2025-04-15T02:07:35.1241945Z [1m[32m   Compiling[0m uv-types v0.0.1 (/home/runner/work/uv/uv/crates/uv-types)
2025-04-15T02:07:35.1242784Z [1m[32m   Compiling[0m uv-virtualenv v0.0.4 (/home/runner/work/uv/uv/crates/uv-virtualenv)
2025-04-15T02:07:35.3714442Z [1m[32m   Compiling[0m uv-distribution v0.0.1 (/home/runner/work/uv/uv/crates/uv-distribution)
2025-04-15T02:07:36.9008608Z [1m[32m   Compiling[0m uv-resolver v0.0.1 (/home/runner/work/uv/uv/crates/uv-resolver)
2025-04-15T02:07:36.9010181Z [1m[32m   Compiling[0m uv-installer v0.0.1 (/home/runner/work/uv/uv/crates/uv-installer)
2025-04-15T02:07:36.9011144Z [1m[32m   Compiling[0m uv-build-frontend v0.0.1 (/home/runner/work/uv/uv/crates/uv-build-frontend)
2025-04-15T02:07:40.4168345Z [1m[32m   Compiling[0m uv-settings v0.0.1 (/home/runner/work/uv/uv/crates/uv-settings)
2025-04-15T02:07:40.4169401Z [1m[32m   Compiling[0m uv-dispatch v0.0.1 (/home/runner/work/uv/uv/crates/uv-dispatch)
2025-04-15T02:07:40.4170735Z [1m[32m   Compiling[0m uv-requirements v0.1.0 (/home/runner/work/uv/uv/crates/uv-requirements)
2025-04-15T02:07:40.7093927Z [1m[32m   Compiling[0m uv-bench v0.0.0 (/home/runner/work/uv/uv/crates/uv-bench)
2025-04-15T02:07:41.4925348Z [1m[32m   Compiling[0m uv-tool v0.0.1 (/home/runner/work/uv/uv/crates/uv-tool)
2025-04-15T02:07:41.5189466Z [1m[32m   Compiling[0m uv-scripts v0.0.1 (/home/runner/work/uv/uv/crates/uv-scripts)
2025-04-15T02:07:44.4123915Z [1m[32m   Compiling[0m uv v0.6.14 (/home/runner/work/uv/uv/crates/uv)
2025-04-15T02:07:44.4124675Z [1m[32m   Compiling[0m uv-dev v0.0.1 (/home/runner/work/uv/uv/crates/uv-dev)
2025-04-15T02:07:45.3804989Z [0m[1m[38;5;9merror[E0593][0m[0m[1m: function is expected to take 1 argument, but it takes 2 arguments[0m
2025-04-15T02:07:45.3806794Z [0m   [0m[0m[1m[38;5;12m--> [0m[0mcrates/uv/src/commands/build_frontend.rs:450:54[0m
2025-04-15T02:07:45.3809225Z [0m    [0m[0m[1m[38;5;12m|[0m
2025-04-15T02:07:45.3820858Z [0m[1m[38;5;12m450[0m[0m [0m[0m[1m[38;5;12m|[0m[0m [0m[0m    let mut interpreter_request = python_request.map(PythonRequest::parse);[0m
2025-04-15T02:07:45.3822384Z [0m    [0m[0m[1m[38;5;12m|[0m[0m                                                  [0m[0m[1m[38;5;12m---[0m[0m [0m[0m[1m[38;5;9m^^^^^^^^^^^^^^^^^^^^[0m[0m [0m[0m[1m[38;5;9mexpected function that takes 1 argument[0m
2025-04-15T02:07:45.3823464Z [0m    [0m[0m[1m[38;5;12m|[0m[0m                                                  [0m[0m[1m[38;5;12m|[0m
2025-04-15T02:07:45.3824803Z [0m    [0m[0m[1m[38;5;12m|[0m[0m                                                  [0m[0m[1m[38;5;12mrequired by a bound introduced by this call[0m
2025-04-15T02:07:45.3825574Z [0m    [0m[0m[1m[38;5;12m|[0m
2025-04-15T02:07:45.3826448Z [0m[1m[38;5;10mnote[0m[0m: required by a bound in `std::option::Option::<T>::map`[0m
2025-04-15T02:07:45.3827690Z [0m   [0m[0m[1m[38;5;12m--> [0m[0m/rustc/05f9846f893b09a1be1fc8560e33fc3c815cfecb/library/core/src/option.rs:1114:5[0m
2025-04-15T02:07:45.3829094Z [0m[1m[38;5;14mhelp[0m[0m: call `Option::as_deref()` first[0m
2025-04-15T02:07:45.3829721Z [0m    [0m[0m[1m[38;5;12m|[0m
2025-04-15T02:07:45.3831017Z [0m[1m[38;5;12m450[0m[0m [0m[0m[1m[38;5;12m| [0m[0m    let mut interpreter_request = python_request[0m[0m[38;5;10m.as_deref()[0m[0m.map(PythonRequest::parse);[0m
2025-04-15T02:07:45.3832251Z [0m    [0m[0m[1m[38;5;12m|[0m[0m                                                 [0m[0m[38;5;10m+++++++++++[0m
2025-04-15T02:07:45.3832679Z 
2025-04-15T02:07:45.4377439Z [0m[1m[38;5;9merror[E0061][0m[0m[1m: this function takes 2 arguments but 1 argument was supplied[0m
2025-04-15T02:07:45.4378706Z [0m    [0m[0m[1m[38;5;12m--> [0m[0mcrates/uv/src/commands/pip/compile.rs:249:23[0m
2025-04-15T02:07:45.4379360Z [0m     [0m[0m[1m[38;5;12m|[0m
2025-04-15T02:07:45.4380444Z [0m[1m[38;5;12m249[0m[0m  [0m[0m[1m[38;5;12m|[0m[0m [0m[0m        let request = PythonRequest::parse(python);[0m
2025-04-15T02:07:45.4381928Z [0m     [0m[0m[1m[38;5;12m|[0m[0m                       [0m[0m[1m[38;5;9m^^^^^^^^^^^^^^^^^^^^[0m[0m[1m[38;5;12m--------[0m[0m [0m[0m[1m[38;5;12margument #2 of type `&std::path::Path` is missing[0m
2025-04-15T02:07:45.4382735Z [0m     [0m[0m[1m[38;5;12m|[0m
2025-04-15T02:07:45.4383321Z [0m[1m[38;5;10mnote[0m[0m: associated function defined here[0m
2025-04-15T02:07:45.4384276Z [0m    [0m[0m[1m[38;5;12m--> [0m[0m/home/runner/work/uv/uv/crates/uv-python/src/discovery.rs:1419:12[0m
2025-04-15T02:07:45.4385009Z [0m     [0m[0m[1m[38;5;12m|[0m
2025-04-15T02:07:45.4385853Z [0m[1m[38;5;12m1419[0m[0m [0m[0m[1m[38;5;12m|[0m[0m [0m[0m    pub fn parse(value: &str, discovery_root: &Path) -> Self {[0m
2025-04-15T02:07:45.4386735Z [0m     [0m[0m[1m[38;5;12m|[0m[0m            [0m[0m[1m[38;5;10m^^^^^[0m
2025-04-15T02:07:45.4387378Z [0m[1m[38;5;14mhelp[0m[0m: provide the argument[0m
2025-04-15T02:07:45.4388419Z [0m     [0m[0m[1m[38;5;12m|[0m
2025-04-15T02:07:45.4389389Z [0m[1m[38;5;12m249[0m[0m  [0m[0m[38;5;9m- [0m[0m        let request = PythonRequest::parse[0m[0m[38;5;9m(python)[0m[0m;[0m
2025-04-15T02:07:45.4390776Z [0m[1m[38;5;12m249[0m[0m  [0m[0m[38;5;10m+ [0m[0m        let request = PythonRequest::parse[0m[0m[38;5;10m(python, /* &std::path::Path */)[0m[0m;[0m
2025-04-15T02:07:45.4391664Z [0m     [0m[0m[1m[38;5;12m|[0m
2025-04-15T02:07:45.4391932Z 
2025-04-15T02:07:45.4612174Z [0m[1m[38;5;9merror[E0593][0m[0m[1m: function is expected to take 1 argument, but it takes 2 arguments[0m
2025-04-15T02:07:45.4612914Z [0m   [0m[0m[1m[38;5;12m--> [0m[0mcrates/uv/src/commands/pip/install.rs:173:22[0m
2025-04-15T02:07:45.4613358Z [0m    [0m[0m[1m[38;5;12m|[0m
2025-04-15T02:07:45.4614003Z [0m[1m[38;5;12m173[0m[0m [0m[0m[1m[38;5;12m|[0m[0m [0m[0m                .map(PythonRequest::parse)[0m
2025-04-15T02:07:45.4614780Z [0m    [0m[0m[1m[38;5;12m|[0m[0m                  [0m[0m[1m[38;5;12m---[0m[0m [0m[0m[1m[38;5;9m^^^^^^^^^^^^^^^^^^^^[0m[0m [0m[0m[1m[38;5;9mexpected function that takes 1 argument[0m
2025-04-15T02:07:45.4615385Z [0m    [0m[0m[1m[38;5;12m|[0m[0m                  [0m[0m[1m[38;5;12m|[0m
2025-04-15T02:07:45.4615947Z [0m    [0m[0m[1m[38;5;12m|[0m[0m                  [0m[0m[1m[38;5;12mrequired by a bound introduced by this call[0m
2025-04-15T02:07:45.4616392Z [0m    [0m[0m[1m[38;5;12m|[0m
2025-04-15T02:07:45.4617118Z [0m[1m[38;5;10mnote[0m[0m: required by a bound in `std::option::Option::<T>::map`[0m
2025-04-15T02:07:45.4617917Z [0m   [0m[0m[1m[38;5;12m--> [0m[0m/rustc/05f9846f893b09a1be1fc8560e33fc3c815cfecb/library/core/src/option.rs:1114:5[0m
2025-04-15T02:07:45.4618839Z [0m[1m[38;5;14mhelp[0m[0m: call `Option::as_deref()` first[0m
2025-04-15T02:07:45.4619229Z [0m    [0m[0m[1m[38;5;12m|[0m
2025-04-15T02:07:45.4619728Z [0m[1m[38;5;12m172[0m[0m [0m[0m[1m[38;5;12m| [0m[0m                .as_deref()[0m[0m[38;5;10m.as_deref()[0m
2025-04-15T02:07:45.4620275Z [0m    [0m[0m[1m[38;5;12m|[0m[0m                            [0m[0m[38;5;10m+++++++++++[0m
2025-04-15T02:07:45.4620542Z 
2025-04-15T02:07:45.4620936Z [0m[1m[38;5;9merror[E0593][0m[0m[1m: function is expected to take 1 argument, but it takes 2 arguments[0m
2025-04-15T02:07:45.4621590Z [0m   [0m[0m[1m[38;5;12m--> [0m[0mcrates/uv/src/commands/pip/install.rs:186:22[0m
2025-04-15T02:07:45.4622023Z [0m    [0m[0m[1m[38;5;12m|[0m
2025-04-15T02:07:45.4622552Z [0m[1m[38;5;12m186[0m[0m [0m[0m[1m[38;5;12m|[0m[0m [0m[0m                .map(PythonRequest::parse)[0m
2025-04-15T02:07:45.4623322Z [0m    [0m[0m[1m[38;5;12m|[0m[0m                  [0m[0m[1m[38;5;12m---[0m[0m [0m[0m[1m[38;5;9m^^^^^^^^^^^^^^^^^^^^[0m[0m [0m[0m[1m[38;5;9mexpected function that takes 1 argument[0m
2025-04-15T02:07:45.4623962Z [0m    [0m[0m[1m[38;5;12m|[0m[0m                  [0m[0m[1m[38;5;12m|[0m
2025-04-15T02:07:45.4624519Z [0m    [0m[0m[1m[38;5;12m|[0m[0m                  [0m[0m[1m[38;5;12mrequired by a bound introduced by this call[0m
2025-04-15T02:07:45.4624956Z [0m    [0m[0m[1m[38;5;12m|[0m
2025-04-15T02:07:45.4625453Z [0m[1m[38;5;10mnote[0m[0m: required by a bound in `std::option::Option::<T>::map`[0m
2025-04-15T02:07:45.4626225Z [0m   [0m[0m[1m[38;5;12m--> [0m[0m/rustc/05f9846f893b09a1be1fc8560e33fc3c815cfecb/library/core/src/option.rs:1114:5[0m
2025-04-15T02:07:45.4626897Z [0m[1m[38;5;14mhelp[0m[0m: call `Option::as_deref()` first[0m
2025-04-15T02:07:45.4627275Z [0m    [0m[0m[1m[38;5;12m|[0m
2025-04-15T02:07:45.4627747Z [0m[1m[38;5;12m185[0m[0m [0m[0m[1m[38;5;12m| [0m[0m                .as_deref()[0m[0m[38;5;10m.as_deref()[0m
2025-04-15T02:07:45.4628548Z [0m    [0m[0m[1m[38;5;12m|[0m[0m                            [0m[0m[38;5;10m+++++++++++[0m
2025-04-15T02:07:45.4628998Z 
2025-04-15T02:07:45.5090420Z [0m[1m[38;5;9merror[E0593][0m[0m[1m: function is expected to take 1 argument, but it takes 2 arguments[0m
2025-04-15T02:07:45.5091061Z [0m  [0m[0m[1m[38;5;12m--> [0m[0mcrates/uv/src/commands/pip/list.rs:64:21[0m
2025-04-15T02:07:45.5091442Z [0m   [0m[0m[1m[38;5;12m|[0m
2025-04-15T02:07:45.5092101Z [0m[1m[38;5;12m64[0m[0m [0m[0m[1m[38;5;12m|[0m[0m [0m[0m        &python.map(PythonRequest::parse).unwrap_or_default(),[0m
2025-04-15T02:07:45.5092841Z [0m   [0m[0m[1m[38;5;12m|[0m[0m                 [0m[0m[1m[38;5;12m---[0m[0m [0m[0m[1m[38;5;9m^^^^^^^^^^^^^^^^^^^^[0m[0m [0m[0m[1m[38;5;9mexpected function that takes 1 argument[0m
2025-04-15T02:07:45.5093366Z [0m   [0m[0m[1m[38;5;12m|[0m[0m                 [0m[0m[1m[38;5;12m|[0m
2025-04-15T02:07:45.5093857Z [0m   [0m[0m[1m[38;5;12m|[0m[0m                 [0m[0m[1m[38;5;12mrequired by a bound introduced by this call[0m
2025-04-15T02:07:45.5094254Z [0m   [0m[0m[1m[38;5;12m|[0m
2025-04-15T02:07:45.5094700Z [0m[1m[38;5;10mnote[0m[0m: required by a bound in `std::option::Option::<T>::map`[0m
2025-04-15T02:07:45.5095367Z [0m  [0m[0m[1m[38;5;12m--> [0m[0m/rustc/05f9846f893b09a1be1fc8560e33fc3c815cfecb/library/core/src/option.rs:1114:5[0m
2025-04-15T02:07:45.5095979Z [0m[1m[38;5;14mhelp[0m[0m: call `Option::as_deref()` first[0m
2025-04-15T02:07:45.5096319Z [0m   [0m[0m[1m[38;5;12m|[0m
2025-04-15T02:07:45.5097163Z [0m[1m[38;5;12m64[0m[0m [0m[0m[1m[38;5;12m| [0m[0m        &python[0m[0m[38;5;10m.as_deref()[0m[0m.map(PythonRequest::parse).unwrap_or_default(),[0m
2025-04-15T02:07:45.5097756Z [0m   [0m[0m[1m[38;5;12m|[0m[0m                [0m[0m[38;5;10m+++++++++++[0m
2025-04-15T02:07:45.5098217Z 
2025-04-15T02:07:45.5839967Z [0m[1m[38;5;9merror[E0593][0m[0m[1m: function is expected to take 1 argument, but it takes 2 arguments[0m
2025-04-15T02:07:45.5841151Z [0m   [0m[0m[1m[38;5;12m--> [0m[0mcrates/uv/src/commands/pip/sync.rs:145:22[0m
2025-04-15T02:07:45.5841837Z [0m    [0m[0m[1m[38;5;12m|[0m
2025-04-15T02:07:45.5842896Z [0m[1m[38;5;12m145[0m[0m [0m[0m[1m[38;5;12m|[0m[0m [0m[0m                .map(PythonRequest::parse)[0m
2025-04-15T02:07:45.5844118Z [0m    [0m[0m[1m[38;5;12m|[0m[0m                  [0m[0m[1m[38;5;12m---[0m[0m [0m[0m[1m[38;5;9m^^^^^^^^^^^^^^^^^^^^[0m[0m [0m[0m[1m[38;5;9mexpected function that takes 1 argument[0m
2025-04-15T02:07:45.5845095Z [0m    [0m[0m[1m[38;5;12m|[0m[0m                  [0m[0m[1m[38;5;12m|[0m
2025-04-15T02:07:45.5846000Z [0m    [0m[0m[1m[38;5;12m|[0m[0m                  [0m[0m[1m[38;5;12mrequired by a bound introduced by this call[0m
2025-04-15T02:07:45.5846707Z [0m    [0m[0m[1m[38;5;12m|[0m
2025-04-15T02:07:45.5847540Z [0m[1m[38;5;10mnote[0m[0m: required by a bound in `std::option::Option::<T>::map`[0m
2025-04-15T02:07:45.5848976Z [0m   [0m[0m[1m[38;5;12m--> [0m[0m/rustc/05f9846f893b09a1be1fc8560e33fc3c815cfecb/library/core/src/option.rs:1114:5[0m
2025-04-15T02:07:45.5850130Z [0m[1m[38;5;14mhelp[0m[0m: call `Option::as_deref()` first[0m
2025-04-15T02:07:45.5850761Z [0m    [0m[0m[1m[38;5;12m|[0m
2025-04-15T02:07:45.5851531Z [0m[1m[38;5;12m144[0m[0m [0m[0m[1m[38;5;12m| [0m[0m                .as_deref()[0m[0m[38;5;10m.as_deref()[0m
2025-04-15T02:07:45.5852388Z [0m    [0m[0m[1m[38;5;12m|[0m[0m                            [0m[0m[38;5;10m+++++++++++[0m
2025-04-15T02:07:45.5852798Z 
2025-04-15T02:07:45.5853424Z [0m[1m[38;5;9merror[E0593][0m[0m[1m: function is expected to take 1 argument, but it takes 2 arguments[0m
2025-04-15T02:07:45.5854369Z [0m   [0m[0m[1m[38;5;12m--> [0m[0mcrates/uv/src/commands/pip/sync.rs:158:22[0m
2025-04-15T02:07:45.5854982Z [0m    [0m[0m[1m[38;5;12m|[0m
2025-04-15T02:07:45.5855795Z [0m[1m[38;5;12m158[0m[0m [0m[0m[1m[38;5;12m|[0m[0m [0m[0m                .map(PythonRequest::parse)[0m
2025-04-15T02:07:45.5857285Z [0m    [0m[0m[1m[38;5;12m|[0m[0m                  [0m[0m[1m[38;5;12m---[0m[0m [0m[0m[1m[38;5;9m^^^^^^^^^^^^^^^^^^^^[0m[0m [0m[0m[1m[38;5;9mexpected function that takes 1 argument[0m
2025-04-15T02:07:45.5858380Z [0m    [0m[0m[1m[38;5;12m|[0m[0m                  [0m[0m[1m[38;5;12m|[0m
2025-04-15T02:07:45.5859230Z [0m    [0m[0m[1m[38;5;12m|[0m[0m                  [0m[0m[1m[38;5;12mrequired by a bound introduced by this call[0m
2025-04-15T02:07:45.5859909Z [0m    [0m[0m[1m[38;5;12m|[0m
2025-04-15T02:07:45.5860662Z [0m[1m[38;5;10mnote[0m[0m: required by a bound in `std::option::Option::<T>::map`[0m
2025-04-15T02:07:45.5861828Z [0m   [0m[0m[1m[38;5;12m--> [0m[0m/rustc/05f9846f893b09a1be1fc8560e33fc3c815cfecb/library/core/src/option.rs:1114:5[0m
2025-04-15T02:07:45.5862843Z [0m[1m[38;5;14mhelp[0m[0m: call `Option::as_deref()` first[0m
2025-04-15T02:07:45.5863430Z [0m    [0m[0m[1m[38;5;12m|[0m
2025-04-15T02:07:45.5864163Z [0m[1m[38;5;12m157[0m[0m [0m[0m[1m[38;5;12m| [0m[0m                .as_deref()[0m[0m[38;5;10m.as_deref()[0m
2025-04-15T02:07:45.5864972Z [0m    [0m[0m[1m[38;5;12m|[0m[0m                            [0m[0m[38;5;10m+++++++++++[0m
2025-04-15T02:07:45.5865360Z 
2025-04-15T02:07:45.5973497Z [0m[1m[38;5;9merror[E0593][0m[0m[1m: function is expected to take 1 argument, but it takes 2 arguments[0m
2025-04-15T02:07:45.5974839Z [0m  [0m[0m[1m[38;5;12m--> [0m[0mcrates/uv/src/commands/pip/tree.rs:59:21[0m
2025-04-15T02:07:45.5975549Z [0m   [0m[0m[1m[38;5;12m|[0m
2025-04-15T02:07:45.5976573Z [0m[1m[38;5;12m59[0m[0m [0m[0m[1m[38;5;12m|[0m[0m [0m[0m        &python.map(PythonRequest::parse).unwrap_or_default(),[0m
2025-04-15T02:07:45.5977854Z [0m   [0m[0m[1m[38;5;12m|[0m[0m                 [0m[0m[1m[38;5;12m---[0m[0m [0m[0m[1m[38;5;9m^^^^^^^^^^^^^^^^^^^^[0m[0m [0m[0m[1m[38;5;9mexpected function that takes 1 argument[0m
2025-04-15T02:07:45.5978994Z [0m   [0m[0m[1m[38;5;12m|[0m[0m                 [0m[0m[1m[38;5;12m|[0m
2025-04-15T02:07:45.5979871Z [0m   [0m[0m[1m[38;5;12m|[0m[0m                 [0m[0m[1m[38;5;12mrequired by a bound introduced by this call[0m
2025-04-15T02:07:45.5980583Z [0m   [0m[0m[1m[38;5;12m|[0m
2025-04-15T02:07:45.5981419Z [0m[1m[38;5;10mnote[0m[0m: required by a bound in `std::option::Option::<T>::map`[0m
2025-04-15T02:07:45.5982649Z [0m  [0m[0m[1m[38;5;12m--> [0m[0m/rustc/05f9846f893b09a1be1fc8560e33fc3c815cfecb/library/core/src/option.rs:1114:5[0m
2025-04-15T02:07:45.5983771Z [0m[1m[38;5;14mhelp[0m[0m: call `Option::as_deref()` first[0m
2025-04-15T02:07:45.5984369Z [0m   [0m[0m[1m[38;5;12m|[0m
2025-04-15T02:07:45.5985471Z [0m[1m[38;5;12m59[0m[0m [0m[0m[1m[38;5;12m| [0m[0m        &python[0m[0m[38;5;10m.as_deref()[0m[0m.map(PythonRequest::parse).unwrap_or_default(),[0m
2025-04-15T02:07:45.5986482Z [0m   [0m[0m[1m[38;5;12m|[0m[0m                [0m[0m[38;5;10m+++++++++++[0m
2025-04-15T02:07:45.5986906Z 
2025-04-15T02:07:45.6065580Z [0m[1m[38;5;9merror[E0593][0m[0m[1m: function is expected to take 1 argument, but it takes 2 arguments[0m
2025-04-15T02:07:45.6066685Z [0m  [0m[0m[1m[38;5;12m--> [0m[0mcrates/uv/src/commands/pip/uninstall.rs:56:18[0m
2025-04-15T02:07:45.6067373Z [0m   [0m[0m[1m[38;5;12m|[0m
2025-04-15T02:07:45.6068417Z [0m[1m[38;5;12m56[0m[0m [0m[0m[1m[38;5;12m|[0m[0m [0m[0m            .map(PythonRequest::parse)[0m
2025-04-15T02:07:45.6069633Z [0m   [0m[0m[1m[38;5;12m|[0m[0m              [0m[0m[1m[38;5;12m---[0m[0m [0m[0m[1m[38;5;9m^^^^^^^^^^^^^^^^^^^^[0m[0m [0m[0m[1m[38;5;9mexpected function that takes 1 argument[0m
2025-04-15T02:07:45.6070571Z [0m   [0m[0m[1m[38;5;12m|[0m[0m              [0m[0m[1m[38;5;12m|[0m
2025-04-15T02:07:45.6071449Z [0m   [0m[0m[1m[38;5;12m|[0m[0m              [0m[0m[1m[38;5;12mrequired by a bound introduced by this call[0m
2025-04-15T02:07:45.6072457Z [0m   [0m[0m[1m[38;5;12m|[0m
2025-04-15T02:07:45.6073285Z [0m[1m[38;5;10mnote[0m[0m: required by a bound in `std::option::Option::<T>::map`[0m
2025-04-15T02:07:45.6074503Z [0m  [0m[0m[1m[38;5;12m--> [0m[0m/rustc/05f9846f893b09a1be1fc8560e33fc3c815cfecb/library/core/src/option.rs:1114:5[0m
2025-04-15T02:07:45.6075651Z [0m[1m[38;5;14mhelp[0m[0m: call `Option::as_deref()` first[0m
2025-04-15T02:07:45.6076264Z [0m   [0m[0m[1m[38;5;12m|[0m
2025-04-15T02:07:45.6077013Z [0m[1m[38;5;12m55[0m[0m [0m[0m[1m[38;5;12m| [0m[0m            .as_deref()[0m[0m[38;5;10m.as_deref()[0m
2025-04-15T02:07:45.6077850Z [0m   [0m[0m[1m[38;5;12m|[0m[0m                        [0m[0m[38;5;10m+++++++++++[0m
2025-04-15T02:07:45.6078453Z 
2025-04-15T02:07:45.7382875Z [0m[1m[38;5;9merror[E0061][0m[0m[1m: this function takes 2 arguments but 1 argument was supplied[0m
2025-04-15T02:07:45.7383996Z [0m    [0m[0m[1m[38;5;12m--> [0m[0mcrates/uv/src/commands/project/mod.rs:2243:9[0m
2025-04-15T02:07:45.7384740Z [0m     [0m[0m[1m[38;5;12m|[0m
2025-04-15T02:07:45.7385758Z [0m[1m[38;5;12m2243[0m[0m [0m[0m[1m[38;5;12m|[0m[0m [0m[0m        PythonRequest::parse(request)[0m
2025-04-15T02:07:45.7387218Z [0m     [0m[0m[1m[38;5;12m|[0m[0m         [0m[0m[1m[38;5;9m^^^^^^^^^^^^^^^^^^^^[0m[0m[1m[38;5;12m---------[0m[0m [0m[0m[1m[38;5;12margument #2 of type `&std::path::Path` is missing[0m
2025-04-15T02:07:45.7388314Z [0m     [0m[0m[1m[38;5;12m|[0m
2025-04-15T02:07:45.7389663Z [0m[1m[38;5;10mnote[0m[0m: associated function defined here[0m
2025-04-15T02:07:45.7390716Z [0m    [0m[0m[1m[38;5;12m--> [0m[0m/home/runner/work/uv/uv/crates/uv-python/src/discovery.rs:1419:12[0m
2025-04-15T02:07:45.7391532Z [0m     [0m[0m[1m[38;5;12m|[0m
2025-04-15T02:07:45.7392436Z [0m[1m[38;5;12m1419[0m[0m [0m[0m[1m[38;5;12m|[0m[0m [0m[0m    pub fn parse(value: &str, discovery_root: &Path) -> Self {[0m
2025-04-15T02:07:45.7393421Z [0m     [0m[0m[1m[38;5;12m|[0m[0m            [0m[0m[1m[38;5;10m^^^^^[0m
2025-04-15T02:07:45.7394122Z [0m[1m[38;5;14mhelp[0m[0m: provide the argument[0m
2025-04-15T02:07:45.7394689Z [0m     [0m[0m[1m[38;5;12m|[0m
2025-04-15T02:07:45.7395585Z [0m[1m[38;5;12m2243[0m[0m [0m[0m[38;5;9m- [0m[0m        PythonRequest::parse[0m[0m[38;5;9m(request)[0m
2025-04-15T02:07:45.7396873Z [0m[1m[38;5;12m2243[0m[0m [0m[0m[38;5;10m+ [0m[0m        PythonRequest::parse[0m[0m[38;5;10m(request, /* &std::path::Path */)[0m
2025-04-15T02:07:45.7397736Z [0m     [0m[0m[1m[38;5;12m|[0m
2025-04-15T02:07:45.7398232Z 
2025-04-15T02:07:45.7507700Z [0m[1m[38;5;9merror[E0593][0m[0m[1m: function is expected to take 1 argument, but it takes 2 arguments[0m
2025-04-15T02:07:45.7508992Z [0m   [0m[0m[1m[38;5;12m--> [0m[0mcrates/uv/src/commands/project/add.rs:167:35[0m
2025-04-15T02:07:45.7509684Z [0m    [0m[0m[1m[38;5;12m|[0m
2025-04-15T02:07:45.7510694Z [0m[1m[38;5;12m167[0m[0m [0m[0m[1m[38;5;12m|[0m[0m [0m[0m            python.as_deref().map(PythonRequest::parse),[0m
2025-04-15T02:07:45.7511981Z [0m    [0m[0m[1m[38;5;12m|[0m[0m                               [0m[0m[1m[38;5;12m---[0m[0m [0m[0m[1m[38;5;9m^^^^^^^^^^^^^^^^^^^^[0m[0m [0m[0m[1m[38;5;9mexpected function that takes 1 argument[0m
2025-04-15T02:07:45.7512970Z [0m    [0m[0m[1m[38;5;12m|[0m[0m                               [0m[0m[1m[38;5;12m|[0m
2025-04-15T02:07:45.7513931Z [0m    [0m[0m[1m[38;5;12m|[0m[0m                               [0m[0m[1m[38;5;12mrequired by a bound introduced by this call[0m
2025-04-15T02:07:45.7514647Z [0m    [0m[0m[1m[38;5;12m|[0m
2025-04-15T02:07:45.7515490Z [0m[1m[38;5;10mnote[0m[0m: required by a bound in `std::option::Option::<T>::map`[0m
2025-04-15T02:07:45.7516728Z [0m   [0m[0m[1m[38;5;12m--> [0m[0m/rustc/05f9846f893b09a1be1fc8560e33fc3c815cfecb/library/core/src/option.rs:1114:5[0m
2025-04-15T02:07:45.7518461Z [0m[1m[38;5;14mhelp[0m[0m: call `Option::as_deref()` first[0m
2025-04-15T02:07:45.7519081Z [0m    [0m[0m[1m[38;5;12m|[0m
2025-04-15T02:07:45.7520195Z [0m[1m[38;5;12m167[0m[0m [0m[0m[1m[38;5;12m| [0m[0m            python.as_deref()[0m[0m[38;5;10m.as_deref()[0m[0m.map(PythonRequest::parse),[0m
2025-04-15T02:07:45.7521213Z [0m    [0m[0m[1m[38;5;12m|[0m[0m                              [0m[0m[38;5;10m+++++++++++[0m
2025-04-15T02:07:45.7521627Z 
2025-04-15T02:07:45.7599194Z [0m[1m[38;5;9merror[E0593][0m[0m[1m: function is expected to take 1 argument, but it takes 2 arguments[0m
2025-04-15T02:07:45.7600303Z [0m   [0m[0m[1m[38;5;12m--> [0m[0mcrates/uv/src/commands/project/add.rs:224:39[0m
2025-04-15T02:07:45.7601016Z [0m    [0m[0m[1m[38;5;12m|[0m
2025-04-15T02:07:45.7602041Z [0m[1m[38;5;12m224[0m[0m [0m[0m[1m[38;5;12m|[0m[0m [0m[0m                python.as_deref().map(PythonRequest::parse),[0m
2025-04-15T02:07:45.7603404Z [0m    [0m[0m[1m[38;5;12m|[0m[0m                                   [0m[0m[1m[38;5;12m---[0m[0m [0m[0m[1m[38;5;9m^^^^^^^^^^^^^^^^^^^^[0m[0m [0m[0m[1m[38;5;9mexpected function that takes 1 argument[0m
2025-04-15T02:07:45.7604388Z [0m    [0m[0m[1m[38;5;12m|[0m[0m                                   [0m[0m[1m[38;5;12m|[0m
2025-04-15T02:07:45.7605315Z [0m    [0m[0m[1m[38;5;12m|[0m[0m                                   [0m[0m[1m[38;5;12mrequired by a bound introduced by this call[0m
2025-04-15T02:07:45.7606287Z [0m    [0m[0m[1m[38;5;12m|[0m
2025-04-15T02:07:45.7607183Z [0m[1m[38;5;10mnote[0m[0m: required by a bound in `std::option::Option::<T>::map`[0m
2025-04-15T02:07:45.7608590Z [0m   [0m[0m[1m[38;5;12m--> [0m[0m/rustc/05f9846f893b09a1be1fc8560e33fc3c815cfecb/library/core/src/option.rs:1114:5[0m
2025-04-15T02:07:45.7609723Z [0m[1m[38;5;14mhelp[0m[0m: call `Option::as_deref()` first[0m
2025-04-15T02:07:45.7610341Z [0m    [0m[0m[1m[38;5;12m|[0m
2025-04-15T02:07:45.7611452Z [0m[1m[38;5;12m224[0m[0m [0m[0m[1m[38;5;12m| [0m[0m                python.as_deref()[0m[0m[38;5;10m.as_deref()[0m[0m.map(PythonRequest::parse),[0m
2025-04-15T02:07:45.7612482Z [0m    [0m[0m[1m[38;5;12m|[0m[0m                                  [0m[0m[38;5;10m+++++++++++[0m
2025-04-15T02:07:45.7612912Z 
2025-04-15T02:07:45.7613542Z [0m[1m[38;5;9merror[E0593][0m[0m[1m: function is expected to take 1 argument, but it takes 2 arguments[0m
2025-04-15T02:07:45.7614585Z [0m   [0m[0m[1m[38;5;12m--> [0m[0mcrates/uv/src/commands/project/add.rs:242:39[0m
2025-04-15T02:07:45.7615263Z [0m    [0m[0m[1m[38;5;12m|[0m
2025-04-15T02:07:45.7616220Z [0m[1m[38;5;12m242[0m[0m [0m[0m[1m[38;5;12m|[0m[0m [0m[0m                python.as_deref().map(PythonRequest::parse),[0m
2025-04-15T02:07:45.7617504Z [0m    [0m[0m[1m[38;5;12m|[0m[0m                                   [0m[0m[1m[38;5;12m---[0m[0m [0m[0m[1m[38;5;9m^^^^^^^^^^^^^^^^^^^^[0m[0m [0m[0m[1m[38;5;9mexpected function that takes 1 argument[0m
2025-04-15T02:07:45.7618723Z [0m    [0m[0m[1m[38;5;12m|[0m[0m                                   [0m[0m[1m[38;5;12m|[0m
2025-04-15T02:07:45.7619664Z [0m    [0m[0m[1m[38;5;12m|[0m[0m                                   [0m[0m[1m[38;5;12mrequired by a bound introduced by this call[0m
2025-04-15T02:07:45.7620359Z [0m    [0m[0m[1m[38;5;12m|[0m
2025-04-15T02:07:45.7621197Z [0m[1m[38;5;10mnote[0m[0m: required by a bound in `std::option::Option::<T>::map`[0m
2025-04-15T02:07:45.7622425Z [0m   [0m[0m[1m[38;5;12m--> [0m[0m/rustc/05f9846f893b09a1be1fc8560e33fc3c815cfecb/library/core/src/option.rs:1114:5[0m
2025-04-15T02:07:45.7623549Z [0m[1m[38;5;14mhelp[0m[0m: call `Option::as_deref()` first[0m
2025-04-15T02:07:45.7624163Z [0m    [0m[0m[1m[38;5;12m|[0m
2025-04-15T02:07:45.7625244Z [0m[1m[38;5;12m242[0m[0m [0m[0m[1m[38;5;12m| [0m[0m                python.as_deref()[0m[0m[38;5;10m.as_deref()[0m[0m.map(PythonRequest::parse),[0m
2025-04-15T02:07:45.7626603Z [0m    [0m[0m[1m[38;5;12m|[0m[0m                                  [0m[0m[38;5;10m+++++++++++[0m
2025-04-15T02:07:45.7627022Z 
2025-04-15T02:07:45.8084170Z [0m[1m[38;5;9merror[E0593][0m[0m[1m: function is expected to take 1 argument, but it takes 2 arguments[0m
2025-04-15T02:07:45.8085380Z [0m   [0m[0m[1m[38;5;12m--> [0m[0mcrates/uv/src/commands/project/export.rs:125:39[0m
2025-04-15T02:07:45.8086160Z [0m    [0m[0m[1m[38;5;12m|[0m
2025-04-15T02:07:45.8087336Z [0m[1m[38;5;12m125[0m[0m [0m[0m[1m[38;5;12m|[0m[0m [0m[0m                python.as_deref().map(PythonRequest::parse),[0m
2025-04-15T02:07:45.8088912Z [0m    [0m[0m[1m[38;5;12m|[0m[0m                                   [0m[0m[1m[38;5;12m---[0m[0m [0m[0m[1m[38;5;9m^^^^^^^^^^^^^^^^^^^^[0m[0m [0m[0m[1m[38;5;9mexpected function that takes 1 argument[0m
2025-04-15T02:07:45.8089929Z [0m    [0m[0m[1m[38;5;12m|[0m[0m                                   [0m[0m[1m[38;5;12m|[0m
2025-04-15T02:07:45.8090863Z [0m    [0m[0m[1m[38;5;12m|[0m[0m                                   [0m[0m[1m[38;5;12mrequired by a bound introduced by this call[0m
2025-04-15T02:07:45.8091596Z [0m    [0m[0m[1m[38;5;12m|[0m
2025-04-15T02:07:45.8092460Z [0m[1m[38;5;10mnote[0m[0m: required by a bound in `std::option::Option::<T>::map`[0m
2025-04-15T02:07:45.8094040Z [0m   [0m[0m[1m[38;5;12m--> [0m[0m/rustc/05f9846f893b09a1be1fc8560e33fc3c815cfecb/library/core/src/option.rs:1114:5[0m
2025-04-15T02:07:45.8095226Z [0m[1m[38;5;14mhelp[0m[0m: call `Option::as_deref()` first[0m
2025-04-15T02:07:45.8095842Z [0m    [0m[0m[1m[38;5;12m|[0m
2025-04-15T02:07:45.8096956Z [0m[1m[38;5;12m125[0m[0m [0m[0m[1m[38;5;12m| [0m[0m                python.as_deref()[0m[0m[38;5;10m.as_deref()[0m[0m.map(PythonRequest::parse),[0m
2025-04-15T02:07:45.8098211Z [0m    [0m[0m[1m[38;5;12m|[0m[0m                                  [0m[0m[38;5;10m+++++++++++[0m
2025-04-15T02:07:45.8098647Z 
2025-04-15T02:07:45.8099285Z [0m[1m[38;5;9merror[E0593][0m[0m[1m: function is expected to take 1 argument, but it takes 2 arguments[0m
2025-04-15T02:07:45.8100349Z [0m   [0m[0m[1m[38;5;12m--> [0m[0mcrates/uv/src/commands/project/export.rs:140:39[0m
2025-04-15T02:07:45.8101040Z [0m    [0m[0m[1m[38;5;12m|[0m
2025-04-15T02:07:45.8101977Z [0m[1m[38;5;12m140[0m[0m [0m[0m[1m[38;5;12m|[0m[0m [0m[0m                python.as_deref().map(PythonRequest::parse),[0m
2025-04-15T02:07:45.8103237Z [0m    [0m[0m[1m[38;5;12m|[0m[0m                                   [0m[0m[1m[38;5;12m---[0m[0m [0m[0m[1m[38;5;9m^^^^^^^^^^^^^^^^^^^^[0m[0m [0m[0m[1m[38;5;9mexpected function that takes 1 argument[0m
2025-04-15T02:07:45.8104166Z [0m    [0m[0m[1m[38;5;12m|[0m[0m                                   [0m[0m[1m[38;5;12m|[0m
2025-04-15T02:07:45.8105013Z [0m    [0m[0m[1m[38;5;12m|[0m[0m                                   [0m[0m[1m[38;5;12mrequired by a bound introduced by this call[0m
2025-04-15T02:07:45.8105693Z [0m    [0m[0m[1m[38;5;12m|[0m
2025-04-15T02:07:45.8106454Z [0m[1m[38;5;10mnote[0m[0m: required by a bound in `std::option::Option::<T>::map`[0m
2025-04-15T02:07:45.8107629Z [0m   [0m[0m[1m[38;5;12m--> [0m[0m/rustc/05f9846f893b09a1be1fc8560e33fc3c815cfecb/library/core/src/option.rs:1114:5[0m
2025-04-15T02:07:45.8108934Z [0m[1m[38;5;14mhelp[0m[0m: call `Option::as_deref()` first[0m
2025-04-15T02:07:45.8109518Z [0m    [0m[0m[1m[38;5;12m|[0m
2025-04-15T02:07:45.8110562Z [0m[1m[38;5;12m140[0m[0m [0m[0m[1m[38;5;12m| [0m[0m                python.as_deref()[0m[0m[38;5;10m.as_deref()[0m[0m.map(PythonRequest::parse),[0m
2025-04-15T02:07:45.8111548Z [0m    [0m[0m[1m[38;5;12m|[0m[0m                                  [0m[0m[38;5;10m+++++++++++[0m
2025-04-15T02:07:45.8112199Z 
2025-04-15T02:07:45.8488181Z [0m[1m[38;5;9merror[E0061][0m[0m[1m: this function takes 2 arguments but 1 argument was supplied[0m
2025-04-15T02:07:45.8488951Z [0m    [0m[0m[1m[38;5;12m--> [0m[0mcrates/uv/src/commands/project/init.rs:347:14[0m
2025-04-15T02:07:45.8489391Z [0m     [0m[0m[1m[38;5;12m|[0m
2025-04-15T02:07:45.8490082Z [0m[1m[38;5;12m347[0m[0m  [0m[0m[1m[38;5;12m|[0m[0m [0m[0m        Some(PythonRequest::parse(&request))[0m
2025-04-15T02:07:45.8491023Z [0m     [0m[0m[1m[38;5;12m|[0m[0m              [0m[0m[1m[38;5;9m^^^^^^^^^^^^^^^^^^^^[0m[0m[1m[38;5;12m----------[0m[0m [0m[0m[1m[38;5;12margument #2 of type `&std::path::Path` is missing[0m
2025-04-15T02:07:45.8491781Z [0m     [0m[0m[1m[38;5;12m|[0m
2025-04-15T02:07:45.8492351Z [0m[1m[38;5;10mnote[0m[0m: associated function defined here[0m
2025-04-15T02:07:45.8493272Z [0m    [0m[0m[1m[38;5;12m--> [0m[0m/home/runner/work/uv/uv/crates/uv-python/src/discovery.rs:1419:12[0m
2025-04-15T02:07:45.8494108Z [0m     [0m[0m[1m[38;5;12m|[0m
2025-04-15T02:07:45.8495019Z [0m[1m[38;5;12m1419[0m[0m [0m[0m[1m[38;5;12m|[0m[0m [0m[0m    pub fn parse(value: &str, discovery_root: &Path) -> Self {[0m
2025-04-15T02:07:45.8495831Z [0m     [0m[0m[1m[38;5;12m|[0m[0m            [0m[0m[1m[38;5;10m^^^^^[0m
2025-04-15T02:07:45.8496257Z [0m[1m[38;5;14mhelp[0m[0m: provide the argument[0m
2025-04-15T02:07:45.8496584Z [0m     [0m[0m[1m[38;5;12m|[0m
2025-04-15T02:07:45.8497388Z [0m[1m[38;5;12m347[0m[0m  [0m[0m[38;5;9m- [0m[0m        Some(PythonRequest::parse[0m[0m[38;5;9m(&request)[0m[0m)[0m
2025-04-15T02:07:45.8498639Z [0m[1m[38;5;12m347[0m[0m  [0m[0m[38;5;10m+ [0m[0m        Some(PythonRequest::parse[0m[0m[38;5;10m(&request, /* &std::path::Path */)[0m[0m)[0m
2025-04-15T02:07:45.8499182Z [0m     [0m[0m[1m[38;5;12m|[0m
2025-04-15T02:07:45.8499345Z 
2025-04-15T02:07:45.9233642Z [0m[1m[38;5;9merror[E0593][0m[0m[1m: function is expected to take 1 argument, but it takes 2 arguments[0m
2025-04-15T02:07:45.9234426Z [0m   [0m[0m[1m[38;5;12m--> [0m[0mcrates/uv/src/commands/project/lock.rs:145:39[0m
2025-04-15T02:07:45.9234881Z [0m    [0m[0m[1m[38;5;12m|[0m
2025-04-15T02:07:45.9235586Z [0m[1m[38;5;12m145[0m[0m [0m[0m[1m[38;5;12m|[0m[0m [0m[0m                python.as_deref().map(PythonRequest::parse),[0m
2025-04-15T02:07:45.9236375Z [0m    [0m[0m[1m[38;5;12m|[0m[0m                                   [0m[0m[1m[38;5;12m---[0m[0m [0m[0m[1m[38;5;9m^^^^^^^^^^^^^^^^^^^^[0m[0m [0m[0m[1m[38;5;9mexpected function that takes 1 argument[0m
2025-04-15T02:07:45.9236966Z [0m    [0m[0m[1m[38;5;12m|[0m[0m                                   [0m[0m[1m[38;5;12m|[0m
2025-04-15T02:07:45.9237521Z [0m    [0m[0m[1m[38;5;12m|[0m[0m                                   [0m[0m[1m[38;5;12mrequired by a bound introduced by this call[0m
2025-04-15T02:07:45.9237949Z [0m    [0m[0m[1m[38;5;12m|[0m
2025-04-15T02:07:45.9238747Z [0m[1m[38;5;10mnote[0m[0m: required by a bound in `std::option::Option::<T>::map`[0m
2025-04-15T02:07:45.9239492Z [0m   [0m[0m[1m[38;5;12m--> [0m[0m/rustc/05f9846f893b09a1be1fc8560e33fc3c815cfecb/library/core/src/option.rs:1114:5[0m
2025-04-15T02:07:45.9240158Z [0m[1m[38;5;14mhelp[0m[0m: call `Option::as_deref()` first[0m
2025-04-15T02:07:45.9240518Z [0m    [0m[0m[1m[38;5;12m|[0m
2025-04-15T02:07:45.9241177Z [0m[1m[38;5;12m145[0m[0m [0m[0m[1m[38;5;12m| [0m[0m                python.as_deref()[0m[0m[38;5;10m.as_deref()[0m[0m.map(PythonRequest::parse),[0m
2025-04-15T02:07:45.9241788Z [0m    [0m[0m[1m[38;5;12m|[0m[0m                                  [0m[0m[38;5;10m+++++++++++[0m
2025-04-15T02:07:45.9242034Z 
2025-04-15T02:07:45.9254219Z [0m[1m[38;5;9merror[E0593][0m[0m[1m: function is expected to take 1 argument, but it takes 2 arguments[0m
2025-04-15T02:07:45.9255019Z [0m   [0m[0m[1m[38;5;12m--> [0m[0mcrates/uv/src/commands/project/lock.rs:159:39[0m
2025-04-15T02:07:45.9255647Z [0m    [0m[0m[1m[38;5;12m|[0m
2025-04-15T02:07:45.9256191Z [0m[1m[38;5;12m159[0m[0m [0m[0m[1m[38;5;12m|[0m[0m [0m[0m                python.as_deref().map(PythonRequest::parse),[0m
2025-04-15T02:07:45.9256853Z [0m    [0m[0m[1m[38;5;12m|[0m[0m                                   [0m[0m[1m[38;5;12m---[0m[0m [0m[0m[1m[38;5;9m^^^^^^^^^^^^^^^^^^^^[0m[0m [0m[0m[1m[38;5;9mexpected function that takes 1 argument[0m
2025-04-15T02:07:45.9257399Z [0m    [0m[0m[1m[38;5;12m|[0m[0m                                   [0m[0m[1m[38;5;12m|[0m
2025-04-15T02:07:45.9257876Z [0m    [0m[0m[1m[38;5;12m|[0m[0m                                   [0m[0m[1m[38;5;12mrequired by a bound introduced by this call[0m
2025-04-15T02:07:45.9258486Z [0m    [0m[0m[1m[38;5;12m|[0m
2025-04-15T02:07:45.9258915Z [0m[1m[38;5;10mnote[0m[0m: required by a bound in `std::option::Option::<T>::map`[0m
2025-04-15T02:07:45.9259554Z [0m   [0m[0m[1m[38;5;12m--> [0m[0m/rustc/05f9846f893b09a1be1fc8560e33fc3c815cfecb/library/core/src/option.rs:1114:5[0m
2025-04-15T02:07:45.9260123Z [0m[1m[38;5;14mhelp[0m[0m: call `Option::as_deref()` first[0m
2025-04-15T02:07:45.9260445Z [0m    [0m[0m[1m[38;5;12m|[0m
2025-04-15T02:07:45.9261022Z [0m[1m[38;5;12m159[0m[0m [0m[0m[1m[38;5;12m| [0m[0m                python.as_deref()[0m[0m[38;5;10m.as_deref()[0m[0m.map(PythonRequest::parse),[0m
2025-04-15T02:07:45.9261929Z [0m    [0m[0m[1m[38;5;12m|[0m[0m                                  [0m[0m[38;5;10m+++++++++++[0m
2025-04-15T02:07:45.9262161Z 
2025-04-15T02:07:46.1119501Z [0m[1m[38;5;9merror[E0593][0m[0m[1m: function is expected to take 1 argument, but it takes 2 arguments[0m
2025-04-15T02:07:46.1120486Z [0m   [0m[0m[1m[38;5;12m--> [0m[0mcrates/uv/src/commands/project/remove.rs:213:43[0m
2025-04-15T02:07:46.1120988Z [0m    [0m[0m[1m[38;5;12m|[0m
2025-04-15T02:07:46.1121881Z [0m[1m[38;5;12m213[0m[0m [0m[0m[1m[38;5;12m|[0m[0m [0m[0m                    python.as_deref().map(PythonRequest::parse),[0m
2025-04-15T02:07:46.1123477Z [0m    [0m[0m[1m[38;5;12m|[0m[0m                                       [0m[0m[1m[38;5;12m---[0m[0m [0m[0m[1m[38;5;9m^^^^^^^^^^^^^^^^^^^^[0m[0m [0m[0m[1m[38;5;9mexpected function that takes 1 argument[0m
2025-04-15T02:07:46.1124540Z [0m    [0m[0m[1m[38;5;12m|[0m[0m                                       [0m[0m[1m[38;5;12m|[0m
2025-04-15T02:07:46.1125227Z [0m    [0m[0m[1m[38;5;12m|[0m[0m                                       [0m[0m[1m[38;5;12mrequired by a bound introduced by this call[0m
2025-04-15T02:07:46.1125731Z [0m    [0m[0m[1m[38;5;12m|[0m
2025-04-15T02:07:46.1126315Z [0m[1m[38;5;10mnote[0m[0m: required by a bound in `std::option::Option::<T>::map`[0m
2025-04-15T02:07:46.1127178Z [0m   [0m[0m[1m[38;5;12m--> [0m[0m/rustc/05f9846f893b09a1be1fc8560e33fc3c815cfecb/library/core/src/option.rs:1114:5[0m
2025-04-15T02:07:46.1128327Z [0m[1m[38;5;14mhelp[0m[0m: call `Option::as_deref()` first[0m
2025-04-15T02:07:46.1129026Z [0m    [0m[0m[1m[38;5;12m|[0m
2025-04-15T02:07:46.1130172Z [0m[1m[38;5;12m213[0m[0m [0m[0m[1m[38;5;12m| [0m[0m                    python.as_deref()[0m[0m[38;5;10m.as_deref()[0m[0m.map(PythonRequest::parse),[0m
2025-04-15T02:07:46.1130911Z [0m    [0m[0m[1m[38;5;12m|[0m[0m                                      [0m[0m[38;5;10m+++++++++++[0m
2025-04-15T02:07:46.1131177Z 
2025-04-15T02:07:46.1131544Z [0m[1m[38;5;9merror[E0593][0m[0m[1m: function is expected to take 1 argument, but it takes 2 arguments[0m
2025-04-15T02:07:46.1132113Z [0m   [0m[0m[1m[38;5;12m--> [0m[0mcrates/uv/src/commands/project/remove.rs:231:43[0m
2025-04-15T02:07:46.1132484Z [0m    [0m[0m[1m[38;5;12m|[0m
2025-04-15T02:07:46.1133008Z [0m[1m[38;5;12m231[0m[0m [0m[0m[1m[38;5;12m|[0m[0m [0m[0m                    python.as_deref().map(PythonRequest::parse),[0m
2025-04-15T02:07:46.1134102Z [0m    [0m[0m[1m[38;5;12m|[0m[0m                                       [0m[0m[1m[38;5;12m---[0m[0m [0m[0m[1m[38;5;9m^^^^^^^^^^^^^^^^^^^^[0m[0m [0m[0m[1m[38;5;9mexpected function that takes 1 argument[0m
2025-04-15T02:07:46.1134640Z [0m    [0m[0m[1m[38;5;12m|[0m[0m                                       [0m[0m[1m[38;5;12m|[0m
2025-04-15T02:07:46.1135141Z [0m    [0m[0m[1m[38;5;12m|[0m[0m                                       [0m[0m[1m[38;5;12mrequired by a bound introduced by this call[0m
2025-04-15T02:07:46.1135522Z [0m    [0m[0m[1m[38;5;12m|[0m
2025-04-15T02:07:46.1135951Z [0m[1m[38;5;10mnote[0m[0m: required by a bound in `std::option::Option::<T>::map`[0m
2025-04-15T02:07:46.1136610Z [0m   [0m[0m[1m[38;5;12m--> [0m[0m/rustc/05f9846f893b09a1be1fc8560e33fc3c815cfecb/library/core/src/option.rs:1114:5[0m
2025-04-15T02:07:46.1137178Z [0m[1m[38;5;14mhelp[0m[0m: call `Option::as_deref()` first[0m
2025-04-15T02:07:46.1137510Z [0m    [0m[0m[1m[38;5;12m|[0m
2025-04-15T02:07:46.1138387Z [0m[1m[38;5;12m231[0m[0m [0m[0m[1m[38;5;12m| [0m[0m                    python.as_deref()[0m[0m[38;5;10m.as_deref()[0m[0m.map(PythonRequest::parse),[0m
2025-04-15T02:07:46.1138959Z [0m    [0m[0m[1m[38;5;12m|[0m[0m                                      [0m[0m[38;5;10m+++++++++++[0m
2025-04-15T02:07:46.1139174Z 
2025-04-15T02:07:46.1139501Z [0m[1m[38;5;9merror[E0593][0m[0m[1m: function is expected to take 1 argument, but it takes 2 arguments[0m
2025-04-15T02:07:46.1140218Z [0m   [0m[0m[1m[38;5;12m--> [0m[0mcrates/uv/src/commands/project/remove.rs:251:39[0m
2025-04-15T02:07:46.1140606Z [0m    [0m[0m[1m[38;5;12m|[0m
2025-04-15T02:07:46.1141122Z [0m[1m[38;5;12m251[0m[0m [0m[0m[1m[38;5;12m|[0m[0m [0m[0m                python.as_deref().map(PythonRequest::parse),[0m
2025-04-15T02:07:46.1141827Z [0m    [0m[0m[1m[38;5;12m|[0m[0m                                   [0m[0m[1m[38;5;12m---[0m[0m [0m[0m[1m[38;5;9m^^^^^^^^^^^^^^^^^^^^[0m[0m [0m[0m[1m[38;5;9mexpected function that takes 1 argument[0m
2025-04-15T02:07:46.1142364Z [0m    [0m[0m[1m[38;5;12m|[0m[0m                                   [0m[0m[1m[38;5;12m|[0m
2025-04-15T02:07:46.1142869Z [0m    [0m[0m[1m[38;5;12m|[0m[0m                                   [0m[0m[1m[38;5;12mrequired by a bound introduced by this call[0m
2025-04-15T02:07:46.1143243Z [0m    [0m[0m[1m[38;5;12m|[0m
2025-04-15T02:07:46.1143673Z [0m[1m[38;5;10mnote[0m[0m: required by a bound in `std::option::Option::<T>::map`[0m
2025-04-15T02:07:46.1144329Z [0m   [0m[0m[1m[38;5;12m--> [0m[0m/rustc/05f9846f893b09a1be1fc8560e33fc3c815cfecb/library/core/src/option.rs:1114:5[0m
2025-04-15T02:07:46.1144896Z [0m[1m[38;5;14mhelp[0m[0m: call `Option::as_deref()` first[0m
2025-04-15T02:07:46.1145216Z [0m    [0m[0m[1m[38;5;12m|[0m
2025-04-15T02:07:46.1145793Z [0m[1m[38;5;12m251[0m[0m [0m[0m[1m[38;5;12m| [0m[0m                python.as_deref()[0m[0m[38;5;10m.as_deref()[0m[0m.map(PythonRequest::parse),[0m
2025-04-15T02:07:46.1146346Z [0m    [0m[0m[1m[38;5;12m|[0m[0m                                  [0m[0m[38;5;10m+++++++++++[0m
2025-04-15T02:07:46.1146558Z 
2025-04-15T02:07:46.1313453Z [0m[1m[38;5;9merror[E0593][0m[0m[1m: function is expected to take 1 argument, but it takes 2 arguments[0m
2025-04-15T02:07:46.1314448Z [0m   [0m[0m[1m[38;5;12m--> [0m[0mcrates/uv/src/commands/project/run.rs:222:39[0m
2025-04-15T02:07:46.1314951Z [0m    [0m[0m[1m[38;5;12m|[0m
2025-04-15T02:07:46.1315685Z [0m[1m[38;5;12m222[0m[0m [0m[0m[1m[38;5;12m|[0m[0m [0m[0m                python.as_deref().map(PythonRequest::parse),[0m
2025-04-15T02:07:46.1316579Z [0m    [0m[0m[1m[38;5;12m|[0m[0m                                   [0m[0m[1m[38;5;12m---[0m[0m [0m[0m[1m[38;5;9m^^^^^^^^^^^^^^^^^^^^[0m[0m [0m[0m[1m[38;5;9mexpected function that takes 1 argument[0m
2025-04-15T02:07:46.1317475Z [0m    [0m[0m[1m[38;5;12m|[0m[0m                                   [0m[0m[1m[38;5;12m|[0m
2025-04-15T02:07:46.1318456Z [0m    [0m[0m[1m[38;5;12m|[0m[0m                                   [0m[0m[1m[38;5;12mrequired by a bound introduced by this call[0m
2025-04-15T02:07:46.1318947Z [0m    [0m[0m[1m[38;5;12m|[0m
2025-04-15T02:07:46.1319507Z [0m[1m[38;5;10mnote[0m[0m: required by a bound in `std::option::Option::<T>::map`[0m
2025-04-15T02:07:46.1320399Z [0m   [0m[0m[1m[38;5;12m--> [0m[0m/rustc/05f9846f893b09a1be1fc8560e33fc3c815cfecb/library/core/src/option.rs:1114:5[0m
2025-04-15T02:07:46.1321162Z [0m[1m[38;5;14mhelp[0m[0m: call `Option::as_deref()` first[0m
2025-04-15T02:07:46.1321550Z [0m    [0m[0m[1m[38;5;12m|[0m
2025-04-15T02:07:46.1322247Z [0m[1m[38;5;12m222[0m[0m [0m[0m[1m[38;5;12m| [0m[0m                python.as_deref()[0m[0m[38;5;10m.as_deref()[0m[0m.map(PythonRequest::parse),[0m
2025-04-15T02:07:46.1322924Z [0m    [0m[0m[1m[38;5;12m|[0m[0m                                  [0m[0m[38;5;10m+++++++++++[0m
2025-04-15T02:07:46.1323190Z 
2025-04-15T02:07:46.1378162Z [0m[1m[38;5;9merror[E0593][0m[0m[1m: function is expected to take 1 argument, but it takes 2 arguments[0m
2025-04-15T02:07:46.1379178Z [0m   [0m[0m[1m[38;5;12m--> [0m[0mcrates/uv/src/commands/project/run.rs:341:43[0m
2025-04-15T02:07:46.1379634Z [0m    [0m[0m[1m[38;5;12m|[0m
2025-04-15T02:07:46.1380535Z [0m[1m[38;5;12m341[0m[0m [0m[0m[1m[38;5;12m|[0m[0m [0m[0m                    python.as_deref().map(PythonRequest::parse),[0m
2025-04-15T02:07:46.1381463Z [0m    [0m[0m[1m[38;5;12m|[0m[0m                                       [0m[0m[1m[38;5;12m---[0m[0m [0m[0m[1m[38;5;9m^^^^^^^^^^^^^^^^^^^^[0m[0m [0m[0m[1m[38;5;9mexpected function that takes 1 argument[0m
2025-04-15T02:07:46.1382128Z [0m    [0m[0m[1m[38;5;12m|[0m[0m                                       [0m[0m[1m[38;5;12m|[0m
2025-04-15T02:07:46.1382751Z [0m    [0m[0m[1m[38;5;12m|[0m[0m                                       [0m[0m[1m[38;5;12mrequired by a bound introduced by this call[0m
2025-04-15T02:07:46.1383200Z [0m    [0m[0m[1m[38;5;12m|[0m
2025-04-15T02:07:46.1383851Z [0m[1m[38;5;10mnote[0m[0m: required by a bound in `std::option::Option::<T>::map`[0m
2025-04-15T02:07:46.1384651Z [0m   [0m[0m[1m[38;5;12m--> [0m[0m/rustc/05f9846f893b09a1be1fc8560e33fc3c815cfecb/library/core/src/option.rs:1114:5[0m
2025-04-15T02:07:46.1385390Z [0m[1m[38;5;14mhelp[0m[0m: call `Option::as_deref()` first[0m
2025-04-15T02:07:46.1385773Z [0m    [0m[0m[1m[38;5;12m|[0m
2025-04-15T02:07:46.1386478Z [0m[1m[38;5;12m341[0m[0m [0m[0m[1m[38;5;12m| [0m[0m                    python.as_deref()[0m[0m[38;5;10m.as_deref()[0m[0m.map(PythonRequest::parse),[0m
2025-04-15T02:07:46.1387147Z [0m    [0m[0m[1m[38;5;12m|[0m[0m                                      [0m[0m[38;5;10m+++++++++++[0m
2025-04-15T02:07:46.1387419Z 
2025-04-15T02:07:46.1402230Z [0m[1m[38;5;9merror[E0593][0m[0m[1m: function is expected to take 1 argument, but it takes 2 arguments[0m
2025-04-15T02:07:46.1403024Z [0m   [0m[0m[1m[38;5;12m--> [0m[0mcrates/uv/src/commands/project/run.rs:415:43[0m
2025-04-15T02:07:46.1403403Z [0m    [0m[0m[1m[38;5;12m|[0m
2025-04-15T02:07:46.1403953Z [0m[1m[38;5;12m415[0m[0m [0m[0m[1m[38;5;12m|[0m[0m [0m[0m                    python.as_deref().map(PythonRequest::parse),[0m
2025-04-15T02:07:46.1404686Z [0m    [0m[0m[1m[38;5;12m|[0m[0m                                       [0m[0m[1m[38;5;12m---[0m[0m [0m[0m[1m[38;5;9m^^^^^^^^^^^^^^^^^^^^[0m[0m [0m[0m[1m[38;5;9mexpected function that takes 1 argument[0m
2025-04-15T02:07:46.1405222Z [0m    [0m[0m[1m[38;5;12m|[0m[0m                                       [0m[0m[1m[38;5;12m|[0m
2025-04-15T02:07:46.1405733Z [0m    [0m[0m[1m[38;5;12m|[0m[0m                                       [0m[0m[1m[38;5;12mrequired by a bound introduced by this call[0m
2025-04-15T02:07:46.1406282Z [0m    [0m[0m[1m[38;5;12m|[0m
2025-04-15T02:07:46.1406721Z [0m[1m[38;5;10mnote[0m[0m: required by a bound in `std::option::Option::<T>::map`[0m
2025-04-15T02:07:46.1407380Z [0m   [0m[0m[1m[38;5;12m--> [0m[0m/rustc/05f9846f893b09a1be1fc8560e33fc3c815cfecb/library/core/src/option.rs:1114:5[0m
2025-04-15T02:07:46.1408144Z [0m[1m[38;5;14mhelp[0m[0m: call `Option::as_deref()` first[0m
2025-04-15T02:07:46.1408559Z [0m    [0m[0m[1m[38;5;12m|[0m
2025-04-15T02:07:46.1409166Z [0m[1m[38;5;12m415[0m[0m [0m[0m[1m[38;5;12m| [0m[0m                    python.as_deref()[0m[0m[38;5;10m.as_deref()[0m[0m.map(PythonRequest::parse),[0m
2025-04-15T02:07:46.1409718Z [0m    [0m[0m[1m[38;5;12m|[0m[0m                                      [0m[0m[38;5;10m+++++++++++[0m
2025-04-15T02:07:46.1409934Z 
2025-04-15T02:07:46.1640587Z [0m[1m[38;5;9merror[E0593][0m[0m[1m: function is expected to take 1 argument, but it takes 2 arguments[0m
2025-04-15T02:07:46.1641643Z [0m   [0m[0m[1m[38;5;12m--> [0m[0mcrates/uv/src/commands/project/run.rs:594:43[0m
2025-04-15T02:07:46.1642205Z [0m    [0m[0m[1m[38;5;12m|[0m
2025-04-15T02:07:46.1643056Z [0m[1m[38;5;12m594[0m[0m [0m[0m[1m[38;5;12m|[0m[0m [0m[0m                    python.as_deref().map(PythonRequest::parse),[0m
2025-04-15T02:07:46.1644532Z [0m    [0m[0m[1m[38;5;12m|[0m[0m                                       [0m[0m[1m[38;5;12m---[0m[0m [0m[0m[1m[38;5;9m^^^^^^^^^^^^^^^^^^^^[0m[0m [0m[0m[1m[38;5;9mexpected function that takes 1 argument[0m
2025-04-15T02:07:46.1645393Z [0m    [0m[0m[1m[38;5;12m|[0m[0m                                       [0m[0m[1m[38;5;12m|[0m
2025-04-15T02:07:46.1646161Z [0m    [0m[0m[1m[38;5;12m|[0m[0m                                       [0m[0m[1m[38;5;12mrequired by a bound introduced by this call[0m
2025-04-15T02:07:46.1646724Z [0m    [0m[0m[1m[38;5;12m|[0m
2025-04-15T02:07:46.1647392Z [0m[1m[38;5;10mnote[0m[0m: required by a bound in `std::option::Option::<T>::map`[0m
2025-04-15T02:07:46.1648769Z [0m   [0m[0m[1m[38;5;12m--> [0m[0m/rustc/05f9846f893b09a1be1fc8560e33fc3c815cfecb/library/core/src/option.rs:1114:5[0m
2025-04-15T02:07:46.1649671Z [0m[1m[38;5;14mhelp[0m[0m: call `Option::as_deref()` first[0m
2025-04-15T02:07:46.1650159Z [0m    [0m[0m[1m[38;5;12m|[0m
2025-04-15T02:07:46.1651061Z [0m[1m[38;5;12m594[0m[0m [0m[0m[1m[38;5;12m| [0m[0m                    python.as_deref()[0m[0m[38;5;10m.as_deref()[0m[0m.map(PythonRequest::parse),[0m
2025-04-15T02:07:46.1651928Z [0m    [0m[0m[1m[38;5;12m|[0m[0m                                      [0m[0m[38;5;10m+++++++++++[0m
2025-04-15T02:07:46.1652378Z 
2025-04-15T02:07:46.1653336Z [0m[1m[38;5;9merror[E0593][0m[0m[1m: function is expected to take 1 argument, but it takes 2 arguments[0m
2025-04-15T02:07:46.1654235Z [0m   [0m[0m[1m[38;5;12m--> [0m[0mcrates/uv/src/commands/project/run.rs:640:43[0m
2025-04-15T02:07:46.1654678Z [0m    [0m[0m[1m[38;5;12m|[0m
2025-04-15T02:07:46.1655314Z [0m[1m[38;5;12m640[0m[0m [0m[0m[1m[38;5;12m|[0m[0m [0m[0m                    python.as_deref().map(PythonRequest::parse),[0m
2025-04-15T02:07:46.1656161Z [0m    [0m[0m[1m[38;5;12m|[0m[0m                                       [0m[0m[1m[38;5;12m---[0m[0m [0m[0m[1m[38;5;9m^^^^^^^^^^^^^^^^^^^^[0m[0m [0m[0m[1m[38;5;9mexpected function that takes 1 argument[0m
2025-04-15T02:07:46.1656812Z [0m    [0m[0m[1m[38;5;12m|[0m[0m                                       [0m[0m[1m[38;5;12m|[0m
2025-04-15T02:07:46.1657433Z [0m    [0m[0m[1m[38;5;12m|[0m[0m                                       [0m[0m[1m[38;5;12mrequired by a bound introduced by this call[0m
2025-04-15T02:07:46.1657886Z [0m    [0m[0m[1m[38;5;12m|[0m
2025-04-15T02:07:46.1658607Z [0m[1m[38;5;10mnote[0m[0m: required by a bound in `std::option::Option::<T>::map`[0m
2025-04-15T02:07:46.1659590Z [0m   [0m[0m[1m[38;5;12m--> [0m[0m/rustc/05f9846f893b09a1be1fc8560e33fc3c815cfecb/library/core/src/option.rs:1114:5[0m
2025-04-15T02:07:46.1660288Z [0m[1m[38;5;14mhelp[0m[0m: call `Option::as_deref()` first[0m
2025-04-15T02:07:46.1660675Z [0m    [0m[0m[1m[38;5;12m|[0m
2025-04-15T02:07:46.1661379Z [0m[1m[38;5;12m640[0m[0m [0m[0m[1m[38;5;12m| [0m[0m                    python.as_deref()[0m[0m[38;5;10m.as_deref()[0m[0m.map(PythonRequest::parse),[0m
2025-04-15T02:07:46.1662028Z [0m    [0m[0m[1m[38;5;12m|[0m[0m                                      [0m[0m[38;5;10m+++++++++++[0m
2025-04-15T02:07:46.1662238Z 
2025-04-15T02:07:46.1692405Z [0m[1m[38;5;9merror[E0061][0m[0m[1m: this function takes 2 arguments but 1 argument was supplied[0m
2025-04-15T02:07:46.1693403Z [0m    [0m[0m[1m[38;5;12m--> [0m[0mcrates/uv/src/commands/project/run.rs:818:26[0m
2025-04-15T02:07:46.1693879Z [0m     [0m[0m[1m[38;5;12m|[0m
2025-04-15T02:07:46.1694551Z [0m[1m[38;5;12m818[0m[0m  [0m[0m[1m[38;5;12m|[0m[0m [0m[0m                    Some(PythonRequest::parse(request))[0m
2025-04-15T02:07:46.1695527Z [0m     [0m[0m[1m[38;5;12m|[0m[0m                          [0m[0m[1m[38;5;9m^^^^^^^^^^^^^^^^^^^^[0m[0m[1m[38;5;12m---------[0m[0m [0m[0m[1m[38;5;12margument #2 of type `&std::path::Path` is missing[0m
2025-04-15T02:07:46.1696092Z [0m     [0m[0m[1m[38;5;12m|[0m
2025-04-15T02:07:46.1696512Z [0m[1m[38;5;10mnote[0m[0m: associated function defined here[0m
2025-04-15T02:07:46.1697354Z [0m    [0m[0m[1m[38;5;12m--> [0m[0m/home/runner/work/uv/uv/crates/uv-python/src/discovery.rs:1419:12[0m
2025-04-15T02:07:46.1697913Z [0m     [0m[0m[1m[38;5;12m|[0m
2025-04-15T02:07:46.1698848Z [0m[1m[38;5;12m1419[0m[0m [0m[0m[1m[38;5;12m|[0m[0m [0m[0m    pub fn parse(value: &str, discovery_root: &Path) -> Self {[0m
2025-04-15T02:07:46.1699507Z [0m     [0m[0m[1m[38;5;12m|[0m[0m            [0m[0m[1m[38;5;10m^^^^^[0m
2025-04-15T02:07:46.1700003Z [0m[1m[38;5;14mhelp[0m[0m: provide the argument[0m
2025-04-15T02:07:46.1700383Z [0m     [0m[0m[1m[38;5;12m|[0m
2025-04-15T02:07:46.1701061Z [0m[1m[38;5;12m818[0m[0m  [0m[0m[38;5;9m- [0m[0m                    Some(PythonRequest::parse[0m[0m[38;5;9m(request)[0m[0m)[0m
2025-04-15T02:07:46.1701918Z [0m[1m[38;5;12m818[0m[0m  [0m[0m[38;5;10m+ [0m[0m                    Some(PythonRequest::parse[0m[0m[38;5;10m(request, /* &std::path::Path */)[0m[0m)[0m
2025-04-15T02:07:46.1702398Z [0m     [0m[0m[1m[38;5;12m|[0m
2025-04-15T02:07:46.1702548Z 
2025-04-15T02:07:46.2101849Z [0m[1m[38;5;9merror[E0593][0m[0m[1m: function is expected to take 1 argument, but it takes 2 arguments[0m
2025-04-15T02:07:46.2102667Z [0m   [0m[0m[1m[38;5;12m--> [0m[0mcrates/uv/src/commands/project/sync.rs:128:39[0m
2025-04-15T02:07:46.2103121Z [0m    [0m[0m[1m[38;5;12m|[0m
2025-04-15T02:07:46.2103909Z [0m[1m[38;5;12m128[0m[0m [0m[0m[1m[38;5;12m|[0m[0m [0m[0m                python.as_deref().map(PythonRequest::parse),[0m
2025-04-15T02:07:46.2105144Z [0m    [0m[0m[1m[38;5;12m|[0m[0m                                   [0m[0m[1m[38;5;12m---[0m[0m [0m[0m[1m[38;5;9m^^^^^^^^^^^^^^^^^^^^[0m[0m [0m[0m[1m[38;5;9mexpected function that takes 1 argument[0m
2025-04-15T02:07:46.2106152Z [0m    [0m[0m[1m[38;5;12m|[0m[0m                                   [0m[0m[1m[38;5;12m|[0m
2025-04-15T02:07:46.2106867Z [0m    [0m[0m[1m[38;5;12m|[0m[0m                                   [0m[0m[1m[38;5;12mrequired by a bound introduced by this call[0m
2025-04-15T02:07:46.2107328Z [0m    [0m[0m[1m[38;5;12m|[0m
2025-04-15T02:07:46.2107860Z [0m[1m[38;5;10mnote[0m[0m: required by a bound in `std::option::Option::<T>::map`[0m
2025-04-15T02:07:46.2108795Z [0m   [0m[0m[1m[38;5;12m--> [0m[0m/rustc/05f9846f893b09a1be1fc8560e33fc3c815cfecb/library/core/src/option.rs:1114:5[0m
2025-04-15T02:07:46.2109707Z [0m[1m[38;5;14mhelp[0m[0m: call `Option::as_deref()` first[0m
2025-04-15T02:07:46.2110090Z [0m    [0m[0m[1m[38;5;12m|[0m
2025-04-15T02:07:46.2110808Z [0m[1m[38;5;12m128[0m[0m [0m[0m[1m[38;5;12m| [0m[0m                python.as_deref()[0m[0m[38;5;10m.as_deref()[0m[0m.map(PythonRequest::parse),[0m
2025-04-15T02:07:46.2111489Z [0m    [0m[0m[1m[38;5;12m|[0m[0m                                  [0m[0m[38;5;10m+++++++++++[0m
2025-04-15T02:07:46.2111757Z 
2025-04-15T02:07:46.2112172Z [0m[1m[38;5;9merror[E0593][0m[0m[1m: function is expected to take 1 argument, but it takes 2 arguments[0m
2025-04-15T02:07:46.2112808Z [0m   [0m[0m[1m[38;5;12m--> [0m[0mcrates/uv/src/commands/project/sync.rs:144:39[0m
2025-04-15T02:07:46.2113163Z [0m    [0m[0m[1m[38;5;12m|[0m
2025-04-15T02:07:46.2113668Z [0m[1m[38;5;12m144[0m[0m [0m[0m[1m[38;5;12m|[0m[0m [0m[0m                python.as_deref().map(PythonRequest::parse),[0m
2025-04-15T02:07:46.2114383Z [0m    [0m[0m[1m[38;5;12m|[0m[0m                                   [0m[0m[1m[38;5;12m---[0m[0m [0m[0m[1m[38;5;9m^^^^^^^^^^^^^^^^^^^^[0m[0m [0m[0m[1m[38;5;9mexpected function that takes 1 argument[0m
2025-04-15T02:07:46.2114916Z [0m    [0m[0m[1m[38;5;12m|[0m[0m                                   [0m[0m[1m[38;5;12m|[0m
2025-04-15T02:07:46.2115431Z [0m    [0m[0m[1m[38;5;12m|[0m[0m                                   [0m[0m[1m[38;5;12mrequired by a bound introduced by this call[0m
2025-04-15T02:07:46.2115947Z [0m    [0m[0m[1m[38;5;12m|[0m
2025-04-15T02:07:46.2116402Z [0m[1m[38;5;10mnote[0m[0m: required by a bound in `std::option::Option::<T>::map`[0m
2025-04-15T02:07:46.2117079Z [0m   [0m[0m[1m[38;5;12m--> [0m[0m/rustc/05f9846f893b09a1be1fc8560e33fc3c815cfecb/library/core/src/option.rs:1114:5[0m
2025-04-15T02:07:46.2117664Z [0m[1m[38;5;14mhelp[0m[0m: call `Option::as_deref()` first[0m
2025-04-15T02:07:46.2118203Z [0m    [0m[0m[1m[38;5;12m|[0m
2025-04-15T02:07:46.2118889Z [0m[1m[38;5;12m144[0m[0m [0m[0m[1m[38;5;12m| [0m[0m                python.as_deref()[0m[0m[38;5;10m.as_deref()[0m[0m.map(PythonRequest::parse),[0m
2025-04-15T02:07:46.2119445Z [0m    [0m[0m[1m[38;5;12m|[0m[0m                                  [0m[0m[38;5;10m+++++++++++[0m
2025-04-15T02:07:46.2119663Z 
2025-04-15T02:07:46.2337027Z [0m[1m[38;5;9merror[E0593][0m[0m[1m: function is expected to take 1 argument, but it takes 2 arguments[0m
2025-04-15T02:07:46.2338402Z [0m  [0m[0m[1m[38;5;12m--> [0m[0mcrates/uv/src/commands/project/tree.rs:90:39[0m
2025-04-15T02:07:46.2338957Z [0m   [0m[0m[1m[38;5;12m|[0m
2025-04-15T02:07:46.2339829Z [0m[1m[38;5;12m90[0m[0m [0m[0m[1m[38;5;12m|[0m[0m [0m[0m                python.as_deref().map(PythonRequest::parse),[0m
2025-04-15T02:07:46.2341430Z [0m   [0m[0m[1m[38;5;12m|[0m[0m                                   [0m[0m[1m[38;5;12m---[0m[0m [0m[0m[1m[38;5;9m^^^^^^^^^^^^^^^^^^^^[0m[0m [0m[0m[1m[38;5;9mexpected function that takes 1 argument[0m
2025-04-15T02:07:46.2342566Z [0m   [0m[0m[1m[38;5;12m|[0m[0m                                   [0m[0m[1m[38;5;12m|[0m
2025-04-15T02:07:46.2343258Z [0m   [0m[0m[1m[38;5;12m|[0m[0m                                   [0m[0m[1m[38;5;12mrequired by a bound introduced by this call[0m
2025-04-15T02:07:46.2343768Z [0m   [0m[0m[1m[38;5;12m|[0m
2025-04-15T02:07:46.2344328Z [0m[1m[38;5;10mnote[0m[0m: required by a bound in `std::option::Option::<T>::map`[0m
2025-04-15T02:07:46.2345150Z [0m  [0m[0m[1m[38;5;12m--> [0m[0m/rustc/05f9846f893b09a1be1fc8560e33fc3c815cfecb/library/core/src/option.rs:1114:5[0m
2025-04-15T02:07:46.2345865Z [0m[1m[38;5;14mhelp[0m[0m: call `Option::as_deref()` first[0m
2025-04-15T02:07:46.2346266Z [0m   [0m[0m[1m[38;5;12m|[0m
2025-04-15T02:07:46.2346974Z [0m[1m[38;5;12m90[0m[0m [0m[0m[1m[38;5;12m| [0m[0m                python.as_deref()[0m[0m[38;5;10m.as_deref()[0m[0m.map(PythonRequest::parse),[0m
2025-04-15T02:07:46.2347958Z [0m   [0m[0m[1m[38;5;12m|[0m[0m                                  [0m[0m[38;5;10m+++++++++++[0m
2025-04-15T02:07:46.2348440Z 
2025-04-15T02:07:46.2348933Z [0m[1m[38;5;9merror[E0593][0m[0m[1m: function is expected to take 1 argument, but it takes 2 arguments[0m
2025-04-15T02:07:46.2349669Z [0m   [0m[0m[1m[38;5;12m--> [0m[0mcrates/uv/src/commands/project/tree.rs:105:39[0m
2025-04-15T02:07:46.2350364Z [0m    [0m[0m[1m[38;5;12m|[0m
2025-04-15T02:07:46.2351099Z [0m[1m[38;5;12m105[0m[0m [0m[0m[1m[38;5;12m|[0m[0m [0m[0m                python.as_deref().map(PythonRequest::parse),[0m
2025-04-15T02:07:46.2352126Z [0m    [0m[0m[1m[38;5;12m|[0m[0m                                   [0m[0m[1m[38;5;12m---[0m[0m [0m[0m[1m[38;5;9m^^^^^^^^^^^^^^^^^^^^[0m[0m [0m[0m[1m[38;5;9mexpected function that takes 1 argument[0m
2025-04-15T02:07:46.2352937Z [0m    [0m[0m[1m[38;5;12m|[0m[0m                                   [0m[0m[1m[38;5;12m|[0m
2025-04-15T02:07:46.2353592Z [0m    [0m[0m[1m[38;5;12m|[0m[0m                                   [0m[0m[1m[38;5;12mrequired by a bound introduced by this call[0m
2025-04-15T02:07:46.2354112Z [0m    [0m[0m[1m[38;5;12m|[0m
2025-04-15T02:07:46.2354693Z [0m[1m[38;5;10mnote[0m[0m: required by a bound in `std::option::Option::<T>::map`[0m
2025-04-15T02:07:46.2355622Z [0m   [0m[0m[1m[38;5;12m--> [0m[0m/rustc/05f9846f893b09a1be1fc8560e33fc3c815cfecb/library/core/src/option.rs:1114:5[0m
2025-04-15T02:07:46.2356382Z [0m[1m[38;5;14mhelp[0m[0m: call `Option::as_deref()` first[0m
2025-04-15T02:07:46.2356820Z [0m    [0m[0m[1m[38;5;12m|[0m
2025-04-15T02:07:46.2357510Z [0m[1m[38;5;12m105[0m[0m [0m[0m[1m[38;5;12m| [0m[0m                python.as_deref()[0m[0m[38;5;10m.as_deref()[0m[0m.map(PythonRequest::parse),[0m
2025-04-15T02:07:46.2358438Z [0m    [0m[0m[1m[38;5;12m|[0m[0m                                  [0m[0m[38;5;10m+++++++++++[0m
2025-04-15T02:07:46.2358772Z 
2025-04-15T02:07:46.2976317Z [0m[1m[38;5;9merror[E0061][0m[0m[1m: this function takes 2 arguments but 1 argument was supplied[0m
2025-04-15T02:07:46.2977384Z [0m    [0m[0m[1m[38;5;12m--> [0m[0mcrates/uv/src/commands/python/find.rs:64:31[0m
2025-04-15T02:07:46.2978778Z [0m     [0m[0m[1m[38;5;12m|[0m
2025-04-15T02:07:46.2979918Z [0m[1m[38;5;12m64[0m[0m   [0m[0m[1m[38;5;12m|[0m[0m [0m[0m        request.map(|request| PythonRequest::parse(&request)),[0m
2025-04-15T02:07:46.2981405Z [0m     [0m[0m[1m[38;5;12m|[0m[0m                               [0m[0m[1m[38;5;9m^^^^^^^^^^^^^^^^^^^^[0m[0m[1m[38;5;12m----------[0m[0m [0m[0m[1m[38;5;12margument #2 of type `&std::path::Path` is missing[0m
2025-04-15T02:07:46.2982280Z [0m     [0m[0m[1m[38;5;12m|[0m
2025-04-15T02:07:46.2982921Z [0m[1m[38;5;10mnote[0m[0m: associated function defined here[0m
2025-04-15T02:07:46.2983821Z [0m    [0m[0m[1m[38;5;12m--> [0m[0m/home/runner/work/uv/uv/crates/uv-python/src/discovery.rs:1419:12[0m
2025-04-15T02:07:46.2984489Z [0m     [0m[0m[1m[38;5;12m|[0m
2025-04-15T02:07:46.2985192Z [0m[1m[38;5;12m1419[0m[0m [0m[0m[1m[38;5;12m|[0m[0m [0m[0m    pub fn parse(value: &str, discovery_root: &Path) -> Self {[0m
2025-04-15T02:07:46.2985953Z [0m     [0m[0m[1m[38;5;12m|[0m[0m            [0m[0m[1m[38;5;10m^^^^^[0m
2025-04-15T02:07:46.2986512Z [0m[1m[38;5;14mhelp[0m[0m: provide the argument[0m
2025-04-15T02:07:46.2986957Z [0m     [0m[0m[1m[38;5;12m|[0m
2025-04-15T02:07:46.2987791Z [0m[1m[38;5;12m64[0m[0m   [0m[0m[38;5;9m- [0m[0m        request.map(|request| PythonRequest::parse[0m[0m[38;5;9m(&request)[0m[0m),[0m
2025-04-15T02:07:46.2989123Z [0m[1m[38;5;12m64[0m[0m   [0m[0m[38;5;10m+ [0m[0m        request.map(|request| PythonRequest::parse[0m[0m[38;5;10m(&request, /* &std::path::Path */)[0m[0m),[0m
2025-04-15T02:07:46.2990100Z [0m     [0m[0m[1m[38;5;12m|[0m
2025-04-15T02:07:46.2990428Z 
2025-04-15T02:07:46.3183264Z [0m[1m[38;5;9merror[E0061][0m[0m[1m: this function takes 2 arguments but 1 argument was supplied[0m
2025-04-15T02:07:46.3184382Z [0m    [0m[0m[1m[38;5;12m--> [0m[0mcrates/uv/src/commands/python/install.rs:179:27[0m
2025-04-15T02:07:46.3185070Z [0m     [0m[0m[1m[38;5;12m|[0m
2025-04-15T02:07:46.3185886Z [0m[1m[38;5;12m179[0m[0m  [0m[0m[1m[38;5;12m|[0m[0m [0m[0m            .map(|target| PythonRequest::parse(target.as_str()))[0m
2025-04-15T02:07:46.3186982Z [0m     [0m[0m[1m[38;5;12m|[0m[0m                           [0m[0m[1m[38;5;9m^^^^^^^^^^^^^^^^^^^^[0m[0m[1m[38;5;12m-----------------[0m[0m [0m[0m[1m[38;5;12margument #2 of type `&std::path::Path` is missing[0m
2025-04-15T02:07:46.3187776Z [0m     [0m[0m[1m[38;5;12m|[0m
2025-04-15T02:07:46.3188594Z [0m[1m[38;5;10mnote[0m[0m: associated function defined here[0m
2025-04-15T02:07:46.3189362Z [0m    [0m[0m[1m[38;5;12m--> [0m[0m/home/runner/work/uv/uv/crates/uv-python/src/discovery.rs:1419:12[0m
2025-04-15T02:07:46.3190088Z [0m     [0m[0m[1m[38;5;12m|[0m
2025-04-15T02:07:46.3190780Z [0m[1m[38;5;12m1419[0m[0m [0m[0m[1m[38;5;12m|[0m[0m [0m[0m    pub fn parse(value: &str, discovery_root: &Path) -> Self {[0m
2025-04-15T02:07:46.3191518Z [0m     [0m[0m[1m[38;5;12m|[0m[0m            [0m[0m[1m[38;5;10m^^^^^[0m
2025-04-15T02:07:46.3192090Z [0m[1m[38;5;14mhelp[0m[0m: provide the argument[0m
2025-04-15T02:07:46.3192723Z [0m     [0m[0m[1m[38;5;12m|[0m
2025-04-15T02:07:46.3193605Z [0m[1m[38;5;12m179[0m[0m  [0m[0m[38;5;9m- [0m[0m            .map(|target| PythonRequest::parse[0m[0m[38;5;9m(target.as_str())[0m[0m)[0m
2025-04-15T02:07:46.3194724Z [0m[1m[38;5;12m179[0m[0m  [0m[0m[38;5;10m+ [0m[0m            .map(|target| PythonRequest::parse[0m[0m[38;5;10m(target.as_str(), /* &std::path::Path */)[0m[0m)[0m
2025-04-15T02:07:46.3195400Z [0m     [0m[0m[1m[38;5;12m|[0m
2025-04-15T02:07:46.3195672Z 
2025-04-15T02:07:46.3441382Z [0m[1m[38;5;9merror[E0593][0m[0m[1m: function is expected to take 1 argument, but it takes 2 arguments[0m
2025-04-15T02:07:46.3442530Z [0m  [0m[0m[1m[38;5;12m--> [0m[0mcrates/uv/src/commands/python/list.rs:68:42[0m
2025-04-15T02:07:46.3443158Z [0m   [0m[0m[1m[38;5;12m|[0m
2025-04-15T02:07:46.3444436Z [0m[1m[38;5;12m68[0m[0m [0m[0m[1m[38;5;12m|[0m[0m [0m[0m    let request = request.as_deref().map(PythonRequest::parse);[0m
2025-04-15T02:07:46.3445425Z [0m   [0m[0m[1m[38;5;12m|[0m[0m                                      [0m[0m[1m[38;5;12m---[0m[0m [0m[0m[1m[38;5;9m^^^^^^^^^^^^^^^^^^^^[0m[0m [0m[0m[1m[38;5;9mexpected function that takes 1 argument[0m
2025-04-15T02:07:46.3446183Z [0m   [0m[0m[1m[38;5;12m|[0m[0m                                      [0m[0m[1m[38;5;12m|[0m
2025-04-15T02:07:46.3446990Z [0m   [0m[0m[1m[38;5;12m|[0m[0m                                      [0m[0m[1m[38;5;12mrequired by a bound introduced by this call[0m
2025-04-15T02:07:46.3447583Z [0m   [0m[0m[1m[38;5;12m|[0m
2025-04-15T02:07:46.3448531Z [0m[1m[38;5;10mnote[0m[0m: required by a bound in `std::option::Option::<T>::map`[0m
2025-04-15T02:07:46.3449482Z [0m  [0m[0m[1m[38;5;12m--> [0m[0m/rustc/05f9846f893b09a1be1fc8560e33fc3c815cfecb/library/core/src/option.rs:1114:5[0m
2025-04-15T02:07:46.3450319Z [0m[1m[38;5;14mhelp[0m[0m: call `Option::as_deref()` first[0m
2025-04-15T02:07:46.3450863Z [0m   [0m[0m[1m[38;5;12m|[0m
2025-04-15T02:07:46.3451678Z [0m[1m[38;5;12m68[0m[0m [0m[0m[1m[38;5;12m| [0m[0m    let request = request.as_deref()[0m[0m[38;5;10m.as_deref()[0m[0m.map(PythonRequest::parse);[0m
2025-04-15T02:07:46.3452500Z [0m   [0m[0m[1m[38;5;12m|[0m[0m                                     [0m[0m[38;5;10m+++++++++++[0m
2025-04-15T02:07:46.3452869Z 
2025-04-15T02:07:46.3597194Z [0m[1m[38;5;9merror[E0061][0m[0m[1m: this function takes 2 arguments but 1 argument was supplied[0m
2025-04-15T02:07:46.3598863Z [0m    [0m[0m[1m[38;5;12m--> [0m[0mcrates/uv/src/commands/python/pin.rs:78:19[0m
2025-04-15T02:07:46.3599642Z [0m     [0m[0m[1m[38;5;12m|[0m
2025-04-15T02:07:46.3600570Z [0m[1m[38;5;12m78[0m[0m   [0m[0m[1m[38;5;12m|[0m[0m [0m[0m    let request = PythonRequest::parse(&request);[0m
2025-04-15T02:07:46.3601891Z [0m     [0m[0m[1m[38;5;12m|[0m[0m                   [0m[0m[1m[38;5;9m^^^^^^^^^^^^^^^^^^^^[0m[0m[1m[38;5;12m----------[0m[0m [0m[0m[1m[38;5;12margument #2 of type `&std::path::Path` is missing[0m
2025-04-15T02:07:46.3602755Z [0m     [0m[0m[1m[38;5;12m|[0m
2025-04-15T02:07:46.3603356Z [0m[1m[38;5;10mnote[0m[0m: associated function defined here[0m
2025-04-15T02:07:46.3604274Z [0m    [0m[0m[1m[38;5;12m--> [0m[0m/home/runner/work/uv/uv/crates/uv-python/src/discovery.rs:1419:12[0m
2025-04-15T02:07:46.3605067Z [0m     [0m[0m[1m[38;5;12m|[0m
2025-04-15T02:07:46.3605823Z [0m[1m[38;5;12m1419[0m[0m [0m[0m[1m[38;5;12m|[0m[0m [0m[0m    pub fn parse(value: &str, discovery_root: &Path) -> Self {[0m
2025-04-15T02:07:46.3606562Z [0m     [0m[0m[1m[38;5;12m|[0m[0m            [0m[0m[1m[38;5;10m^^^^^[0m
2025-04-15T02:07:46.3607212Z [0m[1m[38;5;14mhelp[0m[0m: provide the argument[0m
2025-04-15T02:07:46.3607657Z [0m     [0m[0m[1m[38;5;12m|[0m
2025-04-15T02:07:46.3608772Z [0m[1m[38;5;12m78[0m[0m   [0m[0m[38;5;9m- [0m[0m    let request = PythonRequest::parse[0m[0m[38;5;9m(&request)[0m[0m;[0m
2025-04-15T02:07:46.3610070Z [0m[1m[38;5;12m78[0m[0m   [0m[0m[38;5;10m+ [0m[0m    let request = PythonRequest::parse[0m[0m[38;5;10m(&request, /* &std::path::Path */)[0m[0m;[0m
2025-04-15T02:07:46.3610811Z [0m     [0m[0m[1m[38;5;12m|[0m
2025-04-15T02:07:46.3611037Z 
2025-04-15T02:07:46.3629858Z [0m[1m[38;5;9merror[E0061][0m[0m[1m: this function takes 2 arguments but 1 argument was supplied[0m
2025-04-15T02:07:46.3630618Z [0m    [0m[0m[1m[38;5;12m--> [0m[0mcrates/uv/src/commands/python/pin.rs:131:9[0m
2025-04-15T02:07:46.3631086Z [0m     [0m[0m[1m[38;5;12m|[0m
2025-04-15T02:07:46.3631732Z [0m[1m[38;5;12m131[0m[0m  [0m[0m[1m[38;5;12m|[0m[0m   [0m[0m        PythonRequest::parse([0m
2025-04-15T02:07:46.3632374Z [0m     [0m[0m[1m[38;5;12m|[0m[0m [0m[0m[1m[38;5;12m _________[0m[0m[1m[38;5;9m^^^^^^^^^^^^^^^^^^^^[0m[0m[1m[38;5;12m-[0m
2025-04-15T02:07:46.3633005Z [0m[1m[38;5;12m132[0m[0m  [0m[0m[1m[38;5;12m|[0m[0m [0m[0m[1m[38;5;12m|[0m[0m [0m[0m            &python[0m
2025-04-15T02:07:46.3633735Z [0m[1m[38;5;12m133[0m[0m  [0m[0m[1m[38;5;12m|[0m[0m [0m[0m[1m[38;5;12m|[0m[0m [0m[0m                .unwrap()[0m
2025-04-15T02:07:46.3634390Z [0m[1m[38;5;12m134[0m[0m  [0m[0m[1m[38;5;12m|[0m[0m [0m[0m[1m[38;5;12m|[0m[0m [0m[0m                .interpreter()[0m
2025-04-15T02:07:46.3634969Z [0m[1m[38;5;12m...[0m[0m    [0m[0m[1m[38;5;12m|[0m
2025-04-15T02:07:46.3635590Z [0m[1m[38;5;12m137[0m[0m  [0m[0m[1m[38;5;12m|[0m[0m [0m[0m[1m[38;5;12m|[0m[0m [0m[0m                .to_string(),[0m
2025-04-15T02:07:46.3636218Z [0m[1m[38;5;12m138[0m[0m  [0m[0m[1m[38;5;12m|[0m[0m [0m[0m[1m[38;5;12m|[0m[0m [0m[0m        )[0m
2025-04-15T02:07:46.3637014Z [0m     [0m[0m[1m[38;5;12m|[0m[0m [0m[0m[1m[38;5;12m|_________-[0m[0m [0m[0m[1m[38;5;12margument #2 of type `&std::path::Path` is missing[0m
2025-04-15T02:07:46.3637556Z [0m     [0m[0m[1m[38;5;12m|[0m
2025-04-15T02:07:46.3638206Z [0m[1m[38;5;10mnote[0m[0m: associated function defined here[0m
2025-04-15T02:07:46.3639001Z [0m    [0m[0m[1m[38;5;12m--> [0m[0m/home/runner/work/uv/uv/crates/uv-python/src/discovery.rs:1419:12[0m
2025-04-15T02:07:46.3639520Z [0m     [0m[0m[1m[38;5;12m|[0m
2025-04-15T02:07:46.3640106Z [0m[1m[38;5;12m1419[0m[0m [0m[0m[1m[38;5;12m|[0m[0m [0m[0m    pub fn parse(value: &str, discovery_root: &Path) -> Self {[0m
2025-04-15T02:07:46.3640932Z [0m     [0m[0m[1m[38;5;12m|[0m[0m            [0m[0m[1m[38;5;10m^^^^^[0m
2025-04-15T02:07:46.3641376Z [0m[1m[38;5;14mhelp[0m[0m: provide the argument[0m
2025-04-15T02:07:46.3641756Z [0m     [0m[0m[1m[38;5;12m|[0m
2025-04-15T02:07:46.3642402Z [0m[1m[38;5;12m131[0m[0m  [0m[0m[38;5;10m~ [0m[0m        PythonRequest::parse[0m[0m[38;5;10m(&python[0m
2025-04-15T02:07:46.3642993Z [0m[1m[38;5;12m132[0m[0m  [0m[0m[38;5;10m+                 .unwrap()[0m
2025-04-15T02:07:46.3643550Z [0m[1m[38;5;12m133[0m[0m  [0m[0m[38;5;10m+                 .interpreter()[0m
2025-04-15T02:07:46.3644111Z [0m[1m[38;5;12m134[0m[0m  [0m[0m[38;5;10m+                 .sys_executable()[0m
2025-04-15T02:07:46.3644599Z [0m[1m[38;5;12m135[0m[0m  [0m[0m[38;5;10m+                 .user_display()[0m
2025-04-15T02:07:46.3645240Z [0m[1m[38;5;12m136[0m[0m  [0m[0m[38;5;10m+                 .to_string(), /* &std::path::Path */)[0m
2025-04-15T02:07:46.3645778Z [0m     [0m[0m[1m[38;5;12m|[0m
2025-04-15T02:07:46.3645993Z 
2025-04-15T02:07:46.3745802Z [0m[1m[38;5;9merror[E0061][0m[0m[1m: this function takes 2 arguments but 1 argument was supplied[0m
2025-04-15T02:07:46.3746729Z [0m    [0m[0m[1m[38;5;12m--> [0m[0mcrates/uv/src/commands/python/uninstall.rs:76:27[0m
2025-04-15T02:07:46.3747291Z [0m     [0m[0m[1m[38;5;12m|[0m
2025-04-15T02:07:46.3748471Z [0m[1m[38;5;12m76[0m[0m   [0m[0m[1m[38;5;12m|[0m[0m [0m[0m            .map(|target| PythonRequest::parse(target.as_str()))[0m
2025-04-15T02:07:46.3749629Z [0m     [0m[0m[1m[38;5;12m|[0m[0m                           [0m[0m[1m[38;5;9m^^^^^^^^^^^^^^^^^^^^[0m[0m[1m[38;5;12m-----------------[0m[0m [0m[0m[1m[38;5;12margument #2 of type `&std::path::Path` is missing[0m
2025-04-15T02:07:46.3750250Z [0m     [0m[0m[1m[38;5;12m|[0m
2025-04-15T02:07:46.3750759Z [0m[1m[38;5;10mnote[0m[0m: associated function defined here[0m
2025-04-15T02:07:46.3751503Z [0m    [0m[0m[1m[38;5;12m--> [0m[0m/home/runner/work/uv/uv/crates/uv-python/src/discovery.rs:1419:12[0m
2025-04-15T02:07:46.3752071Z [0m     [0m[0m[1m[38;5;12m|[0m
2025-04-15T02:07:46.3752762Z [0m[1m[38;5;12m1419[0m[0m [0m[0m[1m[38;5;12m|[0m[0m [0m[0m    pub fn parse(value: &str, discovery_root: &Path) -> Self {[0m
2025-04-15T02:07:46.3753413Z [0m     [0m[0m[1m[38;5;12m|[0m[0m            [0m[0m[1m[38;5;10m^^^^^[0m
2025-04-15T02:07:46.3753890Z [0m[1m[38;5;14mhelp[0m[0m: provide the argument[0m
2025-04-15T02:07:46.3754385Z [0m     [0m[0m[1m[38;5;12m|[0m
2025-04-15T02:07:46.3755107Z [0m[1m[38;5;12m76[0m[0m   [0m[0m[38;5;9m- [0m[0m            .map(|target| PythonRequest::parse[0m[0m[38;5;9m(target.as_str())[0m[0m)[0m
2025-04-15T02:07:46.3756098Z [0m[1m[38;5;12m76[0m[0m   [0m[0m[38;5;10m+ [0m[0m            .map(|target| PythonRequest::parse[0m[0m[38;5;10m(target.as_str(), /* &std::path::Path */)[0m[0m)[0m
2025-04-15T02:07:46.3756840Z [0m     [0m[0m[1m[38;5;12m|[0m
2025-04-15T02:07:46.3757036Z 
2025-04-15T02:07:46.4312434Z [0m[1m[38;5;9merror[E0593][0m[0m[1m: function is expected to take 1 argument, but it takes 2 arguments[0m
2025-04-15T02:07:46.4313612Z [0m  [0m[0m[1m[38;5;12m--> [0m[0mcrates/uv/src/commands/tool/install.rs:73:48[0m
2025-04-15T02:07:46.4314243Z [0m   [0m[0m[1m[38;5;12m|[0m
2025-04-15T02:07:46.4315207Z [0m[1m[38;5;12m73[0m[0m [0m[0m[1m[38;5;12m|[0m[0m [0m[0m    let python_request = python.as_deref().map(PythonRequest::parse);[0m
2025-04-15T02:07:46.4316432Z [0m   [0m[0m[1m[38;5;12m|[0m[0m                                            [0m[0m[1m[38;5;12m---[0m[0m [0m[0m[1m[38;5;9m^^^^^^^^^^^^^^^^^^^^[0m[0m [0m[0m[1m[38;5;9mexpected function that takes 1 argument[0m
2025-04-15T02:07:46.4317177Z [0m   [0m[0m[1m[38;5;12m|[0m[0m                                            [0m[0m[1m[38;5;12m|[0m
2025-04-15T02:07:46.4318469Z [0m   [0m[0m[1m[38;5;12m|[0m[0m                                            [0m[0m[1m[38;5;12mrequired by a bound introduced by this call[0m
2025-04-15T02:07:46.4319139Z [0m   [0m[0m[1m[38;5;12m|[0m
2025-04-15T02:07:46.4319744Z [0m[1m[38;5;10mnote[0m[0m: required by a bound in `std::option::Option::<T>::map`[0m
2025-04-15T02:07:46.4320585Z [0m  [0m[0m[1m[38;5;12m--> [0m[0m/rustc/05f9846f893b09a1be1fc8560e33fc3c815cfecb/library/core/src/option.rs:1114:5[0m
2025-04-15T02:07:46.4321470Z [0m[1m[38;5;14mhelp[0m[0m: call `Option::as_deref()` first[0m
2025-04-15T02:07:46.4321905Z [0m   [0m[0m[1m[38;5;12m|[0m
2025-04-15T02:07:46.4322715Z [0m[1m[38;5;12m73[0m[0m [0m[0m[1m[38;5;12m| [0m[0m    let python_request = python.as_deref()[0m[0m[38;5;10m.as_deref()[0m[0m.map(PythonRequest::parse);[0m
2025-04-15T02:07:46.4323563Z [0m   [0m[0m[1m[38;5;12m|[0m[0m                                           [0m[0m[38;5;10m+++++++++++[0m
2025-04-15T02:07:46.4323902Z 
2025-04-15T02:07:46.5316215Z [0m[1m[38;5;9merror[E0593][0m[0m[1m: function is expected to take 1 argument, but it takes 2 arguments[0m
2025-04-15T02:07:46.5317591Z [0m   [0m[0m[1m[38;5;12m--> [0m[0mcrates/uv/src/commands/tool/run.rs:659:46[0m
2025-04-15T02:07:46.5318671Z [0m    [0m[0m[1m[38;5;12m|[0m
2025-04-15T02:07:46.5319644Z [0m[1m[38;5;12m659[0m[0m [0m[0m[1m[38;5;12m|[0m[0m [0m[0m        target_request.or_else(|| python.map(PythonRequest::parse))[0m
2025-04-15T02:07:46.5320968Z [0m    [0m[0m[1m[38;5;12m|[0m[0m                                          [0m[0m[1m[38;5;12m---[0m[0m [0m[0m[1m[38;5;9m^^^^^^^^^^^^^^^^^^^^[0m[0m [0m[0m[1m[38;5;9mexpected function that takes 1 argument[0m
2025-04-15T02:07:46.5321853Z [0m    [0m[0m[1m[38;5;12m|[0m[0m                                          [0m[0m[1m[38;5;12m|[0m
2025-04-15T02:07:46.5322615Z [0m    [0m[0m[1m[38;5;12m|[0m[0m                                          [0m[0m[1m[38;5;12mrequired by a bound introduced by this call[0m
2025-04-15T02:07:46.5323295Z [0m    [0m[0m[1m[38;5;12m|[0m
2025-04-15T02:07:46.5323950Z [0m[1m[38;5;10mnote[0m[0m: required by a bound in `std::option::Option::<T>::map`[0m
2025-04-15T02:07:46.5324891Z [0m   [0m[0m[1m[38;5;12m--> [0m[0m/rustc/05f9846f893b09a1be1fc8560e33fc3c815cfecb/library/core/src/option.rs:1114:5[0m
2025-04-15T02:07:46.5325825Z [0m[1m[38;5;14mhelp[0m[0m: call `Option::as_deref()` first[0m
2025-04-15T02:07:46.5326303Z [0m    [0m[0m[1m[38;5;12m|[0m
2025-04-15T02:07:46.5327210Z [0m[1m[38;5;12m659[0m[0m [0m[0m[1m[38;5;12m| [0m[0m        target_request.or_else(|| python[0m[0m[38;5;10m.as_deref()[0m[0m.map(PythonRequest::parse))[0m
2025-04-15T02:07:46.5328316Z [0m    [0m[0m[1m[38;5;12m|[0m[0m                                         [0m[0m[38;5;10m+++++++++++[0m
2025-04-15T02:07:46.5328668Z 
2025-04-15T02:07:46.5329040Z [0m[1m[38;5;9merror[E0593][0m[0m[1m: function is expected to take 1 argument, but it takes 2 arguments[0m
2025-04-15T02:07:46.5329735Z [0m   [0m[0m[1m[38;5;12m--> [0m[0mcrates/uv/src/commands/tool/run.rs:661:20[0m
2025-04-15T02:07:46.5330204Z [0m    [0m[0m[1m[38;5;12m|[0m
2025-04-15T02:07:46.5330770Z [0m[1m[38;5;12m661[0m[0m [0m[0m[1m[38;5;12m|[0m[0m [0m[0m        python.map(PythonRequest::parse)[0m
2025-04-15T02:07:46.5331597Z [0m    [0m[0m[1m[38;5;12m|[0m[0m                [0m[0m[1m[38;5;12m---[0m[0m [0m[0m[1m[38;5;9m^^^^^^^^^^^^^^^^^^^^[0m[0m [0m[0m[1m[38;5;9mexpected function that takes 1 argument[0m
2025-04-15T02:07:46.5332170Z [0m    [0m[0m[1m[38;5;12m|[0m[0m                [0m[0m[1m[38;5;12m|[0m
2025-04-15T02:07:46.5332751Z [0m    [0m[0m[1m[38;5;12m|[0m[0m                [0m[0m[1m[38;5;12mrequired by a bound introduced by this call[0m
2025-04-15T02:07:46.5333286Z [0m    [0m[0m[1m[38;5;12m|[0m
2025-04-15T02:07:46.5333812Z [0m[1m[38;5;10mnote[0m[0m: required by a bound in `std::option::Option::<T>::map`[0m
2025-04-15T02:07:46.5334722Z [0m   [0m[0m[1m[38;5;12m--> [0m[0m/rustc/05f9846f893b09a1be1fc8560e33fc3c815cfecb/library/core/src/option.rs:1114:5[0m
2025-04-15T02:07:46.5335450Z [0m[1m[38;5;14mhelp[0m[0m: call `Option::as_deref()` first[0m
2025-04-15T02:07:46.5335882Z [0m    [0m[0m[1m[38;5;12m|[0m
2025-04-15T02:07:46.5336453Z [0m[1m[38;5;12m661[0m[0m [0m[0m[1m[38;5;12m| [0m[0m        python[0m[0m[38;5;10m.as_deref()[0m[0m.map(PythonRequest::parse)[0m
2025-04-15T02:07:46.5337108Z [0m    [0m[0m[1m[38;5;12m|[0m[0m               [0m[0m[38;5;10m+++++++++++[0m
2025-04-15T02:07:46.5337393Z 
2025-04-15T02:07:46.5966589Z [0m[1m[38;5;9merror[E0593][0m[0m[1m: function is expected to take 1 argument, but it takes 2 arguments[0m
2025-04-15T02:07:46.5967886Z [0m  [0m[0m[1m[38;5;12m--> [0m[0mcrates/uv/src/commands/tool/upgrade.rs:87:48[0m
2025-04-15T02:07:46.5968954Z [0m   [0m[0m[1m[38;5;12m|[0m
2025-04-15T02:07:46.5970008Z [0m[1m[38;5;12m87[0m[0m [0m[0m[1m[38;5;12m|[0m[0m [0m[0m    let python_request = python.as_deref().map(PythonRequest::parse);[0m
2025-04-15T02:07:46.5971124Z [0m   [0m[0m[1m[38;5;12m|[0m[0m                                            [0m[0m[1m[38;5;12m---[0m[0m [0m[0m[1m[38;5;9m^^^^^^^^^^^^^^^^^^^^[0m[0m [0m[0m[1m[38;5;9mexpected function that takes 1 argument[0m
2025-04-15T02:07:46.5971918Z [0m   [0m[0m[1m[38;5;12m|[0m[0m                                            [0m[0m[1m[38;5;12m|[0m
2025-04-15T02:07:46.5983978Z [0m   [0m[0m[1m[38;5;12m|[0m[0m                                            [0m[0m[1m[38;5;12mrequired by a bound introduced by this call[0m
2025-04-15T02:07:46.5984509Z [0m   [0m[0m[1m[38;5;12m|[0m
2025-04-15T02:07:46.5985075Z [0m[1m[38;5;10mnote[0m[0m: required by a bound in `std::option::Option::<T>::map`[0m
2025-04-15T02:07:46.5985750Z [0m  [0m[0m[1m[38;5;12m--> [0m[0m/rustc/05f9846f893b09a1be1fc8560e33fc3c815cfecb/library/core/src/option.rs:1114:5[0m
2025-04-15T02:07:46.5986364Z [0m[1m[38;5;14mhelp[0m[0m: call `Option::as_deref()` first[0m
2025-04-15T02:07:46.5986699Z [0m   [0m[0m[1m[38;5;12m|[0m
2025-04-15T02:07:46.5987365Z [0m[1m[38;5;12m87[0m[0m [0m[0m[1m[38;5;12m| [0m[0m    let python_request = python.as_deref()[0m[0m[38;5;10m.as_deref()[0m[0m.map(PythonRequest::parse);[0m
2025-04-15T02:07:46.5988112Z [0m   [0m[0m[1m[38;5;12m|[0m[0m                                           [0m[0m[38;5;10m+++++++++++[0m
2025-04-15T02:07:46.5988412Z 
2025-04-15T02:07:46.6231677Z [0m[1m[38;5;9merror[E0593][0m[0m[1m: function is expected to take 1 argument, but it takes 2 arguments[0m
2025-04-15T02:07:46.6232495Z [0m   [0m[0m[1m[38;5;12m--> [0m[0mcrates/uv/src/commands/venv.rs:206:28[0m
2025-04-15T02:07:46.6233011Z [0m    [0m[0m[1m[38;5;12m|[0m
2025-04-15T02:07:46.6233756Z [0m[1m[38;5;12m206[0m[0m [0m[0m[1m[38;5;12m|[0m[0m [0m[0m        python_request.map(PythonRequest::parse),[0m
2025-04-15T02:07:46.6234752Z [0m    [0m[0m[1m[38;5;12m|[0m[0m                        [0m[0m[1m[38;5;12m---[0m[0m [0m[0m[1m[38;5;9m^^^^^^^^^^^^^^^^^^^^[0m[0m [0m[0m[1m[38;5;9mexpected function that takes 1 argument[0m
2025-04-15T02:07:46.6235476Z [0m    [0m[0m[1m[38;5;12m|[0m[0m                        [0m[0m[1m[38;5;12m|[0m
2025-04-15T02:07:46.6236160Z [0m    [0m[0m[1m[38;5;12m|[0m[0m                        [0m[0m[1m[38;5;12mrequired by a bound introduced by this call[0m
2025-04-15T02:07:46.6236692Z [0m    [0m[0m[1m[38;5;12m|[0m
2025-04-15T02:07:46.6237293Z [0m[1m[38;5;10mnote[0m[0m: required by a bound in `std::option::Option::<T>::map`[0m
2025-04-15T02:07:46.6238560Z [0m   [0m[0m[1m[38;5;12m--> [0m[0m/rustc/05f9846f893b09a1be1fc8560e33fc3c815cfecb/library/core/src/option.rs:1114:5[0m
2025-04-15T02:07:46.6239402Z [0m[1m[38;5;14mhelp[0m[0m: call `Option::as_deref()` first[0m
2025-04-15T02:07:46.6240103Z [0m    [0m[0m[1m[38;5;12m|[0m
2025-04-15T02:07:46.6240745Z [0m[1m[38;5;12m206[0m[0m [0m[0m[1m[38;5;12m| [0m[0m        python_request[0m[0m[38;5;10m.as_deref()[0m[0m.map(PythonRequest::parse),[0m
2025-04-15T02:07:46.6241348Z [0m    [0m[0m[1m[38;5;12m|[0m[0m                       [0m[0m[38;5;10m+++++++++++[0m
2025-04-15T02:07:46.6241588Z 
2025-04-15T02:07:46.7610694Z [0m[1m[38;5;9merror[E0593][0m[0m[1m: function is expected to take 1 argument, but it takes 2 arguments[0m
2025-04-15T02:07:46.7611815Z [0m  [0m[0m[1m[38;5;12m--> [0m[0mcrates/uv/src/commands/pip/check.rs:27:21[0m
2025-04-15T02:07:46.7612482Z [0m   [0m[0m[1m[38;5;12m|[0m
2025-04-15T02:07:46.7613333Z [0m[1m[38;5;12m27[0m[0m [0m[0m[1m[38;5;12m|[0m[0m [0m[0m        &python.map(PythonRequest::parse).unwrap_or_default(),[0m
2025-04-15T02:07:46.7614075Z [0m   [0m[0m[1m[38;5;12m|[0m[0m                 [0m[0m[1m[38;5;12m---[0m[0m [0m[0m[1m[38;5;9m^^^^^^^^^^^^^^^^^^^^[0m[0m [0m[0m[1m[38;5;9mexpected function that takes 1 argument[0m
2025-04-15T02:07:46.7614630Z [0m   [0m[0m[1m[38;5;12m|[0m[0m                 [0m[0m[1m[38;5;12m|[0m
2025-04-15T02:07:46.7615130Z [0m   [0m[0m[1m[38;5;12m|[0m[0m                 [0m[0m[1m[38;5;12mrequired by a bound introduced by this call[0m
2025-04-15T02:07:46.7615496Z [0m   [0m[0m[1m[38;5;12m|[0m
2025-04-15T02:07:46.7615938Z [0m[1m[38;5;10mnote[0m[0m: required by a bound in `std::option::Option::<T>::map`[0m
2025-04-15T02:07:46.7616858Z [0m  [0m[0m[1m[38;5;12m--> [0m[0m/rustc/05f9846f893b09a1be1fc8560e33fc3c815cfecb/library/core/src/option.rs:1114:5[0m
2025-04-15T02:07:46.7617468Z [0m[1m[38;5;14mhelp[0m[0m: call `Option::as_deref()` first[0m
2025-04-15T02:07:46.7617797Z [0m   [0m[0m[1m[38;5;12m|[0m
2025-04-15T02:07:46.7618634Z [0m[1m[38;5;12m27[0m[0m [0m[0m[1m[38;5;12m| [0m[0m        &python[0m[0m[38;5;10m.as_deref()[0m[0m.map(PythonRequest::parse).unwrap_or_default(),[0m
2025-04-15T02:07:46.7619193Z [0m   [0m[0m[1m[38;5;12m|[0m[0m                [0m[0m[38;5;10m+++++++++++[0m
2025-04-15T02:07:46.7619413Z 
2025-04-15T02:07:46.7666578Z [0m[1m[38;5;9merror[E0593][0m[0m[1m: function is expected to take 1 argument, but it takes 2 arguments[0m
2025-04-15T02:07:46.7667444Z [0m  [0m[0m[1m[38;5;12m--> [0m[0mcrates/uv/src/commands/pip/freeze.rs:29:21[0m
2025-04-15T02:07:46.7667922Z [0m   [0m[0m[1m[38;5;12m|[0m
2025-04-15T02:07:46.7668982Z [0m[1m[38;5;12m29[0m[0m [0m[0m[1m[38;5;12m|[0m[0m [0m[0m        &python.map(PythonRequest::parse).unwrap_or_default(),[0m
2025-04-15T02:07:46.7669893Z [0m   [0m[0m[1m[38;5;12m|[0m[0m                 [0m[0m[1m[38;5;12m---[0m[0m [0m[0m[1m[38;5;9m^^^^^^^^^^^^^^^^^^^^[0m[0m [0m[0m[1m[38;5;9mexpected function that takes 1 argument[0m
2025-04-15T02:07:46.7670527Z [0m   [0m[0m[1m[38;5;12m|[0m[0m                 [0m[0m[1m[38;5;12m|[0m
2025-04-15T02:07:46.7671139Z [0m   [0m[0m[1m[38;5;12m|[0m[0m                 [0m[0m[1m[38;5;12mrequired by a bound introduced by this call[0m
2025-04-15T02:07:46.7671593Z [0m   [0m[0m[1m[38;5;12m|[0m
2025-04-15T02:07:46.7672139Z [0m[1m[38;5;10mnote[0m[0m: required by a bound in `std::option::Option::<T>::map`[0m
2025-04-15T02:07:46.7672903Z [0m  [0m[0m[1m[38;5;12m--> [0m[0m/rustc/05f9846f893b09a1be1fc8560e33fc3c815cfecb/library/core/src/option.rs:1114:5[0m
2025-04-15T02:07:46.7673503Z [0m[1m[38;5;14mhelp[0m[0m: call `Option::as_deref()` first[0m
2025-04-15T02:07:46.7673834Z [0m   [0m[0m[1m[38;5;12m|[0m
2025-04-15T02:07:46.7674454Z [0m[1m[38;5;12m29[0m[0m [0m[0m[1m[38;5;12m| [0m[0m        &python[0m[0m[38;5;10m.as_deref()[0m[0m.map(PythonRequest::parse).unwrap_or_default(),[0m
2025-04-15T02:07:46.7675008Z [0m   [0m[0m[1m[38;5;12m|[0m[0m                [0m[0m[38;5;10m+++++++++++[0m
2025-04-15T02:07:46.7675229Z 
2025-04-15T02:07:46.8037439Z [0m[1m[38;5;9merror[E0593][0m[0m[1m: function is expected to take 1 argument, but it takes 2 arguments[0m
2025-04-15T02:07:46.8039285Z [0m  [0m[0m[1m[38;5;12m--> [0m[0mcrates/uv/src/commands/pip/show.rs:46:21[0m
2025-04-15T02:07:46.8039880Z [0m   [0m[0m[1m[38;5;12m|[0m
2025-04-15T02:07:46.8040813Z [0m[1m[38;5;12m46[0m[0m [0m[0m[1m[38;5;12m|[0m[0m [0m[0m        &python.map(PythonRequest::parse).unwrap_or_default(),[0m
2025-04-15T02:07:46.8041968Z [0m   [0m[0m[1m[38;5;12m|[0m[0m                 [0m[0m[1m[38;5;12m---[0m[0m [0m[0m[1m[38;5;9m^^^^^^^^^^^^^^^^^^^^[0m[0m [0m[0m[1m[38;5;9mexpected function that takes 1 argument[0m
2025-04-15T02:07:46.8042808Z [0m   [0m[0m[1m[38;5;12m|[0m[0m                 [0m[0m[1m[38;5;12m|[0m
2025-04-15T02:07:46.8043660Z [0m   [0m[0m[1m[38;5;12m|[0m[0m                 [0m[0m[1m[38;5;12mrequired by a bound introduced by this call[0m
2025-04-15T02:07:46.8044254Z [0m   [0m[0m[1m[38;5;12m|[0m
2025-04-15T02:07:46.8044944Z [0m[1m[38;5;10mnote[0m[0m: required by a bound in `std::option::Option::<T>::map`[0m
2025-04-15T02:07:46.8046001Z [0m  [0m[0m[1m[38;5;12m--> [0m[0m/rustc/05f9846f893b09a1be1fc8560e33fc3c815cfecb/library/core/src/option.rs:1114:5[0m
2025-04-15T02:07:46.8046933Z [0m[1m[38;5;14mhelp[0m[0m: call `Option::as_deref()` first[0m
2025-04-15T02:07:46.8047447Z [0m   [0m[0m[1m[38;5;12m|[0m
2025-04-15T02:07:46.8048668Z [0m[1m[38;5;12m46[0m[0m [0m[0m[1m[38;5;12m| [0m[0m        &python[0m[0m[38;5;10m.as_deref()[0m[0m.map(PythonRequest::parse).unwrap_or_default(),[0m
2025-04-15T02:07:46.8049563Z [0m   [0m[0m[1m[38;5;12m|[0m[0m                [0m[0m[38;5;10m+++++++++++[0m
2025-04-15T02:07:46.8049920Z 
2025-04-15T02:07:47.9519601Z [0m[1mSome errors have detailed explanations: E0061, E0593.[0m
2025-04-15T02:07:47.9520525Z [0m[1mFor more information about an error, try `rustc --explain E0061`.[0m
2025-04-15T02:07:47.9659430Z [1m[31merror[0m[1m:[0m could not compile `uv` (lib) due to 45 previous errors
2025-04-15T02:07:48.0001852Z ##[error]Process completed with exit code 101.
2025-04-15T02:07:48.0090074Z Post job cleanup.
2025-04-15T02:07:48.1004869Z [command]/usr/bin/git version
2025-04-15T02:07:48.1046349Z git version 2.49.0
2025-04-15T02:07:48.1085646Z Temporarily overriding HOME='/home/runner/work/_temp/4f64db5b-d224-478e-a0b6-2c7dd94fecdb' before making global git config changes
2025-04-15T02:07:48.1086648Z Adding repository directory to the temporary git global config as a safe directory
2025-04-15T02:07:48.1090622Z [command]/usr/bin/git config --global --add safe.directory /home/runner/work/uv/uv
2025-04-15T02:07:48.1123576Z [command]/usr/bin/git config --local --name-only --get-regexp core\.sshCommand
2025-04-15T02:07:48.1154577Z [command]/usr/bin/git submodule foreach --recursive sh -c "git config --local --name-only --get-regexp 'core\.sshCommand' && git config --local --unset-all 'core.sshCommand' || :"
2025-04-15T02:07:48.1439622Z [command]/usr/bin/git config --local --name-only --get-regexp http\.https\:\/\/github\.com\/\.extraheader
2025-04-15T02:07:48.1460055Z http.https://github.com/.extraheader
2025-04-15T02:07:48.1472415Z [command]/usr/bin/git config --local --unset-all http.https://github.com/.extraheader
2025-04-15T02:07:48.1503689Z [command]/usr/bin/git submodule foreach --recursive sh -c "git config --local --name-only --get-regexp 'http\.https\:\/\/github\.com\/\.extraheader' && git config --local --unset-all 'http.https://github.com/.extraheader' || :"
2025-04-15T02:07:48.1828869Z Cleaning up orphan processes
