##[debug]Evaluating condition for step: 'Tests'
##[debug]Evaluating: success()
##[debug]Evaluating success:
##[debug]=>
##[debug]Result:
##[debug]Starting: Tests
##[debug]Loading inputs
##[debug]Loading env
##[group]Run ./python -m test --tsan -j4
[36;1m./python -m test --tsan -j4[0m
0

FORCE_COLOR: 1
IMAGE_OS_VERSION: ubuntu24-20250406.1.0
TSAN_OPTIONS: log_path=/home/runner/work/cpython/cpython/tsan_log suppressions=/home/runner/work/cpython/cpython/Tools/tsan/suppressions_free_threading.txt handle_segv=0
CC: clang
CXX: clang++
PATH: /usr/lib/ccache:/snap/bin:/home/runner/.local/bin:/opt/pipx_bin:/home/runner/.cargo/bin:/home/runner/.config/composer/vendor/bin:/usr/local/.ghcup/bin:/home/runner/.dotnet/tools:/usr/local/sbin:/usr/local/bin:/usr/sbin:/usr/bin:/sbin:/bin:/usr/games:/usr/local/games:/snap/bin
##[endgroup]
##[debug]/usr/bin/bash -e /home/runner/work/_temp/1ae324c2-191e-4210-9a60-0f1b992eab79.sh
Using random seed: 400088554
0:00:00 load avg: 2.23 Run 58 tests in parallel using 4 worker processes
0:00:05 load avg: 2.37 [ 1/58] [32mtest_asyncio.test_buffered_proto passed[0m
0:00:05 load avg: 2.37 [ 2/58] [32mtest_asyncio.test_context passed[0m
0:00:21 load avg: 2.66 [ 3/58] [32mtest_asyncio.test_eager_task_factory passed[0m
0:00:33 load avg: 3.03 [ 4/58] [32mtest_asyncio.test_base_events passed[0m (32.8 sec)
0:00:39 load avg: 3.11 [ 5/58] [32mtest_asyncio.test_futures2 passed[0m -- running (2): test_asyncio.test_events (33.4 sec), test_asyncio.test_free_threading (33.3 sec)
0:00:46 load avg: 3.10 [ 6/58] [32mtest_asyncio.test_graph passed[0m -- running (2): test_asyncio.test_events (40.9 sec), test_asyncio.test_free_threading (40.8 sec)
Executing <Task pending name='Task-20' coro=<CallStackTestBase.test_stack_tgroup() running at /home/runner/work/cpython/cpython/Lib/test/test_asyncio/test_graph.py:77> wait_for=<Future pending cb=[Task.__wakeup()] created at /home/runner/work/cpython/cpython/Lib/asyncio/base_events.py:459> cb=[_run_until_complete_cb() at /home/runner/work/cpython/cpython/Lib/asyncio/base_events.py:181] created at /home/runner/work/cpython/cpython/Lib/asyncio/runners.py:109> took 0.120 seconds
0:00:51 load avg: 3.17 [ 7/58] [32mtest_asyncio.test_free_threading passed[0m (45.5 sec) -- running (1): test_asyncio.test_events (45.6 sec)
0:00:54 load avg: 3.24 [ 8/58] [32mtest_asyncio.test_futures passed[0m (33.0 sec) -- running (1): test_asyncio.test_events (49.3 sec)
0:00:58 load avg: 3.30 [ 9/58] [32mtest_asyncio.test_pep492 passed[0m -- running (1): test_asyncio.test_events (52.4 sec)
0:01:02 load avg: 3.36 [10/58] [32mtest_asyncio.test_protocols passed[0m -- running (1): test_asyncio.test_events (57.2 sec)
0:01:04 load avg: 3.36 [11/58] [32mtest_asyncio.test_locks passed[0m -- running (1): test_asyncio.test_events (59.2 sec)
0:01:07 load avg: 3.36 [12/58] [32mtest_asyncio.test_proactor_events passed[0m -- running (1): test_asyncio.test_events (1 min 1 sec)
0:01:12 load avg: 3.41 [13/58] [32mtest_asyncio.test_runners passed[0m -- running (1): test_asyncio.test_events (1 min 6 sec)
0:01:13 load avg: 3.37 [14/58] [32mtest_asyncio.test_queues passed[0m -- running (1): test_asyncio.test_events (1 min 8 sec)
0:01:21 load avg: 3.42 [15/58] [32mtest_asyncio.test_selector_events passed[0m -- running (1): test_asyncio.test_events (1 min 15 sec)
0:01:22 load avg: 3.47 [16/58] [32mtest_asyncio.test_server passed[0m -- running (1): test_asyncio.test_events (1 min 16 sec)
Executing <Task pending name='Task-22' coro=<TestServer2.test_close_clients() running at /home/runner/work/cpython/cpython/Lib/test/test_asyncio/test_server.py:202> wait_for=<Future pending cb=[Task.task_wakeup()] created at /home/runner/work/cpython/cpython/Lib/asyncio/base_events.py:459> cb=[_run_until_complete_cb() at /home/runner/work/cpython/cpython/Lib/asyncio/base_events.py:181] created at /home/runner/work/cpython/cpython/Lib/asyncio/runners.py:109> took 0.122 seconds
0:01:43 load avg: 3.68 [17/58] [32mtest_asyncio.test_sock_lowlevel passed[0m -- running (2): test_asyncio.test_sendfile (31.4 sec), test_asyncio.test_events (1 min 37 sec)
0:01:50 load avg: 3.71 [18/58] [32mtest_asyncio.test_sendfile passed[0m (38.3 sec) -- running (1): test_asyncio.test_events (1 min 44 sec)
0:01:53 load avg: 3.73 [19/58] [32mtest_asyncio.test_events passed[0m (1 min 47 sec) -- running (1): test_asyncio.test_ssl (30.6 sec)
0:01:56 load avg: 3.73 [20/58] [32mtest_asyncio.test_sslproto passed[0m -- running (1): test_asyncio.test_ssl (34.0 sec)
0:01:57 load avg: 3.73 [21/58] [32mtest_asyncio.test_staggered passed[0m -- running (1): test_asyncio.test_ssl (34.7 sec)
0:02:02 load avg: 3.83 [22/58] [32mtest_asyncio.test_streams passed[0m -- running (1): test_asyncio.test_ssl (39.9 sec)
0:02:19 load avg: 3.73 [23/58] [32mtest_asyncio.test_ssl passed[0m (57.3 sec)
0:02:25 load avg: 3.75 [24/58] [32mtest_asyncio.test_threads passed[0m
Executing <Task pending name='Task-2' coro=<ToThreadTests.test_to_thread() running at /home/runner/work/cpython/cpython/Lib/test/test_asyncio/test_threads.py:16> wait_for=<Future pending cb=[_chain_future.<locals>._call_check_cancel() at /home/runner/work/cpython/cpython/Lib/asyncio/futures.py:393, Task.task_wakeup()] created at /home/runner/work/cpython/cpython/Lib/asyncio/base_events.py:459> cb=[_run_until_complete_cb() at /home/runner/work/cpython/cpython/Lib/asyncio/base_events.py:181] created at /home/runner/work/cpython/cpython/Lib/asyncio/runners.py:109> took 0.131 seconds
Executing <Task pending name='Task-12' coro=<ToThreadTests.test_to_thread_concurrent() running at /home/runner/work/cpython/cpython/Lib/test/test_asyncio/test_threads.py:41> wait_for=<_GatheringFuture pending cb=[Task.task_wakeup()] created at /home/runner/work/cpython/cpython/Lib/asyncio/tasks.py:755> cb=[_run_until_complete_cb() at /home/runner/work/cpython/cpython/Lib/asyncio/base_events.py:181] created at /home/runner/work/cpython/cpython/Lib/asyncio/runners.py:109> took 0.135 seconds
0:02:32 load avg: 3.77 [25/58] [32mtest_asyncio.test_taskgroups passed[0m (35.2 sec) -- running (1): test_asyncio.test_subprocess (35.9 sec)
Executing <Task pending name='Task-2' coro=<BaseTestTaskGroup.test_cancel_children_on_child_error() running at /home/runner/work/cpython/cpython/Lib/test/test_asyncio/test_taskgroups.py:196> wait_for=<Task pending name='Task-3' coro=<BaseTestTaskGroup.test_cancel_children_on_child_error.<locals>.runner() running at /home/runner/work/cpython/cpython/Lib/test/test_asyncio/test_taskgroups.py:186> wait_for=<Future pending cb=[Task.task_wakeup()] created at /home/runner/work/cpython/cpython/Lib/asyncio/base_events.py:459> cb=[Task.task_wakeup()] created at /home/runner/work/cpython/cpython/Lib/asyncio/tasks.py:1034> cb=[_run_until_complete_cb() at /home/runner/work/cpython/cpython/Lib/asyncio/base_events.py:181] created at /home/runner/work/cpython/cpython/Lib/asyncio/tasks.py:1034> took 0.150 seconds
Executing <Task pending name='Task-12' coro=<BaseTestTaskGroup.test_cancellation() running at /home/runner/work/cpython/cpython/Lib/test/test_asyncio/test_taskgroups.py:221> wait_for=<Future pending cb=[Task.task_wakeup()] created at /home/runner/work/cpython/cpython/Lib/asyncio/base_events.py:459> cb=[_run_until_complete_cb() at /home/runner/work/cpython/cpython/Lib/asyncio/base_events.py:181] created at /home/runner/work/cpython/cpython/Lib/asyncio/tasks.py:1034> took 0.169 seconds
Executing <Task pending name='Task-127' coro=<BaseTestTaskGroup.test_taskgroup_07() running at /home/runner/work/cpython/cpython/Lib/test/test_asyncio/test_taskgroups.py:255> wait_for=<Future pending cb=[Task.task_wakeup()] created at /home/runner/work/cpython/cpython/Lib/asyncio/base_events.py:459> cb=[_run_until_complete_cb() at /home/runner/work/cpython/cpython/Lib/asyncio/base_events.py:181] created at /home/runner/work/cpython/cpython/Lib/asyncio/tasks.py:1034> took 0.165 seconds
Executing <Task pending name='Task-138' coro=<BaseTestTaskGroup.test_taskgroup_08() running at /home/runner/work/cpython/cpython/Lib/test/test_asyncio/test_taskgroups.py:280> wait_for=<Future pending cb=[Task.task_wakeup()] created at /home/runner/work/cpython/cpython/Lib/asyncio/base_events.py:459> cb=[_run_until_complete_cb() at /home/runner/work/cpython/cpython/Lib/asyncio/base_events.py:181] created at /home/runner/work/cpython/cpython/Lib/asyncio/tasks.py:1034> took 0.157 seconds
Executing <Task pending name='Task-163' coro=<BaseTestTaskGroup.test_taskgroup_11() running at /home/runner/work/cpython/cpython/Lib/test/test_asyncio/test_taskgroups.py:364> wait_for=<Future pending cb=[Task.task_wakeup()] created at /home/runner/work/cpython/cpython/Lib/asyncio/base_events.py:459> cb=[_run_until_complete_cb() at /home/runner/work/cpython/cpython/Lib/asyncio/base_events.py:181] created at /home/runner/work/cpython/cpython/Lib/asyncio/tasks.py:1034> took 0.136 seconds
Executing <Task pending name='Task-174' coro=<BaseTestTaskGroup.test_taskgroup_12() running at /home/runner/work/cpython/cpython/Lib/test/test_asyncio/test_taskgroups.py:393> wait_for=<Future pending cb=[Task.task_wakeup()] created at /home/runner/work/cpython/cpython/Lib/asyncio/base_events.py:459> cb=[_run_until_complete_cb() at /home/runner/work/cpython/cpython/Lib/asyncio/base_events.py:181] created at /home/runner/work/cpython/cpython/Lib/asyncio/tasks.py:1034> took 0.114 seconds
Executing <Task pending name='Task-277' coro=<BaseTestTaskGroup.test_taskgroup_24() running at /home/runner/work/cpython/cpython/Lib/test/test_asyncio/test_taskgroups.py:709> wait_for=<Future pending cb=[Task.task_wakeup()] created at /home/runner/work/cpython/cpython/Lib/asyncio/base_events.py:459> cb=[_run_until_complete_cb() at /home/runner/work/cpython/cpython/Lib/asyncio/base_events.py:181] created at /home/runner/work/cpython/cpython/Lib/asyncio/tasks.py:1034> took 0.116 seconds
Executing <Task finished name='Task-278' coro=<BaseTestTaskGroup.test_taskgroup_24.<locals>.root() done, defined at /home/runner/work/cpython/cpython/Lib/test/test_asyncio/test_taskgroups.py:697> result=None created at /home/runner/work/cpython/cpython/Lib/asyncio/tasks.py:1034> took 0.173 seconds
Executing <Task pending name='Task-285' coro=<BaseTestTaskGroup.test_taskgroup_25() running at /home/runner/work/cpython/cpython/Lib/test/test_asyncio/test_taskgroups.py:732> wait_for=<Future pending cb=[Task.task_wakeup()] created at /home/runner/work/cpython/cpython/Lib/asyncio/base_events.py:459> cb=[_run_until_complete_cb() at /home/runner/work/cpython/cpython/Lib/asyncio/base_events.py:181] created at /home/runner/work/cpython/cpython/Lib/asyncio/tasks.py:1034> took 0.179 seconds
Executing <Task finished name='Task-286' coro=<BaseTestTaskGroup.test_taskgroup_25.<locals>.hydra() done, defined at /home/runner/work/cpython/cpython/Lib/test/test_asyncio/test_taskgroups.py:714> result=None created at /home/runner/work/cpython/cpython/Lib/asyncio/tasks.py:1034> took 0.162 seconds
0:02:35 load avg: 3.71 [26/58] [32mtest_asyncio.test_timeouts passed[0m -- running (2): test_asyncio.test_tasks (33.3 sec), test_asyncio.test_subprocess (39.2 sec)
Executing <Task pending name='Task-149' coro=<TimeoutTests.test_timeout_taskgroup() running at /home/runner/work/cpython/cpython/Lib/test/test_asyncio/test_timeouts.py:382> wait_for=<Future pending cb=[Task.task_wakeup()] created at /home/runner/work/cpython/cpython/Lib/asyncio/base_events.py:459> cb=[_run_until_complete_cb() at /home/runner/work/cpython/cpython/Lib/asyncio/base_events.py:181] created at /home/runner/work/cpython/cpython/Lib/asyncio/runners.py:109> took 0.143 seconds
0:02:36 load avg: 3.71 [27/58] [32mtest_asyncio.test_subprocess passed[0m (39.8 sec) -- running (1): test_asyncio.test_tasks (33.9 sec)
0:02:37 load avg: 3.71 [28/58] [32mtest_asyncio.test_transports passed[0m -- running (1): test_asyncio.test_tasks (34.6 sec)
0:02:42 load avg: 3.73 [29/58] [33mtest_asyncio.test_windows_events skipped[0m -- running (1): test_asyncio.test_tasks (39.7 sec)
[33mtest_asyncio.test_windows_events skipped -- Windows only[0m
0:02:44 load avg: 3.75 [30/58] [32mtest_asyncio.test_waitfor passed[0m -- running (1): test_asyncio.test_tasks (42.1 sec)
0:02:45 load avg: 3.75 [31/58] [33mtest_asyncio.test_windows_utils skipped[0m -- running (1): test_asyncio.test_tasks (43.6 sec)
[33mtest_asyncio.test_windows_utils skipped -- Windows only[0m
0:02:47 load avg: 3.77 [32/58] [32mtest_asyncio.test_unix_events passed[0m -- running (1): test_asyncio.test_tasks (45.3 sec)
/home/runner/work/cpython/cpython/Lib/test/test_asyncio/test_unix_events.py:1191: DeprecationWarning: This process (pid=10715) is multi-threaded, use of fork() may lead to deadlocks in the child.
pid = os.fork()
0:02:49 load avg: 3.77 [33/58] [32mtest_capi.test_pyatomic passed[0m -- running (1): test_asyncio.test_tasks (47.6 sec)
0:03:02 load avg: 3.96 [34/58] [32mtest_code passed[0m -- running (1): test_asyncio.test_tasks (59.6 sec)
0:03:13 load avg: 4.04 [35/58] [32mtest_functools passed[0m -- running (1): test_asyncio.test_tasks (1 min 11 sec)
0:03:36 load avg: 4.32 [36/58] [32mtest_httpservers passed[0m -- running (3): test_enum (46.3 sec), test_asyncio.test_tasks (1 min 33 sec), test_capi.test_mem (51.8 sec)
0:03:37 load avg: 4.30 [37/58] [32mtest_enum passed[0m (47.7 sec) -- running (2): test_asyncio.test_tasks (1 min 35 sec), test_capi.test_mem (53.2 sec)
0:04:07 load avg: 4.18 [38/58] [32mtest_imaplib passed[0m (31.1 sec) -- running (2): test_asyncio.test_tasks (2 min 5 sec), test_capi.test_mem (1 min 22 sec)
0:04:19 load avg: 4.45 [39/58] [32mtest_asyncio.test_tasks passed[0m (2 min 17 sec) -- running (2): test_importlib (41.8 sec), test_capi.test_mem (1 min 35 sec)
0:04:49 load avg: 5.36 running (4): test_importlib (1 min 11 sec), test_logging (30.0 sec), test_io (42.1 sec), test_capi.test_mem (2 min 5 sec)
0:05:13 load avg: 5.23 [40/58] [32mtest_logging passed[0m (53.6 sec) -- running (3): test_importlib (1 min 35 sec), test_io (1 min 5 sec), test_capi.test_mem (2 min 28 sec)
0:05:14 load avg: 5.23 [41/58] [32mtest_importlib passed[0m (1 min 36 sec) -- running (2): test_io (1 min 6 sec), test_capi.test_mem (2 min 29 sec)
0:05:16 load avg: 5.23 [42/58] [32mtest_capi.test_mem passed[0m (2 min 32 sec) -- running (1): test_io (1 min 9 sec)
0:05:46 load avg: 5.04 running (4): test_queue (32.4 sec), test_opcache (33.6 sec), test_io (1 min 39 sec), test_signal (30.0 sec)
0:05:47 load avg: 4.87 [43/58] [32mtest_opcache passed[0m (34.6 sec) -- running (3): test_queue (33.5 sec), test_io (1 min 40 sec), test_signal (31.0 sec)
0:06:08 load avg: 5.25 [44/58] [32mtest_signal passed[0m (51.5 sec) -- running (2): test_queue (53.9 sec), test_io (2 min)
0:06:18 load avg: 5.38 [45/58] [32mtest_io passed[0m (2 min 10 sec) -- running (2): test_queue (1 min 4 sec), test_socket (30.6 sec)
0:06:21 load avg: 5.38 [46/58] [32mtest_sqlite3 passed[0m -- running (2): test_queue (1 min 7 sec), test_socket (33.9 sec)
0:06:28 load avg: 5.48 [47/58] [32mtest_syslog passed[0m -- running (2): test_queue (1 min 13 sec), test_socket (40.5 sec)
0:06:37 load avg: 5.37 [48/58] [32mtest_thread passed[0m -- running (2): test_queue (1 min 23 sec), test_socket (49.8 sec)
0:06:46 load avg: 5.88 [49/58] [32mtest_thread_local_bytecode passed[0m -- running (2): test_queue (1 min 32 sec), test_socket (59.2 sec)
0:06:52 load avg: 6.13 [50/58] [32mtest_threadedtempfile passed[0m -- running (3): test_queue (1 min 38 sec), test_socket (1 min 4 sec), test_ssl (34.1 sec)
0:06:54 load avg: 5.96 [51/58] [32mtest_ssl passed[0m (36.6 sec) -- running (2): test_queue (1 min 40 sec), test_socket (1 min 7 sec)
0:06:55 load avg: 5.96 [52/58] [32mtest_queue passed[0m (1 min 41 sec) -- running (1): test_socket (1 min 8 sec)
0:07:05 load avg: 5.58 [53/58] [32mtest_threadsignals passed[0m -- running (1): test_socket (1 min 17 sec)
0:07:08 load avg: 5.45 [54/58] [32mtest_threading_local passed[0m -- running (1): test_socket (1 min 20 sec)
0:07:33 load avg: 10.19 [55/58/1] [1;31mtest_free_threading worker non-zero exit code[0m (Exit code -6 (SIGABRT)) -- running (2): test_socket (1 min 46 sec), test_threading (41.4 sec)
python: Python/qsbr.c:164: _Bool _Py_qsbr_poll(struct _qsbr_thread_state *, uint64_t): Assertion `((_PyThreadStateImpl *)_PyThreadState_GET())->qsbr == qsbr' failed.
Fatal Python error: Aborted
2025-04-15T00:16:00.2004022Z
<Cannot show all threads while the GIL is disabled>
Stack (most recent call first):
File "/home/runner/work/cpython/cpython/Lib/test/test_free_threading/test_dict.py", line 185 in writer_func
File "/home/runner/work/cpython/cpython/Lib/threading.py", line 1021 in run
File "/home/runner/work/cpython/cpython/Lib/threading.py", line 1079 in _bootstrap_inner
File "/home/runner/work/cpython/cpython/Lib/threading.py", line 1041 in _bootstrap
python: Python/qsbr.c:164: _Bool _Py_qsbr_poll(struct _qsbr_thread_state *, uint64_t): Assertion `((_PyThreadStateImpl *)_PyThreadState_GET())->qsbr == qsbr' failed.
0:07:42 load avg: 9.23 [56/58/1] [32mtest_weakref passed[0m (37.3 sec) -- running (2): test_socket (1 min 55 sec), test_threading (50.5 sec)
0:08:12 load avg: 6.38 running (2): test_socket (2 min 25 sec), test_threading (1 min 20 sec)
0:08:19 load avg: 5.95 [57/58/1] [32mtest_threading passed[0m (1 min 26 sec) -- running (1): test_socket (2 min 31 sec)
0:08:24 load avg: 5.47 [58/58/1] [32mtest_socket passed[0m (2 min 36 sec)
2025-04-15T00:16:50.5524948Z
== Tests result: [1;31mFAILURE[0m ==
2025-04-15T00:16:50.5525518Z
[33m2 tests skipped:[0m
test_asyncio.test_windows_events test_asyncio.test_windows_utils
2025-04-15T00:16:50.5526532Z
[1;31m1 test failed:[0m
test_free_threading
2025-04-15T00:16:50.5527252Z
[32m55 tests OK.[0m
2025-04-15T00:16:50.5527639Z
Total duration: 8 min 24 sec
Total tests: run=8,740 [33mskipped=221[0m
Total test files: run=58/58 [31mfailed=1[0m [33mskipped=2[0m
Result: [1;31mFAILURE[0m
##[error]Process completed with exit code 2.
##[debug]Finishing: Tests
