2025-04-13T09:13:59.1422228Z Requested labels: ubuntu-latest
2025-04-13T09:13:59.1422484Z Job defined at: rasbt/LLMs-from-scratch/.github/workflows/check-links.yml@refs/pull/615/merge
2025-04-13T09:13:59.1422575Z Waiting for a runner to pick up this job...
2025-04-13T09:14:00.7677630Z Job is waiting for a hosted runner to come online.
2025-04-13T09:14:03.5811204Z Job is about to start running on the hosted runner: GitHub Actions 37 (hosted)
2025-04-13T09:14:05.0246417Z Current runner version: '2.323.0'
2025-04-13T09:14:05.0271540Z ##[group]Operating System
2025-04-13T09:14:05.0272312Z Ubuntu
2025-04-13T09:14:05.0272872Z 24.04.2
2025-04-13T09:14:05.0273370Z LTS
2025-04-13T09:14:05.0273796Z ##[endgroup]
2025-04-13T09:14:05.0274373Z ##[group]Runner Image
2025-04-13T09:14:05.0274927Z Image: ubuntu-24.04
2025-04-13T09:14:05.0275429Z Version: 20250406.1.0
2025-04-13T09:14:05.0276533Z Included Software: https://github.com/actions/runner-images/blob/ubuntu24/20250406.1/images/ubuntu/Ubuntu2404-Readme.md
2025-04-13T09:14:05.0277874Z Image Release: https://github.com/actions/runner-images/releases/tag/ubuntu24%2F20250406.1
2025-04-13T09:14:05.0278710Z ##[endgroup]
2025-04-13T09:14:05.0279314Z ##[group]Runner Image Provisioner
2025-04-13T09:14:05.0279896Z 2.0.422.1
2025-04-13T09:14:05.0280644Z ##[endgroup]
2025-04-13T09:14:05.0281749Z ##[group]GITHUB_TOKEN Permissions
2025-04-13T09:14:05.0283656Z Contents: read
2025-04-13T09:14:05.0284304Z Metadata: read
2025-04-13T09:14:05.0285062Z Packages: read
2025-04-13T09:14:05.0285703Z ##[endgroup]
2025-04-13T09:14:05.0288802Z Secret source: None
2025-04-13T09:14:05.0289770Z Prepare workflow directory
2025-04-13T09:14:05.0596348Z Prepare all required actions
2025-04-13T09:14:05.0632228Z Getting action download info
2025-04-13T09:14:05.2356529Z ##[group]Download immutable action package 'actions/checkout@v4'
2025-04-13T09:14:05.2357510Z Version: 4.2.2
2025-04-13T09:14:05.2358395Z Digest: sha256:ccb2698953eaebd21c7bf6268a94f9c26518a7e38e27e0b83c1fe1ad049819b1
2025-04-13T09:14:05.2359498Z Source commit SHA: 11bd71901bbe5b1630ceea73d27597364c9af683
2025-04-13T09:14:05.2360187Z ##[endgroup]
2025-04-13T09:14:05.3174807Z ##[group]Download immutable action package 'actions/setup-python@v5'
2025-04-13T09:14:05.3175610Z Version: 5.5.0
2025-04-13T09:14:05.3176326Z Digest: sha256:1fac95d751afd58314aebd2ab01d4bf3b3109a441917bd2cac2a22898ec494f7
2025-04-13T09:14:05.3177305Z Source commit SHA: 8d9ed9ac5c53483de85588cdf95a591a75ab9f55
2025-04-13T09:14:05.3178013Z ##[endgroup]
2025-04-13T09:14:05.6029699Z Complete job name: test
2025-04-13T09:14:05.6802692Z ##[group]Run actions/checkout@v4
2025-04-13T09:14:05.6803639Z with:
2025-04-13T09:14:05.6804144Z   repository: rasbt/LLMs-from-scratch
2025-04-13T09:14:05.6804955Z   token: ***
2025-04-13T09:14:05.6805769Z   ssh-strict: true
2025-04-13T09:14:05.6806604Z   ssh-user: git
2025-04-13T09:14:05.6807259Z   persist-credentials: true
2025-04-13T09:14:05.6807814Z   clean: true
2025-04-13T09:14:05.6808305Z   sparse-checkout-cone-mode: true
2025-04-13T09:14:05.6808874Z   fetch-depth: 1
2025-04-13T09:14:05.6809350Z   fetch-tags: false
2025-04-13T09:14:05.6809833Z   show-progress: true
2025-04-13T09:14:05.6810534Z   lfs: false
2025-04-13T09:14:05.6811021Z   submodules: false
2025-04-13T09:14:05.6811511Z   set-safe-directory: true
2025-04-13T09:14:05.6812443Z ##[endgroup]
2025-04-13T09:14:05.8466111Z Syncing repository: rasbt/LLMs-from-scratch
2025-04-13T09:14:05.8468901Z ##[group]Getting Git version info
2025-04-13T09:14:05.8469965Z Working directory is '/home/runner/work/LLMs-from-scratch/LLMs-from-scratch'
2025-04-13T09:14:05.8471598Z [command]/usr/bin/git version
2025-04-13T09:14:05.8494325Z git version 2.49.0
2025-04-13T09:14:05.8522892Z ##[endgroup]
2025-04-13T09:14:05.8539001Z Temporarily overriding HOME='/home/runner/work/_temp/7fa20b9a-0a11-4c4e-8016-95d0b4ca2bdf' before making global git config changes
2025-04-13T09:14:05.8542124Z Adding repository directory to the temporary git global config as a safe directory
2025-04-13T09:14:05.8546265Z [command]/usr/bin/git config --global --add safe.directory /home/runner/work/LLMs-from-scratch/LLMs-from-scratch
2025-04-13T09:14:05.8583409Z Deleting the contents of '/home/runner/work/LLMs-from-scratch/LLMs-from-scratch'
2025-04-13T09:14:05.8587403Z ##[group]Initializing the repository
2025-04-13T09:14:05.8592640Z [command]/usr/bin/git init /home/runner/work/LLMs-from-scratch/LLMs-from-scratch
2025-04-13T09:14:05.8648211Z hint: Using 'master' as the name for the initial branch. This default branch name
2025-04-13T09:14:05.8649973Z hint: is subject to change. To configure the initial branch name to use in all
2025-04-13T09:14:05.8651214Z hint: of your new repositories, which will suppress this warning, call:
2025-04-13T09:14:05.8652224Z hint:
2025-04-13T09:14:05.8653186Z hint: 	git config --global init.defaultBranch <name>
2025-04-13T09:14:05.8653913Z hint:
2025-04-13T09:14:05.8655096Z hint: Names commonly chosen instead of 'master' are 'main', 'trunk' and
2025-04-13T09:14:05.8657031Z hint: 'development'. The just-created branch can be renamed via this command:
2025-04-13T09:14:05.8658607Z hint:
2025-04-13T09:14:05.8659512Z hint: 	git branch -m <name>
2025-04-13T09:14:05.8661510Z Initialized empty Git repository in /home/runner/work/LLMs-from-scratch/LLMs-from-scratch/.git/
2025-04-13T09:14:05.8667287Z [command]/usr/bin/git remote add origin https://github.com/rasbt/LLMs-from-scratch
2025-04-13T09:14:05.8700090Z ##[endgroup]
2025-04-13T09:14:05.8701744Z ##[group]Disabling automatic garbage collection
2025-04-13T09:14:05.8705268Z [command]/usr/bin/git config --local gc.auto 0
2025-04-13T09:14:05.8734526Z ##[endgroup]
2025-04-13T09:14:05.8736055Z ##[group]Setting up auth
2025-04-13T09:14:05.8742327Z [command]/usr/bin/git config --local --name-only --get-regexp core\.sshCommand
2025-04-13T09:14:05.8773926Z [command]/usr/bin/git submodule foreach --recursive sh -c "git config --local --name-only --get-regexp 'core\.sshCommand' && git config --local --unset-all 'core.sshCommand' || :"
2025-04-13T09:14:05.9045350Z [command]/usr/bin/git config --local --name-only --get-regexp http\.https\:\/\/github\.com\/\.extraheader
2025-04-13T09:14:05.9074947Z [command]/usr/bin/git submodule foreach --recursive sh -c "git config --local --name-only --get-regexp 'http\.https\:\/\/github\.com\/\.extraheader' && git config --local --unset-all 'http.https://github.com/.extraheader' || :"
2025-04-13T09:14:05.9298177Z [command]/usr/bin/git config --local http.https://github.com/.extraheader AUTHORIZATION: basic ***
2025-04-13T09:14:05.9342742Z ##[endgroup]
2025-04-13T09:14:05.9344029Z ##[group]Fetching the repository
2025-04-13T09:14:05.9352774Z [command]/usr/bin/git -c protocol.version=2 fetch --no-tags --prune --no-recurse-submodules --depth=1 origin +ccd40b142d8ca4a85a96fed550b55190a9dad5db:refs/remotes/pull/615/merge
2025-04-13T09:14:06.4132895Z From https://github.com/rasbt/LLMs-from-scratch
2025-04-13T09:14:06.4134261Z  * [new ref]         ccd40b142d8ca4a85a96fed550b55190a9dad5db -> pull/615/merge
2025-04-13T09:14:06.4158328Z ##[endgroup]
2025-04-13T09:14:06.4159354Z ##[group]Determining the checkout info
2025-04-13T09:14:06.4161006Z ##[endgroup]
2025-04-13T09:14:06.4166040Z [command]/usr/bin/git sparse-checkout disable
2025-04-13T09:14:06.4205360Z [command]/usr/bin/git config --local --unset-all extensions.worktreeConfig
2025-04-13T09:14:06.4232362Z ##[group]Checking out the ref
2025-04-13T09:14:06.4235795Z [command]/usr/bin/git checkout --progress --force refs/remotes/pull/615/merge
2025-04-13T09:14:06.4569598Z Note: switching to 'refs/remotes/pull/615/merge'.
2025-04-13T09:14:06.4572118Z 
2025-04-13T09:14:06.4573085Z You are in 'detached HEAD' state. You can look around, make experimental
2025-04-13T09:14:06.4575315Z changes and commit them, and you can discard any commits you make in this
2025-04-13T09:14:06.4576704Z state without impacting any branches by switching back to a branch.
2025-04-13T09:14:06.4577792Z 
2025-04-13T09:14:06.4578302Z If you want to create a new branch to retain commits you create, you may
2025-04-13T09:14:06.4579451Z do so (now or later) by using -c with the switch command. Example:
2025-04-13T09:14:06.4580121Z 
2025-04-13T09:14:06.4580646Z   git switch -c <new-branch-name>
2025-04-13T09:14:06.4581139Z 
2025-04-13T09:14:06.4581432Z Or undo this operation with:
2025-04-13T09:14:06.4581895Z 
2025-04-13T09:14:06.4582160Z   git switch -
2025-04-13T09:14:06.4582522Z 
2025-04-13T09:14:06.4583132Z Turn off this advice by setting config variable advice.detachedHead to false
2025-04-13T09:14:06.4584410Z 
2025-04-13T09:14:06.4585414Z HEAD is now at ccd40b1 Merge f8b747fb1932f2fa31ca918cdd48ce614a02f66a into 92b308e5126d437d9a50d70945868b7a8bc42866
2025-04-13T09:14:06.4588533Z ##[endgroup]
2025-04-13T09:14:06.4618846Z [command]/usr/bin/git log -1 --format=%H
2025-04-13T09:14:06.4641216Z ccd40b142d8ca4a85a96fed550b55190a9dad5db
2025-04-13T09:14:06.5026149Z ##[group]Run actions/setup-python@v5
2025-04-13T09:14:06.5027260Z with:
2025-04-13T09:14:06.5028025Z   python-version: 3.10
2025-04-13T09:14:06.5028941Z   check-latest: false
2025-04-13T09:14:06.5030076Z   token: ***
2025-04-13T09:14:06.5031081Z   update-environment: true
2025-04-13T09:14:06.5032086Z   allow-prereleases: false
2025-04-13T09:14:06.5033555Z   freethreaded: false
2025-04-13T09:14:06.5034765Z ##[endgroup]
2025-04-13T09:14:06.6727746Z ##[group]Installed versions
2025-04-13T09:14:06.6790442Z Successfully set up CPython (3.10.16)
2025-04-13T09:14:06.6793240Z ##[endgroup]
2025-04-13T09:14:06.6941820Z ##[group]Run curl -LsSf https://astral.sh/uv/install.sh | sh
2025-04-13T09:14:06.6943619Z [36;1mcurl -LsSf https://astral.sh/uv/install.sh | sh[0m
2025-04-13T09:14:06.6945121Z [36;1muv add pytest-ruff pytest-check-links[0m
2025-04-13T09:14:06.6998422Z shell: /usr/bin/bash -e {0}
2025-04-13T09:14:06.6999473Z env:
2025-04-13T09:14:06.7000833Z   pythonLocation: /opt/hostedtoolcache/Python/3.10.16/x64
2025-04-13T09:14:06.7002650Z   PKG_CONFIG_PATH: /opt/hostedtoolcache/Python/3.10.16/x64/lib/pkgconfig
2025-04-13T09:14:06.7004404Z   Python_ROOT_DIR: /opt/hostedtoolcache/Python/3.10.16/x64
2025-04-13T09:14:06.7005974Z   Python2_ROOT_DIR: /opt/hostedtoolcache/Python/3.10.16/x64
2025-04-13T09:14:06.7008333Z   Python3_ROOT_DIR: /opt/hostedtoolcache/Python/3.10.16/x64
2025-04-13T09:14:06.7010365Z   LD_LIBRARY_PATH: /opt/hostedtoolcache/Python/3.10.16/x64/lib
2025-04-13T09:14:06.7012020Z ##[endgroup]
2025-04-13T09:14:07.0315246Z downloading uv 0.6.14 x86_64-unknown-linux-gnu
2025-04-13T09:14:07.1626790Z no checksums to verify
2025-04-13T09:14:07.4684026Z installing to /home/runner/.local/bin
2025-04-13T09:14:07.4726257Z   uv
2025-04-13T09:14:07.4748522Z   uvx
2025-04-13T09:14:07.4749621Z everything's installed!
2025-04-13T09:14:07.6151161Z Using CPython 3.10.16 interpreter at: /opt/hostedtoolcache/Python/3.10.16/x64/bin/python3
2025-04-13T09:14:07.6153149Z Creating virtual environment at: .venv
2025-04-13T09:14:08.2002533Z Resolved 191 packages in 583ms
2025-04-13T09:14:08.2600085Z    Building llms-from-scratch @ file:///home/runner/work/LLMs-from-scratch/LLMs-from-scratch
2025-04-13T09:14:08.2707567Z Downloading pandas (12.5MiB)
2025-04-13T09:14:08.2709503Z Downloading jupyterlab (11.7MiB)
2025-04-13T09:14:08.2712322Z Downloading pip (1.8MiB)
2025-04-13T09:14:08.2714353Z Downloading networkx (1.6MiB)
2025-04-13T09:14:08.2717522Z Downloading kiwisolver (1.6MiB)
2025-04-13T09:14:08.2720634Z Downloading setuptools (1.2MiB)
2025-04-13T09:14:08.2722429Z Downloading pygments (1.2MiB)
2025-04-13T09:14:08.2790882Z Downloading debugpy (3.4MiB)
2025-04-13T09:14:08.2793474Z Downloading nvidia-cuda-nvrtc-cu12 (23.5MiB)
2025-04-13T09:14:08.2797550Z Downloading nvidia-cusparselt-cu12 (143.1MiB)
2025-04-13T09:14:08.2801456Z Downloading ruff (10.8MiB)
2025-04-13T09:14:08.2803236Z Downloading nvidia-cuda-cupti-cu12 (13.2MiB)
2025-04-13T09:14:08.2806838Z Downloading tensorboard (5.2MiB)
2025-04-13T09:14:08.2807940Z Downloading sympy (5.9MiB)
2025-04-13T09:14:08.2809080Z Downloading nvidia-cufft-cu12 (201.7MiB)
2025-04-13T09:14:08.2812885Z Downloading nvidia-nccl-cu12 (179.9MiB)
2025-04-13T09:14:08.2816284Z Downloading grpcio (5.7MiB)
2025-04-13T09:14:08.2817949Z Downloading nvidia-cublas-cu12 (346.6MiB)
2025-04-13T09:14:08.2821557Z Downloading nvidia-cusolver-cu12 (122.0MiB)
2025-04-13T09:14:08.2823416Z Downloading babel (9.7MiB)
2025-04-13T09:14:08.2826545Z Downloading pillow (4.4MiB)
2025-04-13T09:14:08.2828172Z Downloading h5py (4.3MiB)
2025-04-13T09:14:08.2831380Z Downloading jedi (1.5MiB)
2025-04-13T09:14:08.2833034Z Downloading nvidia-cudnn-cu12 (634.0MiB)
2025-04-13T09:14:08.2836909Z Downloading libclang (23.4MiB)
2025-04-13T09:14:08.2838643Z Downloading nvidia-nvjitlink-cu12 (20.1MiB)
2025-04-13T09:14:08.2840728Z Downloading fonttools (4.4MiB)
2025-04-13T09:14:08.2842425Z Downloading torch (731.2MiB)
2025-04-13T09:14:08.2845523Z Downloading tensorflow (614.9MiB)
2025-04-13T09:14:08.2847806Z Downloading nvidia-cusparse-cu12 (197.8MiB)
2025-04-13T09:14:08.2849332Z Downloading triton (241.4MiB)
2025-04-13T09:14:08.2850943Z Downloading nvidia-curand-cu12 (53.7MiB)
2025-04-13T09:14:08.2852351Z Downloading keras (1.3MiB)
2025-04-13T09:14:08.2853598Z Downloading matplotlib (8.2MiB)
2025-04-13T09:14:08.2855031Z Downloading tensorboard-data-server (6.3MiB)
2025-04-13T09:14:08.2856223Z Downloading tiktoken (1.1MiB)
2025-04-13T09:14:08.2857236Z Downloading ml-dtypes (4.5MiB)
2025-04-13T09:14:08.2858390Z Downloading tensorflow-io-gcs-filesystem (4.9MiB)
2025-04-13T09:14:08.2859626Z Downloading numpy (18.6MiB)
2025-04-13T09:14:09.1236232Z  Downloaded tiktoken
2025-04-13T09:14:09.2525399Z  Downloaded pygments
2025-04-13T09:14:09.2940635Z  Downloaded kiwisolver
2025-04-13T09:14:09.5622488Z  Downloaded pip
2025-04-13T09:14:09.7511625Z  Downloaded setuptools
2025-04-13T09:14:09.9068350Z  Downloaded networkx
2025-04-13T09:14:10.0704256Z  Downloaded keras
2025-04-13T09:14:10.1175952Z  Downloaded debugpy
2025-04-13T09:14:10.5844519Z  Downloaded pillow
2025-04-13T09:14:10.5913922Z  Downloaded fonttools
2025-04-13T09:14:10.5995378Z  Downloaded ml-dtypes
2025-04-13T09:14:10.6015232Z  Downloaded h5py
2025-04-13T09:14:10.6938140Z  Downloaded tensorflow-io-gcs-filesystem
2025-04-13T09:14:10.9128519Z  Downloaded tensorboard
2025-04-13T09:14:10.9343356Z       Built llms-from-scratch @ file:///home/runner/work/LLMs-from-scratch/LLMs-from-scratch
2025-04-13T09:14:10.9523029Z  Downloaded grpcio
2025-04-13T09:14:11.0868604Z  Downloaded tensorboard-data-server
2025-04-13T09:14:11.4856995Z  Downloaded matplotlib
2025-04-13T09:14:11.6154346Z  Downloaded sympy
2025-04-13T09:14:11.8901431Z  Downloaded babel
2025-04-13T09:14:11.9238212Z  Downloaded ruff
2025-04-13T09:14:12.2906821Z  Downloaded nvidia-cuda-cupti-cu12
2025-04-13T09:14:12.3329341Z  Downloaded jupyterlab
2025-04-13T09:14:12.5660185Z  Downloaded pandas
2025-04-13T09:14:12.5712909Z  Downloaded jedi
2025-04-13T09:14:13.1904115Z  Downloaded nvidia-nvjitlink-cu12
2025-04-13T09:14:13.5720185Z  Downloaded numpy
2025-04-13T09:14:13.5802100Z  Downloaded libclang
2025-04-13T09:14:13.6138179Z  Downloaded nvidia-cuda-nvrtc-cu12
2025-04-13T09:14:16.3674179Z  Downloaded nvidia-curand-cu12
2025-04-13T09:14:22.1645311Z  Downloaded nvidia-cusolver-cu12
2025-04-13T09:14:23.7566064Z  Downloaded nvidia-cusparselt-cu12
2025-04-13T09:14:25.9208399Z  Downloaded nvidia-nccl-cu12
2025-04-13T09:14:26.7386868Z  Downloaded nvidia-cusparse-cu12
2025-04-13T09:14:26.9501216Z  Downloaded nvidia-cufft-cu12
2025-04-13T09:14:31.4618785Z  Downloaded triton
2025-04-13T09:14:31.7138949Z  Downloaded nvidia-cublas-cu12
2025-04-13T09:14:37.5731700Z  Downloaded nvidia-cudnn-cu12
2025-04-13T09:14:40.6168399Z  Downloaded torch
2025-04-13T09:14:42.0139084Z  Downloaded tensorflow
2025-04-13T09:14:42.0141465Z Prepared 162 packages in 33.76s
2025-04-13T09:14:42.6340555Z Installed 162 packages in 619ms
2025-04-13T09:14:42.6342224Z  + absl-py==2.2.2
2025-04-13T09:14:42.6342736Z  + anyio==4.9.0
2025-04-13T09:14:42.6343334Z  + argon2-cffi==23.1.0
2025-04-13T09:14:42.6343991Z  + argon2-cffi-bindings==21.2.0
2025-04-13T09:14:42.6344680Z  + arrow==1.3.0
2025-04-13T09:14:42.6345249Z  + asttokens==3.0.0
2025-04-13T09:14:42.6345847Z  + astunparse==1.6.3
2025-04-13T09:14:42.6346456Z  + async-lru==2.0.5
2025-04-13T09:14:42.6347014Z  + attrs==25.3.0
2025-04-13T09:14:42.6347579Z  + babel==2.17.0
2025-04-13T09:14:42.6348166Z  + beautifulsoup4==4.13.3
2025-04-13T09:14:42.6348797Z  + bleach==6.2.0
2025-04-13T09:14:42.6349381Z  + certifi==2025.1.31
2025-04-13T09:14:42.6349984Z  + cffi==1.17.1
2025-04-13T09:14:42.6350738Z  + charset-normalizer==3.4.1
2025-04-13T09:14:42.6351435Z  + comm==0.2.2
2025-04-13T09:14:42.6352016Z  + contourpy==1.3.1
2025-04-13T09:14:42.6352714Z  + cycler==0.12.1
2025-04-13T09:14:42.6353147Z  + debugpy==1.8.14
2025-04-13T09:14:42.6353518Z  + decorator==5.2.1
2025-04-13T09:14:42.6353904Z  + defusedxml==0.7.1
2025-04-13T09:14:42.6354297Z  + docutils==0.21.2
2025-04-13T09:14:42.6355905Z  + exceptiongroup==1.2.2
2025-04-13T09:14:42.6356284Z  + executing==2.2.0
2025-04-13T09:14:42.6356632Z  + fastjsonschema==2.21.1
2025-04-13T09:14:42.6356996Z  + filelock==3.18.0
2025-04-13T09:14:42.6357327Z  + flatbuffers==25.2.10
2025-04-13T09:14:42.6357858Z  + fonttools==4.57.0
2025-04-13T09:14:42.6358214Z  + fqdn==1.5.1
2025-04-13T09:14:42.6358524Z  + fsspec==2025.3.2
2025-04-13T09:14:42.6358841Z  + gast==0.6.0
2025-04-13T09:14:42.6359173Z  + google-pasta==0.2.0
2025-04-13T09:14:42.6359523Z  + grpcio==1.71.0
2025-04-13T09:14:42.6359831Z  + h11==0.14.0
2025-04-13T09:14:42.6360121Z  + h5py==3.13.0
2025-04-13T09:14:42.6360602Z  + html5lib==1.1
2025-04-13T09:14:42.6361190Z  + httpcore==1.0.8
2025-04-13T09:14:42.6361522Z  + httpx==0.28.1
2025-04-13T09:14:42.6361814Z  + idna==3.10
2025-04-13T09:14:42.6362096Z  + iniconfig==2.1.0
2025-04-13T09:14:42.6362414Z  + ipykernel==6.29.5
2025-04-13T09:14:42.6362715Z  + ipython==8.35.0
2025-04-13T09:14:42.6363014Z  + isoduration==20.11.0
2025-04-13T09:14:42.6363316Z  + jedi==0.19.2
2025-04-13T09:14:42.6363605Z  + jinja2==3.1.6
2025-04-13T09:14:42.6363881Z  + json5==0.12.0
2025-04-13T09:14:42.6364164Z  + jsonpointer==3.0.0
2025-04-13T09:14:42.6364486Z  + jsonschema==4.23.0
2025-04-13T09:14:42.6364891Z  + jsonschema-specifications==2024.10.1
2025-04-13T09:14:42.6365334Z  + jupyter-client==8.6.3
2025-04-13T09:14:42.6365710Z  + jupyter-core==5.7.2
2025-04-13T09:14:42.6366067Z  + jupyter-events==0.12.0
2025-04-13T09:14:42.6366432Z  + jupyter-lsp==2.2.5
2025-04-13T09:14:42.6366785Z  + jupyter-server==2.15.0
2025-04-13T09:14:42.6367175Z  + jupyter-server-terminals==0.5.3
2025-04-13T09:14:42.6367589Z  + jupyterlab==4.4.0
2025-04-13T09:14:42.6367978Z  + jupyterlab-pygments==0.3.0
2025-04-13T09:14:42.6368382Z  + jupyterlab-server==2.27.3
2025-04-13T09:14:42.6368751Z  + keras==3.9.2
2025-04-13T09:14:42.6369058Z  + kiwisolver==1.4.8
2025-04-13T09:14:42.6369380Z  + libclang==18.1.1
2025-04-13T09:14:42.6369990Z  + llms-from-scratch==1.0.6 (from file:///home/runner/work/LLMs-from-scratch/LLMs-from-scratch)
2025-04-13T09:14:42.6370956Z  + markdown==3.8
2025-04-13T09:14:42.6371293Z  + markdown-it-py==3.0.0
2025-04-13T09:14:42.6371693Z  + markupsafe==3.0.2
2025-04-13T09:14:42.6372122Z  + matplotlib==3.10.1
2025-04-13T09:14:42.6372473Z  + matplotlib-inline==0.1.7
2025-04-13T09:14:42.6372832Z  + mdurl==0.1.2
2025-04-13T09:14:42.6373138Z  + mistune==3.1.3
2025-04-13T09:14:42.6373466Z  + ml-dtypes==0.5.1
2025-04-13T09:14:42.6373784Z  + mpmath==1.3.0
2025-04-13T09:14:42.6374080Z  + namex==0.0.8
2025-04-13T09:14:42.6374389Z  + nbclient==0.10.2
2025-04-13T09:14:42.6374706Z  + nbconvert==7.16.6
2025-04-13T09:14:42.6375021Z  + nbformat==5.10.4
2025-04-13T09:14:42.6375345Z  + nest-asyncio==1.6.0
2025-04-13T09:14:42.6375683Z  + networkx==3.4.2
2025-04-13T09:14:42.6376124Z  + notebook-shim==0.2.4
2025-04-13T09:14:42.6376462Z  + numpy==2.0.2
2025-04-13T09:14:42.6376801Z  + nvidia-cublas-cu12==12.4.5.8
2025-04-13T09:14:42.6377200Z  + nvidia-cuda-cupti-cu12==12.4.127
2025-04-13T09:14:42.6377631Z  + nvidia-cuda-nvrtc-cu12==12.4.127
2025-04-13T09:14:42.6378067Z  + nvidia-cuda-runtime-cu12==12.4.127
2025-04-13T09:14:42.6378499Z  + nvidia-cudnn-cu12==9.1.0.70
2025-04-13T09:14:42.6378884Z  + nvidia-cufft-cu12==11.2.1.3
2025-04-13T09:14:42.6379265Z  + nvidia-curand-cu12==10.3.5.147
2025-04-13T09:14:42.6379674Z  + nvidia-cusolver-cu12==11.6.1.9
2025-04-13T09:14:42.6380110Z  + nvidia-cusparse-cu12==12.3.1.170
2025-04-13T09:14:42.6380740Z  + nvidia-cusparselt-cu12==0.6.2
2025-04-13T09:14:42.6381165Z  + nvidia-nccl-cu12==2.21.5
2025-04-13T09:14:42.6381573Z  + nvidia-nvjitlink-cu12==12.4.127
2025-04-13T09:14:42.6382013Z  + nvidia-nvtx-cu12==12.4.127
2025-04-13T09:14:42.6382432Z  + opt-einsum==3.4.0
2025-04-13T09:14:42.6382793Z  + optree==0.15.0
2025-04-13T09:14:42.6383413Z  + overrides==7.7.0
2025-04-13T09:14:42.6383744Z  + packaging==24.2
2025-04-13T09:14:42.6384072Z  + pandas==2.2.3
2025-04-13T09:14:42.6384402Z  + pandocfilters==1.5.1
2025-04-13T09:14:42.6384750Z  + parso==0.8.4
2025-04-13T09:14:42.6385065Z  + pexpect==4.9.0
2025-04-13T09:14:42.6385370Z  + pillow==11.2.1
2025-04-13T09:14:42.6385680Z  + pip==25.0.1
2025-04-13T09:14:42.6385996Z  + platformdirs==4.3.7
2025-04-13T09:14:42.6386317Z  + pluggy==1.5.0
2025-04-13T09:14:42.6386528Z  + prometheus-client==0.21.1
2025-04-13T09:14:42.6386772Z  + prompt-toolkit==3.0.50
2025-04-13T09:14:42.6386998Z  + protobuf==5.29.4
2025-04-13T09:14:42.6387200Z  + psutil==7.0.0
2025-04-13T09:14:42.6387401Z  + ptyprocess==0.7.0
2025-04-13T09:14:42.6387599Z  + pure-eval==0.2.3
2025-04-13T09:14:42.6387786Z  + pycparser==2.22
2025-04-13T09:14:42.6387978Z  + pygments==2.19.1
2025-04-13T09:14:42.6388165Z  + pyparsing==3.2.3
2025-04-13T09:14:42.6388484Z  + pytest==8.3.5
2025-04-13T09:14:42.6388693Z  + pytest-check-links==0.10.1
2025-04-13T09:14:42.6388936Z  + pytest-ruff==0.4.1
2025-04-13T09:14:42.6389148Z  + python-dateutil==2.9.0.post0
2025-04-13T09:14:42.6389390Z  + python-json-logger==3.3.0
2025-04-13T09:14:42.6389606Z  + pytz==2025.2
2025-04-13T09:14:42.6389786Z  + pyyaml==6.0.2
2025-04-13T09:14:42.6389960Z  + pyzmq==26.4.0
2025-04-13T09:14:42.6390763Z  + referencing==0.36.2
2025-04-13T09:14:42.6391146Z  + regex==2024.11.6
2025-04-13T09:14:42.6391503Z  + requests==2.32.3
2025-04-13T09:14:42.6391802Z  + rfc3339-validator==0.1.4
2025-04-13T09:14:42.6392031Z  + rfc3986-validator==0.1.1
2025-04-13T09:14:42.6392240Z  + rich==14.0.0
2025-04-13T09:14:42.6392427Z  + rpds-py==0.24.0
2025-04-13T09:14:42.6392613Z  + ruff==0.11.5
2025-04-13T09:14:42.6392792Z  + send2trash==1.8.3
2025-04-13T09:14:42.6392989Z  + setuptools==78.1.0
2025-04-13T09:14:42.6393196Z  + six==1.17.0
2025-04-13T09:14:42.6393378Z  + sniffio==1.3.1
2025-04-13T09:14:42.6393575Z  + soupsieve==2.6
2025-04-13T09:14:42.6393766Z  + stack-data==0.6.3
2025-04-13T09:14:42.6393956Z  + sympy==1.13.1
2025-04-13T09:14:42.6394145Z  + tensorboard==2.19.0
2025-04-13T09:14:42.6394363Z  + tensorboard-data-server==0.7.2
2025-04-13T09:14:42.6394604Z  + tensorflow==2.19.0
2025-04-13T09:14:42.6394827Z  + tensorflow-io-gcs-filesystem==0.37.1
2025-04-13T09:14:42.6395078Z  + termcolor==3.0.1
2025-04-13T09:14:42.6395273Z  + terminado==0.18.1
2025-04-13T09:14:42.6395463Z  + tiktoken==0.9.0
2025-04-13T09:14:42.6395649Z  + tinycss2==1.4.0
2025-04-13T09:14:42.6395823Z  + tomli==2.2.1
2025-04-13T09:14:42.6396003Z  + torch==2.6.0
2025-04-13T09:14:42.6396182Z  + tornado==6.4.2
2025-04-13T09:14:42.6396363Z  + tqdm==4.67.1
2025-04-13T09:14:42.6396544Z  + traitlets==5.14.3
2025-04-13T09:14:42.6396727Z  + triton==3.2.0
2025-04-13T09:14:42.6396939Z  + types-python-dateutil==2.9.0.20241206
2025-04-13T09:14:42.6397205Z  + typing-extensions==4.13.2
2025-04-13T09:14:42.6397428Z  + tzdata==2025.2
2025-04-13T09:14:42.6397624Z  + uri-template==1.3.0
2025-04-13T09:14:42.6397813Z  + urllib3==2.4.0
2025-04-13T09:14:42.6398004Z  + wcwidth==0.2.13
2025-04-13T09:14:42.6398193Z  + webcolors==24.11.1
2025-04-13T09:14:42.6398395Z  + webencodings==0.5.1
2025-04-13T09:14:42.6398605Z  + websocket-client==1.8.0
2025-04-13T09:14:42.6398808Z  + werkzeug==3.1.3
2025-04-13T09:14:42.6398989Z  + wheel==0.45.1
2025-04-13T09:14:42.6399167Z  + wrapt==1.17.2
2025-04-13T09:14:42.6551425Z ##[group]Run source .venv/bin/activate
2025-04-13T09:14:42.6551802Z [36;1msource .venv/bin/activate[0m
2025-04-13T09:14:42.6552112Z [36;1mpytest --ruff --check-links ./ \[0m
2025-04-13T09:14:42.6552627Z [36;1m  --check-links-ignore "https://platform.openai.com/*" \[0m
2025-04-13T09:14:42.6553063Z [36;1m  --check-links-ignore "https://openai.com/*" \[0m
2025-04-13T09:14:42.6553461Z [36;1m  --check-links-ignore "https://arena.lmsys.org" \[0m
2025-04-13T09:14:42.6553894Z [36;1m  --check-links-ignore "https://unsloth.ai/blog/gradient" \[0m
2025-04-13T09:14:42.6554314Z [36;1m  --check-links-ignore "https://www.reddit.com/r/*" \[0m
2025-04-13T09:14:42.6554907Z [36;1m  --check-links-ignore "https://code.visualstudio.com/*" \[0m
2025-04-13T09:14:42.6555307Z [36;1m  --check-links-ignore "https://arxiv.org/*" \[0m
2025-04-13T09:14:42.6555748Z [36;1m  --check-links-ignore "https://ai.stanford.edu/~amaas/data/sentiment/" \[0m
2025-04-13T09:14:42.6556231Z [36;1m  --check-links-ignore "https://x.com/*" \[0m
2025-04-13T09:14:42.6556599Z [36;1m  --check-links-ignore "https://scholar.google.com/*"[0m
2025-04-13T09:14:42.6607276Z shell: /usr/bin/bash -e {0}
2025-04-13T09:14:42.6607540Z env:
2025-04-13T09:14:42.6607826Z   pythonLocation: /opt/hostedtoolcache/Python/3.10.16/x64
2025-04-13T09:14:42.6608298Z   PKG_CONFIG_PATH: /opt/hostedtoolcache/Python/3.10.16/x64/lib/pkgconfig
2025-04-13T09:14:42.6608755Z   Python_ROOT_DIR: /opt/hostedtoolcache/Python/3.10.16/x64
2025-04-13T09:14:42.6609164Z   Python2_ROOT_DIR: /opt/hostedtoolcache/Python/3.10.16/x64
2025-04-13T09:14:42.6609575Z   Python3_ROOT_DIR: /opt/hostedtoolcache/Python/3.10.16/x64
2025-04-13T09:14:42.6609993Z   LD_LIBRARY_PATH: /opt/hostedtoolcache/Python/3.10.16/x64/lib
2025-04-13T09:14:42.6610516Z ##[endgroup]
2025-04-13T09:14:52.5445941Z ============================= test session starts ==============================
2025-04-13T09:14:52.5446665Z platform linux -- Python 3.10.16, pytest-8.3.5, pluggy-1.5.0
2025-04-13T09:14:52.5447285Z rootdir: /home/runner/work/LLMs-from-scratch/LLMs-from-scratch
2025-04-13T09:14:52.5447823Z configfile: pyproject.toml
2025-04-13T09:14:52.5448255Z plugins: ruff-0.4.1, anyio-4.9.0, pytest_check_links-0.10.1
2025-04-13T09:14:52.5448773Z collected 1004 items / 1 error
2025-04-13T09:14:52.5449022Z 
2025-04-13T09:14:52.5449205Z ==================================== ERRORS ====================================
2025-04-13T09:14:52.5449848Z _____ ERROR collecting ch05/01_main-chapter-code/exercise-solutions.ipynb ______
2025-04-13T09:14:52.5450930Z .venv/lib/python3.10/site-packages/nbformat/__init__.py:169: in read
2025-04-13T09:14:52.5451471Z     buf = fp.read()
2025-04-13T09:14:52.5451924Z E   AttributeError: 'str' object has no attribute 'read'
2025-04-13T09:14:52.5452267Z 
2025-04-13T09:14:52.5452547Z During handling of the above exception, another exception occurred:
2025-04-13T09:14:52.5453242Z .venv/lib/python3.10/site-packages/nbformat/reader.py:19: in parse_json
2025-04-13T09:14:52.5453867Z     nb_dict = json.loads(s, **kwargs)
2025-04-13T09:14:52.5454501Z /opt/hostedtoolcache/Python/3.10.16/x64/lib/python3.10/json/__init__.py:346: in loads
2025-04-13T09:14:52.5455179Z     return _default_decoder.decode(s)
2025-04-13T09:14:52.5455811Z /opt/hostedtoolcache/Python/3.10.16/x64/lib/python3.10/json/decoder.py:337: in decode
2025-04-13T09:14:52.5456511Z     obj, end = self.raw_decode(s, idx=_w(s, 0).end())
2025-04-13T09:14:52.5457219Z /opt/hostedtoolcache/Python/3.10.16/x64/lib/python3.10/json/decoder.py:353: in raw_decode
2025-04-13T09:14:52.5457891Z     obj, end = self.scan_once(s, idx)
2025-04-13T09:14:52.5458519Z E   json.decoder.JSONDecodeError: Expecting ',' delimiter: line 272 column 5 (char 8182)
2025-04-13T09:14:52.5459068Z 
2025-04-13T09:14:52.5459348Z The above exception was the direct cause of the following exception:
2025-04-13T09:14:52.5460111Z .venv/lib/python3.10/site-packages/pytest_check_links/plugin.py:206: in collect
2025-04-13T09:14:52.5461300Z     for item in self._items_from_notebook():
2025-04-13T09:14:52.5462036Z .venv/lib/python3.10/site-packages/pytest_check_links/plugin.py:183: in _items_from_notebook
2025-04-13T09:14:52.5462894Z     nb = nbformat.read(str(self.path), as_version=4)  # type:ignore[no-untyped-call]
2025-04-13T09:14:52.5463634Z .venv/lib/python3.10/site-packages/nbformat/__init__.py:172: in read
2025-04-13T09:14:52.5464327Z     return reads(f.read(), as_version, capture_validation_error, **kwargs)
2025-04-13T09:14:52.5465080Z .venv/lib/python3.10/site-packages/nbformat/__init__.py:92: in reads
2025-04-13T09:14:52.5465676Z     nb = reader.reads(s, **kwargs)
2025-04-13T09:14:52.5466233Z .venv/lib/python3.10/site-packages/nbformat/reader.py:75: in reads
2025-04-13T09:14:52.5467021Z     nb_dict = parse_json(s, **kwargs)
2025-04-13T09:14:52.5467572Z .venv/lib/python3.10/site-packages/nbformat/reader.py:25: in parse_json
2025-04-13T09:14:52.5468162Z     raise NotJSONError(message) from e
2025-04-13T09:14:52.5468907Z E   nbformat.reader.NotJSONError: Notebook does not appear to be JSON: '{\n "cells": [\n  {\n   "cell_type": "m...
2025-04-13T09:14:52.5469695Z =============================== warnings summary ===============================
2025-04-13T09:14:52.5470437Z .venv/lib/python3.10/site-packages/jupyter_client/connect.py:22
2025-04-13T09:14:52.5471816Z   /home/runner/work/LLMs-from-scratch/LLMs-from-scratch/.venv/lib/python3.10/site-packages/jupyter_client/connect.py:22: DeprecationWarning: Jupyter is migrating its paths to use standard platformdirs
2025-04-13T09:14:52.5473203Z   given by the platformdirs library.  To remove this warning and
2025-04-13T09:14:52.5473863Z   see the appropriate new directories, set the environment variable
2025-04-13T09:14:52.5474488Z   `JUPYTER_PLATFORM_DIRS=1` and then run `jupyter --paths`.
2025-04-13T09:14:52.5475091Z   The use of platformdirs will be the default in `jupyter_core` v6
2025-04-13T09:14:52.5475777Z     from jupyter_core.paths import jupyter_data_dir, jupyter_runtime_dir, secure_write
2025-04-13T09:14:52.5476242Z 
2025-04-13T09:14:52.5476553Z -- Docs: https://docs.pytest.org/en/stable/how-to/capture-warnings.html
2025-04-13T09:14:52.5477198Z =========================== short test summary info ============================
2025-04-13T09:14:52.5478303Z ERROR ch05/01_main-chapter-code/exercise-solutions.ipynb - nbformat.reader.NotJSONError: Notebook does not appear to be JSON: '{\n "cells": [\n  {\n   "cell_type": "m...
2025-04-13T09:14:52.5479425Z !!!!!!!!!!!!!!!!!!!! Interrupted: 1 error during collection !!!!!!!!!!!!!!!!!!!!
2025-04-13T09:14:52.5479966Z ========================= 1 warning, 1 error in 9.03s ==========================
2025-04-13T09:14:53.0374680Z ##[error]Process completed with exit code 2.
2025-04-13T09:14:53.0473119Z Post job cleanup.
2025-04-13T09:14:53.1409371Z [command]/usr/bin/git version
2025-04-13T09:14:53.1446168Z git version 2.49.0
2025-04-13T09:14:53.1494654Z Temporarily overriding HOME='/home/runner/work/_temp/ba5b7e24-407b-490a-bbe8-b43490823855' before making global git config changes
2025-04-13T09:14:53.1496003Z Adding repository directory to the temporary git global config as a safe directory
2025-04-13T09:14:53.1499878Z [command]/usr/bin/git config --global --add safe.directory /home/runner/work/LLMs-from-scratch/LLMs-from-scratch
2025-04-13T09:14:53.1533536Z [command]/usr/bin/git config --local --name-only --get-regexp core\.sshCommand
2025-04-13T09:14:53.1565694Z [command]/usr/bin/git submodule foreach --recursive sh -c "git config --local --name-only --get-regexp 'core\.sshCommand' && git config --local --unset-all 'core.sshCommand' || :"
2025-04-13T09:14:53.1797687Z [command]/usr/bin/git config --local --name-only --get-regexp http\.https\:\/\/github\.com\/\.extraheader
2025-04-13T09:14:53.1818337Z http.https://github.com/.extraheader
2025-04-13T09:14:53.1830642Z [command]/usr/bin/git config --local --unset-all http.https://github.com/.extraheader
2025-04-13T09:14:53.1860919Z [command]/usr/bin/git submodule foreach --recursive sh -c "git config --local --name-only --get-regexp 'http\.https\:\/\/github\.com\/\.extraheader' && git config --local --unset-all 'http.https://github.com/.extraheader' || :"
2025-04-13T09:14:53.2201904Z Cleaning up orphan processes
